PARTITION: Nvidia_A800
HOST: gpu[11-14]
GPU_NUM: 32
MASTER_ADDR: feng-wang-qcsleep2-worker-0
MASTER_PORT: 15449
+ mpirun --allow-run-as-root --prefix /usr/local/bin/../ -x MASTER_ADDR -x MASTER_PORT -x LD_LIBRARY_PATH -x PATH -x TRACE_NAME -x NCCL_DEBUG -x NCCL_NET_GDR_LEVEL -x NCCL_DEBUG_SUBSYS -x NCCL_IB_DISABLE -x NCCL_SOCKET_IFNAME -x NCCL_IB_GID_INDEX --map-by ppr:4:numa --bind-to core --report-bindings -np 16 --host feng-wang-qcsleep2-worker-0:8,feng-wang-qcsleep2-worker-1:8 python coll_comm_bench.py --output './prof_data/coll_comm_bench_32_gpu[11-14].json'
[feng-wang-qcsleep2-worker-0:37059] Warning: could not find environment variable "LD_LIBRARY_PATH"
[feng-wang-qcsleep2-worker-0:37059] Warning: could not find environment variable "TRACE_NAME"
[feng-wang-qcsleep2-worker-0:37059] MCW rank 1 bound to socket 0[core 1[hwt 0-1]]: [../BB/../../../../../../../../../../../../../../../../../../../../../../../../../../../../../..][../../../../../../../../../../../../../../../../../../../../../../../../../../../../../../../..]
[feng-wang-qcsleep2-worker-0:37059] MCW rank 2 bound to socket 0[core 2[hwt 0-1]]: [../../BB/../../../../../../../../../../../../../../../../../../../../../../../../../../../../..][../../../../../../../../../../../../../../../../../../../../../../../../../../../../../../../..]
[feng-wang-qcsleep2-worker-0:37059] MCW rank 3 bound to socket 0[core 3[hwt 0-1]]: [../../../BB/../../../../../../../../../../../../../../../../../../../../../../../../../../../..][../../../../../../../../../../../../../../../../../../../../../../../../../../../../../../../..]
[feng-wang-qcsleep2-worker-0:37059] MCW rank 4 bound to socket 1[core 32[hwt 0-1]]: [../../../../../../../../../../../../../../../../../../../../../../../../../../../../../../../..][BB/../../../../../../../../../../../../../../../../../../../../../../../../../../../../../../..]
[feng-wang-qcsleep2-worker-0:37059] MCW rank 5 bound to socket 1[core 33[hwt 0-1]]: [../../../../../../../../../../../../../../../../../../../../../../../../../../../../../../../..][../BB/../../../../../../../../../../../../../../../../../../../../../../../../../../../../../..]
[feng-wang-qcsleep2-worker-0:37059] MCW rank 6 bound to socket 1[core 34[hwt 0-1]]: [../../../../../../../../../../../../../../../../../../../../../../../../../../../../../../../..][../../BB/../../../../../../../../../../../../../../../../../../../../../../../../../../../../..]
[feng-wang-qcsleep2-worker-0:37059] MCW rank 7 bound to socket 1[core 35[hwt 0-1]]: [../../../../../../../../../../../../../../../../../../../../../../../../../../../../../../../..][../../../BB/../../../../../../../../../../../../../../../../../../../../../../../../../../../..]
[feng-wang-qcsleep2-worker-0:37059] MCW rank 0 bound to socket 0[core 0[hwt 0-1]]: [BB/../../../../../../../../../../../../../../../../../../../../../../../../../../../../../../..][../../../../../../../../../../../../../../../../../../../../../../../../../../../../../../../..]
[feng-wang-qcsleep2-worker-1:05383] MCW rank 8 bound to socket 0[core 0[hwt 0-1]]: [BB/../../../../../../../../../../../../../../../../../../../../../../../../../../../../../../..][../../../../../../../../../../../../../../../../../../../../../../../../../../../../../../../..]
[feng-wang-qcsleep2-worker-1:05383] MCW rank 9 bound to socket 0[core 1[hwt 0-1]]: [../BB/../../../../../../../../../../../../../../../../../../../../../../../../../../../../../..][../../../../../../../../../../../../../../../../../../../../../../../../../../../../../../../..]
[feng-wang-qcsleep2-worker-1:05383] MCW rank 10 bound to socket 0[core 2[hwt 0-1]]: [../../BB/../../../../../../../../../../../../../../../../../../../../../../../../../../../../..][../../../../../../../../../../../../../../../../../../../../../../../../../../../../../../../..]
[feng-wang-qcsleep2-worker-1:05383] MCW rank 11 bound to socket 0[core 3[hwt 0-1]]: [../../../BB/../../../../../../../../../../../../../../../../../../../../../../../../../../../..][../../../../../../../../../../../../../../../../../../../../../../../../../../../../../../../..]
[feng-wang-qcsleep2-worker-1:05383] MCW rank 12 bound to socket 1[core 32[hwt 0-1]]: [../../../../../../../../../../../../../../../../../../../../../../../../../../../../../../../..][BB/../../../../../../../../../../../../../../../../../../../../../../../../../../../../../../..]
[feng-wang-qcsleep2-worker-1:05383] MCW rank 13 bound to socket 1[core 33[hwt 0-1]]: [../../../../../../../../../../../../../../../../../../../../../../../../../../../../../../../..][../BB/../../../../../../../../../../../../../../../../../../../../../../../../../../../../../..]
[feng-wang-qcsleep2-worker-1:05383] MCW rank 14 bound to socket 1[core 34[hwt 0-1]]: [../../../../../../../../../../../../../../../../../../../../../../../../../../../../../../../..][../../BB/../../../../../../../../../../../../../../../../../../../../../../../../../../../../..]
[feng-wang-qcsleep2-worker-1:05383] MCW rank 15 bound to socket 1[core 35[hwt 0-1]]: [../../../../../../../../../../../../../../../../../../../../../../../../../../../../../../../..][../../../BB/../../../../../../../../../../../../../../../../../../../../../../../../../../../..]
NCCL version 2.18.1+cuda12.1
[INFO]: Cluster init done !!!
COLL_COMM: allgather
msg_size: 16 MB, t_d: 0.0103 s, t_d/r: 0.0034, tput: 78.218 GB/s, busbw: 73.33 GB/s
msg_size: 64 MB, t_d: 0.0371 s, t_d/r: 0.0124, tput: 86.832 GB/s, busbw: 81.405 GB/s
msg_size: 256 MB, t_d: 0.1423 s, t_d/r: 0.0474, tput: 90.524 GB/s, busbw: 84.866 GB/s
msg_size: 1 GB, t_d: 0.5618 s, t_d/r: 0.1873, tput: 91.739 GB/s, busbw: 86.005 GB/s
COLL_COMM: reducescatter
msg_size: 16 MB, t_d: 0.0102 s, t_d/r: 0.0034, tput: 78.72 GB/s, busbw: 73.8 GB/s
msg_size: 64 MB, t_d: 0.037 s, t_d/r: 0.0123, tput: 87.097 GB/s, busbw: 81.654 GB/s
msg_size: 256 MB, t_d: 0.1457 s, t_d/r: 0.0486, tput: 88.457 GB/s, busbw: 82.929 GB/s
msg_size: 1 GB, t_d: 0.585 s, t_d/r: 0.195, tput: 88.102 GB/s, busbw: 82.596 GB/s
COLL_COMM: allreduce
msg_size: 16 MB, t_d: 0.0169 s, t_d/r: 0.0056, tput: 95.506 GB/s, busbw: 89.537 GB/s
msg_size: 64 MB, t_d: 0.0635 s, t_d/r: 0.0212, tput: 101.407 GB/s, busbw: 95.069 GB/s
msg_size: 256 MB, t_d: 0.2682 s, t_d/r: 0.0894, tput: 96.097 GB/s, busbw: 90.091 GB/s
msg_size: 1 GB, t_d: 1.0343 s, t_d/r: 0.3448, tput: 99.665 GB/s, busbw: 93.436 GB/s
+ set +x
