PARTITION: Nvidia_A800
HOST: gpu[11-14]
GPU_NUM: 32
MASTER_ADDR: feng-wang-qcsleep2-worker-0
MASTER_PORT: 20315
+ mpirun --allow-run-as-root --prefix /usr/local/bin/../ -x MASTER_ADDR -x MASTER_PORT -x LD_LIBRARY_PATH -x PATH -x TRACE_NAME -x NCCL_DEBUG -x NCCL_NET_GDR_LEVEL -x NCCL_DEBUG_SUBSYS -x NCCL_IB_DISABLE -x NCCL_SOCKET_IFNAME -x NCCL_IB_GID_INDEX --map-by ppr:4:numa --bind-to core --report-bindings -np 32 --host feng-wang-qcsleep2-worker-0:8,feng-wang-qcsleep2-worker-1:8,feng-wang-qcsleep2-worker-2:8,feng-wang-qcsleep2-worker-3:8 python coll_comm_bench.py --output './prof_data/coll_comm_bench_32_gpu[11-14].json'
[feng-wang-qcsleep2-worker-0:37762] Warning: could not find environment variable "LD_LIBRARY_PATH"
[feng-wang-qcsleep2-worker-0:37762] Warning: could not find environment variable "TRACE_NAME"
[feng-wang-qcsleep2-worker-0:37762] MCW rank 2 bound to socket 0[core 2[hwt 0-1]]: [../../BB/../../../../../../../../../../../../../../../../../../../../../../../../../../../../..][../../../../../../../../../../../../../../../../../../../../../../../../../../../../../../../..]
[feng-wang-qcsleep2-worker-0:37762] MCW rank 3 bound to socket 0[core 3[hwt 0-1]]: [../../../BB/../../../../../../../../../../../../../../../../../../../../../../../../../../../..][../../../../../../../../../../../../../../../../../../../../../../../../../../../../../../../..]
[feng-wang-qcsleep2-worker-0:37762] MCW rank 4 bound to socket 1[core 32[hwt 0-1]]: [../../../../../../../../../../../../../../../../../../../../../../../../../../../../../../../..][BB/../../../../../../../../../../../../../../../../../../../../../../../../../../../../../../..]
[feng-wang-qcsleep2-worker-0:37762] MCW rank 5 bound to socket 1[core 33[hwt 0-1]]: [../../../../../../../../../../../../../../../../../../../../../../../../../../../../../../../..][../BB/../../../../../../../../../../../../../../../../../../../../../../../../../../../../../..]
[feng-wang-qcsleep2-worker-0:37762] MCW rank 6 bound to socket 1[core 34[hwt 0-1]]: [../../../../../../../../../../../../../../../../../../../../../../../../../../../../../../../..][../../BB/../../../../../../../../../../../../../../../../../../../../../../../../../../../../..]
[feng-wang-qcsleep2-worker-0:37762] MCW rank 7 bound to socket 1[core 35[hwt 0-1]]: [../../../../../../../../../../../../../../../../../../../../../../../../../../../../../../../..][../../../BB/../../../../../../../../../../../../../../../../../../../../../../../../../../../..]
[feng-wang-qcsleep2-worker-0:37762] MCW rank 0 bound to socket 0[core 0[hwt 0-1]]: [BB/../../../../../../../../../../../../../../../../../../../../../../../../../../../../../../..][../../../../../../../../../../../../../../../../../../../../../../../../../../../../../../../..]
[feng-wang-qcsleep2-worker-0:37762] MCW rank 1 bound to socket 0[core 1[hwt 0-1]]: [../BB/../../../../../../../../../../../../../../../../../../../../../../../../../../../../../..][../../../../../../../../../../../../../../../../../../../../../../../../../../../../../../../..]
[feng-wang-qcsleep2-worker-3:32925] MCW rank 25 bound to socket 0[core 1[hwt 0-1]]: [../BB/../../../../../../../../../../../../../../../../../../../../../../../../../../../../../..][../../../../../../../../../../../../../../../../../../../../../../../../../../../../../../../..]
[feng-wang-qcsleep2-worker-3:32925] MCW rank 26 bound to socket 0[core 2[hwt 0-1]]: [../../BB/../../../../../../../../../../../../../../../../../../../../../../../../../../../../..][../../../../../../../../../../../../../../../../../../../../../../../../../../../../../../../..]
[feng-wang-qcsleep2-worker-3:32925] MCW rank 27 bound to socket 0[core 3[hwt 0-1]]: [../../../BB/../../../../../../../../../../../../../../../../../../../../../../../../../../../..][../../../../../../../../../../../../../../../../../../../../../../../../../../../../../../../..]
[feng-wang-qcsleep2-worker-3:32925] MCW rank 28 bound to socket 1[core 32[hwt 0-1]]: [../../../../../../../../../../../../../../../../../../../../../../../../../../../../../../../..][BB/../../../../../../../../../../../../../../../../../../../../../../../../../../../../../../..]
[feng-wang-qcsleep2-worker-3:32925] MCW rank 29 bound to socket 1[core 33[hwt 0-1]]: [../../../../../../../../../../../../../../../../../../../../../../../../../../../../../../../..][../BB/../../../../../../../../../../../../../../../../../../../../../../../../../../../../../..]
[feng-wang-qcsleep2-worker-3:32925] MCW rank 30 bound to socket 1[core 34[hwt 0-1]]: [../../../../../../../../../../../../../../../../../../../../../../../../../../../../../../../..][../../BB/../../../../../../../../../../../../../../../../../../../../../../../../../../../../..]
[feng-wang-qcsleep2-worker-3:32925] MCW rank 31 bound to socket 1[core 35[hwt 0-1]]: [../../../../../../../../../../../../../../../../../../../../../../../../../../../../../../../..][../../../BB/../../../../../../../../../../../../../../../../../../../../../../../../../../../..]
[feng-wang-qcsleep2-worker-3:32925] MCW rank 24 bound to socket 0[core 0[hwt 0-1]]: [BB/../../../../../../../../../../../../../../../../../../../../../../../../../../../../../../..][../../../../../../../../../../../../../../../../../../../../../../../../../../../../../../../..]
[feng-wang-qcsleep2-worker-2:33475] MCW rank 18 bound to socket 0[core 2[hwt 0-1]]: [../../BB/../../../../../../../../../../../../../../../../../../../../../../../../../../../../..][../../../../../../../../../../../../../../../../../../../../../../../../../../../../../../../..]
[feng-wang-qcsleep2-worker-2:33475] MCW rank 19 bound to socket 0[core 3[hwt 0-1]]: [../../../BB/../../../../../../../../../../../../../../../../../../../../../../../../../../../..][../../../../../../../../../../../../../../../../../../../../../../../../../../../../../../../..]
[feng-wang-qcsleep2-worker-2:33475] MCW rank 20 bound to socket 1[core 32[hwt 0-1]]: [../../../../../../../../../../../../../../../../../../../../../../../../../../../../../../../..][BB/../../../../../../../../../../../../../../../../../../../../../../../../../../../../../../..]
[feng-wang-qcsleep2-worker-2:33475] MCW rank 21 bound to socket 1[core 33[hwt 0-1]]: [../../../../../../../../../../../../../../../../../../../../../../../../../../../../../../../..][../BB/../../../../../../../../../../../../../../../../../../../../../../../../../../../../../..]
[feng-wang-qcsleep2-worker-2:33475] MCW rank 22 bound to socket 1[core 34[hwt 0-1]]: [../../../../../../../../../../../../../../../../../../../../../../../../../../../../../../../..][../../BB/../../../../../../../../../../../../../../../../../../../../../../../../../../../../..]
[feng-wang-qcsleep2-worker-2:33475] MCW rank 23 bound to socket 1[core 35[hwt 0-1]]: [../../../../../../../../../../../../../../../../../../../../../../../../../../../../../../../..][../../../BB/../../../../../../../../../../../../../../../../../../../../../../../../../../../..]
[feng-wang-qcsleep2-worker-2:33475] MCW rank 16 bound to socket 0[core 0[hwt 0-1]]: [BB/../../../../../../../../../../../../../../../../../../../../../../../../../../../../../../..][../../../../../../../../../../../../../../../../../../../../../../../../../../../../../../../..]
[feng-wang-qcsleep2-worker-2:33475] MCW rank 17 bound to socket 0[core 1[hwt 0-1]]: [../BB/../../../../../../../../../../../../../../../../../../../../../../../../../../../../../..][../../../../../../../../../../../../../../../../../../../../../../../../../../../../../../../..]
[feng-wang-qcsleep2-worker-1:05605] MCW rank 14 bound to socket 1[core 34[hwt 0-1]]: [../../../../../../../../../../../../../../../../../../../../../../../../../../../../../../../..][../../BB/../../../../../../../../../../../../../../../../../../../../../../../../../../../../..]
[feng-wang-qcsleep2-worker-1:05605] MCW rank 15 bound to socket 1[core 35[hwt 0-1]]: [../../../../../../../../../../../../../../../../../../../../../../../../../../../../../../../..][../../../BB/../../../../../../../../../../../../../../../../../../../../../../../../../../../..]
[feng-wang-qcsleep2-worker-1:05605] MCW rank 8 bound to socket 0[core 0[hwt 0-1]]: [BB/../../../../../../../../../../../../../../../../../../../../../../../../../../../../../../..][../../../../../../../../../../../../../../../../../../../../../../../../../../../../../../../..]
[feng-wang-qcsleep2-worker-1:05605] MCW rank 9 bound to socket 0[core 1[hwt 0-1]]: [../BB/../../../../../../../../../../../../../../../../../../../../../../../../../../../../../..][../../../../../../../../../../../../../../../../../../../../../../../../../../../../../../../..]
[feng-wang-qcsleep2-worker-1:05605] MCW rank 10 bound to socket 0[core 2[hwt 0-1]]: [../../BB/../../../../../../../../../../../../../../../../../../../../../../../../../../../../..][../../../../../../../../../../../../../../../../../../../../../../../../../../../../../../../..]
[feng-wang-qcsleep2-worker-1:05605] MCW rank 11 bound to socket 0[core 3[hwt 0-1]]: [../../../BB/../../../../../../../../../../../../../../../../../../../../../../../../../../../..][../../../../../../../../../../../../../../../../../../../../../../../../../../../../../../../..]
[feng-wang-qcsleep2-worker-1:05605] MCW rank 12 bound to socket 1[core 32[hwt 0-1]]: [../../../../../../../../../../../../../../../../../../../../../../../../../../../../../../../..][BB/../../../../../../../../../../../../../../../../../../../../../../../../../../../../../../..]
[feng-wang-qcsleep2-worker-1:05605] MCW rank 13 bound to socket 1[core 33[hwt 0-1]]: [../../../../../../../../../../../../../../../../../../../../../../../../../../../../../../../..][../BB/../../../../../../../../../../../../../../../../../../../../../../../../../../../../../..]
NCCL version 2.18.1+cuda12.1
[INFO]: Cluster init done !!!
COLL_COMM: allgather
msg_size: 16 MB, t_d: 0.0202 s, t_d/r: 0.0067, tput: 79.693 GB/s, busbw: 77.202 GB/s
msg_size: 64 MB, t_d: 0.0817 s, t_d/r: 0.0272, tput: 78.863 GB/s, busbw: 76.398 GB/s
msg_size: 256 MB, t_d: 0.3014 s, t_d/r: 0.1005, tput: 85.507 GB/s, busbw: 82.835 GB/s
msg_size: 1 GB, t_d: 1.2218 s, t_d/r: 0.4073, tput: 84.365 GB/s, busbw: 81.729 GB/s
COLL_COMM: reducescatter
msg_size: 16 MB, t_d: 0.0207 s, t_d/r: 0.0069, tput: 77.901 GB/s, busbw: 75.466 GB/s
msg_size: 64 MB, t_d: 0.0743 s, t_d/r: 0.0248, tput: 86.655 GB/s, busbw: 83.947 GB/s
msg_size: 256 MB, t_d: 0.3073 s, t_d/r: 0.1024, tput: 83.848 GB/s, busbw: 81.228 GB/s
msg_size: 1 GB, t_d: 1.2223 s, t_d/r: 0.4074, tput: 84.335 GB/s, busbw: 81.7 GB/s
COLL_COMM: allreduce
msg_size: 16 MB, t_d: 0.0338 s, t_d/r: 0.0113, tput: 95.431 GB/s, busbw: 92.449 GB/s
msg_size: 64 MB, t_d: 0.1441 s, t_d/r: 0.048, tput: 89.429 GB/s, busbw: 86.634 GB/s
msg_size: 256 MB, t_d: 0.5397 s, t_d/r: 0.1799, tput: 95.505 GB/s, busbw: 92.521 GB/s
msg_size: 1 GB, t_d: 2.1123 s, t_d/r: 0.7041, tput: 97.597 GB/s, busbw: 94.547 GB/s
+ set +x
