make -C csrc clean
make[1]: Entering directory '/home/yhy/fold/comm_test/csrc'
rm -f `ls *.o | grep -v jsoncpp.o`
rm -f all2all_test net_test net_test_cuda conflict_test_cuda net_test_mpi conflict_allinone net_test_cpu nccl_test cpu2gpu \
   benchmark_p2p ring_patterns all2all_baseline single_turn mixed_p2p netflow all2allv_MPI
make[1]: Leaving directory '/home/yhy/fold/comm_test/csrc'
make -C csrc all2allv_MPI
make[1]: Entering directory '/home/yhy/fold/comm_test/csrc'
nvcc all2allv_MPI.cu -std=c++11 -Xcompiler -fopenmp -I/home/yhy/.local/nccl/build/include -L/home/yhy/.local/nccl/build/lib/ "-gencode=arch=compute_70,code=sm_70" -lnccl -lcudart -c -o all2allv_MPI.o
nvcc comm.cu -std=c++11 -Xcompiler -fopenmp -I/home/yhy/.local/nccl/build/include -L/home/yhy/.local/nccl/build/lib/ "-gencode=arch=compute_70,code=sm_70" -lnccl -lcudart -c -o comm.o
nvcc utils.cu -std=c++11 -Xcompiler -fopenmp -I/home/yhy/.local/nccl/build/include -L/home/yhy/.local/nccl/build/lib/ "-gencode=arch=compute_70,code=sm_70" -lnccl -lcudart -c -o utils.o
"`which mpicxx`" all2allv_MPI.o comm.o jsoncpp.o utils.o -no-pie -std=c++11 -fopenmp -L/home/yhy/.local/nccl/build/lib -lcudart -lnccl -Wall -o all2allv_MPI -Wl,-rpath=/home/yhy/.local/nccl/build/lib
make[1]: Leaving directory '/home/yhy/fold/comm_test/csrc'
CP_FILE_NAME: all2allv_4
HOST: zoltan
CUDA_VISIBLE_DEVICES: 
GPU_NUM: 4
PROC_NUM: 4
NODE_NUM: 1
NTASK_PER_NODE: 4
BACKEND: MPI
[[0,1,1,1],[1,0,1,1],[1,1,0,1],[1,1,1,0]]
commv_sum: 12
time 0.112300 s, REAL_BD 0.271750 GB/s, SIZE 16.000000 KB, comm_vol 32000.000000 KB
time 0.123880 s, REAL_BD 0.492696 GB/s, SIZE 32.000000 KB, comm_vol 64000.000000 KB
time 0.143159 s, REAL_BD 0.852690 GB/s, SIZE 64.000000 KB, comm_vol 128000.000000 KB
time 0.052639 s, REAL_BD 4.638018 GB/s, SIZE 128.000000 KB, comm_vol 256000.000000 KB
time 0.058369 s, REAL_BD 8.365421 GB/s, SIZE 256.000000 KB, comm_vol 512000.000000 KB
time 0.054728 s, REAL_BD 17.843928 GB/s, SIZE 512.000000 KB, comm_vol 1024000.000000 KB
time 0.056957 s, REAL_BD 34.291220 GB/s, SIZE 1024.000000 KB, comm_vol 2048000.000000 KB
time 0.065060 s, REAL_BD 60.040732 GB/s, SIZE 2048.000000 KB, comm_vol 4096000.000000 KB
time 0.078885 s, REAL_BD 99.036572 GB/s, SIZE 4096.000000 KB, comm_vol 8192000.000000 KB
time 0.105853 s, REAL_BD 147.610365 GB/s, SIZE 8192.000000 KB, comm_vol 16384000.000000 KB
time 0.168899 s, REAL_BD 185.021818 GB/s, SIZE 16384.000000 KB, comm_vol 32768000.000000 KB
time 0.292512 s, REAL_BD 213.666448 GB/s, SIZE 32768.000000 KB, comm_vol 65536000.000000 KB
time 0.543893 s, REAL_BD 229.824616 GB/s, SIZE 65536.000000 KB, comm_vol 131072000.000000 KB
time 1.062813 s, REAL_BD 235.224823 GB/s, SIZE 131072.000000 KB, comm_vol 262144000.000000 KB
time 2.090722 s, REAL_BD 239.151834 GB/s, SIZE 262144.000000 KB, comm_vol 524288000.000000 KB
time 4.151592 s, REAL_BD 240.871454 GB/s, SIZE 524288.000000 KB, comm_vol 1048576000.000000 KB
[[0,1,1,1],[0,0,0,0],[0,0,0,0],[0,0,0,0]]
commv_sum: 3
time 0.085283 s, REAL_BD 0.357839 GB/s, SIZE 16.000000 KB, comm_vol 32000.000000 KB
time 0.033805 s, REAL_BD 1.805507 GB/s, SIZE 32.000000 KB, comm_vol 64000.000000 KB
time 0.034612 s, REAL_BD 3.526821 GB/s, SIZE 64.000000 KB, comm_vol 128000.000000 KB
time 0.036231 s, REAL_BD 6.738446 GB/s, SIZE 128.000000 KB, comm_vol 256000.000000 KB
time 0.039921 s, REAL_BD 12.231188 GB/s, SIZE 256.000000 KB, comm_vol 512000.000000 KB
time 0.047026 s, REAL_BD 20.766438 GB/s, SIZE 512.000000 KB, comm_vol 1024000.000000 KB
time 0.061583 s, REAL_BD 31.715327 GB/s, SIZE 1024.000000 KB, comm_vol 2048000.000000 KB
time 0.090141 s, REAL_BD 43.334886 GB/s, SIZE 2048.000000 KB, comm_vol 4096000.000000 KB
time 0.147924 s, REAL_BD 52.814283 GB/s, SIZE 4096.000000 KB, comm_vol 8192000.000000 KB
time 0.263549 s, REAL_BD 59.286888 GB/s, SIZE 8192.000000 KB, comm_vol 16384000.000000 KB
time 0.494234 s, REAL_BD 63.229159 GB/s, SIZE 16384.000000 KB, comm_vol 32768000.000000 KB
time 0.958629 s, REAL_BD 65.197277 GB/s, SIZE 32768.000000 KB, comm_vol 65536000.000000 KB
time 1.886645 s, REAL_BD 66.255178 GB/s, SIZE 65536.000000 KB, comm_vol 131072000.000000 KB
time 3.744719 s, REAL_BD 66.760684 GB/s, SIZE 131072.000000 KB, comm_vol 262144000.000000 KB
time 7.459906 s, REAL_BD 67.024973 GB/s, SIZE 262144.000000 KB, comm_vol 524288000.000000 KB
time 14.889917 s, REAL_BD 67.159542 GB/s, SIZE 524288.000000 KB, comm_vol 1048576000.000000 KB
[[0,0,0,0],[1,0,0,0],[1,0,0,0],[1,0,0,0]]
commv_sum: 3
time 0.087251 s, REAL_BD 0.349768 GB/s, SIZE 16.000000 KB, comm_vol 32000.000000 KB
time 0.038255 s, REAL_BD 1.595482 GB/s, SIZE 32.000000 KB, comm_vol 64000.000000 KB
time 0.038932 s, REAL_BD 3.135475 GB/s, SIZE 64.000000 KB, comm_vol 128000.000000 KB
time 0.040439 s, REAL_BD 6.037257 GB/s, SIZE 128.000000 KB, comm_vol 256000.000000 KB
time 0.044372 s, REAL_BD 11.004265 GB/s, SIZE 256.000000 KB, comm_vol 512000.000000 KB
time 0.051253 s, REAL_BD 19.053763 GB/s, SIZE 512.000000 KB, comm_vol 1024000.000000 KB
time 0.065125 s, REAL_BD 29.990403 GB/s, SIZE 1024.000000 KB, comm_vol 2048000.000000 KB
time 0.092604 s, REAL_BD 42.182303 GB/s, SIZE 2048.000000 KB, comm_vol 4096000.000000 KB
time 0.150490 s, REAL_BD 51.913748 GB/s, SIZE 4096.000000 KB, comm_vol 8192000.000000 KB
time 0.265665 s, REAL_BD 58.814673 GB/s, SIZE 8192.000000 KB, comm_vol 16384000.000000 KB
time 0.496964 s, REAL_BD 62.881818 GB/s, SIZE 16384.000000 KB, comm_vol 32768000.000000 KB
time 0.957846 s, REAL_BD 65.250573 GB/s, SIZE 32768.000000 KB, comm_vol 65536000.000000 KB
time 1.880466 s, REAL_BD 66.472885 GB/s, SIZE 65536.000000 KB, comm_vol 131072000.000000 KB
time 3.724403 s, REAL_BD 67.124852 GB/s, SIZE 131072.000000 KB, comm_vol 262144000.000000 KB
time 7.411705 s, REAL_BD 67.460861 GB/s, SIZE 262144.000000 KB, comm_vol 524288000.000000 KB
time 14.788151 s, REAL_BD 67.621706 GB/s, SIZE 524288.000000 KB, comm_vol 1048576000.000000 KB
[[0,3,3,3],[1,0,1,1],[1,1,0,1],[1,1,1,0]]
commv_sum: 18
time 0.130173 s, REAL_BD 0.234439 GB/s, SIZE 16.000000 KB, comm_vol 32000.000000 KB
time 0.135834 s, REAL_BD 0.449336 GB/s, SIZE 32.000000 KB, comm_vol 64000.000000 KB
time 0.134594 s, REAL_BD 0.906952 GB/s, SIZE 64.000000 KB, comm_vol 128000.000000 KB
time 0.147283 s, REAL_BD 1.657629 GB/s, SIZE 128.000000 KB, comm_vol 256000.000000 KB
time 0.052978 s, REAL_BD 9.216680 GB/s, SIZE 256.000000 KB, comm_vol 512000.000000 KB
time 0.053805 s, REAL_BD 18.150033 GB/s, SIZE 512.000000 KB, comm_vol 1024000.000000 KB
time 0.057815 s, REAL_BD 33.782323 GB/s, SIZE 1024.000000 KB, comm_vol 2048000.000000 KB
time 0.066332 s, REAL_BD 58.889375 GB/s, SIZE 2048.000000 KB, comm_vol 4096000.000000 KB
time 0.094693 s, REAL_BD 82.503459 GB/s, SIZE 4096.000000 KB, comm_vol 8192000.000000 KB
time 0.153045 s, REAL_BD 102.094155 GB/s, SIZE 8192.000000 KB, comm_vol 16384000.000000 KB
time 0.271434 s, REAL_BD 115.129276 GB/s, SIZE 16384.000000 KB, comm_vol 32768000.000000 KB
time 0.510630 s, REAL_BD 122.397822 GB/s, SIZE 32768.000000 KB, comm_vol 65536000.000000 KB
time 0.991700 s, REAL_BD 126.046183 GB/s, SIZE 65536.000000 KB, comm_vol 131072000.000000 KB
time 1.954436 s, REAL_BD 127.914140 GB/s, SIZE 131072.000000 KB, comm_vol 262144000.000000 KB
time 3.880744 s, REAL_BD 128.841274 GB/s, SIZE 262144.000000 KB, comm_vol 524288000.000000 KB
time 7.731015 s, REAL_BD 129.349122 GB/s, SIZE 524288.000000 KB, comm_vol 1048576000.000000 KB
make -C csrc clean
make[1]: Entering directory '/home/yhy/fold/comm_test/csrc'
rm -f `ls *.o | grep -v jsoncpp.o`
rm -f all2all_test net_test net_test_cuda conflict_test_cuda net_test_mpi conflict_allinone net_test_cpu nccl_test cpu2gpu \
   benchmark_p2p ring_patterns all2all_baseline single_turn mixed_p2p netflow all2allv_MPI
make[1]: Leaving directory '/home/yhy/fold/comm_test/csrc'
make -C csrc all2allv_MPI
make[1]: Entering directory '/home/yhy/fold/comm_test/csrc'
nvcc all2allv_MPI.cu -std=c++11 -Xcompiler -fopenmp -I/home/yhy/.local/nccl/build/include -L/home/yhy/.local/nccl/build/lib/ "-gencode=arch=compute_70,code=sm_70" -lnccl -lcudart -c -o all2allv_MPI.o
nvcc comm.cu -std=c++11 -Xcompiler -fopenmp -I/home/yhy/.local/nccl/build/include -L/home/yhy/.local/nccl/build/lib/ "-gencode=arch=compute_70,code=sm_70" -lnccl -lcudart -c -o comm.o
nvcc utils.cu -std=c++11 -Xcompiler -fopenmp -I/home/yhy/.local/nccl/build/include -L/home/yhy/.local/nccl/build/lib/ "-gencode=arch=compute_70,code=sm_70" -lnccl -lcudart -c -o utils.o
"`which mpicxx`" all2allv_MPI.o comm.o jsoncpp.o utils.o -no-pie -std=c++11 -fopenmp -L/home/yhy/.local/nccl/build/lib -lcudart -lnccl -Wall -o all2allv_MPI -Wl,-rpath=/home/yhy/.local/nccl/build/lib
make[1]: Leaving directory '/home/yhy/fold/comm_test/csrc'
CP_FILE_NAME: all2allv_8
HOST: zoltan
CUDA_VISIBLE_DEVICES: 
GPU_NUM: 8
PROC_NUM: 8
NODE_NUM: 1
NTASK_PER_NODE: 8
BACKEND: MPI
[[1,1,1,1,1,1,1,1],[1,1,1,1,1,1,1,1],[1,1,1,1,1,1,1,1],[1,1,1,1,1,1,1,1],[1,1,1,1,1,1,1,1],[1,1,1,1,1,1,1,1],[1,1,1,1,1,1,1,1],[1,1,1,1,1,1,1,1]]
commv_sum: 64
time 0.303699 s, REAL_BD 0.100486 GB/s, SIZE 16.000000 KB, comm_vol 32000.000000 KB
time 0.316878 s, REAL_BD 0.192614 GB/s, SIZE 32.000000 KB, comm_vol 64000.000000 KB
time 0.315894 s, REAL_BD 0.386428 GB/s, SIZE 64.000000 KB, comm_vol 128000.000000 KB
time 0.303314 s, REAL_BD 0.804911 GB/s, SIZE 128.000000 KB, comm_vol 256000.000000 KB
time 0.323740 s, REAL_BD 1.508251 GB/s, SIZE 256.000000 KB, comm_vol 512000.000000 KB
time 0.394467 s, REAL_BD 2.475651 GB/s, SIZE 512.000000 KB, comm_vol 1024000.000000 KB
time 0.283341 s, REAL_BD 6.893196 GB/s, SIZE 1024.000000 KB, comm_vol 2048000.000000 KB
time 0.562995 s, REAL_BD 6.938339 GB/s, SIZE 2048.000000 KB, comm_vol 4096000.000000 KB
time 1.093891 s, REAL_BD 7.141936 GB/s, SIZE 4096.000000 KB, comm_vol 8192000.000000 KB
time 2.234239 s, REAL_BD 6.993433 GB/s, SIZE 8192.000000 KB, comm_vol 16384000.000000 KB
time 4.524078 s, REAL_BD 6.907485 GB/s, SIZE 16384.000000 KB, comm_vol 32768000.000000 KB
time 9.011393 s, REAL_BD 6.935665 GB/s, SIZE 32768.000000 KB, comm_vol 65536000.000000 KB
time 17.785275 s, REAL_BD 7.028286 GB/s, SIZE 65536.000000 KB, comm_vol 131072000.000000 KB
time 36.136711 s, REAL_BD 6.918172 GB/s, SIZE 131072.000000 KB, comm_vol 262144000.000000 KB
time 73.462123 s, REAL_BD 6.806229 GB/s, SIZE 262144.000000 KB, comm_vol 524288000.000000 KB
time 149.105702 s, REAL_BD 6.706652 GB/s, SIZE 524288.000000 KB, comm_vol 1048576000.000000 KB
[[0,1,0,0,0,0,0,0],[0,0,0,0,0,0,0,0],[0,0,0,0,0,0,0,0],[0,0,0,0,0,0,0,0],[0,0,0,0,0,0,0,0],[0,0,0,0,0,0,0,0],[0,0,0,0,0,0,0,0],[0,0,0,0,0,0,0,0]]
commv_sum: 1
time 0.034352 s, REAL_BD 0.888378 GB/s, SIZE 16.000000 KB, comm_vol 32000.000000 KB
time 0.035598 s, REAL_BD 1.714567 GB/s, SIZE 32.000000 KB, comm_vol 64000.000000 KB
time 0.037998 s, REAL_BD 3.212546 GB/s, SIZE 64.000000 KB, comm_vol 128000.000000 KB
time 0.043511 s, REAL_BD 5.611009 GB/s, SIZE 128.000000 KB, comm_vol 256000.000000 KB
time 0.054352 s, REAL_BD 8.983685 GB/s, SIZE 256.000000 KB, comm_vol 512000.000000 KB
time 0.076321 s, REAL_BD 12.795463 GB/s, SIZE 512.000000 KB, comm_vol 1024000.000000 KB
time 0.119105 s, REAL_BD 16.398346 GB/s, SIZE 1024.000000 KB, comm_vol 2048000.000000 KB
time 0.205968 s, REAL_BD 18.965325 GB/s, SIZE 2048.000000 KB, comm_vol 4096000.000000 KB
time 0.378455 s, REAL_BD 20.643141 GB/s, SIZE 4096.000000 KB, comm_vol 8192000.000000 KB
time 0.724978 s, REAL_BD 21.552378 GB/s, SIZE 8192.000000 KB, comm_vol 16384000.000000 KB
time 1.416245 s, REAL_BD 22.065391 GB/s, SIZE 16384.000000 KB, comm_vol 32768000.000000 KB
time 2.799443 s, REAL_BD 22.325870 GB/s, SIZE 32768.000000 KB, comm_vol 65536000.000000 KB
time 5.564925 s, REAL_BD 22.462118 GB/s, SIZE 65536.000000 KB, comm_vol 131072000.000000 KB
time 11.096896 s, REAL_BD 22.528822 GB/s, SIZE 131072.000000 KB, comm_vol 262144000.000000 KB
time 22.162007 s, REAL_BD 22.561134 GB/s, SIZE 262144.000000 KB, comm_vol 524288000.000000 KB
time 44.288546 s, REAL_BD 22.579201 GB/s, SIZE 524288.000000 KB, comm_vol 1048576000.000000 KB
[[0,0,0,0,1,0,0,0],[0,0,0,0,0,0,0,0],[0,0,0,0,0,0,0,0],[0,0,0,0,0,0,0,0],[0,0,0,0,0,0,0,0],[0,0,0,0,0,0,0,0],[0,0,0,0,0,0,0,0],[0,0,0,0,0,0,0,0]]
commv_sum: 1
time 0.052176 s, REAL_BD 0.584897 GB/s, SIZE 16.000000 KB, comm_vol 32000.000000 KB
time 0.043068 s, REAL_BD 1.417181 GB/s, SIZE 32.000000 KB, comm_vol 64000.000000 KB
time 0.049303 s, REAL_BD 2.475921 GB/s, SIZE 64.000000 KB, comm_vol 128000.000000 KB
time 0.062063 s, REAL_BD 3.933755 GB/s, SIZE 128.000000 KB, comm_vol 256000.000000 KB
time 0.087807 s, REAL_BD 5.560847 GB/s, SIZE 256.000000 KB, comm_vol 512000.000000 KB
time 0.138990 s, REAL_BD 7.026135 GB/s, SIZE 512.000000 KB, comm_vol 1024000.000000 KB
time 0.241784 s, REAL_BD 8.077975 GB/s, SIZE 1024.000000 KB, comm_vol 2048000.000000 KB
time 0.447501 s, REAL_BD 8.729031 GB/s, SIZE 2048.000000 KB, comm_vol 4096000.000000 KB
time 0.859053 s, REAL_BD 9.094317 GB/s, SIZE 4096.000000 KB, comm_vol 8192000.000000 KB
time 1.767950 s, REAL_BD 8.837920 GB/s, SIZE 8192.000000 KB, comm_vol 16384000.000000 KB
time 3.502527 s, REAL_BD 8.922130 GB/s, SIZE 16384.000000 KB, comm_vol 32768000.000000 KB
time 6.970898 s, REAL_BD 8.965846 GB/s, SIZE 32768.000000 KB, comm_vol 65536000.000000 KB
time 13.904120 s, REAL_BD 8.990141 GB/s, SIZE 65536.000000 KB, comm_vol 131072000.000000 KB
time 27.773754 s, REAL_BD 9.001304 GB/s, SIZE 131072.000000 KB, comm_vol 262144000.000000 KB
time 55.512493 s, REAL_BD 9.006982 GB/s, SIZE 262144.000000 KB, comm_vol 524288000.000000 KB
time 110.986788 s, REAL_BD 9.010081 GB/s, SIZE 524288.000000 KB, comm_vol 1048576000.000000 KB
