CP_FILE_NAME: c2g
DIR_MODE: 0
NNODES: 1
NGPU_PER_NODE: 8
+ srun -p arch -N 1 --ntasks-per-node 8 --gres=gpu:8 --mem 256G -K -w g3024 --cpu-bind=map_cpu:0,1,2,3,64,65,66,67 ./scripts/executor.sh python c2g_bench.py --config ./scripts/configs/c2g_8.json --mode 0
srun: job 432 queued and waiting for resources
srun: job 432 has been allocated resources
[INFO]: Cluster init done !!!
[0]
SIZE 16 MB, REAL_BD 3.939 GB/s, time 0.0426 s, comm_vol 167.772 MB
SIZE 64 MB, REAL_BD 1.73 GB/s, time 0.388 s, comm_vol 671.089 MB
SIZE 256 MB, REAL_BD 1.729 GB/s, time 1.5526 s, comm_vol 2.684 GB
SIZE 1 GB, REAL_BD 1.729 GB/s, time 6.2115 s, comm_vol 10.737 GB
[0, 1]
SIZE 16 MB, REAL_BD 16.707 GB/s, time 0.0201 s, comm_vol 335.544 MB
SIZE 64 MB, REAL_BD 3.329 GB/s, time 0.4031 s, comm_vol 1.342 GB
SIZE 256 MB, REAL_BD 3.349 GB/s, time 1.6029 s, comm_vol 5.369 GB
SIZE 1 GB, REAL_BD 3.339 GB/s, time 6.4306 s, comm_vol 21.475 GB
[0, 4]
SIZE 16 MB, REAL_BD 12.053 GB/s, time 0.0278 s, comm_vol 335.544 MB
SIZE 64 MB, REAL_BD 3.099 GB/s, time 0.433 s, comm_vol 1.342 GB
SIZE 256 MB, REAL_BD 3.09 GB/s, time 1.7373 s, comm_vol 5.369 GB
SIZE 1 GB, REAL_BD 3.079 GB/s, time 6.9738 s, comm_vol 21.475 GB
[0, 1, 2, 3]
SIZE 16 MB, REAL_BD 32.252 GB/s, time 0.0208 s, comm_vol 671.089 MB
SIZE 64 MB, REAL_BD 6.445 GB/s, time 0.4165 s, comm_vol 2.684 GB
SIZE 256 MB, REAL_BD 6.52 GB/s, time 1.6467 s, comm_vol 10.737 GB
SIZE 1 GB, REAL_BD 6.467 GB/s, time 6.6414 s, comm_vol 42.95 GB
[0, 2, 4, 6]
SIZE 16 MB, REAL_BD 18.935 GB/s, time 0.0354 s, comm_vol 671.089 MB
SIZE 64 MB, REAL_BD 5.891 GB/s, time 0.4557 s, comm_vol 2.684 GB
SIZE 256 MB, REAL_BD 5.921 GB/s, time 1.8133 s, comm_vol 10.737 GB
SIZE 1 GB, REAL_BD 5.889 GB/s, time 7.2936 s, comm_vol 42.95 GB
[0, 1, 2, 3, 4, 5, 6, 7]
SIZE 16 MB, REAL_BD 41.534 GB/s, time 0.0323 s, comm_vol 1.342 GB
SIZE 64 MB, REAL_BD 11.075 GB/s, time 0.4848 s, comm_vol 5.369 GB
SIZE 256 MB, REAL_BD 11.118 GB/s, time 1.9316 s, comm_vol 21.475 GB
SIZE 1 GB, REAL_BD 11.002 GB/s, time 7.8073 s, comm_vol 85.899 GB
+ set +x
DIR_MODE: 1
NNODES: 1
NGPU_PER_NODE: 8
+ srun -p arch -N 1 --ntasks-per-node 8 --gres=gpu:8 --mem 256G -K -w g3024 --cpu-bind=map_cpu:0,1,2,3,64,65,66,67 ./scripts/executor.sh python c2g_bench.py --config ./scripts/configs/c2g_8.json --mode 1
srun: job 433 queued and waiting for resources
srun: job 433 has been allocated resources
[INFO]: Cluster init done !!!
[0]
SIZE 16 MB, REAL_BD 16.987 GB/s, time 0.0099 s, comm_vol 167.772 MB
SIZE 64 MB, REAL_BD 20.821 GB/s, time 0.0322 s, comm_vol 671.089 MB
SIZE 256 MB, REAL_BD 21.133 GB/s, time 0.127 s, comm_vol 2.684 GB
SIZE 1 GB, REAL_BD 21.619 GB/s, time 0.4967 s, comm_vol 10.737 GB
[0, 1]
SIZE 16 MB, REAL_BD 23.173 GB/s, time 0.0145 s, comm_vol 335.544 MB
SIZE 64 MB, REAL_BD 24.106 GB/s, time 0.0557 s, comm_vol 1.342 GB
SIZE 256 MB, REAL_BD 24.348 GB/s, time 0.2205 s, comm_vol 5.369 GB
SIZE 1 GB, REAL_BD 24.394 GB/s, time 0.8803 s, comm_vol 21.475 GB
[0, 4]
SIZE 16 MB, REAL_BD 23.13 GB/s, time 0.0145 s, comm_vol 335.544 MB
SIZE 64 MB, REAL_BD 23.617 GB/s, time 0.0568 s, comm_vol 1.342 GB
SIZE 256 MB, REAL_BD 23.749 GB/s, time 0.2261 s, comm_vol 5.369 GB
SIZE 1 GB, REAL_BD 23.784 GB/s, time 0.9029 s, comm_vol 21.475 GB
[0, 1, 2, 3]
SIZE 16 MB, REAL_BD 45.708 GB/s, time 0.0147 s, comm_vol 671.089 MB
SIZE 64 MB, REAL_BD 47.885 GB/s, time 0.0561 s, comm_vol 2.684 GB
SIZE 256 MB, REAL_BD 48.057 GB/s, time 0.2234 s, comm_vol 10.737 GB
SIZE 1 GB, REAL_BD 48.056 GB/s, time 0.8937 s, comm_vol 42.95 GB
[0, 2, 4, 6]
SIZE 16 MB, REAL_BD 43.904 GB/s, time 0.0153 s, comm_vol 671.089 MB
SIZE 64 MB, REAL_BD 44.886 GB/s, time 0.0598 s, comm_vol 2.684 GB
SIZE 256 MB, REAL_BD 45.119 GB/s, time 0.238 s, comm_vol 10.737 GB
SIZE 1 GB, REAL_BD 45.144 GB/s, time 0.9514 s, comm_vol 42.95 GB
[0, 1, 2, 3, 4, 5, 6, 7]
SIZE 16 MB, REAL_BD 72.19 GB/s, time 0.0186 s, comm_vol 1.342 GB
SIZE 64 MB, REAL_BD 74.257 GB/s, time 0.0723 s, comm_vol 5.369 GB
SIZE 256 MB, REAL_BD 74.005 GB/s, time 0.2902 s, comm_vol 21.475 GB
SIZE 1 GB, REAL_BD 73.918 GB/s, time 1.1621 s, comm_vol 85.899 GB
+ set +x
DIR_MODE: 2
NNODES: 1
NGPU_PER_NODE: 8
+ srun -p arch -N 1 --ntasks-per-node 8 --gres=gpu:8 --mem 256G -K -w g3024 --cpu-bind=map_cpu:0,1,2,3,64,65,66,67 ./scripts/executor.sh python c2g_bench.py --config ./scripts/configs/c2g_8.json --mode 2
srun: job 434 queued and waiting for resources
srun: job 434 has been allocated resources
[INFO]: Cluster init done !!!
[0]
SIZE 16 MB, REAL_BD 9.491 GB/s, time 0.0354 s, comm_vol 335.544 MB
SIZE 64 MB, REAL_BD 3.195 GB/s, time 0.42 s, comm_vol 1.342 GB
SIZE 256 MB, REAL_BD 3.195 GB/s, time 1.6801 s, comm_vol 5.369 GB
SIZE 1 GB, REAL_BD 3.195 GB/s, time 6.7209 s, comm_vol 21.475 GB
[0, 1]
SIZE 16 MB, REAL_BD 16.357 GB/s, time 0.041 s, comm_vol 671.089 MB
SIZE 64 MB, REAL_BD 6.071 GB/s, time 0.4421 s, comm_vol 2.684 GB
SIZE 256 MB, REAL_BD 6.063 GB/s, time 1.7709 s, comm_vol 10.737 GB
SIZE 1 GB, REAL_BD 6.075 GB/s, time 7.07 s, comm_vol 42.95 GB
[0, 4]
SIZE 16 MB, REAL_BD 16.527 GB/s, time 0.0406 s, comm_vol 671.089 MB
SIZE 64 MB, REAL_BD 5.551 GB/s, time 0.4836 s, comm_vol 2.684 GB
SIZE 256 MB, REAL_BD 5.565 GB/s, time 1.9296 s, comm_vol 10.737 GB
SIZE 1 GB, REAL_BD 5.554 GB/s, time 7.7334 s, comm_vol 42.95 GB
[0, 1, 2, 3]
SIZE 16 MB, REAL_BD 33.135 GB/s, time 0.0405 s, comm_vol 1.342 GB
SIZE 64 MB, REAL_BD 11.717 GB/s, time 0.4582 s, comm_vol 5.369 GB
SIZE 256 MB, REAL_BD 11.826 GB/s, time 1.8159 s, comm_vol 21.475 GB
SIZE 1 GB, REAL_BD 11.764 GB/s, time 7.3016 s, comm_vol 85.899 GB
[0, 2, 4, 6]
SIZE 16 MB, REAL_BD 29.445 GB/s, time 0.0456 s, comm_vol 1.342 GB
SIZE 64 MB, REAL_BD 10.597 GB/s, time 0.5066 s, comm_vol 5.369 GB
SIZE 256 MB, REAL_BD 10.7 GB/s, time 2.007 s, comm_vol 21.475 GB
SIZE 1 GB, REAL_BD 10.676 GB/s, time 8.0457 s, comm_vol 85.899 GB
[0, 1, 2, 3, 4, 5, 6, 7]
SIZE 16 MB, REAL_BD 47.994 GB/s, time 0.0559 s, comm_vol 2.684 GB
SIZE 64 MB, REAL_BD 19.903 GB/s, time 0.5395 s, comm_vol 10.737 GB
SIZE 256 MB, REAL_BD 20.01 GB/s, time 2.1464 s, comm_vol 42.95 GB
SIZE 1 GB, REAL_BD 19.653 GB/s, time 8.7417 s, comm_vol 171.799 GB
+ set +x
