BACKEND: MPI
CP_FILE_NAME: small
NNODES: 2
NGPU_PER_NODE: 8
+++ which mpirun
++ dirname /home/zhaijidong/yhy/.local/openmpi/bin/mpirun
+ mpirun --prefix /home/zhaijidong/yhy/.local/openmpi/bin/../ -x LD_LIBRARY_PATH -x NCCL_DEBUG=WARN -np 8 --host g4008:8 ./csrc/build/conflict_allinone 8 MPI ./scripts/configs/small_8.json
--------------------------------------------------------------------------
WARNING: There was an error initializing an OpenFabrics device.

  Local host:   g4008
  Local device: mlx5_0
--------------------------------------------------------------------------
[mngg001:2877079] 7 more processes have sent help message help-mpi-btl-openib.txt / error in device init
[mngg001:2877079] Set MCA parameter "orte_base_help_aggregate" to 0 to see all help / error messages
[[0,1]]
NCCL version 2.18.5+cuda11.8
[g4008:30404:0:30404]      cma_ep.c:81   process_vm_readv(pid=30403 {0x7fb6a0000000,524288}-->{0x7fcf20000000,524288}) returned -1: Bad address
==== backtrace (tid:  30404) ====
 0  /lib/libucs.so.0(ucs_handle_error+0x2dc) [0x7fb7b802fb5c]
 1  /lib/libucs.so.0(ucs_fatal_error_message+0xa8) [0x7fb7b802cb28]
 2  /lib/libucs.so.0(ucs_log_default_handler+0xde3) [0x7fb7b8031343]
 3  /lib/libucs.so.0(ucs_log_dispatch+0xe4) [0x7fb7b8031684]
 4  /lib/ucx/libuct_cma.so.0(+0x3a22) [0x7fb7b8238a22]
 5  /lib/ucx/libuct_cma.so.0(uct_cma_ep_tx+0x196) [0x7fb7b8238d66]
 6  /lib/libuct.so.0(uct_scopy_ep_progress_tx+0x69) [0x7fb7b00a9229]
 7  /lib/libucs.so.0(ucs_arbiter_dispatch_nonempty+0xb6) [0x7fb7b80250c6]
 8  /lib/libuct.so.0(uct_scopy_iface_progress+0x81) [0x7fb7b00a8d11]
 9  /lib/libucs.so.0(+0x1ec57) [0x7fb7b8025c57]
10  /lib/libucp.so.0(ucp_worker_progress+0x6a) [0x7fb7a3dc5dda]
11  /home/zhaijidong/yhy/.local/openmpi/bin/../lib/libopen-pal.so.40(opal_progress+0x34) [0x7fb7baf5d8b4]
12  /home/zhaijidong/yhy/.local/openmpi/bin/../lib/libmpi.so.40(ompi_request_default_wait_all+0xf5) [0x7fb7bb681d45]
13  /home/zhaijidong/yhy/.local/openmpi/bin/../lib/libmpi.so.40(PMPI_Waitall+0x97) [0x7fb7bb6c66c7]
14  ./csrc/build/conflict_allinone() [0x43b833]
15  ./csrc/build/conflict_allinone() [0x4073f6]
16  /lib/x86_64-linux-gnu/libc.so.6(__libc_start_main+0xf3) [0x7fb7bb0d7083]
17  ./csrc/build/conflict_allinone() [0x40655e]
=================================
[g4008:30404] *** Process received signal ***
[g4008:30404] Signal: Aborted (6)
[g4008:30404] Signal code:  (-6)
[g4008:30404] [ 0] /lib/x86_64-linux-gnu/libpthread.so.0(+0x14420)[0x7fb7bb2b9420]
[g4008:30404] [ 1] /lib/x86_64-linux-gnu/libc.so.6(gsignal+0xcb)[0x7fb7bb0f600b]
[g4008:30404] [ 2] /lib/x86_64-linux-gnu/libc.so.6(abort+0x12b)[0x7fb7bb0d5859]
[g4008:30404] [ 3] /lib/libucs.so.0(+0x25b2d)[0x7fb7b802cb2d]
[g4008:30404] [ 4] /lib/libucs.so.0(ucs_log_default_handler+0xde3)[0x7fb7b8031343]
[g4008:30404] [ 5] /lib/libucs.so.0(ucs_log_dispatch+0xe4)[0x7fb7b8031684]
[g4008:30404] [ 6] /lib/ucx/libuct_cma.so.0(+0x3a22)[0x7fb7b8238a22]
[g4008:30404] [ 7] /lib/ucx/libuct_cma.so.0(uct_cma_ep_tx+0x196)[0x7fb7b8238d66]
[g4008:30404] [ 8] /lib/libuct.so.0(uct_scopy_ep_progress_tx+0x69)[0x7fb7b00a9229]
[g4008:30404] [ 9] /lib/libucs.so.0(ucs_arbiter_dispatch_nonempty+0xb6)[0x7fb7b80250c6]
[g4008:30404] [10] /lib/libuct.so.0(uct_scopy_iface_progress+0x81)[0x7fb7b00a8d11]
[g4008:30404] [11] /lib/libucs.so.0(+0x1ec57)[0x7fb7b8025c57]
[g4008:30404] [12] /lib/libucp.so.0(ucp_worker_progress+0x6a)[0x7fb7a3dc5dda]
[g4008:30404] [13] /home/zhaijidong/yhy/.local/openmpi/bin/../lib/libopen-pal.so.40(opal_progress+0x34)[0x7fb7baf5d8b4]
[g4008:30404] [14] /home/zhaijidong/yhy/.local/openmpi/bin/../lib/libmpi.so.40(ompi_request_default_wait_all+0xf5)[0x7fb7bb681d45]
[g4008:30404] [15] /home/zhaijidong/yhy/.local/openmpi/bin/../lib/libmpi.so.40(PMPI_Waitall+0x97)[0x7fb7bb6c66c7]
[g4008:30404] [16] ./csrc/build/conflict_allinone[0x43b833]
[g4008:30404] [17] ./csrc/build/conflict_allinone[0x4073f6]
[g4008:30404] [18] /lib/x86_64-linux-gnu/libc.so.6(__libc_start_main+0xf3)[0x7fb7bb0d7083]
[g4008:30404] [19] ./csrc/build/conflict_allinone[0x40655e]
[g4008:30404] *** End of error message ***
--------------------------------------------------------------------------
Primary job  terminated normally, but 1 process returned
a non-zero exit code. Per user-direction, the job has been aborted.
--------------------------------------------------------------------------
--------------------------------------------------------------------------
mpirun noticed that process rank 1 with PID 30404 on node g4008 exited on signal 6 (Aborted).
--------------------------------------------------------------------------
