BACKEND: NCCL
CP_FILE_NAME: small
NNODES: 2
NGPU_PER_NODE: 8
+++ which mpirun
++ dirname /home/zhaijidong/yhy/.local/openmpi-cuda-ucx-gdrcopy/bin/mpirun
+ mpirun --prefix /home/zhaijidong/yhy/.local/openmpi-cuda-ucx-gdrcopy/bin/../ -x LD_LIBRARY_PATH -x NCCL_NET_GDR_READ -x NCCL_P2P_LEVEL -x NCCL_IB_PCI_RELAXED_ORDERING -x NCCL_DEBUG=WARN -x NCCL_IB_GID_INDEX=3 -x NCCL_IB_DISABLE=0 -x NCCL_NET_GDR_LEVEL=2 -x NCCL_IB_QPS_PER_CONNECTION=4 -x NCCL_IB_TC=160 -np 16 --host g3027:8,g4006:8 --map-by ppr:4:numa --bind-to core --report-bindings ./csrc/build/conflict_allinone 16 NCCL ./scripts/configs/small_16.json
[mngg001:3768611] Warning: could not find environment variable "NCCL_NET_GDR_READ"
[mngg001:3768611] Warning: could not find environment variable "NCCL_P2P_LEVEL"
[mngg001:3768611] Warning: could not find environment variable "NCCL_IB_PCI_RELAXED_ORDERING"
[g3027:2679006] MCW rank 1 bound to socket 0[core 1[hwt 0-1]]: [../BB/../../../../../../../../../../../../../../../../../../../../../../../../../../../../../..][../../../../../../../../../../../../../../../../../../../../../../../../../../../../../../../..]
[g3027:2679006] MCW rank 2 bound to socket 0[core 2[hwt 0-1]]: [../../BB/../../../../../../../../../../../../../../../../../../../../../../../../../../../../..][../../../../../../../../../../../../../../../../../../../../../../../../../../../../../../../..]
[g3027:2679006] MCW rank 3 bound to socket 0[core 3[hwt 0-1]]: [../../../BB/../../../../../../../../../../../../../../../../../../../../../../../../../../../..][../../../../../../../../../../../../../../../../../../../../../../../../../../../../../../../..]
[g3027:2679006] MCW rank 4 bound to socket 1[core 32[hwt 0-1]]: [../../../../../../../../../../../../../../../../../../../../../../../../../../../../../../../..][BB/../../../../../../../../../../../../../../../../../../../../../../../../../../../../../../..]
[g3027:2679006] MCW rank 5 bound to socket 1[core 33[hwt 0-1]]: [../../../../../../../../../../../../../../../../../../../../../../../../../../../../../../../..][../BB/../../../../../../../../../../../../../../../../../../../../../../../../../../../../../..]
[g3027:2679006] MCW rank 6 bound to socket 1[core 34[hwt 0-1]]: [../../../../../../../../../../../../../../../../../../../../../../../../../../../../../../../..][../../BB/../../../../../../../../../../../../../../../../../../../../../../../../../../../../..]
[g3027:2679006] MCW rank 7 bound to socket 1[core 35[hwt 0-1]]: [../../../../../../../../../../../../../../../../../../../../../../../../../../../../../../../..][../../../BB/../../../../../../../../../../../../../../../../../../../../../../../../../../../..]
[g3027:2679006] MCW rank 0 bound to socket 0[core 0[hwt 0-1]]: [BB/../../../../../../../../../../../../../../../../../../../../../../../../../../../../../../..][../../../../../../../../../../../../../../../../../../../../../../../../../../../../../../../..]
[g4006:2764027] MCW rank 8 bound to socket 0[core 0[hwt 0-1]]: [BB/../../../../../../../../../../../../../../../../../../../../../../../../../../../../../../..][../../../../../../../../../../../../../../../../../../../../../../../../../../../../../../../..]
[g4006:2764027] MCW rank 9 bound to socket 0[core 1[hwt 0-1]]: [../BB/../../../../../../../../../../../../../../../../../../../../../../../../../../../../../..][../../../../../../../../../../../../../../../../../../../../../../../../../../../../../../../..]
[g4006:2764027] MCW rank 10 bound to socket 0[core 2[hwt 0-1]]: [../../BB/../../../../../../../../../../../../../../../../../../../../../../../../../../../../..][../../../../../../../../../../../../../../../../../../../../../../../../../../../../../../../..]
[g4006:2764027] MCW rank 11 bound to socket 0[core 3[hwt 0-1]]: [../../../BB/../../../../../../../../../../../../../../../../../../../../../../../../../../../..][../../../../../../../../../../../../../../../../../../../../../../../../../../../../../../../..]
[g4006:2764027] MCW rank 12 bound to socket 1[core 32[hwt 0-1]]: [../../../../../../../../../../../../../../../../../../../../../../../../../../../../../../../..][BB/../../../../../../../../../../../../../../../../../../../../../../../../../../../../../../..]
[g4006:2764027] MCW rank 13 bound to socket 1[core 33[hwt 0-1]]: [../../../../../../../../../../../../../../../../../../../../../../../../../../../../../../../..][../BB/../../../../../../../../../../../../../../../../../../../../../../../../../../../../../..]
[g4006:2764027] MCW rank 14 bound to socket 1[core 34[hwt 0-1]]: [../../../../../../../../../../../../../../../../../../../../../../../../../../../../../../../..][../../BB/../../../../../../../../../../../../../../../../../../../../../../../../../../../../..]
[g4006:2764027] MCW rank 15 bound to socket 1[core 35[hwt 0-1]]: [../../../../../../../../../../../../../../../../../../../../../../../../../../../../../../../..][../../../BB/../../../../../../../../../../../../../../../../../../../../../../../../../../../..]
--------------------------------------------------------------------------
WARNING: There was an error initializing an OpenFabrics device.

  Local host:   g3027
  Local device: mlx5_0
--------------------------------------------------------------------------
NCCL version 2.18.5+cuda11.8
[mngg001:3768611] 15 more processes have sent help message help-mpi-btl-openib.txt / error in device init
[mngg001:3768611] Set MCA parameter "orte_base_help_aggregate" to 0 to see all help / error messages
[[0,1]]
time 0.006626 s, REAL_BD 226.380924 GB/s, SIZE 524288.000000 KB, comm_vol 1572864.000000 KB
time 0.025456 s, REAL_BD 235.700817 GB/s, SIZE 2097152.000000 KB, comm_vol 6291456.000000 KB
[[0,1],[1,0]]
time 0.007329 s, REAL_BD 409.332788 GB/s, SIZE 524288.000000 KB, comm_vol 3145728.000000 KB
time 0.027493 s, REAL_BD 436.474739 GB/s, SIZE 2097152.000000 KB, comm_vol 12582912.000000 KB
[[0,8]]
time 0.073996 s, REAL_BD 20.271366 GB/s, SIZE 524288.000000 KB, comm_vol 1572864.000000 KB
time 0.298980 s, REAL_BD 20.068232 GB/s, SIZE 2097152.000000 KB, comm_vol 6291456.000000 KB
[[0,8],[8,0]]
time 0.149803 s, REAL_BD 20.026301 GB/s, SIZE 524288.000000 KB, comm_vol 3145728.000000 KB
time 0.586213 s, REAL_BD 20.470375 GB/s, SIZE 2097152.000000 KB, comm_vol 12582912.000000 KB
[[0,15],[15,0]]
time 0.147741 s, REAL_BD 20.305805 GB/s, SIZE 524288.000000 KB, comm_vol 3145728.000000 KB
time 0.589831 s, REAL_BD 20.344811 GB/s, SIZE 2097152.000000 KB, comm_vol 12582912.000000 KB
[[0,8],[0,15]]
time 0.129114 s, REAL_BD 23.235280 GB/s, SIZE 524288.000000 KB, comm_vol 3145728.000000 KB
time 0.517202 s, REAL_BD 23.201766 GB/s, SIZE 2097152.000000 KB, comm_vol 12582912.000000 KB
[[0,8],[0,15],[8,0],[15,0]]
time 0.272186 s, REAL_BD 22.043749 GB/s, SIZE 524288.000000 KB, comm_vol 6291456.000000 KB
time 1.099250 s, REAL_BD 21.833068 GB/s, SIZE 2097152.000000 KB, comm_vol 25165824.000000 KB
[[7,8],[15,0]]
time 0.076777 s, REAL_BD 39.074202 GB/s, SIZE 524288.000000 KB, comm_vol 3145728.000000 KB
time 0.302197 s, REAL_BD 39.709196 GB/s, SIZE 2097152.000000 KB, comm_vol 12582912.000000 KB
[[0,8],[2,10]]
time 0.133210 s, REAL_BD 22.520832 GB/s, SIZE 524288.000000 KB, comm_vol 3145728.000000 KB
time 0.531079 s, REAL_BD 22.595508 GB/s, SIZE 2097152.000000 KB, comm_vol 12582912.000000 KB
[[0,8],[8,0],[2,10],[10,2]]
time 0.219066 s, REAL_BD 27.389006 GB/s, SIZE 524288.000000 KB, comm_vol 6291456.000000 KB
time 0.885156 s, REAL_BD 27.113865 GB/s, SIZE 2097152.000000 KB, comm_vol 25165824.000000 KB
[[0,8],[4,12]]
time 0.077609 s, REAL_BD 38.655311 GB/s, SIZE 524288.000000 KB, comm_vol 3145728.000000 KB
time 0.299294 s, REAL_BD 40.094355 GB/s, SIZE 2097152.000000 KB, comm_vol 12582912.000000 KB
[[0,8],[8,0],[4,12],[12,4]]
time 0.148571 s, REAL_BD 40.384732 GB/s, SIZE 524288.000000 KB, comm_vol 6291456.000000 KB
time 0.594682 s, REAL_BD 40.357704 GB/s, SIZE 2097152.000000 KB, comm_vol 25165824.000000 KB
[[0,8],[2,10],[4,12],[6,14]]
time 0.131578 s, REAL_BD 45.600328 GB/s, SIZE 524288.000000 KB, comm_vol 6291456.000000 KB
time 0.528472 s, REAL_BD 45.413948 GB/s, SIZE 2097152.000000 KB, comm_vol 25165824.000000 KB
[[0,8],[8,0],[2,10],[10,2],[4,12],[12,4],[6,14],[14,6]]
time 0.221559 s, REAL_BD 54.161645 GB/s, SIZE 524288.000000 KB, comm_vol 12582912.000000 KB
time 0.888719 s, REAL_BD 54.010323 GB/s, SIZE 2097152.000000 KB, comm_vol 50331648.000000 KB
[[0,8],[1,9],[2,10],[3,11],[4,12],[5,13],[6,14],[7,15]]
time 0.163447 s, REAL_BD 73.418295 GB/s, SIZE 524288.000000 KB, comm_vol 12582912.000000 KB
time 0.665371 s, REAL_BD 72.140204 GB/s, SIZE 2097152.000000 KB, comm_vol 50331648.000000 KB
[[0,8],[1,9],[2,10],[3,11],[4,12],[5,13],[6,14],[7,15],[8,0],[9,1],[10,2],[11,3],[12,4],[13,5],[14,6],[15,7]]
time 0.307349 s, REAL_BD 78.087126 GB/s, SIZE 524288.000000 KB, comm_vol 25165824.000000 KB
time 1.228559 s, REAL_BD 78.140325 GB/s, SIZE 2097152.000000 KB, comm_vol 100663296.000000 KB
+ set +x
BACKEND: MPI
CP_FILE_NAME: small
NNODES: 2
NGPU_PER_NODE: 8
+++ which mpirun
++ dirname /home/zhaijidong/yhy/.local/openmpi-cuda-ucx-gdrcopy/bin/mpirun
+ mpirun --prefix /home/zhaijidong/yhy/.local/openmpi-cuda-ucx-gdrcopy/bin/../ -x LD_LIBRARY_PATH -x NCCL_NET_GDR_READ -x NCCL_P2P_LEVEL -x NCCL_IB_PCI_RELAXED_ORDERING -x NCCL_DEBUG=WARN -x NCCL_IB_GID_INDEX=3 -x NCCL_IB_DISABLE=0 -x NCCL_NET_GDR_LEVEL=2 -x NCCL_IB_QPS_PER_CONNECTION=4 -x NCCL_IB_TC=160 -np 16 --host g3027:8,g4006:8 --map-by ppr:4:numa --bind-to core --report-bindings ./csrc/build/conflict_allinone 16 MPI ./scripts/configs/small_16.json
[mngg001:3845255] Warning: could not find environment variable "NCCL_NET_GDR_READ"
[mngg001:3845255] Warning: could not find environment variable "NCCL_P2P_LEVEL"
[mngg001:3845255] Warning: could not find environment variable "NCCL_IB_PCI_RELAXED_ORDERING"
[g3027:2679625] MCW rank 0 bound to socket 0[core 0[hwt 0-1]]: [BB/../../../../../../../../../../../../../../../../../../../../../../../../../../../../../../..][../../../../../../../../../../../../../../../../../../../../../../../../../../../../../../../..]
[g3027:2679625] MCW rank 1 bound to socket 0[core 1[hwt 0-1]]: [../BB/../../../../../../../../../../../../../../../../../../../../../../../../../../../../../..][../../../../../../../../../../../../../../../../../../../../../../../../../../../../../../../..]
[g3027:2679625] MCW rank 2 bound to socket 0[core 2[hwt 0-1]]: [../../BB/../../../../../../../../../../../../../../../../../../../../../../../../../../../../..][../../../../../../../../../../../../../../../../../../../../../../../../../../../../../../../..]
[g3027:2679625] MCW rank 3 bound to socket 0[core 3[hwt 0-1]]: [../../../BB/../../../../../../../../../../../../../../../../../../../../../../../../../../../..][../../../../../../../../../../../../../../../../../../../../../../../../../../../../../../../..]
[g3027:2679625] MCW rank 4 bound to socket 1[core 32[hwt 0-1]]: [../../../../../../../../../../../../../../../../../../../../../../../../../../../../../../../..][BB/../../../../../../../../../../../../../../../../../../../../../../../../../../../../../../..]
[g3027:2679625] MCW rank 5 bound to socket 1[core 33[hwt 0-1]]: [../../../../../../../../../../../../../../../../../../../../../../../../../../../../../../../..][../BB/../../../../../../../../../../../../../../../../../../../../../../../../../../../../../..]
[g3027:2679625] MCW rank 6 bound to socket 1[core 34[hwt 0-1]]: [../../../../../../../../../../../../../../../../../../../../../../../../../../../../../../../..][../../BB/../../../../../../../../../../../../../../../../../../../../../../../../../../../../..]
[g3027:2679625] MCW rank 7 bound to socket 1[core 35[hwt 0-1]]: [../../../../../../../../../../../../../../../../../../../../../../../../../../../../../../../..][../../../BB/../../../../../../../../../../../../../../../../../../../../../../../../../../../..]
[g4006:2764502] MCW rank 12 bound to socket 1[core 32[hwt 0-1]]: [../../../../../../../../../../../../../../../../../../../../../../../../../../../../../../../..][BB/../../../../../../../../../../../../../../../../../../../../../../../../../../../../../../..]
[g4006:2764502] MCW rank 13 bound to socket 1[core 33[hwt 0-1]]: [../../../../../../../../../../../../../../../../../../../../../../../../../../../../../../../..][../BB/../../../../../../../../../../../../../../../../../../../../../../../../../../../../../..]
[g4006:2764502] MCW rank 14 bound to socket 1[core 34[hwt 0-1]]: [../../../../../../../../../../../../../../../../../../../../../../../../../../../../../../../..][../../BB/../../../../../../../../../../../../../../../../../../../../../../../../../../../../..]
[g4006:2764502] MCW rank 15 bound to socket 1[core 35[hwt 0-1]]: [../../../../../../../../../../../../../../../../../../../../../../../../../../../../../../../..][../../../BB/../../../../../../../../../../../../../../../../../../../../../../../../../../../..]
[g4006:2764502] MCW rank 8 bound to socket 0[core 0[hwt 0-1]]: [BB/../../../../../../../../../../../../../../../../../../../../../../../../../../../../../../..][../../../../../../../../../../../../../../../../../../../../../../../../../../../../../../../..]
[g4006:2764502] MCW rank 9 bound to socket 0[core 1[hwt 0-1]]: [../BB/../../../../../../../../../../../../../../../../../../../../../../../../../../../../../..][../../../../../../../../../../../../../../../../../../../../../../../../../../../../../../../..]
[g4006:2764502] MCW rank 10 bound to socket 0[core 2[hwt 0-1]]: [../../BB/../../../../../../../../../../../../../../../../../../../../../../../../../../../../..][../../../../../../../../../../../../../../../../../../../../../../../../../../../../../../../..]
[g4006:2764502] MCW rank 11 bound to socket 0[core 3[hwt 0-1]]: [../../../BB/../../../../../../../../../../../../../../../../../../../../../../../../../../../..][../../../../../../../../../../../../../../../../../../../../../../../../../../../../../../../..]
--------------------------------------------------------------------------
WARNING: There was an error initializing an OpenFabrics device.

  Local host:   g3027
  Local device: mlx5_0
--------------------------------------------------------------------------
[[0,1]]
NCCL version 2.18.5+cuda11.8
[mngg001:3845255] 15 more processes have sent help message help-mpi-btl-openib.txt / error in device init
[mngg001:3845255] Set MCA parameter "orte_base_help_aggregate" to 0 to see all help / error messages
time 0.005792 s, REAL_BD 258.977901 GB/s, SIZE 524288.000000 KB, comm_vol 1572864.000000 KB
time 0.022914 s, REAL_BD 261.848651 GB/s, SIZE 2097152.000000 KB, comm_vol 6291456.000000 KB
[[0,1],[1,0]]
time 0.006141 s, REAL_BD 488.519785 GB/s, SIZE 524288.000000 KB, comm_vol 3145728.000000 KB
time 0.024246 s, REAL_BD 494.926998 GB/s, SIZE 2097152.000000 KB, comm_vol 12582912.000000 KB
[[0,8]]
time 0.081288 s, REAL_BD 18.452908 GB/s, SIZE 524288.000000 KB, comm_vol 1572864.000000 KB
time 0.503097 s, REAL_BD 11.926130 GB/s, SIZE 2097152.000000 KB, comm_vol 6291456.000000 KB
[[0,8],[8,0]]
time 0.145559 s, REAL_BD 20.610199 GB/s, SIZE 524288.000000 KB, comm_vol 3145728.000000 KB
time 0.979207 s, REAL_BD 12.254814 GB/s, SIZE 2097152.000000 KB, comm_vol 12582912.000000 KB
[[0,15],[15,0]]
time 0.148684 s, REAL_BD 20.177020 GB/s, SIZE 524288.000000 KB, comm_vol 3145728.000000 KB
time 0.816570 s, REAL_BD 14.695617 GB/s, SIZE 2097152.000000 KB, comm_vol 12582912.000000 KB
[[0,8],[0,15]]
time 0.154669 s, REAL_BD 19.396259 GB/s, SIZE 524288.000000 KB, comm_vol 3145728.000000 KB
time 0.865914 s, REAL_BD 13.858189 GB/s, SIZE 2097152.000000 KB, comm_vol 12582912.000000 KB
[[0,8],[0,15],[8,0],[15,0]]
time 0.300231 s, REAL_BD 19.984612 GB/s, SIZE 524288.000000 KB, comm_vol 6291456.000000 KB
time 1.491481 s, REAL_BD 16.091388 GB/s, SIZE 2097152.000000 KB, comm_vol 25165824.000000 KB
[[7,8],[15,0]]
time 0.081224 s, REAL_BD 36.934896 GB/s, SIZE 524288.000000 KB, comm_vol 3145728.000000 KB
time 0.520324 s, REAL_BD 23.062553 GB/s, SIZE 2097152.000000 KB, comm_vol 12582912.000000 KB
[[0,8],[2,10]]
time 0.116214 s, REAL_BD 25.814446 GB/s, SIZE 524288.000000 KB, comm_vol 3145728.000000 KB
time 0.656579 s, REAL_BD 18.276552 GB/s, SIZE 2097152.000000 KB, comm_vol 12582912.000000 KB
[[0,8],[8,0],[2,10],[10,2]]
time 0.188044 s, REAL_BD 31.907426 GB/s, SIZE 524288.000000 KB, comm_vol 6291456.000000 KB
time 1.035564 s, REAL_BD 23.175777 GB/s, SIZE 2097152.000000 KB, comm_vol 25165824.000000 KB
[[0,8],[4,12]]
time 0.084835 s, REAL_BD 35.362763 GB/s, SIZE 524288.000000 KB, comm_vol 3145728.000000 KB
time 0.521013 s, REAL_BD 23.032055 GB/s, SIZE 2097152.000000 KB, comm_vol 12582912.000000 KB
[[0,8],[8,0],[4,12],[12,4]]
time 0.147530 s, REAL_BD 40.669694 GB/s, SIZE 524288.000000 KB, comm_vol 6291456.000000 KB
time 0.999607 s, REAL_BD 24.009436 GB/s, SIZE 2097152.000000 KB, comm_vol 25165824.000000 KB
[[0,8],[2,10],[4,12],[6,14]]
time 0.115739 s, REAL_BD 51.840780 GB/s, SIZE 524288.000000 KB, comm_vol 6291456.000000 KB
time 0.660526 s, REAL_BD 36.334679 GB/s, SIZE 2097152.000000 KB, comm_vol 25165824.000000 KB
[[0,8],[8,0],[2,10],[10,2],[4,12],[12,4],[6,14],[14,6]]
time 0.189812 s, REAL_BD 63.220450 GB/s, SIZE 524288.000000 KB, comm_vol 12582912.000000 KB
time 1.056090 s, REAL_BD 45.450672 GB/s, SIZE 2097152.000000 KB, comm_vol 50331648.000000 KB
[[0,8],[1,9],[2,10],[3,11],[4,12],[5,13],[6,14],[7,15]]
time 0.300350 s, REAL_BD 39.953388 GB/s, SIZE 524288.000000 KB, comm_vol 12582912.000000 KB
time 1.306239 s, REAL_BD 36.746721 GB/s, SIZE 2097152.000000 KB, comm_vol 50331648.000000 KB
[[0,8],[1,9],[2,10],[3,11],[4,12],[5,13],[6,14],[7,15],[8,0],[9,1],[10,2],[11,3],[12,4],[13,5],[14,6],[15,7]]
time 0.378285 s, REAL_BD 63.444229 GB/s, SIZE 524288.000000 KB, comm_vol 25165824.000000 KB
time 2.004096 s, REAL_BD 47.901897 GB/s, SIZE 2097152.000000 KB, comm_vol 100663296.000000 KB
+ set +x
