BACKEND: NCCL
CP_FILE_NAME: small
NNODES: 2
NGPU_PER_NODE: 8
+++ which mpirun
++ dirname /home/zhaijidong/yhy/.local/openmpi/bin/mpirun
+ mpirun --prefix /home/zhaijidong/yhy/.local/openmpi/bin/../ -x LD_LIBRARY_PATH -x NCCL_DEBUG=WARN -np 32 --host g4005:8,g4006:8,g4007:8,g4008:8 ./csrc/build/conflict_allinone 32 NCCL ./scripts/configs/small_32.json
--------------------------------------------------------------------------
WARNING: There was an error initializing an OpenFabrics device.

  Local host:   g4008
  Local device: mlx5_0
--------------------------------------------------------------------------
NCCL version 2.18.5+cuda11.8
[mngg001:2698942] 31 more processes have sent help message help-mpi-btl-openib.txt / error in device init
[mngg001:2698942] Set MCA parameter "orte_base_help_aggregate" to 0 to see all help / error messages
[[0,8]]
time 0.075645 s, REAL_BD 19.829467 GB/s, SIZE 524288.000000 KB, comm_vol 1572864.000000 KB
time 0.296780 s, REAL_BD 20.216996 GB/s, SIZE 2097152.000000 KB, comm_vol 6291456.000000 KB
[[0,8],[8,16]]
time 0.140553 s, REAL_BD 21.344262 GB/s, SIZE 524288.000000 KB, comm_vol 3145728.000000 KB
time 0.808370 s, REAL_BD 14.844687 GB/s, SIZE 2097152.000000 KB, comm_vol 12582912.000000 KB
[[0,8],[8,16],[16,24]]
time 0.188254 s, REAL_BD 23.903875 GB/s, SIZE 524288.000000 KB, comm_vol 4718592.000000 KB
time 1.610364 s, REAL_BD 11.177597 GB/s, SIZE 2097152.000000 KB, comm_vol 18874368.000000 KB
[[0,8],[8,16],[16,24],[24,0]]
time 0.447149 s, REAL_BD 13.418346 GB/s, SIZE 524288.000000 KB, comm_vol 6291456.000000 KB
time 1.635985 s, REAL_BD 14.670061 GB/s, SIZE 2097152.000000 KB, comm_vol 25165824.000000 KB
[[0,8],[8,16],[16,24],[24,0],[2,10],[10,18],[18,26],[26,2]]
time 0.757782 s, REAL_BD 15.835689 GB/s, SIZE 524288.000000 KB, comm_vol 12582912.000000 KB
time 2.503965 s, REAL_BD 19.169597 GB/s, SIZE 2097152.000000 KB, comm_vol 50331648.000000 KB
[[0,8],[8,16],[16,24],[24,0],[4,12],[12,20],[20,28],[28,4]]
time 0.801771 s, REAL_BD 14.966867 GB/s, SIZE 524288.000000 KB, comm_vol 12582912.000000 KB
time 2.031119 s, REAL_BD 23.632293 GB/s, SIZE 2097152.000000 KB, comm_vol 50331648.000000 KB
[[0,8],[8,16],[16,24],[24,0],[2,10],[10,18],[18,26],[26,0],[4,12],[12,20],[20,28],[28,4],[6,14],[14,22],[22,30],[30,6]]
time 0.843585 s, REAL_BD 28.450008 GB/s, SIZE 524288.000000 KB, comm_vol 25165824.000000 KB
time 3.527704 s, REAL_BD 27.213168 GB/s, SIZE 2097152.000000 KB, comm_vol 100663296.000000 KB
[[0,8],[8,16],[16,24],[24,0],[2,10],[10,18],[18,26],[26,0],[4,12],[12,20],[20,28],[28,4],[6,14],[14,22],[22,30],[30,6],[1,9],[9,17],[17,25],[25,1],[3,11],[11,19],[19,27],[27,3],[5,13],[13,21],[21,29],[29,5],[7,15],[15,23],[23,31],[31,7]]
time 1.088730 s, REAL_BD 44.088066 GB/s, SIZE 524288.000000 KB, comm_vol 50331648.000000 KB
time 1.910180 s, REAL_BD 100.514088 GB/s, SIZE 2097152.000000 KB, comm_vol 201326592.000000 KB
