BACKEND: NCCL
CP_FILE_NAME: small
NNODES: 2
NGPU_PER_NODE: 8
+++ which mpirun
++ dirname /home/zhaijidong/yhy/.local/openmpi/bin/mpirun
+ mpirun --prefix /home/zhaijidong/yhy/.local/openmpi/bin/../ -x LD_LIBRARY_PATH -x NCCL_DEBUG=WARN -np 8 --host g4005:8 ./csrc/build/conflict_allinone 8 NCCL ./scripts/configs/small_8.json
--------------------------------------------------------------------------
WARNING: There was an error initializing an OpenFabrics device.

  Local host:   g4005
  Local device: mlx5_0
--------------------------------------------------------------------------
NCCL version 2.18.5+cuda11.8
[mngg001:1764737] 7 more processes have sent help message help-mpi-btl-openib.txt / error in device init
[mngg001:1764737] Set MCA parameter "orte_base_help_aggregate" to 0 to see all help / error messages
[[0,1]]
time 0.006688 s, REAL_BD 224.282297 GB/s, SIZE 524288.000000 KB, comm_vol 1572864.000000 KB
Failed: Cuda error conflict_allinone.cu:253 'out of memory'
--------------------------------------------------------------------------
Primary job  terminated normally, but 1 process returned
a non-zero exit code. Per user-direction, the job has been aborted.
--------------------------------------------------------------------------
--------------------------------------------------------------------------
mpirun detected that one or more processes exited with non-zero status, thus causing
the job to be terminated. The first process to do so was:

  Process name: [[27453,1],0]
  Exit code:    1
--------------------------------------------------------------------------
