BACKEND: NCCL
CP_FILE_NAME: small
NNODES: 2
NGPU_PER_NODE: 8
+++ which mpirun
++ dirname /home/zhaijidong/yhy/.local/openmpi/bin/mpirun
+ mpirun --prefix /home/zhaijidong/yhy/.local/openmpi/bin/../ -x LD_LIBRARY_PATH -x NCCL_DEBUG -x NCCL_NET_GDR_LEVEL -x NCCL_DEBUG_SUBSYS -x NCCL_IB_DISABLE -np 32 --host g3011:8,g3017:8,g3018:8,g3022:8 --map-by ppr:4:numa --bind-to core --report-bindings ./csrc/build/conflict_allinone 32 NCCL ./scripts/configs/small_32.json
Warning: Permanently added the ECDSA host key for IP address '10.2.9.1' to the list of known hosts.
Warning: Permanently added the ECDSA host key for IP address '10.3.3.2' to the list of known hosts.
[g3018:2919383] MCW rank 16 bound to socket 0[core 0[hwt 0-1]]: [BB/../../../../../../../../../../../../../../../../../../../../../../../../../../../../../../..][../../../../../../../../../../../../../../../../../../../../../../../../../../../../../../../..]
[g3018:2919383] MCW rank 17 bound to socket 0[core 1[hwt 0-1]]: [../BB/../../../../../../../../../../../../../../../../../../../../../../../../../../../../../..][../../../../../../../../../../../../../../../../../../../../../../../../../../../../../../../..]
[g3018:2919383] MCW rank 18 bound to socket 0[core 2[hwt 0-1]]: [../../BB/../../../../../../../../../../../../../../../../../../../../../../../../../../../../..][../../../../../../../../../../../../../../../../../../../../../../../../../../../../../../../..]
[g3018:2919383] MCW rank 19 bound to socket 0[core 3[hwt 0-1]]: [../../../BB/../../../../../../../../../../../../../../../../../../../../../../../../../../../..][../../../../../../../../../../../../../../../../../../../../../../../../../../../../../../../..]
[g3018:2919383] MCW rank 20 bound to socket 1[core 32[hwt 0-1]]: [../../../../../../../../../../../../../../../../../../../../../../../../../../../../../../../..][BB/../../../../../../../../../../../../../../../../../../../../../../../../../../../../../../..]
[g3018:2919383] MCW rank 21 bound to socket 1[core 33[hwt 0-1]]: [../../../../../../../../../../../../../../../../../../../../../../../../../../../../../../../..][../BB/../../../../../../../../../../../../../../../../../../../../../../../../../../../../../..]
[g3018:2919383] MCW rank 22 bound to socket 1[core 34[hwt 0-1]]: [../../../../../../../../../../../../../../../../../../../../../../../../../../../../../../../..][../../BB/../../../../../../../../../../../../../../../../../../../../../../../../../../../../..]
[g3018:2919383] MCW rank 23 bound to socket 1[core 35[hwt 0-1]]: [../../../../../../../../../../../../../../../../../../../../../../../../../../../../../../../..][../../../BB/../../../../../../../../../../../../../../../../../../../../../../../../../../../..]
[g3017:1542012] MCW rank 8 bound to socket 0[core 0[hwt 0-1]]: [BB/../../../../../../../../../../../../../../../../../../../../../../../../../../../../../../..][../../../../../../../../../../../../../../../../../../../../../../../../../../../../../../../..]
[g3017:1542012] MCW rank 9 bound to socket 0[core 1[hwt 0-1]]: [../BB/../../../../../../../../../../../../../../../../../../../../../../../../../../../../../..][../../../../../../../../../../../../../../../../../../../../../../../../../../../../../../../..]
[g3017:1542012] MCW rank 10 bound to socket 0[core 2[hwt 0-1]]: [../../BB/../../../../../../../../../../../../../../../../../../../../../../../../../../../../..][../../../../../../../../../../../../../../../../../../../../../../../../../../../../../../../..]
[g3017:1542012] MCW rank 11 bound to socket 0[core 3[hwt 0-1]]: [../../../BB/../../../../../../../../../../../../../../../../../../../../../../../../../../../..][../../../../../../../../../../../../../../../../../../../../../../../../../../../../../../../..]
[g3017:1542012] MCW rank 12 bound to socket 1[core 32[hwt 0-1]]: [../../../../../../../../../../../../../../../../../../../../../../../../../../../../../../../..][BB/../../../../../../../../../../../../../../../../../../../../../../../../../../../../../../..]
[g3017:1542012] MCW rank 13 bound to socket 1[core 33[hwt 0-1]]: [../../../../../../../../../../../../../../../../../../../../../../../../../../../../../../../..][../BB/../../../../../../../../../../../../../../../../../../../../../../../../../../../../../..]
[g3017:1542012] MCW rank 14 bound to socket 1[core 34[hwt 0-1]]: [../../../../../../../../../../../../../../../../../../../../../../../../../../../../../../../..][../../BB/../../../../../../../../../../../../../../../../../../../../../../../../../../../../..]
[g3017:1542012] MCW rank 15 bound to socket 1[core 35[hwt 0-1]]: [../../../../../../../../../../../../../../../../../../../../../../../../../../../../../../../..][../../../BB/../../../../../../../../../../../../../../../../../../../../../../../../../../../..]
[g3011:3151654] MCW rank 0 bound to socket 0[core 0[hwt 0-1]]: [BB/../../../../../../../../../../../../../../../../../../../../../../../../../../../../../../..][../../../../../../../../../../../../../../../../../../../../../../../../../../../../../../../..]
[g3011:3151654] MCW rank 1 bound to socket 0[core 1[hwt 0-1]]: [../BB/../../../../../../../../../../../../../../../../../../../../../../../../../../../../../..][../../../../../../../../../../../../../../../../../../../../../../../../../../../../../../../..]
[g3011:3151654] MCW rank 2 bound to socket 0[core 2[hwt 0-1]]: [../../BB/../../../../../../../../../../../../../../../../../../../../../../../../../../../../..][../../../../../../../../../../../../../../../../../../../../../../../../../../../../../../../..]
[g3011:3151654] MCW rank 3 bound to socket 0[core 3[hwt 0-1]]: [../../../BB/../../../../../../../../../../../../../../../../../../../../../../../../../../../..][../../../../../../../../../../../../../../../../../../../../../../../../../../../../../../../..]
[g3011:3151654] MCW rank 4 bound to socket 1[core 32[hwt 0-1]]: [../../../../../../../../../../../../../../../../../../../../../../../../../../../../../../../..][BB/../../../../../../../../../../../../../../../../../../../../../../../../../../../../../../..]
[g3011:3151654] MCW rank 5 bound to socket 1[core 33[hwt 0-1]]: [../../../../../../../../../../../../../../../../../../../../../../../../../../../../../../../..][../BB/../../../../../../../../../../../../../../../../../../../../../../../../../../../../../..]
[g3011:3151654] MCW rank 6 bound to socket 1[core 34[hwt 0-1]]: [../../../../../../../../../../../../../../../../../../../../../../../../../../../../../../../..][../../BB/../../../../../../../../../../../../../../../../../../../../../../../../../../../../..]
[g3011:3151654] MCW rank 7 bound to socket 1[core 35[hwt 0-1]]: [../../../../../../../../../../../../../../../../../../../../../../../../../../../../../../../..][../../../BB/../../../../../../../../../../../../../../../../../../../../../../../../../../../..]
[g3022:1699985] MCW rank 24 bound to socket 0[core 0[hwt 0-1]]: [BB/../../../../../../../../../../../../../../../../../../../../../../../../../../../../../../..][../../../../../../../../../../../../../../../../../../../../../../../../../../../../../../../..]
[g3022:1699985] MCW rank 25 bound to socket 0[core 1[hwt 0-1]]: [../BB/../../../../../../../../../../../../../../../../../../../../../../../../../../../../../..][../../../../../../../../../../../../../../../../../../../../../../../../../../../../../../../..]
[g3022:1699985] MCW rank 26 bound to socket 0[core 2[hwt 0-1]]: [../../BB/../../../../../../../../../../../../../../../../../../../../../../../../../../../../..][../../../../../../../../../../../../../../../../../../../../../../../../../../../../../../../..]
[g3022:1699985] MCW rank 27 bound to socket 0[core 3[hwt 0-1]]: [../../../BB/../../../../../../../../../../../../../../../../../../../../../../../../../../../..][../../../../../../../../../../../../../../../../../../../../../../../../../../../../../../../..]
[g3022:1699985] MCW rank 28 bound to socket 1[core 32[hwt 0-1]]: [../../../../../../../../../../../../../../../../../../../../../../../../../../../../../../../..][BB/../../../../../../../../../../../../../../../../../../../../../../../../../../../../../../..]
[g3022:1699985] MCW rank 29 bound to socket 1[core 33[hwt 0-1]]: [../../../../../../../../../../../../../../../../../../../../../../../../../../../../../../../..][../BB/../../../../../../../../../../../../../../../../../../../../../../../../../../../../../..]
[g3022:1699985] MCW rank 30 bound to socket 1[core 34[hwt 0-1]]: [../../../../../../../../../../../../../../../../../../../../../../../../../../../../../../../..][../../BB/../../../../../../../../../../../../../../../../../../../../../../../../../../../../..]
[g3022:1699985] MCW rank 31 bound to socket 1[core 35[hwt 0-1]]: [../../../../../../../../../../../../../../../../../../../../../../../../../../../../../../../..][../../../BB/../../../../../../../../../../../../../../../../../../../../../../../../../../../..]
--------------------------------------------------------------------------
WARNING: There was an error initializing an OpenFabrics device.

  Local host:   g3017
  Local device: mlx5_0
--------------------------------------------------------------------------
[dmx-login03:1132568] 31 more processes have sent help message help-mpi-btl-openib.txt / error in device init
[dmx-login03:1132568] Set MCA parameter "orte_base_help_aggregate" to 0 to see all help / error messages
NCCL version 2.18.5+cuda11.8
[[0,8]]
time 0.072113 s, REAL_BD 20.800688 GB/s, SIZE 524288.000000 KB, comm_vol 1572864.000000 KB
time 0.294397 s, REAL_BD 20.380642 GB/s, SIZE 2097152.000000 KB, comm_vol 6291456.000000 KB
[[0,8],[8,16]]
time 0.077818 s, REAL_BD 38.551492 GB/s, SIZE 524288.000000 KB, comm_vol 3145728.000000 KB
time 0.312156 s, REAL_BD 38.442317 GB/s, SIZE 2097152.000000 KB, comm_vol 12582912.000000 KB
[[0,8],[8,16],[16,24]]
time 0.077702 s, REAL_BD 57.913567 GB/s, SIZE 524288.000000 KB, comm_vol 4718592.000000 KB
time 0.312060 s, REAL_BD 57.681215 GB/s, SIZE 2097152.000000 KB, comm_vol 18874368.000000 KB
[[0,8],[8,16],[16,24],[24,0]]
time 0.080372 s, REAL_BD 74.652864 GB/s, SIZE 524288.000000 KB, comm_vol 6291456.000000 KB
time 0.318160 s, REAL_BD 75.433744 GB/s, SIZE 2097152.000000 KB, comm_vol 25165824.000000 KB
[[0,8],[8,16],[16,24],[24,0],[2,10],[10,18],[18,26],[26,2]]
time 0.082817 s, REAL_BD 144.897787 GB/s, SIZE 524288.000000 KB, comm_vol 12582912.000000 KB
time 0.317431 s, REAL_BD 151.213965 GB/s, SIZE 2097152.000000 KB, comm_vol 50331648.000000 KB
[[0,8],[8,16],[16,24],[24,0],[4,12],[12,20],[20,28],[28,4]]
time 0.090245 s, REAL_BD 132.971356 GB/s, SIZE 524288.000000 KB, comm_vol 12582912.000000 KB
time 0.315764 s, REAL_BD 152.012262 GB/s, SIZE 2097152.000000 KB, comm_vol 50331648.000000 KB
[[0,8],[8,16],[16,24],[24,0],[2,10],[10,18],[18,26],[26,0],[4,12],[12,20],[20,28],[28,4],[6,14],[14,22],[22,30],[30,6]]
time 0.138013 s, REAL_BD 173.896662 GB/s, SIZE 524288.000000 KB, comm_vol 25165824.000000 KB
time 0.548757 s, REAL_BD 174.940821 GB/s, SIZE 2097152.000000 KB, comm_vol 100663296.000000 KB
[[0,8],[8,16],[16,24],[24,0],[2,10],[10,18],[18,26],[26,0],[4,12],[12,20],[20,28],[28,4],[6,14],[14,22],[22,30],[30,6],[1,9],[9,17],[17,25],[25,1],[3,11],[11,19],[19,27],[27,3],[5,13],[13,21],[21,29],[29,5],[7,15],[15,23],[23,31],[31,7]]
time 0.201711 s, REAL_BD 237.964216 GB/s, SIZE 524288.000000 KB, comm_vol 50331648.000000 KB
time 0.806931 s, REAL_BD 237.938560 GB/s, SIZE 2097152.000000 KB, comm_vol 201326592.000000 KB
+ set +x
BACKEND: MPI
CP_FILE_NAME: small
NNODES: 2
NGPU_PER_NODE: 8
+++ which mpirun
++ dirname /home/zhaijidong/yhy/.local/openmpi/bin/mpirun
+ mpirun --prefix /home/zhaijidong/yhy/.local/openmpi/bin/../ -x LD_LIBRARY_PATH -x NCCL_DEBUG -x NCCL_NET_GDR_LEVEL -x NCCL_DEBUG_SUBSYS -x NCCL_IB_DISABLE -np 32 --host g3011:8,g3017:8,g3018:8,g3022:8 --map-by ppr:4:numa --bind-to core --report-bindings ./csrc/build/conflict_allinone 32 MPI ./scripts/configs/small_32.json
[g3011:3152011] MCW rank 0 bound to socket 0[core 0[hwt 0-1]]: [BB/../../../../../../../../../../../../../../../../../../../../../../../../../../../../../../..][../../../../../../../../../../../../../../../../../../../../../../../../../../../../../../../..]
[g3011:3152011] MCW rank 1 bound to socket 0[core 1[hwt 0-1]]: [../BB/../../../../../../../../../../../../../../../../../../../../../../../../../../../../../..][../../../../../../../../../../../../../../../../../../../../../../../../../../../../../../../..]
[g3011:3152011] MCW rank 2 bound to socket 0[core 2[hwt 0-1]]: [../../BB/../../../../../../../../../../../../../../../../../../../../../../../../../../../../..][../../../../../../../../../../../../../../../../../../../../../../../../../../../../../../../..]
[g3011:3152011] MCW rank 3 bound to socket 0[core 3[hwt 0-1]]: [../../../BB/../../../../../../../../../../../../../../../../../../../../../../../../../../../..][../../../../../../../../../../../../../../../../../../../../../../../../../../../../../../../..]
[g3011:3152011] MCW rank 4 bound to socket 1[core 32[hwt 0-1]]: [../../../../../../../../../../../../../../../../../../../../../../../../../../../../../../../..][BB/../../../../../../../../../../../../../../../../../../../../../../../../../../../../../../..]
[g3011:3152011] MCW rank 5 bound to socket 1[core 33[hwt 0-1]]: [../../../../../../../../../../../../../../../../../../../../../../../../../../../../../../../..][../BB/../../../../../../../../../../../../../../../../../../../../../../../../../../../../../..]
[g3011:3152011] MCW rank 6 bound to socket 1[core 34[hwt 0-1]]: [../../../../../../../../../../../../../../../../../../../../../../../../../../../../../../../..][../../BB/../../../../../../../../../../../../../../../../../../../../../../../../../../../../..]
[g3011:3152011] MCW rank 7 bound to socket 1[core 35[hwt 0-1]]: [../../../../../../../../../../../../../../../../../../../../../../../../../../../../../../../..][../../../BB/../../../../../../../../../../../../../../../../../../../../../../../../../../../..]
[g3017:1542436] MCW rank 8 bound to socket 0[core 0[hwt 0-1]]: [BB/../../../../../../../../../../../../../../../../../../../../../../../../../../../../../../..][../../../../../../../../../../../../../../../../../../../../../../../../../../../../../../../..]
[g3017:1542436] MCW rank 9 bound to socket 0[core 1[hwt 0-1]]: [../BB/../../../../../../../../../../../../../../../../../../../../../../../../../../../../../..][../../../../../../../../../../../../../../../../../../../../../../../../../../../../../../../..]
[g3017:1542436] MCW rank 10 bound to socket 0[core 2[hwt 0-1]]: [../../BB/../../../../../../../../../../../../../../../../../../../../../../../../../../../../..][../../../../../../../../../../../../../../../../../../../../../../../../../../../../../../../..]
[g3017:1542436] MCW rank 11 bound to socket 0[core 3[hwt 0-1]]: [../../../BB/../../../../../../../../../../../../../../../../../../../../../../../../../../../..][../../../../../../../../../../../../../../../../../../../../../../../../../../../../../../../..]
[g3017:1542436] MCW rank 12 bound to socket 1[core 32[hwt 0-1]]: [../../../../../../../../../../../../../../../../../../../../../../../../../../../../../../../..][BB/../../../../../../../../../../../../../../../../../../../../../../../../../../../../../../..]
[g3017:1542436] MCW rank 13 bound to socket 1[core 33[hwt 0-1]]: [../../../../../../../../../../../../../../../../../../../../../../../../../../../../../../../..][../BB/../../../../../../../../../../../../../../../../../../../../../../../../../../../../../..]
[g3017:1542436] MCW rank 14 bound to socket 1[core 34[hwt 0-1]]: [../../../../../../../../../../../../../../../../../../../../../../../../../../../../../../../..][../../BB/../../../../../../../../../../../../../../../../../../../../../../../../../../../../..]
[g3017:1542436] MCW rank 15 bound to socket 1[core 35[hwt 0-1]]: [../../../../../../../../../../../../../../../../../../../../../../../../../../../../../../../..][../../../BB/../../../../../../../../../../../../../../../../../../../../../../../../../../../..]
[g3018:2919785] MCW rank 16 bound to socket 0[core 0[hwt 0-1]]: [BB/../../../../../../../../../../../../../../../../../../../../../../../../../../../../../../..][../../../../../../../../../../../../../../../../../../../../../../../../../../../../../../../..]
[g3018:2919785] MCW rank 17 bound to socket 0[core 1[hwt 0-1]]: [../BB/../../../../../../../../../../../../../../../../../../../../../../../../../../../../../..][../../../../../../../../../../../../../../../../../../../../../../../../../../../../../../../..]
[g3018:2919785] MCW rank 18 bound to socket 0[core 2[hwt 0-1]]: [../../BB/../../../../../../../../../../../../../../../../../../../../../../../../../../../../..][../../../../../../../../../../../../../../../../../../../../../../../../../../../../../../../..]
[g3018:2919785] MCW rank 19 bound to socket 0[core 3[hwt 0-1]]: [../../../BB/../../../../../../../../../../../../../../../../../../../../../../../../../../../..][../../../../../../../../../../../../../../../../../../../../../../../../../../../../../../../..]
[g3018:2919785] MCW rank 20 bound to socket 1[core 32[hwt 0-1]]: [../../../../../../../../../../../../../../../../../../../../../../../../../../../../../../../..][BB/../../../../../../../../../../../../../../../../../../../../../../../../../../../../../../..]
[g3018:2919785] MCW rank 21 bound to socket 1[core 33[hwt 0-1]]: [../../../../../../../../../../../../../../../../../../../../../../../../../../../../../../../..][../BB/../../../../../../../../../../../../../../../../../../../../../../../../../../../../../..]
[g3018:2919785] MCW rank 22 bound to socket 1[core 34[hwt 0-1]]: [../../../../../../../../../../../../../../../../../../../../../../../../../../../../../../../..][../../BB/../../../../../../../../../../../../../../../../../../../../../../../../../../../../..]
[g3018:2919785] MCW rank 23 bound to socket 1[core 35[hwt 0-1]]: [../../../../../../../../../../../../../../../../../../../../../../../../../../../../../../../..][../../../BB/../../../../../../../../../../../../../../../../../../../../../../../../../../../..]
[g3022:1700364] MCW rank 24 bound to socket 0[core 0[hwt 0-1]]: [BB/../../../../../../../../../../../../../../../../../../../../../../../../../../../../../../..][../../../../../../../../../../../../../../../../../../../../../../../../../../../../../../../..]
[g3022:1700364] MCW rank 25 bound to socket 0[core 1[hwt 0-1]]: [../BB/../../../../../../../../../../../../../../../../../../../../../../../../../../../../../..][../../../../../../../../../../../../../../../../../../../../../../../../../../../../../../../..]
[g3022:1700364] MCW rank 26 bound to socket 0[core 2[hwt 0-1]]: [../../BB/../../../../../../../../../../../../../../../../../../../../../../../../../../../../..][../../../../../../../../../../../../../../../../../../../../../../../../../../../../../../../..]
[g3022:1700364] MCW rank 27 bound to socket 0[core 3[hwt 0-1]]: [../../../BB/../../../../../../../../../../../../../../../../../../../../../../../../../../../..][../../../../../../../../../../../../../../../../../../../../../../../../../../../../../../../..]
[g3022:1700364] MCW rank 28 bound to socket 1[core 32[hwt 0-1]]: [../../../../../../../../../../../../../../../../../../../../../../../../../../../../../../../..][BB/../../../../../../../../../../../../../../../../../../../../../../../../../../../../../../..]
[g3022:1700364] MCW rank 29 bound to socket 1[core 33[hwt 0-1]]: [../../../../../../../../../../../../../../../../../../../../../../../../../../../../../../../..][../BB/../../../../../../../../../../../../../../../../../../../../../../../../../../../../../..]
[g3022:1700364] MCW rank 30 bound to socket 1[core 34[hwt 0-1]]: [../../../../../../../../../../../../../../../../../../../../../../../../../../../../../../../..][../../BB/../../../../../../../../../../../../../../../../../../../../../../../../../../../../..]
[g3022:1700364] MCW rank 31 bound to socket 1[core 35[hwt 0-1]]: [../../../../../../../../../../../../../../../../../../../../../../../../../../../../../../../..][../../../BB/../../../../../../../../../../../../../../../../../../../../../../../../../../../..]
--------------------------------------------------------------------------
WARNING: There was an error initializing an OpenFabrics device.

  Local host:   g3011
  Local device: mlx5_0
--------------------------------------------------------------------------
[[0,8]]
NCCL version 2.18.5+cuda11.8
time 0.069017 s, REAL_BD 21.733776 GB/s, SIZE 524288.000000 KB, comm_vol 1572864.000000 KB
[dmx-login03:1132986] 31 more processes have sent help message help-mpi-btl-openib.txt / error in device init
[dmx-login03:1132986] Set MCA parameter "orte_base_help_aggregate" to 0 to see all help / error messages
time 0.276828 s, REAL_BD 21.674108 GB/s, SIZE 2097152.000000 KB, comm_vol 6291456.000000 KB
[[0,8],[8,16]]
time 0.074708 s, REAL_BD 40.156342 GB/s, SIZE 524288.000000 KB, comm_vol 3145728.000000 KB
time 0.300314 s, REAL_BD 39.958177 GB/s, SIZE 2097152.000000 KB, comm_vol 12582912.000000 KB
[[0,8],[8,16],[16,24]]
time 0.075366 s, REAL_BD 59.708622 GB/s, SIZE 524288.000000 KB, comm_vol 4718592.000000 KB
time 0.303896 s, REAL_BD 59.230789 GB/s, SIZE 2097152.000000 KB, comm_vol 18874368.000000 KB
[[0,8],[8,16],[16,24],[24,0]]
time 0.076307 s, REAL_BD 78.629746 GB/s, SIZE 524288.000000 KB, comm_vol 6291456.000000 KB
time 0.306001 s, REAL_BD 78.431116 GB/s, SIZE 2097152.000000 KB, comm_vol 25165824.000000 KB
[[0,8],[8,16],[16,24],[24,0],[2,10],[10,18],[18,26],[26,2]]
time 0.080298 s, REAL_BD 149.443324 GB/s, SIZE 524288.000000 KB, comm_vol 12582912.000000 KB
time 0.331852 s, REAL_BD 144.642793 GB/s, SIZE 2097152.000000 KB, comm_vol 50331648.000000 KB
[[0,8],[8,16],[16,24],[24,0],[4,12],[12,20],[20,28],[28,4]]
time 0.083750 s, REAL_BD 143.283582 GB/s, SIZE 524288.000000 KB, comm_vol 12582912.000000 KB
time 0.331506 s, REAL_BD 144.793759 GB/s, SIZE 2097152.000000 KB, comm_vol 50331648.000000 KB
[[0,8],[8,16],[16,24],[24,0],[2,10],[10,18],[18,26],[26,0],[4,12],[12,20],[20,28],[28,4],[6,14],[14,22],[22,30],[30,6]]
time 0.132294 s, REAL_BD 181.414123 GB/s, SIZE 524288.000000 KB, comm_vol 25165824.000000 KB
time 0.600143 s, REAL_BD 159.961876 GB/s, SIZE 2097152.000000 KB, comm_vol 100663296.000000 KB
[[0,8],[8,16],[16,24],[24,0],[2,10],[10,18],[18,26],[26,0],[4,12],[12,20],[20,28],[28,4],[6,14],[14,22],[22,30],[30,6],[1,9],[9,17],[17,25],[25,1],[3,11],[11,19],[19,27],[27,3],[5,13],[13,21],[21,29],[29,5],[7,15],[15,23],[23,31],[31,7]]
time 0.197984 s, REAL_BD 242.443834 GB/s, SIZE 524288.000000 KB, comm_vol 50331648.000000 KB
time 0.841848 s, REAL_BD 228.069675 GB/s, SIZE 2097152.000000 KB, comm_vol 201326592.000000 KB
+ set +x
