BACKEND: NCCL
CP_FILE_NAME: small
NNODES: 2
NGPU_PER_NODE: 8
+++ which mpirun
++ dirname /home/zhaijidong/yhy/.local/openmpi/bin/mpirun
+ mpirun --prefix /home/zhaijidong/yhy/.local/openmpi/bin/../ -x LD_LIBRARY_PATH -x NCCL_DEBUG -x NCCL_NET_GDR_LEVEL -x NCCL_DEBUG_SUBSYS -x NCCL_IB_DISABLE -np 16 --host g3017:8,g3018:8 --map-by ppr:4:numa --bind-to core --report-bindings ./csrc/build/conflict_allinone 16 NCCL ./scripts/configs/small_16.json
[g3018:2917947] MCW rank 8 bound to socket 0[core 0[hwt 0-1]]: [BB/../../../../../../../../../../../../../../../../../../../../../../../../../../../../../../..][../../../../../../../../../../../../../../../../../../../../../../../../../../../../../../../..]
[g3018:2917947] MCW rank 9 bound to socket 0[core 1[hwt 0-1]]: [../BB/../../../../../../../../../../../../../../../../../../../../../../../../../../../../../..][../../../../../../../../../../../../../../../../../../../../../../../../../../../../../../../..]
[g3018:2917947] MCW rank 10 bound to socket 0[core 2[hwt 0-1]]: [../../BB/../../../../../../../../../../../../../../../../../../../../../../../../../../../../..][../../../../../../../../../../../../../../../../../../../../../../../../../../../../../../../..]
[g3018:2917947] MCW rank 11 bound to socket 0[core 3[hwt 0-1]]: [../../../BB/../../../../../../../../../../../../../../../../../../../../../../../../../../../..][../../../../../../../../../../../../../../../../../../../../../../../../../../../../../../../..]
[g3018:2917947] MCW rank 12 bound to socket 1[core 32[hwt 0-1]]: [../../../../../../../../../../../../../../../../../../../../../../../../../../../../../../../..][BB/../../../../../../../../../../../../../../../../../../../../../../../../../../../../../../..]
[g3018:2917947] MCW rank 13 bound to socket 1[core 33[hwt 0-1]]: [../../../../../../../../../../../../../../../../../../../../../../../../../../../../../../../..][../BB/../../../../../../../../../../../../../../../../../../../../../../../../../../../../../..]
[g3018:2917947] MCW rank 14 bound to socket 1[core 34[hwt 0-1]]: [../../../../../../../../../../../../../../../../../../../../../../../../../../../../../../../..][../../BB/../../../../../../../../../../../../../../../../../../../../../../../../../../../../..]
[g3018:2917947] MCW rank 15 bound to socket 1[core 35[hwt 0-1]]: [../../../../../../../../../../../../../../../../../../../../../../../../../../../../../../../..][../../../BB/../../../../../../../../../../../../../../../../../../../../../../../../../../../..]
[g3017:1540525] MCW rank 0 bound to socket 0[core 0[hwt 0-1]]: [BB/../../../../../../../../../../../../../../../../../../../../../../../../../../../../../../..][../../../../../../../../../../../../../../../../../../../../../../../../../../../../../../../..]
[g3017:1540525] MCW rank 1 bound to socket 0[core 1[hwt 0-1]]: [../BB/../../../../../../../../../../../../../../../../../../../../../../../../../../../../../..][../../../../../../../../../../../../../../../../../../../../../../../../../../../../../../../..]
[g3017:1540525] MCW rank 2 bound to socket 0[core 2[hwt 0-1]]: [../../BB/../../../../../../../../../../../../../../../../../../../../../../../../../../../../..][../../../../../../../../../../../../../../../../../../../../../../../../../../../../../../../..]
[g3017:1540525] MCW rank 3 bound to socket 0[core 3[hwt 0-1]]: [../../../BB/../../../../../../../../../../../../../../../../../../../../../../../../../../../..][../../../../../../../../../../../../../../../../../../../../../../../../../../../../../../../..]
[g3017:1540525] MCW rank 4 bound to socket 1[core 32[hwt 0-1]]: [../../../../../../../../../../../../../../../../../../../../../../../../../../../../../../../..][BB/../../../../../../../../../../../../../../../../../../../../../../../../../../../../../../..]
[g3017:1540525] MCW rank 5 bound to socket 1[core 33[hwt 0-1]]: [../../../../../../../../../../../../../../../../../../../../../../../../../../../../../../../..][../BB/../../../../../../../../../../../../../../../../../../../../../../../../../../../../../..]
[g3017:1540525] MCW rank 6 bound to socket 1[core 34[hwt 0-1]]: [../../../../../../../../../../../../../../../../../../../../../../../../../../../../../../../..][../../BB/../../../../../../../../../../../../../../../../../../../../../../../../../../../../..]
[g3017:1540525] MCW rank 7 bound to socket 1[core 35[hwt 0-1]]: [../../../../../../../../../../../../../../../../../../../../../../../../../../../../../../../..][../../../BB/../../../../../../../../../../../../../../../../../../../../../../../../../../../..]
--------------------------------------------------------------------------
WARNING: There was an error initializing an OpenFabrics device.

  Local host:   g3018
  Local device: mlx5_0
--------------------------------------------------------------------------
[dmx-login03:1129663] 15 more processes have sent help message help-mpi-btl-openib.txt / error in device init
[dmx-login03:1129663] Set MCA parameter "orte_base_help_aggregate" to 0 to see all help / error messages
NCCL version 2.18.5+cuda11.8
[[0,1]]
time 0.006713 s, REAL_BD 223.447043 GB/s, SIZE 524288.000000 KB, comm_vol 1572864.000000 KB
time 0.025600 s, REAL_BD 234.375000 GB/s, SIZE 2097152.000000 KB, comm_vol 6291456.000000 KB
[[0,1],[1,0]]
time 0.007229 s, REAL_BD 414.995158 GB/s, SIZE 524288.000000 KB, comm_vol 3145728.000000 KB
time 0.027480 s, REAL_BD 436.681223 GB/s, SIZE 2097152.000000 KB, comm_vol 12582912.000000 KB
[[0,8]]
time 0.068496 s, REAL_BD 21.899089 GB/s, SIZE 524288.000000 KB, comm_vol 1572864.000000 KB
time 0.277282 s, REAL_BD 21.638621 GB/s, SIZE 2097152.000000 KB, comm_vol 6291456.000000 KB
[[0,8],[8,0]]
time 0.077315 s, REAL_BD 38.802302 GB/s, SIZE 524288.000000 KB, comm_vol 3145728.000000 KB
time 0.309276 s, REAL_BD 38.800295 GB/s, SIZE 2097152.000000 KB, comm_vol 12582912.000000 KB
[[0,15],[15,0]]
time 0.077666 s, REAL_BD 38.626941 GB/s, SIZE 524288.000000 KB, comm_vol 3145728.000000 KB
time 0.310085 s, REAL_BD 38.699066 GB/s, SIZE 2097152.000000 KB, comm_vol 12582912.000000 KB
[[0,8],[0,15]]
time 0.132420 s, REAL_BD 22.655188 GB/s, SIZE 524288.000000 KB, comm_vol 3145728.000000 KB
time 0.529613 s, REAL_BD 22.658054 GB/s, SIZE 2097152.000000 KB, comm_vol 12582912.000000 KB
[[0,8],[0,15],[8,0],[15,0]]
time 0.141217 s, REAL_BD 42.487802 GB/s, SIZE 524288.000000 KB, comm_vol 6291456.000000 KB
time 0.563459 s, REAL_BD 42.594049 GB/s, SIZE 2097152.000000 KB, comm_vol 25165824.000000 KB
[[7,8],[15,0]]
time 0.072203 s, REAL_BD 41.549520 GB/s, SIZE 524288.000000 KB, comm_vol 3145728.000000 KB
time 0.287832 s, REAL_BD 41.690986 GB/s, SIZE 2097152.000000 KB, comm_vol 12582912.000000 KB
[[0,8],[2,10]]
time 0.069139 s, REAL_BD 43.390850 GB/s, SIZE 524288.000000 KB, comm_vol 3145728.000000 KB
time 0.278398 s, REAL_BD 43.103758 GB/s, SIZE 2097152.000000 KB, comm_vol 12582912.000000 KB
[[0,8],[8,0],[2,10],[10,2]]
time 0.077951 s, REAL_BD 76.971431 GB/s, SIZE 524288.000000 KB, comm_vol 6291456.000000 KB
time 0.310921 s, REAL_BD 77.190026 GB/s, SIZE 2097152.000000 KB, comm_vol 25165824.000000 KB
[[0,8],[4,12]]
time 0.069047 s, REAL_BD 43.448665 GB/s, SIZE 524288.000000 KB, comm_vol 3145728.000000 KB
time 0.278907 s, REAL_BD 43.025094 GB/s, SIZE 2097152.000000 KB, comm_vol 12582912.000000 KB
[[0,8],[8,0],[4,12],[12,4]]
time 0.077591 s, REAL_BD 77.328556 GB/s, SIZE 524288.000000 KB, comm_vol 6291456.000000 KB
time 0.308894 s, REAL_BD 77.696556 GB/s, SIZE 2097152.000000 KB, comm_vol 25165824.000000 KB
[[0,8],[2,10],[4,12],[6,14]]
time 0.069187 s, REAL_BD 86.721494 GB/s, SIZE 524288.000000 KB, comm_vol 6291456.000000 KB
time 0.279065 s, REAL_BD 86.001469 GB/s, SIZE 2097152.000000 KB, comm_vol 25165824.000000 KB
[[0,8],[8,0],[2,10],[10,2],[4,12],[12,4],[6,14],[14,6]]
time 0.090704 s, REAL_BD 132.298465 GB/s, SIZE 524288.000000 KB, comm_vol 12582912.000000 KB
time 0.311257 s, REAL_BD 154.213399 GB/s, SIZE 2097152.000000 KB, comm_vol 50331648.000000 KB
[[0,8],[1,9],[2,10],[3,11],[4,12],[5,13],[6,14],[7,15]]
time 0.133136 s, REAL_BD 90.133397 GB/s, SIZE 524288.000000 KB, comm_vol 12582912.000000 KB
time 0.531677 s, REAL_BD 90.280377 GB/s, SIZE 2097152.000000 KB, comm_vol 50331648.000000 KB
[[0,8],[1,9],[2,10],[3,11],[4,12],[5,13],[6,14],[7,15],[8,0],[9,1],[10,2],[11,3],[12,4],[13,5],[14,6],[15,7]]
time 0.140256 s, REAL_BD 171.115674 GB/s, SIZE 524288.000000 KB, comm_vol 25165824.000000 KB
time 0.551489 s, REAL_BD 174.074188 GB/s, SIZE 2097152.000000 KB, comm_vol 100663296.000000 KB
+ set +x
BACKEND: MPI
CP_FILE_NAME: small
NNODES: 2
NGPU_PER_NODE: 8
+++ which mpirun
++ dirname /home/zhaijidong/yhy/.local/openmpi/bin/mpirun
+ mpirun --prefix /home/zhaijidong/yhy/.local/openmpi/bin/../ -x LD_LIBRARY_PATH -x NCCL_DEBUG -x NCCL_NET_GDR_LEVEL -x NCCL_DEBUG_SUBSYS -x NCCL_IB_DISABLE -np 16 --host g3017:8,g3018:8 --map-by ppr:4:numa --bind-to core --report-bindings ./csrc/build/conflict_allinone 16 MPI ./scripts/configs/small_16.json
[g3017:1541034] MCW rank 0 bound to socket 0[core 0[hwt 0-1]]: [BB/../../../../../../../../../../../../../../../../../../../../../../../../../../../../../../..][../../../../../../../../../../../../../../../../../../../../../../../../../../../../../../../..]
[g3017:1541034] MCW rank 1 bound to socket 0[core 1[hwt 0-1]]: [../BB/../../../../../../../../../../../../../../../../../../../../../../../../../../../../../..][../../../../../../../../../../../../../../../../../../../../../../../../../../../../../../../..]
[g3017:1541034] MCW rank 2 bound to socket 0[core 2[hwt 0-1]]: [../../BB/../../../../../../../../../../../../../../../../../../../../../../../../../../../../..][../../../../../../../../../../../../../../../../../../../../../../../../../../../../../../../..]
[g3017:1541034] MCW rank 3 bound to socket 0[core 3[hwt 0-1]]: [../../../BB/../../../../../../../../../../../../../../../../../../../../../../../../../../../..][../../../../../../../../../../../../../../../../../../../../../../../../../../../../../../../..]
[g3017:1541034] MCW rank 4 bound to socket 1[core 32[hwt 0-1]]: [../../../../../../../../../../../../../../../../../../../../../../../../../../../../../../../..][BB/../../../../../../../../../../../../../../../../../../../../../../../../../../../../../../..]
[g3017:1541034] MCW rank 5 bound to socket 1[core 33[hwt 0-1]]: [../../../../../../../../../../../../../../../../../../../../../../../../../../../../../../../..][../BB/../../../../../../../../../../../../../../../../../../../../../../../../../../../../../..]
[g3017:1541034] MCW rank 6 bound to socket 1[core 34[hwt 0-1]]: [../../../../../../../../../../../../../../../../../../../../../../../../../../../../../../../..][../../BB/../../../../../../../../../../../../../../../../../../../../../../../../../../../../..]
[g3017:1541034] MCW rank 7 bound to socket 1[core 35[hwt 0-1]]: [../../../../../../../../../../../../../../../../../../../../../../../../../../../../../../../..][../../../BB/../../../../../../../../../../../../../../../../../../../../../../../../../../../..]
[g3018:2918417] MCW rank 8 bound to socket 0[core 0[hwt 0-1]]: [BB/../../../../../../../../../../../../../../../../../../../../../../../../../../../../../../..][../../../../../../../../../../../../../../../../../../../../../../../../../../../../../../../..]
[g3018:2918417] MCW rank 9 bound to socket 0[core 1[hwt 0-1]]: [../BB/../../../../../../../../../../../../../../../../../../../../../../../../../../../../../..][../../../../../../../../../../../../../../../../../../../../../../../../../../../../../../../..]
[g3018:2918417] MCW rank 10 bound to socket 0[core 2[hwt 0-1]]: [../../BB/../../../../../../../../../../../../../../../../../../../../../../../../../../../../..][../../../../../../../../../../../../../../../../../../../../../../../../../../../../../../../..]
[g3018:2918417] MCW rank 11 bound to socket 0[core 3[hwt 0-1]]: [../../../BB/../../../../../../../../../../../../../../../../../../../../../../../../../../../..][../../../../../../../../../../../../../../../../../../../../../../../../../../../../../../../..]
[g3018:2918417] MCW rank 12 bound to socket 1[core 32[hwt 0-1]]: [../../../../../../../../../../../../../../../../../../../../../../../../../../../../../../../..][BB/../../../../../../../../../../../../../../../../../../../../../../../../../../../../../../..]
[g3018:2918417] MCW rank 13 bound to socket 1[core 33[hwt 0-1]]: [../../../../../../../../../../../../../../../../../../../../../../../../../../../../../../../..][../BB/../../../../../../../../../../../../../../../../../../../../../../../../../../../../../..]
[g3018:2918417] MCW rank 14 bound to socket 1[core 34[hwt 0-1]]: [../../../../../../../../../../../../../../../../../../../../../../../../../../../../../../../..][../../BB/../../../../../../../../../../../../../../../../../../../../../../../../../../../../..]
[g3018:2918417] MCW rank 15 bound to socket 1[core 35[hwt 0-1]]: [../../../../../../../../../../../../../../../../../../../../../../../../../../../../../../../..][../../../BB/../../../../../../../../../../../../../../../../../../../../../../../../../../../..]
--------------------------------------------------------------------------
WARNING: There was an error initializing an OpenFabrics device.

  Local host:   g3017
  Local device: mlx5_0
--------------------------------------------------------------------------
[[0,1]]
NCCL version 2.18.5+cuda11.8
time 0.005786 s, REAL_BD 259.246457 GB/s, SIZE 524288.000000 KB, comm_vol 1572864.000000 KB
time 0.022938 s, REAL_BD 261.574680 GB/s, SIZE 2097152.000000 KB, comm_vol 6291456.000000 KB
[[0,1],[1,0]]
time 0.006121 s, REAL_BD 490.115994 GB/s, SIZE 524288.000000 KB, comm_vol 3145728.000000 KB
time 0.024246 s, REAL_BD 494.926998 GB/s, SIZE 2097152.000000 KB, comm_vol 12582912.000000 KB
[[0,8]]
[dmx-login03:1130265] 15 more processes have sent help message help-mpi-btl-openib.txt / error in device init
[dmx-login03:1130265] Set MCA parameter "orte_base_help_aggregate" to 0 to see all help / error messages
time 0.066156 s, REAL_BD 22.673680 GB/s, SIZE 524288.000000 KB, comm_vol 1572864.000000 KB
time 0.264444 s, REAL_BD 22.689114 GB/s, SIZE 2097152.000000 KB, comm_vol 6291456.000000 KB
[[0,8],[8,0]]
time 0.075660 s, REAL_BD 39.651071 GB/s, SIZE 524288.000000 KB, comm_vol 3145728.000000 KB
time 0.302684 s, REAL_BD 39.645307 GB/s, SIZE 2097152.000000 KB, comm_vol 12582912.000000 KB
[[0,15],[15,0]]
time 0.077575 s, REAL_BD 38.672253 GB/s, SIZE 524288.000000 KB, comm_vol 3145728.000000 KB
time 0.520081 s, REAL_BD 23.073329 GB/s, SIZE 2097152.000000 KB, comm_vol 12582912.000000 KB
[[0,8],[0,15]]
time 0.119459 s, REAL_BD 25.113219 GB/s, SIZE 524288.000000 KB, comm_vol 3145728.000000 KB
time 0.669533 s, REAL_BD 17.922940 GB/s, SIZE 2097152.000000 KB, comm_vol 12582912.000000 KB
[[0,8],[0,15],[8,0],[15,0]]
time 0.131652 s, REAL_BD 45.574697 GB/s, SIZE 524288.000000 KB, comm_vol 6291456.000000 KB
time 0.674905 s, REAL_BD 35.560560 GB/s, SIZE 2097152.000000 KB, comm_vol 25165824.000000 KB
[[7,8],[15,0]]
time 0.071136 s, REAL_BD 42.172740 GB/s, SIZE 524288.000000 KB, comm_vol 3145728.000000 KB
time 0.529301 s, REAL_BD 22.671410 GB/s, SIZE 2097152.000000 KB, comm_vol 12582912.000000 KB
[[0,8],[2,10]]
time 0.069234 s, REAL_BD 43.331311 GB/s, SIZE 524288.000000 KB, comm_vol 3145728.000000 KB
time 0.277278 s, REAL_BD 43.277866 GB/s, SIZE 2097152.000000 KB, comm_vol 12582912.000000 KB
[[0,8],[8,0],[2,10],[10,2]]
time 0.081791 s, REAL_BD 73.357704 GB/s, SIZE 524288.000000 KB, comm_vol 6291456.000000 KB
time 0.329893 s, REAL_BD 72.750862 GB/s, SIZE 2097152.000000 KB, comm_vol 25165824.000000 KB
[[0,8],[4,12]]
time 0.069301 s, REAL_BD 43.289419 GB/s, SIZE 524288.000000 KB, comm_vol 3145728.000000 KB
time 0.277257 s, REAL_BD 43.281143 GB/s, SIZE 2097152.000000 KB, comm_vol 12582912.000000 KB
[[0,8],[8,0],[4,12],[12,4]]
time 0.081838 s, REAL_BD 73.315575 GB/s, SIZE 524288.000000 KB, comm_vol 6291456.000000 KB
time 0.330655 s, REAL_BD 72.583206 GB/s, SIZE 2097152.000000 KB, comm_vol 25165824.000000 KB
[[0,8],[2,10],[4,12],[6,14]]
time 0.069654 s, REAL_BD 86.140064 GB/s, SIZE 524288.000000 KB, comm_vol 6291456.000000 KB
time 0.277445 s, REAL_BD 86.503631 GB/s, SIZE 2097152.000000 KB, comm_vol 25165824.000000 KB
[[0,8],[8,0],[2,10],[10,2],[4,12],[12,4],[6,14],[14,6]]
time 0.083199 s, REAL_BD 144.232503 GB/s, SIZE 524288.000000 KB, comm_vol 12582912.000000 KB
time 0.330701 s, REAL_BD 145.146220 GB/s, SIZE 2097152.000000 KB, comm_vol 50331648.000000 KB
[[0,8],[1,9],[2,10],[3,11],[4,12],[5,13],[6,14],[7,15]]
time 0.133211 s, REAL_BD 90.082651 GB/s, SIZE 524288.000000 KB, comm_vol 12582912.000000 KB
time 0.529993 s, REAL_BD 90.567234 GB/s, SIZE 2097152.000000 KB, comm_vol 50331648.000000 KB
[[0,8],[1,9],[2,10],[3,11],[4,12],[5,13],[6,14],[7,15],[8,0],[9,1],[10,2],[11,3],[12,4],[13,5],[14,6],[15,7]]
time 0.151614 s, REAL_BD 158.296727 GB/s, SIZE 524288.000000 KB, comm_vol 25165824.000000 KB
time 0.606065 s, REAL_BD 158.398852 GB/s, SIZE 2097152.000000 KB, comm_vol 100663296.000000 KB
+ set +x
