HOST: g3017,g3018
CP_FILE_NAME: small
HOST: g3017,g3018
CUDA_VISIBLE_DEVICES: 
GPU_NUM: 16
PROC_NUM: 16
NNODES: 2
NTASK_PER_NODE: 8
+ srun -p rag -N 2 --ntasks-per-node 8 --gres=gpu:8 --mem 256G -K -w g3017,g3018 -c 16 ./scripts/executor.sh python conflict_bench.py --backend NCCL --config ./scripts/configs/small_16.json
NCCL version 2.18.6+cuda11.8
[INFO]: Cluster init done !!!
[[0, 1]]
SIZE 16 MB, REAL_BD 131.875 GB/s, time 0.0013 s, comm_vol 167.772 MB
SIZE 64 MB, REAL_BD 212.627 GB/s, time 0.0032 s, comm_vol 671.089 MB
SIZE 256 MB, REAL_BD 240.808 GB/s, time 0.0111 s, comm_vol 2.684 GB
SIZE 1 GB, REAL_BD 251.495 GB/s, time 0.0427 s, comm_vol 10.737 GB
[[0, 1], [1, 0]]
SIZE 16 MB, REAL_BD 199.628 GB/s, time 0.0017 s, comm_vol 335.544 MB
SIZE 64 MB, REAL_BD 328.193 GB/s, time 0.0041 s, comm_vol 1.342 GB
SIZE 256 MB, REAL_BD 375.219 GB/s, time 0.0143 s, comm_vol 5.369 GB
SIZE 1 GB, REAL_BD 461.751 GB/s, time 0.0465 s, comm_vol 21.475 GB
[[0, 8]]
SIZE 16 MB, REAL_BD 22.393 GB/s, time 0.0075 s, comm_vol 167.772 MB
SIZE 64 MB, REAL_BD 23.291 GB/s, time 0.0288 s, comm_vol 671.089 MB
SIZE 256 MB, REAL_BD 23.465 GB/s, time 0.1144 s, comm_vol 2.684 GB
SIZE 1 GB, REAL_BD 23.514 GB/s, time 0.4566 s, comm_vol 10.737 GB
[[0, 8], [8, 0]]
SIZE 16 MB, REAL_BD 39.108 GB/s, time 0.0086 s, comm_vol 335.544 MB
SIZE 64 MB, REAL_BD 40.846 GB/s, time 0.0329 s, comm_vol 1.342 GB
SIZE 256 MB, REAL_BD 41.511 GB/s, time 0.1293 s, comm_vol 5.369 GB
SIZE 1 GB, REAL_BD 41.673 GB/s, time 0.5153 s, comm_vol 21.475 GB
[[0, 15], [15, 0]]
SIZE 16 MB, REAL_BD 38.68 GB/s, time 0.0087 s, comm_vol 335.544 MB
SIZE 64 MB, REAL_BD 41.061 GB/s, time 0.0327 s, comm_vol 1.342 GB
SIZE 256 MB, REAL_BD 41.513 GB/s, time 0.1293 s, comm_vol 5.369 GB
SIZE 1 GB, REAL_BD 41.58 GB/s, time 0.5165 s, comm_vol 21.475 GB
[[0, 8], [0, 15]]
SIZE 16 MB, REAL_BD 24.009 GB/s, time 0.014 s, comm_vol 335.544 MB
SIZE 64 MB, REAL_BD 24.222 GB/s, time 0.0554 s, comm_vol 1.342 GB
SIZE 256 MB, REAL_BD 24.313 GB/s, time 0.2208 s, comm_vol 5.369 GB
SIZE 1 GB, REAL_BD 24.332 GB/s, time 0.8826 s, comm_vol 21.475 GB
[[0, 8], [0, 15], [8, 0], [15, 0]]
SIZE 16 MB, REAL_BD 44.394 GB/s, time 0.0151 s, comm_vol 671.089 MB
SIZE 64 MB, REAL_BD 45.267 GB/s, time 0.0593 s, comm_vol 2.684 GB
SIZE 256 MB, REAL_BD 45.67 GB/s, time 0.2351 s, comm_vol 10.737 GB
SIZE 1 GB, REAL_BD 45.641 GB/s, time 0.941 s, comm_vol 42.95 GB
[[7, 8], [15, 0]]
SIZE 16 MB, REAL_BD 41.885 GB/s, time 0.008 s, comm_vol 335.544 MB
SIZE 64 MB, REAL_BD 44.657 GB/s, time 0.0301 s, comm_vol 1.342 GB
SIZE 256 MB, REAL_BD 44.045 GB/s, time 0.1219 s, comm_vol 5.369 GB
SIZE 1 GB, REAL_BD 44.248 GB/s, time 0.4853 s, comm_vol 21.475 GB
[[0, 8], [2, 10]]
SIZE 16 MB, REAL_BD 45.461 GB/s, time 0.0074 s, comm_vol 335.544 MB
SIZE 64 MB, REAL_BD 46.603 GB/s, time 0.0288 s, comm_vol 1.342 GB
SIZE 256 MB, REAL_BD 46.812 GB/s, time 0.1147 s, comm_vol 5.369 GB
SIZE 1 GB, REAL_BD 46.439 GB/s, time 0.4624 s, comm_vol 21.475 GB
[[0, 8], [8, 0], [2, 10], [10, 2]]
SIZE 16 MB, REAL_BD 77.028 GB/s, time 0.0087 s, comm_vol 671.089 MB
SIZE 64 MB, REAL_BD 81.549 GB/s, time 0.0329 s, comm_vol 2.684 GB
SIZE 256 MB, REAL_BD 82.293 GB/s, time 0.1305 s, comm_vol 10.737 GB
SIZE 1 GB, REAL_BD 82.943 GB/s, time 0.5178 s, comm_vol 42.95 GB
[[0, 8], [4, 12]]
SIZE 16 MB, REAL_BD 45.25 GB/s, time 0.0074 s, comm_vol 335.544 MB
SIZE 64 MB, REAL_BD 46.457 GB/s, time 0.0289 s, comm_vol 1.342 GB
SIZE 256 MB, REAL_BD 46.693 GB/s, time 0.115 s, comm_vol 5.369 GB
SIZE 1 GB, REAL_BD 46.268 GB/s, time 0.4641 s, comm_vol 21.475 GB
[[0, 8], [8, 0], [4, 12], [12, 4]]
SIZE 16 MB, REAL_BD 76.136 GB/s, time 0.0088 s, comm_vol 671.089 MB
SIZE 64 MB, REAL_BD 80.505 GB/s, time 0.0333 s, comm_vol 2.684 GB
SIZE 256 MB, REAL_BD 81.359 GB/s, time 0.132 s, comm_vol 10.737 GB
SIZE 1 GB, REAL_BD 81.68 GB/s, time 0.5258 s, comm_vol 42.95 GB
[[0, 8], [2, 10], [4, 12], [6, 14]]
SIZE 16 MB, REAL_BD 87.969 GB/s, time 0.0076 s, comm_vol 671.089 MB
SIZE 64 MB, REAL_BD 92.378 GB/s, time 0.0291 s, comm_vol 2.684 GB
SIZE 256 MB, REAL_BD 93.226 GB/s, time 0.1152 s, comm_vol 10.737 GB
SIZE 1 GB, REAL_BD 92.714 GB/s, time 0.4633 s, comm_vol 42.95 GB
[[0, 8], [8, 0], [2, 10], [10, 2], [4, 12], [12, 4], [6, 14], [14, 6]]
SIZE 16 MB, REAL_BD 133.145 GB/s, time 0.0101 s, comm_vol 1.342 GB
SIZE 64 MB, REAL_BD 137.029 GB/s, time 0.0392 s, comm_vol 5.369 GB
SIZE 256 MB, REAL_BD 149.536 GB/s, time 0.1436 s, comm_vol 21.475 GB
SIZE 1 GB, REAL_BD 162.544 GB/s, time 0.5285 s, comm_vol 85.899 GB
[[0, 8], [1, 9], [2, 10], [3, 11], [4, 12], [5, 13], [6, 14], [7, 15]]
SIZE 16 MB, REAL_BD 95.58 GB/s, time 0.014 s, comm_vol 1.342 GB
SIZE 64 MB, REAL_BD 96.751 GB/s, time 0.0555 s, comm_vol 5.369 GB
SIZE 256 MB, REAL_BD 97.293 GB/s, time 0.2207 s, comm_vol 21.475 GB
SIZE 1 GB, REAL_BD 97.227 GB/s, time 0.8835 s, comm_vol 85.899 GB
[[0, 8], [1, 9], [2, 10], [3, 11], [4, 12], [5, 13], [6, 14], [7, 15], [8, 0], [9, 1], [10, 2], [11, 3], [12, 4], [13, 5], [14, 6], [15, 7]]
SIZE 16 MB, REAL_BD 171.008 GB/s, time 0.0157 s, comm_vol 2.684 GB
SIZE 64 MB, REAL_BD 180.052 GB/s, time 0.0596 s, comm_vol 10.737 GB
SIZE 256 MB, REAL_BD 185.398 GB/s, time 0.2317 s, comm_vol 42.95 GB
SIZE 1 GB, REAL_BD 188.681 GB/s, time 0.9105 s, comm_vol 171.799 GB
+ set +x
