HOST: g1003,g1004
CP_FILE_NAME: small
HOST: g1003,g1004
CUDA_VISIBLE_DEVICES: 
GPU_NUM: 16
PROC_NUM: 16
NNODES: 2
NTASK_PER_NODE: 8
+ srun -p align -N 2 --ntasks-per-node 8 --gres=gpu:8 --mem 256G -K -w g1003,g1004 -c 14 ./scripts/executor.sh python conflict_bench.py --backend NCCL --config ./scripts/configs/small_16.json
NCCL version 2.18.6+cuda11.8
[INFO]: Cluster init done !!!
[[0, 1]]
SIZE 16 MB, REAL_BD 142.016 GB/s, time 0.0012 s, comm_vol 167.772 MB
SIZE 64 MB, REAL_BD 204.605 GB/s, time 0.0033 s, comm_vol 671.089 MB
SIZE 256 MB, REAL_BD 241.729 GB/s, time 0.0111 s, comm_vol 2.684 GB
SIZE 1 GB, REAL_BD 255.65 GB/s, time 0.042 s, comm_vol 10.737 GB
[[0, 1], [1, 0]]
SIZE 16 MB, REAL_BD 148.489 GB/s, time 0.0023 s, comm_vol 335.544 MB
SIZE 64 MB, REAL_BD 292.518 GB/s, time 0.0046 s, comm_vol 1.342 GB
SIZE 256 MB, REAL_BD 324.294 GB/s, time 0.0166 s, comm_vol 5.369 GB
SIZE 1 GB, REAL_BD 422.144 GB/s, time 0.0509 s, comm_vol 21.475 GB
[[0, 8]]
SIZE 16 MB, REAL_BD 19.441 GB/s, time 0.0086 s, comm_vol 167.772 MB
SIZE 64 MB, REAL_BD 20.341 GB/s, time 0.033 s, comm_vol 671.089 MB
SIZE 256 MB, REAL_BD 20.766 GB/s, time 0.1293 s, comm_vol 2.684 GB
SIZE 1 GB, REAL_BD 20.775 GB/s, time 0.5168 s, comm_vol 10.737 GB
[[0, 8], [8, 0]]
SIZE 16 MB, REAL_BD 21.465 GB/s, time 0.0156 s, comm_vol 335.544 MB
SIZE 64 MB, REAL_BD 22.009 GB/s, time 0.061 s, comm_vol 1.342 GB
SIZE 256 MB, REAL_BD 22.152 GB/s, time 0.2424 s, comm_vol 5.369 GB
SIZE 1 GB, REAL_BD 22.075 GB/s, time 0.9728 s, comm_vol 21.475 GB
[[0, 15], [15, 0]]
SIZE 16 MB, REAL_BD 21.734 GB/s, time 0.0154 s, comm_vol 335.544 MB
SIZE 64 MB, REAL_BD 22.357 GB/s, time 0.06 s, comm_vol 1.342 GB
SIZE 256 MB, REAL_BD 22.569 GB/s, time 0.2379 s, comm_vol 5.369 GB
SIZE 1 GB, REAL_BD 22.563 GB/s, time 0.9518 s, comm_vol 21.475 GB
[[0, 8], [0, 15]]
SIZE 16 MB, REAL_BD 24.017 GB/s, time 0.014 s, comm_vol 335.544 MB
SIZE 64 MB, REAL_BD 24.137 GB/s, time 0.0556 s, comm_vol 1.342 GB
SIZE 256 MB, REAL_BD 24.331 GB/s, time 0.2207 s, comm_vol 5.369 GB
SIZE 1 GB, REAL_BD 24.351 GB/s, time 0.8819 s, comm_vol 21.475 GB
[[0, 8], [0, 15], [8, 0], [15, 0]]
SIZE 16 MB, REAL_BD 41.976 GB/s, time 0.016 s, comm_vol 671.089 MB
SIZE 64 MB, REAL_BD 43.048 GB/s, time 0.0624 s, comm_vol 2.684 GB
SIZE 256 MB, REAL_BD 42.99 GB/s, time 0.2498 s, comm_vol 10.737 GB
SIZE 1 GB, REAL_BD 42.863 GB/s, time 1.002 s, comm_vol 42.95 GB
[[7, 8], [15, 0]]
SIZE 16 MB, REAL_BD 38.132 GB/s, time 0.0088 s, comm_vol 335.544 MB
SIZE 64 MB, REAL_BD 39.616 GB/s, time 0.0339 s, comm_vol 1.342 GB
SIZE 256 MB, REAL_BD 40.191 GB/s, time 0.1336 s, comm_vol 5.369 GB
SIZE 1 GB, REAL_BD 39.897 GB/s, time 0.5383 s, comm_vol 21.475 GB
[[0, 8], [2, 10]]
SIZE 16 MB, REAL_BD 24.239 GB/s, time 0.0138 s, comm_vol 335.544 MB
SIZE 64 MB, REAL_BD 24.422 GB/s, time 0.055 s, comm_vol 1.342 GB
SIZE 256 MB, REAL_BD 24.483 GB/s, time 0.2193 s, comm_vol 5.369 GB
SIZE 1 GB, REAL_BD 24.424 GB/s, time 0.8792 s, comm_vol 21.475 GB
[[0, 8], [8, 0], [2, 10], [10, 2]]
SIZE 16 MB, REAL_BD 26.882 GB/s, time 0.025 s, comm_vol 671.089 MB
SIZE 64 MB, REAL_BD 27.813 GB/s, time 0.0965 s, comm_vol 2.684 GB
SIZE 256 MB, REAL_BD 28.017 GB/s, time 0.3832 s, comm_vol 10.737 GB
SIZE 1 GB, REAL_BD 27.987 GB/s, time 1.5347 s, comm_vol 42.95 GB
[[0, 8], [4, 12]]
SIZE 16 MB, REAL_BD 36.217 GB/s, time 0.0093 s, comm_vol 335.544 MB
SIZE 64 MB, REAL_BD 37.293 GB/s, time 0.036 s, comm_vol 1.342 GB
SIZE 256 MB, REAL_BD 37.916 GB/s, time 0.1416 s, comm_vol 5.369 GB
SIZE 1 GB, REAL_BD 37.762 GB/s, time 0.5687 s, comm_vol 21.475 GB
[[0, 8], [8, 0], [4, 12], [12, 4]]
SIZE 16 MB, REAL_BD 40.146 GB/s, time 0.0167 s, comm_vol 671.089 MB
SIZE 64 MB, REAL_BD 41.348 GB/s, time 0.0649 s, comm_vol 2.684 GB
SIZE 256 MB, REAL_BD 41.529 GB/s, time 0.2585 s, comm_vol 10.737 GB
SIZE 1 GB, REAL_BD 41.548 GB/s, time 1.0337 s, comm_vol 42.95 GB
[[0, 8], [2, 10], [4, 12], [6, 14]]
SIZE 16 MB, REAL_BD 48.064 GB/s, time 0.014 s, comm_vol 671.089 MB
SIZE 64 MB, REAL_BD 48.393 GB/s, time 0.0555 s, comm_vol 2.684 GB
SIZE 256 MB, REAL_BD 48.668 GB/s, time 0.2206 s, comm_vol 10.737 GB
SIZE 1 GB, REAL_BD 48.488 GB/s, time 0.8858 s, comm_vol 42.95 GB
[[0, 8], [8, 0], [2, 10], [10, 2], [4, 12], [12, 4], [6, 14], [14, 6]]
SIZE 16 MB, REAL_BD 51.115 GB/s, time 0.0263 s, comm_vol 1.342 GB
SIZE 64 MB, REAL_BD 51.955 GB/s, time 0.1033 s, comm_vol 5.369 GB
SIZE 256 MB, REAL_BD 52.544 GB/s, time 0.4087 s, comm_vol 21.475 GB
SIZE 1 GB, REAL_BD 52.612 GB/s, time 1.6327 s, comm_vol 85.899 GB
[[0, 8], [1, 9], [2, 10], [3, 11], [4, 12], [5, 13], [6, 14], [7, 15]]
SIZE 16 MB, REAL_BD 72.981 GB/s, time 0.0184 s, comm_vol 1.342 GB
SIZE 64 MB, REAL_BD 74.096 GB/s, time 0.0725 s, comm_vol 5.369 GB
SIZE 256 MB, REAL_BD 74.466 GB/s, time 0.2884 s, comm_vol 21.475 GB
SIZE 1 GB, REAL_BD 74.567 GB/s, time 1.152 s, comm_vol 85.899 GB
[[0, 8], [1, 9], [2, 10], [3, 11], [4, 12], [5, 13], [6, 14], [7, 15], [8, 0], [9, 1], [10, 2], [11, 3], [12, 4], [13, 5], [14, 6], [15, 7]]
SIZE 16 MB, REAL_BD 72.367 GB/s, time 0.0371 s, comm_vol 2.684 GB
SIZE 64 MB, REAL_BD 72.962 GB/s, time 0.1472 s, comm_vol 10.737 GB
SIZE 256 MB, REAL_BD 73.182 GB/s, time 0.5869 s, comm_vol 42.95 GB
SIZE 1 GB, REAL_BD 73.41 GB/s, time 2.3403 s, comm_vol 171.799 GB
+ set +x
