HOST: g4001,g4005
CP_FILE_NAME: small
HOST: g4001,g4005
CUDA_VISIBLE_DEVICES: 
GPU_NUM: 16
PROC_NUM: 16
NNODES: 2
NTASK_PER_NODE: 8
+ srun -p hit -N 2 --ntasks-per-node 8 --gres=gpu:8 --mem 256G -K -w g4001,g4005 -c 16 ./scripts/executor.sh python conflict_bench.py --backend NCCL --config ./scripts/configs/small_16.json
NCCL version 2.18.6+cuda11.8
[INFO]: Cluster init done !!!
[[0, 1]]
SIZE 16 MB, REAL_BD 94.722 GB/s, time 0.0018 s, comm_vol 167.772 MB
SIZE 64 MB, REAL_BD 193.947 GB/s, time 0.0035 s, comm_vol 671.089 MB
SIZE 256 MB, REAL_BD 238.23 GB/s, time 0.0113 s, comm_vol 2.684 GB
SIZE 1 GB, REAL_BD 251.066 GB/s, time 0.0428 s, comm_vol 10.737 GB
[[0, 1], [1, 0]]
SIZE 16 MB, REAL_BD 146.084 GB/s, time 0.0023 s, comm_vol 335.544 MB
SIZE 64 MB, REAL_BD 296.821 GB/s, time 0.0045 s, comm_vol 1.342 GB
SIZE 256 MB, REAL_BD 339.638 GB/s, time 0.0158 s, comm_vol 5.369 GB
SIZE 1 GB, REAL_BD 436.626 GB/s, time 0.0492 s, comm_vol 21.475 GB
[[0, 8]]
SIZE 16 MB, REAL_BD 19.421 GB/s, time 0.0086 s, comm_vol 167.772 MB
SIZE 64 MB, REAL_BD 20.472 GB/s, time 0.0328 s, comm_vol 671.089 MB
SIZE 256 MB, REAL_BD 20.689 GB/s, time 0.1298 s, comm_vol 2.684 GB
SIZE 1 GB, REAL_BD 20.881 GB/s, time 0.5142 s, comm_vol 10.737 GB
[[0, 8], [8, 0]]
SIZE 16 MB, REAL_BD 21.62 GB/s, time 0.0155 s, comm_vol 335.544 MB
SIZE 64 MB, REAL_BD 22.543 GB/s, time 0.0595 s, comm_vol 1.342 GB
SIZE 256 MB, REAL_BD 22.729 GB/s, time 0.2362 s, comm_vol 5.369 GB
SIZE 1 GB, REAL_BD 22.704 GB/s, time 0.9458 s, comm_vol 21.475 GB
[[0, 15], [15, 0]]
SIZE 16 MB, REAL_BD 21.788 GB/s, time 0.0154 s, comm_vol 335.544 MB
SIZE 64 MB, REAL_BD 22.677 GB/s, time 0.0592 s, comm_vol 1.342 GB
SIZE 256 MB, REAL_BD 22.8 GB/s, time 0.2355 s, comm_vol 5.369 GB
SIZE 1 GB, REAL_BD 22.847 GB/s, time 0.94 s, comm_vol 21.475 GB
[[0, 8], [0, 15]]
SIZE 16 MB, REAL_BD 23.73 GB/s, time 0.0141 s, comm_vol 335.544 MB
SIZE 64 MB, REAL_BD 24.758 GB/s, time 0.0542 s, comm_vol 1.342 GB
SIZE 256 MB, REAL_BD 24.873 GB/s, time 0.2158 s, comm_vol 5.369 GB
SIZE 1 GB, REAL_BD 24.895 GB/s, time 0.8626 s, comm_vol 21.475 GB
[[0, 8], [0, 15], [8, 0], [15, 0]]
SIZE 16 MB, REAL_BD 22.915 GB/s, time 0.0293 s, comm_vol 671.089 MB
SIZE 64 MB, REAL_BD 24.033 GB/s, time 0.1117 s, comm_vol 2.684 GB
SIZE 256 MB, REAL_BD 24.241 GB/s, time 0.4429 s, comm_vol 10.737 GB
SIZE 1 GB, REAL_BD 24.308 GB/s, time 1.7669 s, comm_vol 42.95 GB
[[7, 8], [15, 0]]
SIZE 16 MB, REAL_BD 36.756 GB/s, time 0.0091 s, comm_vol 335.544 MB
SIZE 64 MB, REAL_BD 39.263 GB/s, time 0.0342 s, comm_vol 1.342 GB
SIZE 256 MB, REAL_BD 39.771 GB/s, time 0.135 s, comm_vol 5.369 GB
SIZE 1 GB, REAL_BD 39.717 GB/s, time 0.5407 s, comm_vol 21.475 GB
[[0, 8], [2, 10]]
SIZE 16 MB, REAL_BD 24.042 GB/s, time 0.014 s, comm_vol 335.544 MB
SIZE 64 MB, REAL_BD 24.478 GB/s, time 0.0548 s, comm_vol 1.342 GB
SIZE 256 MB, REAL_BD 24.51 GB/s, time 0.219 s, comm_vol 5.369 GB
SIZE 1 GB, REAL_BD 24.532 GB/s, time 0.8754 s, comm_vol 21.475 GB
[[0, 8], [8, 0], [2, 10], [10, 2]]
SIZE 16 MB, REAL_BD 27.558 GB/s, time 0.0244 s, comm_vol 671.089 MB
SIZE 64 MB, REAL_BD 28.144 GB/s, time 0.0954 s, comm_vol 2.684 GB
SIZE 256 MB, REAL_BD 28.345 GB/s, time 0.3788 s, comm_vol 10.737 GB
SIZE 1 GB, REAL_BD 28.368 GB/s, time 1.514 s, comm_vol 42.95 GB
[[0, 8], [4, 12]]
SIZE 16 MB, REAL_BD 39.726 GB/s, time 0.0084 s, comm_vol 335.544 MB
SIZE 64 MB, REAL_BD 42.599 GB/s, time 0.0315 s, comm_vol 1.342 GB
SIZE 256 MB, REAL_BD 42.739 GB/s, time 0.1256 s, comm_vol 5.369 GB
SIZE 1 GB, REAL_BD 42.522 GB/s, time 0.505 s, comm_vol 21.475 GB
[[0, 8], [8, 0], [4, 12], [12, 4]]
SIZE 16 MB, REAL_BD 40.55 GB/s, time 0.0165 s, comm_vol 671.089 MB
SIZE 64 MB, REAL_BD 41.994 GB/s, time 0.0639 s, comm_vol 2.684 GB
SIZE 256 MB, REAL_BD 42.232 GB/s, time 0.2542 s, comm_vol 10.737 GB
SIZE 1 GB, REAL_BD 42.235 GB/s, time 1.0169 s, comm_vol 42.95 GB
[[0, 8], [2, 10], [4, 12], [6, 14]]
SIZE 16 MB, REAL_BD 47.743 GB/s, time 0.0141 s, comm_vol 671.089 MB
SIZE 64 MB, REAL_BD 48.874 GB/s, time 0.0549 s, comm_vol 2.684 GB
SIZE 256 MB, REAL_BD 49.063 GB/s, time 0.2188 s, comm_vol 10.737 GB
SIZE 1 GB, REAL_BD 49.1 GB/s, time 0.8747 s, comm_vol 42.95 GB
[[0, 8], [8, 0], [2, 10], [10, 2], [4, 12], [12, 4], [6, 14], [14, 6]]
SIZE 16 MB, REAL_BD 52.183 GB/s, time 0.0257 s, comm_vol 1.342 GB
SIZE 64 MB, REAL_BD 53.849 GB/s, time 0.0997 s, comm_vol 5.369 GB
SIZE 256 MB, REAL_BD 54.558 GB/s, time 0.3936 s, comm_vol 21.475 GB
SIZE 1 GB, REAL_BD 54.652 GB/s, time 1.5718 s, comm_vol 85.899 GB
[[0, 8], [1, 9], [2, 10], [3, 11], [4, 12], [5, 13], [6, 14], [7, 15]]
SIZE 16 MB, REAL_BD 68.445 GB/s, time 0.0196 s, comm_vol 1.342 GB
SIZE 64 MB, REAL_BD 69.639 GB/s, time 0.0771 s, comm_vol 5.369 GB
SIZE 256 MB, REAL_BD 69.957 GB/s, time 0.307 s, comm_vol 21.475 GB
SIZE 1 GB, REAL_BD 70.017 GB/s, time 1.2268 s, comm_vol 85.899 GB
[[0, 8], [1, 9], [2, 10], [3, 11], [4, 12], [5, 13], [6, 14], [7, 15], [8, 0], [9, 1], [10, 2], [11, 3], [12, 4], [13, 5], [14, 6], [15, 7]]
SIZE 16 MB, REAL_BD 72.219 GB/s, time 0.0372 s, comm_vol 2.684 GB
SIZE 64 MB, REAL_BD 74.063 GB/s, time 0.145 s, comm_vol 10.737 GB
SIZE 256 MB, REAL_BD 74.343 GB/s, time 0.5777 s, comm_vol 42.95 GB
SIZE 1 GB, REAL_BD 74.71 GB/s, time 2.2995 s, comm_vol 171.799 GB
+ set +x
