HOST: g3027,g3028
CP_FILE_NAME: small
HOST: g3027,g3028
CUDA_VISIBLE_DEVICES: 
GPU_NUM: 16
PROC_NUM: 16
NNODES: 2
NTASK_PER_NODE: 8
+ srun -p arch -N 2 --ntasks-per-node 8 --gres=gpu:8 --mem 256G -K -w g3027,g3028 -c 16 ./scripts/executor.sh python conflict_bench.py --backend NCCL --config ./scripts/configs/small_16.json
NCCL version 2.18.6+cuda11.8
[INFO]: Cluster init done !!!
[[0, 1]]
SIZE 16 MB, REAL_BD 134.677 GB/s, time 0.0012 s, comm_vol 167.772 MB
SIZE 64 MB, REAL_BD 199.94 GB/s, time 0.0034 s, comm_vol 671.089 MB
SIZE 256 MB, REAL_BD 240.361 GB/s, time 0.0112 s, comm_vol 2.684 GB
SIZE 1 GB, REAL_BD 254.126 GB/s, time 0.0423 s, comm_vol 10.737 GB
[[0, 1], [1, 0]]
SIZE 16 MB, REAL_BD 195.143 GB/s, time 0.0017 s, comm_vol 335.544 MB
SIZE 64 MB, REAL_BD 307.875 GB/s, time 0.0044 s, comm_vol 1.342 GB
SIZE 256 MB, REAL_BD 344.012 GB/s, time 0.0156 s, comm_vol 5.369 GB
SIZE 1 GB, REAL_BD 424.602 GB/s, time 0.0506 s, comm_vol 21.475 GB
[[0, 8]]
SIZE 16 MB, REAL_BD 22.348 GB/s, time 0.0075 s, comm_vol 167.772 MB
SIZE 64 MB, REAL_BD 23.408 GB/s, time 0.0287 s, comm_vol 671.089 MB
SIZE 256 MB, REAL_BD 23.467 GB/s, time 0.1144 s, comm_vol 2.684 GB
SIZE 1 GB, REAL_BD 23.443 GB/s, time 0.458 s, comm_vol 10.737 GB
[[0, 8], [8, 0]]
SIZE 16 MB, REAL_BD 39.104 GB/s, time 0.0086 s, comm_vol 335.544 MB
SIZE 64 MB, REAL_BD 41.132 GB/s, time 0.0326 s, comm_vol 1.342 GB
SIZE 256 MB, REAL_BD 41.622 GB/s, time 0.129 s, comm_vol 5.369 GB
SIZE 1 GB, REAL_BD 41.732 GB/s, time 0.5146 s, comm_vol 21.475 GB
[[0, 15], [15, 0]]
SIZE 16 MB, REAL_BD 38.255 GB/s, time 0.0088 s, comm_vol 335.544 MB
SIZE 64 MB, REAL_BD 41.127 GB/s, time 0.0326 s, comm_vol 1.342 GB
SIZE 256 MB, REAL_BD 41.712 GB/s, time 0.1287 s, comm_vol 5.369 GB
SIZE 1 GB, REAL_BD 41.879 GB/s, time 0.5128 s, comm_vol 21.475 GB
[[0, 8], [0, 15]]
SIZE 16 MB, REAL_BD 23.639 GB/s, time 0.0142 s, comm_vol 335.544 MB
SIZE 64 MB, REAL_BD 24.147 GB/s, time 0.0556 s, comm_vol 1.342 GB
SIZE 256 MB, REAL_BD 24.317 GB/s, time 0.2208 s, comm_vol 5.369 GB
SIZE 1 GB, REAL_BD 24.312 GB/s, time 0.8833 s, comm_vol 21.475 GB
[[0, 8], [0, 15], [8, 0], [15, 0]]
SIZE 16 MB, REAL_BD 44.279 GB/s, time 0.0152 s, comm_vol 671.089 MB
SIZE 64 MB, REAL_BD 45.566 GB/s, time 0.0589 s, comm_vol 2.684 GB
SIZE 256 MB, REAL_BD 45.729 GB/s, time 0.2348 s, comm_vol 10.737 GB
SIZE 1 GB, REAL_BD 45.843 GB/s, time 0.9369 s, comm_vol 42.95 GB
[[7, 8], [15, 0]]
SIZE 16 MB, REAL_BD 41.242 GB/s, time 0.0081 s, comm_vol 335.544 MB
SIZE 64 MB, REAL_BD 43.623 GB/s, time 0.0308 s, comm_vol 1.342 GB
SIZE 256 MB, REAL_BD 43.445 GB/s, time 0.1236 s, comm_vol 5.369 GB
SIZE 1 GB, REAL_BD 43.954 GB/s, time 0.4886 s, comm_vol 21.475 GB
[[0, 8], [2, 10]]
SIZE 16 MB, REAL_BD 44.532 GB/s, time 0.0075 s, comm_vol 335.544 MB
SIZE 64 MB, REAL_BD 46.808 GB/s, time 0.0287 s, comm_vol 1.342 GB
SIZE 256 MB, REAL_BD 46.884 GB/s, time 0.1145 s, comm_vol 5.369 GB
SIZE 1 GB, REAL_BD 46.515 GB/s, time 0.4617 s, comm_vol 21.475 GB
[[0, 8], [8, 0], [2, 10], [10, 2]]
SIZE 16 MB, REAL_BD 78.301 GB/s, time 0.0086 s, comm_vol 671.089 MB
SIZE 64 MB, REAL_BD 82.306 GB/s, time 0.0326 s, comm_vol 2.684 GB
SIZE 256 MB, REAL_BD 83.201 GB/s, time 0.1291 s, comm_vol 10.737 GB
SIZE 1 GB, REAL_BD 83.284 GB/s, time 0.5157 s, comm_vol 42.95 GB
[[0, 8], [4, 12]]
SIZE 16 MB, REAL_BD 44.811 GB/s, time 0.0075 s, comm_vol 335.544 MB
SIZE 64 MB, REAL_BD 46.304 GB/s, time 0.029 s, comm_vol 1.342 GB
SIZE 256 MB, REAL_BD 45.914 GB/s, time 0.1169 s, comm_vol 5.369 GB
SIZE 1 GB, REAL_BD 46.329 GB/s, time 0.4635 s, comm_vol 21.475 GB
[[0, 8], [8, 0], [4, 12], [12, 4]]
SIZE 16 MB, REAL_BD 76.809 GB/s, time 0.0087 s, comm_vol 671.089 MB
SIZE 64 MB, REAL_BD 80.765 GB/s, time 0.0332 s, comm_vol 2.684 GB
SIZE 256 MB, REAL_BD 81.605 GB/s, time 0.1316 s, comm_vol 10.737 GB
SIZE 1 GB, REAL_BD 81.597 GB/s, time 0.5264 s, comm_vol 42.95 GB
[[0, 8], [2, 10], [4, 12], [6, 14]]
SIZE 16 MB, REAL_BD 86.72 GB/s, time 0.0077 s, comm_vol 671.089 MB
SIZE 64 MB, REAL_BD 92.82 GB/s, time 0.0289 s, comm_vol 2.684 GB
SIZE 256 MB, REAL_BD 93.406 GB/s, time 0.115 s, comm_vol 10.737 GB
SIZE 1 GB, REAL_BD 92.499 GB/s, time 0.4643 s, comm_vol 42.95 GB
[[0, 8], [8, 0], [2, 10], [10, 2], [4, 12], [12, 4], [6, 14], [14, 6]]
SIZE 16 MB, REAL_BD 134.154 GB/s, time 0.01 s, comm_vol 1.342 GB
SIZE 64 MB, REAL_BD 138.57 GB/s, time 0.0387 s, comm_vol 5.369 GB
SIZE 256 MB, REAL_BD 143.894 GB/s, time 0.1492 s, comm_vol 21.475 GB
SIZE 1 GB, REAL_BD 163.222 GB/s, time 0.5263 s, comm_vol 85.899 GB
[[0, 8], [1, 9], [2, 10], [3, 11], [4, 12], [5, 13], [6, 14], [7, 15]]
SIZE 16 MB, REAL_BD 95.017 GB/s, time 0.0141 s, comm_vol 1.342 GB
SIZE 64 MB, REAL_BD 96.765 GB/s, time 0.0555 s, comm_vol 5.369 GB
SIZE 256 MB, REAL_BD 97.222 GB/s, time 0.2209 s, comm_vol 21.475 GB
SIZE 1 GB, REAL_BD 97.227 GB/s, time 0.8835 s, comm_vol 85.899 GB
[[0, 8], [1, 9], [2, 10], [3, 11], [4, 12], [5, 13], [6, 14], [7, 15], [8, 0], [9, 1], [10, 2], [11, 3], [12, 4], [13, 5], [14, 6], [15, 7]]
SIZE 16 MB, REAL_BD 175.292 GB/s, time 0.0153 s, comm_vol 2.684 GB
SIZE 64 MB, REAL_BD 182.067 GB/s, time 0.059 s, comm_vol 10.737 GB
SIZE 256 MB, REAL_BD 189.05 GB/s, time 0.2272 s, comm_vol 42.95 GB
SIZE 1 GB, REAL_BD 189.384 GB/s, time 0.9071 s, comm_vol 171.799 GB
+ set +x
