HOST: g4001,g4004
CP_FILE_NAME: small
HOST: g4001,g4004
CUDA_VISIBLE_DEVICES: 
GPU_NUM: 16
PROC_NUM: 16
NNODES: 2
NTASK_PER_NODE: 8
+ srun -p hit -N 2 --ntasks-per-node 8 --gres=gpu:8 --mem 256G -K -w g4001,g4004 -c 16 ./scripts/executor.sh python conflict_bench.py --backend NCCL --config ./scripts/configs/small_16.json
NCCL version 2.18.6+cuda11.8
[INFO]: Cluster init done !!!
[[0, 1]]
SIZE 16 MB, REAL_BD 98.02 GB/s, time 0.0017 s, comm_vol 167.772 MB
SIZE 64 MB, REAL_BD 190.895 GB/s, time 0.0035 s, comm_vol 671.089 MB
SIZE 256 MB, REAL_BD 238.26 GB/s, time 0.0113 s, comm_vol 2.684 GB
SIZE 1 GB, REAL_BD 250.972 GB/s, time 0.0428 s, comm_vol 10.737 GB
[[0, 1], [1, 0]]
SIZE 16 MB, REAL_BD 154.182 GB/s, time 0.0022 s, comm_vol 335.544 MB
SIZE 64 MB, REAL_BD 310.988 GB/s, time 0.0043 s, comm_vol 1.342 GB
SIZE 256 MB, REAL_BD 372.525 GB/s, time 0.0144 s, comm_vol 5.369 GB
SIZE 1 GB, REAL_BD 459.141 GB/s, time 0.0468 s, comm_vol 21.475 GB
[[0, 8]]
SIZE 16 MB, REAL_BD 19.806 GB/s, time 0.0085 s, comm_vol 167.772 MB
SIZE 64 MB, REAL_BD 20.752 GB/s, time 0.0323 s, comm_vol 671.089 MB
SIZE 256 MB, REAL_BD 20.685 GB/s, time 0.1298 s, comm_vol 2.684 GB
SIZE 1 GB, REAL_BD 20.712 GB/s, time 0.5184 s, comm_vol 10.737 GB
[[0, 8], [8, 0]]
SIZE 16 MB, REAL_BD 21.646 GB/s, time 0.0155 s, comm_vol 335.544 MB
SIZE 64 MB, REAL_BD 22.245 GB/s, time 0.0603 s, comm_vol 1.342 GB
SIZE 256 MB, REAL_BD 22.494 GB/s, time 0.2387 s, comm_vol 5.369 GB
SIZE 1 GB, REAL_BD 22.509 GB/s, time 0.9541 s, comm_vol 21.475 GB
[[0, 15], [15, 0]]
SIZE 16 MB, REAL_BD 21.583 GB/s, time 0.0155 s, comm_vol 335.544 MB
SIZE 64 MB, REAL_BD 22.197 GB/s, time 0.0605 s, comm_vol 1.342 GB
SIZE 256 MB, REAL_BD 22.552 GB/s, time 0.2381 s, comm_vol 5.369 GB
SIZE 1 GB, REAL_BD 22.64 GB/s, time 0.9485 s, comm_vol 21.475 GB
[[0, 8], [0, 15]]
SIZE 16 MB, REAL_BD 23.85 GB/s, time 0.0141 s, comm_vol 335.544 MB
SIZE 64 MB, REAL_BD 24.663 GB/s, time 0.0544 s, comm_vol 1.342 GB
SIZE 256 MB, REAL_BD 24.89 GB/s, time 0.2157 s, comm_vol 5.369 GB
SIZE 1 GB, REAL_BD 24.926 GB/s, time 0.8616 s, comm_vol 21.475 GB
[[0, 8], [0, 15], [8, 0], [15, 0]]
SIZE 16 MB, REAL_BD 23.52 GB/s, time 0.0285 s, comm_vol 671.089 MB
SIZE 64 MB, REAL_BD 23.993 GB/s, time 0.1119 s, comm_vol 2.684 GB
SIZE 256 MB, REAL_BD 24.32 GB/s, time 0.4415 s, comm_vol 10.737 GB
SIZE 1 GB, REAL_BD 24.297 GB/s, time 1.7677 s, comm_vol 42.95 GB
[[7, 8], [15, 0]]
SIZE 16 MB, REAL_BD 36.642 GB/s, time 0.0092 s, comm_vol 335.544 MB
SIZE 64 MB, REAL_BD 38.904 GB/s, time 0.0345 s, comm_vol 1.342 GB
SIZE 256 MB, REAL_BD 39.018 GB/s, time 0.1376 s, comm_vol 5.369 GB
SIZE 1 GB, REAL_BD 39.378 GB/s, time 0.5453 s, comm_vol 21.475 GB
[[0, 8], [2, 10]]
SIZE 16 MB, REAL_BD 23.993 GB/s, time 0.014 s, comm_vol 335.544 MB
SIZE 64 MB, REAL_BD 24.439 GB/s, time 0.0549 s, comm_vol 1.342 GB
SIZE 256 MB, REAL_BD 24.529 GB/s, time 0.2189 s, comm_vol 5.369 GB
SIZE 1 GB, REAL_BD 24.531 GB/s, time 0.8754 s, comm_vol 21.475 GB
[[0, 8], [8, 0], [2, 10], [10, 2]]
SIZE 16 MB, REAL_BD 27.405 GB/s, time 0.0245 s, comm_vol 671.089 MB
SIZE 64 MB, REAL_BD 28.188 GB/s, time 0.0952 s, comm_vol 2.684 GB
SIZE 256 MB, REAL_BD 28.329 GB/s, time 0.379 s, comm_vol 10.737 GB
SIZE 1 GB, REAL_BD 28.337 GB/s, time 1.5157 s, comm_vol 42.95 GB
[[0, 8], [4, 12]]
SIZE 16 MB, REAL_BD 39.277 GB/s, time 0.0085 s, comm_vol 335.544 MB
SIZE 64 MB, REAL_BD 41.682 GB/s, time 0.0322 s, comm_vol 1.342 GB
SIZE 256 MB, REAL_BD 42.223 GB/s, time 0.1272 s, comm_vol 5.369 GB
SIZE 1 GB, REAL_BD 42.284 GB/s, time 0.5079 s, comm_vol 21.475 GB
[[0, 8], [8, 0], [4, 12], [12, 4]]
SIZE 16 MB, REAL_BD 40.254 GB/s, time 0.0167 s, comm_vol 671.089 MB
SIZE 64 MB, REAL_BD 41.856 GB/s, time 0.0641 s, comm_vol 2.684 GB
SIZE 256 MB, REAL_BD 42.111 GB/s, time 0.255 s, comm_vol 10.737 GB
SIZE 1 GB, REAL_BD 42.306 GB/s, time 1.0152 s, comm_vol 42.95 GB
[[0, 8], [2, 10], [4, 12], [6, 14]]
SIZE 16 MB, REAL_BD 47.693 GB/s, time 0.0141 s, comm_vol 671.089 MB
SIZE 64 MB, REAL_BD 48.777 GB/s, time 0.055 s, comm_vol 2.684 GB
SIZE 256 MB, REAL_BD 49.047 GB/s, time 0.2189 s, comm_vol 10.737 GB
SIZE 1 GB, REAL_BD 49.09 GB/s, time 0.8749 s, comm_vol 42.95 GB
[[0, 8], [8, 0], [2, 10], [10, 2], [4, 12], [12, 4], [6, 14], [14, 6]]
SIZE 16 MB, REAL_BD 52.266 GB/s, time 0.0257 s, comm_vol 1.342 GB
SIZE 64 MB, REAL_BD 54.119 GB/s, time 0.0992 s, comm_vol 5.369 GB
SIZE 256 MB, REAL_BD 54.572 GB/s, time 0.3935 s, comm_vol 21.475 GB
SIZE 1 GB, REAL_BD 54.708 GB/s, time 1.5701 s, comm_vol 85.899 GB
[[0, 8], [1, 9], [2, 10], [3, 11], [4, 12], [5, 13], [6, 14], [7, 15]]
SIZE 16 MB, REAL_BD 68.0 GB/s, time 0.0197 s, comm_vol 1.342 GB
SIZE 64 MB, REAL_BD 69.077 GB/s, time 0.0777 s, comm_vol 5.369 GB
SIZE 256 MB, REAL_BD 69.565 GB/s, time 0.3087 s, comm_vol 21.475 GB
SIZE 1 GB, REAL_BD 69.712 GB/s, time 1.2322 s, comm_vol 85.899 GB
[[0, 8], [1, 9], [2, 10], [3, 11], [4, 12], [5, 13], [6, 14], [7, 15], [8, 0], [9, 1], [10, 2], [11, 3], [12, 4], [13, 5], [14, 6], [15, 7]]
SIZE 16 MB, REAL_BD 72.687 GB/s, time 0.0369 s, comm_vol 2.684 GB
SIZE 64 MB, REAL_BD 74.201 GB/s, time 0.1447 s, comm_vol 10.737 GB
SIZE 256 MB, REAL_BD 74.533 GB/s, time 0.5762 s, comm_vol 42.95 GB
SIZE 1 GB, REAL_BD 74.557 GB/s, time 2.3042 s, comm_vol 171.799 GB
+ set +x
./scripts/wrapper_conflict_bench.sh: line 215: syntax error near unexpected token `done'
./scripts/wrapper_conflict_bench.sh: line 215: `done'
