HOST: g3015,g3017
CP_FILE_NAME: small
HOST: g3015,g3017
CUDA_VISIBLE_DEVICES: 
GPU_NUM: 16
PROC_NUM: 16
NNODES: 2
NTASK_PER_NODE: 8
+ srun -p rag -N 2 --ntasks-per-node 8 --gres=gpu:8 --mem 256G -K -w g3015,g3017 -c 16 ./scripts/executor.sh python conflict_bench.py --backend NCCL --config ./scripts/configs/small_16.json
NCCL version 2.18.6+cuda11.8
[INFO]: Cluster init done !!!
[[0, 1]]
SIZE 16 MB, REAL_BD 160.696 GB/s, time 0.001 s, comm_vol 167.772 MB
SIZE 64 MB, REAL_BD 210.04 GB/s, time 0.0032 s, comm_vol 671.089 MB
SIZE 256 MB, REAL_BD 244.649 GB/s, time 0.011 s, comm_vol 2.684 GB
SIZE 1 GB, REAL_BD 257.9 GB/s, time 0.0416 s, comm_vol 10.737 GB
[[0, 1], [1, 0]]
SIZE 16 MB, REAL_BD 206.028 GB/s, time 0.0016 s, comm_vol 335.544 MB
SIZE 64 MB, REAL_BD 303.624 GB/s, time 0.0044 s, comm_vol 1.342 GB
SIZE 256 MB, REAL_BD 340.965 GB/s, time 0.0157 s, comm_vol 5.369 GB
SIZE 1 GB, REAL_BD 449.697 GB/s, time 0.0478 s, comm_vol 21.475 GB
[[0, 8]]
SIZE 16 MB, REAL_BD 22.402 GB/s, time 0.0075 s, comm_vol 167.772 MB
SIZE 64 MB, REAL_BD 22.912 GB/s, time 0.0293 s, comm_vol 671.089 MB
SIZE 256 MB, REAL_BD 22.964 GB/s, time 0.1169 s, comm_vol 2.684 GB
SIZE 1 GB, REAL_BD 23.011 GB/s, time 0.4666 s, comm_vol 10.737 GB
[[0, 8], [8, 0]]
SIZE 16 MB, REAL_BD 38.475 GB/s, time 0.0087 s, comm_vol 335.544 MB
SIZE 64 MB, REAL_BD 40.082 GB/s, time 0.0335 s, comm_vol 1.342 GB
SIZE 256 MB, REAL_BD 40.602 GB/s, time 0.1322 s, comm_vol 5.369 GB
SIZE 1 GB, REAL_BD 40.728 GB/s, time 0.5273 s, comm_vol 21.475 GB
[[0, 15], [15, 0]]
SIZE 16 MB, REAL_BD 38.801 GB/s, time 0.0086 s, comm_vol 335.544 MB
SIZE 64 MB, REAL_BD 40.017 GB/s, time 0.0335 s, comm_vol 1.342 GB
SIZE 256 MB, REAL_BD 40.639 GB/s, time 0.1321 s, comm_vol 5.369 GB
SIZE 1 GB, REAL_BD 40.608 GB/s, time 0.5288 s, comm_vol 21.475 GB
[[0, 8], [0, 15]]
SIZE 16 MB, REAL_BD 23.293 GB/s, time 0.0144 s, comm_vol 335.544 MB
SIZE 64 MB, REAL_BD 24.214 GB/s, time 0.0554 s, comm_vol 1.342 GB
SIZE 256 MB, REAL_BD 24.298 GB/s, time 0.221 s, comm_vol 5.369 GB
SIZE 1 GB, REAL_BD 24.27 GB/s, time 0.8848 s, comm_vol 21.475 GB
[[0, 8], [0, 15], [8, 0], [15, 0]]
SIZE 16 MB, REAL_BD 44.079 GB/s, time 0.0152 s, comm_vol 671.089 MB
SIZE 64 MB, REAL_BD 44.439 GB/s, time 0.0604 s, comm_vol 2.684 GB
SIZE 256 MB, REAL_BD 44.786 GB/s, time 0.2397 s, comm_vol 10.737 GB
SIZE 1 GB, REAL_BD 44.867 GB/s, time 0.9573 s, comm_vol 42.95 GB
[[7, 8], [15, 0]]
SIZE 16 MB, REAL_BD 36.189 GB/s, time 0.0093 s, comm_vol 335.544 MB
SIZE 64 MB, REAL_BD 41.612 GB/s, time 0.0323 s, comm_vol 1.342 GB
SIZE 256 MB, REAL_BD 41.364 GB/s, time 0.1298 s, comm_vol 5.369 GB
SIZE 1 GB, REAL_BD 41.405 GB/s, time 0.5187 s, comm_vol 21.475 GB
[[0, 8], [2, 10]]
SIZE 16 MB, REAL_BD 44.737 GB/s, time 0.0075 s, comm_vol 335.544 MB
SIZE 64 MB, REAL_BD 46.031 GB/s, time 0.0292 s, comm_vol 1.342 GB
SIZE 256 MB, REAL_BD 45.834 GB/s, time 0.1171 s, comm_vol 5.369 GB
SIZE 1 GB, REAL_BD 45.193 GB/s, time 0.4752 s, comm_vol 21.475 GB
[[0, 8], [8, 0], [2, 10], [10, 2]]
SIZE 16 MB, REAL_BD 76.904 GB/s, time 0.0087 s, comm_vol 671.089 MB
SIZE 64 MB, REAL_BD 79.305 GB/s, time 0.0338 s, comm_vol 2.684 GB
SIZE 256 MB, REAL_BD 81.176 GB/s, time 0.1323 s, comm_vol 10.737 GB
SIZE 1 GB, REAL_BD 81.363 GB/s, time 0.5279 s, comm_vol 42.95 GB
[[0, 8], [4, 12]]
SIZE 16 MB, REAL_BD 44.762 GB/s, time 0.0075 s, comm_vol 335.544 MB
SIZE 64 MB, REAL_BD 46.308 GB/s, time 0.029 s, comm_vol 1.342 GB
SIZE 256 MB, REAL_BD 45.925 GB/s, time 0.1169 s, comm_vol 5.369 GB
SIZE 1 GB, REAL_BD 44.68 GB/s, time 0.4806 s, comm_vol 21.475 GB
[[0, 8], [8, 0], [4, 12], [12, 4]]
SIZE 16 MB, REAL_BD 75.068 GB/s, time 0.0089 s, comm_vol 671.089 MB
SIZE 64 MB, REAL_BD 79.461 GB/s, time 0.0338 s, comm_vol 2.684 GB
SIZE 256 MB, REAL_BD 80.483 GB/s, time 0.1334 s, comm_vol 10.737 GB
SIZE 1 GB, REAL_BD 80.648 GB/s, time 0.5326 s, comm_vol 42.95 GB
[[0, 8], [2, 10], [4, 12], [6, 14]]
SIZE 16 MB, REAL_BD 90.477 GB/s, time 0.0074 s, comm_vol 671.089 MB
SIZE 64 MB, REAL_BD 92.635 GB/s, time 0.029 s, comm_vol 2.684 GB
SIZE 256 MB, REAL_BD 92.625 GB/s, time 0.1159 s, comm_vol 10.737 GB
SIZE 1 GB, REAL_BD 92.637 GB/s, time 0.4636 s, comm_vol 42.95 GB
[[0, 8], [8, 0], [2, 10], [10, 2], [4, 12], [12, 4], [6, 14], [14, 6]]
SIZE 16 MB, REAL_BD 132.749 GB/s, time 0.0101 s, comm_vol 1.342 GB
SIZE 64 MB, REAL_BD 136.52 GB/s, time 0.0393 s, comm_vol 5.369 GB
SIZE 256 MB, REAL_BD 145.281 GB/s, time 0.1478 s, comm_vol 21.475 GB
SIZE 1 GB, REAL_BD 161.364 GB/s, time 0.5323 s, comm_vol 85.899 GB
[[0, 8], [1, 9], [2, 10], [3, 11], [4, 12], [5, 13], [6, 14], [7, 15]]
SIZE 16 MB, REAL_BD 95.291 GB/s, time 0.0141 s, comm_vol 1.342 GB
SIZE 64 MB, REAL_BD 96.567 GB/s, time 0.0556 s, comm_vol 5.369 GB
SIZE 256 MB, REAL_BD 97.182 GB/s, time 0.221 s, comm_vol 21.475 GB
SIZE 1 GB, REAL_BD 97.104 GB/s, time 0.8846 s, comm_vol 85.899 GB
[[0, 8], [1, 9], [2, 10], [3, 11], [4, 12], [5, 13], [6, 14], [7, 15], [8, 0], [9, 1], [10, 2], [11, 3], [12, 4], [13, 5], [14, 6], [15, 7]]
SIZE 16 MB, REAL_BD 174.732 GB/s, time 0.0154 s, comm_vol 2.684 GB
SIZE 64 MB, REAL_BD 183.09 GB/s, time 0.0586 s, comm_vol 10.737 GB
SIZE 256 MB, REAL_BD 185.321 GB/s, time 0.2318 s, comm_vol 42.95 GB
SIZE 1 GB, REAL_BD 188.51 GB/s, time 0.9114 s, comm_vol 171.799 GB
+ set +x
