HOST: None
CP_FILE_NAME: small
HOST: None
CUDA_VISIBLE_DEVICES: 
GPU_NUM: 24
PROC_NUM: 24
NNODES: 3
NTASK_PER_NODE: 8
+ srun -p hit -N 3 --ntasks-per-node 8 --gres=gpu:8 --mem 256G -K -c 16 ./scripts/executor.sh python conflict_bench.py --backend NCCL --config ./scripts/configs/small_24.json
NCCL version 2.18.6+cuda11.8
[INFO]: Cluster init done !!!
[[0, 8]]
SIZE 16 MB, REAL_BD 19.028 GB/s, time 0.0088 s, comm_vol 167.772 MB
SIZE 64 MB, REAL_BD 19.962 GB/s, time 0.0336 s, comm_vol 671.089 MB
SIZE 256 MB, REAL_BD 20.707 GB/s, time 0.1296 s, comm_vol 2.684 GB
SIZE 1 GB, REAL_BD 20.876 GB/s, time 0.5143 s, comm_vol 10.737 GB
[[0, 8], [8, 16]]
SIZE 16 MB, REAL_BD 35.474 GB/s, time 0.0095 s, comm_vol 335.544 MB
SIZE 64 MB, REAL_BD 39.736 GB/s, time 0.0338 s, comm_vol 1.342 GB
SIZE 256 MB, REAL_BD 39.793 GB/s, time 0.1349 s, comm_vol 5.369 GB
SIZE 1 GB, REAL_BD 40.0 GB/s, time 0.5369 s, comm_vol 21.475 GB
[[0, 8], [8, 16], [16, 0]]
SIZE 16 MB, REAL_BD 32.889 GB/s, time 0.0153 s, comm_vol 503.316 MB
SIZE 64 MB, REAL_BD 33.923 GB/s, time 0.0593 s, comm_vol 2.013 GB
SIZE 256 MB, REAL_BD 34.028 GB/s, time 0.2367 s, comm_vol 8.053 GB
SIZE 1 GB, REAL_BD 34.081 GB/s, time 0.9452 s, comm_vol 32.212 GB
[[0, 8], [8, 16], [16, 0], [2, 10], [10, 18], [18, 2]]
SIZE 16 MB, REAL_BD 41.64 GB/s, time 0.0242 s, comm_vol 1.007 GB
SIZE 64 MB, REAL_BD 42.318 GB/s, time 0.0951 s, comm_vol 4.027 GB
SIZE 256 MB, REAL_BD 42.502 GB/s, time 0.379 s, comm_vol 16.106 GB
SIZE 1 GB, REAL_BD 42.54 GB/s, time 1.5144 s, comm_vol 64.425 GB
[[0, 8], [8, 16], [16, 0], [4, 12], [12, 20], [20, 4]]
SIZE 16 MB, REAL_BD 60.821 GB/s, time 0.0166 s, comm_vol 1.007 GB
SIZE 64 MB, REAL_BD 62.591 GB/s, time 0.0643 s, comm_vol 4.027 GB
SIZE 256 MB, REAL_BD 62.966 GB/s, time 0.2558 s, comm_vol 16.106 GB
SIZE 1 GB, REAL_BD 63.227 GB/s, time 1.0189 s, comm_vol 64.425 GB
[[0, 8], [8, 16], [16, 0], [2, 10], [10, 18], [18, 2], [4, 12], [12, 20], [20, 4], [6, 14], [14, 22], [22, 6]]
SIZE 16 MB, REAL_BD 79.907 GB/s, time 0.0252 s, comm_vol 2.013 GB
SIZE 64 MB, REAL_BD 81.35 GB/s, time 0.099 s, comm_vol 8.053 GB
SIZE 256 MB, REAL_BD 81.933 GB/s, time 0.3932 s, comm_vol 32.212 GB
SIZE 1 GB, REAL_BD 82.052 GB/s, time 1.5703 s, comm_vol 128.849 GB
[[0, 8], [8, 16], [16, 0], [2, 10], [10, 18], [18, 2], [4, 12], [12, 20], [20, 4], [6, 14], [14, 22], [22, 6], [1, 9], [9, 17], [17, 1], [3, 11], [11, 19], [19, 3], [5, 13], [13, 21], [21, 5], [7, 15], [15, 23], [23, 7]]
SIZE 16 MB, REAL_BD 109.277 GB/s, time 0.0368 s, comm_vol 4.027 GB
SIZE 64 MB, REAL_BD 110.823 GB/s, time 0.1453 s, comm_vol 16.106 GB
SIZE 256 MB, REAL_BD 111.735 GB/s, time 0.5766 s, comm_vol 64.425 GB
SIZE 1 GB, REAL_BD 112.559 GB/s, time 2.2894 s, comm_vol 257.698 GB
+ set +x
