HOST: None
CP_FILE_NAME: small
HOST: None
CUDA_VISIBLE_DEVICES: 
GPU_NUM: 24
PROC_NUM: 24
NNODES: 3
NTASK_PER_NODE: 8
+ srun -p rag -N 3 --ntasks-per-node 8 --gres=gpu:8 --mem 256G -K -c 16 ./scripts/executor.sh python conflict_bench.py --backend NCCL --config ./scripts/configs/small_24.json
NCCL version 2.18.6+cuda11.8
[INFO]: Cluster init done !!!
[[0, 8]]
SIZE 16 MB, REAL_BD 22.336 GB/s, time 0.0075 s, comm_vol 167.772 MB
SIZE 64 MB, REAL_BD 22.961 GB/s, time 0.0292 s, comm_vol 671.089 MB
SIZE 256 MB, REAL_BD 23.044 GB/s, time 0.1165 s, comm_vol 2.684 GB
SIZE 1 GB, REAL_BD 22.402 GB/s, time 0.4793 s, comm_vol 10.737 GB
[[0, 8], [8, 16]]
SIZE 16 MB, REAL_BD 40.065 GB/s, time 0.0084 s, comm_vol 335.544 MB
SIZE 64 MB, REAL_BD 41.621 GB/s, time 0.0322 s, comm_vol 1.342 GB
SIZE 256 MB, REAL_BD 41.466 GB/s, time 0.1295 s, comm_vol 5.369 GB
SIZE 1 GB, REAL_BD 41.753 GB/s, time 0.5143 s, comm_vol 21.475 GB
[[0, 8], [8, 16], [16, 0]]
SIZE 16 MB, REAL_BD 56.652 GB/s, time 0.0089 s, comm_vol 503.316 MB
SIZE 64 MB, REAL_BD 59.902 GB/s, time 0.0336 s, comm_vol 2.013 GB
SIZE 256 MB, REAL_BD 60.685 GB/s, time 0.1327 s, comm_vol 8.053 GB
SIZE 1 GB, REAL_BD 60.613 GB/s, time 0.5314 s, comm_vol 32.212 GB
[[0, 8], [8, 16], [16, 0], [2, 10], [10, 18], [18, 2]]
SIZE 16 MB, REAL_BD 111.646 GB/s, time 0.009 s, comm_vol 1.007 GB
SIZE 64 MB, REAL_BD 121.121 GB/s, time 0.0332 s, comm_vol 4.027 GB
SIZE 256 MB, REAL_BD 121.398 GB/s, time 0.1327 s, comm_vol 16.106 GB
SIZE 1 GB, REAL_BD 122.166 GB/s, time 0.5274 s, comm_vol 64.425 GB
[[0, 8], [8, 16], [16, 0], [4, 12], [12, 20], [20, 4]]
SIZE 16 MB, REAL_BD 113.587 GB/s, time 0.0089 s, comm_vol 1.007 GB
SIZE 64 MB, REAL_BD 118.17 GB/s, time 0.0341 s, comm_vol 4.027 GB
SIZE 256 MB, REAL_BD 120.335 GB/s, time 0.1338 s, comm_vol 16.106 GB
SIZE 1 GB, REAL_BD 120.22 GB/s, time 0.5359 s, comm_vol 64.425 GB
[[0, 8], [8, 16], [16, 0], [2, 10], [10, 18], [18, 2], [4, 12], [12, 20], [20, 4], [6, 14], [14, 22], [22, 6]]
SIZE 16 MB, REAL_BD 198.013 GB/s, time 0.0102 s, comm_vol 2.013 GB
SIZE 64 MB, REAL_BD 207.127 GB/s, time 0.0389 s, comm_vol 8.053 GB
SIZE 256 MB, REAL_BD 219.621 GB/s, time 0.1467 s, comm_vol 32.212 GB
SIZE 1 GB, REAL_BD 240.803 GB/s, time 0.5351 s, comm_vol 128.849 GB
[[0, 8], [8, 16], [16, 0], [2, 10], [10, 18], [18, 2], [4, 12], [12, 20], [20, 4], [6, 14], [14, 22], [22, 6], [1, 9], [9, 17], [17, 1], [3, 11], [11, 19], [19, 3], [5, 13], [13, 21], [21, 5], [7, 15], [15, 23], [23, 7]]
SIZE 16 MB, REAL_BD 256.965 GB/s, time 0.0157 s, comm_vol 4.027 GB
SIZE 64 MB, REAL_BD 271.826 GB/s, time 0.0593 s, comm_vol 16.106 GB
SIZE 256 MB, REAL_BD 282.372 GB/s, time 0.2282 s, comm_vol 64.425 GB
SIZE 1 GB, REAL_BD 283.118 GB/s, time 0.9102 s, comm_vol 257.698 GB
+ set +x
