HOST: g3024,g3025,g3026,g3027
CP_FILE_NAME: small
HOST: g3024,g3025,g3026,g3027
CUDA_VISIBLE_DEVICES: 
GPU_NUM: 32
PROC_NUM: 32
NNODES: 4
NTASK_PER_NODE: 8
+ srun -p arch -N 4 --ntasks-per-node 8 --gres=gpu:8 --mem 256G -K -w g3024,g3025,g3026,g3027 -c 16 ./scripts/executor.sh python conflict_bench.py --backend NCCL --config ./scripts/configs/small_32.json
srun: job 3631 queued and waiting for resources
srun: job 3631 has been allocated resources
NCCL version 2.18.6+cuda11.8
[INFO]: Cluster init done !!!
[[0, 8]]
SIZE 16 MB, REAL_BD 21.798 GB/s, time 0.0077 s, comm_vol 167.772 MB
SIZE 64 MB, REAL_BD 22.991 GB/s, time 0.0292 s, comm_vol 671.089 MB
SIZE 256 MB, REAL_BD 22.871 GB/s, time 0.1174 s, comm_vol 2.684 GB
SIZE 1 GB, REAL_BD 22.272 GB/s, time 0.4821 s, comm_vol 10.737 GB
[[0, 8], [8, 16]]
SIZE 16 MB, REAL_BD 40.364 GB/s, time 0.0083 s, comm_vol 335.544 MB
SIZE 64 MB, REAL_BD 41.294 GB/s, time 0.0325 s, comm_vol 1.342 GB
SIZE 256 MB, REAL_BD 41.509 GB/s, time 0.1293 s, comm_vol 5.369 GB
SIZE 1 GB, REAL_BD 41.393 GB/s, time 0.5188 s, comm_vol 21.475 GB
[[0, 8], [8, 16], [16, 24]]
SIZE 16 MB, REAL_BD 59.415 GB/s, time 0.0085 s, comm_vol 503.316 MB
SIZE 64 MB, REAL_BD 61.497 GB/s, time 0.0327 s, comm_vol 2.013 GB
SIZE 256 MB, REAL_BD 62.186 GB/s, time 0.1295 s, comm_vol 8.053 GB
SIZE 1 GB, REAL_BD 62.101 GB/s, time 0.5187 s, comm_vol 32.212 GB
[[0, 8], [8, 16], [16, 24], [24, 0]]
SIZE 16 MB, REAL_BD 76.709 GB/s, time 0.0087 s, comm_vol 671.089 MB
SIZE 64 MB, REAL_BD 79.34 GB/s, time 0.0338 s, comm_vol 2.684 GB
SIZE 256 MB, REAL_BD 80.702 GB/s, time 0.133 s, comm_vol 10.737 GB
SIZE 1 GB, REAL_BD 80.567 GB/s, time 0.5331 s, comm_vol 42.95 GB
[[0, 8], [8, 16], [16, 24], [24, 0], [2, 10], [10, 18], [18, 26], [26, 2]]
SIZE 16 MB, REAL_BD 87.497 GB/s, time 0.0153 s, comm_vol 1.342 GB
SIZE 64 MB, REAL_BD 87.218 GB/s, time 0.0616 s, comm_vol 5.369 GB
SIZE 256 MB, REAL_BD 87.023 GB/s, time 0.2468 s, comm_vol 21.475 GB
SIZE 1 GB, REAL_BD 86.97 GB/s, time 0.9877 s, comm_vol 85.899 GB
[[0, 8], [8, 16], [16, 24], [24, 0], [4, 12], [12, 20], [20, 28], [28, 4]]
SIZE 16 MB, REAL_BD 150.961 GB/s, time 0.0089 s, comm_vol 1.342 GB
SIZE 64 MB, REAL_BD 157.821 GB/s, time 0.034 s, comm_vol 5.369 GB
SIZE 256 MB, REAL_BD 160.45 GB/s, time 0.1338 s, comm_vol 21.475 GB
SIZE 1 GB, REAL_BD 160.879 GB/s, time 0.5339 s, comm_vol 85.899 GB
[[0, 8], [8, 16], [16, 24], [24, 0], [2, 10], [10, 18], [18, 26], [26, 0], [4, 12], [12, 20], [20, 28], [28, 4], [6, 14], [14, 22], [22, 30], [30, 6]]
SIZE 16 MB, REAL_BD 183.324 GB/s, time 0.0146 s, comm_vol 2.684 GB
SIZE 64 MB, REAL_BD 188.818 GB/s, time 0.0569 s, comm_vol 10.737 GB
SIZE 256 MB, REAL_BD 189.235 GB/s, time 0.227 s, comm_vol 42.95 GB
SIZE 1 GB, REAL_BD 189.221 GB/s, time 0.9079 s, comm_vol 171.799 GB
[[0, 8], [8, 16], [16, 24], [24, 0], [2, 10], [10, 18], [18, 26], [26, 0], [4, 12], [12, 20], [20, 28], [28, 4], [6, 14], [14, 22], [22, 30], [30, 6], [1, 9], [9, 17], [17, 25], [25, 1], [3, 11], [11, 19], [19, 27], [27, 3], [5, 13], [13, 21], [21, 29], [29, 5], [7, 15], [15, 23], [23, 31], [31, 7]]
SIZE 16 MB, REAL_BD 168.75 GB/s, time 0.0318 s, comm_vol 5.369 GB
SIZE 64 MB, REAL_BD 174.096 GB/s, time 0.1234 s, comm_vol 21.475 GB
SIZE 256 MB, REAL_BD 173.507 GB/s, time 0.4951 s, comm_vol 85.899 GB
SIZE 1 GB, REAL_BD 172.859 GB/s, time 1.9877 s, comm_vol 343.597 GB
+ set +x
