HOST: g3027,g3028,g3029,g3030
CP_FILE_NAME: small
HOST: g3027,g3028,g3029,g3030
CUDA_VISIBLE_DEVICES: 
GPU_NUM: 32
PROC_NUM: 32
NNODES: 4
NTASK_PER_NODE: 8
+ srun -p arch -N 4 --ntasks-per-node 8 --gres=gpu:8 --mem 256G -K -w g3027,g3028,g3029,g3030 -c 16 ./scripts/executor.sh python conflict_bench.py --backend NCCL --config ./scripts/configs/small_32.json
NCCL version 2.18.6+cuda11.8
[INFO]: Cluster init done !!!
[[0, 8]]
SIZE 16 MB, REAL_BD 22.686 GB/s, time 0.0074 s, comm_vol 167.772 MB
SIZE 64 MB, REAL_BD 23.33 GB/s, time 0.0288 s, comm_vol 671.089 MB
SIZE 256 MB, REAL_BD 23.428 GB/s, time 0.1146 s, comm_vol 2.684 GB
SIZE 1 GB, REAL_BD 23.147 GB/s, time 0.4639 s, comm_vol 10.737 GB
[[0, 8], [8, 16]]
SIZE 16 MB, REAL_BD 40.327 GB/s, time 0.0083 s, comm_vol 335.544 MB
SIZE 64 MB, REAL_BD 41.774 GB/s, time 0.0321 s, comm_vol 1.342 GB
SIZE 256 MB, REAL_BD 42.337 GB/s, time 0.1268 s, comm_vol 5.369 GB
SIZE 1 GB, REAL_BD 42.319 GB/s, time 0.5075 s, comm_vol 21.475 GB
[[0, 8], [8, 16], [16, 24]]
SIZE 16 MB, REAL_BD 58.707 GB/s, time 0.0086 s, comm_vol 503.316 MB
SIZE 64 MB, REAL_BD 60.502 GB/s, time 0.0333 s, comm_vol 2.013 GB
SIZE 256 MB, REAL_BD 61.206 GB/s, time 0.1316 s, comm_vol 8.053 GB
SIZE 1 GB, REAL_BD 61.262 GB/s, time 0.5258 s, comm_vol 32.212 GB
[[0, 8], [8, 16], [16, 24], [24, 0]]
SIZE 16 MB, REAL_BD 76.322 GB/s, time 0.0088 s, comm_vol 671.089 MB
SIZE 64 MB, REAL_BD 80.381 GB/s, time 0.0334 s, comm_vol 2.684 GB
SIZE 256 MB, REAL_BD 81.098 GB/s, time 0.1324 s, comm_vol 10.737 GB
SIZE 1 GB, REAL_BD 81.246 GB/s, time 0.5286 s, comm_vol 42.95 GB
[[0, 8], [8, 16], [16, 24], [24, 0], [2, 10], [10, 18], [18, 26], [26, 2]]
SIZE 16 MB, REAL_BD 144.302 GB/s, time 0.0093 s, comm_vol 1.342 GB
SIZE 64 MB, REAL_BD 159.039 GB/s, time 0.0338 s, comm_vol 5.369 GB
SIZE 256 MB, REAL_BD 163.756 GB/s, time 0.1311 s, comm_vol 21.475 GB
SIZE 1 GB, REAL_BD 162.669 GB/s, time 0.5281 s, comm_vol 85.899 GB
[[0, 8], [8, 16], [16, 24], [24, 0], [4, 12], [12, 20], [20, 28], [28, 4]]
SIZE 16 MB, REAL_BD 152.4 GB/s, time 0.0088 s, comm_vol 1.342 GB
SIZE 64 MB, REAL_BD 158.584 GB/s, time 0.0339 s, comm_vol 5.369 GB
SIZE 256 MB, REAL_BD 161.34 GB/s, time 0.1331 s, comm_vol 21.475 GB
SIZE 1 GB, REAL_BD 161.692 GB/s, time 0.5313 s, comm_vol 85.899 GB
[[0, 8], [8, 16], [16, 24], [24, 0], [2, 10], [10, 18], [18, 26], [26, 0], [4, 12], [12, 20], [20, 28], [28, 4], [6, 14], [14, 22], [22, 30], [30, 6]]
SIZE 16 MB, REAL_BD 182.064 GB/s, time 0.0147 s, comm_vol 2.684 GB
SIZE 64 MB, REAL_BD 181.567 GB/s, time 0.0591 s, comm_vol 10.737 GB
SIZE 256 MB, REAL_BD 188.258 GB/s, time 0.2281 s, comm_vol 42.95 GB
SIZE 1 GB, REAL_BD 189.003 GB/s, time 0.909 s, comm_vol 171.799 GB
[[0, 8], [8, 16], [16, 24], [24, 0], [2, 10], [10, 18], [18, 26], [26, 0], [4, 12], [12, 20], [20, 28], [28, 4], [6, 14], [14, 22], [22, 30], [30, 6], [1, 9], [9, 17], [17, 25], [25, 1], [3, 11], [11, 19], [19, 27], [27, 3], [5, 13], [13, 21], [21, 29], [29, 5], [7, 15], [15, 23], [23, 31], [31, 7]]
SIZE 16 MB, REAL_BD 254.602 GB/s, time 0.0211 s, comm_vol 5.369 GB
SIZE 64 MB, REAL_BD 256.046 GB/s, time 0.0839 s, comm_vol 21.475 GB
SIZE 256 MB, REAL_BD 255.965 GB/s, time 0.3356 s, comm_vol 85.899 GB
SIZE 1 GB, REAL_BD 256.091 GB/s, time 1.3417 s, comm_vol 343.597 GB
+ set +x
