HOST: g4005
CP_FILE_NAME: small
HOST: g4005
CUDA_VISIBLE_DEVICES: 
GPU_NUM: 8
PROC_NUM: 8
NNODES: 1
NTASK_PER_NODE: 8
MASTER_ADDR: g3021
+++ which mpirun
++ dirname /home/zhaijidong/yhy/.local/openmpi-cuda-ucx-gdrcopy/bin/mpirun
+ mpirun --prefix /home/zhaijidong/yhy/.local/openmpi-cuda-ucx-gdrcopy/bin/../ -x MASTER_ADDR -x MASTER_PORT -x PATH -x LD_LIBRARY_PATH -x NCCL_DEBUG -x NCCL_NET_GDR_LEVEL -x NCCL_DEBUG_SUBSYS -x NCCL_IB_DISABLE -np 32 --host g3021:8,g3022:8,g3023:8,g3024:8 --map-by ppr:4:numa --bind-to core --report-bindings python conflict_bench.py --backend NCCL --config ./scripts/configs/small_32.json
NCCL version 2.18.6+cuda11.8
[INFO]: Cluster init done !!!
[[0, 8]]
SIZE 16 MB, REAL_BD 10.905 GB/s, time 0.0308 s, comm_vol 335.544 MB
SIZE 64 MB, REAL_BD 12.162 GB/s, time 0.1104 s, comm_vol 1.342 GB
SIZE 256 MB, REAL_BD 14.928 GB/s, time 0.3596 s, comm_vol 5.369 GB
SIZE 1 GB, REAL_BD 13.603 GB/s, time 1.5786 s, comm_vol 21.475 GB
[[0, 8], [8, 16]]
SIZE 16 MB, REAL_BD 19.326 GB/s, time 0.0347 s, comm_vol 671.089 MB
SIZE 64 MB, REAL_BD 21.841 GB/s, time 0.1229 s, comm_vol 2.684 GB
SIZE 256 MB, REAL_BD 19.273 GB/s, time 0.5571 s, comm_vol 10.737 GB
SIZE 1 GB, REAL_BD 19.557 GB/s, time 2.1961 s, comm_vol 42.95 GB
[[0, 8], [8, 16], [16, 24]]
SIZE 16 MB, REAL_BD 25.601 GB/s, time 0.0393 s, comm_vol 1.007 GB
SIZE 64 MB, REAL_BD 28.295 GB/s, time 0.1423 s, comm_vol 4.027 GB
SIZE 256 MB, REAL_BD 27.236 GB/s, time 0.5914 s, comm_vol 16.106 GB
SIZE 1 GB, REAL_BD 27.592 GB/s, time 2.3349 s, comm_vol 64.425 GB
[[0, 8], [8, 16], [16, 24], [24, 0]]
SIZE 16 MB, REAL_BD 26.199 GB/s, time 0.0512 s, comm_vol 1.342 GB
SIZE 64 MB, REAL_BD 36.348 GB/s, time 0.1477 s, comm_vol 5.369 GB
SIZE 256 MB, REAL_BD 33.061 GB/s, time 0.6495 s, comm_vol 21.475 GB
SIZE 1 GB, REAL_BD 33.882 GB/s, time 2.5353 s, comm_vol 85.899 GB
[[0, 8], [8, 16], [16, 24], [24, 0], [2, 10], [10, 18], [18, 26], [26, 2]]
SIZE 16 MB, REAL_BD 40.277 GB/s, time 0.0666 s, comm_vol 2.684 GB
SIZE 64 MB, REAL_BD 44.644 GB/s, time 0.2405 s, comm_vol 10.737 GB
SIZE 256 MB, REAL_BD 43.416 GB/s, time 0.9893 s, comm_vol 42.95 GB
SIZE 1 GB, REAL_BD 43.384 GB/s, time 3.9599 s, comm_vol 171.799 GB
[[0, 8], [8, 16], [16, 24], [24, 0], [4, 12], [12, 20], [20, 28], [28, 4]]
SIZE 16 MB, REAL_BD 60.889 GB/s, time 0.0441 s, comm_vol 2.684 GB
SIZE 64 MB, REAL_BD 61.441 GB/s, time 0.1748 s, comm_vol 10.737 GB
SIZE 256 MB, REAL_BD 63.558 GB/s, time 0.6758 s, comm_vol 42.95 GB
SIZE 1 GB, REAL_BD 66.699 GB/s, time 2.5757 s, comm_vol 171.799 GB
[[0, 8], [8, 16], [16, 24], [24, 0], [2, 10], [10, 18], [18, 26], [26, 0], [4, 12], [12, 20], [20, 28], [28, 4], [6, 14], [14, 22], [22, 30], [30, 6]]
SIZE 16 MB, REAL_BD 76.092 GB/s, time 0.0706 s, comm_vol 5.369 GB
SIZE 64 MB, REAL_BD 77.732 GB/s, time 0.2763 s, comm_vol 21.475 GB
SIZE 256 MB, REAL_BD 81.249 GB/s, time 1.0572 s, comm_vol 85.899 GB
SIZE 1 GB, REAL_BD 81.7 GB/s, time 4.2056 s, comm_vol 343.597 GB
[[0, 8], [8, 16], [16, 24], [24, 0], [2, 10], [10, 18], [18, 26], [26, 0], [4, 12], [12, 20], [20, 28], [28, 4], [6, 14], [14, 22], [22, 30], [30, 6], [1, 9], [9, 17], [17, 25], [25, 1], [3, 11], [11, 19], [19, 27], [27, 3], [5, 13], [13, 21], [21, 29], [29, 5], [7, 15], [15, 23], [23, 31], [31, 7]]
SIZE 16 MB, REAL_BD 118.625 GB/s, time 0.0905 s, comm_vol 10.737 GB
SIZE 64 MB, REAL_BD 131.5 GB/s, time 0.3266 s, comm_vol 42.95 GB
SIZE 256 MB, REAL_BD 132.66 GB/s, time 1.295 s, comm_vol 171.799 GB
SIZE 1 GB, REAL_BD 133.9 GB/s, time 5.1322 s, comm_vol 687.195 GB
+ set +x
