HOST: g3017
CP_FILE_NAME: small
HOST: g3017
CUDA_VISIBLE_DEVICES: 
GPU_NUM: 8
PROC_NUM: 8
NNODES: 1
NTASK_PER_NODE: 8
+ srun -p rag -N 1 --ntasks-per-node 8 --gres=gpu:8 --mem 256G -K -w g3017 -c 16 ./scripts/executor.sh python conflict_bench.py --backend NCCL --config ./scripts/configs/small_8.json
NCCL version 2.18.6+cuda11.8
[INFO]: Cluster init done !!!
[[0, 1]]
SIZE 16 MB, REAL_BD 158.918 GB/s, time 0.0011 s, comm_vol 167.772 MB
SIZE 64 MB, REAL_BD 213.546 GB/s, time 0.0031 s, comm_vol 671.089 MB
SIZE 256 MB, REAL_BD 241.859 GB/s, time 0.0111 s, comm_vol 2.684 GB
SIZE 1 GB, REAL_BD 250.36 GB/s, time 0.0429 s, comm_vol 10.737 GB
[[0, 1], [1, 0]]
SIZE 16 MB, REAL_BD 142.779 GB/s, time 0.0024 s, comm_vol 335.544 MB
SIZE 64 MB, REAL_BD 212.242 GB/s, time 0.0063 s, comm_vol 1.342 GB
SIZE 256 MB, REAL_BD 244.49 GB/s, time 0.022 s, comm_vol 5.369 GB
SIZE 1 GB, REAL_BD 255.898 GB/s, time 0.0839 s, comm_vol 21.475 GB
[[0, 2]]
SIZE 16 MB, REAL_BD 168.387 GB/s, time 0.001 s, comm_vol 167.772 MB
SIZE 64 MB, REAL_BD 227.271 GB/s, time 0.003 s, comm_vol 671.089 MB
SIZE 256 MB, REAL_BD 250.735 GB/s, time 0.0107 s, comm_vol 2.684 GB
SIZE 1 GB, REAL_BD 259.419 GB/s, time 0.0414 s, comm_vol 10.737 GB
[[0, 2], [2, 0]]
SIZE 16 MB, REAL_BD 148.85 GB/s, time 0.0023 s, comm_vol 335.544 MB
SIZE 64 MB, REAL_BD 215.657 GB/s, time 0.0062 s, comm_vol 1.342 GB
SIZE 256 MB, REAL_BD 245.409 GB/s, time 0.0219 s, comm_vol 5.369 GB
SIZE 1 GB, REAL_BD 257.443 GB/s, time 0.0834 s, comm_vol 21.475 GB
[[0, 4]]
SIZE 16 MB, REAL_BD 174.742 GB/s, time 0.001 s, comm_vol 167.772 MB
SIZE 64 MB, REAL_BD 225.523 GB/s, time 0.003 s, comm_vol 671.089 MB
SIZE 256 MB, REAL_BD 249.662 GB/s, time 0.0108 s, comm_vol 2.684 GB
SIZE 1 GB, REAL_BD 259.515 GB/s, time 0.0414 s, comm_vol 10.737 GB
[[4, 6]]
NCCL version 2.18.6+cuda11.8
SIZE 16 MB, REAL_BD 178.284 GB/s, time 0.0009 s, comm_vol 167.772 MB
SIZE 64 MB, REAL_BD 226.175 GB/s, time 0.003 s, comm_vol 671.089 MB
SIZE 256 MB, REAL_BD 247.032 GB/s, time 0.0109 s, comm_vol 2.684 GB
SIZE 1 GB, REAL_BD 257.481 GB/s, time 0.0417 s, comm_vol 10.737 GB
[[0, 1], [1, 2], [2, 0]]
NCCL version 2.18.6+cuda11.8
SIZE 16 MB, REAL_BD 329.339 GB/s, time 0.0015 s, comm_vol 503.316 MB
SIZE 64 MB, REAL_BD 540.225 GB/s, time 0.0037 s, comm_vol 2.013 GB
SIZE 256 MB, REAL_BD 634.405 GB/s, time 0.0127 s, comm_vol 8.053 GB
SIZE 1 GB, REAL_BD 666.811 GB/s, time 0.0483 s, comm_vol 32.212 GB
[[0, 1], [1, 2], [2, 3], [3, 0]]
NCCL version 2.18.6+cuda11.8
SIZE 16 MB, REAL_BD 445.372 GB/s, time 0.0015 s, comm_vol 671.089 MB
SIZE 64 MB, REAL_BD 722.24 GB/s, time 0.0037 s, comm_vol 2.684 GB
SIZE 256 MB, REAL_BD 851.584 GB/s, time 0.0126 s, comm_vol 10.737 GB
SIZE 1 GB, REAL_BD 907.069 GB/s, time 0.0473 s, comm_vol 42.95 GB
[[0, 1], [1, 2], [2, 3], [3, 4], [4, 5], [5, 0]]
NCCL version 2.18.6+cuda11.8
SIZE 16 MB, REAL_BD 647.466 GB/s, time 0.0016 s, comm_vol 1.007 GB
SIZE 64 MB, REAL_BD 1.049 TB/s, time 0.0038 s, comm_vol 4.027 GB
SIZE 256 MB, REAL_BD 1.187 TB/s, time 0.0136 s, comm_vol 16.106 GB
SIZE 1 GB, REAL_BD 1.301 TB/s, time 0.0495 s, comm_vol 64.425 GB
[[0, 1], [1, 2], [2, 3], [3, 4], [4, 5], [5, 6], [6, 7], [7, 0]]
NCCL version 2.18.6+cuda11.8
NCCL version 2.18.6+cuda11.8
SIZE 16 MB, REAL_BD 886.815 GB/s, time 0.0015 s, comm_vol 1.342 GB
SIZE 64 MB, REAL_BD 1.402 TB/s, time 0.0038 s, comm_vol 5.369 GB
SIZE 256 MB, REAL_BD 1.56 TB/s, time 0.0138 s, comm_vol 21.475 GB
SIZE 1 GB, REAL_BD 1.719 TB/s, time 0.05 s, comm_vol 85.899 GB
+ set +x
