PARTITION: gpu4-low
HOST: None
GPU_NUM: 64
MASTER_ADDR: g3021
+++ which mpirun
++ dirname /home/zhaijidong/yhy/.local/openmpi-cuda-ucx-gdrcopy/bin/mpirun
+ mpirun --prefix /home/zhaijidong/yhy/.local/openmpi-cuda-ucx-gdrcopy/bin/../ -x MASTER_ADDR -x MASTER_PORT -x PATH -x LD_LIBRARY_PATH -x NCCL_DEBUG -x NCCL_NET_GDR_LEVEL -x NCCL_DEBUG_SUBSYS -x NCCL_IB_DISABLE -np 16 --host g3021:8,g3022:8 --map-by ppr:4:numa --bind-to core --report-bindings python coll_comm_bench.py --output ./prof_data/coll_comm_bench_64_None.json
[g3021:358430] MCW rank 4 bound to socket 1[core 32[hwt 0-1]]: [../../../../../../../../../../../../../../../../../../../../../../../../../../../../../../../..][BB/../../../../../../../../../../../../../../../../../../../../../../../../../../../../../../..]
[g3021:358430] MCW rank 5 bound to socket 1[core 33[hwt 0-1]]: [../../../../../../../../../../../../../../../../../../../../../../../../../../../../../../../..][../BB/../../../../../../../../../../../../../../../../../../../../../../../../../../../../../..]
[g3021:358430] MCW rank 6 bound to socket 1[core 34[hwt 0-1]]: [../../../../../../../../../../../../../../../../../../../../../../../../../../../../../../../..][../../BB/../../../../../../../../../../../../../../../../../../../../../../../../../../../../..]
[g3021:358430] MCW rank 7 bound to socket 1[core 35[hwt 0-1]]: [../../../../../../../../../../../../../../../../../../../../../../../../../../../../../../../..][../../../BB/../../../../../../../../../../../../../../../../../../../../../../../../../../../..]
[g3021:358430] MCW rank 0 bound to socket 0[core 0[hwt 0-1]]: [BB/../../../../../../../../../../../../../../../../../../../../../../../../../../../../../../..][../../../../../../../../../../../../../../../../../../../../../../../../../../../../../../../..]
[g3021:358430] MCW rank 1 bound to socket 0[core 1[hwt 0-1]]: [../BB/../../../../../../../../../../../../../../../../../../../../../../../../../../../../../..][../../../../../../../../../../../../../../../../../../../../../../../../../../../../../../../..]
[g3021:358430] MCW rank 2 bound to socket 0[core 2[hwt 0-1]]: [../../BB/../../../../../../../../../../../../../../../../../../../../../../../../../../../../..][../../../../../../../../../../../../../../../../../../../../../../../../../../../../../../../..]
[g3021:358430] MCW rank 3 bound to socket 0[core 3[hwt 0-1]]: [../../../BB/../../../../../../../../../../../../../../../../../../../../../../../../../../../..][../../../../../../../../../../../../../../../../../../../../../../../../../../../../../../../..]
[g3022:3719167] MCW rank 8 bound to socket 0[core 0[hwt 0-1]]: [BB/../../../../../../../../../../../../../../../../../../../../../../../../../../../../../../..][../../../../../../../../../../../../../../../../../../../../../../../../../../../../../../../..]
[g3022:3719167] MCW rank 9 bound to socket 0[core 1[hwt 0-1]]: [../BB/../../../../../../../../../../../../../../../../../../../../../../../../../../../../../..][../../../../../../../../../../../../../../../../../../../../../../../../../../../../../../../..]
[g3022:3719167] MCW rank 10 bound to socket 0[core 2[hwt 0-1]]: [../../BB/../../../../../../../../../../../../../../../../../../../../../../../../../../../../..][../../../../../../../../../../../../../../../../../../../../../../../../../../../../../../../..]
[g3022:3719167] MCW rank 11 bound to socket 0[core 3[hwt 0-1]]: [../../../BB/../../../../../../../../../../../../../../../../../../../../../../../../../../../..][../../../../../../../../../../../../../../../../../../../../../../../../../../../../../../../..]
[g3022:3719167] MCW rank 12 bound to socket 1[core 32[hwt 0-1]]: [../../../../../../../../../../../../../../../../../../../../../../../../../../../../../../../..][BB/../../../../../../../../../../../../../../../../../../../../../../../../../../../../../../..]
[g3022:3719167] MCW rank 13 bound to socket 1[core 33[hwt 0-1]]: [../../../../../../../../../../../../../../../../../../../../../../../../../../../../../../../..][../BB/../../../../../../../../../../../../../../../../../../../../../../../../../../../../../..]
[g3022:3719167] MCW rank 14 bound to socket 1[core 34[hwt 0-1]]: [../../../../../../../../../../../../../../../../../../../../../../../../../../../../../../../..][../../BB/../../../../../../../../../../../../../../../../../../../../../../../../../../../../..]
[g3022:3719167] MCW rank 15 bound to socket 1[core 35[hwt 0-1]]: [../../../../../../../../../../../../../../../../../../../../../../../../../../../../../../../..][../../../BB/../../../../../../../../../../../../../../../../../../../../../../../../../../../..]
NCCL version 2.18.6+cuda11.8
[INFO]: Cluster init done !!!
COLL_COMM: allgather
msg_size: 16 MB, t_d: 0.1067 s, t_d/r: 0.0053, tput: 50.336 GB/s, busbw: 47.19 GB/s
msg_size: 64 MB, t_d: 0.3356 s, t_d/r: 0.0168, tput: 63.988 GB/s, busbw: 59.989 GB/s
msg_size: 256 MB, t_d: 1.2533 s, t_d/r: 0.0627, tput: 68.538 GB/s, busbw: 64.254 GB/s
msg_size: 1 GB, t_d: 5.1631 s, t_d/r: 0.2582, tput: 66.549 GB/s, busbw: 62.39 GB/s
COLL_COMM: reducescatter
msg_size: 16 MB, t_d: 0.1051 s, t_d/r: 0.0053, tput: 51.094 GB/s, busbw: 47.901 GB/s
msg_size: 64 MB, t_d: 0.3341 s, t_d/r: 0.0167, tput: 64.272 GB/s, busbw: 60.255 GB/s
msg_size: 256 MB, t_d: 1.2793 s, t_d/r: 0.064, tput: 67.143 GB/s, busbw: 62.947 GB/s
msg_size: 1 GB, t_d: 5.1729 s, t_d/r: 0.2586, tput: 66.423 GB/s, busbw: 62.271 GB/s
COLL_COMM: allreduce
msg_size: 16 MB, t_d: 0.1246 s, t_d/r: 0.0062, tput: 86.183 GB/s, busbw: 80.796 GB/s
msg_size: 64 MB, t_d: 0.577 s, t_d/r: 0.0289, tput: 74.431 GB/s, busbw: 69.779 GB/s
msg_size: 256 MB, t_d: 2.4142 s, t_d/r: 0.1207, tput: 71.162 GB/s, busbw: 66.715 GB/s
msg_size: 1 GB, t_d: 9.5127 s, t_d/r: 0.4756, tput: 72.239 GB/s, busbw: 67.724 GB/s
+ set +x
