BACKEND: NCCL
HOST: g4002,g4003
NNODES: 2
NGPU_PER_NODE: 8
+++ which mpirun
++ dirname /home/zhaijidong/yhy/.local/openmpi/bin/mpirun
+ mpirun --prefix /home/zhaijidong/yhy/.local/openmpi/bin/../ -x LD_LIBRARY_PATH -np 64 --host g4001:8,g4002:8,g4003:8,g4004:8,g4005:8,g4006:8,g4007:8,g4008:8 ./csrc/build/coll_comm_bench 64 NCCL
--------------------------------------------------------------------------
WARNING: There was an error initializing an OpenFabrics device.

  Local host:   g4007
  Local device: mlx5_0
--------------------------------------------------------------------------
[mngg001:2067763] 63 more processes have sent help message help-mpi-btl-openib.txt / error in device init
[mngg001:2067763] Set MCA parameter "orte_base_help_aggregate" to 0 to see all help / error messages
Comm_Op: ag
msg_size 16384.000000 KB, time 0.659415 s, tput 32.566497 GB/s, busbw 32.057645 GB/s
msg_size 65536.000000 KB, time 2.625574 s, tput 32.716406 GB/s, busbw 32.205213 GB/s
msg_size 262144.000000 KB, time 10.563062 s, tput 32.528199 GB/s, busbw 32.019946 GB/s
Comm_Op: rs
msg_size 16384.000000 KB, time 0.689131 s, tput 31.162198 GB/s, busbw 30.675288 GB/s
msg_size 65536.000000 KB, time 2.728718 s, tput 31.479745 GB/s, busbw 30.987874 GB/s
msg_size 262144.000000 KB, time 10.896896 s, tput 31.531675 GB/s, busbw 31.038993 GB/s
Comm_Op: ar
msg_size 16384.000000 KB, time 1.332997 s, tput 32.220382 GB/s, busbw 31.716939 GB/s
msg_size 65536.000000 KB, time 5.284265 s, tput 32.511369 GB/s, busbw 32.003379 GB/s
msg_size 262144.000000 KB, time 20.798358 s, tput 33.040818 GB/s, busbw 32.524556 GB/s