+ EXECUBLE=conflict_allinone
+ GPU_NUMs=8
+ BACKENDs='NCCL MPI cudaMemcpy-P cudaMemcpy-nP'
+ CP_FILE_NAMEs=conflict_patterns
+ CP_FILE_NAMEs='E2E_4 E2E_8'
+ PARTITION=Big
+ HOSTs=nico2
+ PARTITION=gpu4-low
+ HOSTs=g4003
+ mkdir -p results
+ for BACKEND in $BACKENDs
+ for HOST in $HOSTs
+ echo 'HOST: g4003'
HOST: g4003
+ for GPU_NUM in $GPU_NUMs
+ for CP_FILE_NAME in $CP_FILE_NAMEs
+ echo 'CP_FILE_NAME: E2E_4'
CP_FILE_NAME: E2E_4
+ [[ NCCL =~ cudaMemcpy ]]
+ PROC_NUM=8
+ '[' 8 -le 8 ']'
+ NNODES=1
++ expr 8 / 1
+ NTASK_PER_NODE=8
+ echo 'HOST: g4003'
HOST: g4003
+ echo 'CUDA_VISIBLE_DEVICES: '
CUDA_VISIBLE_DEVICES: 
+ echo 'GPU_NUM: 8'
GPU_NUM: 8
+ echo 'PROC_NUM: 8'
PROC_NUM: 8
+ echo 'NNODES: 1'
NNODES: 1
+ echo 'NTASK_PER_NODE: 8'
NTASK_PER_NODE: 8
+ SCRIPT='./csrc/build/conflict_allinone 8 NCCL ./scripts/configs/E2E_4.json'
+ echo 'Use MPI to launch procs !!!'
Use MPI to launch procs !!!
+ mpirun -np 8 ./csrc/build/conflict_allinone 8 NCCL ./scripts/configs/E2E_4.json
--------------------------------------------------------------------------
WARNING: There was an error initializing an OpenFabrics device.

  Local host:   g4002
  Local device: mlx5_0
--------------------------------------------------------------------------
[g4002:2374560] 7 more processes have sent help message help-mpi-btl-openib.txt / error in device init
[g4002:2374560] Set MCA parameter "orte_base_help_aggregate" to 0 to see all help / error messages
[[0,1],[1,0],[2,3],[3,2],[0,2],[1,3],[2,0],[3,1],[0,3],[1,2],[2,1],[3,0]]
time 0.000380 s, REAL_BD 92.516447 GB/s, SIZE 1024.000000 KB, comm_vol 36864.000000 KB
time 0.008616 s, REAL_BD 522.284123 GB/s, SIZE 131072.000000 KB, comm_vol 4718592.000000 KB
time 0.023386 s, REAL_BD 769.691268 GB/s, SIZE 524288.000000 KB, comm_vol 18874368.000000 KB
time 0.086001 s, REAL_BD 837.199567 GB/s, SIZE 2097152.000000 KB, comm_vol 75497472.000000 KB
--------------------------------------------------------------------------
mpirun has exited due to process rank 7 with PID 0 on
node g4002 exiting improperly. There are three reasons this could occur:

1. this process did not call "init" before exiting, but others in
the job did. This can cause a job to hang indefinitely while it waits
for all processes to call "init". By rule, if one process calls "init",
then ALL processes must call "init" prior to termination.

2. this process called "init", but exited without calling "finalize".
By rule, all processes that call "init" MUST call "finalize" prior to
exiting or it will be considered an "abnormal termination"

3. this process called "MPI_Abort" or "orte_abort" and the mca parameter
orte_create_session_dirs is set to false. In this case, the run-time cannot
detect that the abort call was an abnormal termination. Hence, the only
error message you will receive is this one.

This may have caused other processes in the application to be
terminated by signals sent by mpirun (as reported here).

You can avoid this message by specifying -quiet on the mpirun command line.
--------------------------------------------------------------------------
+ for CP_FILE_NAME in $CP_FILE_NAMEs
+ echo 'CP_FILE_NAME: E2E_8'
CP_FILE_NAME: E2E_8
+ [[ NCCL =~ cudaMemcpy ]]
+ PROC_NUM=8
+ '[' 8 -le 8 ']'
+ NNODES=1
++ expr 8 / 1
+ NTASK_PER_NODE=8
+ echo 'HOST: g4003'
HOST: g4003
+ echo 'CUDA_VISIBLE_DEVICES: '
CUDA_VISIBLE_DEVICES: 
+ echo 'GPU_NUM: 8'
GPU_NUM: 8
+ echo 'PROC_NUM: 8'
PROC_NUM: 8
+ echo 'NNODES: 1'
NNODES: 1
+ echo 'NTASK_PER_NODE: 8'
NTASK_PER_NODE: 8
+ SCRIPT='./csrc/build/conflict_allinone 8 NCCL ./scripts/configs/E2E_8.json'
+ echo 'Use MPI to launch procs !!!'
Use MPI to launch procs !!!
+ mpirun -np 8 ./csrc/build/conflict_allinone 8 NCCL ./scripts/configs/E2E_8.json
--------------------------------------------------------------------------
WARNING: There was an error initializing an OpenFabrics device.

  Local host:   g4002
  Local device: mlx5_0
--------------------------------------------------------------------------
[g4002:2374724] 7 more processes have sent help message help-mpi-btl-openib.txt / error in device init
[g4002:2374724] Set MCA parameter "orte_base_help_aggregate" to 0 to see all help / error messages
[[0,1],[1,0],[2,3],[3,2],[4,5],[5,4],[6,7],[7,6],[0,2],[1,3],[2,0],[3,1],[4,6],[5,7],[6,4],[7,5],[0,3],[1,2],[2,1],[3,0],[4,7],[5,6],[6,5],[7,4],[0,4],[1,5],[2,6],[3,7],[4,0],[5,1],[6,2],[7,3],[0,5],[1,4],[2,7],[3,6],[4,1],[5,0],[6,3],[7,2],[0,6],[1,7],[2,4],[3,5],[4,2],[5,3],[6,0],[7,1],[0,7],[1,6],[2,5],[3,4],[4,3],[5,2],[6,1],[7,0]]
time 0.000875 s, REAL_BD 187.500000 GB/s, SIZE 1024.000000 KB, comm_vol 172032.000000 KB
time 0.014136 s, REAL_BD 1485.568761 GB/s, SIZE 131072.000000 KB, comm_vol 22020096.000000 KB
time 0.053462 s, REAL_BD 1571.209457 GB/s, SIZE 524288.000000 KB, comm_vol 88080384.000000 KB
time 0.202454 s, REAL_BD 1659.636263 GB/s, SIZE 2097152.000000 KB, comm_vol 352321536.000000 KB
--------------------------------------------------------------------------
mpirun has exited due to process rank 7 with PID 0 on
node g4002 exiting improperly. There are three reasons this could occur:

1. this process did not call "init" before exiting, but others in
the job did. This can cause a job to hang indefinitely while it waits
for all processes to call "init". By rule, if one process calls "init",
then ALL processes must call "init" prior to termination.

2. this process called "init", but exited without calling "finalize".
By rule, all processes that call "init" MUST call "finalize" prior to
exiting or it will be considered an "abnormal termination"

3. this process called "MPI_Abort" or "orte_abort" and the mca parameter
orte_create_session_dirs is set to false. In this case, the run-time cannot
detect that the abort call was an abnormal termination. Hence, the only
error message you will receive is this one.

This may have caused other processes in the application to be
terminated by signals sent by mpirun (as reported here).

You can avoid this message by specifying -quiet on the mpirun command line.
--------------------------------------------------------------------------
+ for BACKEND in $BACKENDs
+ for HOST in $HOSTs
+ echo 'HOST: g4003'
HOST: g4003
+ for GPU_NUM in $GPU_NUMs
+ for CP_FILE_NAME in $CP_FILE_NAMEs
+ echo 'CP_FILE_NAME: E2E_4'
CP_FILE_NAME: E2E_4
+ [[ MPI =~ cudaMemcpy ]]
+ PROC_NUM=8
+ '[' 8 -le 8 ']'
+ NNODES=1
++ expr 8 / 1
+ NTASK_PER_NODE=8
+ echo 'HOST: g4003'
HOST: g4003
+ echo 'CUDA_VISIBLE_DEVICES: '
CUDA_VISIBLE_DEVICES: 
+ echo 'GPU_NUM: 8'
GPU_NUM: 8
+ echo 'PROC_NUM: 8'
PROC_NUM: 8
+ echo 'NNODES: 1'
NNODES: 1
+ echo 'NTASK_PER_NODE: 8'
NTASK_PER_NODE: 8
+ SCRIPT='./csrc/build/conflict_allinone 8 MPI ./scripts/configs/E2E_4.json'
+ echo 'Use MPI to launch procs !!!'
Use MPI to launch procs !!!
+ mpirun -np 8 ./csrc/build/conflict_allinone 8 MPI ./scripts/configs/E2E_4.json
--------------------------------------------------------------------------
WARNING: There was an error initializing an OpenFabrics device.

  Local host:   g4002
  Local device: mlx5_0
--------------------------------------------------------------------------
[[0,1],[1,0],[2,3],[3,2],[0,2],[1,3],[2,0],[3,1],[0,3],[1,2],[2,1],[3,0]]
[g4002:2374918:0:2374918]      cma_ep.c:81   process_vm_readv(pid=2374920 {0x7f2cb1700000,524288}-->{0x7f47e3600000,524288}) returned -1: Bad address
[g4002:2374920:0:2374920]      cma_ep.c:81   process_vm_readv(pid=2374918 {0x7f47e3700000,524288}-->{0x7f2cb1600000,524288}) returned -1: Bad address
==== backtrace (tid:2374918) ====
 0  /lib/libucs.so.0(ucs_handle_error+0x2dc) [0x7f2d0ced1b5c]
 1  /lib/libucs.so.0(ucs_fatal_error_message+0xa8) [0x7f2d0ceceb28]
 2  /lib/libucs.so.0(ucs_log_default_handler+0xde3) [0x7f2d0ced3343]
 3  /lib/libucs.so.0(ucs_log_dispatch+0xe4) [0x7f2d0ced3684]
 4  /lib/ucx/libuct_cma.so.0(+0x3a22) [0x7f2d0d1b6a22]
 5  /lib/ucx/libuct_cma.so.0(uct_cma_ep_tx+0x196) [0x7f2d0d1b6d66]
 6  /lib/libuct.so.0(uct_scopy_ep_progress_tx+0x69) [0x7f2d0ce89229]
 7  /lib/libucs.so.0(ucs_arbiter_dispatch_nonempty+0xb6) [0x7f2d0cec70c6]
 8  /lib/libuct.so.0(uct_scopy_iface_progress+0x81) [0x7f2d0ce88d11]
 9  /lib/libucs.so.0(+0x1ec57) [0x7f2d0cec7c57]
10  /lib/libucp.so.0(ucp_worker_progress+0x6a) [0x7f2d0cf48dda]
11  /home/zhaijidong/yhy/.local/openmpi/lib/libopen-pal.so.40(opal_progress+0x34) [0x7f2d157068b4]
12  /home/zhaijidong/yhy/.local/openmpi/lib/libmpi.so.40(ompi_request_default_wait_all+0xf5) [0x7f2d15e23d45]
13  /home/zhaijidong/yhy/.local/openmpi/lib/libmpi.so.40(PMPI_Waitall+0x97) [0x7f2d15e686c7]
14  ./csrc/build/conflict_allinone() [0x43afd3]
15  ./csrc/build/conflict_allinone() [0x4074e7]
16  /lib/x86_64-linux-gnu/libc.so.6(__libc_start_main+0xf3) [0x7f2d15880083]
17  ./csrc/build/conflict_allinone() [0x4064fe]
=================================
==== backtrace (tid:2374920) ====
 0  /lib/libucs.so.0(ucs_handle_error+0x2dc) [0x7f48442c3b5c]
 1  /lib/libucs.so.0(ucs_fatal_error_message+0xa8) [0x7f48442c0b28]
 2  /lib/libucs.so.0(ucs_log_default_handler+0xde3) [0x7f48442c5343]
 3  /lib/libucs.so.0(ucs_log_dispatch+0xe4) [0x7f48442c5684]
 4  /lib/ucx/libuct_cma.so.0(+0x3a22) [0x7f48445a8a22]
 5  /lib/ucx/libuct_cma.so.0(uct_cma_ep_tx+0x196) [0x7f48445a8d66]
 6  /lib/libuct.so.0(uct_scopy_ep_progress_tx+0x69) [0x7f484427b229]
 7  /lib/libucs.so.0(ucs_arbiter_dispatch_nonempty+0xb6) [0x7f48442b90c6]
 8  /lib/libuct.so.0(uct_scopy_iface_progress+0x81) [0x7f484427ad11]
 9  /lib/libucs.so.0(+0x1ec57) [0x7f48442b9c57]
10  /lib/libucp.so.0(ucp_worker_progress+0x6a) [0x7f484433adda]
11  /home/zhaijidong/yhy/.local/openmpi/lib/libopen-pal.so.40(opal_progress+0x34) [0x7f48483b78b4]
12  /home/zhaijidong/yhy/.local/openmpi/lib/libmpi.so.40(ompi_request_default_wait_all+0xf5) [0x7f4848ad4d45]
13  /home/zhaijidong/yhy/.local/openmpi/lib/libmpi.so.40(PMPI_Waitall+0x97) [0x7f4848b196c7]
14  ./csrc/build/conflict_allinone() [0x43afd3]
15  ./csrc/build/conflict_allinone() [0x4074e7]
16  /lib/x86_64-linux-gnu/libc.so.6(__libc_start_main+0xf3) [0x7f4848531083]
17  ./csrc/build/conflict_allinone() [0x4064fe]
=================================
[g4002:2374920] *** Process received signal ***
[g4002:2374920] Signal: Aborted (6)
[g4002:2374920] Signal code:  (-6)
[g4002:2374918] *** Process received signal ***
[g4002:2374918] Signal: Aborted (6)
[g4002:2374918] Signal code:  (-6)
[g4002:2374920] [ 0] /lib/x86_64-linux-gnu/libpthread.so.0(+0x14420)[0x7f4848713420]
[g4002:2374920] [ 1] /lib/x86_64-linux-gnu/libc.so.6(gsignal+0xcb)[0x7f484855000b]
[g4002:2374920] [ 2] /lib/x86_64-linux-gnu/libc.so.6(abort+0x12b)[0x7f484852f859]
[g4002:2374920] [ 3] /lib/libucs.so.0(+0x25b2d)[0x7f48442c0b2d]
[g4002:2374920] [ 4] /lib/libucs.so.0(ucs_log_default_handler+0xde3)[0x7f48442c5343]
[g4002:2374920] [ 5] [g4002:2374918] [ 0] /lib/x86_64-linux-gnu/libpthread.so.0(+0x14420)[0x7f2d15a62420]
[g4002:2374918] [ 1] /lib/x86_64-linux-gnu/libc.so.6(gsignal+0xcb)[0x7f2d1589f00b]
[g4002:2374918] [ 2] /lib/x86_64-linux-gnu/libc.so.6(abort+0x12b)[0x7f2d1587e859]
[g4002:2374918] [ 3] /lib/libucs.so.0(+0x25b2d)[0x7f2d0ceceb2d]
[g4002:2374918] [ 4] /lib/libucs.so.0(ucs_log_dispatch+0xe4)[0x7f48442c5684]
[g4002:2374920] [ 6] /lib/ucx/libuct_cma.so.0(+0x3a22)[0x7f48445a8a22]
[g4002:2374920] [ 7] /lib/ucx/libuct_cma.so.0(uct_cma_ep_tx+0x196)[0x7f48445a8d66]
[g4002:2374920] [ 8] /lib/libuct.so.0(uct_scopy_ep_progress_tx+0x69)[0x7f484427b229]
[g4002:2374920] [ 9] /lib/libucs.so.0(ucs_arbiter_dispatch_nonempty+0xb6)[0x7f48442b90c6]
[g4002:2374920] [10] /lib/libuct.so.0(uct_scopy_iface_progress+0x81)[0x7f484427ad11]
[g4002:2374920] [11] /lib/libucs.so.0(+0x1ec57)[0x7f48442b9c57]
[g4002:2374920] [12] /lib/libucp.so.0(ucp_worker_progress+0x6a)[0x7f484433adda]
[g4002:2374920] [13] /lib/libucs.so.0(ucs_log_default_handler+0xde3)[0x7f2d0ced3343]
[g4002:2374918] [ 5] /lib/libucs.so.0(ucs_log_dispatch+0xe4)[0x7f2d0ced3684]
[g4002:2374918] [ 6] /lib/ucx/libuct_cma.so.0(+0x3a22)[0x7f2d0d1b6a22]
[g4002:2374918] [ 7] /lib/ucx/libuct_cma.so.0(uct_cma_ep_tx+0x196)[0x7f2d0d1b6d66]
[g4002:2374918] [ 8] /lib/libuct.so.0(uct_scopy_ep_progress_tx+0x69)[0x7f2d0ce89229]
[g4002:2374918] [ 9] /lib/libucs.so.0(ucs_arbiter_dispatch_nonempty+0xb6)[0x7f2d0cec70c6]
[g4002:2374918] [10] /lib/libuct.so.0(uct_scopy_iface_progress+0x81)[0x7f2d0ce88d11]
[g4002:2374918] [11] /lib/libucs.so.0(+0x1ec57)[0x7f2d0cec7c57]
[g4002:2374918] [12] /lib/libucp.so.0(ucp_worker_progress+0x6a)[0x7f2d0cf48dda]
[g4002:2374918] [13] /home/zhaijidong/yhy/.local/openmpi/lib/libopen-pal.so.40(opal_progress+0x34)[0x7f48483b78b4]
[g4002:2374920] [14] /home/zhaijidong/yhy/.local/openmpi/lib/libmpi.so.40(ompi_request_default_wait_all+0xf5)[0x7f4848ad4d45]
[g4002:2374920] [15] /home/zhaijidong/yhy/.local/openmpi/lib/libopen-pal.so.40(opal_progress+0x34)[0x7f2d157068b4]
[g4002:2374918] [14] /home/zhaijidong/yhy/.local/openmpi/lib/libmpi.so.40(ompi_request_default_wait_all+0xf5)[0x7f2d15e23d45]
[g4002:2374918] [15] /home/zhaijidong/yhy/.local/openmpi/lib/libmpi.so.40(PMPI_Waitall+0x97)[0x7f4848b196c7]
[g4002:2374920] [16] ./csrc/build/conflict_allinone[0x43afd3]
[g4002:2374920] [17] ./csrc/build/conflict_allinone[0x4074e7]
[g4002:2374920] [18] /lib/x86_64-linux-gnu/libc.so.6(__libc_start_main+0xf3)[0x7f4848531083]
[g4002:2374920] [19] ./csrc/build/conflict_allinone[0x4064fe]
[g4002:2374920] *** End of error message ***
/home/zhaijidong/yhy/.local/openmpi/lib/libmpi.so.40(PMPI_Waitall+0x97)[0x7f2d15e686c7]
[g4002:2374918] [16] ./csrc/build/conflict_allinone[0x43afd3]
[g4002:2374918] [17] ./csrc/build/conflict_allinone[0x4074e7]
[g4002:2374918] [18] /lib/x86_64-linux-gnu/libc.so.6(__libc_start_main+0xf3)[0x7f2d15880083]
[g4002:2374918] [19] ./csrc/build/conflict_allinone[0x4064fe]
[g4002:2374918] *** End of error message ***
[g4002:2374919:0:2374919]      cma_ep.c:81   process_vm_readv(pid=2374920 {0x7f9491700000,524288}-->{0x7f47e3600000,524288}) returned -1: Bad address
==== backtrace (tid:2374919) ====
 0  /lib/libucs.so.0(ucs_handle_error+0x2dc) [0x7f94f0406b5c]
 1  /lib/libucs.so.0(ucs_fatal_error_message+0xa8) [0x7f94f0403b28]
 2  /lib/libucs.so.0(ucs_log_default_handler+0xde3) [0x7f94f0408343]
 3  /lib/libucs.so.0(ucs_log_dispatch+0xe4) [0x7f94f0408684]
 4  /lib/ucx/libuct_cma.so.0(+0x3a22) [0x7f94f06e5a22]
 5  /lib/ucx/libuct_cma.so.0(uct_cma_ep_tx+0x196) [0x7f94f06e5d66]
 6  /lib/libuct.so.0(uct_scopy_ep_progress_tx+0x69) [0x7f94f03be229]
 7  /lib/libucs.so.0(ucs_arbiter_dispatch_nonempty+0xb6) [0x7f94f03fc0c6]
 8  /lib/libuct.so.0(uct_scopy_iface_progress+0x81) [0x7f94f03bdd11]
 9  /lib/libucs.so.0(+0x1ec57) [0x7f94f03fcc57]
10  /lib/libucp.so.0(ucp_worker_progress+0x6a) [0x7f94f047ddda]
11  /home/zhaijidong/yhy/.local/openmpi/lib/libopen-pal.so.40(opal_progress+0x34) [0x7f94f31738b4]
12  /home/zhaijidong/yhy/.local/openmpi/lib/libmpi.so.40(ompi_request_default_wait_all+0xf5) [0x7f94f3890d45]
13  /home/zhaijidong/yhy/.local/openmpi/lib/libmpi.so.40(PMPI_Waitall+0x97) [0x7f94f38d56c7]
14  ./csrc/build/conflict_allinone() [0x43afd3]
15  ./csrc/build/conflict_allinone() [0x4074e7]
16  /lib/x86_64-linux-gnu/libc.so.6(__libc_start_main+0xf3) [0x7f94f32ed083]
17  ./csrc/build/conflict_allinone() [0x4064fe]
=================================
[g4002:2374919] *** Process received signal ***
[g4002:2374919] Signal: Aborted (6)
[g4002:2374919] Signal code:  (-6)
[g4002:2374919] [ 0] /lib/x86_64-linux-gnu/libpthread.so.0(+0x14420)[0x7f94f34cf420]
[g4002:2374919] [ 1] /lib/x86_64-linux-gnu/libc.so.6(gsignal+0xcb)[0x7f94f330c00b]
[g4002:2374919] [ 2] /lib/x86_64-linux-gnu/libc.so.6(abort+0x12b)[0x7f94f32eb859]
[g4002:2374919] [ 3] /lib/libucs.so.0(+0x25b2d)[0x7f94f0403b2d]
[g4002:2374919] [ 4] /lib/libucs.so.0(ucs_log_default_handler+0xde3)[0x7f94f0408343]
[g4002:2374919] [ 5] /lib/libucs.so.0(ucs_log_dispatch+0xe4)[0x7f94f0408684]
[g4002:2374919] [ 6] /lib/ucx/libuct_cma.so.0(+0x3a22)[0x7f94f06e5a22]
[g4002:2374919] [ 7] /lib/ucx/libuct_cma.so.0(uct_cma_ep_tx+0x196)[0x7f94f06e5d66]
[g4002:2374919] [ 8] /lib/libuct.so.0(uct_scopy_ep_progress_tx+0x69)[0x7f94f03be229]
[g4002:2374919] [ 9] /lib/libucs.so.0(ucs_arbiter_dispatch_nonempty+0xb6)[0x7f94f03fc0c6]
[g4002:2374919] [10] /lib/libuct.so.0(uct_scopy_iface_progress+0x81)[0x7f94f03bdd11]
[g4002:2374919] [11] /lib/libucs.so.0(+0x1ec57)[0x7f94f03fcc57]
[g4002:2374919] [12] /lib/libucp.so.0(ucp_worker_progress+0x6a)[0x7f94f047ddda]
[g4002:2374919] [13] /home/zhaijidong/yhy/.local/openmpi/lib/libopen-pal.so.40(opal_progress+0x34)[0x7f94f31738b4]
[g4002:2374919] [14] /home/zhaijidong/yhy/.local/openmpi/lib/libmpi.so.40(ompi_request_default_wait_all+0xf5)[0x7f94f3890d45]
[g4002:2374919] [15] /home/zhaijidong/yhy/.local/openmpi/lib/libmpi.so.40(PMPI_Waitall+0x97)[0x7f94f38d56c7]
[g4002:2374919] [16] ./csrc/build/conflict_allinone[0x43afd3]
[g4002:2374919] [17] ./csrc/build/conflict_allinone[0x4074e7]
[g4002:2374919] [18] /lib/x86_64-linux-gnu/libc.so.6(__libc_start_main+0xf3)[0x7f94f32ed083]
[g4002:2374919] [19] ./csrc/build/conflict_allinone[0x4064fe]
[g4002:2374919] *** End of error message ***
[g4002:2374921:0:2374921]      cma_ep.c:81   process_vm_readv(pid=2374920 {0x7f2213700000,524288}-->{0x7f47e3600000,524288}) returned -1: Bad address
==== backtrace (tid:2374921) ====
 0  /lib/libucs.so.0(ucs_handle_error+0x2dc) [0x7f2274580b5c]
 1  /lib/libucs.so.0(ucs_fatal_error_message+0xa8) [0x7f227457db28]
 2  /lib/libucs.so.0(ucs_log_default_handler+0xde3) [0x7f2274582343]
 3  /lib/libucs.so.0(ucs_log_dispatch+0xe4) [0x7f2274582684]
 4  /lib/ucx/libuct_cma.so.0(+0x3a22) [0x7f2274865a22]
 5  /lib/ucx/libuct_cma.so.0(uct_cma_ep_tx+0x196) [0x7f2274865d66]
 6  /lib/libuct.so.0(uct_scopy_ep_progress_tx+0x69) [0x7f2274538229]
 7  /lib/libucs.so.0(ucs_arbiter_dispatch_nonempty+0xb6) [0x7f22745760c6]
 8  /lib/libuct.so.0(uct_scopy_iface_progress+0x81) [0x7f2274537d11]
 9  /lib/libucs.so.0(+0x1ec57) [0x7f2274576c57]
10  /lib/libucp.so.0(ucp_worker_progress+0x6a) [0x7f22745f7dda]
11  /home/zhaijidong/yhy/.local/openmpi/lib/libopen-pal.so.40(opal_progress+0x34) [0x7f22772f38b4]
12  /home/zhaijidong/yhy/.local/openmpi/lib/libmpi.so.40(ompi_request_default_wait_all+0xf5) [0x7f2277a10d45]
13  /home/zhaijidong/yhy/.local/openmpi/lib/libmpi.so.40(PMPI_Waitall+0x97) [0x7f2277a556c7]
14  ./csrc/build/conflict_allinone() [0x43afd3]
15  ./csrc/build/conflict_allinone() [0x4074e7]
16  /lib/x86_64-linux-gnu/libc.so.6(__libc_start_main+0xf3) [0x7f227746d083]
17  ./csrc/build/conflict_allinone() [0x4064fe]
=================================
[g4002:2374921] *** Process received signal ***
[g4002:2374921] Signal: Aborted (6)
[g4002:2374921] Signal code:  (-6)
[g4002:2374921] [ 0] /lib/x86_64-linux-gnu/libpthread.so.0(+0x14420)[0x7f227764f420]
[g4002:2374921] [ 1] /lib/x86_64-linux-gnu/libc.so.6(gsignal+0xcb)[0x7f227748c00b]
[g4002:2374921] [ 2] /lib/x86_64-linux-gnu/libc.so.6(abort+0x12b)[0x7f227746b859]
[g4002:2374921] [ 3] /lib/libucs.so.0(+0x25b2d)[0x7f227457db2d]
[g4002:2374921] [ 4] /lib/libucs.so.0(ucs_log_default_handler+0xde3)[0x7f2274582343]
[g4002:2374921] [ 5] /lib/libucs.so.0(ucs_log_dispatch+0xe4)[0x7f2274582684]
[g4002:2374921] [ 6] /lib/ucx/libuct_cma.so.0(+0x3a22)[0x7f2274865a22]
[g4002:2374921] [ 7] /lib/ucx/libuct_cma.so.0(uct_cma_ep_tx+0x196)[0x7f2274865d66]
[g4002:2374921] [ 8] /lib/libuct.so.0(uct_scopy_ep_progress_tx+0x69)[0x7f2274538229]
[g4002:2374921] [ 9] /lib/libucs.so.0(ucs_arbiter_dispatch_nonempty+0xb6)[0x7f22745760c6]
[g4002:2374921] [10] /lib/libuct.so.0(uct_scopy_iface_progress+0x81)[0x7f2274537d11]
[g4002:2374921] [11] /lib/libucs.so.0(+0x1ec57)[0x7f2274576c57]
[g4002:2374921] [12] /lib/libucp.so.0(ucp_worker_progress+0x6a)[0x7f22745f7dda]
[g4002:2374921] [13] /home/zhaijidong/yhy/.local/openmpi/lib/libopen-pal.so.40(opal_progress+0x34)[0x7f22772f38b4]
[g4002:2374921] [14] /home/zhaijidong/yhy/.local/openmpi/lib/libmpi.so.40(ompi_request_default_wait_all+0xf5)[0x7f2277a10d45]
[g4002:2374921] [15] /home/zhaijidong/yhy/.local/openmpi/lib/libmpi.so.40(PMPI_Waitall+0x97)[0x7f2277a556c7]
[g4002:2374921] [16] ./csrc/build/conflict_allinone[0x43afd3]
[g4002:2374921] [17] ./csrc/build/conflict_allinone[0x4074e7]
[g4002:2374921] [18] /lib/x86_64-linux-gnu/libc.so.6(__libc_start_main+0xf3)[0x7f227746d083]
[g4002:2374921] [19] ./csrc/build/conflict_allinone[0x4064fe]
[g4002:2374921] *** End of error message ***
--------------------------------------------------------------------------
Primary job  terminated normally, but 1 process returned
a non-zero exit code. Per user-direction, the job has been aborted.
--------------------------------------------------------------------------
--------------------------------------------------------------------------
mpirun noticed that process rank 2 with PID 0 on node g4002 exited on signal 6 (Aborted).
--------------------------------------------------------------------------
[g4002:2374892] 7 more processes have sent help message help-mpi-btl-openib.txt / error in device init
[g4002:2374892] Set MCA parameter "orte_base_help_aggregate" to 0 to see all help / error messages
+ for CP_FILE_NAME in $CP_FILE_NAMEs
+ echo 'CP_FILE_NAME: E2E_8'
CP_FILE_NAME: E2E_8
+ [[ MPI =~ cudaMemcpy ]]
+ PROC_NUM=8
+ '[' 8 -le 8 ']'
+ NNODES=1
++ expr 8 / 1
+ NTASK_PER_NODE=8
+ echo 'HOST: g4003'
HOST: g4003
+ echo 'CUDA_VISIBLE_DEVICES: '
CUDA_VISIBLE_DEVICES: 
+ echo 'GPU_NUM: 8'
GPU_NUM: 8
+ echo 'PROC_NUM: 8'
PROC_NUM: 8
+ echo 'NNODES: 1'
NNODES: 1
+ echo 'NTASK_PER_NODE: 8'
NTASK_PER_NODE: 8
+ SCRIPT='./csrc/build/conflict_allinone 8 MPI ./scripts/configs/E2E_8.json'
+ echo 'Use MPI to launch procs !!!'
Use MPI to launch procs !!!
+ mpirun -np 8 ./csrc/build/conflict_allinone 8 MPI ./scripts/configs/E2E_8.json
--------------------------------------------------------------------------
WARNING: There was an error initializing an OpenFabrics device.

  Local host:   g4002
  Local device: mlx5_0
--------------------------------------------------------------------------
[g4002:2375022:0:2375022]      cma_ep.c:81   process_vm_readv(pid=2375032 {0x7f401bd00000,524288}-->{0x7f5cf3c00000,524288}) returned -1: Bad address
[g4002:2375032:0:2375032]      cma_ep.c:81   process_vm_readv(pid=2375022 {0x7f5cf3d00000,524288}-->{0x7f401bc00000,524288}) returned -1: Bad address
==== backtrace (tid:2375022) ====
 0  /lib/libucs.so.0(ucs_handle_error+0x2dc) [0x7f407835bb5c]
 1  /lib/libucs.so.0(ucs_fatal_error_message+0xa8) [0x7f4078358b28]
 2  /lib/libucs.so.0(ucs_log_default_handler+0xde3) [0x7f407835d343]
 3  /lib/libucs.so.0(ucs_log_dispatch+0xe4) [0x7f407835d684]
 4  /lib/ucx/libuct_cma.so.0(+0x3a22) [0x7f4078646a22]
 5  /lib/ucx/libuct_cma.so.0(uct_cma_ep_tx+0x196) [0x7f4078646d66]
 6  /lib/libuct.so.0(uct_scopy_ep_progress_tx+0x69) [0x7f4078313229]
 7  /lib/libucs.so.0(ucs_arbiter_dispatch_nonempty+0xb6) [0x7f40783510c6]
 8  /lib/libuct.so.0(uct_scopy_iface_progress+0x81) [0x7f4078312d11]
 9  /lib/libucs.so.0(+0x1ec57) [0x7f4078351c57]
10  /lib/libucp.so.0(ucp_worker_progress+0x6a) [0x7f40783d2dda]
11  /home/zhaijidong/yhy/.local/openmpi/lib/libopen-pal.so.40(opal_progress+0x34) [0x7f4080b958b4]
12  /home/zhaijidong/yhy/.local/openmpi/lib/libmpi.so.40(ompi_request_default_wait_all+0xf5) [0x7f40812b2d45]
13  /home/zhaijidong/yhy/.local/openmpi/lib/libmpi.so.40(PMPI_Waitall+0x97) [0x7f40812f76c7]
14  ./csrc/build/conflict_allinone() [0x43afd3]
15  ./csrc/build/conflict_allinone() [0x4074e7]
16  /lib/x86_64-linux-gnu/libc.so.6(__libc_start_main+0xf3) [0x7f4080d0f083]
17  ./csrc/build/conflict_allinone() [0x4064fe]
=================================
==== backtrace (tid:2375032) ====
 0  /lib/libucs.so.0(ucs_handle_error+0x2dc) [0x7f5d5433db5c]
 1  /lib/libucs.so.0(ucs_fatal_error_message+0xa8) [0x7f5d5433ab28]
 2  /lib/libucs.so.0(ucs_log_default_handler+0xde3) [0x7f5d5433f343]
 3  /lib/libucs.so.0(ucs_log_dispatch+0xe4) [0x7f5d5433f684]
 4  /lib/ucx/libuct_cma.so.0(+0x3a22) [0x7f5d54622a22]
 5  /lib/ucx/libuct_cma.so.0(uct_cma_ep_tx+0x196) [0x7f5d54622d66]
 6  /lib/libuct.so.0(uct_scopy_ep_progress_tx+0x69) [0x7f5d542f5229]
 7  /lib/libucs.so.0(ucs_arbiter_dispatch_nonempty+0xb6) [0x7f5d543330c6]
 8  /lib/libuct.so.0(uct_scopy_iface_progress+0x81) [0x7f5d542f4d11]
 9  /lib/libucs.so.0(+0x1ec57) [0x7f5d54333c57]
10  /lib/libucp.so.0(ucp_worker_progress+0x6a) [0x7f5d543b4dda]
11  /home/zhaijidong/yhy/.local/openmpi/lib/libopen-pal.so.40(opal_progress+0x34) [0x7f5d570b08b4]
12  /home/zhaijidong/yhy/.local/openmpi/lib/libmpi.so.40(ompi_request_default_wait_all+0xf5) [0x7f5d577cdd45]
13  /home/zhaijidong/yhy/.local/openmpi/lib/libmpi.so.40(PMPI_Waitall+0x97) [0x7f5d578126c7]
14  ./csrc/build/conflict_allinone() [0x43afd3]
15  ./csrc/build/conflict_allinone() [0x4074e7]
16  /lib/x86_64-linux-gnu/libc.so.6(__libc_start_main+0xf3) [0x7f5d5722a083]
17  ./csrc/build/conflict_allinone() [0x4064fe]
=================================
[g4002:2375022] *** Process received signal ***
[g4002:2375022] Signal: Aborted (6)
[g4002:2375022] Signal code:  (-6)
[g4002:2375032] *** Process received signal ***
[g4002:2375032] Signal: Aborted (6)
[g4002:2375032] Signal code:  (-6)
[g4002:2375022] [ 0] /lib/x86_64-linux-gnu/libpthread.so.0(+0x14420)[0x7f4080ef1420]
[g4002:2375022] [ 1] /lib/x86_64-linux-gnu/libc.so.6(gsignal+0xcb)[0x7f4080d2e00b]
[g4002:2375022] [ 2] [g4002:2375032] [ 0] /lib/x86_64-linux-gnu/libpthread.so.0(+0x14420)[0x7f5d5740c420]
[g4002:2375032] [ 1] /lib/x86_64-linux-gnu/libc.so.6(abort+0x12b)[0x7f4080d0d859]
[g4002:2375022] [ 3] /lib/libucs.so.0(+0x25b2d)[0x7f4078358b2d]
[g4002:2375022] [ 4] /lib/libucs.so.0(ucs_log_default_handler+0xde3)[0x7f407835d343]
[g4002:2375022] [ 5] /lib/libucs.so.0(ucs_log_dispatch+0xe4)[0x7f407835d684]
[g4002:2375022] [ 6] /lib/ucx/libuct_cma.so.0(+0x3a22)[0x7f4078646a22]
[g4002:2375022] [ 7] /lib/ucx/libuct_cma.so.0(uct_cma_ep_tx+0x196)[0x7f4078646d66]
[g4002:2375022] [ 8] /lib/libuct.so.0(uct_scopy_ep_progress_tx+0x69)[0x7f4078313229]
[g4002:2375022] [ 9] /lib/x86_64-linux-gnu/libc.so.6(gsignal+0xcb)[0x7f5d5724900b]
[g4002:2375032] [ 2] /lib/x86_64-linux-gnu/libc.so.6(abort+0x12b)[0x7f5d57228859]
[g4002:2375032] [ 3] /lib/libucs.so.0(+0x25b2d)[0x7f5d5433ab2d]
[g4002:2375032] [ 4] /lib/libucs.so.0(ucs_log_default_handler+0xde3)[0x7f5d5433f343]
[g4002:2375032] [ 5] /lib/libucs.so.0(ucs_log_dispatch+0xe4)[0x7f5d5433f684]
[g4002:2375032] [ 6] /lib/ucx/libuct_cma.so.0(+0x3a22)[0x7f5d54622a22]
[g4002:2375032] [ 7] /lib/ucx/libuct_cma.so.0(uct_cma_ep_tx+0x196)[0x7f5d54622d66]
[g4002:2375032] /lib/libucs.so.0(ucs_arbiter_dispatch_nonempty+0xb6)[0x7f40783510c6]
[g4002:2375022] [10] /lib/libuct.so.0(uct_scopy_iface_progress+0x81)[0x7f4078312d11]
[g4002:2375022] [11] /lib/libucs.so.0(+0x1ec57)[0x7f4078351c57]
[g4002:2375022] [12] /lib/libucp.so.0(ucp_worker_progress+0x6a)[0x7f40783d2dda]
[g4002:2375022] [13] /home/zhaijidong/yhy/.local/openmpi/lib/libopen-pal.so.40(opal_progress+0x34)[0x7f4080b958b4]
[g4002:2375022] [14] [ 8] /lib/libuct.so.0(uct_scopy_ep_progress_tx+0x69)[0x7f5d542f5229]
[g4002:2375032] [ 9] /lib/libucs.so.0(ucs_arbiter_dispatch_nonempty+0xb6)[0x7f5d543330c6]
[g4002:2375032] [10] /lib/libuct.so.0(uct_scopy_iface_progress+0x81)[0x7f5d542f4d11]
[g4002:2375032] [11] /lib/libucs.so.0(+0x1ec57)[0x7f5d54333c57]
[g4002:2375032] [12] /home/zhaijidong/yhy/.local/openmpi/lib/libmpi.so.40(ompi_request_default_wait_all+0xf5)[0x7f40812b2d45]
[g4002:2375022] [15] /lib/libucp.so.0(ucp_worker_progress+0x6a)[0x7f5d543b4dda]
[g4002:2375032] [13] /home/zhaijidong/yhy/.local/openmpi/lib/libopen-pal.so.40(opal_progress+0x34)[0x7f5d570b08b4]
[g4002:2375032] [14] /home/zhaijidong/yhy/.local/openmpi/lib/libmpi.so.40(PMPI_Waitall+0x97)[0x7f40812f76c7]
[g4002:2375022] [16] ./csrc/build/conflict_allinone[0x43afd3]
[g4002:2375022] [17] ./csrc/build/conflict_allinone[0x4074e7]
[g4002:2375022] [18] /lib/x86_64-linux-gnu/libc.so.6(__libc_start_main+0xf3)[0x7f4080d0f083]
[g4002:2375022] [19] ./csrc/build/conflict_allinone[0x4064fe]
[g4002:2375022] *** End of error message ***
/home/zhaijidong/yhy/.local/openmpi/lib/libmpi.so.40(ompi_request_default_wait_all+0xf5)[0x7f5d577cdd45]
[g4002:2375032] [15] /home/zhaijidong/yhy/.local/openmpi/lib/libmpi.so.40(PMPI_Waitall+0x97)[0x7f5d578126c7]
[g4002:2375032] [16] ./csrc/build/conflict_allinone[0x43afd3]
[g4002:2375032] [17] ./csrc/build/conflict_allinone[0x4074e7]
[g4002:2375032] [18] /lib/x86_64-linux-gnu/libc.so.6(__libc_start_main+0xf3)[0x7f5d5722a083]
[g4002:2375032] [19] ./csrc/build/conflict_allinone[0x4064fe]
[g4002:2375032] *** End of error message ***
[g4002:2375030:0:2375030]      cma_ep.c:81   process_vm_readv(pid=2375022 {0x7fd68dd00000,524288}-->{0x7f401bc00000,524288}) returned -1: Bad address
==== backtrace (tid:2375030) ====
 0  /lib/libucs.so.0(ucs_handle_error+0x2dc) [0x7fd6e8dd8b5c]
 1  /lib/libucs.so.0(ucs_fatal_error_message+0xa8) [0x7fd6e8dd5b28]
 2  /lib/libucs.so.0(ucs_log_default_handler+0xde3) [0x7fd6e8dda343]
 3  /lib/libucs.so.0(ucs_log_dispatch+0xe4) [0x7fd6e8dda684]
 4  /lib/ucx/libuct_cma.so.0(+0x3a22) [0x7fd6e90bda22]
 5  /lib/ucx/libuct_cma.so.0(uct_cma_ep_tx+0x196) [0x7fd6e90bdd66]
 6  /lib/libuct.so.0(uct_scopy_ep_progress_tx+0x69) [0x7fd6e8d90229]
 7  /lib/libucs.so.0(ucs_arbiter_dispatch_nonempty+0xb6) [0x7fd6e8dce0c6]
 8  /lib/libuct.so.0(uct_scopy_iface_progress+0x81) [0x7fd6e8d8fd11]
 9  /lib/libucs.so.0(+0x1ec57) [0x7fd6e8dcec57]
10  /lib/libucp.so.0(ucp_worker_progress+0x6a) [0x7fd6e8e4fdda]
11  /home/zhaijidong/yhy/.local/openmpi/lib/libopen-pal.so.40(opal_progress+0x34) [0x7fd6f14fc8b4]
12  /home/zhaijidong/yhy/.local/openmpi/lib/libmpi.so.40(ompi_request_default_wait_all+0xf5) [0x7fd6f1c19d45]
13  /home/zhaijidong/yhy/.local/openmpi/lib/libmpi.so.40(PMPI_Waitall+0x97) [0x7fd6f1c5e6c7]
14  ./csrc/build/conflict_allinone() [0x43afd3]
15  ./csrc/build/conflict_allinone() [0x4074e7]
16  /lib/x86_64-linux-gnu/libc.so.6(__libc_start_main+0xf3) [0x7fd6f1676083]
17  ./csrc/build/conflict_allinone() [0x4064fe]
=================================
[g4002:2375030] *** Process received signal ***
[g4002:2375030] Signal: Aborted (6)
[g4002:2375030] Signal code:  (-6)
[g4002:2375030] [ 0] /lib/x86_64-linux-gnu/libpthread.so.0(+0x14420)[0x7fd6f1858420]
[g4002:2375030] [ 1] /lib/x86_64-linux-gnu/libc.so.6(gsignal+0xcb)[0x7fd6f169500b]
[g4002:2375030] [ 2] /lib/x86_64-linux-gnu/libc.so.6(abort+0x12b)[0x7fd6f1674859]
[g4002:2375030] [ 3] /lib/libucs.so.0(+0x25b2d)[0x7fd6e8dd5b2d]
[g4002:2375030] [ 4] /lib/libucs.so.0(ucs_log_default_handler+0xde3)[0x7fd6e8dda343]
[g4002:2375030] [ 5] /lib/libucs.so.0(ucs_log_dispatch+0xe4)[0x7fd6e8dda684]
[g4002:2375030] [ 6] /lib/ucx/libuct_cma.so.0(+0x3a22)[0x7fd6e90bda22]
[g4002:2375030] [ 7] /lib/ucx/libuct_cma.so.0(uct_cma_ep_tx+0x196)[0x7fd6e90bdd66]
[g4002:2375030] [ 8] /lib/libuct.so.0(uct_scopy_ep_progress_tx+0x69)[0x7fd6e8d90229]
[g4002:2375030] [ 9] /lib/libucs.so.0(ucs_arbiter_dispatch_nonempty+0xb6)[0x7fd6e8dce0c6]
[g4002:2375030] [10] /lib/libuct.so.0(uct_scopy_iface_progress+0x81)[0x7fd6e8d8fd11]
[g4002:2375030] [11] /lib/libucs.so.0(+0x1ec57)[0x7fd6e8dcec57]
[g4002:2375030] [12] /lib/libucp.so.0(ucp_worker_progress+0x6a)[0x7fd6e8e4fdda]
[g4002:2375030] [13] /home/zhaijidong/yhy/.local/openmpi/lib/libopen-pal.so.40(opal_progress+0x34)[0x7fd6f14fc8b4]
[g4002:2375030] [14] /home/zhaijidong/yhy/.local/openmpi/lib/libmpi.so.40(ompi_request_default_wait_all+0xf5)[0x7fd6f1c19d45]
[g4002:2375030] [15] /home/zhaijidong/yhy/.local/openmpi/lib/libmpi.so.40(PMPI_Waitall+0x97)[0x7fd6f1c5e6c7]
[g4002:2375030] [16] ./csrc/build/conflict_allinone[0x43afd3]
[g4002:2375030] [17] ./csrc/build/conflict_allinone[0x4074e7]
[g4002:2375030] [18] /lib/x86_64-linux-gnu/libc.so.6(__libc_start_main+0xf3)[0x7fd6f1676083]
[g4002:2375030] [19] ./csrc/build/conflict_allinone[0x4064fe]
[g4002:2375030] *** End of error message ***
[g4002:2375021:0:2375021]      cma_ep.c:81   process_vm_readv(pid=2375022 {0x7f041bd00000,524288}-->{0x7f401bc00000,524288}) returned -1: Bad address
==== backtrace (tid:2375021) ====
 0  /lib/libucs.so.0(ucs_handle_error+0x2dc) [0x7f047c056b5c]
 1  /lib/libucs.so.0(ucs_fatal_error_message+0xa8) [0x7f047c053b28]
 2  /lib/libucs.so.0(ucs_log_default_handler+0xde3) [0x7f047c058343]
 3  /lib/libucs.so.0(ucs_log_dispatch+0xe4) [0x7f047c058684]
 4  /lib/ucx/libuct_cma.so.0(+0x3a22) [0x7f047c16ba22]
 5  /lib/ucx/libuct_cma.so.0(uct_cma_ep_tx+0x196) [0x7f047c16bd66]
 6  /lib/libuct.so.0(uct_scopy_ep_progress_tx+0x69) [0x7f0475333229]
 7  /lib/libucs.so.0(ucs_arbiter_dispatch_nonempty+0xb6) [0x7f047c04c0c6]
 8  /lib/libuct.so.0(uct_scopy_iface_progress+0x81) [0x7f0475332d11]
 9  /lib/libucs.so.0(+0x1ec57) [0x7f047c04cc57]
10  /lib/libucp.so.0(ucp_worker_progress+0x6a) [0x7f0475396dda]
11  /home/zhaijidong/yhy/.local/openmpi/lib/libopen-pal.so.40(opal_progress+0x34) [0x7f04806ba8b4]
12  /home/zhaijidong/yhy/.local/openmpi/lib/libmpi.so.40(ompi_request_default_wait_all+0xf5) [0x7f0480dd7d45]
13  /home/zhaijidong/yhy/.local/openmpi/lib/libmpi.so.40(PMPI_Waitall+0x97) [0x7f0480e1c6c7]
14  ./csrc/build/conflict_allinone() [0x43afd3]
15  ./csrc/build/conflict_allinone() [0x4074e7]
16  /lib/x86_64-linux-gnu/libc.so.6(__libc_start_main+0xf3) [0x7f0480834083]
17  ./csrc/build/conflict_allinone() [0x4064fe]
=================================
[g4002:2375021] *** Process received signal ***
[g4002:2375021] Signal: Aborted (6)
[g4002:2375021] Signal code:  (-6)
[g4002:2375021] [ 0] /lib/x86_64-linux-gnu/libpthread.so.0(+0x14420)[0x7f0480a16420]
[g4002:2375021] [ 1] /lib/x86_64-linux-gnu/libc.so.6(gsignal+0xcb)[0x7f048085300b]
[g4002:2375021] [ 2] /lib/x86_64-linux-gnu/libc.so.6(abort+0x12b)[0x7f0480832859]
[g4002:2375021] [ 3] /lib/libucs.so.0(+0x25b2d)[0x7f047c053b2d]
[g4002:2375021] [ 4] /lib/libucs.so.0(ucs_log_default_handler+0xde3)[0x7f047c058343]
[g4002:2375021] [ 5] /lib/libucs.so.0(ucs_log_dispatch+0xe4)[0x7f047c058684]
[g4002:2375021] [ 6] /lib/ucx/libuct_cma.so.0(+0x3a22)[0x7f047c16ba22]
[g4002:2375021] [ 7] /lib/ucx/libuct_cma.so.0(uct_cma_ep_tx+0x196)[0x7f047c16bd66]
[g4002:2375021] [ 8] /lib/libuct.so.0(uct_scopy_ep_progress_tx+0x69)[0x7f0475333229]
[g4002:2375021] [ 9] /lib/libucs.so.0(ucs_arbiter_dispatch_nonempty+0xb6)[0x7f047c04c0c6]
[g4002:2375021] [10] /lib/libuct.so.0(uct_scopy_iface_progress+0x81)[0x7f0475332d11]
[g4002:2375021] [11] /lib/libucs.so.0(+0x1ec57)[0x7f047c04cc57]
[g4002:2375021] [12] /lib/libucp.so.0(ucp_worker_progress+0x6a)[0x7f0475396dda]
[g4002:2375021] [13] /home/zhaijidong/yhy/.local/openmpi/lib/libopen-pal.so.40(opal_progress+0x34)[0x7f04806ba8b4]
[g4002:2375021] [14] /home/zhaijidong/yhy/.local/openmpi/lib/libmpi.so.40(ompi_request_default_wait_all+0xf5)[0x7f0480dd7d45]
[g4002:2375021] [15] /home/zhaijidong/yhy/.local/openmpi/lib/libmpi.so.40(PMPI_Waitall+0x97)[0x7f0480e1c6c7]
[g4002:2375021] [16] ./csrc/build/conflict_allinone[0x43afd3]
[g4002:2375021] [17] ./csrc/build/conflict_allinone[0x4074e7]
[g4002:2375021] [18] /lib/x86_64-linux-gnu/libc.so.6(__libc_start_main+0xf3)[0x7f0480834083]
[g4002:2375021] [19] ./csrc/build/conflict_allinone[0x4064fe]
[g4002:2375021] *** End of error message ***
[g4002:2375026:0:2375026]      cma_ep.c:81   process_vm_readv(pid=2375022 {0x7f37b3d00000,524288}-->{0x7f401bc00000,524288}) returned -1: Bad address
==== backtrace (tid:2375026) ====
 0  /lib/libucs.so.0(ucs_handle_error+0x2dc) [0x7f381821ab5c]
 1  /lib/libucs.so.0(ucs_fatal_error_message+0xa8) [0x7f3818217b28]
 2  /lib/libucs.so.0(ucs_log_default_handler+0xde3) [0x7f381821c343]
 3  /lib/libucs.so.0(ucs_log_dispatch+0xe4) [0x7f381821c684]
 4  /lib/ucx/libuct_cma.so.0(+0x3a22) [0x7f38184ffa22]
 5  /lib/ucx/libuct_cma.so.0(uct_cma_ep_tx+0x196) [0x7f38184ffd66]
 6  /lib/libuct.so.0(uct_scopy_ep_progress_tx+0x69) [0x7f38181d2229]
 7  /lib/libucs.so.0(ucs_arbiter_dispatch_nonempty+0xb6) [0x7f38182100c6]
 8  /lib/libuct.so.0(uct_scopy_iface_progress+0x81) [0x7f38181d1d11]
 9  /lib/libucs.so.0(+0x1ec57) [0x7f3818210c57]
10  /lib/libucp.so.0(ucp_worker_progress+0x6a) [0x7f3818291dda]
11  /home/zhaijidong/yhy/.local/openmpi/lib/libopen-pal.so.40(opal_progress+0x34) [0x7f381c30e8b4]
12  /home/zhaijidong/yhy/.local/openmpi/lib/libmpi.so.40(ompi_request_default_wait_all+0xf5) [0x7f381ca2bd45]
13  /home/zhaijidong/yhy/.local/openmpi/lib/libmpi.so.40(PMPI_Waitall+0x97) [0x7f381ca706c7]
14  ./csrc/build/conflict_allinone() [0x43afd3]
15  ./csrc/build/conflict_allinone() [0x4074e7]
16  /lib/x86_64-linux-gnu/libc.so.6(__libc_start_main+0xf3) [0x7f381c488083]
17  ./csrc/build/conflict_allinone() [0x4064fe]
=================================
[g4002:2375026] *** Process received signal ***
[g4002:2375026] Signal: Aborted (6)
[g4002:2375026] Signal code:  (-6)
[g4002:2375026] [ 0] /lib/x86_64-linux-gnu/libpthread.so.0(+0x14420)[0x7f381c66a420]
[g4002:2375026] [ 1] /lib/x86_64-linux-gnu/libc.so.6(gsignal+0xcb)[0x7f381c4a700b]
[g4002:2375026] [ 2] /lib/x86_64-linux-gnu/libc.so.6(abort+0x12b)[0x7f381c486859]
[g4002:2375026] [ 3] /lib/libucs.so.0(+0x25b2d)[0x7f3818217b2d]
[g4002:2375026] [ 4] /lib/libucs.so.0(ucs_log_default_handler+0xde3)[0x7f381821c343]
[g4002:2375026] [ 5] /lib/libucs.so.0(ucs_log_dispatch+0xe4)[0x7f381821c684]
[g4002:2375026] [ 6] /lib/ucx/libuct_cma.so.0(+0x3a22)[0x7f38184ffa22]
[g4002:2375026] [ 7] /lib/ucx/libuct_cma.so.0(uct_cma_ep_tx+0x196)[0x7f38184ffd66]
[g4002:2375026] [ 8] /lib/libuct.so.0(uct_scopy_ep_progress_tx+0x69)[0x7f38181d2229]
[g4002:2375026] [ 9] /lib/libucs.so.0(ucs_arbiter_dispatch_nonempty+0xb6)[0x7f38182100c6]
[g4002:2375026] [10] /lib/libuct.so.0(uct_scopy_iface_progress+0x81)[0x7f38181d1d11]
[g4002:2375026] [11] /lib/libucs.so.0(+0x1ec57)[0x7f3818210c57]
[g4002:2375026] [12] /lib/libucp.so.0(ucp_worker_progress+0x6a)[0x7f3818291dda]
[g4002:2375026] [13] /home/zhaijidong/yhy/.local/openmpi/lib/libopen-pal.so.40(opal_progress+0x34)[0x7f381c30e8b4]
[g4002:2375026] [14] /home/zhaijidong/yhy/.local/openmpi/lib/libmpi.so.40(ompi_request_default_wait_all+0xf5)[0x7f381ca2bd45]
[g4002:2375026] [15] /home/zhaijidong/yhy/.local/openmpi/lib/libmpi.so.40(PMPI_Waitall+0x97)[0x7f381ca706c7]
[g4002:2375026] [16] ./csrc/build/conflict_allinone[0x43afd3]
[g4002:2375026] [17] ./csrc/build/conflict_allinone[0x4074e7]
[g4002:2375026] [18] /lib/x86_64-linux-gnu/libc.so.6(__libc_start_main+0xf3)[0x7f381c488083]
[g4002:2375026] [19] ./csrc/build/conflict_allinone[0x4064fe]
[g4002:2375026] *** End of error message ***
[[0,1],[1,0],[2,3],[3,2],[4,5],[5,4],[6,7],[7,6],[0,2],[1,3],[2,0],[3,1],[4,6],[5,7],[6,4],[7,5],[0,3],[1,2],[2,1],[3,0],[4,7],[5,6],[6,5],[7,4],[0,4],[1,5],[2,6],[3,7],[4,0],[5,1],[6,2],[7,3],[0,5],[1,4],[2,7],[3,6],[4,1],[5,0],[6,3],[7,2],[0,6],[1,7],[2,4],[3,5],[4,2],[5,3],[6,0],[7,1],[0,7],[1,6],[2,5],[3,4],[4,3],[5,2],[6,1],[7,0]]
[g4002:2375020:0:2375020]      cma_ep.c:81   process_vm_readv(pid=2375022 {0x7f5963d00000,524288}-->{0x7f401bc00000,524288}) returned -1: Bad address
==== backtrace (tid:2375020) ====
 0  /lib/libucs.so.0(ucs_handle_error+0x2dc) [0x7f59c09f6b5c]
 1  /lib/libucs.so.0(ucs_fatal_error_message+0xa8) [0x7f59c09f3b28]
 2  /lib/libucs.so.0(ucs_log_default_handler+0xde3) [0x7f59c09f8343]
 3  /lib/libucs.so.0(ucs_log_dispatch+0xe4) [0x7f59c09f8684]
 4  /lib/ucx/libuct_cma.so.0(+0x3a22) [0x7f59c0ccca22]
 5  /lib/ucx/libuct_cma.so.0(uct_cma_ep_tx+0x196) [0x7f59c0cccd66]
 6  /lib/libuct.so.0(uct_scopy_ep_progress_tx+0x69) [0x7f59c09ae229]
 7  /lib/libucs.so.0(ucs_arbiter_dispatch_nonempty+0xb6) [0x7f59c09ec0c6]
 8  /lib/libuct.so.0(uct_scopy_iface_progress+0x81) [0x7f59c09add11]
 9  /lib/libucs.so.0(+0x1ec57) [0x7f59c09ecc57]
10  /lib/libucp.so.0(ucp_worker_progress+0x6a) [0x7f59c0a6ddda]
11  /home/zhaijidong/yhy/.local/openmpi/lib/libopen-pal.so.40(opal_progress+0x34) [0x7f59c921f8b4]
12  /home/zhaijidong/yhy/.local/openmpi/lib/libmpi.so.40(ompi_request_default_wait_all+0xf5) [0x7f59c993cd45]
13  /home/zhaijidong/yhy/.local/openmpi/lib/libmpi.so.40(PMPI_Waitall+0x97) [0x7f59c99816c7]
14  ./csrc/build/conflict_allinone() [0x43afd3]
15  ./csrc/build/conflict_allinone() [0x4074e7]
16  /lib/x86_64-linux-gnu/libc.so.6(__libc_start_main+0xf3) [0x7f59c9399083]
17  ./csrc/build/conflict_allinone() [0x4064fe]
=================================
[g4002:2375020] *** Process received signal ***
[g4002:2375020] Signal: Aborted (6)
[g4002:2375020] Signal code:  (-6)
[g4002:2375020] [ 0] /lib/x86_64-linux-gnu/libpthread.so.0(+0x14420)[0x7f59c957b420]
[g4002:2375020] [ 1] /lib/x86_64-linux-gnu/libc.so.6(gsignal+0xcb)[0x7f59c93b800b]
[g4002:2375020] [ 2] /lib/x86_64-linux-gnu/libc.so.6(abort+0x12b)[0x7f59c9397859]
[g4002:2375020] [ 3] /lib/libucs.so.0(+0x25b2d)[0x7f59c09f3b2d]
[g4002:2375020] [ 4] /lib/libucs.so.0(ucs_log_default_handler+0xde3)[0x7f59c09f8343]
[g4002:2375020] [ 5] /lib/libucs.so.0(ucs_log_dispatch+0xe4)[0x7f59c09f8684]
[g4002:2375020] [ 6] /lib/ucx/libuct_cma.so.0(+0x3a22)[0x7f59c0ccca22]
[g4002:2375020] [ 7] /lib/ucx/libuct_cma.so.0(uct_cma_ep_tx+0x196)[0x7f59c0cccd66]
[g4002:2375020] [ 8] /lib/libuct.so.0(uct_scopy_ep_progress_tx+0x69)[0x7f59c09ae229]
[g4002:2375020] [ 9] /lib/libucs.so.0(ucs_arbiter_dispatch_nonempty+0xb6)[0x7f59c09ec0c6]
[g4002:2375020] [10] /lib/libuct.so.0(uct_scopy_iface_progress+0x81)[0x7f59c09add11]
[g4002:2375020] [11] /lib/libucs.so.0(+0x1ec57)[0x7f59c09ecc57]
[g4002:2375020] [12] /lib/libucp.so.0(ucp_worker_progress+0x6a)[0x7f59c0a6ddda]
[g4002:2375020] [13] /home/zhaijidong/yhy/.local/openmpi/lib/libopen-pal.so.40(opal_progress+0x34)[0x7f59c921f8b4]
[g4002:2375020] [14] /home/zhaijidong/yhy/.local/openmpi/lib/libmpi.so.40(ompi_request_default_wait_all+0xf5)[0x7f59c993cd45]
[g4002:2375020] [15] /home/zhaijidong/yhy/.local/openmpi/lib/libmpi.so.40(PMPI_Waitall+0x97)[0x7f59c99816c7]
[g4002:2375020] [16] ./csrc/build/conflict_allinone[0x43afd3]
[g4002:2375020] [17] ./csrc/build/conflict_allinone[0x4074e7]
[g4002:2375020] [18] /lib/x86_64-linux-gnu/libc.so.6(__libc_start_main+0xf3)[0x7f59c9399083]
[g4002:2375020] [19] ./csrc/build/conflict_allinone[0x4064fe]
[g4002:2375020] *** End of error message ***
[g4002:2375025:0:2375025]      cma_ep.c:81   process_vm_readv(pid=2375022 {0x7ff773d00000,524288}-->{0x7f401bc00000,524288}) returned -1: Bad address
==== backtrace (tid:2375025) ====
 0  /lib/libucs.so.0(ucs_handle_error+0x2dc) [0x7ff7d037eb5c]
 1  /lib/libucs.so.0(ucs_fatal_error_message+0xa8) [0x7ff7d037bb28]
 2  /lib/libucs.so.0(ucs_log_default_handler+0xde3) [0x7ff7d0380343]
 3  /lib/libucs.so.0(ucs_log_dispatch+0xe4) [0x7ff7d0380684]
 4  /lib/ucx/libuct_cma.so.0(+0x3a22) [0x7ff7d0669a22]
 5  /lib/ucx/libuct_cma.so.0(uct_cma_ep_tx+0x196) [0x7ff7d0669d66]
 6  /lib/libuct.so.0(uct_scopy_ep_progress_tx+0x69) [0x7ff7d0336229]
 7  /lib/libucs.so.0(ucs_arbiter_dispatch_nonempty+0xb6) [0x7ff7d03740c6]
 8  /lib/libuct.so.0(uct_scopy_iface_progress+0x81) [0x7ff7d0335d11]
 9  /lib/libucs.so.0(+0x1ec57) [0x7ff7d0374c57]
10  /lib/libucp.so.0(ucp_worker_progress+0x6a) [0x7ff7d03f5dda]
11  /home/zhaijidong/yhy/.local/openmpi/lib/libopen-pal.so.40(opal_progress+0x34) [0x7ff7d8bb88b4]
12  /home/zhaijidong/yhy/.local/openmpi/lib/libmpi.so.40(ompi_request_default_wait_all+0xf5) [0x7ff7d92d5d45]
13  /home/zhaijidong/yhy/.local/openmpi/lib/libmpi.so.40(PMPI_Waitall+0x97) [0x7ff7d931a6c7]
14  ./csrc/build/conflict_allinone() [0x43afd3]
15  ./csrc/build/conflict_allinone() [0x4074e7]
16  /lib/x86_64-linux-gnu/libc.so.6(__libc_start_main+0xf3) [0x7ff7d8d32083]
17  ./csrc/build/conflict_allinone() [0x4064fe]
=================================
[g4002:2375025] *** Process received signal ***
[g4002:2375025] Signal: Aborted (6)
[g4002:2375025] Signal code:  (-6)
[g4002:2375025] [ 0] /lib/x86_64-linux-gnu/libpthread.so.0(+0x14420)[0x7ff7d8f14420]
[g4002:2375025] [ 1] /lib/x86_64-linux-gnu/libc.so.6(gsignal+0xcb)[0x7ff7d8d5100b]
[g4002:2375025] [ 2] /lib/x86_64-linux-gnu/libc.so.6(abort+0x12b)[0x7ff7d8d30859]
[g4002:2375025] [ 3] /lib/libucs.so.0(+0x25b2d)[0x7ff7d037bb2d]
[g4002:2375025] [ 4] /lib/libucs.so.0(ucs_log_default_handler+0xde3)[0x7ff7d0380343]
[g4002:2375025] [ 5] /lib/libucs.so.0(ucs_log_dispatch+0xe4)[0x7ff7d0380684]
[g4002:2375025] [ 6] /lib/ucx/libuct_cma.so.0(+0x3a22)[0x7ff7d0669a22]
[g4002:2375025] [ 7] /lib/ucx/libuct_cma.so.0(uct_cma_ep_tx+0x196)[0x7ff7d0669d66]
[g4002:2375025] [ 8] /lib/libuct.so.0(uct_scopy_ep_progress_tx+0x69)[0x7ff7d0336229]
[g4002:2375025] [ 9] /lib/libucs.so.0(ucs_arbiter_dispatch_nonempty+0xb6)[0x7ff7d03740c6]
[g4002:2375025] [10] /lib/libuct.so.0(uct_scopy_iface_progress+0x81)[0x7ff7d0335d11]
[g4002:2375025] [11] /lib/libucs.so.0(+0x1ec57)[0x7ff7d0374c57]
[g4002:2375025] [12] /lib/libucp.so.0(ucp_worker_progress+0x6a)[0x7ff7d03f5dda]
[g4002:2375025] [13] /home/zhaijidong/yhy/.local/openmpi/lib/libopen-pal.so.40(opal_progress+0x34)[0x7ff7d8bb88b4]
[g4002:2375025] [14] /home/zhaijidong/yhy/.local/openmpi/lib/libmpi.so.40(ompi_request_default_wait_all+0xf5)[0x7ff7d92d5d45]
[g4002:2375025] [15] /home/zhaijidong/yhy/.local/openmpi/lib/libmpi.so.40(PMPI_Waitall+0x97)[0x7ff7d931a6c7]
[g4002:2375025] [16] ./csrc/build/conflict_allinone[0x43afd3]
[g4002:2375025] [17] ./csrc/build/conflict_allinone[0x4074e7]
[g4002:2375025] [18] /lib/x86_64-linux-gnu/libc.so.6(__libc_start_main+0xf3)[0x7ff7d8d32083]
[g4002:2375025] [19] ./csrc/build/conflict_allinone[0x4064fe]
[g4002:2375025] *** End of error message ***
[g4002:2375029:0:2375029]      cma_ep.c:81   process_vm_readv(pid=2375022 {0x7fe893d00000,524288}-->{0x7f401bc00000,524288}) returned -1: Bad address
==== backtrace (tid:2375029) ====
 0  /lib/libucs.so.0(ucs_handle_error+0x2dc) [0x7fe8f4040b5c]
 1  /lib/libucs.so.0(ucs_fatal_error_message+0xa8) [0x7fe8f403db28]
 2  /lib/libucs.so.0(ucs_log_default_handler+0xde3) [0x7fe8f4042343]
 3  /lib/libucs.so.0(ucs_log_dispatch+0xe4) [0x7fe8f4042684]
 4  /lib/ucx/libuct_cma.so.0(+0x3a22) [0x7fe8f4325a22]
 5  /lib/ucx/libuct_cma.so.0(uct_cma_ep_tx+0x196) [0x7fe8f4325d66]
 6  /lib/libuct.so.0(uct_scopy_ep_progress_tx+0x69) [0x7fe8ed503229]
 7  /lib/libucs.so.0(ucs_arbiter_dispatch_nonempty+0xb6) [0x7fe8f40360c6]
 8  /lib/libuct.so.0(uct_scopy_iface_progress+0x81) [0x7fe8ed502d11]
 9  /lib/libucs.so.0(+0x1ec57) [0x7fe8f4036c57]
10  /lib/libucp.so.0(ucp_worker_progress+0x6a) [0x7fe8f40b7dda]
11  /home/zhaijidong/yhy/.local/openmpi/lib/libopen-pal.so.40(opal_progress+0x34) [0x7fe8f88748b4]
12  /home/zhaijidong/yhy/.local/openmpi/lib/libmpi.so.40(ompi_request_default_wait_all+0xf5) [0x7fe8f8f91d45]
13  /home/zhaijidong/yhy/.local/openmpi/lib/libmpi.so.40(PMPI_Waitall+0x97) [0x7fe8f8fd66c7]
14  ./csrc/build/conflict_allinone() [0x43afd3]
15  ./csrc/build/conflict_allinone() [0x4074e7]
16  /lib/x86_64-linux-gnu/libc.so.6(__libc_start_main+0xf3) [0x7fe8f89ee083]
17  ./csrc/build/conflict_allinone() [0x4064fe]
=================================
[g4002:2375029] *** Process received signal ***
[g4002:2375029] Signal: Aborted (6)
[g4002:2375029] Signal code:  (-6)
[g4002:2375029] [ 0] /lib/x86_64-linux-gnu/libpthread.so.0(+0x14420)[0x7fe8f8bd0420]
[g4002:2375029] [ 1] /lib/x86_64-linux-gnu/libc.so.6(gsignal+0xcb)[0x7fe8f8a0d00b]
[g4002:2375029] [ 2] /lib/x86_64-linux-gnu/libc.so.6(abort+0x12b)[0x7fe8f89ec859]
[g4002:2375029] [ 3] /lib/libucs.so.0(+0x25b2d)[0x7fe8f403db2d]
[g4002:2375029] [ 4] /lib/libucs.so.0(ucs_log_default_handler+0xde3)[0x7fe8f4042343]
[g4002:2375029] [ 5] /lib/libucs.so.0(ucs_log_dispatch+0xe4)[0x7fe8f4042684]
[g4002:2375029] [ 6] /lib/ucx/libuct_cma.so.0(+0x3a22)[0x7fe8f4325a22]
[g4002:2375029] [ 7] /lib/ucx/libuct_cma.so.0(uct_cma_ep_tx+0x196)[0x7fe8f4325d66]
[g4002:2375029] [ 8] /lib/libuct.so.0(uct_scopy_ep_progress_tx+0x69)[0x7fe8ed503229]
[g4002:2375029] [ 9] /lib/libucs.so.0(ucs_arbiter_dispatch_nonempty+0xb6)[0x7fe8f40360c6]
[g4002:2375029] [10] /lib/libuct.so.0(uct_scopy_iface_progress+0x81)[0x7fe8ed502d11]
[g4002:2375029] [11] /lib/libucs.so.0(+0x1ec57)[0x7fe8f4036c57]
[g4002:2375029] [12] /lib/libucp.so.0(ucp_worker_progress+0x6a)[0x7fe8f40b7dda]
[g4002:2375029] [13] /home/zhaijidong/yhy/.local/openmpi/lib/libopen-pal.so.40(opal_progress+0x34)[0x7fe8f88748b4]
[g4002:2375029] [14] /home/zhaijidong/yhy/.local/openmpi/lib/libmpi.so.40(ompi_request_default_wait_all+0xf5)[0x7fe8f8f91d45]
[g4002:2375029] [15] /home/zhaijidong/yhy/.local/openmpi/lib/libmpi.so.40(PMPI_Waitall+0x97)[0x7fe8f8fd66c7]
[g4002:2375029] [16] ./csrc/build/conflict_allinone[0x43afd3]
[g4002:2375029] [17] ./csrc/build/conflict_allinone[0x4074e7]
[g4002:2375029] [18] /lib/x86_64-linux-gnu/libc.so.6(__libc_start_main+0xf3)[0x7fe8f89ee083]
[g4002:2375029] [19] ./csrc/build/conflict_allinone[0x4064fe]
[g4002:2375029] *** End of error message ***
--------------------------------------------------------------------------
Primary job  terminated normally, but 1 process returned
a non-zero exit code. Per user-direction, the job has been aborted.
--------------------------------------------------------------------------
--------------------------------------------------------------------------
mpirun noticed that process rank 7 with PID 0 on node g4002 exited on signal 6 (Aborted).
--------------------------------------------------------------------------
[g4002:2374995] 7 more processes have sent help message help-mpi-btl-openib.txt / error in device init
[g4002:2374995] Set MCA parameter "orte_base_help_aggregate" to 0 to see all help / error messages
+ for BACKEND in $BACKENDs
+ for HOST in $HOSTs
+ echo 'HOST: g4003'
HOST: g4003
+ for GPU_NUM in $GPU_NUMs
+ for CP_FILE_NAME in $CP_FILE_NAMEs
+ echo 'CP_FILE_NAME: E2E_4'
CP_FILE_NAME: E2E_4
+ [[ cudaMemcpy-P =~ cudaMemcpy ]]
+ PROC_NUM=1
+ '[' 8 -le 8 ']'
+ NNODES=1
++ expr 1 / 1
+ NTASK_PER_NODE=1
+ echo 'HOST: g4003'
HOST: g4003
+ echo 'CUDA_VISIBLE_DEVICES: '
CUDA_VISIBLE_DEVICES: 
+ echo 'GPU_NUM: 8'
GPU_NUM: 8
+ echo 'PROC_NUM: 1'
PROC_NUM: 1
+ echo 'NNODES: 1'
NNODES: 1
+ echo 'NTASK_PER_NODE: 1'
NTASK_PER_NODE: 1
+ SCRIPT='./csrc/build/conflict_allinone 8 cudaMemcpy-P ./scripts/configs/E2E_4.json'
+ echo 'Use MPI to launch procs !!!'
Use MPI to launch procs !!!
+ mpirun -np 1 ./csrc/build/conflict_allinone 8 cudaMemcpy-P ./scripts/configs/E2E_4.json
[[0,1],[1,0],[2,3],[3,2],[0,2],[1,3],[2,0],[3,1],[0,3],[1,2],[2,1],[3,0]]
time 0.000268 s, REAL_BD 131.180037 GB/s, SIZE 1024.000000 KB, comm_vol 36864.000000 KB
time 0.005766 s, REAL_BD 780.437045 GB/s, SIZE 131072.000000 KB, comm_vol 4718592.000000 KB
time 0.022414 s, REAL_BD 803.069510 GB/s, SIZE 524288.000000 KB, comm_vol 18874368.000000 KB
time 0.085715 s, REAL_BD 839.993000 GB/s, SIZE 2097152.000000 KB, comm_vol 75497472.000000 KB
+ for CP_FILE_NAME in $CP_FILE_NAMEs
+ echo 'CP_FILE_NAME: E2E_8'
CP_FILE_NAME: E2E_8
+ [[ cudaMemcpy-P =~ cudaMemcpy ]]
+ PROC_NUM=1
+ '[' 8 -le 8 ']'
+ NNODES=1
++ expr 1 / 1
+ NTASK_PER_NODE=1
+ echo 'HOST: g4003'
HOST: g4003
+ echo 'CUDA_VISIBLE_DEVICES: '
CUDA_VISIBLE_DEVICES: 
+ echo 'GPU_NUM: 8'
GPU_NUM: 8
+ echo 'PROC_NUM: 1'
PROC_NUM: 1
+ echo 'NNODES: 1'
NNODES: 1
+ echo 'NTASK_PER_NODE: 1'
NTASK_PER_NODE: 1
+ SCRIPT='./csrc/build/conflict_allinone 8 cudaMemcpy-P ./scripts/configs/E2E_8.json'
+ echo 'Use MPI to launch procs !!!'
Use MPI to launch procs !!!
+ mpirun -np 1 ./csrc/build/conflict_allinone 8 cudaMemcpy-P ./scripts/configs/E2E_8.json
[[0,1],[1,0],[2,3],[3,2],[4,5],[5,4],[6,7],[7,6],[0,2],[1,3],[2,0],[3,1],[4,6],[5,7],[6,4],[7,5],[0,3],[1,2],[2,1],[3,0],[4,7],[5,6],[6,5],[7,4],[0,4],[1,5],[2,6],[3,7],[4,0],[5,1],[6,2],[7,3],[0,5],[1,4],[2,7],[3,6],[4,1],[5,0],[6,3],[7,2],[0,6],[1,7],[2,4],[3,5],[4,2],[5,3],[6,0],[7,1],[0,7],[1,6],[2,5],[3,4],[4,3],[5,2],[6,1],[7,0]]
time 0.001037 s, REAL_BD 158.208775 GB/s, SIZE 1024.000000 KB, comm_vol 172032.000000 KB
time 0.021356 s, REAL_BD 983.330212 GB/s, SIZE 131072.000000 KB, comm_vol 22020096.000000 KB
time 0.080760 s, REAL_BD 1040.118871 GB/s, SIZE 524288.000000 KB, comm_vol 88080384.000000 KB
time 0.299187 s, REAL_BD 1123.043448 GB/s, SIZE 2097152.000000 KB, comm_vol 352321536.000000 KB
+ for BACKEND in $BACKENDs
+ for HOST in $HOSTs
+ echo 'HOST: g4003'
HOST: g4003
+ for GPU_NUM in $GPU_NUMs
+ for CP_FILE_NAME in $CP_FILE_NAMEs
+ echo 'CP_FILE_NAME: E2E_4'
CP_FILE_NAME: E2E_4
+ [[ cudaMemcpy-nP =~ cudaMemcpy ]]
+ PROC_NUM=1
+ '[' 8 -le 8 ']'
+ NNODES=1
++ expr 1 / 1
+ NTASK_PER_NODE=1
+ echo 'HOST: g4003'
HOST: g4003
+ echo 'CUDA_VISIBLE_DEVICES: '
CUDA_VISIBLE_DEVICES: 
+ echo 'GPU_NUM: 8'
GPU_NUM: 8
+ echo 'PROC_NUM: 1'
PROC_NUM: 1
+ echo 'NNODES: 1'
NNODES: 1
+ echo 'NTASK_PER_NODE: 1'
NTASK_PER_NODE: 1
+ SCRIPT='./csrc/build/conflict_allinone 8 cudaMemcpy-nP ./scripts/configs/E2E_4.json'
+ echo 'Use MPI to launch procs !!!'
Use MPI to launch procs !!!
+ mpirun -np 1 ./csrc/build/conflict_allinone 8 cudaMemcpy-nP ./scripts/configs/E2E_4.json
[[0,1],[1,0],[2,3],[3,2],[0,2],[1,3],[2,0],[3,1],[0,3],[1,2],[2,1],[3,0]]
time 0.001530 s, REAL_BD 22.977941 GB/s, SIZE 1024.000000 KB, comm_vol 36864.000000 KB
time 0.148886 s, REAL_BD 30.224467 GB/s, SIZE 131072.000000 KB, comm_vol 4718592.000000 KB
time 0.608185 s, REAL_BD 29.596258 GB/s, SIZE 524288.000000 KB, comm_vol 18874368.000000 KB
time 3.661086 s, REAL_BD 19.666296 GB/s, SIZE 2097152.000000 KB, comm_vol 75497472.000000 KB
+ for CP_FILE_NAME in $CP_FILE_NAMEs
+ echo 'CP_FILE_NAME: E2E_8'
CP_FILE_NAME: E2E_8
+ [[ cudaMemcpy-nP =~ cudaMemcpy ]]
+ PROC_NUM=1
+ '[' 8 -le 8 ']'
+ NNODES=1
++ expr 1 / 1
+ NTASK_PER_NODE=1
+ echo 'HOST: g4003'
HOST: g4003
+ echo 'CUDA_VISIBLE_DEVICES: '
CUDA_VISIBLE_DEVICES: 
+ echo 'GPU_NUM: 8'
GPU_NUM: 8
+ echo 'PROC_NUM: 1'
PROC_NUM: 1
+ echo 'NNODES: 1'
NNODES: 1
+ echo 'NTASK_PER_NODE: 1'
NTASK_PER_NODE: 1
+ SCRIPT='./csrc/build/conflict_allinone 8 cudaMemcpy-nP ./scripts/configs/E2E_8.json'
+ echo 'Use MPI to launch procs !!!'
Use MPI to launch procs !!!
+ mpirun -np 1 ./csrc/build/conflict_allinone 8 cudaMemcpy-nP ./scripts/configs/E2E_8.json
[[0,1],[1,0],[2,3],[3,2],[4,5],[5,4],[6,7],[7,6],[0,2],[1,3],[2,0],[3,1],[4,6],[5,7],[6,4],[7,5],[0,3],[1,2],[2,1],[3,0],[4,7],[5,6],[6,5],[7,4],[0,4],[1,5],[2,6],[3,7],[4,0],[5,1],[6,2],[7,3],[0,5],[1,4],[2,7],[3,6],[4,1],[5,0],[6,3],[7,2],[0,6],[1,7],[2,4],[3,5],[4,2],[5,3],[6,0],[7,1],[0,7],[1,6],[2,5],[3,4],[4,3],[5,2],[6,1],[7,0]]
time 0.003475 s, REAL_BD 47.212230 GB/s, SIZE 1024.000000 KB, comm_vol 172032.000000 KB
time 0.377383 s, REAL_BD 55.646386 GB/s, SIZE 131072.000000 KB, comm_vol 22020096.000000 KB
time 1.520391 s, REAL_BD 55.248946 GB/s, SIZE 524288.000000 KB, comm_vol 88080384.000000 KB
time 15.710120 s, REAL_BD 21.387488 GB/s, SIZE 2097152.000000 KB, comm_vol 352321536.000000 KB
