+ EXECUBLE=conflict_allinone
+ GPU_NUMs=8
+ BACKENDs='NCCL MPI cudaMemcpy-P cudaMemcpy-nP'
+ CP_FILE_NAMEs=conflict_patterns
+ PARTITION=Big
+ HOSTs=nico2
+ PARTITION=gpu4-low
+ HOSTs=g4003
+ mkdir -p results
+ for BACKEND in $BACKENDs
+ for HOST in $HOSTs
+ echo 'HOST: g4003'
HOST: g4003
+ for GPU_NUM in $GPU_NUMs
+ for CP_FILE_NAME in $CP_FILE_NAMEs
+ echo 'CP_FILE_NAME: conflict_patterns'
CP_FILE_NAME: conflict_patterns
+ [[ NCCL =~ cudaMemcpy ]]
+ PROC_NUM=8
+ '[' 8 -le 8 ']'
+ NNODES=1
++ expr 8 / 1
+ NTASK_PER_NODE=8
+ echo 'HOST: g4003'
HOST: g4003
+ echo 'CUDA_VISIBLE_DEVICES: '
CUDA_VISIBLE_DEVICES: 
+ echo 'GPU_NUM: 8'
GPU_NUM: 8
+ echo 'PROC_NUM: 8'
PROC_NUM: 8
+ echo 'NNODES: 1'
NNODES: 1
+ echo 'NTASK_PER_NODE: 8'
NTASK_PER_NODE: 8
+ SCRIPT='./csrc/build/conflict_allinone 8 NCCL ./scripts/configs/conflict_patterns.json'
+ echo 'Use MPI to launch procs !!!'
Use MPI to launch procs !!!
+ mpirun -np 8 ./csrc/build/conflict_allinone 8 NCCL ./scripts/configs/conflict_patterns.json
--------------------------------------------------------------------------
WARNING: There was an error initializing an OpenFabrics device.

  Local host:   g4002
  Local device: mlx5_0
--------------------------------------------------------------------------
[g4002:2373031] 7 more processes have sent help message help-mpi-btl-openib.txt / error in device init
[g4002:2373031] Set MCA parameter "orte_base_help_aggregate" to 0 to see all help / error messages
[[0,1],[0,2]]
time 0.000220 s, REAL_BD 26.633523 GB/s, SIZE 1024.000000 KB, comm_vol 6144.000000 KB
time 0.003513 s, REAL_BD 213.492741 GB/s, SIZE 131072.000000 KB, comm_vol 786432.000000 KB
time 0.012540 s, REAL_BD 239.234450 GB/s, SIZE 524288.000000 KB, comm_vol 3145728.000000 KB
time 0.049088 s, REAL_BD 244.458931 GB/s, SIZE 2097152.000000 KB, comm_vol 12582912.000000 KB
[[2,0],[1,0]]
time 0.000190 s, REAL_BD 30.838816 GB/s, SIZE 1024.000000 KB, comm_vol 6144.000000 KB
time 0.003305 s, REAL_BD 226.928896 GB/s, SIZE 131072.000000 KB, comm_vol 786432.000000 KB
time 0.012440 s, REAL_BD 241.157556 GB/s, SIZE 524288.000000 KB, comm_vol 3145728.000000 KB
time 0.049231 s, REAL_BD 243.748857 GB/s, SIZE 2097152.000000 KB, comm_vol 12582912.000000 KB
[[0,1],[2,1]]
time 0.000203 s, REAL_BD 28.863916 GB/s, SIZE 1024.000000 KB, comm_vol 6144.000000 KB
time 0.003209 s, REAL_BD 233.717669 GB/s, SIZE 131072.000000 KB, comm_vol 786432.000000 KB
time 0.012430 s, REAL_BD 241.351569 GB/s, SIZE 524288.000000 KB, comm_vol 3145728.000000 KB
time 0.049187 s, REAL_BD 243.966902 GB/s, SIZE 2097152.000000 KB, comm_vol 12582912.000000 KB
[[1,2],[3,2]]
time 0.000191 s, REAL_BD 30.677356 GB/s, SIZE 1024.000000 KB, comm_vol 6144.000000 KB
time 0.003308 s, REAL_BD 226.723096 GB/s, SIZE 131072.000000 KB, comm_vol 786432.000000 KB
time 0.012541 s, REAL_BD 239.215374 GB/s, SIZE 524288.000000 KB, comm_vol 3145728.000000 KB
time 0.049083 s, REAL_BD 244.483834 GB/s, SIZE 2097152.000000 KB, comm_vol 12582912.000000 KB
[[0,2],[1,2]]
time 0.000192 s, REAL_BD 30.517578 GB/s, SIZE 1024.000000 KB, comm_vol 6144.000000 KB
time 0.003287 s, REAL_BD 228.171585 GB/s, SIZE 131072.000000 KB, comm_vol 786432.000000 KB
time 0.012471 s, REAL_BD 240.558095 GB/s, SIZE 524288.000000 KB, comm_vol 3145728.000000 KB
time 0.049061 s, REAL_BD 244.593465 GB/s, SIZE 2097152.000000 KB, comm_vol 12582912.000000 KB
[[1,3],[2,3]]
time 0.000221 s, REAL_BD 26.513009 GB/s, SIZE 1024.000000 KB, comm_vol 6144.000000 KB
time 0.003296 s, REAL_BD 227.548544 GB/s, SIZE 131072.000000 KB, comm_vol 786432.000000 KB
time 0.012470 s, REAL_BD 240.577386 GB/s, SIZE 524288.000000 KB, comm_vol 3145728.000000 KB
time 0.049043 s, REAL_BD 244.683237 GB/s, SIZE 2097152.000000 KB, comm_vol 12582912.000000 KB
[[0,1],[0,1]]
time 0.003256 s, REAL_BD 1.799562 GB/s, SIZE 1024.000000 KB, comm_vol 6144.000000 KB
time 0.003994 s, REAL_BD 187.781673 GB/s, SIZE 131072.000000 KB, comm_vol 786432.000000 KB
time 0.012629 s, REAL_BD 237.548499 GB/s, SIZE 524288.000000 KB, comm_vol 3145728.000000 KB
time 0.049585 s, REAL_BD 242.008672 GB/s, SIZE 2097152.000000 KB, comm_vol 12582912.000000 KB
[[0,1],[0,2],[0,3]]
time 0.000239 s, REAL_BD 36.774320 GB/s, SIZE 1024.000000 KB, comm_vol 9216.000000 KB
time 0.004822 s, REAL_BD 233.305682 GB/s, SIZE 131072.000000 KB, comm_vol 1179648.000000 KB
time 0.018656 s, REAL_BD 241.209262 GB/s, SIZE 524288.000000 KB, comm_vol 4718592.000000 KB
time 0.073219 s, REAL_BD 245.837829 GB/s, SIZE 2097152.000000 KB, comm_vol 18874368.000000 KB
[[0,3],[1,3],[2,3]]
time 0.000214 s, REAL_BD 41.070386 GB/s, SIZE 1024.000000 KB, comm_vol 9216.000000 KB
time 0.004757 s, REAL_BD 236.493588 GB/s, SIZE 131072.000000 KB, comm_vol 1179648.000000 KB
time 0.018633 s, REAL_BD 241.507004 GB/s, SIZE 524288.000000 KB, comm_vol 4718592.000000 KB
time 0.073498 s, REAL_BD 244.904623 GB/s, SIZE 2097152.000000 KB, comm_vol 18874368.000000 KB
[[0,2],[1,3]]
time 0.000189 s, REAL_BD 31.001984 GB/s, SIZE 1024.000000 KB, comm_vol 6144.000000 KB
time 0.002116 s, REAL_BD 354.442344 GB/s, SIZE 131072.000000 KB, comm_vol 786432.000000 KB
time 0.006494 s, REAL_BD 461.964891 GB/s, SIZE 524288.000000 KB, comm_vol 3145728.000000 KB
time 0.025048 s, REAL_BD 479.080166 GB/s, SIZE 2097152.000000 KB, comm_vol 12582912.000000 KB
[[0,1],[1,2]]
time 0.000208 s, REAL_BD 28.170072 GB/s, SIZE 1024.000000 KB, comm_vol 6144.000000 KB
time 0.003762 s, REAL_BD 199.362041 GB/s, SIZE 131072.000000 KB, comm_vol 786432.000000 KB
time 0.007461 s, REAL_BD 402.090873 GB/s, SIZE 524288.000000 KB, comm_vol 3145728.000000 KB
time 0.028311 s, REAL_BD 423.863516 GB/s, SIZE 2097152.000000 KB, comm_vol 12582912.000000 KB
[[0,2],[3,1]]
time 0.000209 s, REAL_BD 28.035287 GB/s, SIZE 1024.000000 KB, comm_vol 6144.000000 KB
time 0.002173 s, REAL_BD 345.144961 GB/s, SIZE 131072.000000 KB, comm_vol 786432.000000 KB
time 0.006444 s, REAL_BD 465.549348 GB/s, SIZE 524288.000000 KB, comm_vol 3145728.000000 KB
time 0.024963 s, REAL_BD 480.711453 GB/s, SIZE 2097152.000000 KB, comm_vol 12582912.000000 KB
[[0,4],[0,4]]
time 0.000242 s, REAL_BD 24.212293 GB/s, SIZE 1024.000000 KB, comm_vol 6144.000000 KB
time 0.004015 s, REAL_BD 186.799502 GB/s, SIZE 131072.000000 KB, comm_vol 786432.000000 KB
time 0.012663 s, REAL_BD 236.910685 GB/s, SIZE 524288.000000 KB, comm_vol 3145728.000000 KB
time 0.049583 s, REAL_BD 242.018434 GB/s, SIZE 2097152.000000 KB, comm_vol 12582912.000000 KB
[[0,4],[1,4]]
time 0.000190 s, REAL_BD 30.838816 GB/s, SIZE 1024.000000 KB, comm_vol 6144.000000 KB
time 0.003250 s, REAL_BD 230.769231 GB/s, SIZE 131072.000000 KB, comm_vol 786432.000000 KB
time 0.012510 s, REAL_BD 239.808153 GB/s, SIZE 524288.000000 KB, comm_vol 3145728.000000 KB
time 0.049079 s, REAL_BD 244.503759 GB/s, SIZE 2097152.000000 KB, comm_vol 12582912.000000 KB
[[0,4],[4,1]]
time 0.000231 s, REAL_BD 25.365260 GB/s, SIZE 1024.000000 KB, comm_vol 6144.000000 KB
time 0.002288 s, REAL_BD 327.797203 GB/s, SIZE 131072.000000 KB, comm_vol 786432.000000 KB
time 0.007458 s, REAL_BD 402.252615 GB/s, SIZE 524288.000000 KB, comm_vol 3145728.000000 KB
time 0.028425 s, REAL_BD 422.163588 GB/s, SIZE 2097152.000000 KB, comm_vol 12582912.000000 KB
[[0,4],[4,1],[2,3]]
time 0.003200 s, REAL_BD 2.746582 GB/s, SIZE 1024.000000 KB, comm_vol 9216.000000 KB
time 0.002273 s, REAL_BD 494.940607 GB/s, SIZE 131072.000000 KB, comm_vol 1179648.000000 KB
time 0.007494 s, REAL_BD 600.480384 GB/s, SIZE 524288.000000 KB, comm_vol 4718592.000000 KB
time 0.028413 s, REAL_BD 633.512829 GB/s, SIZE 2097152.000000 KB, comm_vol 18874368.000000 KB
[[4,2],[4,3]]
time 0.000223 s, REAL_BD 26.275224 GB/s, SIZE 1024.000000 KB, comm_vol 6144.000000 KB
time 0.003421 s, REAL_BD 219.234142 GB/s, SIZE 131072.000000 KB, comm_vol 786432.000000 KB
time 0.012465 s, REAL_BD 240.673887 GB/s, SIZE 524288.000000 KB, comm_vol 3145728.000000 KB
time 0.048832 s, REAL_BD 245.740498 GB/s, SIZE 2097152.000000 KB, comm_vol 12582912.000000 KB
[[5,2],[4,3]]
time 0.000194 s, REAL_BD 30.202964 GB/s, SIZE 1024.000000 KB, comm_vol 6144.000000 KB
time 0.002083 s, REAL_BD 360.057609 GB/s, SIZE 131072.000000 KB, comm_vol 786432.000000 KB
time 0.006483 s, REAL_BD 462.748727 GB/s, SIZE 524288.000000 KB, comm_vol 3145728.000000 KB
time 0.025042 s, REAL_BD 479.194952 GB/s, SIZE 2097152.000000 KB, comm_vol 12582912.000000 KB
[[6,1],[5,2],[4,3]]
time 0.000198 s, REAL_BD 44.389205 GB/s, SIZE 1024.000000 KB, comm_vol 9216.000000 KB
time 0.004836 s, REAL_BD 232.630273 GB/s, SIZE 131072.000000 KB, comm_vol 1179648.000000 KB
time 0.006463 s, REAL_BD 696.271082 GB/s, SIZE 524288.000000 KB, comm_vol 4718592.000000 KB
time 0.026454 s, REAL_BD 680.426401 GB/s, SIZE 2097152.000000 KB, comm_vol 18874368.000000 KB
[[4,3],[6,1]]
time 0.000212 s, REAL_BD 27.638561 GB/s, SIZE 1024.000000 KB, comm_vol 6144.000000 KB
time 0.002095 s, REAL_BD 357.995227 GB/s, SIZE 131072.000000 KB, comm_vol 786432.000000 KB
time 0.006484 s, REAL_BD 462.677360 GB/s, SIZE 524288.000000 KB, comm_vol 3145728.000000 KB
time 0.025041 s, REAL_BD 479.214089 GB/s, SIZE 2097152.000000 KB, comm_vol 12582912.000000 KB
[[4,3],[1,6]]
time 0.000191 s, REAL_BD 30.677356 GB/s, SIZE 1024.000000 KB, comm_vol 6144.000000 KB
time 0.002085 s, REAL_BD 359.712230 GB/s, SIZE 131072.000000 KB, comm_vol 786432.000000 KB
time 0.006460 s, REAL_BD 464.396285 GB/s, SIZE 524288.000000 KB, comm_vol 3145728.000000 KB
time 0.025273 s, REAL_BD 474.815020 GB/s, SIZE 2097152.000000 KB, comm_vol 12582912.000000 KB
[[0,1],[1,2],[2,3],[3,0]]
time 0.000234 s, REAL_BD 50.080128 GB/s, SIZE 1024.000000 KB, comm_vol 12288.000000 KB
time 0.003708 s, REAL_BD 404.530744 GB/s, SIZE 131072.000000 KB, comm_vol 1572864.000000 KB
time 0.007344 s, REAL_BD 816.993464 GB/s, SIZE 524288.000000 KB, comm_vol 6291456.000000 KB
time 0.028495 s, REAL_BD 842.253027 GB/s, SIZE 2097152.000000 KB, comm_vol 25165824.000000 KB
[[0,2],[2,0],[1,3],[3,1]]
time 0.000234 s, REAL_BD 50.080128 GB/s, SIZE 1024.000000 KB, comm_vol 12288.000000 KB
time 0.003765 s, REAL_BD 398.406375 GB/s, SIZE 131072.000000 KB, comm_vol 1572864.000000 KB
time 0.007271 s, REAL_BD 825.195984 GB/s, SIZE 524288.000000 KB, comm_vol 6291456.000000 KB
time 0.028554 s, REAL_BD 840.512713 GB/s, SIZE 2097152.000000 KB, comm_vol 25165824.000000 KB
[[0,3],[1,0],[2,1],[3,2]]
time 0.000231 s, REAL_BD 50.730519 GB/s, SIZE 1024.000000 KB, comm_vol 12288.000000 KB
time 0.003807 s, REAL_BD 394.011032 GB/s, SIZE 131072.000000 KB, comm_vol 1572864.000000 KB
time 0.007311 s, REAL_BD 820.681165 GB/s, SIZE 524288.000000 KB, comm_vol 6291456.000000 KB
time 0.028223 s, REAL_BD 850.370265 GB/s, SIZE 2097152.000000 KB, comm_vol 25165824.000000 KB
[[0,1],[1,0],[2,3],[3,2]]
time 0.000217 s, REAL_BD 54.003456 GB/s, SIZE 1024.000000 KB, comm_vol 12288.000000 KB
time 0.002385 s, REAL_BD 628.930818 GB/s, SIZE 131072.000000 KB, comm_vol 1572864.000000 KB
time 0.007339 s, REAL_BD 817.550075 GB/s, SIZE 524288.000000 KB, comm_vol 6291456.000000 KB
time 0.028525 s, REAL_BD 841.367222 GB/s, SIZE 2097152.000000 KB, comm_vol 25165824.000000 KB
[[0,2],[2,0],[1,3],[3,1]]
time 0.000212 s, REAL_BD 55.277123 GB/s, SIZE 1024.000000 KB, comm_vol 12288.000000 KB
time 0.003693 s, REAL_BD 406.173842 GB/s, SIZE 131072.000000 KB, comm_vol 1572864.000000 KB
time 0.007346 s, REAL_BD 816.771032 GB/s, SIZE 524288.000000 KB, comm_vol 6291456.000000 KB
time 0.028621 s, REAL_BD 838.545124 GB/s, SIZE 2097152.000000 KB, comm_vol 25165824.000000 KB
[[0,3],[3,0],[1,2],[2,1]]
time 0.000221 s, REAL_BD 53.026018 GB/s, SIZE 1024.000000 KB, comm_vol 12288.000000 KB
time 0.003691 s, REAL_BD 406.393931 GB/s, SIZE 131072.000000 KB, comm_vol 1572864.000000 KB
time 0.007305 s, REAL_BD 821.355236 GB/s, SIZE 524288.000000 KB, comm_vol 6291456.000000 KB
time 0.028610 s, REAL_BD 838.867529 GB/s, SIZE 2097152.000000 KB, comm_vol 25165824.000000 KB
[[0,1],[1,2],[2,3],[3,4],[4,5],[5,6],[6,7],[7,0]]
time 0.000303 s, REAL_BD 77.351485 GB/s, SIZE 1024.000000 KB, comm_vol 24576.000000 KB
time 0.003756 s, REAL_BD 798.722045 GB/s, SIZE 131072.000000 KB, comm_vol 3145728.000000 KB
time 0.007374 s, REAL_BD 1627.339300 GB/s, SIZE 524288.000000 KB, comm_vol 12582912.000000 KB
time 0.028520 s, REAL_BD 1683.029453 GB/s, SIZE 2097152.000000 KB, comm_vol 50331648.000000 KB
[[0,2],[1,3],[2,4],[3,5],[4,6],[5,7],[6,0],[7,1]]
time 0.000255 s, REAL_BD 91.911765 GB/s, SIZE 1024.000000 KB, comm_vol 24576.000000 KB
time 0.003840 s, REAL_BD 781.250000 GB/s, SIZE 131072.000000 KB, comm_vol 3145728.000000 KB
time 0.007423 s, REAL_BD 1616.597063 GB/s, SIZE 524288.000000 KB, comm_vol 12582912.000000 KB
time 0.028869 s, REAL_BD 1662.683155 GB/s, SIZE 2097152.000000 KB, comm_vol 50331648.000000 KB
[[0,3],[1,4],[2,5],[3,6],[4,7],[5,0],[6,1],[7,2]]
time 0.000309 s, REAL_BD 75.849515 GB/s, SIZE 1024.000000 KB, comm_vol 24576.000000 KB
time 0.003755 s, REAL_BD 798.934754 GB/s, SIZE 131072.000000 KB, comm_vol 3145728.000000 KB
time 0.007333 s, REAL_BD 1636.438020 GB/s, SIZE 524288.000000 KB, comm_vol 12582912.000000 KB
time 0.028602 s, REAL_BD 1678.204321 GB/s, SIZE 2097152.000000 KB, comm_vol 50331648.000000 KB
[[0,4],[1,5],[2,6],[3,7],[4,0],[5,1],[6,2],[7,3]]
time 0.000264 s, REAL_BD 88.778409 GB/s, SIZE 1024.000000 KB, comm_vol 24576.000000 KB
time 0.003769 s, REAL_BD 795.967100 GB/s, SIZE 131072.000000 KB, comm_vol 3145728.000000 KB
time 0.007355 s, REAL_BD 1631.543168 GB/s, SIZE 524288.000000 KB, comm_vol 12582912.000000 KB
time 0.028873 s, REAL_BD 1662.452811 GB/s, SIZE 2097152.000000 KB, comm_vol 50331648.000000 KB
[[0,5],[1,4],[2,7],[3,6],[4,1],[5,0],[6,3],[7,2]]
time 0.000272 s, REAL_BD 86.167279 GB/s, SIZE 1024.000000 KB, comm_vol 24576.000000 KB
time 0.003785 s, REAL_BD 792.602378 GB/s, SIZE 131072.000000 KB, comm_vol 3145728.000000 KB
time 0.007410 s, REAL_BD 1619.433198 GB/s, SIZE 524288.000000 KB, comm_vol 12582912.000000 KB
time 0.028589 s, REAL_BD 1678.967435 GB/s, SIZE 2097152.000000 KB, comm_vol 50331648.000000 KB
[[0,6],[1,7],[2,4],[3,5],[4,2],[5,3],[6,0],[7,1]]
time 0.000269 s, REAL_BD 87.128253 GB/s, SIZE 1024.000000 KB, comm_vol 24576.000000 KB
time 0.003757 s, REAL_BD 798.509449 GB/s, SIZE 131072.000000 KB, comm_vol 3145728.000000 KB
time 0.007361 s, REAL_BD 1630.213286 GB/s, SIZE 524288.000000 KB, comm_vol 12582912.000000 KB
time 0.028774 s, REAL_BD 1668.172656 GB/s, SIZE 2097152.000000 KB, comm_vol 50331648.000000 KB
[[0,7],[1,6],[2,5],[3,4],[4,3],[5,2],[6,1],[7,0]]
time 0.000253 s, REAL_BD 92.638340 GB/s, SIZE 1024.000000 KB, comm_vol 24576.000000 KB
time 0.003677 s, REAL_BD 815.882513 GB/s, SIZE 131072.000000 KB, comm_vol 3145728.000000 KB
time 0.007387 s, REAL_BD 1624.475430 GB/s, SIZE 524288.000000 KB, comm_vol 12582912.000000 KB
time 0.028648 s, REAL_BD 1675.509634 GB/s, SIZE 2097152.000000 KB, comm_vol 50331648.000000 KB
--------------------------------------------------------------------------
mpirun has exited due to process rank 7 with PID 0 on
node g4002 exiting improperly. There are three reasons this could occur:

1. this process did not call "init" before exiting, but others in
the job did. This can cause a job to hang indefinitely while it waits
for all processes to call "init". By rule, if one process calls "init",
then ALL processes must call "init" prior to termination.

2. this process called "init", but exited without calling "finalize".
By rule, all processes that call "init" MUST call "finalize" prior to
exiting or it will be considered an "abnormal termination"

3. this process called "MPI_Abort" or "orte_abort" and the mca parameter
orte_create_session_dirs is set to false. In this case, the run-time cannot
detect that the abort call was an abnormal termination. Hence, the only
error message you will receive is this one.

This may have caused other processes in the application to be
terminated by signals sent by mpirun (as reported here).

You can avoid this message by specifying -quiet on the mpirun command line.
--------------------------------------------------------------------------
+ for BACKEND in $BACKENDs
+ for HOST in $HOSTs
+ echo 'HOST: g4003'
HOST: g4003
+ for GPU_NUM in $GPU_NUMs
+ for CP_FILE_NAME in $CP_FILE_NAMEs
+ echo 'CP_FILE_NAME: conflict_patterns'
CP_FILE_NAME: conflict_patterns
+ [[ MPI =~ cudaMemcpy ]]
+ PROC_NUM=8
+ '[' 8 -le 8 ']'
+ NNODES=1
++ expr 8 / 1
+ NTASK_PER_NODE=8
+ echo 'HOST: g4003'
HOST: g4003
+ echo 'CUDA_VISIBLE_DEVICES: '
CUDA_VISIBLE_DEVICES: 
+ echo 'GPU_NUM: 8'
GPU_NUM: 8
+ echo 'PROC_NUM: 8'
PROC_NUM: 8
+ echo 'NNODES: 1'
NNODES: 1
+ echo 'NTASK_PER_NODE: 8'
NTASK_PER_NODE: 8
+ SCRIPT='./csrc/build/conflict_allinone 8 MPI ./scripts/configs/conflict_patterns.json'
+ echo 'Use MPI to launch procs !!!'
Use MPI to launch procs !!!
+ mpirun -np 8 ./csrc/build/conflict_allinone 8 MPI ./scripts/configs/conflict_patterns.json
--------------------------------------------------------------------------
WARNING: There was an error initializing an OpenFabrics device.

  Local host:   g4002
  Local device: mlx5_0
--------------------------------------------------------------------------
[[0,1],[0,2]]
[g4002:2373298:0:2373298]      cma_ep.c:81   process_vm_readv(pid=2373297 {0x7f12d3700000,524288}-->{0x7fa521600000,524288}) returned -1: Bad address
==== backtrace (tid:2373298) ====
 0  /lib/libucs.so.0(ucs_handle_error+0x2dc) [0x7f1330a0eb5c]
 1  /lib/libucs.so.0(ucs_fatal_error_message+0xa8) [0x7f1330a0bb28]
 2  /lib/libucs.so.0(ucs_log_default_handler+0xde3) [0x7f1330a10343]
 3  /lib/libucs.so.0(ucs_log_dispatch+0xe4) [0x7f1330a10684]
 4  /lib/ucx/libuct_cma.so.0(+0x3a22) [0x7f1338004a22]
 5  /lib/ucx/libuct_cma.so.0(uct_cma_ep_tx+0x196) [0x7f1338004d66]
 6  /lib/libuct.so.0(uct_scopy_ep_progress_tx+0x69) [0x7f13309c6229]
 7  /lib/libucs.so.0(ucs_arbiter_dispatch_nonempty+0xb6) [0x7f1330a040c6]
 8  /lib/libuct.so.0(uct_scopy_iface_progress+0x81) [0x7f13309c5d11]
 9  /lib/libucs.so.0(+0x1ec57) [0x7f1330a04c57]
10  /lib/libucp.so.0(ucp_worker_progress+0x6a) [0x7f1330a85dda]
11  /home/zhaijidong/yhy/.local/openmpi/lib/libopen-pal.so.40(opal_progress+0x34) [0x7f133bd288b4]
12  /home/zhaijidong/yhy/.local/openmpi/lib/libmpi.so.40(ompi_request_default_wait_all+0xf5) [0x7f133c445d45]
13  /home/zhaijidong/yhy/.local/openmpi/lib/libmpi.so.40(PMPI_Waitall+0x97) [0x7f133c48a6c7]
14  ./csrc/build/conflict_allinone() [0x43afd3]
15  ./csrc/build/conflict_allinone() [0x4074e7]
16  /lib/x86_64-linux-gnu/libc.so.6(__libc_start_main+0xf3) [0x7f133bea2083]
17  ./csrc/build/conflict_allinone() [0x4064fe]
=================================
[g4002:2373298] *** Process received signal ***
[g4002:2373298] Signal: Aborted (6)
[g4002:2373298] Signal code:  (-6)
[g4002:2373298] [ 0] /lib/x86_64-linux-gnu/libpthread.so.0(+0x14420)[0x7f133c084420]
[g4002:2373298] [ 1] /lib/x86_64-linux-gnu/libc.so.6(gsignal+0xcb)[0x7f133bec100b]
[g4002:2373298] [ 2] /lib/x86_64-linux-gnu/libc.so.6(abort+0x12b)[0x7f133bea0859]
[g4002:2373298] [ 3] /lib/libucs.so.0(+0x25b2d)[0x7f1330a0bb2d]
[g4002:2373298] [ 4] /lib/libucs.so.0(ucs_log_default_handler+0xde3)[0x7f1330a10343]
[g4002:2373298] [ 5] /lib/libucs.so.0(ucs_log_dispatch+0xe4)[0x7f1330a10684]
[g4002:2373298] [ 6] /lib/ucx/libuct_cma.so.0(+0x3a22)[0x7f1338004a22]
[g4002:2373298] [ 7] /lib/ucx/libuct_cma.so.0(uct_cma_ep_tx+0x196)[0x7f1338004d66]
[g4002:2373298] [ 8] /lib/libuct.so.0(uct_scopy_ep_progress_tx+0x69)[0x7f13309c6229]
[g4002:2373298] [ 9] /lib/libucs.so.0(ucs_arbiter_dispatch_nonempty+0xb6)[0x7f1330a040c6]
[g4002:2373298] [10] /lib/libuct.so.0(uct_scopy_iface_progress+0x81)[0x7f13309c5d11]
[g4002:2373298] [11] /lib/libucs.so.0(+0x1ec57)[0x7f1330a04c57]
[g4002:2373298] [12] /lib/libucp.so.0(ucp_worker_progress+0x6a)[0x7f1330a85dda]
[g4002:2373298] [13] /home/zhaijidong/yhy/.local/openmpi/lib/libopen-pal.so.40(opal_progress+0x34)[0x7f133bd288b4]
[g4002:2373298] [14] /home/zhaijidong/yhy/.local/openmpi/lib/libmpi.so.40(ompi_request_default_wait_all+0xf5)[0x7f133c445d45]
[g4002:2373298] [15] /home/zhaijidong/yhy/.local/openmpi/lib/libmpi.so.40(PMPI_Waitall+0x97)[0x7f133c48a6c7]
[g4002:2373298] [16] ./csrc/build/conflict_allinone[0x43afd3]
[g4002:2373298] [17] ./csrc/build/conflict_allinone[0x4074e7]
[g4002:2373298] [18] /lib/x86_64-linux-gnu/libc.so.6(__libc_start_main+0xf3)[0x7f133bea2083]
[g4002:2373298] [19] ./csrc/build/conflict_allinone[0x4064fe]
[g4002:2373298] *** End of error message ***
[g4002:2373299:0:2373299]      cma_ep.c:81   process_vm_readv(pid=2373297 {0x7f4d53700000,524288}-->{0x7fa521600000,524288}) returned -1: Bad address
==== backtrace (tid:2373299) ====
 0  /lib/libucs.so.0(ucs_handle_error+0x2dc) [0x7f4dacdedb5c]
 1  /lib/libucs.so.0(ucs_fatal_error_message+0xa8) [0x7f4dacdeab28]
 2  /lib/libucs.so.0(ucs_log_default_handler+0xde3) [0x7f4dacdef343]
 3  /lib/libucs.so.0(ucs_log_dispatch+0xe4) [0x7f4dacdef684]
 4  /lib/ucx/libuct_cma.so.0(+0x3a22) [0x7f4dad0cea22]
 5  /lib/ucx/libuct_cma.so.0(uct_cma_ep_tx+0x196) [0x7f4dad0ced66]
 6  /lib/libuct.so.0(uct_scopy_ep_progress_tx+0x69) [0x7f4dacda5229]
 7  /lib/libucs.so.0(ucs_arbiter_dispatch_nonempty+0xb6) [0x7f4dacde30c6]
 8  /lib/libuct.so.0(uct_scopy_iface_progress+0x81) [0x7f4dacda4d11]
 9  /lib/libucs.so.0(+0x1ec57) [0x7f4dacde3c57]
10  /lib/libucp.so.0(ucp_worker_progress+0x6a) [0x7f4dace64dda]
11  /home/zhaijidong/yhy/.local/openmpi/lib/libopen-pal.so.40(opal_progress+0x34) [0x7f4db699f8b4]
12  /home/zhaijidong/yhy/.local/openmpi/lib/libmpi.so.40(ompi_request_default_wait_all+0xf5) [0x7f4db70bcd45]
13  /home/zhaijidong/yhy/.local/openmpi/lib/libmpi.so.40(PMPI_Waitall+0x97) [0x7f4db71016c7]
14  ./csrc/build/conflict_allinone() [0x43afd3]
15  ./csrc/build/conflict_allinone() [0x4074e7]
16  /lib/x86_64-linux-gnu/libc.so.6(__libc_start_main+0xf3) [0x7f4db6b19083]
17  ./csrc/build/conflict_allinone() [0x4064fe]
=================================
[g4002:2373299] *** Process received signal ***
[g4002:2373299] Signal: Aborted (6)
[g4002:2373299] Signal code:  (-6)
[g4002:2373299] [ 0] /lib/x86_64-linux-gnu/libpthread.so.0(+0x14420)[0x7f4db6cfb420]
[g4002:2373299] [ 1] /lib/x86_64-linux-gnu/libc.so.6(gsignal+0xcb)[0x7f4db6b3800b]
[g4002:2373299] [ 2] /lib/x86_64-linux-gnu/libc.so.6(abort+0x12b)[0x7f4db6b17859]
[g4002:2373299] [ 3] /lib/libucs.so.0(+0x25b2d)[0x7f4dacdeab2d]
[g4002:2373299] [ 4] /lib/libucs.so.0(ucs_log_default_handler+0xde3)[0x7f4dacdef343]
[g4002:2373299] [ 5] /lib/libucs.so.0(ucs_log_dispatch+0xe4)[0x7f4dacdef684]
[g4002:2373299] [ 6] /lib/ucx/libuct_cma.so.0(+0x3a22)[0x7f4dad0cea22]
[g4002:2373299] [ 7] /lib/ucx/libuct_cma.so.0(uct_cma_ep_tx+0x196)[0x7f4dad0ced66]
[g4002:2373299] [ 8] /lib/libuct.so.0(uct_scopy_ep_progress_tx+0x69)[0x7f4dacda5229]
[g4002:2373299] [ 9] /lib/libucs.so.0(ucs_arbiter_dispatch_nonempty+0xb6)[0x7f4dacde30c6]
[g4002:2373299] [10] /lib/libuct.so.0(uct_scopy_iface_progress+0x81)[0x7f4dacda4d11]
[g4002:2373299] [11] /lib/libucs.so.0(+0x1ec57)[0x7f4dacde3c57]
[g4002:2373299] [12] /lib/libucp.so.0(ucp_worker_progress+0x6a)[0x7f4dace64dda]
[g4002:2373299] [13] /home/zhaijidong/yhy/.local/openmpi/lib/libopen-pal.so.40(opal_progress+0x34)[0x7f4db699f8b4]
[g4002:2373299] [14] /home/zhaijidong/yhy/.local/openmpi/lib/libmpi.so.40(ompi_request_default_wait_all+0xf5)[0x7f4db70bcd45]
[g4002:2373299] [15] /home/zhaijidong/yhy/.local/openmpi/lib/libmpi.so.40(PMPI_Waitall+0x97)[0x7f4db71016c7]
[g4002:2373299] [16] ./csrc/build/conflict_allinone[0x43afd3]
[g4002:2373299] [17] ./csrc/build/conflict_allinone[0x4074e7]
[g4002:2373299] [18] /lib/x86_64-linux-gnu/libc.so.6(__libc_start_main+0xf3)[0x7f4db6b19083]
[g4002:2373299] [19] ./csrc/build/conflict_allinone[0x4064fe]
[g4002:2373299] *** End of error message ***
--------------------------------------------------------------------------
Primary job  terminated normally, but 1 process returned
a non-zero exit code. Per user-direction, the job has been aborted.
--------------------------------------------------------------------------
--------------------------------------------------------------------------
mpirun noticed that process rank 1 with PID 0 on node g4002 exited on signal 6 (Aborted).
--------------------------------------------------------------------------
[g4002:2373272] 7 more processes have sent help message help-mpi-btl-openib.txt / error in device init
[g4002:2373272] Set MCA parameter "orte_base_help_aggregate" to 0 to see all help / error messages
+ for BACKEND in $BACKENDs
+ for HOST in $HOSTs
+ echo 'HOST: g4003'
HOST: g4003
+ for GPU_NUM in $GPU_NUMs
+ for CP_FILE_NAME in $CP_FILE_NAMEs
+ echo 'CP_FILE_NAME: conflict_patterns'
CP_FILE_NAME: conflict_patterns
+ [[ cudaMemcpy-P =~ cudaMemcpy ]]
+ PROC_NUM=1
+ '[' 8 -le 8 ']'
+ NNODES=1
++ expr 1 / 1
+ NTASK_PER_NODE=1
+ echo 'HOST: g4003'
HOST: g4003
+ echo 'CUDA_VISIBLE_DEVICES: '
CUDA_VISIBLE_DEVICES: 
+ echo 'GPU_NUM: 8'
GPU_NUM: 8
+ echo 'PROC_NUM: 1'
PROC_NUM: 1
+ echo 'NNODES: 1'
NNODES: 1
+ echo 'NTASK_PER_NODE: 1'
NTASK_PER_NODE: 1
+ SCRIPT='./csrc/build/conflict_allinone 8 cudaMemcpy-P ./scripts/configs/conflict_patterns.json'
+ echo 'Use MPI to launch procs !!!'
Use MPI to launch procs !!!
+ mpirun -np 1 ./csrc/build/conflict_allinone 8 cudaMemcpy-P ./scripts/configs/conflict_patterns.json
[[0,1],[0,2]]
time 0.000130 s, REAL_BD 45.072115 GB/s, SIZE 1024.000000 KB, comm_vol 6144.000000 KB
time 0.003068 s, REAL_BD 244.458931 GB/s, SIZE 131072.000000 KB, comm_vol 786432.000000 KB
time 0.011723 s, REAL_BD 255.907191 GB/s, SIZE 524288.000000 KB, comm_vol 3145728.000000 KB
time 0.046781 s, REAL_BD 256.514397 GB/s, SIZE 2097152.000000 KB, comm_vol 12582912.000000 KB
[[2,0],[1,0]]
time 0.000130 s, REAL_BD 45.072115 GB/s, SIZE 1024.000000 KB, comm_vol 6144.000000 KB
time 0.002964 s, REAL_BD 253.036437 GB/s, SIZE 131072.000000 KB, comm_vol 786432.000000 KB
time 0.011553 s, REAL_BD 259.672812 GB/s, SIZE 524288.000000 KB, comm_vol 3145728.000000 KB
time 0.045880 s, REAL_BD 261.551874 GB/s, SIZE 2097152.000000 KB, comm_vol 12582912.000000 KB
[[0,1],[2,1]]
time 0.000117 s, REAL_BD 50.080128 GB/s, SIZE 1024.000000 KB, comm_vol 6144.000000 KB
time 0.002950 s, REAL_BD 254.237288 GB/s, SIZE 131072.000000 KB, comm_vol 786432.000000 KB
time 0.011533 s, REAL_BD 260.123125 GB/s, SIZE 524288.000000 KB, comm_vol 3145728.000000 KB
time 0.045857 s, REAL_BD 261.683058 GB/s, SIZE 2097152.000000 KB, comm_vol 12582912.000000 KB
[[1,2],[3,2]]
time 0.000123 s, REAL_BD 47.637195 GB/s, SIZE 1024.000000 KB, comm_vol 6144.000000 KB
time 0.002958 s, REAL_BD 253.549696 GB/s, SIZE 131072.000000 KB, comm_vol 786432.000000 KB
time 0.011547 s, REAL_BD 259.807742 GB/s, SIZE 524288.000000 KB, comm_vol 3145728.000000 KB
time 0.045857 s, REAL_BD 261.683058 GB/s, SIZE 2097152.000000 KB, comm_vol 12582912.000000 KB
[[0,2],[1,2]]
time 0.000116 s, REAL_BD 50.511853 GB/s, SIZE 1024.000000 KB, comm_vol 6144.000000 KB
time 0.002954 s, REAL_BD 253.893026 GB/s, SIZE 131072.000000 KB, comm_vol 786432.000000 KB
time 0.011535 s, REAL_BD 260.078023 GB/s, SIZE 524288.000000 KB, comm_vol 3145728.000000 KB
time 0.045868 s, REAL_BD 261.620302 GB/s, SIZE 2097152.000000 KB, comm_vol 12582912.000000 KB
[[1,3],[2,3]]
time 0.000129 s, REAL_BD 45.421512 GB/s, SIZE 1024.000000 KB, comm_vol 6144.000000 KB
time 0.002956 s, REAL_BD 253.721245 GB/s, SIZE 131072.000000 KB, comm_vol 786432.000000 KB
time 0.011547 s, REAL_BD 259.807742 GB/s, SIZE 524288.000000 KB, comm_vol 3145728.000000 KB
time 0.045887 s, REAL_BD 261.511975 GB/s, SIZE 2097152.000000 KB, comm_vol 12582912.000000 KB
[[0,1],[0,1]]
time 0.000128 s, REAL_BD 45.776367 GB/s, SIZE 1024.000000 KB, comm_vol 6144.000000 KB
time 0.002967 s, REAL_BD 252.780586 GB/s, SIZE 131072.000000 KB, comm_vol 786432.000000 KB
time 0.011569 s, REAL_BD 259.313683 GB/s, SIZE 524288.000000 KB, comm_vol 3145728.000000 KB
time 0.046004 s, REAL_BD 260.846883 GB/s, SIZE 2097152.000000 KB, comm_vol 12582912.000000 KB
[[0,1],[0,2],[0,3]]
time 0.000149 s, REAL_BD 58.986997 GB/s, SIZE 1024.000000 KB, comm_vol 9216.000000 KB
time 0.004410 s, REAL_BD 255.102041 GB/s, SIZE 131072.000000 KB, comm_vol 1179648.000000 KB
time 0.017472 s, REAL_BD 257.554945 GB/s, SIZE 524288.000000 KB, comm_vol 4718592.000000 KB
time 0.069140 s, REAL_BD 260.341336 GB/s, SIZE 2097152.000000 KB, comm_vol 18874368.000000 KB
[[0,3],[1,3],[2,3]]
time 0.000132 s, REAL_BD 66.583807 GB/s, SIZE 1024.000000 KB, comm_vol 9216.000000 KB
time 0.004381 s, REAL_BD 256.790687 GB/s, SIZE 131072.000000 KB, comm_vol 1179648.000000 KB
time 0.017235 s, REAL_BD 261.096606 GB/s, SIZE 524288.000000 KB, comm_vol 4718592.000000 KB
time 0.068635 s, REAL_BD 262.256866 GB/s, SIZE 2097152.000000 KB, comm_vol 18874368.000000 KB
[[0,2],[1,3]]
time 0.000115 s, REAL_BD 50.951087 GB/s, SIZE 1024.000000 KB, comm_vol 6144.000000 KB
time 0.001536 s, REAL_BD 488.281250 GB/s, SIZE 131072.000000 KB, comm_vol 786432.000000 KB
time 0.005814 s, REAL_BD 515.995872 GB/s, SIZE 524288.000000 KB, comm_vol 3145728.000000 KB
time 0.023025 s, REAL_BD 521.172638 GB/s, SIZE 2097152.000000 KB, comm_vol 12582912.000000 KB
[[0,1],[1,2]]
time 0.000118 s, REAL_BD 49.655720 GB/s, SIZE 1024.000000 KB, comm_vol 6144.000000 KB
time 0.001598 s, REAL_BD 469.336671 GB/s, SIZE 131072.000000 KB, comm_vol 786432.000000 KB
time 0.006116 s, REAL_BD 490.516678 GB/s, SIZE 524288.000000 KB, comm_vol 3145728.000000 KB
time 0.024211 s, REAL_BD 495.642477 GB/s, SIZE 2097152.000000 KB, comm_vol 12582912.000000 KB
[[0,2],[3,1]]
time 0.000115 s, REAL_BD 50.951087 GB/s, SIZE 1024.000000 KB, comm_vol 6144.000000 KB
time 0.001537 s, REAL_BD 487.963565 GB/s, SIZE 131072.000000 KB, comm_vol 786432.000000 KB
time 0.005814 s, REAL_BD 515.995872 GB/s, SIZE 524288.000000 KB, comm_vol 3145728.000000 KB
time 0.023026 s, REAL_BD 521.150004 GB/s, SIZE 2097152.000000 KB, comm_vol 12582912.000000 KB
[[0,4],[0,4]]
time 0.000125 s, REAL_BD 46.875000 GB/s, SIZE 1024.000000 KB, comm_vol 6144.000000 KB
time 0.002967 s, REAL_BD 252.780586 GB/s, SIZE 131072.000000 KB, comm_vol 786432.000000 KB
time 0.011553 s, REAL_BD 259.672812 GB/s, SIZE 524288.000000 KB, comm_vol 3145728.000000 KB
time 0.046004 s, REAL_BD 260.846883 GB/s, SIZE 2097152.000000 KB, comm_vol 12582912.000000 KB
[[0,4],[1,4]]
time 0.000117 s, REAL_BD 50.080128 GB/s, SIZE 1024.000000 KB, comm_vol 6144.000000 KB
time 0.002981 s, REAL_BD 251.593425 GB/s, SIZE 131072.000000 KB, comm_vol 786432.000000 KB
time 0.011538 s, REAL_BD 260.010400 GB/s, SIZE 524288.000000 KB, comm_vol 3145728.000000 KB
time 0.045855 s, REAL_BD 261.694472 GB/s, SIZE 2097152.000000 KB, comm_vol 12582912.000000 KB
[[0,4],[4,1]]
time 0.000118 s, REAL_BD 49.655720 GB/s, SIZE 1024.000000 KB, comm_vol 6144.000000 KB
time 0.001734 s, REAL_BD 432.525952 GB/s, SIZE 131072.000000 KB, comm_vol 786432.000000 KB
time 0.006651 s, REAL_BD 451.059991 GB/s, SIZE 524288.000000 KB, comm_vol 3145728.000000 KB
time 0.024234 s, REAL_BD 495.172072 GB/s, SIZE 2097152.000000 KB, comm_vol 12582912.000000 KB
[[0,4],[4,1],[2,3]]
time 0.000131 s, REAL_BD 67.092080 GB/s, SIZE 1024.000000 KB, comm_vol 9216.000000 KB
time 0.001730 s, REAL_BD 650.289017 GB/s, SIZE 131072.000000 KB, comm_vol 1179648.000000 KB
time 0.006657 s, REAL_BD 675.980171 GB/s, SIZE 524288.000000 KB, comm_vol 4718592.000000 KB
time 0.024219 s, REAL_BD 743.218135 GB/s, SIZE 2097152.000000 KB, comm_vol 18874368.000000 KB
[[4,2],[4,3]]
time 0.000143 s, REAL_BD 40.974650 GB/s, SIZE 1024.000000 KB, comm_vol 6144.000000 KB
time 0.002985 s, REAL_BD 251.256281 GB/s, SIZE 131072.000000 KB, comm_vol 786432.000000 KB
time 0.011655 s, REAL_BD 257.400257 GB/s, SIZE 524288.000000 KB, comm_vol 3145728.000000 KB
time 0.046317 s, REAL_BD 259.084138 GB/s, SIZE 2097152.000000 KB, comm_vol 12582912.000000 KB
[[5,2],[4,3]]
time 0.000129 s, REAL_BD 45.421512 GB/s, SIZE 1024.000000 KB, comm_vol 6144.000000 KB
time 0.001549 s, REAL_BD 484.183344 GB/s, SIZE 131072.000000 KB, comm_vol 786432.000000 KB
time 0.005827 s, REAL_BD 514.844689 GB/s, SIZE 524288.000000 KB, comm_vol 3145728.000000 KB
time 0.023012 s, REAL_BD 521.467061 GB/s, SIZE 2097152.000000 KB, comm_vol 12582912.000000 KB
[[6,1],[5,2],[4,3]]
time 0.000143 s, REAL_BD 61.461976 GB/s, SIZE 1024.000000 KB, comm_vol 9216.000000 KB
time 0.001565 s, REAL_BD 718.849840 GB/s, SIZE 131072.000000 KB, comm_vol 1179648.000000 KB
time 0.005841 s, REAL_BD 770.416025 GB/s, SIZE 524288.000000 KB, comm_vol 4718592.000000 KB
time 0.023068 s, REAL_BD 780.301717 GB/s, SIZE 2097152.000000 KB, comm_vol 18874368.000000 KB
[[4,3],[6,1]]
time 0.000160 s, REAL_BD 36.621094 GB/s, SIZE 1024.000000 KB, comm_vol 6144.000000 KB
time 0.001551 s, REAL_BD 483.558994 GB/s, SIZE 131072.000000 KB, comm_vol 786432.000000 KB
time 0.005823 s, REAL_BD 515.198351 GB/s, SIZE 524288.000000 KB, comm_vol 3145728.000000 KB
time 0.023045 s, REAL_BD 520.720330 GB/s, SIZE 2097152.000000 KB, comm_vol 12582912.000000 KB
[[4,3],[1,6]]
time 0.000126 s, REAL_BD 46.502976 GB/s, SIZE 1024.000000 KB, comm_vol 6144.000000 KB
time 0.001546 s, REAL_BD 485.122898 GB/s, SIZE 131072.000000 KB, comm_vol 786432.000000 KB
time 0.005825 s, REAL_BD 515.021459 GB/s, SIZE 524288.000000 KB, comm_vol 3145728.000000 KB
time 0.023026 s, REAL_BD 521.150004 GB/s, SIZE 2097152.000000 KB, comm_vol 12582912.000000 KB
[[0,1],[1,2],[2,3],[3,0]]
time 0.000146 s, REAL_BD 80.265411 GB/s, SIZE 1024.000000 KB, comm_vol 12288.000000 KB
time 0.001768 s, REAL_BD 848.416290 GB/s, SIZE 131072.000000 KB, comm_vol 1572864.000000 KB
time 0.006169 s, REAL_BD 972.604960 GB/s, SIZE 524288.000000 KB, comm_vol 6291456.000000 KB
time 0.024209 s, REAL_BD 991.366847 GB/s, SIZE 2097152.000000 KB, comm_vol 25165824.000000 KB
[[0,2],[2,0],[1,3],[3,1]]
time 0.000162 s, REAL_BD 72.337963 GB/s, SIZE 1024.000000 KB, comm_vol 12288.000000 KB
time 0.001767 s, REAL_BD 848.896435 GB/s, SIZE 131072.000000 KB, comm_vol 1572864.000000 KB
time 0.006158 s, REAL_BD 974.342319 GB/s, SIZE 524288.000000 KB, comm_vol 6291456.000000 KB
time 0.024213 s, REAL_BD 991.203073 GB/s, SIZE 2097152.000000 KB, comm_vol 25165824.000000 KB
[[0,3],[1,0],[2,1],[3,2]]
time 0.000146 s, REAL_BD 80.265411 GB/s, SIZE 1024.000000 KB, comm_vol 12288.000000 KB
time 0.001775 s, REAL_BD 845.070423 GB/s, SIZE 131072.000000 KB, comm_vol 1572864.000000 KB
time 0.006162 s, REAL_BD 973.709834 GB/s, SIZE 524288.000000 KB, comm_vol 6291456.000000 KB
time 0.024236 s, REAL_BD 990.262420 GB/s, SIZE 2097152.000000 KB, comm_vol 25165824.000000 KB
[[0,1],[1,0],[2,3],[3,2]]
time 0.000149 s, REAL_BD 78.649329 GB/s, SIZE 1024.000000 KB, comm_vol 12288.000000 KB
time 0.001774 s, REAL_BD 845.546787 GB/s, SIZE 131072.000000 KB, comm_vol 1572864.000000 KB
time 0.006222 s, REAL_BD 964.320154 GB/s, SIZE 524288.000000 KB, comm_vol 6291456.000000 KB
time 0.024215 s, REAL_BD 991.121206 GB/s, SIZE 2097152.000000 KB, comm_vol 25165824.000000 KB
[[0,2],[2,0],[1,3],[3,1]]
time 0.000146 s, REAL_BD 80.265411 GB/s, SIZE 1024.000000 KB, comm_vol 12288.000000 KB
time 0.001709 s, REAL_BD 877.706261 GB/s, SIZE 131072.000000 KB, comm_vol 1572864.000000 KB
time 0.006168 s, REAL_BD 972.762646 GB/s, SIZE 524288.000000 KB, comm_vol 6291456.000000 KB
time 0.024204 s, REAL_BD 991.571641 GB/s, SIZE 2097152.000000 KB, comm_vol 25165824.000000 KB
[[0,3],[3,0],[1,2],[2,1]]
time 0.000149 s, REAL_BD 78.649329 GB/s, SIZE 1024.000000 KB, comm_vol 12288.000000 KB
time 0.001776 s, REAL_BD 844.594595 GB/s, SIZE 131072.000000 KB, comm_vol 1572864.000000 KB
time 0.006156 s, REAL_BD 974.658869 GB/s, SIZE 524288.000000 KB, comm_vol 6291456.000000 KB
time 0.024219 s, REAL_BD 990.957513 GB/s, SIZE 2097152.000000 KB, comm_vol 25165824.000000 KB
[[0,1],[1,2],[2,3],[3,4],[4,5],[5,6],[6,7],[7,0]]
time 0.000218 s, REAL_BD 107.511468 GB/s, SIZE 1024.000000 KB, comm_vol 24576.000000 KB
time 0.001840 s, REAL_BD 1630.434783 GB/s, SIZE 131072.000000 KB, comm_vol 3145728.000000 KB
time 0.006748 s, REAL_BD 1778.304683 GB/s, SIZE 524288.000000 KB, comm_vol 12582912.000000 KB
time 0.024271 s, REAL_BD 1977.668823 GB/s, SIZE 2097152.000000 KB, comm_vol 50331648.000000 KB
[[0,2],[1,3],[2,4],[3,5],[4,6],[5,7],[6,0],[7,1]]
time 0.000211 s, REAL_BD 111.078199 GB/s, SIZE 1024.000000 KB, comm_vol 24576.000000 KB
time 0.001870 s, REAL_BD 1604.278075 GB/s, SIZE 131072.000000 KB, comm_vol 3145728.000000 KB
time 0.006210 s, REAL_BD 1932.367150 GB/s, SIZE 524288.000000 KB, comm_vol 12582912.000000 KB
time 0.024276 s, REAL_BD 1977.261493 GB/s, SIZE 2097152.000000 KB, comm_vol 50331648.000000 KB
[[0,3],[1,4],[2,5],[3,6],[4,7],[5,0],[6,1],[7,2]]
time 0.000216 s, REAL_BD 108.506944 GB/s, SIZE 1024.000000 KB, comm_vol 24576.000000 KB
time 0.001838 s, REAL_BD 1632.208923 GB/s, SIZE 131072.000000 KB, comm_vol 3145728.000000 KB
time 0.006719 s, REAL_BD 1785.980057 GB/s, SIZE 524288.000000 KB, comm_vol 12582912.000000 KB
time 0.024289 s, REAL_BD 1976.203220 GB/s, SIZE 2097152.000000 KB, comm_vol 50331648.000000 KB
[[0,4],[1,5],[2,6],[3,7],[4,0],[5,1],[6,2],[7,3]]
time 0.000214 s, REAL_BD 109.521028 GB/s, SIZE 1024.000000 KB, comm_vol 24576.000000 KB
time 0.001838 s, REAL_BD 1632.208923 GB/s, SIZE 131072.000000 KB, comm_vol 3145728.000000 KB
time 0.006697 s, REAL_BD 1791.847096 GB/s, SIZE 524288.000000 KB, comm_vol 12582912.000000 KB
time 0.024276 s, REAL_BD 1977.261493 GB/s, SIZE 2097152.000000 KB, comm_vol 50331648.000000 KB
[[0,5],[1,4],[2,7],[3,6],[4,1],[5,0],[6,3],[7,2]]
time 0.000211 s, REAL_BD 111.078199 GB/s, SIZE 1024.000000 KB, comm_vol 24576.000000 KB
time 0.001786 s, REAL_BD 1679.731243 GB/s, SIZE 131072.000000 KB, comm_vol 3145728.000000 KB
time 0.006220 s, REAL_BD 1929.260450 GB/s, SIZE 524288.000000 KB, comm_vol 12582912.000000 KB
time 0.024275 s, REAL_BD 1977.342945 GB/s, SIZE 2097152.000000 KB, comm_vol 50331648.000000 KB
[[0,6],[1,7],[2,4],[3,5],[4,2],[5,3],[6,0],[7,1]]
time 0.000214 s, REAL_BD 109.521028 GB/s, SIZE 1024.000000 KB, comm_vol 24576.000000 KB
time 0.001828 s, REAL_BD 1641.137856 GB/s, SIZE 131072.000000 KB, comm_vol 3145728.000000 KB
time 0.006345 s, REAL_BD 1891.252955 GB/s, SIZE 524288.000000 KB, comm_vol 12582912.000000 KB
time 0.024279 s, REAL_BD 1977.017175 GB/s, SIZE 2097152.000000 KB, comm_vol 50331648.000000 KB
[[0,7],[1,6],[2,5],[3,4],[4,3],[5,2],[6,1],[7,0]]
time 0.000225 s, REAL_BD 104.166667 GB/s, SIZE 1024.000000 KB, comm_vol 24576.000000 KB
time 0.001807 s, REAL_BD 1660.210293 GB/s, SIZE 131072.000000 KB, comm_vol 3145728.000000 KB
time 0.006651 s, REAL_BD 1804.239964 GB/s, SIZE 524288.000000 KB, comm_vol 12582912.000000 KB
time 0.024260 s, REAL_BD 1978.565540 GB/s, SIZE 2097152.000000 KB, comm_vol 50331648.000000 KB
+ for BACKEND in $BACKENDs
+ for HOST in $HOSTs
+ echo 'HOST: g4003'
HOST: g4003
+ for GPU_NUM in $GPU_NUMs
+ for CP_FILE_NAME in $CP_FILE_NAMEs
+ echo 'CP_FILE_NAME: conflict_patterns'
CP_FILE_NAME: conflict_patterns
+ [[ cudaMemcpy-nP =~ cudaMemcpy ]]
+ PROC_NUM=1
+ '[' 8 -le 8 ']'
+ NNODES=1
++ expr 1 / 1
+ NTASK_PER_NODE=1
+ echo 'HOST: g4003'
HOST: g4003
+ echo 'CUDA_VISIBLE_DEVICES: '
CUDA_VISIBLE_DEVICES: 
+ echo 'GPU_NUM: 8'
GPU_NUM: 8
+ echo 'PROC_NUM: 1'
PROC_NUM: 1
+ echo 'NNODES: 1'
NNODES: 1
+ echo 'NTASK_PER_NODE: 1'
NTASK_PER_NODE: 1
+ SCRIPT='./csrc/build/conflict_allinone 8 cudaMemcpy-nP ./scripts/configs/conflict_patterns.json'
+ echo 'Use MPI to launch procs !!!'
Use MPI to launch procs !!!
+ mpirun -np 1 ./csrc/build/conflict_allinone 8 cudaMemcpy-nP ./scripts/configs/conflict_patterns.json
[[0,1],[0,2]]
time 0.000536 s, REAL_BD 10.931670 GB/s, SIZE 1024.000000 KB, comm_vol 6144.000000 KB
time 0.038139 s, REAL_BD 19.664910 GB/s, SIZE 131072.000000 KB, comm_vol 786432.000000 KB
time 0.146614 s, REAL_BD 20.461893 GB/s, SIZE 524288.000000 KB, comm_vol 3145728.000000 KB
time 0.676492 s, REAL_BD 17.738569 GB/s, SIZE 2097152.000000 KB, comm_vol 12582912.000000 KB
[[2,0],[1,0]]
time 0.003443 s, REAL_BD 1.701823 GB/s, SIZE 1024.000000 KB, comm_vol 6144.000000 KB
time 0.045019 s, REAL_BD 16.659633 GB/s, SIZE 131072.000000 KB, comm_vol 786432.000000 KB
time 0.179485 s, REAL_BD 16.714489 GB/s, SIZE 524288.000000 KB, comm_vol 3145728.000000 KB
time 0.708257 s, REAL_BD 16.943002 GB/s, SIZE 2097152.000000 KB, comm_vol 12582912.000000 KB
[[0,1],[2,1]]
time 0.003465 s, REAL_BD 1.691017 GB/s, SIZE 1024.000000 KB, comm_vol 6144.000000 KB
time 0.044948 s, REAL_BD 16.685948 GB/s, SIZE 131072.000000 KB, comm_vol 786432.000000 KB
time 0.179350 s, REAL_BD 16.727070 GB/s, SIZE 524288.000000 KB, comm_vol 3145728.000000 KB
time 0.714542 s, REAL_BD 16.793974 GB/s, SIZE 2097152.000000 KB, comm_vol 12582912.000000 KB
[[1,2],[3,2]]
time 0.003463 s, REAL_BD 1.691994 GB/s, SIZE 1024.000000 KB, comm_vol 6144.000000 KB
time 0.044891 s, REAL_BD 16.707135 GB/s, SIZE 131072.000000 KB, comm_vol 786432.000000 KB
time 0.176051 s, REAL_BD 17.040517 GB/s, SIZE 524288.000000 KB, comm_vol 3145728.000000 KB
time 0.704034 s, REAL_BD 17.044631 GB/s, SIZE 2097152.000000 KB, comm_vol 12582912.000000 KB
[[0,2],[1,2]]
time 0.003464 s, REAL_BD 1.691505 GB/s, SIZE 1024.000000 KB, comm_vol 6144.000000 KB
time 0.039489 s, REAL_BD 18.992631 GB/s, SIZE 131072.000000 KB, comm_vol 786432.000000 KB
time 0.154022 s, REAL_BD 19.477737 GB/s, SIZE 524288.000000 KB, comm_vol 3145728.000000 KB
time 0.606009 s, REAL_BD 19.801686 GB/s, SIZE 2097152.000000 KB, comm_vol 12582912.000000 KB
[[1,3],[2,3]]
time 0.003462 s, REAL_BD 1.692483 GB/s, SIZE 1024.000000 KB, comm_vol 6144.000000 KB
time 0.044781 s, REAL_BD 16.748174 GB/s, SIZE 131072.000000 KB, comm_vol 786432.000000 KB
time 0.175358 s, REAL_BD 17.107859 GB/s, SIZE 524288.000000 KB, comm_vol 3145728.000000 KB
time 0.699919 s, REAL_BD 17.144841 GB/s, SIZE 2097152.000000 KB, comm_vol 12582912.000000 KB
[[0,1],[0,1]]
time 0.003462 s, REAL_BD 1.692483 GB/s, SIZE 1024.000000 KB, comm_vol 6144.000000 KB
time 0.050749 s, REAL_BD 14.778616 GB/s, SIZE 131072.000000 KB, comm_vol 786432.000000 KB
time 0.202623 s, REAL_BD 14.805822 GB/s, SIZE 524288.000000 KB, comm_vol 3145728.000000 KB
time 0.808078 s, REAL_BD 14.850052 GB/s, SIZE 2097152.000000 KB, comm_vol 12582912.000000 KB
[[0,1],[0,2],[0,3]]
time 0.003320 s, REAL_BD 2.647308 GB/s, SIZE 1024.000000 KB, comm_vol 9216.000000 KB
time 0.053622 s, REAL_BD 20.980195 GB/s, SIZE 131072.000000 KB, comm_vol 1179648.000000 KB
time 0.214571 s, REAL_BD 20.972079 GB/s, SIZE 524288.000000 KB, comm_vol 4718592.000000 KB
time 0.961443 s, REAL_BD 18.721859 GB/s, SIZE 2097152.000000 KB, comm_vol 18874368.000000 KB
[[0,3],[1,3],[2,3]]
time 0.003672 s, REAL_BD 2.393536 GB/s, SIZE 1024.000000 KB, comm_vol 9216.000000 KB
time 0.064432 s, REAL_BD 17.460268 GB/s, SIZE 131072.000000 KB, comm_vol 1179648.000000 KB
time 0.249486 s, REAL_BD 18.037084 GB/s, SIZE 524288.000000 KB, comm_vol 4718592.000000 KB
time 0.998435 s, REAL_BD 18.028214 GB/s, SIZE 2097152.000000 KB, comm_vol 18874368.000000 KB
[[0,2],[1,3]]
time 0.003313 s, REAL_BD 1.768601 GB/s, SIZE 1024.000000 KB, comm_vol 6144.000000 KB
time 0.033328 s, REAL_BD 22.503601 GB/s, SIZE 131072.000000 KB, comm_vol 786432.000000 KB
time 0.134312 s, REAL_BD 22.336053 GB/s, SIZE 524288.000000 KB, comm_vol 3145728.000000 KB
time 0.582701 s, REAL_BD 20.593752 GB/s, SIZE 2097152.000000 KB, comm_vol 12582912.000000 KB
[[0,1],[1,2]]
time 0.003314 s, REAL_BD 1.768067 GB/s, SIZE 1024.000000 KB, comm_vol 6144.000000 KB
time 0.037550 s, REAL_BD 19.973369 GB/s, SIZE 131072.000000 KB, comm_vol 786432.000000 KB
time 0.149474 s, REAL_BD 20.070380 GB/s, SIZE 524288.000000 KB, comm_vol 3145728.000000 KB
time 0.663544 s, REAL_BD 18.084709 GB/s, SIZE 2097152.000000 KB, comm_vol 12582912.000000 KB
[[0,2],[3,1]]
time 0.003313 s, REAL_BD 1.768601 GB/s, SIZE 1024.000000 KB, comm_vol 6144.000000 KB
time 0.026504 s, REAL_BD 28.297615 GB/s, SIZE 131072.000000 KB, comm_vol 786432.000000 KB
time 0.105560 s, REAL_BD 28.419856 GB/s, SIZE 524288.000000 KB, comm_vol 3145728.000000 KB
time 0.559066 s, REAL_BD 21.464371 GB/s, SIZE 2097152.000000 KB, comm_vol 12582912.000000 KB
[[0,4],[0,4]]
time 0.003465 s, REAL_BD 1.691017 GB/s, SIZE 1024.000000 KB, comm_vol 6144.000000 KB
time 0.040103 s, REAL_BD 18.701843 GB/s, SIZE 131072.000000 KB, comm_vol 786432.000000 KB
time 0.157323 s, REAL_BD 19.069049 GB/s, SIZE 524288.000000 KB, comm_vol 3145728.000000 KB
time 0.626824 s, REAL_BD 19.144130 GB/s, SIZE 2097152.000000 KB, comm_vol 12582912.000000 KB
[[0,4],[1,4]]
time 0.003466 s, REAL_BD 1.690529 GB/s, SIZE 1024.000000 KB, comm_vol 6144.000000 KB
time 0.039964 s, REAL_BD 18.766890 GB/s, SIZE 131072.000000 KB, comm_vol 786432.000000 KB
time 0.158242 s, REAL_BD 18.958304 GB/s, SIZE 524288.000000 KB, comm_vol 3145728.000000 KB
time 0.626598 s, REAL_BD 19.151035 GB/s, SIZE 2097152.000000 KB, comm_vol 12582912.000000 KB
[[0,4],[4,1]]
time 0.003314 s, REAL_BD 1.768067 GB/s, SIZE 1024.000000 KB, comm_vol 6144.000000 KB
time 0.027173 s, REAL_BD 27.600927 GB/s, SIZE 131072.000000 KB, comm_vol 786432.000000 KB
time 0.107985 s, REAL_BD 27.781636 GB/s, SIZE 524288.000000 KB, comm_vol 3145728.000000 KB
time 0.578845 s, REAL_BD 20.730938 GB/s, SIZE 2097152.000000 KB, comm_vol 12582912.000000 KB
[[0,4],[4,1],[2,3]]
time 0.003314 s, REAL_BD 2.652101 GB/s, SIZE 1024.000000 KB, comm_vol 9216.000000 KB
time 0.029046 s, REAL_BD 38.731667 GB/s, SIZE 131072.000000 KB, comm_vol 1179648.000000 KB
time 0.115650 s, REAL_BD 38.910506 GB/s, SIZE 524288.000000 KB, comm_vol 4718592.000000 KB
time 0.902410 s, REAL_BD 19.946587 GB/s, SIZE 2097152.000000 KB, comm_vol 18874368.000000 KB
[[4,2],[4,3]]
time 0.003314 s, REAL_BD 1.768067 GB/s, SIZE 1024.000000 KB, comm_vol 6144.000000 KB
time 0.039873 s, REAL_BD 18.809721 GB/s, SIZE 131072.000000 KB, comm_vol 786432.000000 KB
time 0.157998 s, REAL_BD 18.987582 GB/s, SIZE 524288.000000 KB, comm_vol 3145728.000000 KB
time 0.637385 s, REAL_BD 18.826926 GB/s, SIZE 2097152.000000 KB, comm_vol 12582912.000000 KB
[[5,2],[4,3]]
time 0.003313 s, REAL_BD 1.768601 GB/s, SIZE 1024.000000 KB, comm_vol 6144.000000 KB
time 0.033420 s, REAL_BD 22.441652 GB/s, SIZE 131072.000000 KB, comm_vol 786432.000000 KB
time 0.132148 s, REAL_BD 22.701819 GB/s, SIZE 524288.000000 KB, comm_vol 3145728.000000 KB
time 0.608930 s, REAL_BD 19.706699 GB/s, SIZE 2097152.000000 KB, comm_vol 12582912.000000 KB
[[6,1],[5,2],[4,3]]
time 0.003314 s, REAL_BD 2.652101 GB/s, SIZE 1024.000000 KB, comm_vol 9216.000000 KB
time 0.035807 s, REAL_BD 31.418438 GB/s, SIZE 131072.000000 KB, comm_vol 1179648.000000 KB
time 0.138860 s, REAL_BD 32.406741 GB/s, SIZE 524288.000000 KB, comm_vol 4718592.000000 KB
time 0.848210 s, REAL_BD 21.221160 GB/s, SIZE 2097152.000000 KB, comm_vol 18874368.000000 KB
[[4,3],[6,1]]
time 0.003314 s, REAL_BD 1.768067 GB/s, SIZE 1024.000000 KB, comm_vol 6144.000000 KB
time 0.021666 s, REAL_BD 34.616450 GB/s, SIZE 131072.000000 KB, comm_vol 786432.000000 KB
time 0.085877 s, REAL_BD 34.933684 GB/s, SIZE 524288.000000 KB, comm_vol 3145728.000000 KB
time 0.562153 s, REAL_BD 21.346502 GB/s, SIZE 2097152.000000 KB, comm_vol 12582912.000000 KB
[[4,3],[1,6]]
time 0.003313 s, REAL_BD 1.768601 GB/s, SIZE 1024.000000 KB, comm_vol 6144.000000 KB
time 0.021673 s, REAL_BD 34.605269 GB/s, SIZE 131072.000000 KB, comm_vol 786432.000000 KB
time 0.085960 s, REAL_BD 34.899953 GB/s, SIZE 524288.000000 KB, comm_vol 3145728.000000 KB
time 0.555298 s, REAL_BD 21.610018 GB/s, SIZE 2097152.000000 KB, comm_vol 12582912.000000 KB
[[0,1],[1,2],[2,3],[3,0]]
time 0.003300 s, REAL_BD 3.551136 GB/s, SIZE 1024.000000 KB, comm_vol 12288.000000 KB
time 0.051217 s, REAL_BD 29.287151 GB/s, SIZE 131072.000000 KB, comm_vol 1572864.000000 KB
time 0.203935 s, REAL_BD 29.421139 GB/s, SIZE 524288.000000 KB, comm_vol 6291456.000000 KB
time 1.283285 s, REAL_BD 18.702003 GB/s, SIZE 2097152.000000 KB, comm_vol 25165824.000000 KB
[[0,2],[2,0],[1,3],[3,1]]
time 0.003313 s, REAL_BD 3.537202 GB/s, SIZE 1024.000000 KB, comm_vol 12288.000000 KB
time 0.049441 s, REAL_BD 30.339192 GB/s, SIZE 131072.000000 KB, comm_vol 1572864.000000 KB
time 0.194925 s, REAL_BD 30.781070 GB/s, SIZE 524288.000000 KB, comm_vol 6291456.000000 KB
time 1.027486 s, REAL_BD 23.357982 GB/s, SIZE 2097152.000000 KB, comm_vol 25165824.000000 KB
[[0,3],[1,0],[2,1],[3,2]]
time 0.003316 s, REAL_BD 3.534002 GB/s, SIZE 1024.000000 KB, comm_vol 12288.000000 KB
time 0.050695 s, REAL_BD 29.588717 GB/s, SIZE 131072.000000 KB, comm_vol 1572864.000000 KB
time 0.203986 s, REAL_BD 29.413783 GB/s, SIZE 524288.000000 KB, comm_vol 6291456.000000 KB
time 1.317212 s, REAL_BD 18.220302 GB/s, SIZE 2097152.000000 KB, comm_vol 25165824.000000 KB
[[0,1],[1,0],[2,3],[3,2]]
time 0.003315 s, REAL_BD 3.535068 GB/s, SIZE 1024.000000 KB, comm_vol 12288.000000 KB
time 0.064487 s, REAL_BD 23.260502 GB/s, SIZE 131072.000000 KB, comm_vol 1572864.000000 KB
time 0.216291 s, REAL_BD 27.740405 GB/s, SIZE 524288.000000 KB, comm_vol 6291456.000000 KB
time 1.515601 s, REAL_BD 15.835302 GB/s, SIZE 2097152.000000 KB, comm_vol 25165824.000000 KB
[[0,2],[2,0],[1,3],[3,1]]
time 0.003314 s, REAL_BD 3.536135 GB/s, SIZE 1024.000000 KB, comm_vol 12288.000000 KB
time 0.049632 s, REAL_BD 30.222437 GB/s, SIZE 131072.000000 KB, comm_vol 1572864.000000 KB
time 0.194309 s, REAL_BD 30.878652 GB/s, SIZE 524288.000000 KB, comm_vol 6291456.000000 KB
time 1.027830 s, REAL_BD 23.350165 GB/s, SIZE 2097152.000000 KB, comm_vol 25165824.000000 KB
[[0,3],[3,0],[1,2],[2,1]]
time 0.003313 s, REAL_BD 3.537202 GB/s, SIZE 1024.000000 KB, comm_vol 12288.000000 KB
time 0.050512 s, REAL_BD 29.695914 GB/s, SIZE 131072.000000 KB, comm_vol 1572864.000000 KB
time 0.193834 s, REAL_BD 30.954322 GB/s, SIZE 524288.000000 KB, comm_vol 6291456.000000 KB
time 1.027470 s, REAL_BD 23.358346 GB/s, SIZE 2097152.000000 KB, comm_vol 25165824.000000 KB
[[0,1],[1,2],[2,3],[3,4],[4,5],[5,6],[6,7],[7,0]]
time 0.003353 s, REAL_BD 6.990009 GB/s, SIZE 1024.000000 KB, comm_vol 24576.000000 KB
time 0.066241 s, REAL_BD 45.289171 GB/s, SIZE 131072.000000 KB, comm_vol 3145728.000000 KB
time 0.234964 s, REAL_BD 51.071654 GB/s, SIZE 524288.000000 KB, comm_vol 12582912.000000 KB
time 2.566068 s, REAL_BD 18.705662 GB/s, SIZE 2097152.000000 KB, comm_vol 50331648.000000 KB
[[0,2],[1,3],[2,4],[3,5],[4,6],[5,7],[6,0],[7,1]]
time 0.003318 s, REAL_BD 7.063743 GB/s, SIZE 1024.000000 KB, comm_vol 24576.000000 KB
time 0.058636 s, REAL_BD 51.163108 GB/s, SIZE 131072.000000 KB, comm_vol 3145728.000000 KB
time 0.231698 s, REAL_BD 51.791556 GB/s, SIZE 524288.000000 KB, comm_vol 12582912.000000 KB
time 2.165832 s, REAL_BD 22.162384 GB/s, SIZE 2097152.000000 KB, comm_vol 50331648.000000 KB
[[0,3],[1,4],[2,5],[3,6],[4,7],[5,0],[6,1],[7,2]]
time 0.003318 s, REAL_BD 7.063743 GB/s, SIZE 1024.000000 KB, comm_vol 24576.000000 KB
time 0.056575 s, REAL_BD 53.026955 GB/s, SIZE 131072.000000 KB, comm_vol 3145728.000000 KB
time 0.226201 s, REAL_BD 53.050163 GB/s, SIZE 524288.000000 KB, comm_vol 12582912.000000 KB
time 2.301860 s, REAL_BD 20.852702 GB/s, SIZE 2097152.000000 KB, comm_vol 50331648.000000 KB
[[0,4],[1,5],[2,6],[3,7],[4,0],[5,1],[6,2],[7,3]]
time 0.003316 s, REAL_BD 7.068004 GB/s, SIZE 1024.000000 KB, comm_vol 24576.000000 KB
time 0.058426 s, REAL_BD 51.347003 GB/s, SIZE 131072.000000 KB, comm_vol 3145728.000000 KB
time 0.229687 s, REAL_BD 52.245012 GB/s, SIZE 524288.000000 KB, comm_vol 12582912.000000 KB
time 2.177254 s, REAL_BD 22.046119 GB/s, SIZE 2097152.000000 KB, comm_vol 50331648.000000 KB
[[0,5],[1,4],[2,7],[3,6],[4,1],[5,0],[6,3],[7,2]]
time 0.003303 s, REAL_BD 7.095822 GB/s, SIZE 1024.000000 KB, comm_vol 24576.000000 KB
time 0.057950 s, REAL_BD 51.768766 GB/s, SIZE 131072.000000 KB, comm_vol 3145728.000000 KB
time 0.229787 s, REAL_BD 52.222275 GB/s, SIZE 524288.000000 KB, comm_vol 12582912.000000 KB
time 2.169434 s, REAL_BD 22.125587 GB/s, SIZE 2097152.000000 KB, comm_vol 50331648.000000 KB
[[0,6],[1,7],[2,4],[3,5],[4,2],[5,3],[6,0],[7,1]]
time 0.003317 s, REAL_BD 7.065873 GB/s, SIZE 1024.000000 KB, comm_vol 24576.000000 KB
time 0.056527 s, REAL_BD 53.071983 GB/s, SIZE 131072.000000 KB, comm_vol 3145728.000000 KB
time 0.223804 s, REAL_BD 53.618345 GB/s, SIZE 524288.000000 KB, comm_vol 12582912.000000 KB
time 2.196876 s, REAL_BD 21.849208 GB/s, SIZE 2097152.000000 KB, comm_vol 50331648.000000 KB
[[0,7],[1,6],[2,5],[3,4],[4,3],[5,2],[6,1],[7,0]]
time 0.003317 s, REAL_BD 7.065873 GB/s, SIZE 1024.000000 KB, comm_vol 24576.000000 KB
time 0.056816 s, REAL_BD 52.802028 GB/s, SIZE 131072.000000 KB, comm_vol 3145728.000000 KB
time 0.225850 s, REAL_BD 53.132610 GB/s, SIZE 524288.000000 KB, comm_vol 12582912.000000 KB
time 2.179964 s, REAL_BD 22.018712 GB/s, SIZE 2097152.000000 KB, comm_vol 50331648.000000 KB
