Infiniband device 'mlx5_0' port 1 status:
	default gid:	 fe80:0000:0000:0000:1070:fd03:00b3:2ad6
	base lid:	 0x29f
	sm lid:		 0xa
	state:		 4: ACTIVE
	phys state:	 5: LinkUp
	rate:		 200 Gb/sec (4X HDR)
	link_layer:	 InfiniBand

Infiniband device 'mlx5_1' port 1 status:
	default gid:	 fe80:0000:0000:0000:1070:fd03:00b3:2282
	base lid:	 0xffff
	sm lid:		 0x0
	state:		 1: DOWN
	phys state:	 3: Disabled
	rate:		 10 Gb/sec (4X SDR)
	link_layer:	 InfiniBand

Infiniband device 'mlx5_2' port 1 status:
	default gid:	 fe80:0000:0000:0000:1070:fd03:00b3:2b02
	base lid:	 0x29e
	sm lid:		 0xa
	state:		 4: ACTIVE
	phys state:	 5: LinkUp
	rate:		 200 Gb/sec (4X HDR)
	link_layer:	 InfiniBand

Infiniband device 'mlx5_3' port 1 status:
	default gid:	 fe80:0000:0000:0000:1070:fd03:00b3:2a42
	base lid:	 0xffff
	sm lid:		 0x0
	state:		 1: DOWN
	phys state:	 3: Disabled
	rate:		 10 Gb/sec (4X SDR)
	link_layer:	 InfiniBand

Infiniband device 'mlx5_4' port 1 status:
	default gid:	 fe80:0000:0000:0000:1070:fd03:00b3:2aca
	base lid:	 0x2a1
	sm lid:		 0xa
	state:		 4: ACTIVE
	phys state:	 5: LinkUp
	rate:		 200 Gb/sec (4X HDR)
	link_layer:	 InfiniBand

Infiniband device 'mlx5_5' port 1 status:
	default gid:	 fe80:0000:0000:0000:1070:fd03:00b3:21c2
	base lid:	 0xffff
	sm lid:		 0x0
	state:		 1: DOWN
	phys state:	 3: Disabled
	rate:		 10 Gb/sec (4X SDR)
	link_layer:	 InfiniBand

Infiniband device 'mlx5_6' port 1 status:
	default gid:	 fe80:0000:0000:0000:1070:fd03:00b3:21ca
	base lid:	 0x2a0
	sm lid:		 0xa
	state:		 4: ACTIVE
	phys state:	 5: LinkUp
	rate:		 200 Gb/sec (4X HDR)
	link_layer:	 InfiniBand

Infiniband device 'mlx5_7' port 1 status:
	default gid:	 fe80:0000:0000:0000:1070:fd03:00b3:2a72
	base lid:	 0xffff
	sm lid:		 0x0
	state:		 1: DOWN
	phys state:	 3: Disabled
	rate:		 10 Gb/sec (4X SDR)
	link_layer:	 InfiniBand

