Infiniband device 'mlx5_0' port 1 status:
	default gid:	 fe80:0000:0000:0000:e8eb:d303:00e3:f69a
	base lid:	 0x2b9
	sm lid:		 0xa
	state:		 4: ACTIVE
	phys state:	 5: LinkUp
	rate:		 200 Gb/sec (4X HDR)
	link_layer:	 InfiniBand

Infiniband device 'mlx5_1' port 1 status:
	default gid:	 fe80:0000:0000:0000:1070:fd03:0067:ef08
	base lid:	 0x2ae
	sm lid:		 0xa
	state:		 4: ACTIVE
	phys state:	 5: LinkUp
	rate:		 200 Gb/sec (4X HDR)
	link_layer:	 InfiniBand

Infiniband device 'mlx5_2' port 1 status:
	default gid:	 fe80:0000:0000:0000:1070:fd03:0067:ef38
	base lid:	 0x2b4
	sm lid:		 0xa
	state:		 4: ACTIVE
	phys state:	 5: LinkUp
	rate:		 200 Gb/sec (4X HDR)
	link_layer:	 InfiniBand

Infiniband device 'mlx5_3' port 1 status:
	default gid:	 fe80:0000:0000:0000:e8eb:d303:00df:32b6
	base lid:	 0x2bb
	sm lid:		 0xa
	state:		 4: ACTIVE
	phys state:	 5: LinkUp
	rate:		 200 Gb/sec (4X HDR)
	link_layer:	 InfiniBand

