[[0, 1], [1, 2], [2, 3], [3, 4], [4, 5], [5, 6], [6, 7], [7, 0]]
NCCL version 2.21.5+cuda11.8
SIZE 8192, REAL_BD 1.452 GB/s, BD/PAIR 181.49 MB/s, time 0.0045 s, comm_vol 6.554 MB
SIZE 16384, REAL_BD 4.469 GB/s, BD/PAIR 558.604 MB/s, time 0.0029 s, comm_vol 13.107 MB
SIZE 24576, REAL_BD 8.903 GB/s, BD/PAIR 1.113 GB/s, time 0.0022 s, comm_vol 19.661 MB
SIZE 32768, REAL_BD 11.865 GB/s, BD/PAIR 1.483 GB/s, time 0.0022 s, comm_vol 26.214 MB
SIZE 40960, REAL_BD 17.62 GB/s, BD/PAIR 2.203 GB/s, time 0.0019 s, comm_vol 32.768 MB
SIZE 49152, REAL_BD 20.686 GB/s, BD/PAIR 2.586 GB/s, time 0.0019 s, comm_vol 39.322 MB
SIZE 57344, REAL_BD 24.218 GB/s, BD/PAIR 3.027 GB/s, time 0.0019 s, comm_vol 45.875 MB
SIZE 65536, REAL_BD 26.949 GB/s, BD/PAIR 3.369 GB/s, time 0.0019 s, comm_vol 52.429 MB
SIZE 81920, REAL_BD 27.715 GB/s, BD/PAIR 3.464 GB/s, time 0.0024 s, comm_vol 65.536 MB
SIZE 98304, REAL_BD 38.93 GB/s, BD/PAIR 4.866 GB/s, time 0.002 s, comm_vol 78.643 MB
SIZE 114688, REAL_BD 43.186 GB/s, BD/PAIR 5.398 GB/s, time 0.0021 s, comm_vol 91.75 MB
SIZE 131072, REAL_BD 48.576 GB/s, BD/PAIR 6.072 GB/s, time 0.0022 s, comm_vol 104.858 MB
SIZE 163840, REAL_BD 63.6 GB/s, BD/PAIR 7.95 GB/s, time 0.0021 s, comm_vol 131.072 MB
SIZE 196608, REAL_BD 70.913 GB/s, BD/PAIR 8.864 GB/s, time 0.0022 s, comm_vol 157.286 MB
SIZE 229376, REAL_BD 87.411 GB/s, BD/PAIR 10.926 GB/s, time 0.0021 s, comm_vol 183.501 MB
SIZE 262144, REAL_BD 97.184 GB/s, BD/PAIR 12.148 GB/s, time 0.0022 s, comm_vol 209.715 MB
SIZE 327680, REAL_BD 121.092 GB/s, BD/PAIR 15.136 GB/s, time 0.0022 s, comm_vol 262.144 MB
SIZE 393216, REAL_BD 146.001 GB/s, BD/PAIR 18.25 GB/s, time 0.0022 s, comm_vol 314.573 MB
SIZE 458752, REAL_BD 168.25 GB/s, BD/PAIR 21.031 GB/s, time 0.0022 s, comm_vol 367.002 MB
SIZE 524288, REAL_BD 187.951 GB/s, BD/PAIR 23.494 GB/s, time 0.0022 s, comm_vol 419.43 MB
SIZE 655360, REAL_BD 233.293 GB/s, BD/PAIR 29.162 GB/s, time 0.0022 s, comm_vol 524.288 MB
SIZE 786432, REAL_BD 273.171 GB/s, BD/PAIR 34.146 GB/s, time 0.0023 s, comm_vol 629.146 MB
SIZE 917504, REAL_BD 300.032 GB/s, BD/PAIR 37.504 GB/s, time 0.0024 s, comm_vol 734.003 MB
SIZE 1048576, REAL_BD 348.291 GB/s, BD/PAIR 43.536 GB/s, time 0.0024 s, comm_vol 838.861 MB
SIZE 1310720, REAL_BD 397.258 GB/s, BD/PAIR 49.657 GB/s, time 0.0026 s, comm_vol 1.049 GB
SIZE 1572864, REAL_BD 469.835 GB/s, BD/PAIR 58.729 GB/s, time 0.0027 s, comm_vol 1.258 GB
SIZE 1835008, REAL_BD 524.737 GB/s, BD/PAIR 65.592 GB/s, time 0.0028 s, comm_vol 1.468 GB
SIZE 2097152, REAL_BD 571.732 GB/s, BD/PAIR 71.466 GB/s, time 0.0029 s, comm_vol 1.678 GB
SIZE 2621440, REAL_BD 681.656 GB/s, BD/PAIR 85.207 GB/s, time 0.0031 s, comm_vol 2.097 GB
SIZE 3145728, REAL_BD 522.514 GB/s, BD/PAIR 65.314 GB/s, time 0.0048 s, comm_vol 2.517 GB
SIZE 3670016, REAL_BD 841.559 GB/s, BD/PAIR 105.195 GB/s, time 0.0035 s, comm_vol 2.936 GB
SIZE 4194304, REAL_BD 888.102 GB/s, BD/PAIR 111.013 GB/s, time 0.0038 s, comm_vol 3.355 GB
SIZE 5242880, REAL_BD 981.323 GB/s, BD/PAIR 122.665 GB/s, time 0.0043 s, comm_vol 4.194 GB
SIZE 6291456, REAL_BD 1.05 TB/s, BD/PAIR 131.213 GB/s, time 0.0048 s, comm_vol 5.033 GB
SIZE 7340032, REAL_BD 1.112 TB/s, BD/PAIR 139.053 GB/s, time 0.0053 s, comm_vol 5.872 GB
SIZE 8388608, REAL_BD 1.155 TB/s, BD/PAIR 144.399 GB/s, time 0.0058 s, comm_vol 6.711 GB
SIZE 10485760, REAL_BD 1.177 TB/s, BD/PAIR 147.072 GB/s, time 0.0071 s, comm_vol 8.389 GB
SIZE 12582912, REAL_BD 1.249 TB/s, BD/PAIR 156.084 GB/s, time 0.0081 s, comm_vol 10.066 GB
SIZE 14680064, REAL_BD 1.3 TB/s, BD/PAIR 162.478 GB/s, time 0.009 s, comm_vol 11.744 GB
SIZE 16777216, REAL_BD 1.349 TB/s, BD/PAIR 168.58 GB/s, time 0.01 s, comm_vol 13.422 GB
SIZE 20971520, REAL_BD 1.381 TB/s, BD/PAIR 172.594 GB/s, time 0.0122 s, comm_vol 16.777 GB
SIZE 25165824, REAL_BD 1.43 TB/s, BD/PAIR 178.74 GB/s, time 0.0141 s, comm_vol 20.133 GB
SIZE 29360128, REAL_BD 1.45 TB/s, BD/PAIR 181.307 GB/s, time 0.0162 s, comm_vol 23.488 GB
SIZE 33554432, REAL_BD 1.482 TB/s, BD/PAIR 185.252 GB/s, time 0.0181 s, comm_vol 26.844 GB
SIZE 41943040, REAL_BD 1.521 TB/s, BD/PAIR 190.089 GB/s, time 0.0221 s, comm_vol 33.554 GB
SIZE 50331648, REAL_BD 1.535 TB/s, BD/PAIR 191.892 GB/s, time 0.0262 s, comm_vol 40.265 GB
SIZE 58720256, REAL_BD 1.557 TB/s, BD/PAIR 194.65 GB/s, time 0.0302 s, comm_vol 46.976 GB
SIZE 67108864, REAL_BD 1.589 TB/s, BD/PAIR 198.605 GB/s, time 0.0338 s, comm_vol 53.687 GB
SIZE 83886080, REAL_BD 1.616 TB/s, BD/PAIR 201.993 GB/s, time 0.0415 s, comm_vol 67.109 GB
SIZE 100663296, REAL_BD 1.637 TB/s, BD/PAIR 204.586 GB/s, time 0.0492 s, comm_vol 80.531 GB
SIZE 117440512, REAL_BD 1.647 TB/s, BD/PAIR 205.903 GB/s, time 0.057 s, comm_vol 93.952 GB
SIZE 134217728, REAL_BD 1.671 TB/s, BD/PAIR 208.936 GB/s, time 0.0642 s, comm_vol 107.374 GB
SIZE 167772160, REAL_BD 1.649 TB/s, BD/PAIR 206.161 GB/s, time 0.0814 s, comm_vol 134.218 GB
SIZE 201326592, REAL_BD 1.665 TB/s, BD/PAIR 208.182 GB/s, time 0.0967 s, comm_vol 161.061 GB
SIZE 234881024, REAL_BD 1.681 TB/s, BD/PAIR 210.069 GB/s, time 0.1118 s, comm_vol 187.905 GB
SIZE 268435456, REAL_BD 1.707 TB/s, BD/PAIR 213.329 GB/s, time 0.1258 s, comm_vol 214.748 GB
SIZE 335544320, REAL_BD 1.766 TB/s, BD/PAIR 220.744 GB/s, time 0.152 s, comm_vol 268.435 GB
SIZE 402653184, REAL_BD 1.774 TB/s, BD/PAIR 221.777 GB/s, time 0.1816 s, comm_vol 322.123 GB
SIZE 469762048, REAL_BD 1.766 TB/s, BD/PAIR 220.733 GB/s, time 0.2128 s, comm_vol 375.81 GB
SIZE 536870912, REAL_BD 1.781 TB/s, BD/PAIR 222.621 GB/s, time 0.2412 s, comm_vol 429.497 GB
SIZE 671088640, REAL_BD 1.777 TB/s, BD/PAIR 222.139 GB/s, time 0.3021 s, comm_vol 536.871 GB
SIZE 805306368, REAL_BD 1.735 TB/s, BD/PAIR 216.935 GB/s, time 0.3712 s, comm_vol 644.245 GB
SIZE 939524096, REAL_BD 1.784 TB/s, BD/PAIR 222.969 GB/s, time 0.4214 s, comm_vol 751.619 GB
SIZE 1073741824, REAL_BD 1.714 TB/s, BD/PAIR 214.208 GB/s, time 0.5013 s, comm_vol 858.993 GB
+ set +x
