BACKEND: NCCL
CP_FILE_NAME: small
NNODES: 2
NGPU_PER_NODE: 8
+++ which mpirun
++ dirname /public/home/qinghuatest/yhy/.local/openmpi/bin/mpirun
+ mpirun --prefix /public/home/qinghuatest/yhy/.local/openmpi/bin/../ -x LD_LIBRARY_PATH -x NCCL_DEBUG=WARN -x NCCL_NET_GDR_LEVEL=5 -x NCCL_DEBUG_SUBSYS=NET -x NCCL_IB_DISABLE=0 -np 8 --host gpu1:8 ./csrc/build/conflict_allinone 8 NCCL ./scripts/configs/small_8.json
--------------------------------------------------------------------------
WARNING: There was an error initializing an OpenFabrics device.

  Local host:   gpu1
  Local device: mlx5_2
--------------------------------------------------------------------------
NCCL version 2.18.5+cuda11.8
[gpu1:37506] 7 more processes have sent help message help-mpi-btl-openib.txt / error in device init
[gpu1:37506] Set MCA parameter "orte_base_help_aggregate" to 0 to see all help / error messages
[[0,1]]
time 8.362996 s, REAL_BD 5.978719 GB/s, SIZE 524288.000000 KB, comm_vol 52428800.000000 KB
time 13.286998 s, REAL_BD 15.052309 GB/s, SIZE 2097152.000000 KB, comm_vol 209715200.000000 KB
[[0,1],[1,0]]
time 8.272112 s, REAL_BD 12.088811 GB/s, SIZE 524288.000000 KB, comm_vol 104857600.000000 KB
time 13.785093 s, REAL_BD 29.016852 GB/s, SIZE 2097152.000000 KB, comm_vol 419430400.000000 KB
[[0,2]]
time 8.287769 s, REAL_BD 6.032987 GB/s, SIZE 524288.000000 KB, comm_vol 52428800.000000 KB
time 13.586999 s, REAL_BD 14.719954 GB/s, SIZE 2097152.000000 KB, comm_vol 209715200.000000 KB
[[0,2],[2,0]]
time 8.793996 s, REAL_BD 11.371395 GB/s, SIZE 524288.000000 KB, comm_vol 104857600.000000 KB
time 13.870811 s, REAL_BD 28.837535 GB/s, SIZE 2097152.000000 KB, comm_vol 419430400.000000 KB
[[0,4]]
time 8.456997 s, REAL_BD 5.912264 GB/s, SIZE 524288.000000 KB, comm_vol 52428800.000000 KB
time 13.381001 s, REAL_BD 14.946565 GB/s, SIZE 2097152.000000 KB, comm_vol 209715200.000000 KB
[[4,6]]
NCCL version 2.18.5+cuda11.8
time 8.473999 s, REAL_BD 5.900402 GB/s, SIZE 524288.000000 KB, comm_vol 52428800.000000 KB
time 13.649710 s, REAL_BD 14.652326 GB/s, SIZE 2097152.000000 KB, comm_vol 209715200.000000 KB
+ set +x
BACKEND: MPI
CP_FILE_NAME: small
NNODES: 2
NGPU_PER_NODE: 8
+++ which mpirun
++ dirname /public/home/qinghuatest/yhy/.local/openmpi/bin/mpirun
+ mpirun --prefix /public/home/qinghuatest/yhy/.local/openmpi/bin/../ -x LD_LIBRARY_PATH -x NCCL_DEBUG=WARN -x NCCL_NET_GDR_LEVEL=5 -x NCCL_DEBUG_SUBSYS=NET -x NCCL_IB_DISABLE=0 -np 8 --host gpu1:8 ./csrc/build/conflict_allinone 8 MPI ./scripts/configs/small_8.json
--------------------------------------------------------------------------
WARNING: There was an error initializing an OpenFabrics device.

  Local host:   gpu1
  Local device: mlx5_2
--------------------------------------------------------------------------
[[0,1]]
NCCL version 2.18.5+cuda11.8
[gpu1:44638] 7 more processes have sent help message help-mpi-btl-openib.txt / error in device init
[gpu1:44638] Set MCA parameter "orte_base_help_aggregate" to 0 to see all help / error messages
time 10.559758 s, REAL_BD 4.734957 GB/s, SIZE 524288.000000 KB, comm_vol 52428800.000000 KB
time 16.426996 s, REAL_BD 12.175081 GB/s, SIZE 2097152.000000 KB, comm_vol 209715200.000000 KB
[[0,1],[1,0]]
time 10.780598 s, REAL_BD 9.275923 GB/s, SIZE 524288.000000 KB, comm_vol 104857600.000000 KB
time 16.755799 s, REAL_BD 23.872332 GB/s, SIZE 2097152.000000 KB, comm_vol 419430400.000000 KB
[[0,2]]
time 10.352996 s, REAL_BD 4.829520 GB/s, SIZE 524288.000000 KB, comm_vol 52428800.000000 KB
time 16.467998 s, REAL_BD 12.144767 GB/s, SIZE 2097152.000000 KB, comm_vol 209715200.000000 KB
[[0,2],[2,0]]
time 11.106724 s, REAL_BD 9.003555 GB/s, SIZE 524288.000000 KB, comm_vol 104857600.000000 KB
time 16.901991 s, REAL_BD 23.665851 GB/s, SIZE 2097152.000000 KB, comm_vol 419430400.000000 KB
[[0,4]]
time 10.237337 s, REAL_BD 4.884083 GB/s, SIZE 524288.000000 KB, comm_vol 52428800.000000 KB
time 19.712162 s, REAL_BD 10.146021 GB/s, SIZE 2097152.000000 KB, comm_vol 209715200.000000 KB
[[4,6]]
NCCL version 2.18.5+cuda11.8
time 10.052002 s, REAL_BD 4.974134 GB/s, SIZE 524288.000000 KB, comm_vol 52428800.000000 KB
time 16.464529 s, REAL_BD 12.147326 GB/s, SIZE 2097152.000000 KB, comm_vol 209715200.000000 KB
+ set +x
