HOST: gpu21
CP_FILE_NAME: small
HOST: gpu21
CUDA_VISIBLE_DEVICES: 
GPU_NUM: 8
PROC_NUM: 8
NNODES: 1
NTASK_PER_NODE: 8
+ srun -p Nvidia_A800 -N 1 --ntasks-per-node 8 --gres=gpu:8 --mem 256G -K -w gpu21 ./scripts/executor.sh python conflict_bench.py --backend NCCL --config ./scripts/configs/small_8.json
srun: job 116345 queued and waiting for resources
srun: job 116345 has been allocated resources
[INFO]: Cluster init done !!!
[[0, 1]]
[W ProcessGroupNCCL.cpp:1856] Warning: 0NCCL_AVOID_RECORD_STREAMS=1 has no effect for point-to-point collectives. (function operator())
[W ProcessGroupNCCL.cpp:1856] Warning: 0NCCL_AVOID_RECORD_STREAMS=1 has no effect for point-to-point collectives. (function operator())
SIZE 16 MB, REAL_BD 22.349 GB/s, time 0.015 s, comm_vol 335.544 MB
SIZE 64 MB, REAL_BD 22.869 GB/s, time 0.0587 s, comm_vol 1.342 GB
SIZE 256 MB, REAL_BD 22.947 GB/s, time 0.234 s, comm_vol 5.369 GB
SIZE 1 GB, REAL_BD 22.993 GB/s, time 0.934 s, comm_vol 21.475 GB
[[0, 1], [1, 0]]
[W ProcessGroupNCCL.cpp:1856] Warning: 0NCCL_AVOID_RECORD_STREAMS=1 has no effect for point-to-point collectives. (function operator())
[W ProcessGroupNCCL.cpp:1856] Warning: 0NCCL_AVOID_RECORD_STREAMS=1 has no effect for point-to-point collectives. (function operator())
SIZE 16 MB, REAL_BD 43.432 GB/s, time 0.0155 s, comm_vol 671.089 MB
SIZE 64 MB, REAL_BD 44.834 GB/s, time 0.0599 s, comm_vol 2.684 GB
SIZE 256 MB, REAL_BD 45.317 GB/s, time 0.2369 s, comm_vol 10.737 GB
SIZE 1 GB, REAL_BD 45.34 GB/s, time 0.9473 s, comm_vol 42.95 GB
[[0, 2]]
[W ProcessGroupNCCL.cpp:1856] Warning: 0NCCL_AVOID_RECORD_STREAMS=1 has no effect for point-to-point collectives. (function operator())
SIZE 16 MB, REAL_BD 22.518 GB/s, time 0.0149 s, comm_vol 335.544 MB
SIZE 64 MB, REAL_BD 22.969 GB/s, time 0.0584 s, comm_vol 1.342 GB
SIZE 256 MB, REAL_BD 23.012 GB/s, time 0.2333 s, comm_vol 5.369 GB
SIZE 1 GB, REAL_BD 23.054 GB/s, time 0.9315 s, comm_vol 21.475 GB
[[0, 2], [2, 0]]
[W ProcessGroupNCCL.cpp:1856] Warning: 0NCCL_AVOID_RECORD_STREAMS=1 has no effect for point-to-point collectives. (function operator())
SIZE 16 MB, REAL_BD 43.379 GB/s, time 0.0155 s, comm_vol 671.089 MB
SIZE 64 MB, REAL_BD 44.872 GB/s, time 0.0598 s, comm_vol 2.684 GB
SIZE 256 MB, REAL_BD 45.136 GB/s, time 0.2379 s, comm_vol 10.737 GB
SIZE 1 GB, REAL_BD 45.237 GB/s, time 0.9494 s, comm_vol 42.95 GB
[[0, 4]]
[W ProcessGroupNCCL.cpp:1856] Warning: 0NCCL_AVOID_RECORD_STREAMS=1 has no effect for point-to-point collectives. (function operator())
SIZE 16 MB, REAL_BD 22.107 GB/s, time 0.0152 s, comm_vol 335.544 MB
SIZE 64 MB, REAL_BD 22.698 GB/s, time 0.0591 s, comm_vol 1.342 GB
SIZE 256 MB, REAL_BD 22.823 GB/s, time 0.2352 s, comm_vol 5.369 GB
SIZE 1 GB, REAL_BD 23.315 GB/s, time 0.9211 s, comm_vol 21.475 GB
[[4, 6]]
[W ProcessGroupNCCL.cpp:1856] Warning: 0NCCL_AVOID_RECORD_STREAMS=1 has no effect for point-to-point collectives. (function operator())
[W ProcessGroupNCCL.cpp:1856] Warning: 0NCCL_AVOID_RECORD_STREAMS=1 has no effect for point-to-point collectives. (function operator())
SIZE 16 MB, REAL_BD 22.638 GB/s, time 0.0148 s, comm_vol 335.544 MB
SIZE 64 MB, REAL_BD 23.125 GB/s, time 0.058 s, comm_vol 1.342 GB
SIZE 256 MB, REAL_BD 23.245 GB/s, time 0.231 s, comm_vol 5.369 GB
SIZE 1 GB, REAL_BD 23.301 GB/s, time 0.9216 s, comm_vol 21.475 GB
