PARTITION: Nvidia_A800
HOST: gpu21
GPU_NUM: 2
+ srun -p Nvidia_A800 -N 1 --ntasks-per-node 2 --gres=gpu:2 --mem 256G -K -w gpu21 ./scripts/executor.sh python coll_comm_bench.py --output ./prof_data/coll_comm_bench_2_gpu21.json
srun: job 116387 queued and waiting for resources
srun: job 116387 has been allocated resources
[INFO]: Cluster init done !!!
COLL_COMM: allgather
msg_size: 16 MB, t_d: 0.0052 s, t_d/r: 0.001, tput: 32.403 GB/s, busbw: 16.201 GB/s
msg_size: 64 MB, t_d: 0.0184 s, t_d/r: 0.0037, tput: 36.536 GB/s, busbw: 18.268 GB/s
msg_size: 256 MB, t_d: 0.0684 s, t_d/r: 0.0137, tput: 39.226 GB/s, busbw: 19.613 GB/s
msg_size: 1 GB, t_d: 0.2789 s, t_d/r: 0.0558, tput: 38.498 GB/s, busbw: 19.249 GB/s
COLL_COMM: reducescatter
msg_size: 16 MB, t_d: 0.0055 s, t_d/r: 0.0011, tput: 30.232 GB/s, busbw: 15.116 GB/s
msg_size: 64 MB, t_d: 0.0197 s, t_d/r: 0.0039, tput: 34.146 GB/s, busbw: 17.073 GB/s
msg_size: 256 MB, t_d: 0.0705 s, t_d/r: 0.0141, tput: 38.088 GB/s, busbw: 19.044 GB/s
msg_size: 1 GB, t_d: 0.2772 s, t_d/r: 0.0554, tput: 38.737 GB/s, busbw: 19.368 GB/s
COLL_COMM: allreduce
msg_size: 16 MB, t_d: 0.0085 s, t_d/r: 0.0017, tput: 39.354 GB/s, busbw: 19.677 GB/s
msg_size: 64 MB, t_d: 0.0316 s, t_d/r: 0.0063, tput: 42.469 GB/s, busbw: 21.234 GB/s
msg_size: 256 MB, t_d: 0.1242 s, t_d/r: 0.0248, tput: 43.212 GB/s, busbw: 21.606 GB/s
msg_size: 1 GB, t_d: 0.4903 s, t_d/r: 0.0981, tput: 43.803 GB/s, busbw: 21.902 GB/s
+ set +x
GPU_NUM: 4
+ srun -p Nvidia_A800 -N 1 --ntasks-per-node 4 --gres=gpu:4 --mem 256G -K -w gpu21 ./scripts/executor.sh python coll_comm_bench.py --output ./prof_data/coll_comm_bench_4_gpu21.json
srun: job 116388 queued and waiting for resources
srun: job 116388 has been allocated resources
[INFO]: Cluster init done !!!
COLL_COMM: allgather
msg_size: 16 MB, t_d: 0.0132 s, t_d/r: 0.0026, tput: 25.404 GB/s, busbw: 19.053 GB/s
msg_size: 64 MB, t_d: 0.0494 s, t_d/r: 0.0099, tput: 27.194 GB/s, busbw: 20.396 GB/s
msg_size: 256 MB, t_d: 0.1936 s, t_d/r: 0.0387, tput: 27.727 GB/s, busbw: 20.795 GB/s
msg_size: 1 GB, t_d: 0.7675 s, t_d/r: 0.1535, tput: 27.981 GB/s, busbw: 20.986 GB/s
COLL_COMM: reducescatter
msg_size: 16 MB, t_d: 0.0133 s, t_d/r: 0.0027, tput: 25.246 GB/s, busbw: 18.935 GB/s
msg_size: 64 MB, t_d: 0.05 s, t_d/r: 0.01, tput: 26.827 GB/s, busbw: 20.12 GB/s
msg_size: 256 MB, t_d: 0.197 s, t_d/r: 0.0394, tput: 27.256 GB/s, busbw: 20.442 GB/s
msg_size: 1 GB, t_d: 0.7781 s, t_d/r: 0.1556, tput: 27.599 GB/s, busbw: 20.699 GB/s
COLL_COMM: allreduce
msg_size: 16 MB, t_d: 0.0238 s, t_d/r: 0.0048, tput: 28.228 GB/s, busbw: 21.171 GB/s
msg_size: 64 MB, t_d: 0.0924 s, t_d/r: 0.0185, tput: 29.05 GB/s, busbw: 21.787 GB/s
msg_size: 256 MB, t_d: 0.3675 s, t_d/r: 0.0735, tput: 29.218 GB/s, busbw: 21.913 GB/s
msg_size: 1 GB, t_d: 1.4564 s, t_d/r: 0.2913, tput: 29.491 GB/s, busbw: 22.118 GB/s
+ set +x
GPU_NUM: 8
+ srun -p Nvidia_A800 -N 1 --ntasks-per-node 8 --gres=gpu:8 --mem 256G -K -w gpu21 ./scripts/executor.sh python coll_comm_bench.py --output ./prof_data/coll_comm_bench_8_gpu21.json
srun: job 116389 queued and waiting for resources
srun: job 116389 has been allocated resources
[INFO]: Cluster init done !!!
COLL_COMM: allgather
msg_size: 16 MB, t_d: 0.0388 s, t_d/r: 0.0078, tput: 17.315 GB/s, busbw: 15.15 GB/s
msg_size: 64 MB, t_d: 0.1515 s, t_d/r: 0.0303, tput: 17.719 GB/s, busbw: 15.504 GB/s
msg_size: 256 MB, t_d: 0.6034 s, t_d/r: 0.1207, tput: 17.796 GB/s, busbw: 15.572 GB/s
msg_size: 1 GB, t_d: 2.4151 s, t_d/r: 0.483, tput: 17.783 GB/s, busbw: 15.561 GB/s
COLL_COMM: reducescatter
msg_size: 16 MB, t_d: 0.055 s, t_d/r: 0.011, tput: 12.205 GB/s, busbw: 10.68 GB/s
msg_size: 64 MB, t_d: 0.2153 s, t_d/r: 0.0431, tput: 12.468 GB/s, busbw: 10.909 GB/s
msg_size: 256 MB, t_d: 0.8603 s, t_d/r: 0.1721, tput: 12.48 GB/s, busbw: 10.92 GB/s
msg_size: 1 GB, t_d: 3.4386 s, t_d/r: 0.6877, tput: 12.491 GB/s, busbw: 10.929 GB/s
COLL_COMM: allreduce
msg_size: 16 MB, t_d: 0.0864 s, t_d/r: 0.0173, tput: 15.531 GB/s, busbw: 13.589 GB/s
msg_size: 64 MB, t_d: 0.3456 s, t_d/r: 0.0691, tput: 15.534 GB/s, busbw: 13.593 GB/s
msg_size: 256 MB, t_d: 1.3732 s, t_d/r: 0.2746, tput: 15.638 GB/s, busbw: 13.684 GB/s
msg_size: 1 GB, t_d: 5.5104 s, t_d/r: 1.1021, tput: 15.589 GB/s, busbw: 13.64 GB/s
+ set +x
