Infiniband device 'mlx5_0' port 1 status:
	default gid:	 fe80:0000:0000:0000:eaeb:d3ff:fe02:2974
	base lid:	 0x0
	sm lid:		 0x0
	state:		 1: DOWN
	phys state:	 3: Disabled
	rate:		 40 Gb/sec (4X QDR)
	link_layer:	 Ethernet

Infiniband device 'mlx5_1' port 1 status:
	default gid:	 fe80:0000:0000:0000:eaeb:d3ff:fe02:2975
	base lid:	 0x0
	sm lid:		 0x0
	state:		 4: ACTIVE
	phys state:	 5: LinkUp
	rate:		 25 Gb/sec (1X EDR)
	link_layer:	 Ethernet

Infiniband device 'mlx5_2' port 1 status:
	default gid:	 fe80:0000:0000:0000:e8eb:d303:0008:4202
	base lid:	 0x14
	sm lid:		 0x1
	state:		 4: ACTIVE
	phys state:	 5: LinkUp
	rate:		 200 Gb/sec (4X HDR)
	link_layer:	 InfiniBand

