-+-[0000:ff]-+-00.0  Intel Corporation Device 344c
 |           +-00.1  Intel Corporation Device 344c
 |           +-00.2  Intel Corporation Device 344c
 |           +-00.3  Intel Corporation Device 344c
 |           +-00.4  Intel Corporation Device 344c
 |           +-00.5  Intel Corporation Device 344c
 |           +-00.6  Intel Corporation Device 344c
 |           +-00.7  Intel Corporation Device 344c
 |           +-01.0  Intel Corporation Device 344c
 |           +-01.1  Intel Corporation Device 344c
 |           +-01.2  Intel Corporation Device 344c
 |           +-01.3  Intel Corporation Device 344c
 |           +-01.4  Intel Corporation Device 344c
 |           +-01.5  Intel Corporation Device 344c
 |           +-01.6  Intel Corporation Device 344c
 |           +-01.7  Intel Corporation Device 344c
 |           +-02.0  Intel Corporation Device 344c
 |           +-02.1  Intel Corporation Device 344c
 |           +-02.2  Intel Corporation Device 344c
 |           +-02.3  Intel Corporation Device 344c
 |           +-02.4  Intel Corporation Device 344c
 |           +-02.5  Intel Corporation Device 344c
 |           +-02.6  Intel Corporation Device 344c
 |           +-02.7  Intel Corporation Device 344c
 |           +-03.0  Intel Corporation Device 344c
 |           +-03.1  Intel Corporation Device 344c
 |           +-03.2  Intel Corporation Device 344c
 |           +-03.3  Intel Corporation Device 344c
 |           +-03.4  Intel Corporation Device 344c
 |           +-03.5  Intel Corporation Device 344c
 |           +-03.6  Intel Corporation Device 344c
 |           +-03.7  Intel Corporation Device 344c
 |           +-04.0  Intel Corporation Device 344c
 |           +-04.1  Intel Corporation Device 344c
 |           +-04.2  Intel Corporation Device 344c
 |           +-04.3  Intel Corporation Device 344c
 |           +-04.4  Intel Corporation Device 344c
 |           +-04.5  Intel Corporation Device 344c
 |           +-04.6  Intel Corporation Device 344c
 |           +-04.7  Intel Corporation Device 344c
 |           +-0a.0  Intel Corporation Device 344d
 |           +-0a.1  Intel Corporation Device 344d
 |           +-0a.2  Intel Corporation Device 344d
 |           +-0a.3  Intel Corporation Device 344d
 |           +-0a.4  Intel Corporation Device 344d
 |           +-0a.5  Intel Corporation Device 344d
 |           +-0a.6  Intel Corporation Device 344d
 |           +-0a.7  Intel Corporation Device 344d
 |           +-0b.0  Intel Corporation Device 344d
 |           +-0b.1  Intel Corporation Device 344d
 |           +-0b.2  Intel Corporation Device 344d
 |           +-0b.3  Intel Corporation Device 344d
 |           +-0b.4  Intel Corporation Device 344d
 |           +-0b.5  Intel Corporation Device 344d
 |           +-0b.6  Intel Corporation Device 344d
 |           +-0b.7  Intel Corporation Device 344d
 |           +-0c.0  Intel Corporation Device 344d
 |           +-0c.1  Intel Corporation Device 344d
 |           +-0c.2  Intel Corporation Device 344d
 |           +-0c.3  Intel Corporation Device 344d
 |           +-0c.4  Intel Corporation Device 344d
 |           +-0c.5  Intel Corporation Device 344d
 |           +-0c.6  Intel Corporation Device 344d
 |           +-0c.7  Intel Corporation Device 344d
 |           +-0d.0  Intel Corporation Device 344d
 |           +-0d.1  Intel Corporation Device 344d
 |           +-0d.2  Intel Corporation Device 344d
 |           +-0d.3  Intel Corporation Device 344d
 |           +-0d.4  Intel Corporation Device 344d
 |           +-0d.5  Intel Corporation Device 344d
 |           +-0d.6  Intel Corporation Device 344d
 |           +-0d.7  Intel Corporation Device 344d
 |           +-0e.0  Intel Corporation Device 344d
 |           +-0e.1  Intel Corporation Device 344d
 |           +-0e.2  Intel Corporation Device 344d
 |           +-0e.3  Intel Corporation Device 344d
 |           +-0e.4  Intel Corporation Device 344d
 |           +-0e.5  Intel Corporation Device 344d
 |           +-0e.6  Intel Corporation Device 344d
 |           +-0e.7  Intel Corporation Device 344d
 |           +-1d.0  Intel Corporation Device 344f
 |           +-1d.1  Intel Corporation Device 3457
 |           +-1e.0  Intel Corporation Device 3458
 |           +-1e.1  Intel Corporation Device 3459
 |           +-1e.2  Intel Corporation Device 345a
 |           +-1e.3  Intel Corporation Device 345b
 |           +-1e.4  Intel Corporation Device 345c
 |           +-1e.5  Intel Corporation Device 345d
 |           +-1e.6  Intel Corporation Device 345e
 |           \-1e.7  Intel Corporation Device 345f
 +-[0000:fe]-+-00.0  Intel Corporation Device 3450
 |           +-00.1  Intel Corporation Device 3451
 |           +-00.2  Intel Corporation Device 3452
 |           +-00.3  Intel Corporation Device 0998
 |           +-00.5  Intel Corporation Device 3455
 |           +-02.0  Intel Corporation Device 3440
 |           +-02.1  Intel Corporation Device 3441
 |           +-02.2  Intel Corporation Device 3442
 |           +-03.0  Intel Corporation Device 3440
 |           +-03.1  Intel Corporation Device 3441
 |           +-03.2  Intel Corporation Device 3442
 |           +-04.0  Intel Corporation Device 3440
 |           +-04.1  Intel Corporation Device 3441
 |           +-04.2  Intel Corporation Device 3442
 |           +-04.3  Intel Corporation Device 3443
 |           +-05.0  Intel Corporation Device 3445
 |           +-05.1  Intel Corporation Device 3446
 |           +-05.2  Intel Corporation Device 3447
 |           +-06.0  Intel Corporation Device 3445
 |           +-06.1  Intel Corporation Device 3446
 |           +-06.2  Intel Corporation Device 3447
 |           +-07.0  Intel Corporation Device 3445
 |           +-07.1  Intel Corporation Device 3446
 |           +-07.2  Intel Corporation Device 3447
 |           +-0b.0  Intel Corporation Device 3448
 |           +-0b.1  Intel Corporation Device 3448
 |           +-0b.2  Intel Corporation Device 344b
 |           +-0c.0  Intel Corporation Device 344a
 |           +-0d.0  Intel Corporation Device 344a
 |           +-0e.0  Intel Corporation Device 344a
 |           +-0f.0  Intel Corporation Device 344a
 |           +-1a.0  Intel Corporation Device 2880
 |           +-1b.0  Intel Corporation Device 2880
 |           +-1c.0  Intel Corporation Device 2880
 |           \-1d.0  Intel Corporation Device 2880
 +-[0000:e2]-+-00.0  Intel Corporation Device 09a2
 |           +-00.1  Intel Corporation Device 09a4
 |           +-00.2  Intel Corporation Device 09a3
 |           +-00.4  Intel Corporation Device 0998
 |           +-02.0-[e3]--
 |           +-03.0-[e4]--
 |           +-04.0-[e5]--
 |           \-05.0-[e6]--
 +-[0000:c9]-+-00.0  Intel Corporation Device 09a2
 |           +-00.1  Intel Corporation Device 09a4
 |           +-00.2  Intel Corporation Device 09a3
 |           +-00.4  Intel Corporation Device 0998
 |           +-02.0-[ca]--
 |           +-03.0-[cb]--
 |           +-04.0-[cc]--
 |           \-05.0-[cd]--
 +-[0000:b0]-+-00.0  Intel Corporation Device 09a2
 |           +-00.1  Intel Corporation Device 09a4
 |           +-00.2  Intel Corporation Device 09a3
 |           +-00.4  Intel Corporation Device 0998
 |           \-02.0-[b1]--+-00.0  Intel Corporation I350 Gigabit Network Connection
 |                        \-00.1  Intel Corporation I350 Gigabit Network Connection
 +-[0000:97]-+-00.0  Intel Corporation Device 09a2
 |           +-00.1  Intel Corporation Device 09a4
 |           +-00.2  Intel Corporation Device 09a3
 |           +-00.4  Intel Corporation Device 0998
 |           \-02.0-[98-a5]----00.0-[99-a5]--+-00.0-[9a-9d]----00.0-[9b-9d]--+-00.0-[9c]----00.0  NVIDIA Corporation Device 20f5
 |                                           |                               \-10.0-[9d]----00.0  NVIDIA Corporation Device 20f5
 |                                           +-04.0-[9e-a1]----00.0-[9f-a1]--+-00.0-[a0]----00.0  NVIDIA Corporation Device 20f5
 |                                           |                               \-10.0-[a1]--
 |                                           +-08.0-[a2-a4]----00.0-[a3-a4]----10.0-[a4]----00.0  NVIDIA Corporation Device 20f5
 |                                           \-1c.0-[a5]----00.0  Broadcom / LSI Device c010
 +-[0000:80]-+-00.0  Intel Corporation Device 09a2
 |           +-00.1  Intel Corporation Device 09a4
 |           +-00.2  Intel Corporation Device 09a3
 |           +-00.4  Intel Corporation Device 0998
 |           +-01.0  Intel Corporation Device 0b00
 |           +-01.1  Intel Corporation Device 0b00
 |           +-01.2  Intel Corporation Device 0b00
 |           +-01.3  Intel Corporation Device 0b00
 |           +-01.4  Intel Corporation Device 0b00
 |           +-01.5  Intel Corporation Device 0b00
 |           +-01.6  Intel Corporation Device 0b00
 |           +-01.7  Intel Corporation Device 0b00
 |           +-02.0  Intel Corporation Device 09a6
 |           +-02.1  Intel Corporation Device 09a7
 |           \-02.4  Intel Corporation Device 3456
 +-[0000:7f]-+-00.0  Intel Corporation Device 344c
 |           +-00.1  Intel Corporation Device 344c
 |           +-00.2  Intel Corporation Device 344c
 |           +-00.3  Intel Corporation Device 344c
 |           +-00.4  Intel Corporation Device 344c
 |           +-00.5  Intel Corporation Device 344c
 |           +-00.6  Intel Corporation Device 344c
 |           +-00.7  Intel Corporation Device 344c
 |           +-01.0  Intel Corporation Device 344c
 |           +-01.1  Intel Corporation Device 344c
 |           +-01.2  Intel Corporation Device 344c
 |           +-01.3  Intel Corporation Device 344c
 |           +-01.4  Intel Corporation Device 344c
 |           +-01.5  Intel Corporation Device 344c
 |           +-01.6  Intel Corporation Device 344c
 |           +-01.7  Intel Corporation Device 344c
 |           +-02.0  Intel Corporation Device 344c
 |           +-02.1  Intel Corporation Device 344c
 |           +-02.2  Intel Corporation Device 344c
 |           +-02.3  Intel Corporation Device 344c
 |           +-02.4  Intel Corporation Device 344c
 |           +-02.5  Intel Corporation Device 344c
 |           +-02.6  Intel Corporation Device 344c
 |           +-02.7  Intel Corporation Device 344c
 |           +-03.0  Intel Corporation Device 344c
 |           +-03.1  Intel Corporation Device 344c
 |           +-03.2  Intel Corporation Device 344c
 |           +-03.3  Intel Corporation Device 344c
 |           +-03.4  Intel Corporation Device 344c
 |           +-03.5  Intel Corporation Device 344c
 |           +-03.6  Intel Corporation Device 344c
 |           +-03.7  Intel Corporation Device 344c
 |           +-04.0  Intel Corporation Device 344c
 |           +-04.1  Intel Corporation Device 344c
 |           +-04.2  Intel Corporation Device 344c
 |           +-04.3  Intel Corporation Device 344c
 |           +-04.4  Intel Corporation Device 344c
 |           +-04.5  Intel Corporation Device 344c
 |           +-04.6  Intel Corporation Device 344c
 |           +-04.7  Intel Corporation Device 344c
 |           +-0a.0  Intel Corporation Device 344d
 |           +-0a.1  Intel Corporation Device 344d
 |           +-0a.2  Intel Corporation Device 344d
 |           +-0a.3  Intel Corporation Device 344d
 |           +-0a.4  Intel Corporation Device 344d
 |           +-0a.5  Intel Corporation Device 344d
 |           +-0a.6  Intel Corporation Device 344d
 |           +-0a.7  Intel Corporation Device 344d
 |           +-0b.0  Intel Corporation Device 344d
 |           +-0b.1  Intel Corporation Device 344d
 |           +-0b.2  Intel Corporation Device 344d
 |           +-0b.3  Intel Corporation Device 344d
 |           +-0b.4  Intel Corporation Device 344d
 |           +-0b.5  Intel Corporation Device 344d
 |           +-0b.6  Intel Corporation Device 344d
 |           +-0b.7  Intel Corporation Device 344d
 |           +-0c.0  Intel Corporation Device 344d
 |           +-0c.1  Intel Corporation Device 344d
 |           +-0c.2  Intel Corporation Device 344d
 |           +-0c.3  Intel Corporation Device 344d
 |           +-0c.4  Intel Corporation Device 344d
 |           +-0c.5  Intel Corporation Device 344d
 |           +-0c.6  Intel Corporation Device 344d
 |           +-0c.7  Intel Corporation Device 344d
 |           +-0d.0  Intel Corporation Device 344d
 |           +-0d.1  Intel Corporation Device 344d
 |           +-0d.2  Intel Corporation Device 344d
 |           +-0d.3  Intel Corporation Device 344d
 |           +-0d.4  Intel Corporation Device 344d
 |           +-0d.5  Intel Corporation Device 344d
 |           +-0d.6  Intel Corporation Device 344d
 |           +-0d.7  Intel Corporation Device 344d
 |           +-0e.0  Intel Corporation Device 344d
 |           +-0e.1  Intel Corporation Device 344d
 |           +-0e.2  Intel Corporation Device 344d
 |           +-0e.3  Intel Corporation Device 344d
 |           +-0e.4  Intel Corporation Device 344d
 |           +-0e.5  Intel Corporation Device 344d
 |           +-0e.6  Intel Corporation Device 344d
 |           +-0e.7  Intel Corporation Device 344d
 |           +-1d.0  Intel Corporation Device 344f
 |           +-1d.1  Intel Corporation Device 3457
 |           +-1e.0  Intel Corporation Device 3458
 |           +-1e.1  Intel Corporation Device 3459
 |           +-1e.2  Intel Corporation Device 345a
 |           +-1e.3  Intel Corporation Device 345b
 |           +-1e.4  Intel Corporation Device 345c
 |           +-1e.5  Intel Corporation Device 345d
 |           +-1e.6  Intel Corporation Device 345e
 |           \-1e.7  Intel Corporation Device 345f
 +-[0000:7e]-+-00.0  Intel Corporation Device 3450
 |           +-00.1  Intel Corporation Device 3451
 |           +-00.2  Intel Corporation Device 3452
 |           +-00.3  Intel Corporation Device 0998
 |           +-00.5  Intel Corporation Device 3455
 |           +-02.0  Intel Corporation Device 3440
 |           +-02.1  Intel Corporation Device 3441
 |           +-02.2  Intel Corporation Device 3442
 |           +-03.0  Intel Corporation Device 3440
 |           +-03.1  Intel Corporation Device 3441
 |           +-03.2  Intel Corporation Device 3442
 |           +-04.0  Intel Corporation Device 3440
 |           +-04.1  Intel Corporation Device 3441
 |           +-04.2  Intel Corporation Device 3442
 |           +-04.3  Intel Corporation Device 3443
 |           +-05.0  Intel Corporation Device 3445
 |           +-05.1  Intel Corporation Device 3446
 |           +-05.2  Intel Corporation Device 3447
 |           +-06.0  Intel Corporation Device 3445
 |           +-06.1  Intel Corporation Device 3446
 |           +-06.2  Intel Corporation Device 3447
 |           +-07.0  Intel Corporation Device 3445
 |           +-07.1  Intel Corporation Device 3446
 |           +-07.2  Intel Corporation Device 3447
 |           +-0b.0  Intel Corporation Device 3448
 |           +-0b.1  Intel Corporation Device 3448
 |           +-0b.2  Intel Corporation Device 344b
 |           +-0c.0  Intel Corporation Device 344a
 |           +-0d.0  Intel Corporation Device 344a
 |           +-0e.0  Intel Corporation Device 344a
 |           +-0f.0  Intel Corporation Device 344a
 |           +-1a.0  Intel Corporation Device 2880
 |           +-1b.0  Intel Corporation Device 2880
 |           +-1c.0  Intel Corporation Device 2880
 |           \-1d.0  Intel Corporation Device 2880
 +-[0000:64]-+-00.0  Intel Corporation Device 09a2
 |           +-00.1  Intel Corporation Device 09a4
 |           +-00.2  Intel Corporation Device 09a3
 |           +-00.4  Intel Corporation Device 0998
 |           +-02.0-[65]--
 |           +-03.0-[66]--
 |           +-04.0-[67]--
 |           \-05.0-[68]--
 +-[0000:4a]-+-00.0  Intel Corporation Device 09a2
 |           +-00.1  Intel Corporation Device 09a4
 |           +-00.2  Intel Corporation Device 09a3
 |           +-00.4  Intel Corporation Device 0998
 |           \-02.0-[4b-58]----00.0-[4c-58]--+-00.0-[4d-50]----00.0-[4e-50]--+-00.0-[4f]----00.0  NVIDIA Corporation Device 20f5
 |                                           |                               \-10.0-[50]----00.0  NVIDIA Corporation Device 20f5
 |                                           +-04.0-[51-53]----00.0-[52-53]----00.0-[53]----00.0  NVIDIA Corporation Device 20f5
 |                                           +-08.0-[54-57]----00.0-[55-57]--+-00.0-[56]----00.0  Mellanox Technologies MT28908 Family [ConnectX-6]
 |                                           |                               \-10.0-[57]----00.0  NVIDIA Corporation Device 20f5
 |                                           \-1c.0-[58]----00.0  Broadcom / LSI Device c010
 +-[0000:30]-+-00.0  Intel Corporation Device 09a2
 |           +-00.1  Intel Corporation Device 09a4
 |           +-00.2  Intel Corporation Device 09a3
 |           +-00.4  Intel Corporation Device 0998
 |           \-02.0-[31]----00.0  Broadcom / LSI MegaRAID SAS-3 3108 [Invader]
 +-[0000:16]-+-00.0  Intel Corporation Device 09a2
 |           +-00.1  Intel Corporation Device 09a4
 |           +-00.2  Intel Corporation Device 09a3
 |           +-00.4  Intel Corporation Device 0998
 |           \-02.0-[17]--+-00.0  Mellanox Technologies MT27710 Family [ConnectX-4 Lx]
 |                        \-00.1  Mellanox Technologies MT27710 Family [ConnectX-4 Lx]
 \-[0000:00]-+-00.0  Intel Corporation Device 09a2
             +-00.1  Intel Corporation Device 09a4
             +-00.2  Intel Corporation Device 09a3
             +-00.4  Intel Corporation Device 0998
             +-01.0  Intel Corporation Device 0b00
             +-01.1  Intel Corporation Device 0b00
             +-01.2  Intel Corporation Device 0b00
             +-01.3  Intel Corporation Device 0b00
             +-01.4  Intel Corporation Device 0b00
             +-01.5  Intel Corporation Device 0b00
             +-01.6  Intel Corporation Device 0b00
             +-01.7  Intel Corporation Device 0b00
             +-02.0  Intel Corporation Device 09a6
             +-02.1  Intel Corporation Device 09a7
             +-02.4  Intel Corporation Device 3456
             +-11.0  Intel Corporation C620 Series Chipset Family MROM 0
             +-11.5  Intel Corporation C620 Series Chipset Family SSATA Controller [AHCI mode]
             +-14.0  Intel Corporation C620 Series Chipset Family USB 3.0 xHCI Controller
             +-14.2  Intel Corporation C620 Series Chipset Family Thermal Subsystem
             +-16.0  Intel Corporation C620 Series Chipset Family MEI Controller #1
             +-16.1  Intel Corporation C620 Series Chipset Family MEI Controller #2
             +-16.4  Intel Corporation C620 Series Chipset Family MEI Controller #3
             +-17.0  Intel Corporation C620 Series Chipset Family SATA Controller [AHCI mode]
             +-1c.0-[01]--
             +-1c.5-[02-03]----00.0-[03]----00.0  ASPEED Technology, Inc. ASPEED Graphics Family
             +-1f.0  Intel Corporation Device a1cb
             +-1f.2  Intel Corporation C620 Series Chipset Family Power Management Controller
             +-1f.4  Intel Corporation C620 Series Chipset Family SMBus
             \-1f.5  Intel Corporation C620 Series Chipset Family SPI Controller
