make -C csrc clean
make[1]: Entering directory '/home/yhy/fold/comm_test/csrc'
rm *.o all2all_test
make[1]: Leaving directory '/home/yhy/fold/comm_test/csrc'
make -C csrc
make[1]: Entering directory '/home/yhy/fold/comm_test/csrc'
nvcc all2all_test.cu -std=c++11 -Xcompiler -fopenmp -I/home/yhy/.local/nccl/build/include -L/home/yhy/.local/nccl/build/lib/ "-gencode=arch=compute_80,code=sm_80" -lnccl -lcudart -c -o all2all_test.o
nvcc comm.cu -std=c++11 -Xcompiler -fopenmp -I/home/yhy/.local/nccl/build/include -L/home/yhy/.local/nccl/build/lib/ "-gencode=arch=compute_80,code=sm_80" -lnccl -lcudart -c -o comm.o
"`which mpicxx`" all2all_test.o comm.o -std=c++11 -fopenmp -L/home/yhy/.local/nccl/build/lib -lcudart -lnccl -Wall -o all2all_test -Wl,-rpath=/home/yhy/.local/nccl/build/lib
make[1]: Leaving directory '/home/yhy/fold/comm_test/csrc'
GPU_NUM: 4
CUDA_VISIBLE_DEVICES: 
srun: error: Required nodelist includes more nodes than permitted by max-node count (2 > 1). Eliminating nodes from the nodelist.
SC0: 0.001131 s, REAL_BD 0.003162 GB/s, SIZE 0.000001 GB, comm_vol 0.000004 GB
SC0: 0.006833 s, REAL_BD 0.001047 GB/s, SIZE 0.000002 GB, comm_vol 0.000007 GB
SC0: 0.001684 s, REAL_BD 0.008495 GB/s, SIZE 0.000004 GB, comm_vol 0.000014 GB
SC0: 0.009981 s, REAL_BD 0.002866 GB/s, SIZE 0.000008 GB, comm_vol 0.000029 GB
SC0: 0.001836 s, REAL_BD 0.031166 GB/s, SIZE 0.000015 GB, comm_vol 0.000057 GB
SC0: 0.011037 s, REAL_BD 0.010369 GB/s, SIZE 0.000031 GB, comm_vol 0.000114 GB
SC0: 0.002481 s, REAL_BD 0.092254 GB/s, SIZE 0.000061 GB, comm_vol 0.000229 GB
SC0: 0.011806 s, REAL_BD 0.038774 GB/s, SIZE 0.000122 GB, comm_vol 0.000458 GB
SC0: 0.001891 s, REAL_BD 0.484150 GB/s, SIZE 0.000244 GB, comm_vol 0.000916 GB
SC0: 0.001908 s, REAL_BD 0.959672 GB/s, SIZE 0.000488 GB, comm_vol 0.001831 GB
SC0: 0.002410 s, REAL_BD 1.519547 GB/s, SIZE 0.000977 GB, comm_vol 0.003662 GB
SC0: 0.003802 s, REAL_BD 1.926412 GB/s, SIZE 0.001953 GB, comm_vol 0.007324 GB
SC0: 0.005906 s, REAL_BD 2.480264 GB/s, SIZE 0.003906 GB, comm_vol 0.014648 GB
SC0: 0.012894 s, REAL_BD 2.272132 GB/s, SIZE 0.007812 GB, comm_vol 0.029297 GB
SC0: 0.025161 s, REAL_BD 2.328753 GB/s, SIZE 0.015625 GB, comm_vol 0.058594 GB
SC0: 0.048161 s, REAL_BD 2.433245 GB/s, SIZE 0.031250 GB, comm_vol 0.117188 GB
SC0: 0.093651 s, REAL_BD 2.502643 GB/s, SIZE 0.062500 GB, comm_vol 0.234375 GB
SC0: 0.177597 s, REAL_BD 2.639403 GB/s, SIZE 0.125000 GB, comm_vol 0.468750 GB
SC0: 0.351653 s, REAL_BD 2.665980 GB/s, SIZE 0.250000 GB, comm_vol 0.937500 GB
SC0: 0.699187 s, REAL_BD 2.681686 GB/s, SIZE 0.500000 GB, comm_vol 1.875000 GB
SC0: 1.395230 s, REAL_BD 2.687729 GB/s, SIZE 1.000000 GB, comm_vol 3.750000 GB
SC0: 2.790337 s, REAL_BD 2.687847 GB/s, SIZE 2.000000 GB, comm_vol 7.500000 GB
SC0: 5.579984 s, REAL_BD 2.688180 GB/s, SIZE 4.000000 GB, comm_vol 15.000000 GB
SC0: 11.165114 s, REAL_BD 2.686941 GB/s, SIZE 8.000000 GB, comm_vol 30.000000 GB
SC1: 0.004092 s, REAL_BD 0.000874 GB/s, SIZE 0.000001 GB, comm_vol 0.000004 GB
SC1: 0.000824 s, REAL_BD 0.008680 GB/s, SIZE 0.000002 GB, comm_vol 0.000007 GB
SC1: 0.000807 s, REAL_BD 0.017726 GB/s, SIZE 0.000004 GB, comm_vol 0.000014 GB
SC1: 0.000839 s, REAL_BD 0.034100 GB/s, SIZE 0.000008 GB, comm_vol 0.000029 GB
SC1: 0.000795 s, REAL_BD 0.071975 GB/s, SIZE 0.000015 GB, comm_vol 0.000057 GB
SC1: 0.000813 s, REAL_BD 0.140764 GB/s, SIZE 0.000031 GB, comm_vol 0.000114 GB
SC1: 0.001260 s, REAL_BD 0.181652 GB/s, SIZE 0.000061 GB, comm_vol 0.000229 GB
SC1: 0.005337 s, REAL_BD 0.085772 GB/s, SIZE 0.000122 GB, comm_vol 0.000458 GB
SC1: 0.001331 s, REAL_BD 0.687849 GB/s, SIZE 0.000244 GB, comm_vol 0.000916 GB
SC1: 0.007804 s, REAL_BD 0.234630 GB/s, SIZE 0.000488 GB, comm_vol 0.001831 GB
SC1: 0.002458 s, REAL_BD 1.489874 GB/s, SIZE 0.000977 GB, comm_vol 0.003662 GB
SC1: 0.010092 s, REAL_BD 0.725745 GB/s, SIZE 0.001953 GB, comm_vol 0.007324 GB
SC1: 0.007550 s, REAL_BD 1.940190 GB/s, SIZE 0.003906 GB, comm_vol 0.014648 GB
SC1: 0.014055 s, REAL_BD 2.084445 GB/s, SIZE 0.007812 GB, comm_vol 0.029297 GB
SC1: 0.024952 s, REAL_BD 2.348259 GB/s, SIZE 0.015625 GB, comm_vol 0.058594 GB
SC1: 0.047505 s, REAL_BD 2.466846 GB/s, SIZE 0.031250 GB, comm_vol 0.117188 GB
SC1: 0.093614 s, REAL_BD 2.503632 GB/s, SIZE 0.062500 GB, comm_vol 0.234375 GB
SC1: 0.177954 s, REAL_BD 2.634108 GB/s, SIZE 0.125000 GB, comm_vol 0.468750 GB
SC1: 0.316837 s, REAL_BD 2.958935 GB/s, SIZE 0.250000 GB, comm_vol 0.937500 GB
SC1: 0.699570 s, REAL_BD 2.680218 GB/s, SIZE 0.500000 GB, comm_vol 1.875000 GB
SC1: 1.070787 s, REAL_BD 3.502097 GB/s, SIZE 1.000000 GB, comm_vol 3.750000 GB
SC1: 2.789451 s, REAL_BD 2.688701 GB/s, SIZE 2.000000 GB, comm_vol 7.500000 GB
SC1: 5.581765 s, REAL_BD 2.687322 GB/s, SIZE 4.000000 GB, comm_vol 15.000000 GB
SC1: 11.162732 s, REAL_BD 2.687514 GB/s, SIZE 8.000000 GB, comm_vol 30.000000 GB
SC4: 0.008560 s, REAL_BD 0.000418 GB/s, SIZE 0.000001 GB, comm_vol 0.000004 GB
SC4: 0.001099 s, REAL_BD 0.006508 GB/s, SIZE 0.000002 GB, comm_vol 0.000007 GB
SC4: 0.005345 s, REAL_BD 0.002676 GB/s, SIZE 0.000004 GB, comm_vol 0.000014 GB
SC4: 0.001119 s, REAL_BD 0.025568 GB/s, SIZE 0.000008 GB, comm_vol 0.000029 GB
SC4: 0.007938 s, REAL_BD 0.007208 GB/s, SIZE 0.000015 GB, comm_vol 0.000057 GB
SC4: 0.001024 s, REAL_BD 0.111759 GB/s, SIZE 0.000031 GB, comm_vol 0.000114 GB
SC4: 0.005950 s, REAL_BD 0.038468 GB/s, SIZE 0.000061 GB, comm_vol 0.000229 GB
SC4: 0.002444 s, REAL_BD 0.187301 GB/s, SIZE 0.000122 GB, comm_vol 0.000458 GB
SC4: 0.001958 s, REAL_BD 0.467583 GB/s, SIZE 0.000244 GB, comm_vol 0.000916 GB
SC4: 0.002805 s, REAL_BD 0.652782 GB/s, SIZE 0.000488 GB, comm_vol 0.001831 GB
SC4: 0.003372 s, REAL_BD 1.086035 GB/s, SIZE 0.000977 GB, comm_vol 0.003662 GB
SC4: 0.005038 s, REAL_BD 1.453795 GB/s, SIZE 0.001953 GB, comm_vol 0.007324 GB
SC4: 0.008185 s, REAL_BD 1.789669 GB/s, SIZE 0.003906 GB, comm_vol 0.014648 GB
SC4: 0.010450 s, REAL_BD 2.803529 GB/s, SIZE 0.007812 GB, comm_vol 0.029297 GB
SC4: 0.026694 s, REAL_BD 2.195016 GB/s, SIZE 0.015625 GB, comm_vol 0.058594 GB
SC4: 0.050914 s, REAL_BD 2.301675 GB/s, SIZE 0.031250 GB, comm_vol 0.117188 GB
SC4: 0.097804 s, REAL_BD 2.396374 GB/s, SIZE 0.062500 GB, comm_vol 0.234375 GB
SC4: 0.174125 s, REAL_BD 2.692032 GB/s, SIZE 0.125000 GB, comm_vol 0.468750 GB
SC4: 0.346106 s, REAL_BD 2.708708 GB/s, SIZE 0.250000 GB, comm_vol 0.937500 GB
SC4: 0.688248 s, REAL_BD 2.724309 GB/s, SIZE 0.500000 GB, comm_vol 1.875000 GB
SC4: 1.367653 s, REAL_BD 2.741924 GB/s, SIZE 1.000000 GB, comm_vol 3.750000 GB
SC4: 2.734105 s, REAL_BD 2.743128 GB/s, SIZE 2.000000 GB, comm_vol 7.500000 GB
SC4: 5.456946 s, REAL_BD 2.748790 GB/s, SIZE 4.000000 GB, comm_vol 15.000000 GB
SC4: 10.914876 s, REAL_BD 2.748542 GB/s, SIZE 8.000000 GB, comm_vol 30.000000 GB
BRUCK: 0.003288 s, REAL_BD 0.001088 GB/s, SIZE 0.000001 GB, comm_vol 0.000004 GB
BRUCK: 0.003233 s, REAL_BD 0.002212 GB/s, SIZE 0.000002 GB, comm_vol 0.000007 GB
BRUCK: 0.003330 s, REAL_BD 0.004296 GB/s, SIZE 0.000004 GB, comm_vol 0.000014 GB
BRUCK: 0.003234 s, REAL_BD 0.008847 GB/s, SIZE 0.000008 GB, comm_vol 0.000029 GB
BRUCK: 0.003297 s, REAL_BD 0.017355 GB/s, SIZE 0.000015 GB, comm_vol 0.000057 GB
BRUCK: 0.003230 s, REAL_BD 0.035431 GB/s, SIZE 0.000031 GB, comm_vol 0.000114 GB
BRUCK: 0.003230 s, REAL_BD 0.070861 GB/s, SIZE 0.000061 GB, comm_vol 0.000229 GB
BRUCK: 0.003231 s, REAL_BD 0.141679 GB/s, SIZE 0.000122 GB, comm_vol 0.000458 GB
BRUCK: 0.003407 s, REAL_BD 0.268720 GB/s, SIZE 0.000244 GB, comm_vol 0.000916 GB
BRUCK: 0.003659 s, REAL_BD 0.500425 GB/s, SIZE 0.000488 GB, comm_vol 0.001831 GB
BRUCK: 0.004565 s, REAL_BD 0.802215 GB/s, SIZE 0.000977 GB, comm_vol 0.003662 GB
BRUCK: 0.006382 s, REAL_BD 1.147637 GB/s, SIZE 0.001953 GB, comm_vol 0.007324 GB
BRUCK: 0.009905 s, REAL_BD 1.478893 GB/s, SIZE 0.003906 GB, comm_vol 0.014648 GB
BRUCK: 0.016407 s, REAL_BD 1.785633 GB/s, SIZE 0.007812 GB, comm_vol 0.029297 GB
BRUCK: 0.029109 s, REAL_BD 2.012908 GB/s, SIZE 0.015625 GB, comm_vol 0.058594 GB
BRUCK: 0.054707 s, REAL_BD 2.142093 GB/s, SIZE 0.031250 GB, comm_vol 0.117188 GB
BRUCK: 0.105881 s, REAL_BD 2.213570 GB/s, SIZE 0.062500 GB, comm_vol 0.234375 GB
BRUCK: 0.195530 s, REAL_BD 2.397330 GB/s, SIZE 0.125000 GB, comm_vol 0.468750 GB
BRUCK: 0.384022 s, REAL_BD 2.441266 GB/s, SIZE 0.250000 GB, comm_vol 0.937500 GB
BRUCK: 0.761573 s, REAL_BD 2.462010 GB/s, SIZE 0.500000 GB, comm_vol 1.875000 GB
BRUCK: 1.514063 s, REAL_BD 2.476779 GB/s, SIZE 1.000000 GB, comm_vol 3.750000 GB
BRUCK: 3.024471 s, REAL_BD 2.479772 GB/s, SIZE 2.000000 GB, comm_vol 7.500000 GB
BRUCK: 6.045797 s, REAL_BD 2.481062 GB/s, SIZE 4.000000 GB, comm_vol 15.000000 GB
BRUCK: 12.089616 s, REAL_BD 2.481468 GB/s, SIZE 8.000000 GB, comm_vol 30.000000 GB
RD: 0.003531 s, REAL_BD 0.001013 GB/s, SIZE 0.000001 GB, comm_vol 0.000004 GB
RD: 0.003501 s, REAL_BD 0.002043 GB/s, SIZE 0.000002 GB, comm_vol 0.000007 GB
RD: 0.003522 s, REAL_BD 0.004062 GB/s, SIZE 0.000004 GB, comm_vol 0.000014 GB
RD: 0.003408 s, REAL_BD 0.008395 GB/s, SIZE 0.000008 GB, comm_vol 0.000029 GB
RD: 0.003586 s, REAL_BD 0.015957 GB/s, SIZE 0.000015 GB, comm_vol 0.000057 GB
RD: 0.003551 s, REAL_BD 0.032228 GB/s, SIZE 0.000031 GB, comm_vol 0.000114 GB
RD: 0.003425 s, REAL_BD 0.066827 GB/s, SIZE 0.000061 GB, comm_vol 0.000229 GB
RD: 0.003425 s, REAL_BD 0.133654 GB/s, SIZE 0.000122 GB, comm_vol 0.000458 GB
RD: 0.003610 s, REAL_BD 0.253609 GB/s, SIZE 0.000244 GB, comm_vol 0.000916 GB
RD: 0.003905 s, REAL_BD 0.468900 GB/s, SIZE 0.000488 GB, comm_vol 0.001831 GB
RD: 0.004608 s, REAL_BD 0.794729 GB/s, SIZE 0.000977 GB, comm_vol 0.003662 GB
RD: 0.006126 s, REAL_BD 1.195596 GB/s, SIZE 0.001953 GB, comm_vol 0.007324 GB
RD: 0.008605 s, REAL_BD 1.702317 GB/s, SIZE 0.003906 GB, comm_vol 0.014648 GB
RD: 0.014093 s, REAL_BD 2.078825 GB/s, SIZE 0.007812 GB, comm_vol 0.029297 GB
RD: 0.024355 s, REAL_BD 2.405820 GB/s, SIZE 0.015625 GB, comm_vol 0.058594 GB
RD: 0.077038 s, REAL_BD 1.521165 GB/s, SIZE 0.031250 GB, comm_vol 0.117188 GB
RD: 0.135135 s, REAL_BD 1.734377 GB/s, SIZE 0.062500 GB, comm_vol 0.234375 GB
RD: 0.193804 s, REAL_BD 2.418681 GB/s, SIZE 0.125000 GB, comm_vol 0.468750 GB
RD: 0.357239 s, REAL_BD 2.624294 GB/s, SIZE 0.250000 GB, comm_vol 0.937500 GB
RD: 0.648681 s, REAL_BD 2.890481 GB/s, SIZE 0.500000 GB, comm_vol 1.875000 GB
RD: 1.256973 s, REAL_BD 2.983358 GB/s, SIZE 1.000000 GB, comm_vol 3.750000 GB
RD: 2.473906 s, REAL_BD 3.031643 GB/s, SIZE 2.000000 GB, comm_vol 7.500000 GB
RD: 4.903909 s, REAL_BD 3.058784 GB/s, SIZE 4.000000 GB, comm_vol 15.000000 GB
RD: 9.785754 s, REAL_BD 3.065681 GB/s, SIZE 8.000000 GB, comm_vol 30.000000 GB
2DMESH: 0.005840 s, REAL_BD 0.000612 GB/s, SIZE 0.000001 GB, comm_vol 0.000004 GB
2DMESH: 0.004863 s, REAL_BD 0.001471 GB/s, SIZE 0.000002 GB, comm_vol 0.000007 GB
2DMESH: 0.005426 s, REAL_BD 0.002636 GB/s, SIZE 0.000004 GB, comm_vol 0.000014 GB
2DMESH: 0.005051 s, REAL_BD 0.005664 GB/s, SIZE 0.000008 GB, comm_vol 0.000029 GB
2DMESH: 0.005115 s, REAL_BD 0.011187 GB/s, SIZE 0.000015 GB, comm_vol 0.000057 GB
2DMESH: 0.008885 s, REAL_BD 0.012880 GB/s, SIZE 0.000031 GB, comm_vol 0.000114 GB
2DMESH: 0.010443 s, REAL_BD 0.021917 GB/s, SIZE 0.000061 GB, comm_vol 0.000229 GB
2DMESH: 0.006253 s, REAL_BD 0.073207 GB/s, SIZE 0.000122 GB, comm_vol 0.000458 GB
2DMESH: 0.010070 s, REAL_BD 0.090916 GB/s, SIZE 0.000244 GB, comm_vol 0.000916 GB
2DMESH: 0.005722 s, REAL_BD 0.320003 GB/s, SIZE 0.000488 GB, comm_vol 0.001831 GB
2DMESH: 0.011985 s, REAL_BD 0.305558 GB/s, SIZE 0.000977 GB, comm_vol 0.003662 GB
2DMESH: 0.007676 s, REAL_BD 0.954171 GB/s, SIZE 0.001953 GB, comm_vol 0.007324 GB
2DMESH: 0.013797 s, REAL_BD 1.061712 GB/s, SIZE 0.003906 GB, comm_vol 0.014648 GB
2DMESH: 0.015387 s, REAL_BD 1.904002 GB/s, SIZE 0.007812 GB, comm_vol 0.029297 GB
2DMESH: 0.031431 s, REAL_BD 1.864203 GB/s, SIZE 0.015625 GB, comm_vol 0.058594 GB
2DMESH: 0.046629 s, REAL_BD 2.513189 GB/s, SIZE 0.031250 GB, comm_vol 0.117188 GB
2DMESH: 0.081205 s, REAL_BD 2.886214 GB/s, SIZE 0.062500 GB, comm_vol 0.234375 GB
2DMESH: 0.156523 s, REAL_BD 2.994768 GB/s, SIZE 0.125000 GB, comm_vol 0.468750 GB
2DMESH: 0.306127 s, REAL_BD 3.062454 GB/s, SIZE 0.250000 GB, comm_vol 0.937500 GB
2DMESH: 0.605124 s, REAL_BD 3.098538 GB/s, SIZE 0.500000 GB, comm_vol 1.875000 GB
2DMESH: 1.207446 s, REAL_BD 3.105729 GB/s, SIZE 1.000000 GB, comm_vol 3.750000 GB
2DMESH: 2.407572 s, REAL_BD 3.115172 GB/s, SIZE 2.000000 GB, comm_vol 7.500000 GB
2DMESH: 4.816691 s, REAL_BD 3.114171 GB/s, SIZE 4.000000 GB, comm_vol 15.000000 GB
2DMESH: 9.632694 s, REAL_BD 3.114394 GB/s, SIZE 8.000000 GB, comm_vol 30.000000 GB
3DMESH: 0.003334 s, REAL_BD 0.001073 GB/s, SIZE 0.000001 GB, comm_vol 0.000004 GB
3DMESH: 0.003417 s, REAL_BD 0.002093 GB/s, SIZE 0.000002 GB, comm_vol 0.000007 GB
3DMESH: 0.003409 s, REAL_BD 0.004196 GB/s, SIZE 0.000004 GB, comm_vol 0.000014 GB
3DMESH: 0.003333 s, REAL_BD 0.008584 GB/s, SIZE 0.000008 GB, comm_vol 0.000029 GB
3DMESH: 0.003416 s, REAL_BD 0.016751 GB/s, SIZE 0.000015 GB, comm_vol 0.000057 GB
3DMESH: 0.003357 s, REAL_BD 0.034090 GB/s, SIZE 0.000031 GB, comm_vol 0.000114 GB
3DMESH: 0.003440 s, REAL_BD 0.066535 GB/s, SIZE 0.000061 GB, comm_vol 0.000229 GB
3DMESH: 0.003347 s, REAL_BD 0.136768 GB/s, SIZE 0.000122 GB, comm_vol 0.000458 GB
3DMESH: 0.003656 s, REAL_BD 0.250418 GB/s, SIZE 0.000244 GB, comm_vol 0.000916 GB
3DMESH: 0.004067 s, REAL_BD 0.450222 GB/s, SIZE 0.000488 GB, comm_vol 0.001831 GB
3DMESH: 0.005011 s, REAL_BD 0.730814 GB/s, SIZE 0.000977 GB, comm_vol 0.003662 GB
3DMESH: 0.006808 s, REAL_BD 1.075825 GB/s, SIZE 0.001953 GB, comm_vol 0.007324 GB
3DMESH: 0.010183 s, REAL_BD 1.438519 GB/s, SIZE 0.003906 GB, comm_vol 0.014648 GB
3DMESH: 0.016700 s, REAL_BD 1.754304 GB/s, SIZE 0.007812 GB, comm_vol 0.029297 GB
3DMESH: 0.029840 s, REAL_BD 1.963598 GB/s, SIZE 0.015625 GB, comm_vol 0.058594 GB
3DMESH: 0.056711 s, REAL_BD 2.066398 GB/s, SIZE 0.031250 GB, comm_vol 0.117188 GB
3DMESH: 0.109080 s, REAL_BD 2.148652 GB/s, SIZE 0.062500 GB, comm_vol 0.234375 GB
3DMESH: 0.181067 s, REAL_BD 2.588821 GB/s, SIZE 0.125000 GB, comm_vol 0.468750 GB
3DMESH: 0.355816 s, REAL_BD 2.634789 GB/s, SIZE 0.250000 GB, comm_vol 0.937500 GB
3DMESH: 0.704183 s, REAL_BD 2.662660 GB/s, SIZE 0.500000 GB, comm_vol 1.875000 GB
3DMESH: 1.401511 s, REAL_BD 2.675684 GB/s, SIZE 1.000000 GB, comm_vol 3.750000 GB
3DMESH: 2.800423 s, REAL_BD 2.678167 GB/s, SIZE 2.000000 GB, comm_vol 7.500000 GB
3DMESH: 5.604540 s, REAL_BD 2.676402 GB/s, SIZE 4.000000 GB, comm_vol 15.000000 GB
3DMESH: 11.205625 s, REAL_BD 2.677227 GB/s, SIZE 8.000000 GB, comm_vol 30.000000 GB
GPU_NUM: 8
CUDA_VISIBLE_DEVICES: 
srun: error: Required nodelist includes more nodes than permitted by max-node count (2 > 1). Eliminating nodes from the nodelist.
srun: job 151993 queued and waiting for resources
srun: job 151993 has been allocated resources
SC0: 0.002345 s, REAL_BD 0.000890 GB/s, SIZE 0.000001 GB, comm_vol 0.000002 GB
SC0: 0.011073 s, REAL_BD 0.000377 GB/s, SIZE 0.000002 GB, comm_vol 0.000004 GB
SC0: 0.001963 s, REAL_BD 0.004251 GB/s, SIZE 0.000004 GB, comm_vol 0.000008 GB
SC0: 0.010841 s, REAL_BD 0.001539 GB/s, SIZE 0.000008 GB, comm_vol 0.000017 GB
SC0: 0.001815 s, REAL_BD 0.018390 GB/s, SIZE 0.000015 GB, comm_vol 0.000033 GB
SC0: 0.010136 s, REAL_BD 0.006586 GB/s, SIZE 0.000031 GB, comm_vol 0.000067 GB
SC0: 0.002530 s, REAL_BD 0.052772 GB/s, SIZE 0.000061 GB, comm_vol 0.000134 GB
SC0: 0.010147 s, REAL_BD 0.026316 GB/s, SIZE 0.000122 GB, comm_vol 0.000267 GB
SC0: 0.001818 s, REAL_BD 0.293761 GB/s, SIZE 0.000244 GB, comm_vol 0.000534 GB
SC0: 0.001897 s, REAL_BD 0.563055 GB/s, SIZE 0.000488 GB, comm_vol 0.001068 GB
SC0: 0.002318 s, REAL_BD 0.921583 GB/s, SIZE 0.000977 GB, comm_vol 0.002136 GB
SC0: 0.002731 s, REAL_BD 1.564431 GB/s, SIZE 0.001953 GB, comm_vol 0.004272 GB
SC0: 0.004543 s, REAL_BD 1.880898 GB/s, SIZE 0.003906 GB, comm_vol 0.008545 GB
SC0: 0.009829 s, REAL_BD 1.738716 GB/s, SIZE 0.007812 GB, comm_vol 0.017090 GB
SC0: 0.020740 s, REAL_BD 1.648008 GB/s, SIZE 0.015625 GB, comm_vol 0.034180 GB
SC0: 0.029650 s, REAL_BD 2.305544 GB/s, SIZE 0.031250 GB, comm_vol 0.068359 GB
SC0: 0.056926 s, REAL_BD 2.401693 GB/s, SIZE 0.062500 GB, comm_vol 0.136719 GB
SC0: 0.101543 s, REAL_BD 2.692825 GB/s, SIZE 0.125000 GB, comm_vol 0.273438 GB
SC0: 0.200826 s, REAL_BD 2.723128 GB/s, SIZE 0.250000 GB, comm_vol 0.546875 GB
SC0: 0.394974 s, REAL_BD 2.769170 GB/s, SIZE 0.500000 GB, comm_vol 1.093750 GB
SC0: 0.784556 s, REAL_BD 2.788201 GB/s, SIZE 1.000000 GB, comm_vol 2.187500 GB
SC0: 1.563290 s, REAL_BD 2.798585 GB/s, SIZE 2.000000 GB, comm_vol 4.375000 GB
SC0: 3.123301 s, REAL_BD 2.801523 GB/s, SIZE 4.000000 GB, comm_vol 8.750000 GB
SC0: 6.248120 s, REAL_BD 2.800842 GB/s, SIZE 8.000000 GB, comm_vol 17.500000 GB
SC1: 0.004257 s, REAL_BD 0.000490 GB/s, SIZE 0.000001 GB, comm_vol 0.000002 GB
SC1: 0.001480 s, REAL_BD 0.002819 GB/s, SIZE 0.000002 GB, comm_vol 0.000004 GB
SC1: 0.002827 s, REAL_BD 0.002952 GB/s, SIZE 0.000004 GB, comm_vol 0.000008 GB
SC1: 0.001939 s, REAL_BD 0.008607 GB/s, SIZE 0.000008 GB, comm_vol 0.000017 GB
SC1: 0.001283 s, REAL_BD 0.026016 GB/s, SIZE 0.000015 GB, comm_vol 0.000033 GB
SC1: 0.001384 s, REAL_BD 0.048235 GB/s, SIZE 0.000031 GB, comm_vol 0.000067 GB
SC1: 0.003573 s, REAL_BD 0.037368 GB/s, SIZE 0.000061 GB, comm_vol 0.000134 GB
SC1: 0.011287 s, REAL_BD 0.023658 GB/s, SIZE 0.000122 GB, comm_vol 0.000267 GB
SC1: 0.001578 s, REAL_BD 0.338440 GB/s, SIZE 0.000244 GB, comm_vol 0.000534 GB
SC1: 0.008712 s, REAL_BD 0.122603 GB/s, SIZE 0.000488 GB, comm_vol 0.001068 GB
SC1: 0.002192 s, REAL_BD 0.974558 GB/s, SIZE 0.000977 GB, comm_vol 0.002136 GB
SC1: 0.009288 s, REAL_BD 0.459998 GB/s, SIZE 0.001953 GB, comm_vol 0.004272 GB
SC1: 0.004533 s, REAL_BD 1.885048 GB/s, SIZE 0.003906 GB, comm_vol 0.008545 GB
SC1: 0.011407 s, REAL_BD 1.498189 GB/s, SIZE 0.007812 GB, comm_vol 0.017090 GB
SC1: 0.017326 s, REAL_BD 1.972740 GB/s, SIZE 0.015625 GB, comm_vol 0.034180 GB
SC1: 0.030160 s, REAL_BD 2.266558 GB/s, SIZE 0.031250 GB, comm_vol 0.068359 GB
SC1: 0.054620 s, REAL_BD 2.503090 GB/s, SIZE 0.062500 GB, comm_vol 0.136719 GB
SC1: 0.101998 s, REAL_BD 2.680812 GB/s, SIZE 0.125000 GB, comm_vol 0.273438 GB
SC1: 0.181000 s, REAL_BD 3.021409 GB/s, SIZE 0.250000 GB, comm_vol 0.546875 GB
SC1: 0.393770 s, REAL_BD 2.777637 GB/s, SIZE 0.500000 GB, comm_vol 1.093750 GB
SC1: 0.601975 s, REAL_BD 3.633872 GB/s, SIZE 1.000000 GB, comm_vol 2.187500 GB
SC1: 1.562468 s, REAL_BD 2.800057 GB/s, SIZE 2.000000 GB, comm_vol 4.375000 GB
SC1: 3.126073 s, REAL_BD 2.799039 GB/s, SIZE 4.000000 GB, comm_vol 8.750000 GB
SC1: 6.249091 s, REAL_BD 2.800407 GB/s, SIZE 8.000000 GB, comm_vol 17.500000 GB
SC4: 0.011056 s, REAL_BD 0.000189 GB/s, SIZE 0.000001 GB, comm_vol 0.000002 GB
SC4: 0.002397 s, REAL_BD 0.001741 GB/s, SIZE 0.000002 GB, comm_vol 0.000004 GB
SC4: 0.012320 s, REAL_BD 0.000677 GB/s, SIZE 0.000004 GB, comm_vol 0.000008 GB
SC4: 0.002233 s, REAL_BD 0.007474 GB/s, SIZE 0.000008 GB, comm_vol 0.000017 GB
SC4: 0.009378 s, REAL_BD 0.003559 GB/s, SIZE 0.000015 GB, comm_vol 0.000033 GB
SC4: 0.003988 s, REAL_BD 0.016740 GB/s, SIZE 0.000031 GB, comm_vol 0.000067 GB
SC4: 0.010734 s, REAL_BD 0.012438 GB/s, SIZE 0.000061 GB, comm_vol 0.000134 GB
SC4: 0.002922 s, REAL_BD 0.091386 GB/s, SIZE 0.000122 GB, comm_vol 0.000267 GB
SC4: 0.002912 s, REAL_BD 0.183399 GB/s, SIZE 0.000244 GB, comm_vol 0.000534 GB
SC4: 0.003529 s, REAL_BD 0.302668 GB/s, SIZE 0.000488 GB, comm_vol 0.001068 GB
SC4: 0.004635 s, REAL_BD 0.460891 GB/s, SIZE 0.000977 GB, comm_vol 0.002136 GB
SC4: 0.005222 s, REAL_BD 0.818166 GB/s, SIZE 0.001953 GB, comm_vol 0.004272 GB
SC4: 0.008042 s, REAL_BD 1.062537 GB/s, SIZE 0.003906 GB, comm_vol 0.008545 GB
SC4: 0.010888 s, REAL_BD 1.569604 GB/s, SIZE 0.007812 GB, comm_vol 0.017090 GB
SC4: 0.022188 s, REAL_BD 1.540458 GB/s, SIZE 0.015625 GB, comm_vol 0.034180 GB
SC4: 0.037243 s, REAL_BD 1.835496 GB/s, SIZE 0.031250 GB, comm_vol 0.068359 GB
SC4: 0.066976 s, REAL_BD 2.041310 GB/s, SIZE 0.062500 GB, comm_vol 0.136719 GB
SC4: 0.125628 s, REAL_BD 2.176565 GB/s, SIZE 0.125000 GB, comm_vol 0.273438 GB
SC4: 0.243903 s, REAL_BD 2.242182 GB/s, SIZE 0.250000 GB, comm_vol 0.546875 GB
SC4: 0.480258 s, REAL_BD 2.277422 GB/s, SIZE 0.500000 GB, comm_vol 1.093750 GB
SC4: 0.953600 s, REAL_BD 2.293939 GB/s, SIZE 1.000000 GB, comm_vol 2.187500 GB
SC4: 1.900987 s, REAL_BD 2.301436 GB/s, SIZE 2.000000 GB, comm_vol 4.375000 GB
SC4: 3.806871 s, REAL_BD 2.298476 GB/s, SIZE 4.000000 GB, comm_vol 8.750000 GB
SC4: 7.604440 s, REAL_BD 2.301287 GB/s, SIZE 8.000000 GB, comm_vol 17.500000 GB
BRUCK: 0.008836 s, REAL_BD 0.000236 GB/s, SIZE 0.000001 GB, comm_vol 0.000002 GB
BRUCK: 0.008872 s, REAL_BD 0.000470 GB/s, SIZE 0.000002 GB, comm_vol 0.000004 GB
BRUCK: 0.008852 s, REAL_BD 0.000943 GB/s, SIZE 0.000004 GB, comm_vol 0.000008 GB
BRUCK: 0.008782 s, REAL_BD 0.001900 GB/s, SIZE 0.000008 GB, comm_vol 0.000017 GB
BRUCK: 0.008844 s, REAL_BD 0.003774 GB/s, SIZE 0.000015 GB, comm_vol 0.000033 GB
BRUCK: 0.008861 s, REAL_BD 0.007534 GB/s, SIZE 0.000031 GB, comm_vol 0.000067 GB
BRUCK: 0.009025 s, REAL_BD 0.014794 GB/s, SIZE 0.000061 GB, comm_vol 0.000134 GB
BRUCK: 0.009055 s, REAL_BD 0.029490 GB/s, SIZE 0.000122 GB, comm_vol 0.000267 GB
BRUCK: 0.008806 s, REAL_BD 0.060647 GB/s, SIZE 0.000244 GB, comm_vol 0.000534 GB
BRUCK: 0.008819 s, REAL_BD 0.121115 GB/s, SIZE 0.000488 GB, comm_vol 0.001068 GB
BRUCK: 0.009276 s, REAL_BD 0.230297 GB/s, SIZE 0.000977 GB, comm_vol 0.002136 GB
BRUCK: 0.010100 s, REAL_BD 0.423016 GB/s, SIZE 0.001953 GB, comm_vol 0.004272 GB
BRUCK: 0.013144 s, REAL_BD 0.650101 GB/s, SIZE 0.003906 GB, comm_vol 0.008545 GB
BRUCK: 0.019401 s, REAL_BD 0.880874 GB/s, SIZE 0.007812 GB, comm_vol 0.017090 GB
BRUCK: 0.027835 s, REAL_BD 1.227939 GB/s, SIZE 0.015625 GB, comm_vol 0.034180 GB
BRUCK: 0.047381 s, REAL_BD 1.442759 GB/s, SIZE 0.031250 GB, comm_vol 0.068359 GB
BRUCK: 0.085907 s, REAL_BD 1.591474 GB/s, SIZE 0.062500 GB, comm_vol 0.136719 GB
BRUCK: 0.161577 s, REAL_BD 1.692305 GB/s, SIZE 0.125000 GB, comm_vol 0.273438 GB
BRUCK: 0.310421 s, REAL_BD 1.761720 GB/s, SIZE 0.250000 GB, comm_vol 0.546875 GB
BRUCK: 0.608936 s, REAL_BD 1.796166 GB/s, SIZE 0.500000 GB, comm_vol 1.093750 GB
BRUCK: 1.210193 s, REAL_BD 1.807563 GB/s, SIZE 1.000000 GB, comm_vol 2.187500 GB
BRUCK: 2.415120 s, REAL_BD 1.811504 GB/s, SIZE 2.000000 GB, comm_vol 4.375000 GB
BRUCK: 4.827156 s, REAL_BD 1.812662 GB/s, SIZE 4.000000 GB, comm_vol 8.750000 GB
BRUCK: 9.657009 s, REAL_BD 1.812155 GB/s, SIZE 8.000000 GB, comm_vol 17.500000 GB
RD: 0.009029 s, REAL_BD 0.000231 GB/s, SIZE 0.000001 GB, comm_vol 0.000002 GB
RD: 0.009021 s, REAL_BD 0.000463 GB/s, SIZE 0.000002 GB, comm_vol 0.000004 GB
RD: 0.009057 s, REAL_BD 0.000921 GB/s, SIZE 0.000004 GB, comm_vol 0.000008 GB
RD: 0.009041 s, REAL_BD 0.001846 GB/s, SIZE 0.000008 GB, comm_vol 0.000017 GB
RD: 0.009002 s, REAL_BD 0.003708 GB/s, SIZE 0.000015 GB, comm_vol 0.000033 GB
RD: 0.008994 s, REAL_BD 0.007422 GB/s, SIZE 0.000031 GB, comm_vol 0.000067 GB
RD: 0.009055 s, REAL_BD 0.014745 GB/s, SIZE 0.000061 GB, comm_vol 0.000134 GB
RD: 0.009053 s, REAL_BD 0.029496 GB/s, SIZE 0.000122 GB, comm_vol 0.000267 GB
RD: 0.009125 s, REAL_BD 0.058527 GB/s, SIZE 0.000244 GB, comm_vol 0.000534 GB
RD: 0.009022 s, REAL_BD 0.118390 GB/s, SIZE 0.000488 GB, comm_vol 0.001068 GB
RD: 0.009322 s, REAL_BD 0.229160 GB/s, SIZE 0.000977 GB, comm_vol 0.002136 GB
RD: 0.010057 s, REAL_BD 0.424825 GB/s, SIZE 0.001953 GB, comm_vol 0.004272 GB
RD: 0.012767 s, REAL_BD 0.669298 GB/s, SIZE 0.003906 GB, comm_vol 0.008545 GB
RD: 0.018836 s, REAL_BD 0.907297 GB/s, SIZE 0.007812 GB, comm_vol 0.017090 GB
RD: 0.025804 s, REAL_BD 1.324589 GB/s, SIZE 0.015625 GB, comm_vol 0.034180 GB
RD: 0.042983 s, REAL_BD 1.590382 GB/s, SIZE 0.031250 GB, comm_vol 0.068359 GB
RD: 0.075384 s, REAL_BD 1.813631 GB/s, SIZE 0.062500 GB, comm_vol 0.136719 GB
RD: 0.196199 s, REAL_BD 1.393674 GB/s, SIZE 0.125000 GB, comm_vol 0.273438 GB
RD: 0.326936 s, REAL_BD 1.672728 GB/s, SIZE 0.250000 GB, comm_vol 0.546875 GB
RD: 0.585188 s, REAL_BD 1.869057 GB/s, SIZE 0.500000 GB, comm_vol 1.093750 GB
RD: 1.103029 s, REAL_BD 1.983175 GB/s, SIZE 1.000000 GB, comm_vol 2.187500 GB
RD: 2.154002 s, REAL_BD 2.031103 GB/s, SIZE 2.000000 GB, comm_vol 4.375000 GB
RD: 4.257789 s, REAL_BD 2.055057 GB/s, SIZE 4.000000 GB, comm_vol 8.750000 GB
RD: 8.455072 s, REAL_BD 2.069764 GB/s, SIZE 8.000000 GB, comm_vol 17.500000 GB
2DMESH: 0.008328 s, REAL_BD 0.000250 GB/s, SIZE 0.000001 GB, comm_vol 0.000002 GB
2DMESH: 0.011353 s, REAL_BD 0.000368 GB/s, SIZE 0.000002 GB, comm_vol 0.000004 GB
2DMESH: 0.008563 s, REAL_BD 0.000975 GB/s, SIZE 0.000004 GB, comm_vol 0.000008 GB
2DMESH: 0.008538 s, REAL_BD 0.001955 GB/s, SIZE 0.000008 GB, comm_vol 0.000017 GB
2DMESH: 0.008806 s, REAL_BD 0.003790 GB/s, SIZE 0.000015 GB, comm_vol 0.000033 GB
2DMESH: 0.008737 s, REAL_BD 0.007641 GB/s, SIZE 0.000031 GB, comm_vol 0.000067 GB
2DMESH: 0.017312 s, REAL_BD 0.007712 GB/s, SIZE 0.000061 GB, comm_vol 0.000134 GB
2DMESH: 0.010123 s, REAL_BD 0.026378 GB/s, SIZE 0.000122 GB, comm_vol 0.000267 GB
2DMESH: 0.016096 s, REAL_BD 0.033180 GB/s, SIZE 0.000244 GB, comm_vol 0.000534 GB
2DMESH: 0.009171 s, REAL_BD 0.116467 GB/s, SIZE 0.000488 GB, comm_vol 0.001068 GB
2DMESH: 0.016723 s, REAL_BD 0.127742 GB/s, SIZE 0.000977 GB, comm_vol 0.002136 GB
2DMESH: 0.010417 s, REAL_BD 0.410143 GB/s, SIZE 0.001953 GB, comm_vol 0.004272 GB
2DMESH: 0.019341 s, REAL_BD 0.441804 GB/s, SIZE 0.003906 GB, comm_vol 0.008545 GB
2DMESH: 0.016181 s, REAL_BD 1.056167 GB/s, SIZE 0.007812 GB, comm_vol 0.017090 GB
2DMESH: 0.032382 s, REAL_BD 1.055515 GB/s, SIZE 0.015625 GB, comm_vol 0.034180 GB
2DMESH: 0.041860 s, REAL_BD 1.633048 GB/s, SIZE 0.031250 GB, comm_vol 0.068359 GB
2DMESH: 0.072172 s, REAL_BD 1.894346 GB/s, SIZE 0.062500 GB, comm_vol 0.136719 GB
2DMESH: 0.135099 s, REAL_BD 2.023979 GB/s, SIZE 0.125000 GB, comm_vol 0.273438 GB
2DMESH: 0.260777 s, REAL_BD 2.097098 GB/s, SIZE 0.250000 GB, comm_vol 0.546875 GB
2DMESH: 0.513934 s, REAL_BD 2.128192 GB/s, SIZE 0.500000 GB, comm_vol 1.093750 GB
2DMESH: 1.023818 s, REAL_BD 2.136610 GB/s, SIZE 1.000000 GB, comm_vol 2.187500 GB
2DMESH: 2.042317 s, REAL_BD 2.142175 GB/s, SIZE 2.000000 GB, comm_vol 4.375000 GB
2DMESH: 4.088330 s, REAL_BD 2.140238 GB/s, SIZE 4.000000 GB, comm_vol 8.750000 GB
2DMESH: 8.195141 s, REAL_BD 2.135412 GB/s, SIZE 8.000000 GB, comm_vol 17.500000 GB
3DMESH: 0.004797 s, REAL_BD 0.000435 GB/s, SIZE 0.000001 GB, comm_vol 0.000002 GB
3DMESH: 0.004831 s, REAL_BD 0.000864 GB/s, SIZE 0.000002 GB, comm_vol 0.000004 GB
3DMESH: 0.004873 s, REAL_BD 0.001712 GB/s, SIZE 0.000004 GB, comm_vol 0.000008 GB
3DMESH: 0.004818 s, REAL_BD 0.003464 GB/s, SIZE 0.000008 GB, comm_vol 0.000017 GB
3DMESH: 0.004800 s, REAL_BD 0.006954 GB/s, SIZE 0.000015 GB, comm_vol 0.000033 GB
3DMESH: 0.004787 s, REAL_BD 0.013946 GB/s, SIZE 0.000031 GB, comm_vol 0.000067 GB
3DMESH: 0.004823 s, REAL_BD 0.027683 GB/s, SIZE 0.000061 GB, comm_vol 0.000134 GB
3DMESH: 0.004830 s, REAL_BD 0.055285 GB/s, SIZE 0.000122 GB, comm_vol 0.000267 GB
3DMESH: 0.005171 s, REAL_BD 0.103279 GB/s, SIZE 0.000244 GB, comm_vol 0.000534 GB
3DMESH: 0.005794 s, REAL_BD 0.184349 GB/s, SIZE 0.000488 GB, comm_vol 0.001068 GB
3DMESH: 0.007340 s, REAL_BD 0.291040 GB/s, SIZE 0.000977 GB, comm_vol 0.002136 GB
3DMESH: 0.008701 s, REAL_BD 0.491031 GB/s, SIZE 0.001953 GB, comm_vol 0.004272 GB
3DMESH: 0.011839 s, REAL_BD 0.721760 GB/s, SIZE 0.003906 GB, comm_vol 0.008545 GB
3DMESH: 0.018623 s, REAL_BD 0.917674 GB/s, SIZE 0.007812 GB, comm_vol 0.017090 GB
3DMESH: 0.026956 s, REAL_BD 1.267981 GB/s, SIZE 0.015625 GB, comm_vol 0.034180 GB
3DMESH: 0.045759 s, REAL_BD 1.493900 GB/s, SIZE 0.031250 GB, comm_vol 0.068359 GB
3DMESH: 0.082802 s, REAL_BD 1.651153 GB/s, SIZE 0.062500 GB, comm_vol 0.136719 GB
3DMESH: 0.158381 s, REAL_BD 1.726454 GB/s, SIZE 0.125000 GB, comm_vol 0.273438 GB
3DMESH: 0.306286 s, REAL_BD 1.785504 GB/s, SIZE 0.250000 GB, comm_vol 0.546875 GB
3DMESH: 0.603526 s, REAL_BD 1.812267 GB/s, SIZE 0.500000 GB, comm_vol 1.093750 GB
3DMESH: 1.197526 s, REAL_BD 1.826683 GB/s, SIZE 1.000000 GB, comm_vol 2.187500 GB
3DMESH: 2.389740 s, REAL_BD 1.830743 GB/s, SIZE 2.000000 GB, comm_vol 4.375000 GB
3DMESH: 4.773828 s, REAL_BD 1.832911 GB/s, SIZE 4.000000 GB, comm_vol 8.750000 GB
3DMESH: 9.548375 s, REAL_BD 1.832773 GB/s, SIZE 8.000000 GB, comm_vol 17.500000 GB
GPU_NUM: 16
CUDA_VISIBLE_DEVICES: 
srun: job 151994 queued and waiting for resources
srun: job 151994 has been allocated resources
SC0: 0.009770 s, REAL_BD 0.000114 GB/s, SIZE 0.000001 GB, comm_vol 0.000001 GB
SC0: 0.024898 s, REAL_BD 0.000090 GB/s, SIZE 0.000002 GB, comm_vol 0.000002 GB
SC0: 0.002472 s, REAL_BD 0.001808 GB/s, SIZE 0.000004 GB, comm_vol 0.000004 GB
SC0: 0.015430 s, REAL_BD 0.000579 GB/s, SIZE 0.000008 GB, comm_vol 0.000009 GB
SC0: 0.002353 s, REAL_BD 0.007599 GB/s, SIZE 0.000015 GB, comm_vol 0.000018 GB
SC0: 0.013047 s, REAL_BD 0.002741 GB/s, SIZE 0.000031 GB, comm_vol 0.000036 GB
SC0: 0.003066 s, REAL_BD 0.023329 GB/s, SIZE 0.000061 GB, comm_vol 0.000072 GB
SC0: 0.015528 s, REAL_BD 0.009212 GB/s, SIZE 0.000122 GB, comm_vol 0.000143 GB
SC0: 0.002408 s, REAL_BD 0.118813 GB/s, SIZE 0.000244 GB, comm_vol 0.000286 GB
SC0: 0.002351 s, REAL_BD 0.243388 GB/s, SIZE 0.000488 GB, comm_vol 0.000572 GB
SC0: 0.005035 s, REAL_BD 0.227291 GB/s, SIZE 0.000977 GB, comm_vol 0.001144 GB
SC0: 0.003235 s, REAL_BD 0.707517 GB/s, SIZE 0.001953 GB, comm_vol 0.002289 GB
SC0: 0.006058 s, REAL_BD 0.755635 GB/s, SIZE 0.003906 GB, comm_vol 0.004578 GB
SC0: 0.010892 s, REAL_BD 0.840550 GB/s, SIZE 0.007812 GB, comm_vol 0.009155 GB
SC0: 0.027609 s, REAL_BD 0.663209 GB/s, SIZE 0.015625 GB, comm_vol 0.018311 GB
SC0: 0.053673 s, REAL_BD 0.682300 GB/s, SIZE 0.031250 GB, comm_vol 0.036621 GB
SC0: 0.105566 s, REAL_BD 0.693805 GB/s, SIZE 0.062500 GB, comm_vol 0.073242 GB
SC0: 0.206798 s, REAL_BD 0.708345 GB/s, SIZE 0.125000 GB, comm_vol 0.146484 GB
SC0: 0.411811 s, REAL_BD 0.711416 GB/s, SIZE 0.250000 GB, comm_vol 0.292969 GB
SC0: 0.818651 s, REAL_BD 0.715735 GB/s, SIZE 0.500000 GB, comm_vol 0.585938 GB
SC0: 1.634896 s, REAL_BD 0.716789 GB/s, SIZE 1.000000 GB, comm_vol 1.171875 GB
SC0: 3.271592 s, REAL_BD 0.716394 GB/s, SIZE 2.000000 GB, comm_vol 2.343750 GB
SC0: 6.549244 s, REAL_BD 0.715731 GB/s, SIZE 4.000000 GB, comm_vol 4.687500 GB
SC0: 13.101074 s, REAL_BD 0.715590 GB/s, SIZE 8.000000 GB, comm_vol 9.375000 GB
SC1: 0.003374 s, REAL_BD 0.000331 GB/s, SIZE 0.000001 GB, comm_vol 0.000001 GB
SC1: 0.003878 s, REAL_BD 0.000576 GB/s, SIZE 0.000002 GB, comm_vol 0.000002 GB
SC1: 0.001702 s, REAL_BD 0.002627 GB/s, SIZE 0.000004 GB, comm_vol 0.000004 GB
SC1: 0.003821 s, REAL_BD 0.002340 GB/s, SIZE 0.000008 GB, comm_vol 0.000009 GB
SC1: 0.001612 s, REAL_BD 0.011093 GB/s, SIZE 0.000015 GB, comm_vol 0.000018 GB
SC1: 0.001625 s, REAL_BD 0.022008 GB/s, SIZE 0.000031 GB, comm_vol 0.000036 GB
SC1: 0.002316 s, REAL_BD 0.030883 GB/s, SIZE 0.000061 GB, comm_vol 0.000072 GB
SC1: 0.009436 s, REAL_BD 0.015160 GB/s, SIZE 0.000122 GB, comm_vol 0.000143 GB
SC1: 0.001942 s, REAL_BD 0.147324 GB/s, SIZE 0.000244 GB, comm_vol 0.000286 GB
SC1: 0.009077 s, REAL_BD 0.063039 GB/s, SIZE 0.000488 GB, comm_vol 0.000572 GB
SC1: 0.002324 s, REAL_BD 0.492431 GB/s, SIZE 0.000977 GB, comm_vol 0.001144 GB
SC1: 0.009869 s, REAL_BD 0.231920 GB/s, SIZE 0.001953 GB, comm_vol 0.002289 GB
SC1: 0.006747 s, REAL_BD 0.678470 GB/s, SIZE 0.003906 GB, comm_vol 0.004578 GB
SC1: 0.014729 s, REAL_BD 0.621581 GB/s, SIZE 0.007812 GB, comm_vol 0.009155 GB
SC1: 0.026983 s, REAL_BD 0.678596 GB/s, SIZE 0.015625 GB, comm_vol 0.018311 GB
SC1: 0.054752 s, REAL_BD 0.668854 GB/s, SIZE 0.031250 GB, comm_vol 0.036621 GB
SC1: 0.105507 s, REAL_BD 0.694193 GB/s, SIZE 0.062500 GB, comm_vol 0.073242 GB
SC1: 0.207196 s, REAL_BD 0.706985 GB/s, SIZE 0.125000 GB, comm_vol 0.146484 GB
SC1: 0.371464 s, REAL_BD 0.788687 GB/s, SIZE 0.250000 GB, comm_vol 0.292969 GB
SC1: 0.818896 s, REAL_BD 0.715521 GB/s, SIZE 0.500000 GB, comm_vol 0.585938 GB
SC1: 1.255615 s, REAL_BD 0.933308 GB/s, SIZE 1.000000 GB, comm_vol 1.171875 GB
SC1: 3.272151 s, REAL_BD 0.716272 GB/s, SIZE 2.000000 GB, comm_vol 2.343750 GB
SC1: 6.542817 s, REAL_BD 0.716435 GB/s, SIZE 4.000000 GB, comm_vol 4.687500 GB
SC1: 13.092567 s, REAL_BD 0.716055 GB/s, SIZE 8.000000 GB, comm_vol 9.375000 GB
SC4: 0.014399 s, REAL_BD 0.000078 GB/s, SIZE 0.000001 GB, comm_vol 0.000001 GB
SC4: 0.007120 s, REAL_BD 0.000314 GB/s, SIZE 0.000002 GB, comm_vol 0.000002 GB
SC4: 0.011844 s, REAL_BD 0.000377 GB/s, SIZE 0.000004 GB, comm_vol 0.000004 GB
SC4: 0.006195 s, REAL_BD 0.001443 GB/s, SIZE 0.000008 GB, comm_vol 0.000009 GB
SC4: 0.011159 s, REAL_BD 0.001602 GB/s, SIZE 0.000015 GB, comm_vol 0.000018 GB
SC4: 0.007094 s, REAL_BD 0.005041 GB/s, SIZE 0.000031 GB, comm_vol 0.000036 GB
SC4: 0.011343 s, REAL_BD 0.006306 GB/s, SIZE 0.000061 GB, comm_vol 0.000072 GB
SC4: 0.007092 s, REAL_BD 0.020171 GB/s, SIZE 0.000122 GB, comm_vol 0.000143 GB
SC4: 0.007239 s, REAL_BD 0.039522 GB/s, SIZE 0.000244 GB, comm_vol 0.000286 GB
SC4: 0.007531 s, REAL_BD 0.075980 GB/s, SIZE 0.000488 GB, comm_vol 0.000572 GB
SC4: 0.007955 s, REAL_BD 0.143860 GB/s, SIZE 0.000977 GB, comm_vol 0.001144 GB
SC4: 0.009046 s, REAL_BD 0.253020 GB/s, SIZE 0.001953 GB, comm_vol 0.002289 GB
SC4: 0.013764 s, REAL_BD 0.332580 GB/s, SIZE 0.003906 GB, comm_vol 0.004578 GB
SC4: 0.015739 s, REAL_BD 0.581693 GB/s, SIZE 0.007812 GB, comm_vol 0.009155 GB
SC4: 0.035398 s, REAL_BD 0.517276 GB/s, SIZE 0.015625 GB, comm_vol 0.018311 GB
SC4: 0.067216 s, REAL_BD 0.544827 GB/s, SIZE 0.031250 GB, comm_vol 0.036621 GB
SC4: 0.125223 s, REAL_BD 0.584894 GB/s, SIZE 0.062500 GB, comm_vol 0.073242 GB
SC4: 0.241780 s, REAL_BD 0.605858 GB/s, SIZE 0.125000 GB, comm_vol 0.146484 GB
SC4: 0.473625 s, REAL_BD 0.618567 GB/s, SIZE 0.250000 GB, comm_vol 0.292969 GB
SC4: 0.934370 s, REAL_BD 0.627094 GB/s, SIZE 0.500000 GB, comm_vol 0.585938 GB
SC4: 1.859355 s, REAL_BD 0.630259 GB/s, SIZE 1.000000 GB, comm_vol 1.171875 GB
SC4: 3.736094 s, REAL_BD 0.627326 GB/s, SIZE 2.000000 GB, comm_vol 2.343750 GB
SC4: 7.493325 s, REAL_BD 0.625557 GB/s, SIZE 4.000000 GB, comm_vol 4.687500 GB
SC4: 15.016597 s, REAL_BD 0.624309 GB/s, SIZE 8.000000 GB, comm_vol 9.375000 GB
BRUCK: 0.025734 s, REAL_BD 0.000043 GB/s, SIZE 0.000001 GB, comm_vol 0.000001 GB
BRUCK: 0.026140 s, REAL_BD 0.000086 GB/s, SIZE 0.000002 GB, comm_vol 0.000002 GB
BRUCK: 0.026300 s, REAL_BD 0.000170 GB/s, SIZE 0.000004 GB, comm_vol 0.000004 GB
BRUCK: 0.026257 s, REAL_BD 0.000341 GB/s, SIZE 0.000008 GB, comm_vol 0.000009 GB
BRUCK: 0.026122 s, REAL_BD 0.000685 GB/s, SIZE 0.000015 GB, comm_vol 0.000018 GB
BRUCK: 0.025897 s, REAL_BD 0.001381 GB/s, SIZE 0.000031 GB, comm_vol 0.000036 GB
BRUCK: 0.026092 s, REAL_BD 0.002741 GB/s, SIZE 0.000061 GB, comm_vol 0.000072 GB
BRUCK: 0.025920 s, REAL_BD 0.005519 GB/s, SIZE 0.000122 GB, comm_vol 0.000143 GB
BRUCK: 0.025991 s, REAL_BD 0.011008 GB/s, SIZE 0.000244 GB, comm_vol 0.000286 GB
BRUCK: 0.026138 s, REAL_BD 0.021892 GB/s, SIZE 0.000488 GB, comm_vol 0.000572 GB
BRUCK: 0.026300 s, REAL_BD 0.043514 GB/s, SIZE 0.000977 GB, comm_vol 0.001144 GB
BRUCK: 0.026914 s, REAL_BD 0.085042 GB/s, SIZE 0.001953 GB, comm_vol 0.002289 GB
BRUCK: 0.027995 s, REAL_BD 0.163516 GB/s, SIZE 0.003906 GB, comm_vol 0.004578 GB
BRUCK: 0.032879 s, REAL_BD 0.278454 GB/s, SIZE 0.007812 GB, comm_vol 0.009155 GB
BRUCK: 0.049550 s, REAL_BD 0.369537 GB/s, SIZE 0.015625 GB, comm_vol 0.018311 GB
BRUCK: 0.083184 s, REAL_BD 0.440242 GB/s, SIZE 0.031250 GB, comm_vol 0.036621 GB
BRUCK: 0.152102 s, REAL_BD 0.481533 GB/s, SIZE 0.062500 GB, comm_vol 0.073242 GB
BRUCK: 0.284244 s, REAL_BD 0.515347 GB/s, SIZE 0.125000 GB, comm_vol 0.146484 GB
BRUCK: 0.555768 s, REAL_BD 0.527142 GB/s, SIZE 0.250000 GB, comm_vol 0.292969 GB
BRUCK: 1.097102 s, REAL_BD 0.534078 GB/s, SIZE 0.500000 GB, comm_vol 0.585938 GB
BRUCK: 2.199468 s, REAL_BD 0.532799 GB/s, SIZE 1.000000 GB, comm_vol 1.171875 GB
BRUCK: 4.405863 s, REAL_BD 0.531962 GB/s, SIZE 2.000000 GB, comm_vol 2.343750 GB
BRUCK: 8.829424 s, REAL_BD 0.530895 GB/s, SIZE 4.000000 GB, comm_vol 4.687500 GB
BRUCK: 17.670210 s, REAL_BD 0.530554 GB/s, SIZE 8.000000 GB, comm_vol 9.375000 GB
RD: 0.024776 s, REAL_BD 0.000045 GB/s, SIZE 0.000001 GB, comm_vol 0.000001 GB
RD: 0.027105 s, REAL_BD 0.000082 GB/s, SIZE 0.000002 GB, comm_vol 0.000002 GB
RD: 0.024964 s, REAL_BD 0.000179 GB/s, SIZE 0.000004 GB, comm_vol 0.000004 GB
RD: 0.025218 s, REAL_BD 0.000355 GB/s, SIZE 0.000008 GB, comm_vol 0.000009 GB
RD: 0.024913 s, REAL_BD 0.000718 GB/s, SIZE 0.000015 GB, comm_vol 0.000018 GB
RD: 0.025013 s, REAL_BD 0.001430 GB/s, SIZE 0.000031 GB, comm_vol 0.000036 GB
RD: 0.024932 s, REAL_BD 0.002869 GB/s, SIZE 0.000061 GB, comm_vol 0.000072 GB
RD: 0.028084 s, REAL_BD 0.005094 GB/s, SIZE 0.000122 GB, comm_vol 0.000143 GB
RD: 0.025012 s, REAL_BD 0.011439 GB/s, SIZE 0.000244 GB, comm_vol 0.000286 GB
RD: 0.025372 s, REAL_BD 0.022553 GB/s, SIZE 0.000488 GB, comm_vol 0.000572 GB
RD: 0.025033 s, REAL_BD 0.045716 GB/s, SIZE 0.000977 GB, comm_vol 0.001144 GB
RD: 0.025238 s, REAL_BD 0.090689 GB/s, SIZE 0.001953 GB, comm_vol 0.002289 GB
RD: 0.027251 s, REAL_BD 0.167981 GB/s, SIZE 0.003906 GB, comm_vol 0.004578 GB
RD: 0.030126 s, REAL_BD 0.303899 GB/s, SIZE 0.007812 GB, comm_vol 0.009155 GB
RD: 0.043886 s, REAL_BD 0.417230 GB/s, SIZE 0.015625 GB, comm_vol 0.018311 GB
RD: 0.073176 s, REAL_BD 0.500452 GB/s, SIZE 0.031250 GB, comm_vol 0.036621 GB
RD: 0.121321 s, REAL_BD 0.603706 GB/s, SIZE 0.062500 GB, comm_vol 0.073242 GB
RD: 0.222501 s, REAL_BD 0.658354 GB/s, SIZE 0.125000 GB, comm_vol 0.146484 GB
RD: 0.424105 s, REAL_BD 0.690793 GB/s, SIZE 0.250000 GB, comm_vol 0.292969 GB
RD: 0.880565 s, REAL_BD 0.665411 GB/s, SIZE 0.500000 GB, comm_vol 0.585938 GB
RD: 1.686457 s, REAL_BD 0.694874 GB/s, SIZE 1.000000 GB, comm_vol 1.171875 GB
RD: 3.296974 s, REAL_BD 0.710879 GB/s, SIZE 2.000000 GB, comm_vol 2.343750 GB
RD: 6.514167 s, REAL_BD 0.719585 GB/s, SIZE 4.000000 GB, comm_vol 4.687500 GB
RD: 12.976619 s, REAL_BD 0.722453 GB/s, SIZE 8.000000 GB, comm_vol 9.375000 GB
2DMESH: 0.018497 s, REAL_BD 0.000060 GB/s, SIZE 0.000001 GB, comm_vol 0.000001 GB
2DMESH: 0.016500 s, REAL_BD 0.000135 GB/s, SIZE 0.000002 GB, comm_vol 0.000002 GB
2DMESH: 0.017282 s, REAL_BD 0.000259 GB/s, SIZE 0.000004 GB, comm_vol 0.000004 GB
2DMESH: 0.016836 s, REAL_BD 0.000531 GB/s, SIZE 0.000008 GB, comm_vol 0.000009 GB
2DMESH: 0.017181 s, REAL_BD 0.001041 GB/s, SIZE 0.000015 GB, comm_vol 0.000018 GB
2DMESH: 0.017266 s, REAL_BD 0.002071 GB/s, SIZE 0.000031 GB, comm_vol 0.000036 GB
2DMESH: 0.025746 s, REAL_BD 0.002778 GB/s, SIZE 0.000061 GB, comm_vol 0.000072 GB
2DMESH: 0.018951 s, REAL_BD 0.007548 GB/s, SIZE 0.000122 GB, comm_vol 0.000143 GB
2DMESH: 0.025214 s, REAL_BD 0.011347 GB/s, SIZE 0.000244 GB, comm_vol 0.000286 GB
2DMESH: 0.018692 s, REAL_BD 0.030612 GB/s, SIZE 0.000488 GB, comm_vol 0.000572 GB
2DMESH: 0.025872 s, REAL_BD 0.044234 GB/s, SIZE 0.000977 GB, comm_vol 0.001144 GB
2DMESH: 0.019585 s, REAL_BD 0.116866 GB/s, SIZE 0.001953 GB, comm_vol 0.002289 GB
2DMESH: 0.028876 s, REAL_BD 0.158527 GB/s, SIZE 0.003906 GB, comm_vol 0.004578 GB
2DMESH: 0.026325 s, REAL_BD 0.347779 GB/s, SIZE 0.007812 GB, comm_vol 0.009155 GB
2DMESH: 0.044220 s, REAL_BD 0.414078 GB/s, SIZE 0.015625 GB, comm_vol 0.018311 GB
2DMESH: 0.058086 s, REAL_BD 0.630463 GB/s, SIZE 0.031250 GB, comm_vol 0.036621 GB
2DMESH: 0.100216 s, REAL_BD 0.730843 GB/s, SIZE 0.062500 GB, comm_vol 0.073242 GB
2DMESH: 0.186554 s, REAL_BD 0.785212 GB/s, SIZE 0.125000 GB, comm_vol 0.146484 GB
2DMESH: 0.356476 s, REAL_BD 0.821847 GB/s, SIZE 0.250000 GB, comm_vol 0.292969 GB
2DMESH: 0.695390 s, REAL_BD 0.842603 GB/s, SIZE 0.500000 GB, comm_vol 0.585938 GB
2DMESH: 1.385938 s, REAL_BD 0.845546 GB/s, SIZE 1.000000 GB, comm_vol 1.171875 GB
2DMESH: 2.756385 s, REAL_BD 0.850298 GB/s, SIZE 2.000000 GB, comm_vol 2.343750 GB
2DMESH: 5.501975 s, REAL_BD 0.851967 GB/s, SIZE 4.000000 GB, comm_vol 4.687500 GB
2DMESH: 11.000023 s, REAL_BD 0.852271 GB/s, SIZE 8.000000 GB, comm_vol 9.375000 GB
3DMESH: 0.010661 s, REAL_BD 0.000105 GB/s, SIZE 0.000001 GB, comm_vol 0.000001 GB
3DMESH: 0.010490 s, REAL_BD 0.000213 GB/s, SIZE 0.000002 GB, comm_vol 0.000002 GB
3DMESH: 0.010501 s, REAL_BD 0.000426 GB/s, SIZE 0.000004 GB, comm_vol 0.000004 GB
3DMESH: 0.010501 s, REAL_BD 0.000851 GB/s, SIZE 0.000008 GB, comm_vol 0.000009 GB
3DMESH: 0.010569 s, REAL_BD 0.001692 GB/s, SIZE 0.000015 GB, comm_vol 0.000018 GB
3DMESH: 0.010599 s, REAL_BD 0.003374 GB/s, SIZE 0.000031 GB, comm_vol 0.000036 GB
3DMESH: 0.010671 s, REAL_BD 0.006703 GB/s, SIZE 0.000061 GB, comm_vol 0.000072 GB
3DMESH: 0.010813 s, REAL_BD 0.013230 GB/s, SIZE 0.000122 GB, comm_vol 0.000143 GB
3DMESH: 0.011100 s, REAL_BD 0.025775 GB/s, SIZE 0.000244 GB, comm_vol 0.000286 GB
3DMESH: 0.011545 s, REAL_BD 0.049563 GB/s, SIZE 0.000488 GB, comm_vol 0.000572 GB
3DMESH: 0.012792 s, REAL_BD 0.089463 GB/s, SIZE 0.000977 GB, comm_vol 0.001144 GB
3DMESH: 0.014918 s, REAL_BD 0.153427 GB/s, SIZE 0.001953 GB, comm_vol 0.002289 GB
3DMESH: 0.019566 s, REAL_BD 0.233959 GB/s, SIZE 0.003906 GB, comm_vol 0.004578 GB
3DMESH: 0.024247 s, REAL_BD 0.377584 GB/s, SIZE 0.007812 GB, comm_vol 0.009155 GB
3DMESH: 0.037542 s, REAL_BD 0.487735 GB/s, SIZE 0.015625 GB, comm_vol 0.018311 GB
3DMESH: 0.065827 s, REAL_BD 0.556323 GB/s, SIZE 0.031250 GB, comm_vol 0.036621 GB
3DMESH: 0.118148 s, REAL_BD 0.619919 GB/s, SIZE 0.062500 GB, comm_vol 0.073242 GB
3DMESH: 0.220801 s, REAL_BD 0.663423 GB/s, SIZE 0.125000 GB, comm_vol 0.146484 GB
3DMESH: 0.425627 s, REAL_BD 0.688323 GB/s, SIZE 0.250000 GB, comm_vol 0.292969 GB
3DMESH: 0.832341 s, REAL_BD 0.703963 GB/s, SIZE 0.500000 GB, comm_vol 0.585938 GB
3DMESH: 1.658679 s, REAL_BD 0.706511 GB/s, SIZE 1.000000 GB, comm_vol 1.171875 GB
3DMESH: 3.323859 s, REAL_BD 0.705129 GB/s, SIZE 2.000000 GB, comm_vol 2.343750 GB
3DMESH: 6.644354 s, REAL_BD 0.705486 GB/s, SIZE 4.000000 GB, comm_vol 4.687500 GB
3DMESH: 13.299657 s, REAL_BD 0.704905 GB/s, SIZE 8.000000 GB, comm_vol 9.375000 GB

make -C csrc clean
make[1]: Entering directory '/home/yhy/fold/comm_test/csrc'
rm *.o all2all_test
make[1]: Leaving directory '/home/yhy/fold/comm_test/csrc'
make -C csrc
make[1]: Entering directory '/home/yhy/fold/comm_test/csrc'
nvcc all2all_test.cu -std=c++11 -Xcompiler -fopenmp -I/home/yhy/.local/nccl/build/include -L/home/yhy/.local/nccl/build/lib/ "-gencode=arch=compute_80,code=sm_80" -lnccl -lcudart -c -o all2all_test.o
nvcc comm.cu -std=c++11 -Xcompiler -fopenmp -I/home/yhy/.local/nccl/build/include -L/home/yhy/.local/nccl/build/lib/ "-gencode=arch=compute_80,code=sm_80" -lnccl -lcudart -c -o comm.o
"`which mpicxx`" all2all_test.o comm.o -std=c++11 -fopenmp -L/home/yhy/.local/nccl/build/lib -lcudart -lnccl -Wall -o all2all_test -Wl,-rpath=/home/yhy/.local/nccl/build/lib
make[1]: Leaving directory '/home/yhy/fold/comm_test/csrc'
GPU_NUM: 4
CUDA_VISIBLE_DEVICES: 
srun: error: Required nodelist includes more nodes than permitted by max-node count (2 > 1). Eliminating nodes from the nodelist.
SC0: 0.002896 s, REAL_BD 0.729365 GB/s, SIZE 0.000563 GB, comm_vol 0.002112 GB
SC0: 0.007137 s, REAL_BD 0.591912 GB/s, SIZE 0.001127 GB, comm_vol 0.004224 GB
SC0: 0.004589 s, REAL_BD 1.841133 GB/s, SIZE 0.002253 GB, comm_vol 0.008449 GB
SC0: 0.008844 s, REAL_BD 1.910664 GB/s, SIZE 0.004506 GB, comm_vol 0.016898 GB
SC0: 0.014800 s, REAL_BD 2.283502 GB/s, SIZE 0.009012 GB, comm_vol 0.033796 GB
SC0: 0.028288 s, REAL_BD 2.389411 GB/s, SIZE 0.018024 GB, comm_vol 0.067592 GB
SC0: 0.054664 s, REAL_BD 2.472987 GB/s, SIZE 0.036049 GB, comm_vol 0.135183 GB
SC0: 0.104935 s, REAL_BD 2.576516 GB/s, SIZE 0.072098 GB, comm_vol 0.270367 GB
SC0: 0.204469 s, REAL_BD 2.644574 GB/s, SIZE 0.144196 GB, comm_vol 0.540733 GB
SC0: 0.403553 s, REAL_BD 2.679863 GB/s, SIZE 0.288391 GB, comm_vol 1.081467 GB
SC0: 0.724556 s, REAL_BD 2.985185 GB/s, SIZE 0.576782 GB, comm_vol 2.162933 GB
SC0: 1.606705 s, REAL_BD 2.692384 GB/s, SIZE 1.153564 GB, comm_vol 4.325867 GB
SC0: 2.464146 s, REAL_BD 3.511047 GB/s, SIZE 2.307129 GB, comm_vol 8.651733 GB
SC0: 6.421666 s, REAL_BD 2.694545 GB/s, SIZE 4.614258 GB, comm_vol 17.303467 GB
SC0: 12.859782 s, REAL_BD 2.691098 GB/s, SIZE 9.228516 GB, comm_vol 34.606934 GB
SC0: 25.721717 s, REAL_BD 2.690873 GB/s, SIZE 18.457031 GB, comm_vol 69.213867 GB
SC1: 0.007306 s, REAL_BD 0.289110 GB/s, SIZE 0.000563 GB, comm_vol 0.002112 GB
SC1: 0.003014 s, REAL_BD 1.401619 GB/s, SIZE 0.001127 GB, comm_vol 0.004224 GB
SC1: 0.007627 s, REAL_BD 1.107770 GB/s, SIZE 0.002253 GB, comm_vol 0.008449 GB
SC1: 0.008432 s, REAL_BD 2.004022 GB/s, SIZE 0.004506 GB, comm_vol 0.016898 GB
SC1: 0.015850 s, REAL_BD 2.132229 GB/s, SIZE 0.009012 GB, comm_vol 0.033796 GB
SC1: 0.027758 s, REAL_BD 2.435034 GB/s, SIZE 0.018024 GB, comm_vol 0.067592 GB
SC1: 0.055219 s, REAL_BD 2.448131 GB/s, SIZE 0.036049 GB, comm_vol 0.135183 GB
SC1: 0.105405 s, REAL_BD 2.565027 GB/s, SIZE 0.072098 GB, comm_vol 0.270367 GB
SC1: 0.205173 s, REAL_BD 2.635499 GB/s, SIZE 0.144196 GB, comm_vol 0.540733 GB
SC1: 0.391461 s, REAL_BD 2.762642 GB/s, SIZE 0.288391 GB, comm_vol 1.081467 GB
SC1: 0.805511 s, REAL_BD 2.685169 GB/s, SIZE 0.576782 GB, comm_vol 2.162933 GB
SC1: 1.342016 s, REAL_BD 3.223409 GB/s, SIZE 1.153564 GB, comm_vol 4.325867 GB
SC1: 3.216204 s, REAL_BD 2.690045 GB/s, SIZE 2.307129 GB, comm_vol 8.651733 GB
SC1: 4.503335 s, REAL_BD 3.842367 GB/s, SIZE 4.614258 GB, comm_vol 17.303467 GB
SC1: 12.867434 s, REAL_BD 2.689498 GB/s, SIZE 9.228516 GB, comm_vol 34.606934 GB
SC1: 25.736765 s, REAL_BD 2.689299 GB/s, SIZE 18.457031 GB, comm_vol 69.213867 GB
SC4: 0.004408 s, REAL_BD 0.479183 GB/s, SIZE 0.000563 GB, comm_vol 0.002112 GB
SC4: 0.008941 s, REAL_BD 0.472484 GB/s, SIZE 0.001127 GB, comm_vol 0.004224 GB
SC4: 0.006198 s, REAL_BD 1.363175 GB/s, SIZE 0.002253 GB, comm_vol 0.008449 GB
SC4: 0.010332 s, REAL_BD 1.635493 GB/s, SIZE 0.004506 GB, comm_vol 0.016898 GB
SC4: 0.016213 s, REAL_BD 2.084490 GB/s, SIZE 0.009012 GB, comm_vol 0.033796 GB
SC4: 0.030726 s, REAL_BD 2.199820 GB/s, SIZE 0.018024 GB, comm_vol 0.067592 GB
SC4: 0.058039 s, REAL_BD 2.329181 GB/s, SIZE 0.036049 GB, comm_vol 0.135183 GB
SC4: 0.105025 s, REAL_BD 2.574308 GB/s, SIZE 0.072098 GB, comm_vol 0.270367 GB
SC4: 0.202990 s, REAL_BD 2.663842 GB/s, SIZE 0.144196 GB, comm_vol 0.540733 GB
SC4: 0.398168 s, REAL_BD 2.716106 GB/s, SIZE 0.288391 GB, comm_vol 1.081467 GB
SC4: 0.711559 s, REAL_BD 3.039710 GB/s, SIZE 0.576782 GB, comm_vol 2.162933 GB
SC4: 1.574945 s, REAL_BD 2.746678 GB/s, SIZE 1.153564 GB, comm_vol 4.325867 GB
SC4: 2.412969 s, REAL_BD 3.585514 GB/s, SIZE 2.307129 GB, comm_vol 8.651733 GB
SC4: 6.289396 s, REAL_BD 2.751213 GB/s, SIZE 4.614258 GB, comm_vol 17.303467 GB
SC4: 12.583155 s, REAL_BD 2.750259 GB/s, SIZE 9.228516 GB, comm_vol 34.606934 GB
SC4: 25.148153 s, REAL_BD 2.752245 GB/s, SIZE 18.457031 GB, comm_vol 69.213867 GB
BRUCK: 0.004373 s, REAL_BD 0.483018 GB/s, SIZE 0.000563 GB, comm_vol 0.002112 GB
BRUCK: 0.004652 s, REAL_BD 0.908100 GB/s, SIZE 0.001127 GB, comm_vol 0.004224 GB
BRUCK: 0.006539 s, REAL_BD 1.292087 GB/s, SIZE 0.002253 GB, comm_vol 0.008449 GB
BRUCK: 0.010655 s, REAL_BD 1.585914 GB/s, SIZE 0.004506 GB, comm_vol 0.016898 GB
BRUCK: 0.018255 s, REAL_BD 1.851319 GB/s, SIZE 0.009012 GB, comm_vol 0.033796 GB
BRUCK: 0.033723 s, REAL_BD 2.004320 GB/s, SIZE 0.018024 GB, comm_vol 0.067592 GB
BRUCK: 0.062839 s, REAL_BD 2.151265 GB/s, SIZE 0.036049 GB, comm_vol 0.135183 GB
BRUCK: 0.116563 s, REAL_BD 2.319490 GB/s, SIZE 0.072098 GB, comm_vol 0.270367 GB
BRUCK: 0.225182 s, REAL_BD 2.401317 GB/s, SIZE 0.144196 GB, comm_vol 0.540733 GB
BRUCK: 0.441229 s, REAL_BD 2.451033 GB/s, SIZE 0.288391 GB, comm_vol 1.081467 GB
BRUCK: 0.876366 s, REAL_BD 2.468071 GB/s, SIZE 0.576782 GB, comm_vol 2.162933 GB
BRUCK: 1.743443 s, REAL_BD 2.481221 GB/s, SIZE 1.153564 GB, comm_vol 4.325867 GB
BRUCK: 3.483793 s, REAL_BD 2.483423 GB/s, SIZE 2.307129 GB, comm_vol 8.651733 GB
BRUCK: 6.969790 s, REAL_BD 2.482638 GB/s, SIZE 4.614258 GB, comm_vol 17.303467 GB
BRUCK: 13.945170 s, REAL_BD 2.481643 GB/s, SIZE 9.228516 GB, comm_vol 34.606934 GB
BRUCK: 27.881616 s, REAL_BD 2.482419 GB/s, SIZE 18.457031 GB, comm_vol 69.213867 GB
RD: 0.004330 s, REAL_BD 0.487815 GB/s, SIZE 0.000563 GB, comm_vol 0.002112 GB
RD: 0.004640 s, REAL_BD 0.910448 GB/s, SIZE 0.001127 GB, comm_vol 0.004224 GB
RD: 0.006821 s, REAL_BD 1.238669 GB/s, SIZE 0.002253 GB, comm_vol 0.008449 GB
RD: 0.009094 s, REAL_BD 1.858139 GB/s, SIZE 0.004506 GB, comm_vol 0.016898 GB
RD: 0.015307 s, REAL_BD 2.207868 GB/s, SIZE 0.009012 GB, comm_vol 0.033796 GB
RD: 0.027640 s, REAL_BD 2.445429 GB/s, SIZE 0.018024 GB, comm_vol 0.067592 GB
RD: 0.077426 s, REAL_BD 1.745968 GB/s, SIZE 0.036049 GB, comm_vol 0.135183 GB
RD: 0.122301 s, REAL_BD 2.210666 GB/s, SIZE 0.072098 GB, comm_vol 0.270367 GB
RD: 0.204626 s, REAL_BD 2.642545 GB/s, SIZE 0.144196 GB, comm_vol 0.540733 GB
RD: 0.401846 s, REAL_BD 2.691247 GB/s, SIZE 0.288391 GB, comm_vol 1.081467 GB
RD: 0.733460 s, REAL_BD 2.948945 GB/s, SIZE 0.576782 GB, comm_vol 2.162933 GB
RD: 1.435400 s, REAL_BD 3.013701 GB/s, SIZE 1.153564 GB, comm_vol 4.325867 GB
RD: 2.835800 s, REAL_BD 3.050897 GB/s, SIZE 2.307129 GB, comm_vol 8.651733 GB
RD: 5.655698 s, REAL_BD 3.059475 GB/s, SIZE 4.614258 GB, comm_vol 17.303467 GB
RD: 11.272549 s, REAL_BD 3.070018 GB/s, SIZE 9.228516 GB, comm_vol 34.606934 GB
RD: 22.516743 s, REAL_BD 3.073884 GB/s, SIZE 18.457031 GB, comm_vol 69.213867 GB
2DMESH: 0.009974 s, REAL_BD 0.211775 GB/s, SIZE 0.000563 GB, comm_vol 0.002112 GB
2DMESH: 0.007110 s, REAL_BD 0.594160 GB/s, SIZE 0.001127 GB, comm_vol 0.004224 GB
2DMESH: 0.011543 s, REAL_BD 0.731955 GB/s, SIZE 0.002253 GB, comm_vol 0.008449 GB
2DMESH: 0.009418 s, REAL_BD 1.794215 GB/s, SIZE 0.004506 GB, comm_vol 0.016898 GB
2DMESH: 0.019887 s, REAL_BD 1.699393 GB/s, SIZE 0.009012 GB, comm_vol 0.033796 GB
2DMESH: 0.027967 s, REAL_BD 2.416837 GB/s, SIZE 0.018024 GB, comm_vol 0.067592 GB
2DMESH: 0.061613 s, REAL_BD 2.194072 GB/s, SIZE 0.036049 GB, comm_vol 0.135183 GB
2DMESH: 0.101411 s, REAL_BD 2.666049 GB/s, SIZE 0.072098 GB, comm_vol 0.270367 GB
2DMESH: 0.178658 s, REAL_BD 3.026639 GB/s, SIZE 0.144196 GB, comm_vol 0.540733 GB
2DMESH: 0.351535 s, REAL_BD 3.076413 GB/s, SIZE 0.288391 GB, comm_vol 1.081467 GB
2DMESH: 0.698010 s, REAL_BD 3.098714 GB/s, SIZE 0.576782 GB, comm_vol 2.162933 GB
2DMESH: 1.389936 s, REAL_BD 3.112278 GB/s, SIZE 1.153564 GB, comm_vol 4.325867 GB
2DMESH: 2.782315 s, REAL_BD 3.109545 GB/s, SIZE 2.307129 GB, comm_vol 8.651733 GB
2DMESH: 5.545669 s, REAL_BD 3.120177 GB/s, SIZE 4.614258 GB, comm_vol 17.303467 GB
2DMESH: 11.091046 s, REAL_BD 3.120259 GB/s, SIZE 9.228516 GB, comm_vol 34.606934 GB
2DMESH: 22.188481 s, REAL_BD 3.119360 GB/s, SIZE 18.457031 GB, comm_vol 69.213867 GB
3DMESH: 0.005307 s, REAL_BD 0.398010 GB/s, SIZE 0.000563 GB, comm_vol 0.002112 GB
3DMESH: 0.005121 s, REAL_BD 0.824932 GB/s, SIZE 0.001127 GB, comm_vol 0.004224 GB
3DMESH: 0.007684 s, REAL_BD 1.099552 GB/s, SIZE 0.002253 GB, comm_vol 0.008449 GB
3DMESH: 0.011243 s, REAL_BD 1.502972 GB/s, SIZE 0.004506 GB, comm_vol 0.016898 GB
3DMESH: 0.018882 s, REAL_BD 1.789844 GB/s, SIZE 0.009012 GB, comm_vol 0.033796 GB
3DMESH: 0.034689 s, REAL_BD 1.948504 GB/s, SIZE 0.018024 GB, comm_vol 0.067592 GB
3DMESH: 0.065489 s, REAL_BD 2.064214 GB/s, SIZE 0.036049 GB, comm_vol 0.135183 GB
3DMESH: 0.106882 s, REAL_BD 2.529581 GB/s, SIZE 0.072098 GB, comm_vol 0.270367 GB
3DMESH: 0.208194 s, REAL_BD 2.597257 GB/s, SIZE 0.144196 GB, comm_vol 0.540733 GB
3DMESH: 0.409166 s, REAL_BD 2.643100 GB/s, SIZE 0.288391 GB, comm_vol 1.081467 GB
3DMESH: 0.812206 s, REAL_BD 2.663035 GB/s, SIZE 0.576782 GB, comm_vol 2.162933 GB
3DMESH: 1.615666 s, REAL_BD 2.677451 GB/s, SIZE 1.153564 GB, comm_vol 4.325867 GB
3DMESH: 3.228836 s, REAL_BD 2.679521 GB/s, SIZE 2.307129 GB, comm_vol 8.651733 GB
3DMESH: 6.462872 s, REAL_BD 2.677365 GB/s, SIZE 4.614258 GB, comm_vol 17.303467 GB
3DMESH: 12.924000 s, REAL_BD 2.677726 GB/s, SIZE 9.228516 GB, comm_vol 34.606934 GB
3DMESH: 25.859312 s, REAL_BD 2.676555 GB/s, SIZE 18.457031 GB, comm_vol 69.213867 GB
GPU_NUM: 8
CUDA_VISIBLE_DEVICES: 
srun: error: Required nodelist includes more nodes than permitted by max-node count (2 > 1). Eliminating nodes from the nodelist.
srun: job 151998 queued and waiting for resources
srun: job 151998 has been allocated resources
SC0: 0.002521 s, REAL_BD 0.488647 GB/s, SIZE 0.000563 GB, comm_vol 0.001232 GB
SC0: 0.012253 s, REAL_BD 0.201116 GB/s, SIZE 0.001127 GB, comm_vol 0.002464 GB
SC0: 0.005451 s, REAL_BD 0.904157 GB/s, SIZE 0.002253 GB, comm_vol 0.004929 GB
SC0: 0.012493 s, REAL_BD 0.789011 GB/s, SIZE 0.004506 GB, comm_vol 0.009857 GB
SC0: 0.011004 s, REAL_BD 1.791552 GB/s, SIZE 0.009012 GB, comm_vol 0.019714 GB
SC0: 0.018527 s, REAL_BD 2.128163 GB/s, SIZE 0.018024 GB, comm_vol 0.039428 GB
SC0: 0.033666 s, REAL_BD 2.342332 GB/s, SIZE 0.036049 GB, comm_vol 0.078857 GB
SC0: 0.062391 s, REAL_BD 2.527831 GB/s, SIZE 0.072098 GB, comm_vol 0.157714 GB
SC0: 0.118375 s, REAL_BD 2.664649 GB/s, SIZE 0.144196 GB, comm_vol 0.315428 GB
SC0: 0.224137 s, REAL_BD 2.814598 GB/s, SIZE 0.288391 GB, comm_vol 0.630856 GB
SC0: 0.410468 s, REAL_BD 3.073836 GB/s, SIZE 0.576782 GB, comm_vol 1.261711 GB
SC0: 0.904920 s, REAL_BD 2.788558 GB/s, SIZE 1.153564 GB, comm_vol 2.523422 GB
SC0: 1.385266 s, REAL_BD 3.643231 GB/s, SIZE 2.307129 GB, comm_vol 5.046844 GB
SC0: 3.608933 s, REAL_BD 2.796862 GB/s, SIZE 4.614258 GB, comm_vol 10.093689 GB
SC0: 7.216185 s, REAL_BD 2.797514 GB/s, SIZE 9.228516 GB, comm_vol 20.187378 GB
SC0: 14.430878 s, REAL_BD 2.797803 GB/s, SIZE 18.457031 GB, comm_vol 40.374756 GB
SC1: 0.009951 s, REAL_BD 0.123794 GB/s, SIZE 0.000563 GB, comm_vol 0.001232 GB
SC1: 0.004352 s, REAL_BD 0.566241 GB/s, SIZE 0.001127 GB, comm_vol 0.002464 GB
SC1: 0.011565 s, REAL_BD 0.426162 GB/s, SIZE 0.002253 GB, comm_vol 0.004929 GB
SC1: 0.005642 s, REAL_BD 1.747096 GB/s, SIZE 0.004506 GB, comm_vol 0.009857 GB
SC1: 0.016025 s, REAL_BD 1.230218 GB/s, SIZE 0.009012 GB, comm_vol 0.019714 GB
SC1: 0.018304 s, REAL_BD 2.154091 GB/s, SIZE 0.018024 GB, comm_vol 0.039428 GB
SC1: 0.034152 s, REAL_BD 2.308999 GB/s, SIZE 0.036049 GB, comm_vol 0.078857 GB
SC1: 0.062314 s, REAL_BD 2.530954 GB/s, SIZE 0.072098 GB, comm_vol 0.157714 GB
SC1: 0.118567 s, REAL_BD 2.660334 GB/s, SIZE 0.144196 GB, comm_vol 0.315428 GB
SC1: 0.222940 s, REAL_BD 2.829710 GB/s, SIZE 0.288391 GB, comm_vol 0.630856 GB
SC1: 0.453329 s, REAL_BD 2.783213 GB/s, SIZE 0.576782 GB, comm_vol 1.261711 GB
SC1: 0.754206 s, REAL_BD 3.345800 GB/s, SIZE 1.153564 GB, comm_vol 2.523422 GB
SC1: 1.804415 s, REAL_BD 2.796942 GB/s, SIZE 2.307129 GB, comm_vol 5.046844 GB
SC1: 2.524823 s, REAL_BD 3.997781 GB/s, SIZE 4.614258 GB, comm_vol 10.093689 GB
SC1: 7.211385 s, REAL_BD 2.799376 GB/s, SIZE 9.228516 GB, comm_vol 20.187378 GB
SC1: 14.417780 s, REAL_BD 2.800345 GB/s, SIZE 18.457031 GB, comm_vol 40.374756 GB
SC4: 0.004166 s, REAL_BD 0.295698 GB/s, SIZE 0.000563 GB, comm_vol 0.001232 GB
SC4: 0.013974 s, REAL_BD 0.176347 GB/s, SIZE 0.001127 GB, comm_vol 0.002464 GB
SC4: 0.010470 s, REAL_BD 0.470732 GB/s, SIZE 0.002253 GB, comm_vol 0.004929 GB
SC4: 0.012944 s, REAL_BD 0.761520 GB/s, SIZE 0.004506 GB, comm_vol 0.009857 GB
SC4: 0.013625 s, REAL_BD 1.446916 GB/s, SIZE 0.009012 GB, comm_vol 0.019714 GB
SC4: 0.025802 s, REAL_BD 1.528117 GB/s, SIZE 0.018024 GB, comm_vol 0.039428 GB
SC4: 0.042269 s, REAL_BD 1.865598 GB/s, SIZE 0.036049 GB, comm_vol 0.078857 GB
SC4: 0.077248 s, REAL_BD 2.041657 GB/s, SIZE 0.072098 GB, comm_vol 0.157714 GB
SC4: 0.145562 s, REAL_BD 2.166965 GB/s, SIZE 0.144196 GB, comm_vol 0.315428 GB
SC4: 0.280712 s, REAL_BD 2.247341 GB/s, SIZE 0.288391 GB, comm_vol 0.630856 GB
SC4: 0.500124 s, REAL_BD 2.522797 GB/s, SIZE 0.576782 GB, comm_vol 1.261711 GB
SC4: 1.098324 s, REAL_BD 2.297521 GB/s, SIZE 1.153564 GB, comm_vol 2.523422 GB
SC4: 1.685866 s, REAL_BD 2.993621 GB/s, SIZE 2.307129 GB, comm_vol 5.046844 GB
SC4: 4.388174 s, REAL_BD 2.300203 GB/s, SIZE 4.614258 GB, comm_vol 10.093689 GB
SC4: 8.768148 s, REAL_BD 2.302354 GB/s, SIZE 9.228516 GB, comm_vol 20.187378 GB
SC4: 17.530250 s, REAL_BD 2.303148 GB/s, SIZE 18.457031 GB, comm_vol 40.374756 GB
BRUCK: 0.007461 s, REAL_BD 0.165109 GB/s, SIZE 0.000563 GB, comm_vol 0.001232 GB
BRUCK: 0.010138 s, REAL_BD 0.243074 GB/s, SIZE 0.001127 GB, comm_vol 0.002464 GB
BRUCK: 0.011545 s, REAL_BD 0.426900 GB/s, SIZE 0.002253 GB, comm_vol 0.004929 GB
BRUCK: 0.014013 s, REAL_BD 0.703427 GB/s, SIZE 0.004506 GB, comm_vol 0.009857 GB
BRUCK: 0.021398 s, REAL_BD 0.921312 GB/s, SIZE 0.009012 GB, comm_vol 0.019714 GB
BRUCK: 0.031392 s, REAL_BD 1.256004 GB/s, SIZE 0.018024 GB, comm_vol 0.039428 GB
BRUCK: 0.053869 s, REAL_BD 1.463865 GB/s, SIZE 0.036049 GB, comm_vol 0.078857 GB
BRUCK: 0.099056 s, REAL_BD 1.592169 GB/s, SIZE 0.072098 GB, comm_vol 0.157714 GB
BRUCK: 0.184775 s, REAL_BD 1.707091 GB/s, SIZE 0.144196 GB, comm_vol 0.315428 GB
BRUCK: 0.356739 s, REAL_BD 1.768395 GB/s, SIZE 0.288391 GB, comm_vol 0.630856 GB
BRUCK: 0.703454 s, REAL_BD 1.793594 GB/s, SIZE 0.576782 GB, comm_vol 1.261711 GB
BRUCK: 1.396557 s, REAL_BD 1.806888 GB/s, SIZE 1.153564 GB, comm_vol 2.523422 GB
BRUCK: 2.789213 s, REAL_BD 1.809415 GB/s, SIZE 2.307129 GB, comm_vol 5.046844 GB
BRUCK: 5.573925 s, REAL_BD 1.810876 GB/s, SIZE 4.614258 GB, comm_vol 10.093689 GB
BRUCK: 11.142254 s, REAL_BD 1.811786 GB/s, SIZE 9.228516 GB, comm_vol 20.187378 GB
BRUCK: 22.290459 s, REAL_BD 1.811302 GB/s, SIZE 18.457031 GB, comm_vol 40.374756 GB
RD: 0.007097 s, REAL_BD 0.173577 GB/s, SIZE 0.000563 GB, comm_vol 0.001232 GB
RD: 0.009612 s, REAL_BD 0.256375 GB/s, SIZE 0.001127 GB, comm_vol 0.002464 GB
RD: 0.010908 s, REAL_BD 0.451830 GB/s, SIZE 0.002253 GB, comm_vol 0.004929 GB
RD: 0.013602 s, REAL_BD 0.724682 GB/s, SIZE 0.004506 GB, comm_vol 0.009857 GB
RD: 0.020409 s, REAL_BD 0.965958 GB/s, SIZE 0.009012 GB, comm_vol 0.019714 GB
RD: 0.028485 s, REAL_BD 1.384184 GB/s, SIZE 0.018024 GB, comm_vol 0.039428 GB
RD: 0.047385 s, REAL_BD 1.664175 GB/s, SIZE 0.036049 GB, comm_vol 0.078857 GB
RD: 0.086456 s, REAL_BD 1.824210 GB/s, SIZE 0.072098 GB, comm_vol 0.157714 GB
RD: 0.213951 s, REAL_BD 1.474299 GB/s, SIZE 0.144196 GB, comm_vol 0.315428 GB
RD: 0.365575 s, REAL_BD 1.725653 GB/s, SIZE 0.288391 GB, comm_vol 0.630856 GB
RD: 0.663063 s, REAL_BD 1.902853 GB/s, SIZE 0.576782 GB, comm_vol 1.261711 GB
RD: 1.264355 s, REAL_BD 1.995818 GB/s, SIZE 1.153564 GB, comm_vol 2.523422 GB
RD: 2.470506 s, REAL_BD 2.042838 GB/s, SIZE 2.307129 GB, comm_vol 5.046844 GB
RD: 4.895115 s, REAL_BD 2.061992 GB/s, SIZE 4.614258 GB, comm_vol 10.093689 GB
RD: 9.753028 s, REAL_BD 2.069857 GB/s, SIZE 9.228516 GB, comm_vol 20.187378 GB
RD: 19.459322 s, REAL_BD 2.074828 GB/s, SIZE 18.457031 GB, comm_vol 40.374756 GB
2DMESH: 0.014211 s, REAL_BD 0.086685 GB/s, SIZE 0.000563 GB, comm_vol 0.001232 GB
2DMESH: 0.008865 s, REAL_BD 0.277979 GB/s, SIZE 0.001127 GB, comm_vol 0.002464 GB
2DMESH: 0.019634 s, REAL_BD 0.251022 GB/s, SIZE 0.002253 GB, comm_vol 0.004929 GB
2DMESH: 0.011301 s, REAL_BD 0.872234 GB/s, SIZE 0.004506 GB, comm_vol 0.009857 GB
2DMESH: 0.023868 s, REAL_BD 0.825969 GB/s, SIZE 0.009012 GB, comm_vol 0.019714 GB
2DMESH: 0.025269 s, REAL_BD 1.560350 GB/s, SIZE 0.018024 GB, comm_vol 0.039428 GB
2DMESH: 0.052133 s, REAL_BD 1.512611 GB/s, SIZE 0.036049 GB, comm_vol 0.078857 GB
2DMESH: 0.082315 s, REAL_BD 1.915980 GB/s, SIZE 0.072098 GB, comm_vol 0.157714 GB
2DMESH: 0.153168 s, REAL_BD 2.059358 GB/s, SIZE 0.144196 GB, comm_vol 0.315428 GB
2DMESH: 0.298370 s, REAL_BD 2.114340 GB/s, SIZE 0.288391 GB, comm_vol 0.630856 GB
2DMESH: 0.590727 s, REAL_BD 2.135862 GB/s, SIZE 0.576782 GB, comm_vol 1.261711 GB
2DMESH: 1.177047 s, REAL_BD 2.143859 GB/s, SIZE 1.153564 GB, comm_vol 2.523422 GB
2DMESH: 2.354889 s, REAL_BD 2.143135 GB/s, SIZE 2.307129 GB, comm_vol 5.046844 GB
2DMESH: 4.714956 s, REAL_BD 2.140781 GB/s, SIZE 4.614258 GB, comm_vol 10.093689 GB
2DMESH: 9.449240 s, REAL_BD 2.136402 GB/s, SIZE 9.228516 GB, comm_vol 20.187378 GB
2DMESH: 18.903520 s, REAL_BD 2.135833 GB/s, SIZE 18.457031 GB, comm_vol 40.374756 GB
3DMESH: 0.008597 s, REAL_BD 0.143292 GB/s, SIZE 0.000563 GB, comm_vol 0.001232 GB
3DMESH: 0.011926 s, REAL_BD 0.206631 GB/s, SIZE 0.001127 GB, comm_vol 0.002464 GB
3DMESH: 0.013813 s, REAL_BD 0.356806 GB/s, SIZE 0.002253 GB, comm_vol 0.004929 GB
3DMESH: 0.013719 s, REAL_BD 0.718501 GB/s, SIZE 0.004506 GB, comm_vol 0.009857 GB
3DMESH: 0.021050 s, REAL_BD 0.936543 GB/s, SIZE 0.009012 GB, comm_vol 0.019714 GB
3DMESH: 0.030263 s, REAL_BD 1.302861 GB/s, SIZE 0.018024 GB, comm_vol 0.039428 GB
3DMESH: 0.051626 s, REAL_BD 1.527466 GB/s, SIZE 0.036049 GB, comm_vol 0.078857 GB
3DMESH: 0.095449 s, REAL_BD 1.652337 GB/s, SIZE 0.072098 GB, comm_vol 0.157714 GB
3DMESH: 0.180607 s, REAL_BD 1.746487 GB/s, SIZE 0.144196 GB, comm_vol 0.315428 GB
3DMESH: 0.351623 s, REAL_BD 1.794125 GB/s, SIZE 0.288391 GB, comm_vol 0.630856 GB
3DMESH: 0.693324 s, REAL_BD 1.819800 GB/s, SIZE 0.576782 GB, comm_vol 1.261711 GB
3DMESH: 1.380976 s, REAL_BD 1.827275 GB/s, SIZE 1.153564 GB, comm_vol 2.523422 GB
3DMESH: 2.754109 s, REAL_BD 1.832478 GB/s, SIZE 2.307129 GB, comm_vol 5.046844 GB
3DMESH: 5.502530 s, REAL_BD 1.834372 GB/s, SIZE 4.614258 GB, comm_vol 10.093689 GB
3DMESH: 11.000790 s, REAL_BD 1.835084 GB/s, SIZE 9.228516 GB, comm_vol 20.187378 GB
3DMESH: 21.990812 s, REAL_BD 1.835983 GB/s, SIZE 18.457031 GB, comm_vol 40.374756 GB
GPU_NUM: 16
CUDA_VISIBLE_DEVICES: 
srun: job 151999 queued and waiting for resources
srun: job 151999 has been allocated resources
SC0: 0.008963 s, REAL_BD 0.073566 GB/s, SIZE 0.000563 GB, comm_vol 0.000659 GB
SC0: 0.015626 s, REAL_BD 0.084466 GB/s, SIZE 0.001127 GB, comm_vol 0.001320 GB
SC0: 0.004272 s, REAL_BD 0.617917 GB/s, SIZE 0.002253 GB, comm_vol 0.002640 GB
SC0: 0.017877 s, REAL_BD 0.295385 GB/s, SIZE 0.004506 GB, comm_vol 0.005281 GB
SC0: 0.015699 s, REAL_BD 0.672731 GB/s, SIZE 0.009012 GB, comm_vol 0.010561 GB
SC0: 0.031027 s, REAL_BD 0.680775 GB/s, SIZE 0.018024 GB, comm_vol 0.021122 GB
SC0: 0.060475 s, REAL_BD 0.698550 GB/s, SIZE 0.036049 GB, comm_vol 0.042245 GB
SC0: 0.118815 s, REAL_BD 0.711102 GB/s, SIZE 0.072098 GB, comm_vol 0.084490 GB
SC0: 0.238637 s, REAL_BD 0.708101 GB/s, SIZE 0.144196 GB, comm_vol 0.168979 GB
SC0: 0.469900 s, REAL_BD 0.719213 GB/s, SIZE 0.288391 GB, comm_vol 0.337958 GB
SC0: 0.847263 s, REAL_BD 0.797765 GB/s, SIZE 0.576782 GB, comm_vol 0.675917 GB
SC0: 1.876693 s, REAL_BD 0.720327 GB/s, SIZE 1.153564 GB, comm_vol 1.351833 GB
SC0: 2.884524 s, REAL_BD 0.937301 GB/s, SIZE 2.307129 GB, comm_vol 2.703667 GB
SC0: 7.526339 s, REAL_BD 0.718455 GB/s, SIZE 4.614258 GB, comm_vol 5.407333 GB
SC0: 15.056225 s, REAL_BD 0.718285 GB/s, SIZE 9.228516 GB, comm_vol 10.814667 GB
SC0: 30.109776 s, REAL_BD 0.718349 GB/s, SIZE 18.457031 GB, comm_vol 21.629333 GB
SC1: 0.012205 s, REAL_BD 0.054025 GB/s, SIZE 0.000563 GB, comm_vol 0.000659 GB
SC1: 0.003666 s, REAL_BD 0.360030 GB/s, SIZE 0.001127 GB, comm_vol 0.001320 GB
SC1: 0.013549 s, REAL_BD 0.194829 GB/s, SIZE 0.002253 GB, comm_vol 0.002640 GB
SC1: 0.007986 s, REAL_BD 0.661232 GB/s, SIZE 0.004506 GB, comm_vol 0.005281 GB
SC1: 0.017230 s, REAL_BD 0.612954 GB/s, SIZE 0.009012 GB, comm_vol 0.010561 GB
SC1: 0.030610 s, REAL_BD 0.690049 GB/s, SIZE 0.018024 GB, comm_vol 0.021122 GB
SC1: 0.060910 s, REAL_BD 0.693561 GB/s, SIZE 0.036049 GB, comm_vol 0.042245 GB
SC1: 0.120368 s, REAL_BD 0.701927 GB/s, SIZE 0.072098 GB, comm_vol 0.084490 GB
SC1: 0.238185 s, REAL_BD 0.709445 GB/s, SIZE 0.144196 GB, comm_vol 0.168979 GB
SC1: 0.458756 s, REAL_BD 0.736684 GB/s, SIZE 0.288391 GB, comm_vol 0.337958 GB
SC1: 0.940783 s, REAL_BD 0.718462 GB/s, SIZE 0.576782 GB, comm_vol 0.675917 GB
SC1: 1.570054 s, REAL_BD 0.861011 GB/s, SIZE 1.153564 GB, comm_vol 1.351833 GB
SC1: 3.765984 s, REAL_BD 0.717918 GB/s, SIZE 2.307129 GB, comm_vol 2.703667 GB
SC1: 5.271841 s, REAL_BD 1.025701 GB/s, SIZE 4.614258 GB, comm_vol 5.407333 GB
SC1: 15.060954 s, REAL_BD 0.718060 GB/s, SIZE 9.228516 GB, comm_vol 10.814667 GB
SC1: 30.118955 s, REAL_BD 0.718130 GB/s, SIZE 18.457031 GB, comm_vol 21.629333 GB
SC4: 0.009339 s, REAL_BD 0.070605 GB/s, SIZE 0.000563 GB, comm_vol 0.000659 GB
SC4: 0.015118 s, REAL_BD 0.087305 GB/s, SIZE 0.001127 GB, comm_vol 0.001320 GB
SC4: 0.011690 s, REAL_BD 0.225812 GB/s, SIZE 0.002253 GB, comm_vol 0.002640 GB
SC4: 0.021377 s, REAL_BD 0.247022 GB/s, SIZE 0.004506 GB, comm_vol 0.005281 GB
SC4: 0.024677 s, REAL_BD 0.427977 GB/s, SIZE 0.009012 GB, comm_vol 0.010561 GB
SC4: 0.040555 s, REAL_BD 0.520833 GB/s, SIZE 0.018024 GB, comm_vol 0.021122 GB
SC4: 0.076766 s, REAL_BD 0.550306 GB/s, SIZE 0.036049 GB, comm_vol 0.042245 GB
SC4: 0.143831 s, REAL_BD 0.587423 GB/s, SIZE 0.072098 GB, comm_vol 0.084490 GB
SC4: 0.279444 s, REAL_BD 0.604698 GB/s, SIZE 0.144196 GB, comm_vol 0.168979 GB
SC4: 0.544118 s, REAL_BD 0.621112 GB/s, SIZE 0.288391 GB, comm_vol 0.337958 GB
SC4: 0.966640 s, REAL_BD 0.699243 GB/s, SIZE 0.576782 GB, comm_vol 0.675917 GB
SC4: 2.142257 s, REAL_BD 0.631032 GB/s, SIZE 1.153564 GB, comm_vol 1.351833 GB
SC4: 3.301475 s, REAL_BD 0.818927 GB/s, SIZE 2.307129 GB, comm_vol 2.703667 GB
SC4: 8.626740 s, REAL_BD 0.626811 GB/s, SIZE 4.614258 GB, comm_vol 5.407333 GB
SC4: 17.288652 s, REAL_BD 0.625536 GB/s, SIZE 9.228516 GB, comm_vol 10.814667 GB
SC4: 34.599178 s, REAL_BD 0.625140 GB/s, SIZE 18.457031 GB, comm_vol 21.629333 GB
BRUCK: 0.020347 s, REAL_BD 0.032407 GB/s, SIZE 0.000563 GB, comm_vol 0.000659 GB
BRUCK: 0.022176 s, REAL_BD 0.059518 GB/s, SIZE 0.001127 GB, comm_vol 0.001320 GB
BRUCK: 0.023837 s, REAL_BD 0.110741 GB/s, SIZE 0.002253 GB, comm_vol 0.002640 GB
BRUCK: 0.030703 s, REAL_BD 0.171990 GB/s, SIZE 0.004506 GB, comm_vol 0.005281 GB
BRUCK: 0.040465 s, REAL_BD 0.260996 GB/s, SIZE 0.009012 GB, comm_vol 0.010561 GB
BRUCK: 0.054857 s, REAL_BD 0.385045 GB/s, SIZE 0.018024 GB, comm_vol 0.021122 GB
BRUCK: 0.093627 s, REAL_BD 0.451203 GB/s, SIZE 0.036049 GB, comm_vol 0.042245 GB
BRUCK: 0.170673 s, REAL_BD 0.495038 GB/s, SIZE 0.072098 GB, comm_vol 0.084490 GB
BRUCK: 0.327542 s, REAL_BD 0.515901 GB/s, SIZE 0.144196 GB, comm_vol 0.168979 GB
BRUCK: 0.640132 s, REAL_BD 0.527951 GB/s, SIZE 0.288391 GB, comm_vol 0.337958 GB
BRUCK: 1.270340 s, REAL_BD 0.532075 GB/s, SIZE 0.576782 GB, comm_vol 0.675917 GB
BRUCK: 2.536933 s, REAL_BD 0.532861 GB/s, SIZE 1.153564 GB, comm_vol 1.351833 GB
BRUCK: 5.087878 s, REAL_BD 0.531394 GB/s, SIZE 2.307129 GB, comm_vol 2.703667 GB
BRUCK: 10.181018 s, REAL_BD 0.531119 GB/s, SIZE 4.614258 GB, comm_vol 5.407333 GB
BRUCK: 20.390646 s, REAL_BD 0.530374 GB/s, SIZE 9.228516 GB, comm_vol 10.814667 GB
BRUCK: 40.787504 s, REAL_BD 0.530293 GB/s, SIZE 18.457031 GB, comm_vol 21.629333 GB
RD: 0.018404 s, REAL_BD 0.035828 GB/s, SIZE 0.000563 GB, comm_vol 0.000659 GB
RD: 0.019449 s, REAL_BD 0.067863 GB/s, SIZE 0.001127 GB, comm_vol 0.001320 GB
RD: 0.021524 s, REAL_BD 0.122642 GB/s, SIZE 0.002253 GB, comm_vol 0.002640 GB
RD: 0.029119 s, REAL_BD 0.181345 GB/s, SIZE 0.004506 GB, comm_vol 0.005281 GB
RD: 0.036664 s, REAL_BD 0.288054 GB/s, SIZE 0.009012 GB, comm_vol 0.010561 GB
RD: 0.047805 s, REAL_BD 0.441845 GB/s, SIZE 0.018024 GB, comm_vol 0.021122 GB
RD: 0.080584 s, REAL_BD 0.524233 GB/s, SIZE 0.036049 GB, comm_vol 0.042245 GB
RD: 0.136809 s, REAL_BD 0.617573 GB/s, SIZE 0.072098 GB, comm_vol 0.084490 GB
RD: 0.253939 s, REAL_BD 0.665432 GB/s, SIZE 0.144196 GB, comm_vol 0.168979 GB
RD: 0.488752 s, REAL_BD 0.691472 GB/s, SIZE 0.288391 GB, comm_vol 0.337958 GB
RD: 0.998694 s, REAL_BD 0.676801 GB/s, SIZE 0.576782 GB, comm_vol 0.675917 GB
RD: 1.929116 s, REAL_BD 0.700753 GB/s, SIZE 1.153564 GB, comm_vol 1.351833 GB
RD: 3.782451 s, REAL_BD 0.714792 GB/s, SIZE 2.307129 GB, comm_vol 2.703667 GB
RD: 7.492240 s, REAL_BD 0.721725 GB/s, SIZE 4.614258 GB, comm_vol 5.407333 GB
RD: 14.938031 s, REAL_BD 0.723969 GB/s, SIZE 9.228516 GB, comm_vol 10.814667 GB
RD: 29.799079 s, REAL_BD 0.725839 GB/s, SIZE 18.457031 GB, comm_vol 21.629333 GB
2DMESH: 0.020420 s, REAL_BD 0.032291 GB/s, SIZE 0.000563 GB, comm_vol 0.000659 GB
2DMESH: 0.012794 s, REAL_BD 0.103163 GB/s, SIZE 0.001127 GB, comm_vol 0.001320 GB
2DMESH: 0.026973 s, REAL_BD 0.097866 GB/s, SIZE 0.002253 GB, comm_vol 0.002640 GB
2DMESH: 0.020972 s, REAL_BD 0.251793 GB/s, SIZE 0.004506 GB, comm_vol 0.005281 GB
2DMESH: 0.035683 s, REAL_BD 0.295973 GB/s, SIZE 0.009012 GB, comm_vol 0.010561 GB
2DMESH: 0.037164 s, REAL_BD 0.568356 GB/s, SIZE 0.018024 GB, comm_vol 0.021122 GB
2DMESH: 0.070588 s, REAL_BD 0.598470 GB/s, SIZE 0.036049 GB, comm_vol 0.042245 GB
2DMESH: 0.113065 s, REAL_BD 0.747266 GB/s, SIZE 0.072098 GB, comm_vol 0.084490 GB
2DMESH: 0.209854 s, REAL_BD 0.805223 GB/s, SIZE 0.144196 GB, comm_vol 0.168979 GB
2DMESH: 0.404973 s, REAL_BD 0.834521 GB/s, SIZE 0.288391 GB, comm_vol 0.337958 GB
2DMESH: 0.801021 s, REAL_BD 0.843819 GB/s, SIZE 0.576782 GB, comm_vol 0.675917 GB
2DMESH: 1.592036 s, REAL_BD 0.849122 GB/s, SIZE 1.153564 GB, comm_vol 1.351833 GB
2DMESH: 3.174623 s, REAL_BD 0.851650 GB/s, SIZE 2.307129 GB, comm_vol 2.703667 GB
2DMESH: 6.335168 s, REAL_BD 0.853542 GB/s, SIZE 4.614258 GB, comm_vol 5.407333 GB
2DMESH: 12.671415 s, REAL_BD 0.853470 GB/s, SIZE 9.228516 GB, comm_vol 10.814667 GB
2DMESH: 25.342853 s, REAL_BD 0.853469 GB/s, SIZE 18.457031 GB, comm_vol 21.629333 GB
3DMESH: 0.012746 s, REAL_BD 0.051732 GB/s, SIZE 0.000563 GB, comm_vol 0.000659 GB
3DMESH: 0.014941 s, REAL_BD 0.088339 GB/s, SIZE 0.001127 GB, comm_vol 0.001320 GB
3DMESH: 0.017091 s, REAL_BD 0.154452 GB/s, SIZE 0.002253 GB, comm_vol 0.002640 GB
3DMESH: 0.027712 s, REAL_BD 0.190553 GB/s, SIZE 0.004506 GB, comm_vol 0.005281 GB
3DMESH: 0.037952 s, REAL_BD 0.278278 GB/s, SIZE 0.009012 GB, comm_vol 0.010561 GB
3DMESH: 0.042663 s, REAL_BD 0.495099 GB/s, SIZE 0.018024 GB, comm_vol 0.021122 GB
3DMESH: 0.075270 s, REAL_BD 0.561243 GB/s, SIZE 0.036049 GB, comm_vol 0.042245 GB
3DMESH: 0.134954 s, REAL_BD 0.626062 GB/s, SIZE 0.072098 GB, comm_vol 0.084490 GB
3DMESH: 0.253475 s, REAL_BD 0.666650 GB/s, SIZE 0.144196 GB, comm_vol 0.168979 GB
3DMESH: 0.488660 s, REAL_BD 0.691602 GB/s, SIZE 0.288391 GB, comm_vol 0.337958 GB
3DMESH: 0.956771 s, REAL_BD 0.706456 GB/s, SIZE 0.576782 GB, comm_vol 0.675917 GB
3DMESH: 1.907370 s, REAL_BD 0.708742 GB/s, SIZE 1.153564 GB, comm_vol 1.351833 GB
3DMESH: 3.821817 s, REAL_BD 0.707430 GB/s, SIZE 2.307129 GB, comm_vol 2.703667 GB
3DMESH: 7.651263 s, REAL_BD 0.706724 GB/s, SIZE 4.614258 GB, comm_vol 5.407333 GB
3DMESH: 15.298103 s, REAL_BD 0.706929 GB/s, SIZE 9.228516 GB, comm_vol 10.814667 GB
3DMESH: 30.596392 s, REAL_BD 0.706924 GB/s, SIZE 18.457031 GB, comm_vol 21.629333 GB
