GPU_NUM: 8
CUDA_VISIBLE_DEVICES: 
SIZE: 0.250000 GB
SC0: 0.527920 s, REAL_BD 1.035905 GB/s, comm_vol 0.546875 GB
SIZE: 0.500000 GB
SC0: 0.262574 s, REAL_BD 4.165492 GB/s, comm_vol 1.093750 GB
SIZE: 1.000000 GB
SC0: 0.521196 s, REAL_BD 4.197077 GB/s, comm_vol 2.187500 GB
SIZE: 2.000000 GB
SC0: 1.038713 s, REAL_BD 4.211943 GB/s, comm_vol 4.375000 GB
SIZE: 4.000000 GB
SC0: 2.076210 s, REAL_BD 4.214410 GB/s, comm_vol 8.750000 GB
SIZE: 8.000000 GB
SC0: 4.155495 s, REAL_BD 4.211291 GB/s, comm_vol 17.500000 GB
SIZE: 16.000000 GB
SC0: 8.314573 s, REAL_BD 4.209477 GB/s, comm_vol 35.000000 GB
make -C csrc clean
make[1]: Entering directory '/home/yhy/fold/comm_test/csrc'
rm *.o all2all_test
make[1]: Leaving directory '/home/yhy/fold/comm_test/csrc'
make -C csrc
make[1]: Entering directory '/home/yhy/fold/comm_test/csrc'
nvcc all2all_test.cu -std=c++11 -Xcompiler -fopenmp -I/home/yhy/.local/nccl/build/include -L/home/yhy/.local/nccl/build/lib/ "-gencode=arch=compute_80,code=sm_80" -lnccl -lcudart -c -o all2all_test.o
nvcc comm.cu -std=c++11 -Xcompiler -fopenmp -I/home/yhy/.local/nccl/build/include -L/home/yhy/.local/nccl/build/lib/ "-gencode=arch=compute_80,code=sm_80" -lnccl -lcudart -c -o comm.o
"`which mpicxx`" all2all_test.o comm.o -std=c++11 -fopenmp -L/home/yhy/.local/nccl/build/lib -lcudart -lnccl -Wall -o all2all_test -Wl,-rpath=/home/yhy/.local/nccl/build/lib
make[1]: Leaving directory '/home/yhy/fold/comm_test/csrc'
GPU_NUM: 4
CUDA_VISIBLE_DEVICES: 
SIZE: 0.000001 GB
SC0: 0.244414 s, REAL_BD 0.000015 GB/s, comm_vol 0.000004 GB
SIZE: 0.000002 GB
SC0: 0.002459 s, REAL_BD 0.002909 GB/s, comm_vol 0.000007 GB
SIZE: 0.000004 GB
SC0: 0.008224 s, REAL_BD 0.001739 GB/s, comm_vol 0.000014 GB
SIZE: 0.000008 GB
SC0: 0.001989 s, REAL_BD 0.014384 GB/s, comm_vol 0.000029 GB
SIZE: 0.000015 GB
SC0: 0.001398 s, REAL_BD 0.040930 GB/s, comm_vol 0.000057 GB
SIZE: 0.000031 GB
SC0: 0.006513 s, REAL_BD 0.017571 GB/s, comm_vol 0.000114 GB
SIZE: 0.000061 GB
SC0: 0.001553 s, REAL_BD 0.147380 GB/s, comm_vol 0.000229 GB
SIZE: 0.000122 GB
SC0: 0.002416 s, REAL_BD 0.189472 GB/s, comm_vol 0.000458 GB
SIZE: 0.000244 GB
SC0: 0.008467 s, REAL_BD 0.108129 GB/s, comm_vol 0.000916 GB
SIZE: 0.000488 GB
SC0: 0.001878 s, REAL_BD 0.975002 GB/s, comm_vol 0.001831 GB
SIZE: 0.000977 GB
SC0: 0.002387 s, REAL_BD 1.534189 GB/s, comm_vol 0.003662 GB
SIZE: 0.001953 GB
SC0: 0.008851 s, REAL_BD 0.827502 GB/s, comm_vol 0.007324 GB
SIZE: 0.003906 GB
SC0: 0.005389 s, REAL_BD 2.718211 GB/s, comm_vol 0.014648 GB
SIZE: 0.007812 GB
SC0: 0.009344 s, REAL_BD 3.135368 GB/s, comm_vol 0.029297 GB
SIZE: 0.015625 GB
SC0: 0.017153 s, REAL_BD 3.415948 GB/s, comm_vol 0.058594 GB
SIZE: 0.031250 GB
SC0: 0.033049 s, REAL_BD 3.545871 GB/s, comm_vol 0.117188 GB
SIZE: 0.062500 GB
SC0: 0.062656 s, REAL_BD 3.740663 GB/s, comm_vol 0.234375 GB
SIZE: 0.125000 GB
SC0: 0.119187 s, REAL_BD 3.932895 GB/s, comm_vol 0.468750 GB
SIZE: 0.250000 GB
SC0: 0.235054 s, REAL_BD 3.988445 GB/s, comm_vol 0.937500 GB
SIZE: 0.500000 GB
SC0: 0.467233 s, REAL_BD 4.012987 GB/s, comm_vol 1.875000 GB
SIZE: 1.000000 GB
SC0: 0.931977 s, REAL_BD 4.023704 GB/s, comm_vol 3.750000 GB
SIZE: 2.000000 GB
SC0: 1.862619 s, REAL_BD 4.026588 GB/s, comm_vol 7.500000 GB
SIZE: 4.000000 GB
SC0: 3.721555 s, REAL_BD 4.030573 GB/s, comm_vol 15.000000 GB
SIZE: 8.000000 GB
SC0: 7.440689 s, REAL_BD 4.031885 GB/s, comm_vol 30.000000 GB

SIZE: 0.000001 GB
SC1: 0.007039 s, REAL_BD 0.000508 GB/s, comm_vol 0.000004 GB
SIZE: 0.000002 GB
SC1: 0.000863 s, REAL_BD 0.008288 GB/s, comm_vol 0.000007 GB
SIZE: 0.000004 GB
SC1: 0.000860 s, REAL_BD 0.016634 GB/s, comm_vol 0.000014 GB
SIZE: 0.000008 GB
SC1: 0.005458 s, REAL_BD 0.005242 GB/s, comm_vol 0.000029 GB
SIZE: 0.000015 GB
SC1: 0.000842 s, REAL_BD 0.067958 GB/s, comm_vol 0.000057 GB
SIZE: 0.000031 GB
SC1: 0.000844 s, REAL_BD 0.135594 GB/s, comm_vol 0.000114 GB
SIZE: 0.000061 GB
SC1: 0.000922 s, REAL_BD 0.248245 GB/s, comm_vol 0.000229 GB
SIZE: 0.000122 GB
SC1: 0.005461 s, REAL_BD 0.083824 GB/s, comm_vol 0.000458 GB
SIZE: 0.000244 GB
SC1: 0.001008 s, REAL_BD 0.908261 GB/s, comm_vol 0.000916 GB
SIZE: 0.000488 GB
SC1: 0.003258 s, REAL_BD 0.562018 GB/s, comm_vol 0.001831 GB
SIZE: 0.000977 GB
SC1: 0.006660 s, REAL_BD 0.549866 GB/s, comm_vol 0.003662 GB
SIZE: 0.001953 GB
SC1: 0.003409 s, REAL_BD 2.148495 GB/s, comm_vol 0.007324 GB
SIZE: 0.003906 GB
SC1: 0.005375 s, REAL_BD 2.725291 GB/s, comm_vol 0.014648 GB
SIZE: 0.007812 GB
SC1: 0.011412 s, REAL_BD 2.567199 GB/s, comm_vol 0.029297 GB
SIZE: 0.015625 GB
SC1: 0.016925 s, REAL_BD 3.461965 GB/s, comm_vol 0.058594 GB
SIZE: 0.031250 GB
SC1: 0.031966 s, REAL_BD 3.666005 GB/s, comm_vol 0.117188 GB
SIZE: 0.062500 GB
SC1: 0.062605 s, REAL_BD 3.743711 GB/s, comm_vol 0.234375 GB
SIZE: 0.125000 GB
SC1: 0.119012 s, REAL_BD 3.938678 GB/s, comm_vol 0.468750 GB
SIZE: 0.250000 GB
SC1: 0.235104 s, REAL_BD 3.987597 GB/s, comm_vol 0.937500 GB
SIZE: 0.500000 GB
SC1: 0.466939 s, REAL_BD 4.015514 GB/s, comm_vol 1.875000 GB
SIZE: 1.000000 GB
SC1: 0.931962 s, REAL_BD 4.023769 GB/s, comm_vol 3.750000 GB
SIZE: 2.000000 GB
SC1: 1.863106 s, REAL_BD 4.025536 GB/s, comm_vol 7.500000 GB
SIZE: 4.000000 GB
SC1: 3.723303 s, REAL_BD 4.028681 GB/s, comm_vol 15.000000 GB
SIZE: 8.000000 GB
SC1: 7.446802 s, REAL_BD 4.028575 GB/s, comm_vol 30.000000 GB

SIZE: 0.000001 GB
SC4: 0.001655 s, REAL_BD 0.002161 GB/s, comm_vol 0.000004 GB
SIZE: 0.000002 GB
SC4: 0.001095 s, REAL_BD 0.006532 GB/s, comm_vol 0.000007 GB
SIZE: 0.000004 GB
SC4: 0.005887 s, REAL_BD 0.002430 GB/s, comm_vol 0.000014 GB
SIZE: 0.000008 GB
SC4: 0.001316 s, REAL_BD 0.021740 GB/s, comm_vol 0.000029 GB
SIZE: 0.000015 GB
SC4: 0.001014 s, REAL_BD 0.056430 GB/s, comm_vol 0.000057 GB
SIZE: 0.000031 GB
SC4: 0.005613 s, REAL_BD 0.020389 GB/s, comm_vol 0.000114 GB
SIZE: 0.000061 GB
SC4: 0.002584 s, REAL_BD 0.088577 GB/s, comm_vol 0.000229 GB
SIZE: 0.000122 GB
SC4: 0.001579 s, REAL_BD 0.289907 GB/s, comm_vol 0.000458 GB
SIZE: 0.000244 GB
SC4: 0.007237 s, REAL_BD 0.126506 GB/s, comm_vol 0.000916 GB
SIZE: 0.000488 GB
SC4: 0.001828 s, REAL_BD 1.001671 GB/s, comm_vol 0.001831 GB
SIZE: 0.000977 GB
SC4: 0.002543 s, REAL_BD 1.440074 GB/s, comm_vol 0.003662 GB
SIZE: 0.001953 GB
SC4: 0.007686 s, REAL_BD 0.952930 GB/s, comm_vol 0.007324 GB
SIZE: 0.003906 GB
SC4: 0.005861 s, REAL_BD 2.499307 GB/s, comm_vol 0.014648 GB
SIZE: 0.007812 GB
SC4: 0.010011 s, REAL_BD 2.926468 GB/s, comm_vol 0.029297 GB
SIZE: 0.015625 GB
SC4: 0.018116 s, REAL_BD 3.234365 GB/s, comm_vol 0.058594 GB
SIZE: 0.031250 GB
SC4: 0.035008 s, REAL_BD 3.347449 GB/s, comm_vol 0.117188 GB
SIZE: 0.062500 GB
SC4: 0.065784 s, REAL_BD 3.562796 GB/s, comm_vol 0.234375 GB
SIZE: 0.125000 GB
SC4: 0.118206 s, REAL_BD 3.965535 GB/s, comm_vol 0.468750 GB
SIZE: 0.250000 GB
SC4: 0.231716 s, REAL_BD 4.045901 GB/s, comm_vol 0.937500 GB
SIZE: 0.500000 GB
SC4: 0.458811 s, REAL_BD 4.086650 GB/s, comm_vol 1.875000 GB
SIZE: 1.000000 GB
SC4: 0.914010 s, REAL_BD 4.102800 GB/s, comm_vol 3.750000 GB
SIZE: 2.000000 GB
SC4: 1.824322 s, REAL_BD 4.111116 GB/s, comm_vol 7.500000 GB
SIZE: 4.000000 GB
SC4: 3.642256 s, REAL_BD 4.118327 GB/s, comm_vol 15.000000 GB
SIZE: 8.000000 GB
SC4: 7.281839 s, REAL_BD 4.119838 GB/s, comm_vol 30.000000 GB

SIZE: 0.000001 GB
BRUCK: 0.002952 s, REAL_BD 0.001211 GB/s, comm_vol 0.000004 GB
SIZE: 0.000002 GB
BRUCK: 0.002104 s, REAL_BD 0.003400 GB/s, comm_vol 0.000007 GB
SIZE: 0.000004 GB
BRUCK: 0.002133 s, REAL_BD 0.006707 GB/s, comm_vol 0.000014 GB
SIZE: 0.000008 GB
BRUCK: 0.002092 s, REAL_BD 0.013676 GB/s, comm_vol 0.000029 GB
SIZE: 0.000015 GB
BRUCK: 0.002151 s, REAL_BD 0.026602 GB/s, comm_vol 0.000057 GB
SIZE: 0.000031 GB
BRUCK: 0.002216 s, REAL_BD 0.051643 GB/s, comm_vol 0.000114 GB
SIZE: 0.000061 GB
BRUCK: 0.002308 s, REAL_BD 0.099169 GB/s, comm_vol 0.000229 GB
SIZE: 0.000122 GB
BRUCK: 0.002592 s, REAL_BD 0.176606 GB/s, comm_vol 0.000458 GB
SIZE: 0.000244 GB
BRUCK: 0.003203 s, REAL_BD 0.285834 GB/s, comm_vol 0.000916 GB
SIZE: 0.000488 GB
BRUCK: 0.003479 s, REAL_BD 0.526316 GB/s, comm_vol 0.001831 GB
SIZE: 0.000977 GB
BRUCK: 0.004258 s, REAL_BD 0.860054 GB/s, comm_vol 0.003662 GB
SIZE: 0.001953 GB
BRUCK: 0.006126 s, REAL_BD 1.195596 GB/s, comm_vol 0.007324 GB
SIZE: 0.003906 GB
BRUCK: 0.009467 s, REAL_BD 1.547316 GB/s, comm_vol 0.014648 GB
SIZE: 0.007812 GB
BRUCK: 0.016126 s, REAL_BD 1.816748 GB/s, comm_vol 0.029297 GB
SIZE: 0.015625 GB
BRUCK: 0.029046 s, REAL_BD 2.017274 GB/s, comm_vol 0.058594 GB
SIZE: 0.031250 GB
BRUCK: 0.054642 s, REAL_BD 2.144641 GB/s, comm_vol 0.117188 GB
SIZE: 0.062500 GB
BRUCK: 0.105899 s, REAL_BD 2.213194 GB/s, comm_vol 0.234375 GB
SIZE: 0.125000 GB
BRUCK: 0.195739 s, REAL_BD 2.394771 GB/s, comm_vol 0.468750 GB
SIZE: 0.250000 GB
BRUCK: 0.384492 s, REAL_BD 2.438282 GB/s, comm_vol 0.937500 GB
SIZE: 0.500000 GB
BRUCK: 0.760640 s, REAL_BD 2.465029 GB/s, comm_vol 1.875000 GB
SIZE: 1.000000 GB
BRUCK: 1.513918 s, REAL_BD 2.477017 GB/s, comm_vol 3.750000 GB
SIZE: 2.000000 GB
BRUCK: 3.021248 s, REAL_BD 2.482418 GB/s, comm_vol 7.500000 GB
SIZE: 4.000000 GB
BRUCK: 6.046920 s, REAL_BD 2.480602 GB/s, comm_vol 15.000000 GB
SIZE: 8.000000 GB
BRUCK: 12.089941 s, REAL_BD 2.481402 GB/s, comm_vol 30.000000 GB

SIZE: 0.000001 GB
RD: 0.002433 s, REAL_BD 0.001470 GB/s, comm_vol 0.000004 GB
SIZE: 0.000002 GB
RD: 0.002316 s, REAL_BD 0.003088 GB/s, comm_vol 0.000007 GB
SIZE: 0.000004 GB
RD: 0.002333 s, REAL_BD 0.006132 GB/s, comm_vol 0.000014 GB
SIZE: 0.000008 GB
RD: 0.002285 s, REAL_BD 0.012521 GB/s, comm_vol 0.000029 GB
SIZE: 0.000015 GB
RD: 0.002280 s, REAL_BD 0.025097 GB/s, comm_vol 0.000057 GB
SIZE: 0.000031 GB
RD: 0.002380 s, REAL_BD 0.048084 GB/s, comm_vol 0.000114 GB
SIZE: 0.000061 GB
RD: 0.002472 s, REAL_BD 0.092590 GB/s, comm_vol 0.000229 GB
SIZE: 0.000122 GB
RD: 0.002635 s, REAL_BD 0.173724 GB/s, comm_vol 0.000458 GB
SIZE: 0.000244 GB
RD: 0.003096 s, REAL_BD 0.295713 GB/s, comm_vol 0.000916 GB
SIZE: 0.000488 GB
RD: 0.003485 s, REAL_BD 0.525410 GB/s, comm_vol 0.001831 GB
SIZE: 0.000977 GB
RD: 0.004192 s, REAL_BD 0.873595 GB/s, comm_vol 0.003662 GB
SIZE: 0.001953 GB
RD: 0.006198 s, REAL_BD 1.181707 GB/s, comm_vol 0.007324 GB
SIZE: 0.003906 GB
RD: 0.008296 s, REAL_BD 1.765723 GB/s, comm_vol 0.014648 GB
SIZE: 0.007812 GB
RD: 0.013772 s, REAL_BD 2.127278 GB/s, comm_vol 0.029297 GB
SIZE: 0.015625 GB
RD: 0.024294 s, REAL_BD 2.411861 GB/s, comm_vol 0.058594 GB
SIZE: 0.031250 GB
RD: 0.074925 s, REAL_BD 1.564064 GB/s, comm_vol 0.117188 GB
SIZE: 0.062500 GB
RD: 0.119039 s, REAL_BD 1.968893 GB/s, comm_vol 0.234375 GB
SIZE: 0.125000 GB
RD: 0.199977 s, REAL_BD 2.344020 GB/s, comm_vol 0.468750 GB
SIZE: 0.250000 GB
RD: 0.350962 s, REAL_BD 2.671229 GB/s, comm_vol 0.937500 GB
SIZE: 0.500000 GB
RD: 0.645352 s, REAL_BD 2.905391 GB/s, comm_vol 1.875000 GB
SIZE: 1.000000 GB
RD: 1.251906 s, REAL_BD 2.995433 GB/s, comm_vol 3.750000 GB
SIZE: 2.000000 GB
RD: 2.472226 s, REAL_BD 3.033703 GB/s, comm_vol 7.500000 GB
SIZE: 4.000000 GB
RD: 4.903397 s, REAL_BD 3.059104 GB/s, comm_vol 15.000000 GB
SIZE: 8.000000 GB
RD: 9.775795 s, REAL_BD 3.068804 GB/s, comm_vol 30.000000 GB

SIZE: 0.000001 GB
2DMESH: 0.010188 s, REAL_BD 0.000351 GB/s, comm_vol 0.000004 GB
SIZE: 0.000002 GB
2DMESH: 0.003655 s, REAL_BD 0.001957 GB/s, comm_vol 0.000007 GB
SIZE: 0.000004 GB
2DMESH: 0.003617 s, REAL_BD 0.003955 GB/s, comm_vol 0.000014 GB
SIZE: 0.000008 GB
2DMESH: 0.009282 s, REAL_BD 0.003082 GB/s, comm_vol 0.000029 GB
SIZE: 0.000015 GB
2DMESH: 0.003284 s, REAL_BD 0.017424 GB/s, comm_vol 0.000057 GB
SIZE: 0.000031 GB
2DMESH: 0.004004 s, REAL_BD 0.028582 GB/s, comm_vol 0.000114 GB
SIZE: 0.000061 GB
2DMESH: 0.003326 s, REAL_BD 0.068816 GB/s, comm_vol 0.000229 GB
SIZE: 0.000122 GB
2DMESH: 0.010141 s, REAL_BD 0.045140 GB/s, comm_vol 0.000458 GB
SIZE: 0.000244 GB
2DMESH: 0.003818 s, REAL_BD 0.239792 GB/s, comm_vol 0.000916 GB
SIZE: 0.000488 GB
2DMESH: 0.004255 s, REAL_BD 0.430330 GB/s, comm_vol 0.001831 GB
SIZE: 0.000977 GB
2DMESH: 0.013906 s, REAL_BD 0.263347 GB/s, comm_vol 0.003662 GB
SIZE: 0.001953 GB
2DMESH: 0.008016 s, REAL_BD 0.913700 GB/s, comm_vol 0.007324 GB
SIZE: 0.003906 GB
2DMESH: 0.008879 s, REAL_BD 1.649785 GB/s, comm_vol 0.014648 GB
SIZE: 0.007812 GB
2DMESH: 0.018678 s, REAL_BD 1.568523 GB/s, comm_vol 0.029297 GB
SIZE: 0.015625 GB
2DMESH: 0.027959 s, REAL_BD 2.095703 GB/s, comm_vol 0.058594 GB
SIZE: 0.031250 GB
2DMESH: 0.045356 s, REAL_BD 2.583727 GB/s, comm_vol 0.117188 GB
SIZE: 0.062500 GB
2DMESH: 0.083656 s, REAL_BD 2.801652 GB/s, comm_vol 0.234375 GB
SIZE: 0.125000 GB
2DMESH: 0.156240 s, REAL_BD 3.000192 GB/s, comm_vol 0.468750 GB
SIZE: 0.250000 GB
2DMESH: 0.305888 s, REAL_BD 3.064847 GB/s, comm_vol 0.937500 GB
SIZE: 0.500000 GB
2DMESH: 0.612418 s, REAL_BD 3.061634 GB/s, comm_vol 1.875000 GB
SIZE: 1.000000 GB
2DMESH: 1.210689 s, REAL_BD 3.097410 GB/s, comm_vol 3.750000 GB
SIZE: 2.000000 GB
2DMESH: 2.419377 s, REAL_BD 3.099972 GB/s, comm_vol 7.500000 GB
SIZE: 4.000000 GB
2DMESH: 4.826903 s, REAL_BD 3.107583 GB/s, comm_vol 15.000000 GB
SIZE: 8.000000 GB
2DMESH: 9.652813 s, REAL_BD 3.107902 GB/s, comm_vol 30.000000 GB

SIZE: 0.000001 GB
3DMESH: 0.002405 s, REAL_BD 0.001487 GB/s, comm_vol 0.000004 GB
SIZE: 0.000002 GB
3DMESH: 0.002355 s, REAL_BD 0.003037 GB/s, comm_vol 0.000007 GB
SIZE: 0.000004 GB
3DMESH: 0.002357 s, REAL_BD 0.006069 GB/s, comm_vol 0.000014 GB
SIZE: 0.000008 GB
3DMESH: 0.002340 s, REAL_BD 0.012227 GB/s, comm_vol 0.000029 GB
SIZE: 0.000015 GB
3DMESH: 0.002358 s, REAL_BD 0.024267 GB/s, comm_vol 0.000057 GB
SIZE: 0.000031 GB
3DMESH: 0.002419 s, REAL_BD 0.047309 GB/s, comm_vol 0.000114 GB
SIZE: 0.000061 GB
3DMESH: 0.002519 s, REAL_BD 0.090862 GB/s, comm_vol 0.000229 GB
SIZE: 0.000122 GB
3DMESH: 0.002766 s, REAL_BD 0.165497 GB/s, comm_vol 0.000458 GB
SIZE: 0.000244 GB
3DMESH: 0.003225 s, REAL_BD 0.283884 GB/s, comm_vol 0.000916 GB
SIZE: 0.000488 GB
3DMESH: 0.003695 s, REAL_BD 0.495549 GB/s, comm_vol 0.001831 GB
SIZE: 0.000977 GB
3DMESH: 0.004695 s, REAL_BD 0.780002 GB/s, comm_vol 0.003662 GB
SIZE: 0.001953 GB
3DMESH: 0.006936 s, REAL_BD 1.055972 GB/s, comm_vol 0.007324 GB
SIZE: 0.003906 GB
3DMESH: 0.010126 s, REAL_BD 1.446616 GB/s, comm_vol 0.014648 GB
SIZE: 0.007812 GB
3DMESH: 0.016962 s, REAL_BD 1.727206 GB/s, comm_vol 0.029297 GB
SIZE: 0.015625 GB
3DMESH: 0.030331 s, REAL_BD 1.931811 GB/s, comm_vol 0.058594 GB
SIZE: 0.031250 GB
3DMESH: 0.056415 s, REAL_BD 2.077240 GB/s, comm_vol 0.117188 GB
SIZE: 0.062500 GB
3DMESH: 0.108963 s, REAL_BD 2.150960 GB/s, comm_vol 0.234375 GB
SIZE: 0.125000 GB
3DMESH: 0.181344 s, REAL_BD 2.584866 GB/s, comm_vol 0.468750 GB
SIZE: 0.250000 GB
3DMESH: 0.355848 s, REAL_BD 2.634552 GB/s, comm_vol 0.937500 GB
SIZE: 0.500000 GB
3DMESH: 0.704193 s, REAL_BD 2.662622 GB/s, comm_vol 1.875000 GB
SIZE: 1.000000 GB
3DMESH: 1.402036 s, REAL_BD 2.674682 GB/s, comm_vol 3.750000 GB
SIZE: 2.000000 GB
3DMESH: 2.805070 s, REAL_BD 2.673730 GB/s, comm_vol 7.500000 GB
SIZE: 4.000000 GB
3DMESH: 5.607493 s, REAL_BD 2.674992 GB/s, comm_vol 15.000000 GB
SIZE: 8.000000 GB
3DMESH: 11.212800 s, REAL_BD 2.675514 GB/s, comm_vol 30.000000 GB
make -C csrc clean
make[1]: Entering directory '/home/yhy/fold/comm_test/csrc'
rm *.o all2all_test
make[1]: Leaving directory '/home/yhy/fold/comm_test/csrc'
make -C csrc
make[1]: Entering directory '/home/yhy/fold/comm_test/csrc'
nvcc all2all_test.cu -std=c++11 -Xcompiler -fopenmp -I/home/yhy/.local/nccl/build/include -L/home/yhy/.local/nccl/build/lib/ "-gencode=arch=compute_80,code=sm_80" -lnccl -lcudart -c -o all2all_test.o
nvcc comm.cu -std=c++11 -Xcompiler -fopenmp -I/home/yhy/.local/nccl/build/include -L/home/yhy/.local/nccl/build/lib/ "-gencode=arch=compute_80,code=sm_80" -lnccl -lcudart -c -o comm.o
"`which mpicxx`" all2all_test.o comm.o -std=c++11 -fopenmp -L/home/yhy/.local/nccl/build/lib -lcudart -lnccl -Wall -o all2all_test -Wl,-rpath=/home/yhy/.local/nccl/build/lib
make[1]: Leaving directory '/home/yhy/fold/comm_test/csrc'
GPU_NUM: 8
CUDA_VISIBLE_DEVICES: 
SC0: 0.387891 s, REAL_BD 0.000005 GB/s, SIZE 0.000001 GB, comm_vol 0.000002 GB
SC0: 0.001942 s, REAL_BD 0.002148 GB/s, SIZE 0.000002 GB, comm_vol 0.000004 GB
SC0: 0.010533 s, REAL_BD 0.000792 GB/s, SIZE 0.000004 GB, comm_vol 0.000008 GB
SC0: 0.002546 s, REAL_BD 0.006555 GB/s, SIZE 0.000008 GB, comm_vol 0.000017 GB
SC0: 0.001824 s, REAL_BD 0.018300 GB/s, SIZE 0.000015 GB, comm_vol 0.000033 GB
SC0: 0.010260 s, REAL_BD 0.006507 GB/s, SIZE 0.000031 GB, comm_vol 0.000067 GB
SC0: 0.001983 s, REAL_BD 0.067330 GB/s, SIZE 0.000061 GB, comm_vol 0.000134 GB
SC0: 0.002496 s, REAL_BD 0.106983 GB/s, SIZE 0.000122 GB, comm_vol 0.000267 GB
SC0: 0.009746 s, REAL_BD 0.054798 GB/s, SIZE 0.000244 GB, comm_vol 0.000534 GB
SC0: 0.001976 s, REAL_BD 0.540544 GB/s, SIZE 0.000488 GB, comm_vol 0.001068 GB
SC0: 0.002496 s, REAL_BD 0.855862 GB/s, SIZE 0.000977 GB, comm_vol 0.002136 GB
SC0: 0.010787 s, REAL_BD 0.396075 GB/s, SIZE 0.001953 GB, comm_vol 0.004272 GB
SC0: 0.004083 s, REAL_BD 2.092805 GB/s, SIZE 0.003906 GB, comm_vol 0.008545 GB
SC0: 0.007618 s, REAL_BD 2.243350 GB/s, SIZE 0.007812 GB, comm_vol 0.017090 GB
SC0: 0.011910 s, REAL_BD 2.869831 GB/s, SIZE 0.015625 GB, comm_vol 0.034180 GB
SC0: 0.026498 s, REAL_BD 2.579794 GB/s, SIZE 0.031250 GB, comm_vol 0.068359 GB
SC0: 0.036748 s, REAL_BD 3.720441 GB/s, SIZE 0.062500 GB, comm_vol 0.136719 GB
SC0: 0.069279 s, REAL_BD 3.946903 GB/s, SIZE 0.125000 GB, comm_vol 0.273438 GB
SC0: 0.134495 s, REAL_BD 4.066136 GB/s, SIZE 0.250000 GB, comm_vol 0.546875 GB
SC0: 0.264588 s, REAL_BD 4.133785 GB/s, SIZE 0.500000 GB, comm_vol 1.093750 GB
SC0: 0.524716 s, REAL_BD 4.168922 GB/s, SIZE 1.000000 GB, comm_vol 2.187500 GB
SC0: 1.044744 s, REAL_BD 4.187629 GB/s, SIZE 2.000000 GB, comm_vol 4.375000 GB
SC0: 2.085254 s, REAL_BD 4.196132 GB/s, SIZE 4.000000 GB, comm_vol 8.750000 GB
SC0: 4.168170 s, REAL_BD 4.198485 GB/s, SIZE 8.000000 GB, comm_vol 17.500000 GB

SC1: 0.009782 s, REAL_BD 0.000213 GB/s, SIZE 0.000001 GB, comm_vol 0.000002 GB
SC1: 0.001409 s, REAL_BD 0.002961 GB/s, SIZE 0.000002 GB, comm_vol 0.000004 GB
SC1: 0.001361 s, REAL_BD 0.006131 GB/s, SIZE 0.000004 GB, comm_vol 0.000008 GB
SC1: 0.010883 s, REAL_BD 0.001534 GB/s, SIZE 0.000008 GB, comm_vol 0.000017 GB
SC1: 0.005056 s, REAL_BD 0.006602 GB/s, SIZE 0.000015 GB, comm_vol 0.000033 GB
SC1: 0.001395 s, REAL_BD 0.047855 GB/s, SIZE 0.000031 GB, comm_vol 0.000067 GB
SC1: 0.001394 s, REAL_BD 0.095778 GB/s, SIZE 0.000061 GB, comm_vol 0.000134 GB
SC1: 0.009353 s, REAL_BD 0.028550 GB/s, SIZE 0.000122 GB, comm_vol 0.000267 GB
SC1: 0.001447 s, REAL_BD 0.369079 GB/s, SIZE 0.000244 GB, comm_vol 0.000534 GB
SC1: 0.001692 s, REAL_BD 0.631274 GB/s, SIZE 0.000488 GB, comm_vol 0.001068 GB
SC1: 0.009640 s, REAL_BD 0.221601 GB/s, SIZE 0.000977 GB, comm_vol 0.002136 GB
SC1: 0.006507 s, REAL_BD 0.656595 GB/s, SIZE 0.001953 GB, comm_vol 0.004272 GB
SC1: 0.004084 s, REAL_BD 2.092292 GB/s, SIZE 0.003906 GB, comm_vol 0.008545 GB
SC1: 0.012337 s, REAL_BD 1.385251 GB/s, SIZE 0.007812 GB, comm_vol 0.017090 GB
SC1: 0.011836 s, REAL_BD 2.887774 GB/s, SIZE 0.015625 GB, comm_vol 0.034180 GB
SC1: 0.020261 s, REAL_BD 3.373939 GB/s, SIZE 0.031250 GB, comm_vol 0.068359 GB
SC1: 0.036876 s, REAL_BD 3.707527 GB/s, SIZE 0.062500 GB, comm_vol 0.136719 GB
SC1: 0.069388 s, REAL_BD 3.940703 GB/s, SIZE 0.125000 GB, comm_vol 0.273438 GB
SC1: 0.134555 s, REAL_BD 4.064323 GB/s, SIZE 0.250000 GB, comm_vol 0.546875 GB
SC1: 0.264112 s, REAL_BD 4.141236 GB/s, SIZE 0.500000 GB, comm_vol 1.093750 GB
SC1: 0.524031 s, REAL_BD 4.174371 GB/s, SIZE 1.000000 GB, comm_vol 2.187500 GB
SC1: 1.044242 s, REAL_BD 4.189642 GB/s, SIZE 2.000000 GB, comm_vol 4.375000 GB
SC1: 2.083828 s, REAL_BD 4.199003 GB/s, SIZE 4.000000 GB, comm_vol 8.750000 GB
SC1: 4.166447 s, REAL_BD 4.200221 GB/s, SIZE 8.000000 GB, comm_vol 17.500000 GB

SC4: 0.002704 s, REAL_BD 0.000772 GB/s, SIZE 0.000001 GB, comm_vol 0.000002 GB
SC4: 0.002303 s, REAL_BD 0.001812 GB/s, SIZE 0.000002 GB, comm_vol 0.000004 GB
SC4: 0.010294 s, REAL_BD 0.000811 GB/s, SIZE 0.000004 GB, comm_vol 0.000008 GB
SC4: 0.003106 s, REAL_BD 0.005373 GB/s, SIZE 0.000008 GB, comm_vol 0.000017 GB
SC4: 0.003111 s, REAL_BD 0.010729 GB/s, SIZE 0.000015 GB, comm_vol 0.000033 GB
SC4: 0.012410 s, REAL_BD 0.005379 GB/s, SIZE 0.000031 GB, comm_vol 0.000067 GB
SC4: 0.002609 s, REAL_BD 0.051175 GB/s, SIZE 0.000061 GB, comm_vol 0.000134 GB
SC4: 0.002951 s, REAL_BD 0.090488 GB/s, SIZE 0.000122 GB, comm_vol 0.000267 GB
SC4: 0.009825 s, REAL_BD 0.054357 GB/s, SIZE 0.000244 GB, comm_vol 0.000534 GB
SC4: 0.005725 s, REAL_BD 0.186570 GB/s, SIZE 0.000488 GB, comm_vol 0.001068 GB
SC4: 0.004746 s, REAL_BD 0.450112 GB/s, SIZE 0.000977 GB, comm_vol 0.002136 GB
SC4: 0.009981 s, REAL_BD 0.428059 GB/s, SIZE 0.001953 GB, comm_vol 0.004272 GB
SC4: 0.006339 s, REAL_BD 1.347992 GB/s, SIZE 0.003906 GB, comm_vol 0.008545 GB
SC4: 0.010261 s, REAL_BD 1.665514 GB/s, SIZE 0.007812 GB, comm_vol 0.017090 GB
SC4: 0.014871 s, REAL_BD 2.298412 GB/s, SIZE 0.015625 GB, comm_vol 0.034180 GB
SC4: 0.030220 s, REAL_BD 2.262057 GB/s, SIZE 0.031250 GB, comm_vol 0.068359 GB
SC4: 0.045113 s, REAL_BD 3.030584 GB/s, SIZE 0.062500 GB, comm_vol 0.136719 GB
SC4: 0.085036 s, REAL_BD 3.215550 GB/s, SIZE 0.125000 GB, comm_vol 0.273438 GB
SC4: 0.164376 s, REAL_BD 3.326976 GB/s, SIZE 0.250000 GB, comm_vol 0.546875 GB
SC4: 0.322677 s, REAL_BD 3.389613 GB/s, SIZE 0.500000 GB, comm_vol 1.093750 GB
SC4: 0.637740 s, REAL_BD 3.430081 GB/s, SIZE 1.000000 GB, comm_vol 2.187500 GB
SC4: 1.271000 s, REAL_BD 3.442172 GB/s, SIZE 2.000000 GB, comm_vol 4.375000 GB
SC4: 2.537432 s, REAL_BD 3.448368 GB/s, SIZE 4.000000 GB, comm_vol 8.750000 GB
SC4: 5.070026 s, REAL_BD 3.451659 GB/s, SIZE 8.000000 GB, comm_vol 17.500000 GB

BRUCK: 0.007102 s, REAL_BD 0.000294 GB/s, SIZE 0.000001 GB, comm_vol 0.000002 GB
BRUCK: 0.006186 s, REAL_BD 0.000674 GB/s, SIZE 0.000002 GB, comm_vol 0.000004 GB
BRUCK: 0.006162 s, REAL_BD 0.001354 GB/s, SIZE 0.000004 GB, comm_vol 0.000008 GB
BRUCK: 0.006121 s, REAL_BD 0.002727 GB/s, SIZE 0.000008 GB, comm_vol 0.000017 GB
BRUCK: 0.006171 s, REAL_BD 0.005409 GB/s, SIZE 0.000015 GB, comm_vol 0.000033 GB
BRUCK: 0.006115 s, REAL_BD 0.010917 GB/s, SIZE 0.000031 GB, comm_vol 0.000067 GB
BRUCK: 0.006126 s, REAL_BD 0.021795 GB/s, SIZE 0.000061 GB, comm_vol 0.000134 GB
BRUCK: 0.007402 s, REAL_BD 0.036075 GB/s, SIZE 0.000122 GB, comm_vol 0.000267 GB
BRUCK: 0.006293 s, REAL_BD 0.084865 GB/s, SIZE 0.000244 GB, comm_vol 0.000534 GB
BRUCK: 0.007171 s, REAL_BD 0.148949 GB/s, SIZE 0.000488 GB, comm_vol 0.001068 GB
BRUCK: 0.008965 s, REAL_BD 0.238286 GB/s, SIZE 0.000977 GB, comm_vol 0.002136 GB
BRUCK: 0.009805 s, REAL_BD 0.435743 GB/s, SIZE 0.001953 GB, comm_vol 0.004272 GB
BRUCK: 0.012885 s, REAL_BD 0.663168 GB/s, SIZE 0.003906 GB, comm_vol 0.008545 GB
BRUCK: 0.019082 s, REAL_BD 0.895600 GB/s, SIZE 0.007812 GB, comm_vol 0.017090 GB
BRUCK: 0.027506 s, REAL_BD 1.242627 GB/s, SIZE 0.015625 GB, comm_vol 0.034180 GB
BRUCK: 0.047437 s, REAL_BD 1.441056 GB/s, SIZE 0.031250 GB, comm_vol 0.068359 GB
BRUCK: 0.086695 s, REAL_BD 1.577008 GB/s, SIZE 0.062500 GB, comm_vol 0.136719 GB
BRUCK: 0.160808 s, REAL_BD 1.700397 GB/s, SIZE 0.125000 GB, comm_vol 0.273438 GB
BRUCK: 0.310294 s, REAL_BD 1.762441 GB/s, SIZE 0.250000 GB, comm_vol 0.546875 GB
BRUCK: 0.609540 s, REAL_BD 1.794386 GB/s, SIZE 0.500000 GB, comm_vol 1.093750 GB
BRUCK: 1.210685 s, REAL_BD 1.806828 GB/s, SIZE 1.000000 GB, comm_vol 2.187500 GB
BRUCK: 2.416531 s, REAL_BD 1.810446 GB/s, SIZE 2.000000 GB, comm_vol 4.375000 GB
BRUCK: 4.828631 s, REAL_BD 1.812108 GB/s, SIZE 4.000000 GB, comm_vol 8.750000 GB
BRUCK: 9.654243 s, REAL_BD 1.812674 GB/s, SIZE 8.000000 GB, comm_vol 17.500000 GB

RD: 0.006439 s, REAL_BD 0.000324 GB/s, SIZE 0.000001 GB, comm_vol 0.000002 GB
RD: 0.006363 s, REAL_BD 0.000656 GB/s, SIZE 0.000002 GB, comm_vol 0.000004 GB
RD: 0.006380 s, REAL_BD 0.001308 GB/s, SIZE 0.000004 GB, comm_vol 0.000008 GB
RD: 0.006362 s, REAL_BD 0.002623 GB/s, SIZE 0.000008 GB, comm_vol 0.000017 GB
RD: 0.006315 s, REAL_BD 0.005286 GB/s, SIZE 0.000015 GB, comm_vol 0.000033 GB
RD: 0.006367 s, REAL_BD 0.010485 GB/s, SIZE 0.000031 GB, comm_vol 0.000067 GB
RD: 0.006305 s, REAL_BD 0.021176 GB/s, SIZE 0.000061 GB, comm_vol 0.000134 GB
RD: 0.006332 s, REAL_BD 0.042171 GB/s, SIZE 0.000122 GB, comm_vol 0.000267 GB
RD: 0.006446 s, REAL_BD 0.082851 GB/s, SIZE 0.000244 GB, comm_vol 0.000534 GB
RD: 0.007018 s, REAL_BD 0.152197 GB/s, SIZE 0.000488 GB, comm_vol 0.001068 GB
RD: 0.008382 s, REAL_BD 0.254859 GB/s, SIZE 0.000977 GB, comm_vol 0.002136 GB
RD: 0.009566 s, REAL_BD 0.446630 GB/s, SIZE 0.001953 GB, comm_vol 0.004272 GB
RD: 0.012410 s, REAL_BD 0.688551 GB/s, SIZE 0.003906 GB, comm_vol 0.008545 GB
RD: 0.018594 s, REAL_BD 0.919105 GB/s, SIZE 0.007812 GB, comm_vol 0.017090 GB
RD: 0.026310 s, REAL_BD 1.299114 GB/s, SIZE 0.015625 GB, comm_vol 0.034180 GB
RD: 0.042569 s, REAL_BD 1.605849 GB/s, SIZE 0.031250 GB, comm_vol 0.068359 GB
RD: 0.075555 s, REAL_BD 1.809526 GB/s, SIZE 0.062500 GB, comm_vol 0.136719 GB
RD: 0.194541 s, REAL_BD 1.405552 GB/s, SIZE 0.125000 GB, comm_vol 0.273438 GB
RD: 0.324652 s, REAL_BD 1.684496 GB/s, SIZE 0.250000 GB, comm_vol 0.546875 GB
RD: 0.584480 s, REAL_BD 1.871322 GB/s, SIZE 0.500000 GB, comm_vol 1.093750 GB
RD: 1.102727 s, REAL_BD 1.983719 GB/s, SIZE 1.000000 GB, comm_vol 2.187500 GB
RD: 2.151854 s, REAL_BD 2.033131 GB/s, SIZE 2.000000 GB, comm_vol 4.375000 GB
RD: 4.247286 s, REAL_BD 2.060139 GB/s, SIZE 4.000000 GB, comm_vol 8.750000 GB
RD: 8.457235 s, REAL_BD 2.069234 GB/s, SIZE 8.000000 GB, comm_vol 17.500000 GB

2DMESH: 0.014351 s, REAL_BD 0.000145 GB/s, SIZE 0.000001 GB, comm_vol 0.000002 GB
2DMESH: 0.006552 s, REAL_BD 0.000637 GB/s, SIZE 0.000002 GB, comm_vol 0.000004 GB
2DMESH: 0.009421 s, REAL_BD 0.000886 GB/s, SIZE 0.000004 GB, comm_vol 0.000008 GB
2DMESH: 0.015213 s, REAL_BD 0.001097 GB/s, SIZE 0.000008 GB, comm_vol 0.000017 GB
2DMESH: 0.008216 s, REAL_BD 0.004063 GB/s, SIZE 0.000015 GB, comm_vol 0.000033 GB
2DMESH: 0.008275 s, REAL_BD 0.008067 GB/s, SIZE 0.000031 GB, comm_vol 0.000067 GB
2DMESH: 0.006451 s, REAL_BD 0.020697 GB/s, SIZE 0.000061 GB, comm_vol 0.000134 GB
2DMESH: 0.014897 s, REAL_BD 0.017925 GB/s, SIZE 0.000122 GB, comm_vol 0.000267 GB
2DMESH: 0.006904 s, REAL_BD 0.077355 GB/s, SIZE 0.000244 GB, comm_vol 0.000534 GB
2DMESH: 0.007019 s, REAL_BD 0.152175 GB/s, SIZE 0.000488 GB, comm_vol 0.001068 GB
2DMESH: 0.014973 s, REAL_BD 0.142672 GB/s, SIZE 0.000977 GB, comm_vol 0.002136 GB
2DMESH: 0.010119 s, REAL_BD 0.422222 GB/s, SIZE 0.001953 GB, comm_vol 0.004272 GB
2DMESH: 0.011257 s, REAL_BD 0.759076 GB/s, SIZE 0.003906 GB, comm_vol 0.008545 GB
2DMESH: 0.022293 s, REAL_BD 0.766601 GB/s, SIZE 0.007812 GB, comm_vol 0.017090 GB
2DMESH: 0.023504 s, REAL_BD 1.454207 GB/s, SIZE 0.015625 GB, comm_vol 0.034180 GB
2DMESH: 0.040852 s, REAL_BD 1.673342 GB/s, SIZE 0.031250 GB, comm_vol 0.068359 GB
2DMESH: 0.078544 s, REAL_BD 1.740664 GB/s, SIZE 0.062500 GB, comm_vol 0.136719 GB
2DMESH: 0.134124 s, REAL_BD 2.038692 GB/s, SIZE 0.125000 GB, comm_vol 0.273438 GB
2DMESH: 0.260202 s, REAL_BD 2.101733 GB/s, SIZE 0.250000 GB, comm_vol 0.546875 GB
2DMESH: 0.521758 s, REAL_BD 2.096278 GB/s, SIZE 0.500000 GB, comm_vol 1.093750 GB
2DMESH: 1.022232 s, REAL_BD 2.139925 GB/s, SIZE 1.000000 GB, comm_vol 2.187500 GB
2DMESH: 2.043044 s, REAL_BD 2.141413 GB/s, SIZE 2.000000 GB, comm_vol 4.375000 GB
2DMESH: 4.093511 s, REAL_BD 2.137529 GB/s, SIZE 4.000000 GB, comm_vol 8.750000 GB
2DMESH: 8.201565 s, REAL_BD 2.133739 GB/s, SIZE 8.000000 GB, comm_vol 17.500000 GB

3DMESH: 0.004482 s, REAL_BD 0.000465 GB/s, SIZE 0.000001 GB, comm_vol 0.000002 GB
3DMESH: 0.004403 s, REAL_BD 0.000948 GB/s, SIZE 0.000002 GB, comm_vol 0.000004 GB
3DMESH: 0.004408 s, REAL_BD 0.001893 GB/s, SIZE 0.000004 GB, comm_vol 0.000008 GB
3DMESH: 0.004397 s, REAL_BD 0.003796 GB/s, SIZE 0.000008 GB, comm_vol 0.000017 GB
3DMESH: 0.004441 s, REAL_BD 0.007516 GB/s, SIZE 0.000015 GB, comm_vol 0.000033 GB
3DMESH: 0.004452 s, REAL_BD 0.014995 GB/s, SIZE 0.000031 GB, comm_vol 0.000067 GB
3DMESH: 0.004603 s, REAL_BD 0.029006 GB/s, SIZE 0.000061 GB, comm_vol 0.000134 GB
3DMESH: 0.004769 s, REAL_BD 0.055993 GB/s, SIZE 0.000122 GB, comm_vol 0.000267 GB
3DMESH: 0.005164 s, REAL_BD 0.103419 GB/s, SIZE 0.000244 GB, comm_vol 0.000534 GB
3DMESH: 0.005998 s, REAL_BD 0.178079 GB/s, SIZE 0.000488 GB, comm_vol 0.001068 GB
3DMESH: 0.007448 s, REAL_BD 0.286819 GB/s, SIZE 0.000977 GB, comm_vol 0.002136 GB
3DMESH: 0.008745 s, REAL_BD 0.488560 GB/s, SIZE 0.001953 GB, comm_vol 0.004272 GB
3DMESH: 0.012029 s, REAL_BD 0.710360 GB/s, SIZE 0.003906 GB, comm_vol 0.008545 GB
3DMESH: 0.018683 s, REAL_BD 0.914727 GB/s, SIZE 0.007812 GB, comm_vol 0.017090 GB
3DMESH: 0.026985 s, REAL_BD 1.266618 GB/s, SIZE 0.015625 GB, comm_vol 0.034180 GB
3DMESH: 0.045665 s, REAL_BD 1.496975 GB/s, SIZE 0.031250 GB, comm_vol 0.068359 GB
3DMESH: 0.083122 s, REAL_BD 1.644796 GB/s, SIZE 0.062500 GB, comm_vol 0.136719 GB
3DMESH: 0.157865 s, REAL_BD 1.732097 GB/s, SIZE 0.125000 GB, comm_vol 0.273438 GB
3DMESH: 0.306058 s, REAL_BD 1.786835 GB/s, SIZE 0.250000 GB, comm_vol 0.546875 GB
3DMESH: 0.603064 s, REAL_BD 1.813655 GB/s, SIZE 0.500000 GB, comm_vol 1.093750 GB
3DMESH: 1.198728 s, REAL_BD 1.824851 GB/s, SIZE 1.000000 GB, comm_vol 2.187500 GB
3DMESH: 2.391022 s, REAL_BD 1.829761 GB/s, SIZE 2.000000 GB, comm_vol 4.375000 GB
3DMESH: 4.776449 s, REAL_BD 1.831905 GB/s, SIZE 4.000000 GB, comm_vol 8.750000 GB
3DMESH: 9.550417 s, REAL_BD 1.832381 GB/s, SIZE 8.000000 GB, comm_vol 17.500000 GB

make -C csrc clean
make[1]: Entering directory '/home/yhy/fold/comm_test/csrc'
rm *.o all2all_test
make[1]: Leaving directory '/home/yhy/fold/comm_test/csrc'
make -C csrc
make[1]: Entering directory '/home/yhy/fold/comm_test/csrc'
nvcc all2all_test.cu -std=c++11 -Xcompiler -fopenmp -I/home/yhy/.local/nccl/build/include -L/home/yhy/.local/nccl/build/lib/ "-gencode=arch=compute_80,code=sm_80" -lnccl -lcudart -c -o all2all_test.o
nvcc comm.cu -std=c++11 -Xcompiler -fopenmp -I/home/yhy/.local/nccl/build/include -L/home/yhy/.local/nccl/build/lib/ "-gencode=arch=compute_80,code=sm_80" -lnccl -lcudart -c -o comm.o
"`which mpicxx`" all2all_test.o comm.o -std=c++11 -fopenmp -L/home/yhy/.local/nccl/build/lib -lcudart -lnccl -Wall -o all2all_test -Wl,-rpath=/home/yhy/.local/nccl/build/lib
make[1]: Leaving directory '/home/yhy/fold/comm_test/csrc'
GPU_NUM: 16
CUDA_VISIBLE_DEVICES: 
SC0: 4.452726 s, REAL_BD 0.000000 GB/s, SIZE 0.000001 GB, comm_vol 0.000001 GB
SC0: 0.003630 s, REAL_BD 0.000616 GB/s, SIZE 0.000002 GB, comm_vol 0.000002 GB
SC0: 0.011974 s, REAL_BD 0.000373 GB/s, SIZE 0.000004 GB, comm_vol 0.000004 GB
SC0: 0.004654 s, REAL_BD 0.001921 GB/s, SIZE 0.000008 GB, comm_vol 0.000009 GB
SC0: 0.001963 s, REAL_BD 0.009109 GB/s, SIZE 0.000015 GB, comm_vol 0.000018 GB
SC0: 0.015989 s, REAL_BD 0.002237 GB/s, SIZE 0.000031 GB, comm_vol 0.000036 GB
SC0: 0.006575 s, REAL_BD 0.010878 GB/s, SIZE 0.000061 GB, comm_vol 0.000072 GB
SC0: 0.003641 s, REAL_BD 0.039289 GB/s, SIZE 0.000122 GB, comm_vol 0.000143 GB
SC0: 0.011600 s, REAL_BD 0.024664 GB/s, SIZE 0.000244 GB, comm_vol 0.000286 GB
SC0: 0.002157 s, REAL_BD 0.265278 GB/s, SIZE 0.000488 GB, comm_vol 0.000572 GB
SC0: 0.002575 s, REAL_BD 0.444431 GB/s, SIZE 0.000977 GB, comm_vol 0.001144 GB
SC0: 0.010355 s, REAL_BD 0.221035 GB/s, SIZE 0.001953 GB, comm_vol 0.002289 GB
SC0: 0.005517 s, REAL_BD 0.829733 GB/s, SIZE 0.003906 GB, comm_vol 0.004578 GB
SC0: 0.010830 s, REAL_BD 0.845362 GB/s, SIZE 0.007812 GB, comm_vol 0.009155 GB
SC0: 0.018598 s, REAL_BD 0.984544 GB/s, SIZE 0.015625 GB, comm_vol 0.018311 GB
SC0: 0.056976 s, REAL_BD 0.642746 GB/s, SIZE 0.031250 GB, comm_vol 0.036621 GB
SC0: 0.071501 s, REAL_BD 1.024352 GB/s, SIZE 0.062500 GB, comm_vol 0.073242 GB
SC0: 0.138855 s, REAL_BD 1.054945 GB/s, SIZE 0.125000 GB, comm_vol 0.146484 GB
SC0: 0.275808 s, REAL_BD 1.062220 GB/s, SIZE 0.250000 GB, comm_vol 0.292969 GB
SC0: 0.547793 s, REAL_BD 1.069633 GB/s, SIZE 0.500000 GB, comm_vol 0.585938 GB
SC0: 1.087233 s, REAL_BD 1.077851 GB/s, SIZE 1.000000 GB, comm_vol 1.171875 GB
SC0: 2.173439 s, REAL_BD 1.078360 GB/s, SIZE 2.000000 GB, comm_vol 2.343750 GB
SC0: 4.342290 s, REAL_BD 1.079500 GB/s, SIZE 4.000000 GB, comm_vol 4.687500 GB
SC0: 8.684243 s, REAL_BD 1.079541 GB/s, SIZE 8.000000 GB, comm_vol 9.375000 GB
SC1: 0.010204 s, REAL_BD 0.000110 GB/s, SIZE 0.000001 GB, comm_vol 0.000001 GB
SC1: 0.003894 s, REAL_BD 0.000574 GB/s, SIZE 0.000002 GB, comm_vol 0.000002 GB
SC1: 0.002132 s, REAL_BD 0.002097 GB/s, SIZE 0.000004 GB, comm_vol 0.000004 GB
SC1: 0.009500 s, REAL_BD 0.000941 GB/s, SIZE 0.000008 GB, comm_vol 0.000009 GB
SC1: 0.003785 s, REAL_BD 0.004724 GB/s, SIZE 0.000015 GB, comm_vol 0.000018 GB
SC1: 0.001658 s, REAL_BD 0.021570 GB/s, SIZE 0.000031 GB, comm_vol 0.000036 GB
SC1: 0.001771 s, REAL_BD 0.040387 GB/s, SIZE 0.000061 GB, comm_vol 0.000072 GB
SC1: 0.008997 s, REAL_BD 0.015900 GB/s, SIZE 0.000122 GB, comm_vol 0.000143 GB
SC1: 0.001647 s, REAL_BD 0.173711 GB/s, SIZE 0.000244 GB, comm_vol 0.000286 GB
SC1: 0.001858 s, REAL_BD 0.307968 GB/s, SIZE 0.000488 GB, comm_vol 0.000572 GB
SC1: 0.009561 s, REAL_BD 0.119696 GB/s, SIZE 0.000977 GB, comm_vol 0.001144 GB
SC1: 0.003650 s, REAL_BD 0.627074 GB/s, SIZE 0.001953 GB, comm_vol 0.002289 GB
SC1: 0.005402 s, REAL_BD 0.847397 GB/s, SIZE 0.003906 GB, comm_vol 0.004578 GB
SC1: 0.013671 s, REAL_BD 0.669686 GB/s, SIZE 0.007812 GB, comm_vol 0.009155 GB
SC1: 0.018602 s, REAL_BD 0.984332 GB/s, SIZE 0.015625 GB, comm_vol 0.018311 GB
SC1: 0.036849 s, REAL_BD 0.993815 GB/s, SIZE 0.031250 GB, comm_vol 0.036621 GB
SC1: 0.071700 s, REAL_BD 1.021509 GB/s, SIZE 0.062500 GB, comm_vol 0.073242 GB
SC1: 0.139279 s, REAL_BD 1.051733 GB/s, SIZE 0.125000 GB, comm_vol 0.146484 GB
SC1: 0.275702 s, REAL_BD 1.062628 GB/s, SIZE 0.250000 GB, comm_vol 0.292969 GB
SC1: 0.545782 s, REAL_BD 1.073574 GB/s, SIZE 0.500000 GB, comm_vol 0.585938 GB
SC1: 1.088335 s, REAL_BD 1.076759 GB/s, SIZE 1.000000 GB, comm_vol 1.171875 GB
SC1: 2.173016 s, REAL_BD 1.078570 GB/s, SIZE 2.000000 GB, comm_vol 2.343750 GB
SC1: 4.342752 s, REAL_BD 1.079385 GB/s, SIZE 4.000000 GB, comm_vol 4.687500 GB
SC1: 8.683734 s, REAL_BD 1.079605 GB/s, SIZE 8.000000 GB, comm_vol 9.375000 GB
SC4: 0.005837 s, REAL_BD 0.000191 GB/s, SIZE 0.000001 GB, comm_vol 0.000001 GB
SC4: 0.005651 s, REAL_BD 0.000396 GB/s, SIZE 0.000002 GB, comm_vol 0.000002 GB
SC4: 0.015405 s, REAL_BD 0.000290 GB/s, SIZE 0.000004 GB, comm_vol 0.000004 GB
SC4: 0.008134 s, REAL_BD 0.001099 GB/s, SIZE 0.000008 GB, comm_vol 0.000009 GB
SC4: 0.005393 s, REAL_BD 0.003316 GB/s, SIZE 0.000015 GB, comm_vol 0.000018 GB
SC4: 0.011665 s, REAL_BD 0.003066 GB/s, SIZE 0.000031 GB, comm_vol 0.000036 GB
SC4: 0.005441 s, REAL_BD 0.013146 GB/s, SIZE 0.000061 GB, comm_vol 0.000072 GB
SC4: 0.005979 s, REAL_BD 0.023926 GB/s, SIZE 0.000122 GB, comm_vol 0.000143 GB
SC4: 0.010867 s, REAL_BD 0.026328 GB/s, SIZE 0.000244 GB, comm_vol 0.000286 GB
SC4: 0.005842 s, REAL_BD 0.097947 GB/s, SIZE 0.000488 GB, comm_vol 0.000572 GB
SC4: 0.006438 s, REAL_BD 0.177758 GB/s, SIZE 0.000977 GB, comm_vol 0.001144 GB
SC4: 0.011034 s, REAL_BD 0.207433 GB/s, SIZE 0.001953 GB, comm_vol 0.002289 GB
SC4: 0.010461 s, REAL_BD 0.437591 GB/s, SIZE 0.003906 GB, comm_vol 0.004578 GB
SC4: 0.015013 s, REAL_BD 0.609823 GB/s, SIZE 0.007812 GB, comm_vol 0.009155 GB
SC4: 0.024818 s, REAL_BD 0.737793 GB/s, SIZE 0.015625 GB, comm_vol 0.018311 GB
SC4: 0.046935 s, REAL_BD 0.780251 GB/s, SIZE 0.031250 GB, comm_vol 0.036621 GB
SC4: 0.083880 s, REAL_BD 0.873178 GB/s, SIZE 0.062500 GB, comm_vol 0.073242 GB
SC4: 0.161393 s, REAL_BD 0.907625 GB/s, SIZE 0.125000 GB, comm_vol 0.146484 GB
SC4: 0.316882 s, REAL_BD 0.924536 GB/s, SIZE 0.250000 GB, comm_vol 0.292969 GB
SC4: 0.621300 s, REAL_BD 0.943083 GB/s, SIZE 0.500000 GB, comm_vol 0.585938 GB
SC4: 1.234212 s, REAL_BD 0.949492 GB/s, SIZE 1.000000 GB, comm_vol 1.171875 GB
SC4: 2.477267 s, REAL_BD 0.946103 GB/s, SIZE 2.000000 GB, comm_vol 2.343750 GB
SC4: 4.963932 s, REAL_BD 0.944312 GB/s, SIZE 4.000000 GB, comm_vol 4.687500 GB
SC4: 9.943524 s, REAL_BD 0.942825 GB/s, SIZE 8.000000 GB, comm_vol 9.375000 GB
BRUCK: 0.020600 s, REAL_BD 0.000054 GB/s, SIZE 0.000001 GB, comm_vol 0.000001 GB
BRUCK: 0.019261 s, REAL_BD 0.000116 GB/s, SIZE 0.000002 GB, comm_vol 0.000002 GB
BRUCK: 0.019321 s, REAL_BD 0.000231 GB/s, SIZE 0.000004 GB, comm_vol 0.000004 GB
BRUCK: 0.019444 s, REAL_BD 0.000460 GB/s, SIZE 0.000008 GB, comm_vol 0.000009 GB
BRUCK: 0.019424 s, REAL_BD 0.000921 GB/s, SIZE 0.000015 GB, comm_vol 0.000018 GB
BRUCK: 0.019543 s, REAL_BD 0.001830 GB/s, SIZE 0.000031 GB, comm_vol 0.000036 GB
BRUCK: 0.019426 s, REAL_BD 0.003682 GB/s, SIZE 0.000061 GB, comm_vol 0.000072 GB
BRUCK: 0.019520 s, REAL_BD 0.007328 GB/s, SIZE 0.000122 GB, comm_vol 0.000143 GB
BRUCK: 0.019635 s, REAL_BD 0.014571 GB/s, SIZE 0.000244 GB, comm_vol 0.000286 GB
BRUCK: 0.019965 s, REAL_BD 0.028660 GB/s, SIZE 0.000488 GB, comm_vol 0.000572 GB
BRUCK: 0.020893 s, REAL_BD 0.054775 GB/s, SIZE 0.000977 GB, comm_vol 0.001144 GB
BRUCK: 0.022749 s, REAL_BD 0.100612 GB/s, SIZE 0.001953 GB, comm_vol 0.002289 GB
BRUCK: 0.026737 s, REAL_BD 0.171210 GB/s, SIZE 0.003906 GB, comm_vol 0.004578 GB
BRUCK: 0.032332 s, REAL_BD 0.283164 GB/s, SIZE 0.007812 GB, comm_vol 0.009155 GB
BRUCK: 0.049134 s, REAL_BD 0.372666 GB/s, SIZE 0.015625 GB, comm_vol 0.018311 GB
BRUCK: 0.081895 s, REAL_BD 0.447171 GB/s, SIZE 0.031250 GB, comm_vol 0.036621 GB
BRUCK: 0.150467 s, REAL_BD 0.486766 GB/s, SIZE 0.062500 GB, comm_vol 0.073242 GB
BRUCK: 0.282861 s, REAL_BD 0.517867 GB/s, SIZE 0.125000 GB, comm_vol 0.146484 GB
BRUCK: 0.549990 s, REAL_BD 0.532680 GB/s, SIZE 0.250000 GB, comm_vol 0.292969 GB
BRUCK: 1.095319 s, REAL_BD 0.534947 GB/s, SIZE 0.500000 GB, comm_vol 0.585938 GB
BRUCK: 2.195705 s, REAL_BD 0.533712 GB/s, SIZE 1.000000 GB, comm_vol 1.171875 GB
BRUCK: 4.398084 s, REAL_BD 0.532903 GB/s, SIZE 2.000000 GB, comm_vol 2.343750 GB
BRUCK: 8.796015 s, REAL_BD 0.532912 GB/s, SIZE 4.000000 GB, comm_vol 4.687500 GB
BRUCK: 17.608058 s, REAL_BD 0.532427 GB/s, SIZE 8.000000 GB, comm_vol 9.375000 GB
RD: 0.018722 s, REAL_BD 0.000060 GB/s, SIZE 0.000001 GB, comm_vol 0.000001 GB
RD: 0.018673 s, REAL_BD 0.000120 GB/s, SIZE 0.000002 GB, comm_vol 0.000002 GB
RD: 0.018758 s, REAL_BD 0.000238 GB/s, SIZE 0.000004 GB, comm_vol 0.000004 GB
RD: 0.018798 s, REAL_BD 0.000476 GB/s, SIZE 0.000008 GB, comm_vol 0.000009 GB
RD: 0.018758 s, REAL_BD 0.000953 GB/s, SIZE 0.000015 GB, comm_vol 0.000018 GB
RD: 0.018682 s, REAL_BD 0.001914 GB/s, SIZE 0.000031 GB, comm_vol 0.000036 GB
RD: 0.018736 s, REAL_BD 0.003818 GB/s, SIZE 0.000061 GB, comm_vol 0.000072 GB
RD: 0.018729 s, REAL_BD 0.007638 GB/s, SIZE 0.000122 GB, comm_vol 0.000143 GB
RD: 0.018951 s, REAL_BD 0.015097 GB/s, SIZE 0.000244 GB, comm_vol 0.000286 GB
RD: 0.018861 s, REAL_BD 0.030338 GB/s, SIZE 0.000488 GB, comm_vol 0.000572 GB
RD: 0.019093 s, REAL_BD 0.059939 GB/s, SIZE 0.000977 GB, comm_vol 0.001144 GB
RD: 0.020379 s, REAL_BD 0.112313 GB/s, SIZE 0.001953 GB, comm_vol 0.002289 GB
RD: 0.024364 s, REAL_BD 0.187885 GB/s, SIZE 0.003906 GB, comm_vol 0.004578 GB
RD: 0.028552 s, REAL_BD 0.320653 GB/s, SIZE 0.007812 GB, comm_vol 0.009155 GB
RD: 0.043552 s, REAL_BD 0.420430 GB/s, SIZE 0.015625 GB, comm_vol 0.018311 GB
RD: 0.071639 s, REAL_BD 0.511189 GB/s, SIZE 0.031250 GB, comm_vol 0.036621 GB
RD: 0.121203 s, REAL_BD 0.604294 GB/s, SIZE 0.062500 GB, comm_vol 0.073242 GB
RD: 0.222513 s, REAL_BD 0.658318 GB/s, SIZE 0.125000 GB, comm_vol 0.146484 GB
RD: 0.424411 s, REAL_BD 0.690295 GB/s, SIZE 0.250000 GB, comm_vol 0.292969 GB
RD: 0.876912 s, REAL_BD 0.668183 GB/s, SIZE 0.500000 GB, comm_vol 0.585938 GB
RD: 1.678001 s, REAL_BD 0.698376 GB/s, SIZE 1.000000 GB, comm_vol 1.171875 GB
RD: 3.285129 s, REAL_BD 0.713442 GB/s, SIZE 2.000000 GB, comm_vol 2.343750 GB
RD: 6.496739 s, REAL_BD 0.721516 GB/s, SIZE 4.000000 GB, comm_vol 4.687500 GB
RD: 12.919139 s, REAL_BD 0.725668 GB/s, SIZE 8.000000 GB, comm_vol 9.375000 GB
2DMESH: 0.022472 s, REAL_BD 0.000050 GB/s, SIZE 0.000001 GB, comm_vol 0.000001 GB
2DMESH: 0.014413 s, REAL_BD 0.000155 GB/s, SIZE 0.000002 GB, comm_vol 0.000002 GB
2DMESH: 0.012240 s, REAL_BD 0.000365 GB/s, SIZE 0.000004 GB, comm_vol 0.000004 GB
2DMESH: 0.020808 s, REAL_BD 0.000430 GB/s, SIZE 0.000008 GB, comm_vol 0.000009 GB
2DMESH: 0.012622 s, REAL_BD 0.001417 GB/s, SIZE 0.000015 GB, comm_vol 0.000018 GB
2DMESH: 0.012682 s, REAL_BD 0.002820 GB/s, SIZE 0.000031 GB, comm_vol 0.000036 GB
2DMESH: 0.012994 s, REAL_BD 0.005505 GB/s, SIZE 0.000061 GB, comm_vol 0.000072 GB
2DMESH: 0.021469 s, REAL_BD 0.006663 GB/s, SIZE 0.000122 GB, comm_vol 0.000143 GB
2DMESH: 0.013190 s, REAL_BD 0.021691 GB/s, SIZE 0.000244 GB, comm_vol 0.000286 GB
2DMESH: 0.013676 s, REAL_BD 0.041840 GB/s, SIZE 0.000488 GB, comm_vol 0.000572 GB
2DMESH: 0.021371 s, REAL_BD 0.053550 GB/s, SIZE 0.000977 GB, comm_vol 0.001144 GB
2DMESH: 0.016279 s, REAL_BD 0.140599 GB/s, SIZE 0.001953 GB, comm_vol 0.002289 GB
2DMESH: 0.018668 s, REAL_BD 0.245213 GB/s, SIZE 0.003906 GB, comm_vol 0.004578 GB
2DMESH: 0.031088 s, REAL_BD 0.294495 GB/s, SIZE 0.007812 GB, comm_vol 0.009155 GB
2DMESH: 0.034369 s, REAL_BD 0.532763 GB/s, SIZE 0.015625 GB, comm_vol 0.018311 GB
2DMESH: 0.056602 s, REAL_BD 0.646993 GB/s, SIZE 0.031250 GB, comm_vol 0.036621 GB
2DMESH: 0.106204 s, REAL_BD 0.689637 GB/s, SIZE 0.062500 GB, comm_vol 0.073242 GB
2DMESH: 0.185098 s, REAL_BD 0.791388 GB/s, SIZE 0.125000 GB, comm_vol 0.146484 GB
2DMESH: 0.353858 s, REAL_BD 0.827927 GB/s, SIZE 0.250000 GB, comm_vol 0.292969 GB
2DMESH: 0.701618 s, REAL_BD 0.835123 GB/s, SIZE 0.500000 GB, comm_vol 0.585938 GB
2DMESH: 1.375777 s, REAL_BD 0.851791 GB/s, SIZE 1.000000 GB, comm_vol 1.171875 GB
2DMESH: 2.750214 s, REAL_BD 0.852206 GB/s, SIZE 2.000000 GB, comm_vol 2.343750 GB
2DMESH: 5.499424 s, REAL_BD 0.852362 GB/s, SIZE 4.000000 GB, comm_vol 4.687500 GB
2DMESH: 11.009271 s, REAL_BD 0.851555 GB/s, SIZE 8.000000 GB, comm_vol 9.375000 GB
3DMESH: 0.010802 s, REAL_BD 0.000103 GB/s, SIZE 0.000001 GB, comm_vol 0.000001 GB
3DMESH: 0.010666 s, REAL_BD 0.000210 GB/s, SIZE 0.000002 GB, comm_vol 0.000002 GB
3DMESH: 0.010570 s, REAL_BD 0.000423 GB/s, SIZE 0.000004 GB, comm_vol 0.000004 GB
3DMESH: 0.010392 s, REAL_BD 0.000860 GB/s, SIZE 0.000008 GB, comm_vol 0.000009 GB
3DMESH: 0.010523 s, REAL_BD 0.001699 GB/s, SIZE 0.000015 GB, comm_vol 0.000018 GB
3DMESH: 0.010463 s, REAL_BD 0.003418 GB/s, SIZE 0.000031 GB, comm_vol 0.000036 GB
3DMESH: 0.010733 s, REAL_BD 0.006664 GB/s, SIZE 0.000061 GB, comm_vol 0.000072 GB
3DMESH: 0.010779 s, REAL_BD 0.013271 GB/s, SIZE 0.000122 GB, comm_vol 0.000143 GB
3DMESH: 0.011020 s, REAL_BD 0.025962 GB/s, SIZE 0.000244 GB, comm_vol 0.000286 GB
3DMESH: 0.011422 s, REAL_BD 0.050097 GB/s, SIZE 0.000488 GB, comm_vol 0.000572 GB
3DMESH: 0.012591 s, REAL_BD 0.090891 GB/s, SIZE 0.000977 GB, comm_vol 0.001144 GB
3DMESH: 0.014852 s, REAL_BD 0.154108 GB/s, SIZE 0.001953 GB, comm_vol 0.002289 GB
3DMESH: 0.019424 s, REAL_BD 0.235669 GB/s, SIZE 0.003906 GB, comm_vol 0.004578 GB
3DMESH: 0.023979 s, REAL_BD 0.381804 GB/s, SIZE 0.007812 GB, comm_vol 0.009155 GB
3DMESH: 0.037562 s, REAL_BD 0.487475 GB/s, SIZE 0.015625 GB, comm_vol 0.018311 GB
3DMESH: 0.065718 s, REAL_BD 0.557246 GB/s, SIZE 0.031250 GB, comm_vol 0.036621 GB
3DMESH: 0.117974 s, REAL_BD 0.620833 GB/s, SIZE 0.062500 GB, comm_vol 0.073242 GB
3DMESH: 0.221547 s, REAL_BD 0.661189 GB/s, SIZE 0.125000 GB, comm_vol 0.146484 GB
3DMESH: 0.426339 s, REAL_BD 0.687173 GB/s, SIZE 0.250000 GB, comm_vol 0.292969 GB
3DMESH: 0.833090 s, REAL_BD 0.703330 GB/s, SIZE 0.500000 GB, comm_vol 0.585938 GB
3DMESH: 1.652350 s, REAL_BD 0.709217 GB/s, SIZE 1.000000 GB, comm_vol 1.171875 GB
3DMESH: 3.317526 s, REAL_BD 0.706475 GB/s, SIZE 2.000000 GB, comm_vol 2.343750 GB
3DMESH: 6.640865 s, REAL_BD 0.705857 GB/s, SIZE 4.000000 GB, comm_vol 4.687500 GB
3DMESH: 13.285388 s, REAL_BD 0.705662 GB/s, SIZE 8.000000 GB, comm_vol 9.375000 GB
