make -C csrc clean
make[1]: Entering directory '/home/yhy/fold/comm_test/csrc'
rm all2all_test
rm `ls *.o | grep -v jsoncpp.o`
make[1]: Leaving directory '/home/yhy/fold/comm_test/csrc'
make -C csrc
make[1]: Entering directory '/home/yhy/fold/comm_test/csrc'
nvcc all2all_test.cu -std=c++11 -Xcompiler -fopenmp -I/home/yhy/.local/nccl/build/include -L/home/yhy/.local/nccl/build/lib/ "-gencode=arch=compute_80,code=sm_80" -lnccl -lcudart -c -o all2all_test.o
nvcc comm.cu -std=c++11 -Xcompiler -fopenmp -I/home/yhy/.local/nccl/build/include -L/home/yhy/.local/nccl/build/lib/ "-gencode=arch=compute_80,code=sm_80" -lnccl -lcudart -c -o comm.o
"`which mpicxx`" all2all_test.o comm.o jsoncpp.o -std=c++11 -fopenmp -L/home/yhy/.local/nccl/build/lib -lcudart -lnccl -Wall -o all2all_test -Wl,-rpath=/home/yhy/.local/nccl/build/lib
make[1]: Leaving directory '/home/yhy/fold/comm_test/csrc'
GPU_NUM: 4
CUDA_VISIBLE_DEVICES: 
srun: error: Required nodelist includes more nodes than permitted by max-node count (2 > 1). Eliminating nodes from the nodelist.
SC0: 0.003571 s, REAL_BD 0.001001 GB/s, SIZE 0.000001 GB, comm_vol 0.000004 GB
SC0: 0.009970 s, REAL_BD 0.000717 GB/s, SIZE 0.000002 GB, comm_vol 0.000007 GB
SC0: 0.003446 s, REAL_BD 0.004151 GB/s, SIZE 0.000004 GB, comm_vol 0.000014 GB
SC0: 0.009775 s, REAL_BD 0.002927 GB/s, SIZE 0.000008 GB, comm_vol 0.000029 GB
SC0: 0.002976 s, REAL_BD 0.019227 GB/s, SIZE 0.000015 GB, comm_vol 0.000057 GB
SC0: 0.008396 s, REAL_BD 0.013630 GB/s, SIZE 0.000031 GB, comm_vol 0.000114 GB
SC0: 0.003114 s, REAL_BD 0.073501 GB/s, SIZE 0.000061 GB, comm_vol 0.000229 GB
SC0: 0.007399 s, REAL_BD 0.061868 GB/s, SIZE 0.000122 GB, comm_vol 0.000458 GB
SC0: 0.002997 s, REAL_BD 0.305481 GB/s, SIZE 0.000244 GB, comm_vol 0.000916 GB
SC0: 0.003110 s, REAL_BD 0.588764 GB/s, SIZE 0.000488 GB, comm_vol 0.001831 GB
SC0: 0.003667 s, REAL_BD 0.998666 GB/s, SIZE 0.000977 GB, comm_vol 0.003662 GB
SC0: 0.004958 s, REAL_BD 1.477253 GB/s, SIZE 0.001953 GB, comm_vol 0.007324 GB
SC0: 0.006689 s, REAL_BD 2.189929 GB/s, SIZE 0.003906 GB, comm_vol 0.014648 GB
SC0: 0.013187 s, REAL_BD 2.221648 GB/s, SIZE 0.007812 GB, comm_vol 0.029297 GB
SC0: 0.024864 s, REAL_BD 2.356570 GB/s, SIZE 0.015625 GB, comm_vol 0.058594 GB
SC0: 0.043127 s, REAL_BD 2.717265 GB/s, SIZE 0.031250 GB, comm_vol 0.117188 GB
SC0: 0.085887 s, REAL_BD 2.728876 GB/s, SIZE 0.062500 GB, comm_vol 0.234375 GB
SC0: 0.156142 s, REAL_BD 3.002075 GB/s, SIZE 0.125000 GB, comm_vol 0.468750 GB
SC0: 0.308859 s, REAL_BD 3.035366 GB/s, SIZE 0.250000 GB, comm_vol 0.937500 GB
SC0: 0.602972 s, REAL_BD 3.109597 GB/s, SIZE 0.500000 GB, comm_vol 1.875000 GB
SC0: 1.205856 s, REAL_BD 3.109824 GB/s, SIZE 1.000000 GB, comm_vol 3.750000 GB
SC0: 2.394864 s, REAL_BD 3.131702 GB/s, SIZE 2.000000 GB, comm_vol 7.500000 GB
SC0: 4.795446 s, REAL_BD 3.127968 GB/s, SIZE 4.000000 GB, comm_vol 15.000000 GB
SC0: 9.583767 s, REAL_BD 3.130293 GB/s, SIZE 8.000000 GB, comm_vol 30.000000 GB
SC1: 0.000863 s, REAL_BD 0.004144 GB/s, SIZE 0.000001 GB, comm_vol 0.000004 GB
SC1: 0.001505 s, REAL_BD 0.004753 GB/s, SIZE 0.000002 GB, comm_vol 0.000007 GB
SC1: 0.000817 s, REAL_BD 0.017509 GB/s, SIZE 0.000004 GB, comm_vol 0.000014 GB
SC1: 0.000789 s, REAL_BD 0.036261 GB/s, SIZE 0.000008 GB, comm_vol 0.000029 GB
SC1: 0.000793 s, REAL_BD 0.072157 GB/s, SIZE 0.000015 GB, comm_vol 0.000057 GB
SC1: 0.000793 s, REAL_BD 0.144314 GB/s, SIZE 0.000031 GB, comm_vol 0.000114 GB
SC1: 0.001123 s, REAL_BD 0.203813 GB/s, SIZE 0.000061 GB, comm_vol 0.000229 GB
SC1: 0.007614 s, REAL_BD 0.060121 GB/s, SIZE 0.000122 GB, comm_vol 0.000458 GB
SC1: 0.001539 s, REAL_BD 0.594885 GB/s, SIZE 0.000244 GB, comm_vol 0.000916 GB
SC1: 0.005990 s, REAL_BD 0.305685 GB/s, SIZE 0.000488 GB, comm_vol 0.001831 GB
SC1: 0.002484 s, REAL_BD 1.474279 GB/s, SIZE 0.000977 GB, comm_vol 0.003662 GB
SC1: 0.008897 s, REAL_BD 0.823223 GB/s, SIZE 0.001953 GB, comm_vol 0.007324 GB
SC1: 0.007232 s, REAL_BD 2.025503 GB/s, SIZE 0.003906 GB, comm_vol 0.014648 GB
SC1: 0.013775 s, REAL_BD 2.126815 GB/s, SIZE 0.007812 GB, comm_vol 0.029297 GB
SC1: 0.024996 s, REAL_BD 2.344125 GB/s, SIZE 0.015625 GB, comm_vol 0.058594 GB
SC1: 0.048103 s, REAL_BD 2.436179 GB/s, SIZE 0.031250 GB, comm_vol 0.117188 GB
SC1: 0.093874 s, REAL_BD 2.496698 GB/s, SIZE 0.062500 GB, comm_vol 0.234375 GB
SC1: 0.177384 s, REAL_BD 2.642572 GB/s, SIZE 0.125000 GB, comm_vol 0.468750 GB
SC1: 0.316926 s, REAL_BD 2.958104 GB/s, SIZE 0.250000 GB, comm_vol 0.937500 GB
SC1: 0.698976 s, REAL_BD 2.682496 GB/s, SIZE 0.500000 GB, comm_vol 1.875000 GB
SC1: 1.070675 s, REAL_BD 3.502463 GB/s, SIZE 1.000000 GB, comm_vol 3.750000 GB
SC1: 2.792381 s, REAL_BD 2.685880 GB/s, SIZE 2.000000 GB, comm_vol 7.500000 GB
SC1: 5.580753 s, REAL_BD 2.687809 GB/s, SIZE 4.000000 GB, comm_vol 15.000000 GB
SC1: 11.166291 s, REAL_BD 2.686658 GB/s, SIZE 8.000000 GB, comm_vol 30.000000 GB
SC4: 0.006363 s, REAL_BD 0.000562 GB/s, SIZE 0.000001 GB, comm_vol 0.000004 GB
SC4: 0.001885 s, REAL_BD 0.003794 GB/s, SIZE 0.000002 GB, comm_vol 0.000007 GB
SC4: 0.006311 s, REAL_BD 0.002267 GB/s, SIZE 0.000004 GB, comm_vol 0.000014 GB
SC4: 0.002028 s, REAL_BD 0.014108 GB/s, SIZE 0.000008 GB, comm_vol 0.000029 GB
SC4: 0.006669 s, REAL_BD 0.008580 GB/s, SIZE 0.000015 GB, comm_vol 0.000057 GB
SC4: 0.002098 s, REAL_BD 0.054548 GB/s, SIZE 0.000031 GB, comm_vol 0.000114 GB
SC4: 0.007346 s, REAL_BD 0.031157 GB/s, SIZE 0.000061 GB, comm_vol 0.000229 GB
SC4: 0.003698 s, REAL_BD 0.123787 GB/s, SIZE 0.000122 GB, comm_vol 0.000458 GB
SC4: 0.003490 s, REAL_BD 0.262329 GB/s, SIZE 0.000244 GB, comm_vol 0.000916 GB
SC4: 0.002909 s, REAL_BD 0.629445 GB/s, SIZE 0.000488 GB, comm_vol 0.001831 GB
SC4: 0.003560 s, REAL_BD 1.028682 GB/s, SIZE 0.000977 GB, comm_vol 0.003662 GB
SC4: 0.005023 s, REAL_BD 1.458136 GB/s, SIZE 0.001953 GB, comm_vol 0.007324 GB
SC4: 0.006874 s, REAL_BD 2.130992 GB/s, SIZE 0.003906 GB, comm_vol 0.014648 GB
SC4: 0.014788 s, REAL_BD 1.981125 GB/s, SIZE 0.007812 GB, comm_vol 0.029297 GB
SC4: 0.019756 s, REAL_BD 2.965871 GB/s, SIZE 0.015625 GB, comm_vol 0.058594 GB
SC4: 0.039166 s, REAL_BD 2.992072 GB/s, SIZE 0.031250 GB, comm_vol 0.117188 GB
SC4: 0.066986 s, REAL_BD 3.498865 GB/s, SIZE 0.062500 GB, comm_vol 0.234375 GB
SC4: 0.123667 s, REAL_BD 3.790421 GB/s, SIZE 0.125000 GB, comm_vol 0.468750 GB
SC4: 0.232439 s, REAL_BD 4.033316 GB/s, SIZE 0.250000 GB, comm_vol 0.937500 GB
SC4: 0.469578 s, REAL_BD 3.992947 GB/s, SIZE 0.500000 GB, comm_vol 1.875000 GB
SC4: 0.909806 s, REAL_BD 4.121758 GB/s, SIZE 1.000000 GB, comm_vol 3.750000 GB
SC4: 1.820272 s, REAL_BD 4.120263 GB/s, SIZE 2.000000 GB, comm_vol 7.500000 GB
SC4: 3.629302 s, REAL_BD 4.133026 GB/s, SIZE 4.000000 GB, comm_vol 15.000000 GB
SC4: 7.269253 s, REAL_BD 4.126972 GB/s, SIZE 8.000000 GB, comm_vol 30.000000 GB
BRUCK: 0.003308 s, REAL_BD 0.001081 GB/s, SIZE 0.000001 GB, comm_vol 0.000004 GB
BRUCK: 0.003299 s, REAL_BD 0.002168 GB/s, SIZE 0.000002 GB, comm_vol 0.000007 GB
BRUCK: 0.003302 s, REAL_BD 0.004332 GB/s, SIZE 0.000004 GB, comm_vol 0.000014 GB
BRUCK: 0.003263 s, REAL_BD 0.008768 GB/s, SIZE 0.000008 GB, comm_vol 0.000029 GB
BRUCK: 0.003238 s, REAL_BD 0.017672 GB/s, SIZE 0.000015 GB, comm_vol 0.000057 GB
BRUCK: 0.003284 s, REAL_BD 0.034848 GB/s, SIZE 0.000031 GB, comm_vol 0.000114 GB
BRUCK: 0.003299 s, REAL_BD 0.069379 GB/s, SIZE 0.000061 GB, comm_vol 0.000229 GB
BRUCK: 0.003278 s, REAL_BD 0.139647 GB/s, SIZE 0.000122 GB, comm_vol 0.000458 GB
BRUCK: 0.003450 s, REAL_BD 0.265370 GB/s, SIZE 0.000244 GB, comm_vol 0.000916 GB
BRUCK: 0.003742 s, REAL_BD 0.489325 GB/s, SIZE 0.000488 GB, comm_vol 0.001831 GB
BRUCK: 0.004658 s, REAL_BD 0.786198 GB/s, SIZE 0.000977 GB, comm_vol 0.003662 GB
BRUCK: 0.006337 s, REAL_BD 1.155786 GB/s, SIZE 0.001953 GB, comm_vol 0.007324 GB
BRUCK: 0.009999 s, REAL_BD 1.464990 GB/s, SIZE 0.003906 GB, comm_vol 0.014648 GB
BRUCK: 0.016381 s, REAL_BD 1.788467 GB/s, SIZE 0.007812 GB, comm_vol 0.029297 GB
BRUCK: 0.029472 s, REAL_BD 1.988116 GB/s, SIZE 0.015625 GB, comm_vol 0.058594 GB
BRUCK: 0.054851 s, REAL_BD 2.136470 GB/s, SIZE 0.031250 GB, comm_vol 0.117188 GB
BRUCK: 0.106045 s, REAL_BD 2.210147 GB/s, SIZE 0.062500 GB, comm_vol 0.234375 GB
BRUCK: 0.195941 s, REAL_BD 2.392302 GB/s, SIZE 0.125000 GB, comm_vol 0.468750 GB
BRUCK: 0.384442 s, REAL_BD 2.438599 GB/s, SIZE 0.250000 GB, comm_vol 0.937500 GB
BRUCK: 0.758737 s, REAL_BD 2.471212 GB/s, SIZE 0.500000 GB, comm_vol 1.875000 GB
BRUCK: 1.512622 s, REAL_BD 2.479139 GB/s, SIZE 1.000000 GB, comm_vol 3.750000 GB
BRUCK: 3.022699 s, REAL_BD 2.481226 GB/s, SIZE 2.000000 GB, comm_vol 7.500000 GB
BRUCK: 6.041611 s, REAL_BD 2.482781 GB/s, SIZE 4.000000 GB, comm_vol 15.000000 GB
BRUCK: 12.086874 s, REAL_BD 2.482031 GB/s, SIZE 8.000000 GB, comm_vol 30.000000 GB
RD: 0.003495 s, REAL_BD 0.001023 GB/s, SIZE 0.000001 GB, comm_vol 0.000004 GB
RD: 0.003519 s, REAL_BD 0.002033 GB/s, SIZE 0.000002 GB, comm_vol 0.000007 GB
RD: 0.003525 s, REAL_BD 0.004058 GB/s, SIZE 0.000004 GB, comm_vol 0.000014 GB
RD: 0.003637 s, REAL_BD 0.007866 GB/s, SIZE 0.000008 GB, comm_vol 0.000029 GB
RD: 0.003496 s, REAL_BD 0.016367 GB/s, SIZE 0.000015 GB, comm_vol 0.000057 GB
RD: 0.003499 s, REAL_BD 0.032707 GB/s, SIZE 0.000031 GB, comm_vol 0.000114 GB
RD: 0.003493 s, REAL_BD 0.065526 GB/s, SIZE 0.000061 GB, comm_vol 0.000229 GB
RD: 0.003642 s, REAL_BD 0.125690 GB/s, SIZE 0.000122 GB, comm_vol 0.000458 GB
RD: 0.003591 s, REAL_BD 0.254951 GB/s, SIZE 0.000244 GB, comm_vol 0.000916 GB
RD: 0.003932 s, REAL_BD 0.465680 GB/s, SIZE 0.000488 GB, comm_vol 0.001831 GB
RD: 0.004681 s, REAL_BD 0.782335 GB/s, SIZE 0.000977 GB, comm_vol 0.003662 GB
RD: 0.006111 s, REAL_BD 1.198530 GB/s, SIZE 0.001953 GB, comm_vol 0.007324 GB
RD: 0.008533 s, REAL_BD 1.716681 GB/s, SIZE 0.003906 GB, comm_vol 0.014648 GB
RD: 0.013940 s, REAL_BD 2.101641 GB/s, SIZE 0.007812 GB, comm_vol 0.029297 GB
RD: 0.024539 s, REAL_BD 2.387781 GB/s, SIZE 0.015625 GB, comm_vol 0.058594 GB
RD: 0.079020 s, REAL_BD 1.483011 GB/s, SIZE 0.031250 GB, comm_vol 0.117188 GB
RD: 0.112543 s, REAL_BD 2.082537 GB/s, SIZE 0.062500 GB, comm_vol 0.234375 GB
RD: 0.187203 s, REAL_BD 2.503966 GB/s, SIZE 0.125000 GB, comm_vol 0.468750 GB
RD: 0.345436 s, REAL_BD 2.713961 GB/s, SIZE 0.250000 GB, comm_vol 0.937500 GB
RD: 0.638746 s, REAL_BD 2.935439 GB/s, SIZE 0.500000 GB, comm_vol 1.875000 GB
RD: 1.251489 s, REAL_BD 2.996431 GB/s, SIZE 1.000000 GB, comm_vol 3.750000 GB
RD: 2.464071 s, REAL_BD 3.043743 GB/s, SIZE 2.000000 GB, comm_vol 7.500000 GB
RD: 4.894813 s, REAL_BD 3.064468 GB/s, SIZE 4.000000 GB, comm_vol 15.000000 GB
RD: 9.769153 s, REAL_BD 3.070891 GB/s, SIZE 8.000000 GB, comm_vol 30.000000 GB
2DMESH: 0.005972 s, REAL_BD 0.000599 GB/s, SIZE 0.000001 GB, comm_vol 0.000004 GB
2DMESH: 0.004999 s, REAL_BD 0.001431 GB/s, SIZE 0.000002 GB, comm_vol 0.000007 GB
2DMESH: 0.004998 s, REAL_BD 0.002862 GB/s, SIZE 0.000004 GB, comm_vol 0.000014 GB
2DMESH: 0.005106 s, REAL_BD 0.005603 GB/s, SIZE 0.000008 GB, comm_vol 0.000029 GB
2DMESH: 0.005148 s, REAL_BD 0.011115 GB/s, SIZE 0.000015 GB, comm_vol 0.000057 GB
2DMESH: 0.005161 s, REAL_BD 0.022174 GB/s, SIZE 0.000031 GB, comm_vol 0.000114 GB
2DMESH: 0.014225 s, REAL_BD 0.016090 GB/s, SIZE 0.000061 GB, comm_vol 0.000229 GB
2DMESH: 0.005959 s, REAL_BD 0.076819 GB/s, SIZE 0.000122 GB, comm_vol 0.000458 GB
2DMESH: 0.010157 s, REAL_BD 0.090138 GB/s, SIZE 0.000244 GB, comm_vol 0.000916 GB
2DMESH: 0.005806 s, REAL_BD 0.315373 GB/s, SIZE 0.000488 GB, comm_vol 0.001831 GB
2DMESH: 0.011248 s, REAL_BD 0.325579 GB/s, SIZE 0.000977 GB, comm_vol 0.003662 GB
2DMESH: 0.007788 s, REAL_BD 0.940449 GB/s, SIZE 0.001953 GB, comm_vol 0.007324 GB
2DMESH: 0.014289 s, REAL_BD 1.025155 GB/s, SIZE 0.003906 GB, comm_vol 0.014648 GB
2DMESH: 0.015403 s, REAL_BD 1.902024 GB/s, SIZE 0.007812 GB, comm_vol 0.029297 GB
2DMESH: 0.029663 s, REAL_BD 1.975314 GB/s, SIZE 0.015625 GB, comm_vol 0.058594 GB
2DMESH: 0.046502 s, REAL_BD 2.520053 GB/s, SIZE 0.031250 GB, comm_vol 0.117188 GB
2DMESH: 0.082637 s, REAL_BD 2.836199 GB/s, SIZE 0.062500 GB, comm_vol 0.234375 GB
2DMESH: 0.156459 s, REAL_BD 2.995993 GB/s, SIZE 0.125000 GB, comm_vol 0.468750 GB
2DMESH: 0.306798 s, REAL_BD 3.055757 GB/s, SIZE 0.250000 GB, comm_vol 0.937500 GB
2DMESH: 0.607354 s, REAL_BD 3.087162 GB/s, SIZE 0.500000 GB, comm_vol 1.875000 GB
2DMESH: 1.207997 s, REAL_BD 3.104312 GB/s, SIZE 1.000000 GB, comm_vol 3.750000 GB
2DMESH: 2.407244 s, REAL_BD 3.115596 GB/s, SIZE 2.000000 GB, comm_vol 7.500000 GB
2DMESH: 4.811974 s, REAL_BD 3.117224 GB/s, SIZE 4.000000 GB, comm_vol 15.000000 GB
2DMESH: 9.625253 s, REAL_BD 3.116801 GB/s, SIZE 8.000000 GB, comm_vol 30.000000 GB
3DMESH: 0.012231 s, REAL_BD 0.000292 GB/s, SIZE 0.000001 GB, comm_vol 0.000004 GB
3DMESH: 0.012254 s, REAL_BD 0.000584 GB/s, SIZE 0.000002 GB, comm_vol 0.000007 GB
3DMESH: 0.012247 s, REAL_BD 0.001168 GB/s, SIZE 0.000004 GB, comm_vol 0.000014 GB
3DMESH: 0.012056 s, REAL_BD 0.002373 GB/s, SIZE 0.000008 GB, comm_vol 0.000029 GB
3DMESH: 0.012288 s, REAL_BD 0.004657 GB/s, SIZE 0.000015 GB, comm_vol 0.000057 GB
3DMESH: 0.012333 s, REAL_BD 0.009279 GB/s, SIZE 0.000031 GB, comm_vol 0.000114 GB
3DMESH: 0.012189 s, REAL_BD 0.018778 GB/s, SIZE 0.000061 GB, comm_vol 0.000229 GB
3DMESH: 0.012130 s, REAL_BD 0.037738 GB/s, SIZE 0.000122 GB, comm_vol 0.000458 GB
3DMESH: 0.012244 s, REAL_BD 0.074774 GB/s, SIZE 0.000244 GB, comm_vol 0.000916 GB
3DMESH: 0.012141 s, REAL_BD 0.150816 GB/s, SIZE 0.000488 GB, comm_vol 0.001831 GB
3DMESH: 0.012446 s, REAL_BD 0.294240 GB/s, SIZE 0.000977 GB, comm_vol 0.003662 GB
3DMESH: 0.014142 s, REAL_BD 0.517905 GB/s, SIZE 0.001953 GB, comm_vol 0.007324 GB
3DMESH: 0.016253 s, REAL_BD 0.901276 GB/s, SIZE 0.003906 GB, comm_vol 0.014648 GB
3DMESH: 0.021294 s, REAL_BD 1.375828 GB/s, SIZE 0.007812 GB, comm_vol 0.029297 GB
3DMESH: 0.033190 s, REAL_BD 1.765404 GB/s, SIZE 0.015625 GB, comm_vol 0.058594 GB
3DMESH: 0.060079 s, REAL_BD 1.950557 GB/s, SIZE 0.031250 GB, comm_vol 0.117188 GB
3DMESH: 0.112867 s, REAL_BD 2.076559 GB/s, SIZE 0.062500 GB, comm_vol 0.234375 GB
3DMESH: 0.184823 s, REAL_BD 2.536210 GB/s, SIZE 0.125000 GB, comm_vol 0.468750 GB
3DMESH: 0.359222 s, REAL_BD 2.609807 GB/s, SIZE 0.250000 GB, comm_vol 0.937500 GB
3DMESH: 0.707003 s, REAL_BD 2.652040 GB/s, SIZE 0.500000 GB, comm_vol 1.875000 GB
3DMESH: 1.404247 s, REAL_BD 2.670470 GB/s, SIZE 1.000000 GB, comm_vol 3.750000 GB
3DMESH: 2.801076 s, REAL_BD 2.677542 GB/s, SIZE 2.000000 GB, comm_vol 7.500000 GB
3DMESH: 5.597822 s, REAL_BD 2.679614 GB/s, SIZE 4.000000 GB, comm_vol 15.000000 GB
3DMESH: 11.182429 s, REAL_BD 2.682780 GB/s, SIZE 8.000000 GB, comm_vol 30.000000 GB
StyledWriter:
{
   "2DMESH" : {
      "REAL_BD" : [
         0.00059884103927050191,
         0.0014307976341362022,
         0.0028621678163452883,
         0.0056032568531507046,
         0.011115085272800118,
         0.022174175153797715,
         0.016090111489455185,
         0.076818874286793085,
         0.090137574456040176,
         0.31537283629004476,
         0.32557871399359889,
         0.94044924884437597,
         1.025154839386941,
         1.9020239563721353,
         1.9753143646967604,
         2.5200529009504966,
         2.8361992811936543,
         2.9959925603512745,
         3.0557565564312674,
         3.087161688241125,
         3.1043123451465524,
         3.1155960924609221,
         3.1172238253988902,
         3.1168011895375631
      ],
      "SIZE" : [
         1024.0,
         2048.0,
         4096.0,
         8192.0,
         16384.0,
         32768.0,
         65536.0,
         131072.0,
         262144.0,
         524288.0,
         1048576.0,
         2097152.0,
         4194304.0,
         8388608.0,
         16777216.0,
         33554432.0,
         67108864.0,
         134217728.0,
         268435456.0,
         536870912.0,
         1073741824.0,
         2147483648.0,
         4294967296.0,
         8589934592.0
      ],
      "comm_vol" : [
         3.5762786865234375e-06,
         7.152557373046875e-06,
         1.430511474609375e-05,
         2.86102294921875e-05,
         5.7220458984375e-05,
         0.00011444091796875,
         0.0002288818359375,
         0.000457763671875,
         0.00091552734375,
         0.0018310546875,
         0.003662109375,
         0.00732421875,
         0.0146484375,
         0.029296875,
         0.05859375,
         0.1171875,
         0.234375,
         0.46875,
         0.9375,
         1.875,
         3.75,
         7.5,
         15.0,
         30.0
      ],
      "time" : [
         0.0059719999999999999,
         0.004999,
         0.0049979999999999998,
         0.0051060000000000003,
         0.0051479999999999998,
         0.0051609999999999998,
         0.014225,
         0.0059589999999999999,
         0.010156999999999999,
         0.0058060000000000004,
         0.011247999999999999,
         0.0077879999999999998,
         0.014289,
         0.015403,
         0.029662999999999998,
         0.046502000000000002,
         0.082637000000000002,
         0.15645899999999999,
         0.30679800000000002,
         0.60735399999999995,
         1.207997,
         2.4072439999999999,
         4.8119740000000002,
         9.6252530000000007
      ]
   },
   "3DMESH" : {
      "REAL_BD" : [
         0.00029239462730140116,
         0.00058369164134542805,
         0.0011680505222580019,
         0.0023731112717474698,
         0.0046566128730773926,
         0.009279244139199708,
         0.018777736970834357,
         0.037738142776174773,
         0.074773549799902,
         0.15081580491722263,
         0.29423986622207937,
         0.51790544123886295,
         0.90127591829200759,
         1.3758276979430826,
         1.7654037360650801,
         1.9505567669235506,
         2.0765591359741999,
         2.5362103201441379,
         2.6098067490298478,
         2.6520396660268766,
         2.6704703659683799,
         2.6775424872441875,
         2.6796136068635268,
         2.6827802796691129
      ],
      "SIZE" : [
         1024.0,
         2048.0,
         4096.0,
         8192.0,
         16384.0,
         32768.0,
         65536.0,
         131072.0,
         262144.0,
         524288.0,
         1048576.0,
         2097152.0,
         4194304.0,
         8388608.0,
         16777216.0,
         33554432.0,
         67108864.0,
         134217728.0,
         268435456.0,
         536870912.0,
         1073741824.0,
         2147483648.0,
         4294967296.0,
         8589934592.0
      ],
      "comm_vol" : [
         3.5762786865234375e-06,
         7.152557373046875e-06,
         1.430511474609375e-05,
         2.86102294921875e-05,
         5.7220458984375e-05,
         0.00011444091796875,
         0.0002288818359375,
         0.000457763671875,
         0.00091552734375,
         0.0018310546875,
         0.003662109375,
         0.00732421875,
         0.0146484375,
         0.029296875,
         0.05859375,
         0.1171875,
         0.234375,
         0.46875,
         0.9375,
         1.875,
         3.75,
         7.5,
         15.0,
         30.0
      ],
      "time" : [
         0.012231000000000001,
         0.012253999999999999,
         0.012246999999999999,
         0.012056000000000001,
         0.012288,
         0.012333,
         0.012189,
         0.01213,
         0.012244,
         0.012141000000000001,
         0.012446,
         0.014142,
         0.016253,
         0.021294,
         0.033189999999999997,
         0.060079,
         0.112867,
         0.18482299999999999,
         0.35922199999999999,
         0.70700300000000005,
         1.404247,
         2.8010760000000001,
         5.5978219999999999,
         11.182429000000001
      ]
   },
   "BRUCK" : {
      "REAL_BD" : [
         0.0010810999656963233,
         0.0021680986277801987,
         0.0043322576456976836,
         0.0087680752351172245,
         0.017671543849405499,
         0.034848026178060293,
         0.069379156088966359,
         0.13964724584350213,
         0.26537024456521741,
         0.48932514363976481,
         0.78619780485186774,
         1.1557864525800852,
         1.4649902490249027,
         1.78846682131738,
         1.9881158387622149,
         2.1364697088476055,
         2.210146635862134,
         2.3923017643066022,
         2.4385993205737146,
         2.4712120273559877,
         2.4791388727653043,
         2.4812262153790372,
         2.4827814965246855,
         2.4820313341563751
      ],
      "SIZE" : [
         1024.0,
         2048.0,
         4096.0,
         8192.0,
         16384.0,
         32768.0,
         65536.0,
         131072.0,
         262144.0,
         524288.0,
         1048576.0,
         2097152.0,
         4194304.0,
         8388608.0,
         16777216.0,
         33554432.0,
         67108864.0,
         134217728.0,
         268435456.0,
         536870912.0,
         1073741824.0,
         2147483648.0,
         4294967296.0,
         8589934592.0
      ],
      "comm_vol" : [
         3.5762786865234375e-06,
         7.152557373046875e-06,
         1.430511474609375e-05,
         2.86102294921875e-05,
         5.7220458984375e-05,
         0.00011444091796875,
         0.0002288818359375,
         0.000457763671875,
         0.00091552734375,
         0.0018310546875,
         0.003662109375,
         0.00732421875,
         0.0146484375,
         0.029296875,
         0.05859375,
         0.1171875,
         0.234375,
         0.46875,
         0.9375,
         1.875,
         3.75,
         7.5,
         15.0,
         30.0
      ],
      "time" : [
         0.0033080000000000002,
         0.0032989999999999998,
         0.0033019999999999998,
         0.0032629999999999998,
         0.003238,
         0.003284,
         0.0032989999999999998,
         0.0032780000000000001,
         0.0034499999999999999,
         0.0037420000000000001,
         0.0046579999999999998,
         0.0063369999999999998,
         0.0099989999999999992,
         0.016381,
         0.029472000000000002,
         0.054850999999999997,
         0.106045,
         0.195941,
         0.38444200000000001,
         0.75873699999999999,
         1.5126219999999999,
         3.0226989999999998,
         6.0416109999999996,
         12.086874
      ]
   },
   "RD" : {
      "REAL_BD" : [
         0.0010232557042985516,
         0.0020325539565350598,
         0.0040581885804521281,
         0.0078664364839668675,
         0.016367408176308638,
         0.032706749919619894,
         0.065525861991840822,
         0.12569018997116968,
         0.25495052736006685,
         0.46568023588504581,
         0.78233483764152956,
         1.1985303141875308,
         1.7166808273760692,
         2.1016409612625537,
         2.3877806756591551,
         1.4830106302201973,
         2.0825373412828871,
         2.5039662825916249,
         2.7139614863534778,
         2.9354391260375796,
         2.9964306518075667,
         3.043743463560912,
         3.0644684485393006,
         3.0708905879557831
      ],
      "SIZE" : [
         1024.0,
         2048.0,
         4096.0,
         8192.0,
         16384.0,
         32768.0,
         65536.0,
         131072.0,
         262144.0,
         524288.0,
         1048576.0,
         2097152.0,
         4194304.0,
         8388608.0,
         16777216.0,
         33554432.0,
         67108864.0,
         134217728.0,
         268435456.0,
         536870912.0,
         1073741824.0,
         2147483648.0,
         4294967296.0,
         8589934592.0
      ],
      "comm_vol" : [
         3.5762786865234375e-06,
         7.152557373046875e-06,
         1.430511474609375e-05,
         2.86102294921875e-05,
         5.7220458984375e-05,
         0.00011444091796875,
         0.0002288818359375,
         0.000457763671875,
         0.00091552734375,
         0.0018310546875,
         0.003662109375,
         0.00732421875,
         0.0146484375,
         0.029296875,
         0.05859375,
         0.1171875,
         0.234375,
         0.46875,
         0.9375,
         1.875,
         3.75,
         7.5,
         15.0,
         30.0
      ],
      "time" : [
         0.0034949999999999998,
         0.003519,
         0.0035249999999999999,
         0.003637,
         0.003496,
         0.0034989999999999999,
         0.003493,
         0.0036419999999999998,
         0.003591,
         0.0039319999999999997,
         0.0046810000000000003,
         0.0061110000000000001,
         0.0085330000000000007,
         0.013939999999999999,
         0.024538999999999998,
         0.079020000000000007,
         0.112543,
         0.18720300000000001,
         0.34543600000000002,
         0.63874600000000004,
         1.2514890000000001,
         2.4640710000000001,
         4.8948130000000001,
         9.7691529999999993
      ]
   },
   "SC0" : {
      "REAL_BD" : [
         0.0010014782096117159,
         0.00071740796118825224,
         0.0041512230836023654,
         0.0029268776974104857,
         0.019227304766255039,
         0.013630409476983086,
         0.073500910705684014,
         0.061868316242059733,
         0.30548126251251251,
         0.58876356511254024,
         0.99866631442596121,
         1.4772526724485679,
         2.1899293616385109,
         2.2216482141502993,
         2.3565697393822393,
         2.7172652862475943,
         2.7288763142268326,
         3.0020750342636831,
         3.0353656522879371,
         3.1095971288882405,
         3.1098240585940609,
         3.131701841941755,
         3.1279676593167767,
         3.1302931300395764
      ],
      "SIZE" : [
         1024.0,
         2048.0,
         4096.0,
         8192.0,
         16384.0,
         32768.0,
         65536.0,
         131072.0,
         262144.0,
         524288.0,
         1048576.0,
         2097152.0,
         4194304.0,
         8388608.0,
         16777216.0,
         33554432.0,
         67108864.0,
         134217728.0,
         268435456.0,
         536870912.0,
         1073741824.0,
         2147483648.0,
         4294967296.0,
         8589934592.0
      ],
      "comm_vol" : [
         3.5762786865234375e-06,
         7.152557373046875e-06,
         1.430511474609375e-05,
         2.86102294921875e-05,
         5.7220458984375e-05,
         0.00011444091796875,
         0.0002288818359375,
         0.000457763671875,
         0.00091552734375,
         0.0018310546875,
         0.003662109375,
         0.00732421875,
         0.0146484375,
         0.029296875,
         0.05859375,
         0.1171875,
         0.234375,
         0.46875,
         0.9375,
         1.875,
         3.75,
         7.5,
         15.0,
         30.0
      ],
      "time" : [
         0.003571,
         0.0099699999999999997,
         0.0034459999999999998,
         0.0097750000000000007,
         0.0029759999999999999,
         0.0083960000000000007,
         0.003114,
         0.0073990000000000002,
         0.0029970000000000001,
         0.0031099999999999999,
         0.0036670000000000001,
         0.0049579999999999997,
         0.0066889999999999996,
         0.013187000000000001,
         0.024864000000000001,
         0.043126999999999999,
         0.085887000000000005,
         0.156142,
         0.30885899999999999,
         0.60297199999999995,
         1.205856,
         2.3948640000000001,
         4.7954460000000001,
         9.5837669999999999
      ]
   },
   "SC1" : {
      "REAL_BD" : [
         0.0041440077479993481,
         0.0047525298159779902,
         0.017509320374655753,
         0.036261380851948667,
         0.072156947016866327,
         0.14431389403373265,
         0.20381285479741762,
         0.06012131230299448,
         0.59488456384015598,
         0.30568525667779634,
         1.4742791364734298,
         0.82322341800606946,
         2.0255029728982303,
         2.1268148820326678,
         2.3441250600096013,
         2.4361786167182919,
         2.4966977011739142,
         2.6425720470842919,
         2.958103784479658,
         2.6824955363274272,
         3.5024633992574774,
         2.6858798996268778,
         2.6878093332566415,
         2.6866575481509485
      ],
      "SIZE" : [
         1024.0,
         2048.0,
         4096.0,
         8192.0,
         16384.0,
         32768.0,
         65536.0,
         131072.0,
         262144.0,
         524288.0,
         1048576.0,
         2097152.0,
         4194304.0,
         8388608.0,
         16777216.0,
         33554432.0,
         67108864.0,
         134217728.0,
         268435456.0,
         536870912.0,
         1073741824.0,
         2147483648.0,
         4294967296.0,
         8589934592.0
      ],
      "comm_vol" : [
         3.5762786865234375e-06,
         7.152557373046875e-06,
         1.430511474609375e-05,
         2.86102294921875e-05,
         5.7220458984375e-05,
         0.00011444091796875,
         0.0002288818359375,
         0.000457763671875,
         0.00091552734375,
         0.0018310546875,
         0.003662109375,
         0.00732421875,
         0.0146484375,
         0.029296875,
         0.05859375,
         0.1171875,
         0.234375,
         0.46875,
         0.9375,
         1.875,
         3.75,
         7.5,
         15.0,
         30.0
      ],
      "time" : [
         0.00086300000000000005,
         0.001505,
         0.00081700000000000002,
         0.00078899999999999999,
         0.00079299999999999998,
         0.00079299999999999998,
         0.0011230000000000001,
         0.0076140000000000001,
         0.001539,
         0.0059899999999999997,
         0.0024840000000000001,
         0.0088970000000000004,
         0.0072319999999999997,
         0.013775000000000001,
         0.024996000000000001,
         0.048103,
         0.093873999999999999,
         0.17738399999999999,
         0.31692599999999999,
         0.69897600000000004,
         1.070675,
         2.7923809999999998,
         5.5807529999999996,
         11.166290999999999
      ]
   },
   "SC4" : {
      "REAL_BD" : [
         0.00056204285502489985,
         0.0037944601448524538,
         0.0022666954121523929,
         0.014107608230861688,
         0.0085800658246176342,
         0.054547625342588175,
         0.031157342218554315,
         0.12378682311384533,
         0.26232875179083093,
         0.62944471897559295,
         1.0286824087078652,
         1.4581363229145929,
         2.1309917806226362,
         1.9811248985664052,
         2.9658711277586556,
         2.9920722054843489,
         3.4988654345684171,
         3.7904210500780322,
         4.0333162679240573,
         3.9929468586688475,
         4.1217578252946234,
         4.1202633452582917,
         4.1330261300933344,
         4.1269715058755008
      ],
      "SIZE" : [
         1024.0,
         2048.0,
         4096.0,
         8192.0,
         16384.0,
         32768.0,
         65536.0,
         131072.0,
         262144.0,
         524288.0,
         1048576.0,
         2097152.0,
         4194304.0,
         8388608.0,
         16777216.0,
         33554432.0,
         67108864.0,
         134217728.0,
         268435456.0,
         536870912.0,
         1073741824.0,
         2147483648.0,
         4294967296.0,
         8589934592.0
      ],
      "comm_vol" : [
         3.5762786865234375e-06,
         7.152557373046875e-06,
         1.430511474609375e-05,
         2.86102294921875e-05,
         5.7220458984375e-05,
         0.00011444091796875,
         0.0002288818359375,
         0.000457763671875,
         0.00091552734375,
         0.0018310546875,
         0.003662109375,
         0.00732421875,
         0.0146484375,
         0.029296875,
         0.05859375,
         0.1171875,
         0.234375,
         0.46875,
         0.9375,
         1.875,
         3.75,
         7.5,
         15.0,
         30.0
      ],
      "time" : [
         0.0063629999999999997,
         0.001885,
         0.0063109999999999998,
         0.0020279999999999999,
         0.0066689999999999996,
         0.002098,
         0.0073460000000000001,
         0.0036979999999999999,
         0.00349,
         0.0029090000000000001,
         0.0035599999999999998,
         0.0050229999999999997,
         0.0068739999999999999,
         0.014788000000000001,
         0.019755999999999999,
         0.039165999999999999,
         0.066986000000000004,
         0.123667,
         0.23243900000000001,
         0.469578,
         0.909806,
         1.8202719999999999,
         3.629302,
         7.269253
      ]
   }
}


GPU_NUM: 8
CUDA_VISIBLE_DEVICES: 
srun: error: Required nodelist includes more nodes than permitted by max-node count (2 > 1). Eliminating nodes from the nodelist.
srun: job 152010 queued and waiting for resources
srun: job 152010 has been allocated resources
SC0: 0.007318 s, REAL_BD 0.000285 GB/s, SIZE 0.000001 GB, comm_vol 0.000002 GB
SC0: 0.016739 s, REAL_BD 0.000249 GB/s, SIZE 0.000002 GB, comm_vol 0.000004 GB
SC0: 0.006600 s, REAL_BD 0.001264 GB/s, SIZE 0.000004 GB, comm_vol 0.000008 GB
SC0: 0.014416 s, REAL_BD 0.001158 GB/s, SIZE 0.000008 GB, comm_vol 0.000017 GB
SC0: 0.004951 s, REAL_BD 0.006742 GB/s, SIZE 0.000015 GB, comm_vol 0.000033 GB
SC0: 0.012536 s, REAL_BD 0.005325 GB/s, SIZE 0.000031 GB, comm_vol 0.000067 GB
SC0: 0.005753 s, REAL_BD 0.023208 GB/s, SIZE 0.000061 GB, comm_vol 0.000134 GB
SC0: 0.013464 s, REAL_BD 0.019833 GB/s, SIZE 0.000122 GB, comm_vol 0.000267 GB
SC0: 0.005037 s, REAL_BD 0.106027 GB/s, SIZE 0.000244 GB, comm_vol 0.000534 GB
SC0: 0.005548 s, REAL_BD 0.192523 GB/s, SIZE 0.000488 GB, comm_vol 0.001068 GB
SC0: 0.006758 s, REAL_BD 0.316104 GB/s, SIZE 0.000977 GB, comm_vol 0.002136 GB
SC0: 0.007161 s, REAL_BD 0.596629 GB/s, SIZE 0.001953 GB, comm_vol 0.004272 GB
SC0: 0.008801 s, REAL_BD 0.970904 GB/s, SIZE 0.003906 GB, comm_vol 0.008545 GB
SC0: 0.016536 s, REAL_BD 1.033493 GB/s, SIZE 0.007812 GB, comm_vol 0.017090 GB
SC0: 0.028202 s, REAL_BD 1.211960 GB/s, SIZE 0.015625 GB, comm_vol 0.034180 GB
SC0: 0.034276 s, REAL_BD 1.994380 GB/s, SIZE 0.031250 GB, comm_vol 0.068359 GB
SC0: 0.058087 s, REAL_BD 2.353689 GB/s, SIZE 0.062500 GB, comm_vol 0.136719 GB
SC0: 0.094073 s, REAL_BD 2.906652 GB/s, SIZE 0.125000 GB, comm_vol 0.273438 GB
SC0: 0.187404 s, REAL_BD 2.918161 GB/s, SIZE 0.250000 GB, comm_vol 0.546875 GB
SC0: 0.355708 s, REAL_BD 3.074854 GB/s, SIZE 0.500000 GB, comm_vol 1.093750 GB
SC0: 0.707394 s, REAL_BD 3.092336 GB/s, SIZE 1.000000 GB, comm_vol 2.187500 GB
SC0: 1.393895 s, REAL_BD 3.138687 GB/s, SIZE 2.000000 GB, comm_vol 4.375000 GB
SC0: 2.792924 s, REAL_BD 3.132917 GB/s, SIZE 4.000000 GB, comm_vol 8.750000 GB
SC0: 5.565056 s, REAL_BD 3.144622 GB/s, SIZE 8.000000 GB, comm_vol 17.500000 GB
SC1: 0.001447 s, REAL_BD 0.001442 GB/s, SIZE 0.000001 GB, comm_vol 0.000002 GB
SC1: 0.001306 s, REAL_BD 0.003195 GB/s, SIZE 0.000002 GB, comm_vol 0.000004 GB
SC1: 0.001287 s, REAL_BD 0.006484 GB/s, SIZE 0.000004 GB, comm_vol 0.000008 GB
SC1: 0.005267 s, REAL_BD 0.003169 GB/s, SIZE 0.000008 GB, comm_vol 0.000017 GB
SC1: 0.001239 s, REAL_BD 0.026940 GB/s, SIZE 0.000015 GB, comm_vol 0.000033 GB
SC1: 0.001363 s, REAL_BD 0.048978 GB/s, SIZE 0.000031 GB, comm_vol 0.000067 GB
SC1: 0.002162 s, REAL_BD 0.061755 GB/s, SIZE 0.000061 GB, comm_vol 0.000134 GB
SC1: 0.012729 s, REAL_BD 0.020978 GB/s, SIZE 0.000122 GB, comm_vol 0.000267 GB
SC1: 0.001575 s, REAL_BD 0.339084 GB/s, SIZE 0.000244 GB, comm_vol 0.000534 GB
SC1: 0.008560 s, REAL_BD 0.124780 GB/s, SIZE 0.000488 GB, comm_vol 0.001068 GB
SC1: 0.002173 s, REAL_BD 0.983079 GB/s, SIZE 0.000977 GB, comm_vol 0.002136 GB
SC1: 0.009596 s, REAL_BD 0.445234 GB/s, SIZE 0.001953 GB, comm_vol 0.004272 GB
SC1: 0.004550 s, REAL_BD 1.878005 GB/s, SIZE 0.003906 GB, comm_vol 0.008545 GB
SC1: 0.011427 s, REAL_BD 1.495567 GB/s, SIZE 0.007812 GB, comm_vol 0.017090 GB
SC1: 0.017406 s, REAL_BD 1.963673 GB/s, SIZE 0.015625 GB, comm_vol 0.034180 GB
SC1: 0.030125 s, REAL_BD 2.269191 GB/s, SIZE 0.031250 GB, comm_vol 0.068359 GB
SC1: 0.054752 s, REAL_BD 2.497055 GB/s, SIZE 0.062500 GB, comm_vol 0.136719 GB
SC1: 0.101917 s, REAL_BD 2.682943 GB/s, SIZE 0.125000 GB, comm_vol 0.273438 GB
SC1: 0.181261 s, REAL_BD 3.017058 GB/s, SIZE 0.250000 GB, comm_vol 0.546875 GB
SC1: 0.395062 s, REAL_BD 2.768553 GB/s, SIZE 0.500000 GB, comm_vol 1.093750 GB
SC1: 0.603477 s, REAL_BD 3.624827 GB/s, SIZE 1.000000 GB, comm_vol 2.187500 GB
SC1: 1.564394 s, REAL_BD 2.796610 GB/s, SIZE 2.000000 GB, comm_vol 4.375000 GB
SC1: 3.130158 s, REAL_BD 2.795386 GB/s, SIZE 4.000000 GB, comm_vol 8.750000 GB
SC1: 6.260059 s, REAL_BD 2.795501 GB/s, SIZE 8.000000 GB, comm_vol 17.500000 GB
SC4: 0.012464 s, REAL_BD 0.000167 GB/s, SIZE 0.000001 GB, comm_vol 0.000002 GB
SC4: 0.006663 s, REAL_BD 0.000626 GB/s, SIZE 0.000002 GB, comm_vol 0.000004 GB
SC4: 0.012014 s, REAL_BD 0.000695 GB/s, SIZE 0.000004 GB, comm_vol 0.000008 GB
SC4: 0.004313 s, REAL_BD 0.003870 GB/s, SIZE 0.000008 GB, comm_vol 0.000017 GB
SC4: 0.012670 s, REAL_BD 0.002634 GB/s, SIZE 0.000015 GB, comm_vol 0.000033 GB
SC4: 0.004462 s, REAL_BD 0.014961 GB/s, SIZE 0.000031 GB, comm_vol 0.000067 GB
SC4: 0.012673 s, REAL_BD 0.010535 GB/s, SIZE 0.000061 GB, comm_vol 0.000134 GB
SC4: 0.005679 s, REAL_BD 0.047020 GB/s, SIZE 0.000122 GB, comm_vol 0.000267 GB
SC4: 0.004651 s, REAL_BD 0.114826 GB/s, SIZE 0.000244 GB, comm_vol 0.000534 GB
SC4: 0.005040 s, REAL_BD 0.211928 GB/s, SIZE 0.000488 GB, comm_vol 0.001068 GB
SC4: 0.005963 s, REAL_BD 0.358248 GB/s, SIZE 0.000977 GB, comm_vol 0.002136 GB
SC4: 0.006731 s, REAL_BD 0.634744 GB/s, SIZE 0.001953 GB, comm_vol 0.004272 GB
SC4: 0.008515 s, REAL_BD 1.003514 GB/s, SIZE 0.003906 GB, comm_vol 0.008545 GB
SC4: 0.012616 s, REAL_BD 1.354617 GB/s, SIZE 0.007812 GB, comm_vol 0.017090 GB
SC4: 0.018678 s, REAL_BD 1.829944 GB/s, SIZE 0.015625 GB, comm_vol 0.034180 GB
SC4: 0.035443 s, REAL_BD 1.928713 GB/s, SIZE 0.031250 GB, comm_vol 0.068359 GB
SC4: 0.047575 s, REAL_BD 2.873752 GB/s, SIZE 0.062500 GB, comm_vol 0.136719 GB
SC4: 0.094253 s, REAL_BD 2.901101 GB/s, SIZE 0.125000 GB, comm_vol 0.273438 GB
SC4: 0.166771 s, REAL_BD 3.279197 GB/s, SIZE 0.250000 GB, comm_vol 0.546875 GB
SC4: 0.350653 s, REAL_BD 3.119181 GB/s, SIZE 0.500000 GB, comm_vol 1.093750 GB
SC4: 0.640943 s, REAL_BD 3.412940 GB/s, SIZE 1.000000 GB, comm_vol 2.187500 GB
SC4: 1.282072 s, REAL_BD 3.412445 GB/s, SIZE 2.000000 GB, comm_vol 4.375000 GB
SC4: 2.543276 s, REAL_BD 3.440445 GB/s, SIZE 4.000000 GB, comm_vol 8.750000 GB
SC4: 5.086040 s, REAL_BD 3.440791 GB/s, SIZE 8.000000 GB, comm_vol 17.500000 GB
BRUCK: 0.008857 s, REAL_BD 0.000236 GB/s, SIZE 0.000001 GB, comm_vol 0.000002 GB
BRUCK: 0.008873 s, REAL_BD 0.000470 GB/s, SIZE 0.000002 GB, comm_vol 0.000004 GB
BRUCK: 0.008865 s, REAL_BD 0.000941 GB/s, SIZE 0.000004 GB, comm_vol 0.000008 GB
BRUCK: 0.008754 s, REAL_BD 0.001906 GB/s, SIZE 0.000008 GB, comm_vol 0.000017 GB
BRUCK: 0.008784 s, REAL_BD 0.003800 GB/s, SIZE 0.000015 GB, comm_vol 0.000033 GB
BRUCK: 0.008798 s, REAL_BD 0.007588 GB/s, SIZE 0.000031 GB, comm_vol 0.000067 GB
BRUCK: 0.008782 s, REAL_BD 0.015203 GB/s, SIZE 0.000061 GB, comm_vol 0.000134 GB
BRUCK: 0.008802 s, REAL_BD 0.030337 GB/s, SIZE 0.000122 GB, comm_vol 0.000267 GB
BRUCK: 0.008877 s, REAL_BD 0.060162 GB/s, SIZE 0.000244 GB, comm_vol 0.000534 GB
BRUCK: 0.008813 s, REAL_BD 0.121198 GB/s, SIZE 0.000488 GB, comm_vol 0.001068 GB
BRUCK: 0.009253 s, REAL_BD 0.230869 GB/s, SIZE 0.000977 GB, comm_vol 0.002136 GB
BRUCK: 0.010138 s, REAL_BD 0.421430 GB/s, SIZE 0.001953 GB, comm_vol 0.004272 GB
BRUCK: 0.013077 s, REAL_BD 0.653431 GB/s, SIZE 0.003906 GB, comm_vol 0.008545 GB
BRUCK: 0.019226 s, REAL_BD 0.888892 GB/s, SIZE 0.007812 GB, comm_vol 0.017090 GB
BRUCK: 0.028051 s, REAL_BD 1.218484 GB/s, SIZE 0.015625 GB, comm_vol 0.034180 GB
BRUCK: 0.047724 s, REAL_BD 1.432390 GB/s, SIZE 0.031250 GB, comm_vol 0.068359 GB
BRUCK: 0.086220 s, REAL_BD 1.585696 GB/s, SIZE 0.062500 GB, comm_vol 0.136719 GB
BRUCK: 0.161134 s, REAL_BD 1.696957 GB/s, SIZE 0.125000 GB, comm_vol 0.273438 GB
BRUCK: 0.310904 s, REAL_BD 1.758983 GB/s, SIZE 0.250000 GB, comm_vol 0.546875 GB
BRUCK: 0.610431 s, REAL_BD 1.791767 GB/s, SIZE 0.500000 GB, comm_vol 1.093750 GB
BRUCK: 1.209621 s, REAL_BD 1.808418 GB/s, SIZE 1.000000 GB, comm_vol 2.187500 GB
BRUCK: 2.416618 s, REAL_BD 1.810381 GB/s, SIZE 2.000000 GB, comm_vol 4.375000 GB
BRUCK: 4.833040 s, REAL_BD 1.810455 GB/s, SIZE 4.000000 GB, comm_vol 8.750000 GB
BRUCK: 9.662240 s, REAL_BD 1.811174 GB/s, SIZE 8.000000 GB, comm_vol 17.500000 GB
RD: 0.009118 s, REAL_BD 0.000229 GB/s, SIZE 0.000001 GB, comm_vol 0.000002 GB
RD: 0.009031 s, REAL_BD 0.000462 GB/s, SIZE 0.000002 GB, comm_vol 0.000004 GB
RD: 0.009024 s, REAL_BD 0.000925 GB/s, SIZE 0.000004 GB, comm_vol 0.000008 GB
RD: 0.009010 s, REAL_BD 0.001852 GB/s, SIZE 0.000008 GB, comm_vol 0.000017 GB
RD: 0.008993 s, REAL_BD 0.003712 GB/s, SIZE 0.000015 GB, comm_vol 0.000033 GB
RD: 0.009022 s, REAL_BD 0.007399 GB/s, SIZE 0.000031 GB, comm_vol 0.000067 GB
RD: 0.008994 s, REAL_BD 0.014845 GB/s, SIZE 0.000061 GB, comm_vol 0.000134 GB
RD: 0.009035 s, REAL_BD 0.029555 GB/s, SIZE 0.000122 GB, comm_vol 0.000267 GB
RD: 0.009095 s, REAL_BD 0.058720 GB/s, SIZE 0.000244 GB, comm_vol 0.000534 GB
RD: 0.009106 s, REAL_BD 0.117298 GB/s, SIZE 0.000488 GB, comm_vol 0.001068 GB
RD: 0.009348 s, REAL_BD 0.228523 GB/s, SIZE 0.000977 GB, comm_vol 0.002136 GB
RD: 0.010143 s, REAL_BD 0.421223 GB/s, SIZE 0.001953 GB, comm_vol 0.004272 GB
RD: 0.012968 s, REAL_BD 0.658924 GB/s, SIZE 0.003906 GB, comm_vol 0.008545 GB
RD: 0.018979 s, REAL_BD 0.900461 GB/s, SIZE 0.007812 GB, comm_vol 0.017090 GB
RD: 0.026607 s, REAL_BD 1.284613 GB/s, SIZE 0.015625 GB, comm_vol 0.034180 GB
RD: 0.042694 s, REAL_BD 1.601147 GB/s, SIZE 0.031250 GB, comm_vol 0.068359 GB
RD: 0.075967 s, REAL_BD 1.799712 GB/s, SIZE 0.062500 GB, comm_vol 0.136719 GB
RD: 0.195715 s, REAL_BD 1.397121 GB/s, SIZE 0.125000 GB, comm_vol 0.273438 GB
RD: 0.325134 s, REAL_BD 1.681999 GB/s, SIZE 0.250000 GB, comm_vol 0.546875 GB
RD: 0.583964 s, REAL_BD 1.872975 GB/s, SIZE 0.500000 GB, comm_vol 1.093750 GB
RD: 1.103630 s, REAL_BD 1.982095 GB/s, SIZE 1.000000 GB, comm_vol 2.187500 GB
RD: 2.151926 s, REAL_BD 2.033062 GB/s, SIZE 2.000000 GB, comm_vol 4.375000 GB
RD: 4.254994 s, REAL_BD 2.056407 GB/s, SIZE 4.000000 GB, comm_vol 8.750000 GB
RD: 8.471838 s, REAL_BD 2.065667 GB/s, SIZE 8.000000 GB, comm_vol 17.500000 GB
2DMESH: 0.008349 s, REAL_BD 0.000250 GB/s, SIZE 0.000001 GB, comm_vol 0.000002 GB
2DMESH: 0.010810 s, REAL_BD 0.000386 GB/s, SIZE 0.000002 GB, comm_vol 0.000004 GB
2DMESH: 0.008479 s, REAL_BD 0.000984 GB/s, SIZE 0.000004 GB, comm_vol 0.000008 GB
2DMESH: 0.008497 s, REAL_BD 0.001964 GB/s, SIZE 0.000008 GB, comm_vol 0.000017 GB
2DMESH: 0.008637 s, REAL_BD 0.003865 GB/s, SIZE 0.000015 GB, comm_vol 0.000033 GB
2DMESH: 0.008789 s, REAL_BD 0.007596 GB/s, SIZE 0.000031 GB, comm_vol 0.000067 GB
2DMESH: 0.017783 s, REAL_BD 0.007508 GB/s, SIZE 0.000061 GB, comm_vol 0.000134 GB
2DMESH: 0.010007 s, REAL_BD 0.026684 GB/s, SIZE 0.000122 GB, comm_vol 0.000267 GB
2DMESH: 0.016337 s, REAL_BD 0.032690 GB/s, SIZE 0.000244 GB, comm_vol 0.000534 GB
2DMESH: 0.009151 s, REAL_BD 0.116721 GB/s, SIZE 0.000488 GB, comm_vol 0.001068 GB
2DMESH: 0.016815 s, REAL_BD 0.127043 GB/s, SIZE 0.000977 GB, comm_vol 0.002136 GB
2DMESH: 0.010283 s, REAL_BD 0.415488 GB/s, SIZE 0.001953 GB, comm_vol 0.004272 GB
2DMESH: 0.019351 s, REAL_BD 0.441575 GB/s, SIZE 0.003906 GB, comm_vol 0.008545 GB
2DMESH: 0.016034 s, REAL_BD 1.065850 GB/s, SIZE 0.007812 GB, comm_vol 0.017090 GB
2DMESH: 0.032216 s, REAL_BD 1.060954 GB/s, SIZE 0.015625 GB, comm_vol 0.034180 GB
2DMESH: 0.041530 s, REAL_BD 1.646024 GB/s, SIZE 0.031250 GB, comm_vol 0.068359 GB
2DMESH: 0.072344 s, REAL_BD 1.889842 GB/s, SIZE 0.062500 GB, comm_vol 0.136719 GB
2DMESH: 0.134587 s, REAL_BD 2.031678 GB/s, SIZE 0.125000 GB, comm_vol 0.273438 GB
2DMESH: 0.260825 s, REAL_BD 2.096712 GB/s, SIZE 0.250000 GB, comm_vol 0.546875 GB
2DMESH: 0.514111 s, REAL_BD 2.127459 GB/s, SIZE 0.500000 GB, comm_vol 1.093750 GB
2DMESH: 1.020904 s, REAL_BD 2.142709 GB/s, SIZE 1.000000 GB, comm_vol 2.187500 GB
2DMESH: 2.041666 s, REAL_BD 2.142858 GB/s, SIZE 2.000000 GB, comm_vol 4.375000 GB
2DMESH: 4.088101 s, REAL_BD 2.140358 GB/s, SIZE 4.000000 GB, comm_vol 8.750000 GB
2DMESH: 8.193696 s, REAL_BD 2.135788 GB/s, SIZE 8.000000 GB, comm_vol 17.500000 GB
3DMESH: 0.023210 s, REAL_BD 0.000090 GB/s, SIZE 0.000001 GB, comm_vol 0.000002 GB
3DMESH: 0.023142 s, REAL_BD 0.000180 GB/s, SIZE 0.000002 GB, comm_vol 0.000004 GB
3DMESH: 0.023068 s, REAL_BD 0.000362 GB/s, SIZE 0.000004 GB, comm_vol 0.000008 GB
3DMESH: 0.022977 s, REAL_BD 0.000726 GB/s, SIZE 0.000008 GB, comm_vol 0.000017 GB
3DMESH: 0.023064 s, REAL_BD 0.001447 GB/s, SIZE 0.000015 GB, comm_vol 0.000033 GB
3DMESH: 0.022967 s, REAL_BD 0.002907 GB/s, SIZE 0.000031 GB, comm_vol 0.000067 GB
3DMESH: 0.022975 s, REAL_BD 0.005811 GB/s, SIZE 0.000061 GB, comm_vol 0.000134 GB
3DMESH: 0.023184 s, REAL_BD 0.011518 GB/s, SIZE 0.000122 GB, comm_vol 0.000267 GB
3DMESH: 0.022989 s, REAL_BD 0.023231 GB/s, SIZE 0.000244 GB, comm_vol 0.000534 GB
3DMESH: 0.022991 s, REAL_BD 0.046458 GB/s, SIZE 0.000488 GB, comm_vol 0.001068 GB
3DMESH: 0.023001 s, REAL_BD 0.092876 GB/s, SIZE 0.000977 GB, comm_vol 0.002136 GB
3DMESH: 0.023009 s, REAL_BD 0.185687 GB/s, SIZE 0.001953 GB, comm_vol 0.004272 GB
3DMESH: 0.023911 s, REAL_BD 0.357364 GB/s, SIZE 0.003906 GB, comm_vol 0.008545 GB
3DMESH: 0.029224 s, REAL_BD 0.584788 GB/s, SIZE 0.007812 GB, comm_vol 0.017090 GB
3DMESH: 0.036400 s, REAL_BD 0.939002 GB/s, SIZE 0.015625 GB, comm_vol 0.034180 GB
3DMESH: 0.052504 s, REAL_BD 1.301984 GB/s, SIZE 0.031250 GB, comm_vol 0.068359 GB
3DMESH: 0.088446 s, REAL_BD 1.545788 GB/s, SIZE 0.062500 GB, comm_vol 0.136719 GB
3DMESH: 0.163899 s, REAL_BD 1.668329 GB/s, SIZE 0.125000 GB, comm_vol 0.273438 GB
3DMESH: 0.312580 s, REAL_BD 1.749552 GB/s, SIZE 0.250000 GB, comm_vol 0.546875 GB
3DMESH: 0.609531 s, REAL_BD 1.794412 GB/s, SIZE 0.500000 GB, comm_vol 1.093750 GB
3DMESH: 1.205256 s, REAL_BD 1.814967 GB/s, SIZE 1.000000 GB, comm_vol 2.187500 GB
3DMESH: 2.399376 s, REAL_BD 1.823391 GB/s, SIZE 2.000000 GB, comm_vol 4.375000 GB
3DMESH: 4.788948 s, REAL_BD 1.827124 GB/s, SIZE 4.000000 GB, comm_vol 8.750000 GB
3DMESH: 9.564471 s, REAL_BD 1.829688 GB/s, SIZE 8.000000 GB, comm_vol 17.500000 GB
StyledWriter:
{
   "2DMESH" : {
      "REAL_BD" : [
         0.00024986975292114882,
         0.00038596902259734907,
         0.00098415500277800288,
         0.0019641403480180506,
         0.0038646058902649934,
         0.0075955401238408807,
         0.0075079797726410056,
         0.026684201918032377,
         0.03269006654756075,
         0.11672114898644957,
         0.12704314414213499,
         0.41548778931245745,
         0.44157520929150945,
         1.0658503024822252,
         1.0609537962503104,
         1.6460239585841561,
         1.8898422813225697,
         2.0316783939013425,
         2.0967123550273175,
         2.1274588561614127,
         2.1427088149326479,
         2.1428578425658258,
         2.1403580782373037,
         2.1357882938297932
      ],
      "SIZE" : [
         1024.0,
         2048.0,
         4096.0,
         8192.0,
         16384.0,
         32768.0,
         65536.0,
         131072.0,
         262144.0,
         524288.0,
         1048576.0,
         2097152.0,
         4194304.0,
         8388608.0,
         16777216.0,
         33554432.0,
         67108864.0,
         134217728.0,
         268435456.0,
         536870912.0,
         1073741824.0,
         2147483648.0,
         4294967296.0,
         8589934592.0
      ],
      "comm_vol" : [
         2.0861625671386719e-06,
         4.1723251342773438e-06,
         8.3446502685546875e-06,
         1.6689300537109375e-05,
         3.337860107421875e-05,
         6.67572021484375e-05,
         0.000133514404296875,
         0.00026702880859375,
         0.0005340576171875,
         0.001068115234375,
         0.00213623046875,
         0.0042724609375,
         0.008544921875,
         0.01708984375,
         0.0341796875,
         0.068359375,
         0.13671875,
         0.2734375,
         0.546875,
         1.09375,
         2.1875,
         4.375,
         8.75,
         17.5
      ],
      "time" : [
         0.0083490000000000005,
         0.01081,
         0.0084790000000000004,
         0.0084969999999999993,
         0.0086370000000000006,
         0.0087889999999999999,
         0.017783,
         0.010007,
         0.016337000000000001,
         0.0091509999999999994,
         0.016815,
         0.010283,
         0.019351,
         0.016034,
         0.032216000000000002,
         0.041529999999999997,
         0.072344000000000006,
         0.13458700000000001,
         0.26082499999999997,
         0.51411099999999998,
         1.020904,
         2.0416660000000002,
         4.088101,
         8.1936959999999992
      ]
   },
   "3DMESH" : {
      "REAL_BD" : [
         8.9882058041304257e-05,
         0.00018029233144401278,
         0.0003617413849728926,
         0.00072634811059360993,
         0.0014472164877826373,
         0.0029066574715216394,
         0.0058112907202121878,
         0.011517805753698672,
         0.02323100688100831,
         0.046457972005349915,
         0.092875547530542155,
         0.18568651125646485,
         0.35736363493789469,
         0.58478797392554061,
         0.93900240384615385,
         1.3019841345421301,
         1.5457878253397555,
         1.6683292759565342,
         1.7495521146586472,
         1.7944124252909202,
         1.8149671107217054,
         1.8233907482612144,
         1.827123618798951,
         1.8296882284446261
      ],
      "SIZE" : [
         1024.0,
         2048.0,
         4096.0,
         8192.0,
         16384.0,
         32768.0,
         65536.0,
         131072.0,
         262144.0,
         524288.0,
         1048576.0,
         2097152.0,
         4194304.0,
         8388608.0,
         16777216.0,
         33554432.0,
         67108864.0,
         134217728.0,
         268435456.0,
         536870912.0,
         1073741824.0,
         2147483648.0,
         4294967296.0,
         8589934592.0
      ],
      "comm_vol" : [
         2.0861625671386719e-06,
         4.1723251342773438e-06,
         8.3446502685546875e-06,
         1.6689300537109375e-05,
         3.337860107421875e-05,
         6.67572021484375e-05,
         0.000133514404296875,
         0.00026702880859375,
         0.0005340576171875,
         0.001068115234375,
         0.00213623046875,
         0.0042724609375,
         0.008544921875,
         0.01708984375,
         0.0341796875,
         0.068359375,
         0.13671875,
         0.2734375,
         0.546875,
         1.09375,
         2.1875,
         4.375,
         8.75,
         17.5
      ],
      "time" : [
         0.023210000000000001,
         0.023141999999999999,
         0.023068000000000002,
         0.022977000000000001,
         0.023064000000000001,
         0.022967000000000001,
         0.022974999999999999,
         0.023184,
         0.022988999999999999,
         0.022991000000000001,
         0.023001000000000001,
         0.023009000000000002,
         0.023911000000000002,
         0.029224,
         0.036400000000000002,
         0.052504000000000002,
         0.088445999999999997,
         0.16389899999999999,
         0.31258000000000002,
         0.60953100000000004,
         1.2052560000000001,
         2.3993760000000002,
         4.7889480000000004,
         9.5644709999999993
      ]
   },
   "BRUCK" : {
      "REAL_BD" : [
         0.00023553828239117894,
         0.00047022710856275707,
         0.00094130290677435849,
         0.001906477100423735,
         0.0037999318162817339,
         0.0075877701919115133,
         0.01520318882906798,
         0.030337287956572367,
         0.06016194853976569,
         0.12119768913820493,
         0.23086895804063545,
         0.42143035485302821,
         0.65343135849200884,
         0.8888923202954333,
         1.2184837438950484,
         1.4323898876875365,
         1.5856964741359312,
         1.6969571909094294,
         1.7589834804312585,
         1.791766800834165,
         1.8084176779338321,
         1.8103812849196685,
         1.8104547034578653,
         1.8111742204706154
      ],
      "SIZE" : [
         1024.0,
         2048.0,
         4096.0,
         8192.0,
         16384.0,
         32768.0,
         65536.0,
         131072.0,
         262144.0,
         524288.0,
         1048576.0,
         2097152.0,
         4194304.0,
         8388608.0,
         16777216.0,
         33554432.0,
         67108864.0,
         134217728.0,
         268435456.0,
         536870912.0,
         1073741824.0,
         2147483648.0,
         4294967296.0,
         8589934592.0
      ],
      "comm_vol" : [
         2.0861625671386719e-06,
         4.1723251342773438e-06,
         8.3446502685546875e-06,
         1.6689300537109375e-05,
         3.337860107421875e-05,
         6.67572021484375e-05,
         0.000133514404296875,
         0.00026702880859375,
         0.0005340576171875,
         0.001068115234375,
         0.00213623046875,
         0.0042724609375,
         0.008544921875,
         0.01708984375,
         0.0341796875,
         0.068359375,
         0.13671875,
         0.2734375,
         0.546875,
         1.09375,
         2.1875,
         4.375,
         8.75,
         17.5
      ],
      "time" : [
         0.0088570000000000003,
         0.0088730000000000007,
         0.0088649999999999996,
         0.0087539999999999996,
         0.0087840000000000001,
         0.0087980000000000003,
         0.0087819999999999999,
         0.0088020000000000008,
         0.0088769999999999995,
         0.0088129999999999997,
         0.0092530000000000008,
         0.010137999999999999,
         0.013077,
         0.019226,
         0.028051,
         0.047724000000000003,
         0.086220000000000005,
         0.161134,
         0.31090400000000001,
         0.61043099999999995,
         1.2096210000000001,
         2.4166180000000002,
         4.8330399999999996,
         9.6622400000000006
      ]
   },
   "RD" : {
      "REAL_BD" : [
         0.00022879607009636675,
         0.00046200034705761746,
         0.00092471744997281544,
         0.0018523086056725165,
         0.0037116202684553267,
         0.0073993795331897027,
         0.014844830364340115,
         0.029554931775733262,
         0.058719913929356785,
         0.11729796116571492,
         0.22852272879225502,
         0.42122261042098003,
         0.65892364859654529,
         0.90046070657041999,
         1.2846126019468562,
         1.6011471166908697,
         1.7997123751102451,
         1.3971208134276882,
         1.6819988066458753,
         1.8729750464069701,
         1.9820954486557993,
         2.0330624751966377,
         2.0564071300688087,
         2.0656674502038399
      ],
      "SIZE" : [
         1024.0,
         2048.0,
         4096.0,
         8192.0,
         16384.0,
         32768.0,
         65536.0,
         131072.0,
         262144.0,
         524288.0,
         1048576.0,
         2097152.0,
         4194304.0,
         8388608.0,
         16777216.0,
         33554432.0,
         67108864.0,
         134217728.0,
         268435456.0,
         536870912.0,
         1073741824.0,
         2147483648.0,
         4294967296.0,
         8589934592.0
      ],
      "comm_vol" : [
         2.0861625671386719e-06,
         4.1723251342773438e-06,
         8.3446502685546875e-06,
         1.6689300537109375e-05,
         3.337860107421875e-05,
         6.67572021484375e-05,
         0.000133514404296875,
         0.00026702880859375,
         0.0005340576171875,
         0.001068115234375,
         0.00213623046875,
         0.0042724609375,
         0.008544921875,
         0.01708984375,
         0.0341796875,
         0.068359375,
         0.13671875,
         0.2734375,
         0.546875,
         1.09375,
         2.1875,
         4.375,
         8.75,
         17.5
      ],
      "time" : [
         0.0091179999999999994,
         0.0090310000000000008,
         0.0090240000000000008,
         0.0090100000000000006,
         0.0089929999999999993,
         0.0090220000000000005,
         0.0089940000000000003,
         0.0090349999999999996,
         0.0090950000000000007,
         0.0091059999999999995,
         0.0093480000000000004,
         0.010142999999999999,
         0.012968,
         0.018978999999999999,
         0.026606999999999999,
         0.042694000000000003,
         0.075967000000000007,
         0.195715,
         0.32513399999999998,
         0.58396400000000004,
         1.1036300000000001,
         2.151926,
         4.2549939999999999,
         8.471838
      ]
   },
   "SC0" : {
      "REAL_BD" : [
         0.00028507277495745724,
         0.00024925772951056477,
         0.0012643409497810133,
         0.001157692878545323,
         0.0067417897544372355,
         0.0053252394821663605,
         0.023207787988332174,
         0.019832799212251187,
         0.10602692419843161,
         0.1925225728866258,
         0.31610394624889021,
         0.59662909335288372,
         0.97090351948642206,
         1.0334932117803581,
         1.2119597014396142,
         1.9943801785505892,
         2.3536892936457381,
         2.9066522806756452,
         2.9181607649783357,
         3.0748535315483485,
         3.0923360955846388,
         3.138686916876809,
         3.1329173296516482,
         3.1446224440508774
      ],
      "SIZE" : [
         1024.0,
         2048.0,
         4096.0,
         8192.0,
         16384.0,
         32768.0,
         65536.0,
         131072.0,
         262144.0,
         524288.0,
         1048576.0,
         2097152.0,
         4194304.0,
         8388608.0,
         16777216.0,
         33554432.0,
         67108864.0,
         134217728.0,
         268435456.0,
         536870912.0,
         1073741824.0,
         2147483648.0,
         4294967296.0,
         8589934592.0
      ],
      "comm_vol" : [
         2.0861625671386719e-06,
         4.1723251342773438e-06,
         8.3446502685546875e-06,
         1.6689300537109375e-05,
         3.337860107421875e-05,
         6.67572021484375e-05,
         0.000133514404296875,
         0.00026702880859375,
         0.0005340576171875,
         0.001068115234375,
         0.00213623046875,
         0.0042724609375,
         0.008544921875,
         0.01708984375,
         0.0341796875,
         0.068359375,
         0.13671875,
         0.2734375,
         0.546875,
         1.09375,
         2.1875,
         4.375,
         8.75,
         17.5
      ],
      "time" : [
         0.0073179999999999999,
         0.016739,
         0.0066,
         0.014416,
         0.0049509999999999997,
         0.012536,
         0.0057530000000000003,
         0.013464,
         0.0050369999999999998,
         0.005548,
         0.0067580000000000001,
         0.0071609999999999998,
         0.0088009999999999998,
         0.016535999999999999,
         0.028202000000000001,
         0.034276000000000001,
         0.058087,
         0.094073000000000004,
         0.18740399999999999,
         0.35570800000000002,
         0.70739399999999997,
         1.3938950000000001,
         2.7929240000000002,
         5.5650560000000002
      ]
   },
   "SC1" : {
      "REAL_BD" : [
         0.0014417156649196075,
         0.0031947359374252249,
         0.006483799742466735,
         0.0031686539846419925,
         0.026939952440854519,
         0.048978138039939473,
         0.061755043615575857,
         0.020977987948287376,
         0.3390842013888889,
         0.12477981709988317,
         0.98307890876668202,
         0.44523352829303875,
         1.8780048076923077,
         1.4955669685831803,
         1.963672727795013,
         2.2691908713692945,
         2.4970549021040327,
         2.6829429830155913,
         3.0170582750839947,
         2.7685527841199606,
         3.6248274582129887,
         2.7966100611482783,
         2.7953860476052643,
         2.795500809177677
      ],
      "SIZE" : [
         1024.0,
         2048.0,
         4096.0,
         8192.0,
         16384.0,
         32768.0,
         65536.0,
         131072.0,
         262144.0,
         524288.0,
         1048576.0,
         2097152.0,
         4194304.0,
         8388608.0,
         16777216.0,
         33554432.0,
         67108864.0,
         134217728.0,
         268435456.0,
         536870912.0,
         1073741824.0,
         2147483648.0,
         4294967296.0,
         8589934592.0
      ],
      "comm_vol" : [
         2.0861625671386719e-06,
         4.1723251342773438e-06,
         8.3446502685546875e-06,
         1.6689300537109375e-05,
         3.337860107421875e-05,
         6.67572021484375e-05,
         0.000133514404296875,
         0.00026702880859375,
         0.0005340576171875,
         0.001068115234375,
         0.00213623046875,
         0.0042724609375,
         0.008544921875,
         0.01708984375,
         0.0341796875,
         0.068359375,
         0.13671875,
         0.2734375,
         0.546875,
         1.09375,
         2.1875,
         4.375,
         8.75,
         17.5
      ],
      "time" : [
         0.0014469999999999999,
         0.0013060000000000001,
         0.0012869999999999999,
         0.005267,
         0.0012390000000000001,
         0.0013630000000000001,
         0.0021619999999999999,
         0.012729000000000001,
         0.001575,
         0.0085599999999999999,
         0.002173,
         0.0095960000000000004,
         0.0045500000000000002,
         0.011427,
         0.017406000000000001,
         0.030124999999999999,
         0.054752000000000002,
         0.10191699999999999,
         0.18126100000000001,
         0.39506200000000002,
         0.60347700000000004,
         1.5643940000000001,
         3.1301580000000002,
         6.260059
      ]
   },
   "SC4" : {
      "REAL_BD" : [
         0.00016737504550213991,
         0.00062619317638861534,
         0.00069457718233350153,
         0.0038695340916089439,
         0.0026344594375863257,
         0.014961273453258069,
         0.010535343193945791,
         0.047020392427143863,
         0.11482640661954419,
         0.21192762586805555,
         0.35824760502263958,
         0.63474386235329072,
         1.0035140193775689,
         1.3546166574191503,
         1.8299436502837563,
         1.9287130039782183,
         2.8737519705727799,
         2.9011012912055847,
         3.2791972225386909,
         3.1191805003807183,
         3.412939996224313,
         3.4124448548911448,
         3.4404445290247696,
         3.4407908706970454
      ],
      "SIZE" : [
         1024.0,
         2048.0,
         4096.0,
         8192.0,
         16384.0,
         32768.0,
         65536.0,
         131072.0,
         262144.0,
         524288.0,
         1048576.0,
         2097152.0,
         4194304.0,
         8388608.0,
         16777216.0,
         33554432.0,
         67108864.0,
         134217728.0,
         268435456.0,
         536870912.0,
         1073741824.0,
         2147483648.0,
         4294967296.0,
         8589934592.0
      ],
      "comm_vol" : [
         2.0861625671386719e-06,
         4.1723251342773438e-06,
         8.3446502685546875e-06,
         1.6689300537109375e-05,
         3.337860107421875e-05,
         6.67572021484375e-05,
         0.000133514404296875,
         0.00026702880859375,
         0.0005340576171875,
         0.001068115234375,
         0.00213623046875,
         0.0042724609375,
         0.008544921875,
         0.01708984375,
         0.0341796875,
         0.068359375,
         0.13671875,
         0.2734375,
         0.546875,
         1.09375,
         2.1875,
         4.375,
         8.75,
         17.5
      ],
      "time" : [
         0.012463999999999999,
         0.0066629999999999997,
         0.012014,
         0.004313,
         0.012670000000000001,
         0.0044619999999999998,
         0.012673,
         0.005679,
         0.0046509999999999998,
         0.0050400000000000002,
         0.0059630000000000004,
         0.006731,
         0.008515,
         0.012616,
         0.018678,
         0.035443000000000002,
         0.047574999999999999,
         0.094253000000000003,
         0.166771,
         0.35065299999999999,
         0.64094300000000004,
         1.2820720000000001,
         2.5432760000000001,
         5.0860399999999997
      ]
   }
}


GPU_NUM: 16
CUDA_VISIBLE_DEVICES: 
srun: job 152011 queued and waiting for resources
srun: job 152011 has been allocated resources
SC0: 0.022428 s, REAL_BD 0.000050 GB/s, SIZE 0.000001 GB, comm_vol 0.000001 GB
SC0: 0.031047 s, REAL_BD 0.000072 GB/s, SIZE 0.000002 GB, comm_vol 0.000002 GB
SC0: 0.013017 s, REAL_BD 0.000343 GB/s, SIZE 0.000004 GB, comm_vol 0.000004 GB
SC0: 0.023712 s, REAL_BD 0.000377 GB/s, SIZE 0.000008 GB, comm_vol 0.000009 GB
SC0: 0.012492 s, REAL_BD 0.001431 GB/s, SIZE 0.000015 GB, comm_vol 0.000018 GB
SC0: 0.031300 s, REAL_BD 0.001143 GB/s, SIZE 0.000031 GB, comm_vol 0.000036 GB
SC0: 0.011803 s, REAL_BD 0.006060 GB/s, SIZE 0.000061 GB, comm_vol 0.000072 GB
SC0: 0.026995 s, REAL_BD 0.005299 GB/s, SIZE 0.000122 GB, comm_vol 0.000143 GB
SC0: 0.010682 s, REAL_BD 0.026784 GB/s, SIZE 0.000244 GB, comm_vol 0.000286 GB
SC0: 0.010740 s, REAL_BD 0.053278 GB/s, SIZE 0.000488 GB, comm_vol 0.000572 GB
SC0: 0.012279 s, REAL_BD 0.093201 GB/s, SIZE 0.000977 GB, comm_vol 0.001144 GB
SC0: 0.019885 s, REAL_BD 0.115103 GB/s, SIZE 0.001953 GB, comm_vol 0.002289 GB
SC0: 0.014848 s, REAL_BD 0.308300 GB/s, SIZE 0.003906 GB, comm_vol 0.004578 GB
SC0: 0.017889 s, REAL_BD 0.511782 GB/s, SIZE 0.007812 GB, comm_vol 0.009155 GB
SC0: 0.033812 s, REAL_BD 0.541540 GB/s, SIZE 0.015625 GB, comm_vol 0.018311 GB
SC0: 0.043485 s, REAL_BD 0.842155 GB/s, SIZE 0.031250 GB, comm_vol 0.036621 GB
SC0: 0.083781 s, REAL_BD 0.874210 GB/s, SIZE 0.062500 GB, comm_vol 0.073242 GB
SC0: 0.144746 s, REAL_BD 1.012010 GB/s, SIZE 0.125000 GB, comm_vol 0.146484 GB
SC0: 0.289078 s, REAL_BD 1.013459 GB/s, SIZE 0.250000 GB, comm_vol 0.292969 GB
SC0: 0.558588 s, REAL_BD 1.048962 GB/s, SIZE 0.500000 GB, comm_vol 0.585938 GB
SC0: 1.122804 s, REAL_BD 1.043704 GB/s, SIZE 1.000000 GB, comm_vol 1.171875 GB
SC0: 2.234182 s, REAL_BD 1.049042 GB/s, SIZE 2.000000 GB, comm_vol 2.343750 GB
SC0: 4.456612 s, REAL_BD 1.051808 GB/s, SIZE 4.000000 GB, comm_vol 4.687500 GB
SC0: 8.907437 s, REAL_BD 1.052491 GB/s, SIZE 8.000000 GB, comm_vol 9.375000 GB
SC1: 0.001821 s, REAL_BD 0.000614 GB/s, SIZE 0.000001 GB, comm_vol 0.000001 GB
SC1: 0.003857 s, REAL_BD 0.000580 GB/s, SIZE 0.000002 GB, comm_vol 0.000002 GB
SC1: 0.001667 s, REAL_BD 0.002682 GB/s, SIZE 0.000004 GB, comm_vol 0.000004 GB
SC1: 0.003866 s, REAL_BD 0.002313 GB/s, SIZE 0.000008 GB, comm_vol 0.000009 GB
SC1: 0.001556 s, REAL_BD 0.011492 GB/s, SIZE 0.000015 GB, comm_vol 0.000018 GB
SC1: 0.001620 s, REAL_BD 0.022076 GB/s, SIZE 0.000031 GB, comm_vol 0.000036 GB
SC1: 0.002338 s, REAL_BD 0.030593 GB/s, SIZE 0.000061 GB, comm_vol 0.000072 GB
SC1: 0.009325 s, REAL_BD 0.015341 GB/s, SIZE 0.000122 GB, comm_vol 0.000143 GB
SC1: 0.001977 s, REAL_BD 0.144715 GB/s, SIZE 0.000244 GB, comm_vol 0.000286 GB
SC1: 0.009559 s, REAL_BD 0.059860 GB/s, SIZE 0.000488 GB, comm_vol 0.000572 GB
SC1: 0.002240 s, REAL_BD 0.510897 GB/s, SIZE 0.000977 GB, comm_vol 0.001144 GB
SC1: 0.009782 s, REAL_BD 0.233983 GB/s, SIZE 0.001953 GB, comm_vol 0.002289 GB
SC1: 0.006650 s, REAL_BD 0.688366 GB/s, SIZE 0.003906 GB, comm_vol 0.004578 GB
SC1: 0.014592 s, REAL_BD 0.627417 GB/s, SIZE 0.007812 GB, comm_vol 0.009155 GB
SC1: 0.026901 s, REAL_BD 0.680664 GB/s, SIZE 0.015625 GB, comm_vol 0.018311 GB
SC1: 0.054682 s, REAL_BD 0.669710 GB/s, SIZE 0.031250 GB, comm_vol 0.036621 GB
SC1: 0.105583 s, REAL_BD 0.693693 GB/s, SIZE 0.062500 GB, comm_vol 0.073242 GB
SC1: 0.206254 s, REAL_BD 0.710213 GB/s, SIZE 0.125000 GB, comm_vol 0.146484 GB
SC1: 0.371892 s, REAL_BD 0.787779 GB/s, SIZE 0.250000 GB, comm_vol 0.292969 GB
SC1: 0.818136 s, REAL_BD 0.716186 GB/s, SIZE 0.500000 GB, comm_vol 0.585938 GB
SC1: 1.254509 s, REAL_BD 0.934130 GB/s, SIZE 1.000000 GB, comm_vol 1.171875 GB
SC1: 3.266933 s, REAL_BD 0.717416 GB/s, SIZE 2.000000 GB, comm_vol 2.343750 GB
SC1: 6.532852 s, REAL_BD 0.717527 GB/s, SIZE 4.000000 GB, comm_vol 4.687500 GB
SC1: 13.061468 s, REAL_BD 0.717760 GB/s, SIZE 8.000000 GB, comm_vol 9.375000 GB
SC4: 0.020318 s, REAL_BD 0.000055 GB/s, SIZE 0.000001 GB, comm_vol 0.000001 GB
SC4: 0.010147 s, REAL_BD 0.000220 GB/s, SIZE 0.000002 GB, comm_vol 0.000002 GB
SC4: 0.017359 s, REAL_BD 0.000258 GB/s, SIZE 0.000004 GB, comm_vol 0.000004 GB
SC4: 0.011521 s, REAL_BD 0.000776 GB/s, SIZE 0.000008 GB, comm_vol 0.000009 GB
SC4: 0.019071 s, REAL_BD 0.000938 GB/s, SIZE 0.000015 GB, comm_vol 0.000018 GB
SC4: 0.010485 s, REAL_BD 0.003411 GB/s, SIZE 0.000031 GB, comm_vol 0.000036 GB
SC4: 0.019033 s, REAL_BD 0.003758 GB/s, SIZE 0.000061 GB, comm_vol 0.000072 GB
SC4: 0.012030 s, REAL_BD 0.011891 GB/s, SIZE 0.000122 GB, comm_vol 0.000143 GB
SC4: 0.010970 s, REAL_BD 0.026080 GB/s, SIZE 0.000244 GB, comm_vol 0.000286 GB
SC4: 0.011279 s, REAL_BD 0.050732 GB/s, SIZE 0.000488 GB, comm_vol 0.000572 GB
SC4: 0.011697 s, REAL_BD 0.097838 GB/s, SIZE 0.000977 GB, comm_vol 0.001144 GB
SC4: 0.012627 s, REAL_BD 0.181264 GB/s, SIZE 0.001953 GB, comm_vol 0.002289 GB
SC4: 0.015224 s, REAL_BD 0.300686 GB/s, SIZE 0.003906 GB, comm_vol 0.004578 GB
SC4: 0.019339 s, REAL_BD 0.473410 GB/s, SIZE 0.007812 GB, comm_vol 0.009155 GB
SC4: 0.029874 s, REAL_BD 0.612926 GB/s, SIZE 0.015625 GB, comm_vol 0.018311 GB
SC4: 0.056633 s, REAL_BD 0.646639 GB/s, SIZE 0.031250 GB, comm_vol 0.036621 GB
SC4: 0.087790 s, REAL_BD 0.834289 GB/s, SIZE 0.062500 GB, comm_vol 0.073242 GB
SC4: 0.174400 s, REAL_BD 0.839933 GB/s, SIZE 0.125000 GB, comm_vol 0.146484 GB
SC4: 0.324656 s, REAL_BD 0.902397 GB/s, SIZE 0.250000 GB, comm_vol 0.292969 GB
SC4: 0.660974 s, REAL_BD 0.886476 GB/s, SIZE 0.500000 GB, comm_vol 0.585938 GB
SC4: 1.264770 s, REAL_BD 0.926552 GB/s, SIZE 1.000000 GB, comm_vol 1.171875 GB
SC4: 2.521988 s, REAL_BD 0.929326 GB/s, SIZE 2.000000 GB, comm_vol 2.343750 GB
SC4: 5.016607 s, REAL_BD 0.934396 GB/s, SIZE 4.000000 GB, comm_vol 4.687500 GB
SC4: 10.030610 s, REAL_BD 0.934639 GB/s, SIZE 8.000000 GB, comm_vol 9.375000 GB
BRUCK: 0.026224 s, REAL_BD 0.000043 GB/s, SIZE 0.000001 GB, comm_vol 0.000001 GB
BRUCK: 0.027127 s, REAL_BD 0.000082 GB/s, SIZE 0.000002 GB, comm_vol 0.000002 GB
BRUCK: 0.026429 s, REAL_BD 0.000169 GB/s, SIZE 0.000004 GB, comm_vol 0.000004 GB
BRUCK: 0.026453 s, REAL_BD 0.000338 GB/s, SIZE 0.000008 GB, comm_vol 0.000009 GB
BRUCK: 0.026610 s, REAL_BD 0.000672 GB/s, SIZE 0.000015 GB, comm_vol 0.000018 GB
BRUCK: 0.026642 s, REAL_BD 0.001342 GB/s, SIZE 0.000031 GB, comm_vol 0.000036 GB
BRUCK: 0.026626 s, REAL_BD 0.002686 GB/s, SIZE 0.000061 GB, comm_vol 0.000072 GB
BRUCK: 0.026490 s, REAL_BD 0.005400 GB/s, SIZE 0.000122 GB, comm_vol 0.000143 GB
BRUCK: 0.026773 s, REAL_BD 0.010686 GB/s, SIZE 0.000244 GB, comm_vol 0.000286 GB
BRUCK: 0.026483 s, REAL_BD 0.021606 GB/s, SIZE 0.000488 GB, comm_vol 0.000572 GB
BRUCK: 0.027275 s, REAL_BD 0.041958 GB/s, SIZE 0.000977 GB, comm_vol 0.001144 GB
BRUCK: 0.026821 s, REAL_BD 0.085337 GB/s, SIZE 0.001953 GB, comm_vol 0.002289 GB
BRUCK: 0.028380 s, REAL_BD 0.161298 GB/s, SIZE 0.003906 GB, comm_vol 0.004578 GB
BRUCK: 0.033857 s, REAL_BD 0.270410 GB/s, SIZE 0.007812 GB, comm_vol 0.009155 GB
BRUCK: 0.049584 s, REAL_BD 0.369283 GB/s, SIZE 0.015625 GB, comm_vol 0.018311 GB
BRUCK: 0.082537 s, REAL_BD 0.443693 GB/s, SIZE 0.031250 GB, comm_vol 0.036621 GB
BRUCK: 0.151673 s, REAL_BD 0.482895 GB/s, SIZE 0.062500 GB, comm_vol 0.073242 GB
BRUCK: 0.283552 s, REAL_BD 0.516605 GB/s, SIZE 0.125000 GB, comm_vol 0.146484 GB
BRUCK: 0.551568 s, REAL_BD 0.531156 GB/s, SIZE 0.250000 GB, comm_vol 0.292969 GB
BRUCK: 1.096515 s, REAL_BD 0.534363 GB/s, SIZE 0.500000 GB, comm_vol 0.585938 GB
BRUCK: 2.195694 s, REAL_BD 0.533715 GB/s, SIZE 1.000000 GB, comm_vol 1.171875 GB
BRUCK: 4.397961 s, REAL_BD 0.532917 GB/s, SIZE 2.000000 GB, comm_vol 2.343750 GB
BRUCK: 8.812571 s, REAL_BD 0.531911 GB/s, SIZE 4.000000 GB, comm_vol 4.687500 GB
BRUCK: 17.645058 s, REAL_BD 0.531310 GB/s, SIZE 8.000000 GB, comm_vol 9.375000 GB
RD: 0.026263 s, REAL_BD 0.000043 GB/s, SIZE 0.000001 GB, comm_vol 0.000001 GB
RD: 0.026002 s, REAL_BD 0.000086 GB/s, SIZE 0.000002 GB, comm_vol 0.000002 GB
RD: 0.026162 s, REAL_BD 0.000171 GB/s, SIZE 0.000004 GB, comm_vol 0.000004 GB
RD: 0.025762 s, REAL_BD 0.000347 GB/s, SIZE 0.000008 GB, comm_vol 0.000009 GB
RD: 0.026235 s, REAL_BD 0.000682 GB/s, SIZE 0.000015 GB, comm_vol 0.000018 GB
RD: 0.026041 s, REAL_BD 0.001373 GB/s, SIZE 0.000031 GB, comm_vol 0.000036 GB
RD: 0.028353 s, REAL_BD 0.002523 GB/s, SIZE 0.000061 GB, comm_vol 0.000072 GB
RD: 0.026062 s, REAL_BD 0.005489 GB/s, SIZE 0.000122 GB, comm_vol 0.000143 GB
RD: 0.025938 s, REAL_BD 0.011030 GB/s, SIZE 0.000244 GB, comm_vol 0.000286 GB
RD: 0.025930 s, REAL_BD 0.022067 GB/s, SIZE 0.000488 GB, comm_vol 0.000572 GB
RD: 0.026259 s, REAL_BD 0.043582 GB/s, SIZE 0.000977 GB, comm_vol 0.001144 GB
RD: 0.025888 s, REAL_BD 0.088412 GB/s, SIZE 0.001953 GB, comm_vol 0.002289 GB
RD: 0.027333 s, REAL_BD 0.167477 GB/s, SIZE 0.003906 GB, comm_vol 0.004578 GB
RD: 0.030159 s, REAL_BD 0.303567 GB/s, SIZE 0.007812 GB, comm_vol 0.009155 GB
RD: 0.044045 s, REAL_BD 0.415724 GB/s, SIZE 0.015625 GB, comm_vol 0.018311 GB
RD: 0.072732 s, REAL_BD 0.503507 GB/s, SIZE 0.031250 GB, comm_vol 0.036621 GB
RD: 0.121421 s, REAL_BD 0.603209 GB/s, SIZE 0.062500 GB, comm_vol 0.073242 GB
RD: 0.223468 s, REAL_BD 0.655505 GB/s, SIZE 0.125000 GB, comm_vol 0.146484 GB
RD: 0.424889 s, REAL_BD 0.689518 GB/s, SIZE 0.250000 GB, comm_vol 0.292969 GB
RD: 0.881734 s, REAL_BD 0.664529 GB/s, SIZE 0.500000 GB, comm_vol 0.585938 GB
RD: 1.686007 s, REAL_BD 0.695059 GB/s, SIZE 1.000000 GB, comm_vol 1.171875 GB
RD: 3.291434 s, REAL_BD 0.712076 GB/s, SIZE 2.000000 GB, comm_vol 2.343750 GB
RD: 6.505504 s, REAL_BD 0.720544 GB/s, SIZE 4.000000 GB, comm_vol 4.687500 GB
RD: 12.954702 s, REAL_BD 0.723675 GB/s, SIZE 8.000000 GB, comm_vol 9.375000 GB
2DMESH: 0.018965 s, REAL_BD 0.000059 GB/s, SIZE 0.000001 GB, comm_vol 0.000001 GB
2DMESH: 0.017210 s, REAL_BD 0.000130 GB/s, SIZE 0.000002 GB, comm_vol 0.000002 GB
2DMESH: 0.017442 s, REAL_BD 0.000256 GB/s, SIZE 0.000004 GB, comm_vol 0.000004 GB
2DMESH: 0.017531 s, REAL_BD 0.000510 GB/s, SIZE 0.000008 GB, comm_vol 0.000009 GB
2DMESH: 0.017807 s, REAL_BD 0.001004 GB/s, SIZE 0.000015 GB, comm_vol 0.000018 GB
2DMESH: 0.017813 s, REAL_BD 0.002008 GB/s, SIZE 0.000031 GB, comm_vol 0.000036 GB
2DMESH: 0.026604 s, REAL_BD 0.002689 GB/s, SIZE 0.000061 GB, comm_vol 0.000072 GB
2DMESH: 0.019854 s, REAL_BD 0.007205 GB/s, SIZE 0.000122 GB, comm_vol 0.000143 GB
2DMESH: 0.025946 s, REAL_BD 0.011027 GB/s, SIZE 0.000244 GB, comm_vol 0.000286 GB
2DMESH: 0.018777 s, REAL_BD 0.030474 GB/s, SIZE 0.000488 GB, comm_vol 0.000572 GB
2DMESH: 0.026485 s, REAL_BD 0.043210 GB/s, SIZE 0.000977 GB, comm_vol 0.001144 GB
2DMESH: 0.019838 s, REAL_BD 0.115375 GB/s, SIZE 0.001953 GB, comm_vol 0.002289 GB
2DMESH: 0.029155 s, REAL_BD 0.157010 GB/s, SIZE 0.003906 GB, comm_vol 0.004578 GB
2DMESH: 0.026482 s, REAL_BD 0.345717 GB/s, SIZE 0.007812 GB, comm_vol 0.009155 GB
2DMESH: 0.044507 s, REAL_BD 0.411408 GB/s, SIZE 0.015625 GB, comm_vol 0.018311 GB
2DMESH: 0.057850 s, REAL_BD 0.633035 GB/s, SIZE 0.031250 GB, comm_vol 0.036621 GB
2DMESH: 0.100292 s, REAL_BD 0.730289 GB/s, SIZE 0.062500 GB, comm_vol 0.073242 GB
2DMESH: 0.184678 s, REAL_BD 0.793188 GB/s, SIZE 0.125000 GB, comm_vol 0.146484 GB
2DMESH: 0.355437 s, REAL_BD 0.824249 GB/s, SIZE 0.250000 GB, comm_vol 0.292969 GB
2DMESH: 0.697932 s, REAL_BD 0.839534 GB/s, SIZE 0.500000 GB, comm_vol 0.585938 GB
2DMESH: 1.385709 s, REAL_BD 0.845686 GB/s, SIZE 1.000000 GB, comm_vol 1.171875 GB
2DMESH: 2.754184 s, REAL_BD 0.850978 GB/s, SIZE 2.000000 GB, comm_vol 2.343750 GB
2DMESH: 5.499808 s, REAL_BD 0.852302 GB/s, SIZE 4.000000 GB, comm_vol 4.687500 GB
2DMESH: 11.000926 s, REAL_BD 0.852201 GB/s, SIZE 8.000000 GB, comm_vol 9.375000 GB
3DMESH: 0.048946 s, REAL_BD 0.000023 GB/s, SIZE 0.000001 GB, comm_vol 0.000001 GB
3DMESH: 0.048744 s, REAL_BD 0.000046 GB/s, SIZE 0.000002 GB, comm_vol 0.000002 GB
3DMESH: 0.048675 s, REAL_BD 0.000092 GB/s, SIZE 0.000004 GB, comm_vol 0.000004 GB
3DMESH: 0.048753 s, REAL_BD 0.000183 GB/s, SIZE 0.000008 GB, comm_vol 0.000009 GB
3DMESH: 0.050108 s, REAL_BD 0.000357 GB/s, SIZE 0.000015 GB, comm_vol 0.000018 GB
3DMESH: 0.048836 s, REAL_BD 0.000732 GB/s, SIZE 0.000031 GB, comm_vol 0.000036 GB
3DMESH: 0.048487 s, REAL_BD 0.001475 GB/s, SIZE 0.000061 GB, comm_vol 0.000072 GB
3DMESH: 0.049908 s, REAL_BD 0.002866 GB/s, SIZE 0.000122 GB, comm_vol 0.000143 GB
3DMESH: 0.048653 s, REAL_BD 0.005880 GB/s, SIZE 0.000244 GB, comm_vol 0.000286 GB
3DMESH: 0.051687 s, REAL_BD 0.011071 GB/s, SIZE 0.000488 GB, comm_vol 0.000572 GB
3DMESH: 0.049919 s, REAL_BD 0.022925 GB/s, SIZE 0.000977 GB, comm_vol 0.001144 GB
3DMESH: 0.048756 s, REAL_BD 0.046944 GB/s, SIZE 0.001953 GB, comm_vol 0.002289 GB
3DMESH: 0.049142 s, REAL_BD 0.093151 GB/s, SIZE 0.003906 GB, comm_vol 0.004578 GB
3DMESH: 0.051581 s, REAL_BD 0.177493 GB/s, SIZE 0.007812 GB, comm_vol 0.009155 GB
3DMESH: 0.059076 s, REAL_BD 0.309949 GB/s, SIZE 0.015625 GB, comm_vol 0.018311 GB
3DMESH: 0.084625 s, REAL_BD 0.432746 GB/s, SIZE 0.031250 GB, comm_vol 0.036621 GB
3DMESH: 0.133609 s, REAL_BD 0.548183 GB/s, SIZE 0.062500 GB, comm_vol 0.073242 GB
3DMESH: 0.234096 s, REAL_BD 0.625745 GB/s, SIZE 0.125000 GB, comm_vol 0.146484 GB
3DMESH: 0.438897 s, REAL_BD 0.667511 GB/s, SIZE 0.250000 GB, comm_vol 0.292969 GB
3DMESH: 0.850708 s, REAL_BD 0.688765 GB/s, SIZE 0.500000 GB, comm_vol 0.585938 GB
3DMESH: 1.676788 s, REAL_BD 0.698881 GB/s, SIZE 1.000000 GB, comm_vol 1.171875 GB
3DMESH: 3.333748 s, REAL_BD 0.703038 GB/s, SIZE 2.000000 GB, comm_vol 2.343750 GB
3DMESH: 6.650195 s, REAL_BD 0.704867 GB/s, SIZE 4.000000 GB, comm_vol 4.687500 GB
3DMESH: 13.287842 s, REAL_BD 0.705532 GB/s, SIZE 8.000000 GB, comm_vol 9.375000 GB
StyledWriter:
{
   "2DMESH" : {
      "REAL_BD" : [
         5.8928926419118071e-05,
         0.00012987647757566233,
         0.0002562979221508025,
         0.00050999353809301202,
         0.0010041777633861507,
         0.0020076790470574513,
         0.0026885270534682286,
         0.0072051550045803114,
         0.011026836310871618,
         0.030473696002756033,
         0.043209710390315272,
         0.1153754591881742,
         0.15701034878237008,
         0.34571684304433203,
         0.41140824757903255,
         0.63303532843560939,
         0.73028942986479473,
         0.79318800831717906,
         0.82424944504933362,
         0.83953379412320972,
         0.84568621550412093,
         0.85097800292209957,
         0.8523024803774969,
         0.85220098744414785
      ],
      "SIZE" : [
         1024.0,
         2048.0,
         4096.0,
         8192.0,
         16384.0,
         32768.0,
         65536.0,
         131072.0,
         262144.0,
         524288.0,
         1048576.0,
         2097152.0,
         4194304.0,
         8388608.0,
         16777216.0,
         33554432.0,
         67108864.0,
         134217728.0,
         268435456.0,
         536870912.0,
         1073741824.0,
         2147483648.0,
         4294967296.0,
         8589934592.0
      ],
      "comm_vol" : [
         1.1175870895385742e-06,
         2.2351741790771484e-06,
         4.4703483581542969e-06,
         8.9406967163085938e-06,
         1.7881393432617188e-05,
         3.5762786865234375e-05,
         7.152557373046875e-05,
         0.0001430511474609375,
         0.000286102294921875,
         0.00057220458984375,
         0.0011444091796875,
         0.002288818359375,
         0.00457763671875,
         0.0091552734375,
         0.018310546875,
         0.03662109375,
         0.0732421875,
         0.146484375,
         0.29296875,
         0.5859375,
         1.171875,
         2.34375,
         4.6875,
         9.375
      ],
      "time" : [
         0.018964999999999999,
         0.01721,
         0.017441999999999999,
         0.017531000000000001,
         0.017807,
         0.017812999999999999,
         0.026603999999999999,
         0.019854,
         0.025946,
         0.018776999999999999,
         0.026485000000000002,
         0.019838000000000001,
         0.029155,
         0.026481999999999999,
         0.044506999999999998,
         0.057849999999999999,
         0.10029200000000001,
         0.18467800000000001,
         0.355437,
         0.697932,
         1.3857090000000001,
         2.754184,
         5.4998079999999998,
         11.000926
      ]
   },
   "3DMESH" : {
      "REAL_BD" : [
         2.2833062753617745e-05,
         4.5855370488206717e-05,
         9.1840746957458588e-05,
         0.00018338762160910292,
         0.00035685705740834173,
         0.00073230376904812793,
         0.0014751494984319249,
         0.0028662969355802174,
         0.0058804656428560415,
         0.011070570740103895,
         0.022925322616388549,
         0.046944342427085894,
         0.0931512091235603,
         0.17749313579612647,
         0.30994899578509039,
         0.43274556868537661,
         0.54818303781930855,
         0.62574488671314332,
         0.66751139789062131,
         0.68876453495206347,
         0.69888083645636778,
         0.70303754212975911,
         0.70486654902600598,
         0.70553216993398926
      ],
      "SIZE" : [
         1024.0,
         2048.0,
         4096.0,
         8192.0,
         16384.0,
         32768.0,
         65536.0,
         131072.0,
         262144.0,
         524288.0,
         1048576.0,
         2097152.0,
         4194304.0,
         8388608.0,
         16777216.0,
         33554432.0,
         67108864.0,
         134217728.0,
         268435456.0,
         536870912.0,
         1073741824.0,
         2147483648.0,
         4294967296.0,
         8589934592.0
      ],
      "comm_vol" : [
         1.1175870895385742e-06,
         2.2351741790771484e-06,
         4.4703483581542969e-06,
         8.9406967163085938e-06,
         1.7881393432617188e-05,
         3.5762786865234375e-05,
         7.152557373046875e-05,
         0.0001430511474609375,
         0.000286102294921875,
         0.00057220458984375,
         0.0011444091796875,
         0.002288818359375,
         0.00457763671875,
         0.0091552734375,
         0.018310546875,
         0.03662109375,
         0.0732421875,
         0.146484375,
         0.29296875,
         0.5859375,
         1.171875,
         2.34375,
         4.6875,
         9.375
      ],
      "time" : [
         0.048946000000000003,
         0.048744000000000003,
         0.048675000000000003,
         0.048752999999999998,
         0.050108,
         0.048835999999999997,
         0.048487000000000002,
         0.049908000000000001,
         0.048653000000000002,
         0.051686999999999997,
         0.049918999999999998,
         0.048756000000000001,
         0.049141999999999998,
         0.051581000000000002,
         0.059075999999999997,
         0.084625000000000006,
         0.13360900000000001,
         0.234096,
         0.43889699999999998,
         0.85070800000000002,
         1.6767879999999999,
         3.3337479999999999,
         6.6501950000000001,
         13.287841999999999
      ]
   },
   "BRUCK" : {
      "REAL_BD" : [
         4.2616957349701575e-05,
         8.2396659382797524e-05,
         0.0001691455733532974,
         0.00033798422546813569,
         0.00067198021167294954,
         0.0013423461776606253,
         0.0026863056309798222,
         0.0054001943171361833,
         0.010686224738425839,
         0.021606486796954649,
         0.04195817340742438,
         0.085336801736512424,
         0.16129798163319239,
         0.27041006106565851,
         0.36928337518151017,
         0.44369305584162255,
         0.48289535711695553,
         0.51660497898092761,
         0.53115617657297021,
         0.5343634150011628,
         0.53371508051668404,
         0.53291741331949061,
         0.53191060815283076,
         0.53131023995500615
      ],
      "SIZE" : [
         1024.0,
         2048.0,
         4096.0,
         8192.0,
         16384.0,
         32768.0,
         65536.0,
         131072.0,
         262144.0,
         524288.0,
         1048576.0,
         2097152.0,
         4194304.0,
         8388608.0,
         16777216.0,
         33554432.0,
         67108864.0,
         134217728.0,
         268435456.0,
         536870912.0,
         1073741824.0,
         2147483648.0,
         4294967296.0,
         8589934592.0
      ],
      "comm_vol" : [
         1.1175870895385742e-06,
         2.2351741790771484e-06,
         4.4703483581542969e-06,
         8.9406967163085938e-06,
         1.7881393432617188e-05,
         3.5762786865234375e-05,
         7.152557373046875e-05,
         0.0001430511474609375,
         0.000286102294921875,
         0.00057220458984375,
         0.0011444091796875,
         0.002288818359375,
         0.00457763671875,
         0.0091552734375,
         0.018310546875,
         0.03662109375,
         0.0732421875,
         0.146484375,
         0.29296875,
         0.5859375,
         1.171875,
         2.34375,
         4.6875,
         9.375
      ],
      "time" : [
         0.026224000000000001,
         0.027126999999999998,
         0.026429000000000001,
         0.026453000000000001,
         0.026610000000000002,
         0.026641999999999999,
         0.026626,
         0.02649,
         0.026773000000000002,
         0.026483,
         0.027275000000000001,
         0.026821000000000001,
         0.028379999999999999,
         0.033856999999999998,
         0.049584000000000003,
         0.082536999999999999,
         0.151673,
         0.28355200000000003,
         0.55156799999999995,
         1.0965149999999999,
         2.195694,
         4.3979609999999996,
         8.8125710000000002,
         17.645057999999999
      ]
   },
   "RD" : {
      "REAL_BD" : [
         4.2553672068635502e-05,
         8.5961625224103853e-05,
         0.00017087181248200812,
         0.00034704979102199339,
         0.00068158541767170523,
         0.001373326172775023,
         0.0025226809766327636,
         0.0054888783462872194,
         0.011030237293618437,
         0.022067280749855377,
         0.043581597916428648,
         0.088412328467822932,
         0.16747655649764021,
         0.30356687680294442,
         0.41572362072880009,
         0.50350731108727931,
         0.60320856771069253,
         0.65550492687991124,
         0.68951832125566914,
         0.66452864469329753,
         0.69505939180560938,
         0.71207564848634364,
         0.72054371190917721,
         0.72367546547963824
      ],
      "SIZE" : [
         1024.0,
         2048.0,
         4096.0,
         8192.0,
         16384.0,
         32768.0,
         65536.0,
         131072.0,
         262144.0,
         524288.0,
         1048576.0,
         2097152.0,
         4194304.0,
         8388608.0,
         16777216.0,
         33554432.0,
         67108864.0,
         134217728.0,
         268435456.0,
         536870912.0,
         1073741824.0,
         2147483648.0,
         4294967296.0,
         8589934592.0
      ],
      "comm_vol" : [
         1.1175870895385742e-06,
         2.2351741790771484e-06,
         4.4703483581542969e-06,
         8.9406967163085938e-06,
         1.7881393432617188e-05,
         3.5762786865234375e-05,
         7.152557373046875e-05,
         0.0001430511474609375,
         0.000286102294921875,
         0.00057220458984375,
         0.0011444091796875,
         0.002288818359375,
         0.00457763671875,
         0.0091552734375,
         0.018310546875,
         0.03662109375,
         0.0732421875,
         0.146484375,
         0.29296875,
         0.5859375,
         1.171875,
         2.34375,
         4.6875,
         9.375
      ],
      "time" : [
         0.026263000000000002,
         0.026002000000000001,
         0.026162000000000001,
         0.025762,
         0.026235000000000001,
         0.026041000000000002,
         0.028353,
         0.026061999999999998,
         0.025937999999999999,
         0.025930000000000002,
         0.026259000000000001,
         0.025888000000000001,
         0.027333,
         0.030158999999999998,
         0.044045000000000001,
         0.072732000000000005,
         0.121421,
         0.223468,
         0.42488900000000002,
         0.88173400000000002,
         1.686007,
         3.2914340000000002,
         6.5055040000000002,
         12.954701999999999
      ]
   },
   "SC0" : {
      "REAL_BD" : [
         4.9829993291357863e-05,
         7.1993241829392476e-05,
         0.00034342385789001281,
         0.00037705367393339208,
         0.0014314275882658651,
         0.0011425810500074879,
         0.0060599486342852458,
         0.0052991719748448785,
         0.026783588740111868,
         0.053277894771298885,
         0.093200519560835568,
         0.11510275883203419,
         0.30829988676926184,
         0.51178229288948518,
         0.54153989338104813,
         0.84215462228354598,
         0.87420999391270104,
         1.0120098310143284,
         1.0134591701893607,
         1.0489618466562118,
         1.0437039768294378,
         1.0490416626756458,
         1.051807965333307,
         1.052491305860485
      ],
      "SIZE" : [
         1024.0,
         2048.0,
         4096.0,
         8192.0,
         16384.0,
         32768.0,
         65536.0,
         131072.0,
         262144.0,
         524288.0,
         1048576.0,
         2097152.0,
         4194304.0,
         8388608.0,
         16777216.0,
         33554432.0,
         67108864.0,
         134217728.0,
         268435456.0,
         536870912.0,
         1073741824.0,
         2147483648.0,
         4294967296.0,
         8589934592.0
      ],
      "comm_vol" : [
         1.1175870895385742e-06,
         2.2351741790771484e-06,
         4.4703483581542969e-06,
         8.9406967163085938e-06,
         1.7881393432617188e-05,
         3.5762786865234375e-05,
         7.152557373046875e-05,
         0.0001430511474609375,
         0.000286102294921875,
         0.00057220458984375,
         0.0011444091796875,
         0.002288818359375,
         0.00457763671875,
         0.0091552734375,
         0.018310546875,
         0.03662109375,
         0.0732421875,
         0.146484375,
         0.29296875,
         0.5859375,
         1.171875,
         2.34375,
         4.6875,
         9.375
      ],
      "time" : [
         0.022428,
         0.031047000000000002,
         0.013017000000000001,
         0.023712,
         0.012492,
         0.031300000000000001,
         0.011802999999999999,
         0.026995000000000002,
         0.010682000000000001,
         0.01074,
         0.012279,
         0.019885,
         0.014848,
         0.017888999999999999,
         0.033812000000000002,
         0.043485000000000003,
         0.083780999999999994,
         0.14474600000000001,
         0.289078,
         0.55858799999999997,
         1.1228039999999999,
         2.2341820000000001,
         4.4566119999999998,
         8.9074369999999998
      ]
   },
   "SC1" : {
      "REAL_BD" : [
         0.00061372163071860204,
         0.00057951106535575531,
         0.0026816726803565068,
         0.0023126478831631127,
         0.011491898092941636,
         0.022075794361255788,
         0.030592632048960119,
         0.015340605625837802,
         0.14471537426498482,
         0.059860298131996025,
         0.51089695521763401,
         0.23398265787926803,
         0.6883664238721805,
         0.62741731342516449,
         0.68066417140626734,
         0.66971021085549176,
         0.69369299508443594,
         0.71021349888971852,
         0.7877791132909554,
         0.71618593974595912,
         0.93413040480379173,
         0.7174159984303321,
         0.71752735252535949,
         0.71776005576096047
      ],
      "SIZE" : [
         1024.0,
         2048.0,
         4096.0,
         8192.0,
         16384.0,
         32768.0,
         65536.0,
         131072.0,
         262144.0,
         524288.0,
         1048576.0,
         2097152.0,
         4194304.0,
         8388608.0,
         16777216.0,
         33554432.0,
         67108864.0,
         134217728.0,
         268435456.0,
         536870912.0,
         1073741824.0,
         2147483648.0,
         4294967296.0,
         8589934592.0
      ],
      "comm_vol" : [
         1.1175870895385742e-06,
         2.2351741790771484e-06,
         4.4703483581542969e-06,
         8.9406967163085938e-06,
         1.7881393432617188e-05,
         3.5762786865234375e-05,
         7.152557373046875e-05,
         0.0001430511474609375,
         0.000286102294921875,
         0.00057220458984375,
         0.0011444091796875,
         0.002288818359375,
         0.00457763671875,
         0.0091552734375,
         0.018310546875,
         0.03662109375,
         0.0732421875,
         0.146484375,
         0.29296875,
         0.5859375,
         1.171875,
         2.34375,
         4.6875,
         9.375
      ],
      "time" : [
         0.0018209999999999999,
         0.0038570000000000002,
         0.0016670000000000001,
         0.0038660000000000001,
         0.0015560000000000001,
         0.0016199999999999999,
         0.0023379999999999998,
         0.009325,
         0.001977,
         0.0095589999999999998,
         0.0022399999999999998,
         0.0097820000000000008,
         0.0066499999999999997,
         0.014592000000000001,
         0.026901000000000001,
         0.054682000000000001,
         0.105583,
         0.20625399999999999,
         0.371892,
         0.81813599999999997,
         1.2545090000000001,
         3.2669329999999999,
         6.5328520000000001,
         13.061468
      ]
   },
   "SC4" : {
      "REAL_BD" : [
         5.5004778498797827e-05,
         0.00022027931202100605,
         0.00025752338027272868,
         0.0007760347813825704,
         0.00093762222393252513,
         0.0034108523476618384,
         0.0037579768680958726,
         0.011891200952696383,
         0.026080427978293071,
         0.050731854760506248,
         0.097837837025519361,
         0.18126382825492993,
         0.30068554379598006,
         0.47340986801282386,
         0.61292585107451292,
         0.64663877509579215,
         0.8342885009682196,
         0.83993334288990829,
         0.90239746069686066,
         0.88647586743200191,
         0.92655186318461069,
         0.92932638854744753,
         0.9343964954799131,
         0.93463906980731981
      ],
      "SIZE" : [
         1024.0,
         2048.0,
         4096.0,
         8192.0,
         16384.0,
         32768.0,
         65536.0,
         131072.0,
         262144.0,
         524288.0,
         1048576.0,
         2097152.0,
         4194304.0,
         8388608.0,
         16777216.0,
         33554432.0,
         67108864.0,
         134217728.0,
         268435456.0,
         536870912.0,
         1073741824.0,
         2147483648.0,
         4294967296.0,
         8589934592.0
      ],
      "comm_vol" : [
         1.1175870895385742e-06,
         2.2351741790771484e-06,
         4.4703483581542969e-06,
         8.9406967163085938e-06,
         1.7881393432617188e-05,
         3.5762786865234375e-05,
         7.152557373046875e-05,
         0.0001430511474609375,
         0.000286102294921875,
         0.00057220458984375,
         0.0011444091796875,
         0.002288818359375,
         0.00457763671875,
         0.0091552734375,
         0.018310546875,
         0.03662109375,
         0.0732421875,
         0.146484375,
         0.29296875,
         0.5859375,
         1.171875,
         2.34375,
         4.6875,
         9.375
      ],
      "time" : [
         0.020317999999999999,
         0.010147,
         0.017358999999999999,
         0.011521,
         0.019071000000000001,
         0.010485,
         0.019033000000000001,
         0.012030000000000001,
         0.010970000000000001,
         0.011279000000000001,
         0.011697000000000001,
         0.012626999999999999,
         0.015224,
         0.019338999999999999,
         0.029874000000000001,
         0.056633000000000003,
         0.087790000000000007,
         0.1744,
         0.324656,
         0.66097399999999995,
         1.2647699999999999,
         2.5219879999999999,
         5.0166069999999996,
         10.030609999999999
      ]
   }
}


