CP_FILE_NAME: small
CUDA_VISIBLE_DEVICES: 
GPU_NUM: 24
PROC_NUM: 24
NNODES: 3
NTASK_PER_NODE: 8
COMM_MODULE: raw-nccl
++ cat /root/mpi_rack_hostfile
++ head -n 1
++ sed -s s/slots=8//g
+ mpirun -np 24 --hostfile /root/mpi_rack_hostfile --allow-run-as-root -oversubscribe -map-by ppr:8:node --bind-to numa -mca pml ob1 -mca btl '^openib' -x OMPI_MCA_btl_tcp_if_include=ens19np0 -mca oob_tcp_if_include 10.102.2.0/24 --output-filename results/ -x NCCL_PXN_DISABLE=0 -x NCCL_IB_GID_INDEX=3 -x NCCL_NET_GDR_LEVEL=4 -x NCCL_IB_RETRY_CNT=7 -x NCCL_IB_TIME_OUT=32 -x NCCL_IB_QPS_PER_CONNECTION=8 -x NCCL_P2P_LEVEL=NVL -x NCCL_DEBUG=VERSION -x PATH -x MASTER_ADDR=10.11.1.2 -x MASTER_PORT=20421 -x GLOO_SOCKET_IFNAME=ens19np0 -x NCCL_SOCKET_IFNAME=ens19np0 -x CUDA_DEVICE_MAX_CONNECTIONS=1 -x TORCH_NCCL_AVOID_RECORD_STREAMS=1 -x PYTORCH_CUDA_ALLOC_CONF=expandable_segments:True -x NCCL_NVLS_ENABLE=0 -x LD_LIBRARY_PATH=/usr/local/cuda/compat/lib.real:/opt/nvshmem/lib:/usr/local/lib/python3.10/dist-packages/torch/lib:/usr/local/lib/python3.10/dist-packages/torch_tensorrt/lib:/usr/local/cuda/compat/lib:/usr/local/nvidia/lib:/usr/local/nvidia/lib64:/usr/local/cuda/lib64:/usr/local/tensorrt/lib:/usr/local/cuda/lib64:/usr/local/tensorrt/lib -x CLUSTER_NAME -x PLATFORM -x TRACE_NAME ./scripts/executor.sh python conflict_bench.py --backend NCCL --config ./scripts/configs/small_24.json --comm-module raw-nccl
NCCL version 2.25.1+cuda12.2
[INFO]: Cluster init done !!!
[[0, 8]]
NCCL version 2.21.5+cuda12.6
SIZE 8192, REAL_BD 541.61 MB/s, BD/PAIR 541.61 MB/s, time 1.513e-03 s, comm_vol 819.2 KB
SIZE 16384, REAL_BD 1.043 GB/s, BD/PAIR 1.043 GB/s, time 1.570e-03 s, comm_vol 1.638 MB
SIZE 24576, REAL_BD 1.447 GB/s, BD/PAIR 1.447 GB/s, time 1.698e-03 s, comm_vol 2.458 MB
SIZE 32768, REAL_BD 1.898 GB/s, BD/PAIR 1.898 GB/s, time 1.727e-03 s, comm_vol 3.277 MB
SIZE 40960, REAL_BD 1.978 GB/s, BD/PAIR 1.978 GB/s, time 2.071e-03 s, comm_vol 4.096 MB
SIZE 49152, REAL_BD 2.333 GB/s, BD/PAIR 2.333 GB/s, time 2.107e-03 s, comm_vol 4.915 MB
SIZE 57344, REAL_BD 2.64 GB/s, BD/PAIR 2.64 GB/s, time 2.172e-03 s, comm_vol 5.734 MB
SIZE 65536, REAL_BD 2.991 GB/s, BD/PAIR 2.991 GB/s, time 2.191e-03 s, comm_vol 6.554 MB
SIZE 81920, REAL_BD 3.665 GB/s, BD/PAIR 3.665 GB/s, time 2.235e-03 s, comm_vol 8.192 MB
SIZE 98304, REAL_BD 4.493 GB/s, BD/PAIR 4.493 GB/s, time 2.188e-03 s, comm_vol 9.83 MB
SIZE 114688, REAL_BD 5.244 GB/s, BD/PAIR 5.244 GB/s, time 2.187e-03 s, comm_vol 11.469 MB
SIZE 131072, REAL_BD 6.0 GB/s, BD/PAIR 6.0 GB/s, time 2.185e-03 s, comm_vol 13.107 MB
SIZE 163840, REAL_BD 6.669 GB/s, BD/PAIR 6.669 GB/s, time 2.457e-03 s, comm_vol 16.384 MB
SIZE 196608, REAL_BD 8.056 GB/s, BD/PAIR 8.056 GB/s, time 2.440e-03 s, comm_vol 19.661 MB
SIZE 229376, REAL_BD 8.933 GB/s, BD/PAIR 8.933 GB/s, time 2.568e-03 s, comm_vol 22.938 MB
SIZE 262144, REAL_BD 10.746 GB/s, BD/PAIR 10.746 GB/s, time 2.439e-03 s, comm_vol 26.214 MB
SIZE 327680, REAL_BD 10.961 GB/s, BD/PAIR 10.961 GB/s, time 2.990e-03 s, comm_vol 32.768 MB
SIZE 393216, REAL_BD 13.259 GB/s, BD/PAIR 13.259 GB/s, time 2.966e-03 s, comm_vol 39.322 MB
SIZE 458752, REAL_BD 13.192 GB/s, BD/PAIR 13.192 GB/s, time 3.478e-03 s, comm_vol 45.875 MB
SIZE 524288, REAL_BD 15.111 GB/s, BD/PAIR 15.111 GB/s, time 3.469e-03 s, comm_vol 52.429 MB
SIZE 655360, REAL_BD 16.393 GB/s, BD/PAIR 16.393 GB/s, time 3.998e-03 s, comm_vol 65.536 MB
SIZE 786432, REAL_BD 17.448 GB/s, BD/PAIR 17.448 GB/s, time 4.507e-03 s, comm_vol 78.643 MB
SIZE 917504, REAL_BD 18.252 GB/s, BD/PAIR 18.252 GB/s, time 5.027e-03 s, comm_vol 91.75 MB
SIZE 1048576, REAL_BD 18.867 GB/s, BD/PAIR 18.867 GB/s, time 5.558e-03 s, comm_vol 104.858 MB
SIZE 1310720, REAL_BD 19.982 GB/s, BD/PAIR 19.982 GB/s, time 6.559e-03 s, comm_vol 131.072 MB
SIZE 1572864, REAL_BD 20.598 GB/s, BD/PAIR 20.598 GB/s, time 7.636e-03 s, comm_vol 157.286 MB
SIZE 1835008, REAL_BD 21.183 GB/s, BD/PAIR 21.183 GB/s, time 8.662e-03 s, comm_vol 183.501 MB
SIZE 2097152, REAL_BD 27.116 GB/s, BD/PAIR 27.116 GB/s, time 7.734e-03 s, comm_vol 209.715 MB
SIZE 2621440, REAL_BD 28.98 GB/s, BD/PAIR 28.98 GB/s, time 9.046e-03 s, comm_vol 262.144 MB
SIZE 3145728, REAL_BD 30.417 GB/s, BD/PAIR 30.417 GB/s, time 1.034e-02 s, comm_vol 314.573 MB
SIZE 3670016, REAL_BD 31.557 GB/s, BD/PAIR 31.557 GB/s, time 1.163e-02 s, comm_vol 367.002 MB
SIZE 4194304, REAL_BD 32.497 GB/s, BD/PAIR 32.497 GB/s, time 1.291e-02 s, comm_vol 419.43 MB
SIZE 5242880, REAL_BD 33.832 GB/s, BD/PAIR 33.832 GB/s, time 1.550e-02 s, comm_vol 524.288 MB
SIZE 6291456, REAL_BD 34.607 GB/s, BD/PAIR 34.607 GB/s, time 1.818e-02 s, comm_vol 629.146 MB
SIZE 7340032, REAL_BD 35.489 GB/s, BD/PAIR 35.489 GB/s, time 2.068e-02 s, comm_vol 734.003 MB
SIZE 8388608, REAL_BD 36.074 GB/s, BD/PAIR 36.074 GB/s, time 2.325e-02 s, comm_vol 838.861 MB
SIZE 10485760, REAL_BD 36.943 GB/s, BD/PAIR 36.943 GB/s, time 2.838e-02 s, comm_vol 1.049 GB
SIZE 12582912, REAL_BD 37.42 GB/s, BD/PAIR 37.42 GB/s, time 3.363e-02 s, comm_vol 1.258 GB
SIZE 14680064, REAL_BD 37.866 GB/s, BD/PAIR 37.866 GB/s, time 3.877e-02 s, comm_vol 1.468 GB
SIZE 16777216, REAL_BD 38.139 GB/s, BD/PAIR 38.139 GB/s, time 4.399e-02 s, comm_vol 1.678 GB
SIZE 20971520, REAL_BD 38.44 GB/s, BD/PAIR 38.44 GB/s, time 5.456e-02 s, comm_vol 2.097 GB
SIZE 25165824, REAL_BD 38.661 GB/s, BD/PAIR 38.661 GB/s, time 6.509e-02 s, comm_vol 2.517 GB
SIZE 29360128, REAL_BD 38.779 GB/s, BD/PAIR 38.779 GB/s, time 7.571e-02 s, comm_vol 2.936 GB
SIZE 33554432, REAL_BD 38.954 GB/s, BD/PAIR 38.954 GB/s, time 8.614e-02 s, comm_vol 3.355 GB
SIZE 41943040, REAL_BD 39.176 GB/s, BD/PAIR 39.176 GB/s, time 1.071e-01 s, comm_vol 4.194 GB
SIZE 50331648, REAL_BD 39.101 GB/s, BD/PAIR 39.101 GB/s, time 1.287e-01 s, comm_vol 5.033 GB
SIZE 58720256, REAL_BD 38.251 GB/s, BD/PAIR 38.251 GB/s, time 1.535e-01 s, comm_vol 5.872 GB
SIZE 67108864, REAL_BD 38.646 GB/s, BD/PAIR 38.646 GB/s, time 1.736e-01 s, comm_vol 6.711 GB
SIZE 83886080, REAL_BD 38.723 GB/s, BD/PAIR 38.723 GB/s, time 2.166e-01 s, comm_vol 8.389 GB
SIZE 100663296, REAL_BD 38.775 GB/s, BD/PAIR 38.775 GB/s, time 2.596e-01 s, comm_vol 10.066 GB
SIZE 117440512, REAL_BD 38.686 GB/s, BD/PAIR 38.686 GB/s, time 3.036e-01 s, comm_vol 11.744 GB
SIZE 134217728, REAL_BD 38.843 GB/s, BD/PAIR 38.843 GB/s, time 3.455e-01 s, comm_vol 13.422 GB
SIZE 167772160, REAL_BD 38.879 GB/s, BD/PAIR 38.879 GB/s, time 4.315e-01 s, comm_vol 16.777 GB
SIZE 201326592, REAL_BD 38.908 GB/s, BD/PAIR 38.908 GB/s, time 5.174e-01 s, comm_vol 20.133 GB
SIZE 234881024, REAL_BD 38.919 GB/s, BD/PAIR 38.919 GB/s, time 6.035e-01 s, comm_vol 23.488 GB
SIZE 268435456, REAL_BD 38.943 GB/s, BD/PAIR 38.943 GB/s, time 6.893e-01 s, comm_vol 26.844 GB
SIZE 335544320, REAL_BD 38.951 GB/s, BD/PAIR 38.951 GB/s, time 8.614e-01 s, comm_vol 33.554 GB
SIZE 402653184, REAL_BD 38.963 GB/s, BD/PAIR 38.963 GB/s, time 1.033e+00 s, comm_vol 40.265 GB
SIZE 469762048, REAL_BD 38.97 GB/s, BD/PAIR 38.97 GB/s, time 1.205e+00 s, comm_vol 46.976 GB
SIZE 536870912, REAL_BD 38.98 GB/s, BD/PAIR 38.98 GB/s, time 1.377e+00 s, comm_vol 53.687 GB
SIZE 671088640, REAL_BD 38.997 GB/s, BD/PAIR 38.997 GB/s, time 1.721e+00 s, comm_vol 67.109 GB
SIZE 805306368, REAL_BD 39.006 GB/s, BD/PAIR 39.006 GB/s, time 2.065e+00 s, comm_vol 80.531 GB
SIZE 939524096, REAL_BD 39.013 GB/s, BD/PAIR 39.013 GB/s, time 2.408e+00 s, comm_vol 93.952 GB
SIZE 1073741824, REAL_BD 39.02 GB/s, BD/PAIR 39.02 GB/s, time 2.752e+00 s, comm_vol 107.374 GB
[[0, 8], [8, 16]]
NCCL version 2.21.5+cuda12.6
SIZE 8192, REAL_BD 1.133 GB/s, BD/PAIR 566.618 MB/s, time 1.446e-03 s, comm_vol 1.638 MB
SIZE 16384, REAL_BD 2.085 GB/s, BD/PAIR 1.042 GB/s, time 1.572e-03 s, comm_vol 3.277 MB
SIZE 24576, REAL_BD 2.884 GB/s, BD/PAIR 1.442 GB/s, time 1.704e-03 s, comm_vol 4.915 MB
SIZE 32768, REAL_BD 3.744 GB/s, BD/PAIR 1.872 GB/s, time 1.750e-03 s, comm_vol 6.554 MB
SIZE 40960, REAL_BD 3.932 GB/s, BD/PAIR 1.966 GB/s, time 2.084e-03 s, comm_vol 8.192 MB
SIZE 49152, REAL_BD 4.672 GB/s, BD/PAIR 2.336 GB/s, time 2.104e-03 s, comm_vol 9.83 MB
SIZE 57344, REAL_BD 5.265 GB/s, BD/PAIR 2.633 GB/s, time 2.178e-03 s, comm_vol 11.469 MB
SIZE 65536, REAL_BD 5.936 GB/s, BD/PAIR 2.968 GB/s, time 2.208e-03 s, comm_vol 13.107 MB
SIZE 81920, REAL_BD 7.377 GB/s, BD/PAIR 3.688 GB/s, time 2.221e-03 s, comm_vol 16.384 MB
SIZE 98304, REAL_BD 8.741 GB/s, BD/PAIR 4.371 GB/s, time 2.249e-03 s, comm_vol 19.661 MB
SIZE 114688, REAL_BD 10.317 GB/s, BD/PAIR 5.159 GB/s, time 2.223e-03 s, comm_vol 22.938 MB
SIZE 131072, REAL_BD 11.827 GB/s, BD/PAIR 5.913 GB/s, time 2.217e-03 s, comm_vol 26.214 MB
SIZE 163840, REAL_BD 13.278 GB/s, BD/PAIR 6.639 GB/s, time 2.468e-03 s, comm_vol 32.768 MB
SIZE 196608, REAL_BD 15.969 GB/s, BD/PAIR 7.984 GB/s, time 2.462e-03 s, comm_vol 39.322 MB
SIZE 229376, REAL_BD 16.837 GB/s, BD/PAIR 8.419 GB/s, time 2.725e-03 s, comm_vol 45.875 MB
SIZE 262144, REAL_BD 21.027 GB/s, BD/PAIR 10.514 GB/s, time 2.493e-03 s, comm_vol 52.429 MB
SIZE 327680, REAL_BD 21.508 GB/s, BD/PAIR 10.754 GB/s, time 3.047e-03 s, comm_vol 65.536 MB
SIZE 393216, REAL_BD 25.995 GB/s, BD/PAIR 12.998 GB/s, time 3.025e-03 s, comm_vol 78.643 MB
SIZE 458752, REAL_BD 25.836 GB/s, BD/PAIR 12.918 GB/s, time 3.551e-03 s, comm_vol 91.75 MB
SIZE 524288, REAL_BD 29.497 GB/s, BD/PAIR 14.749 GB/s, time 3.555e-03 s, comm_vol 104.858 MB
SIZE 655360, REAL_BD 32.386 GB/s, BD/PAIR 16.193 GB/s, time 4.047e-03 s, comm_vol 131.072 MB
SIZE 786432, REAL_BD 34.329 GB/s, BD/PAIR 17.165 GB/s, time 4.582e-03 s, comm_vol 157.286 MB
SIZE 917504, REAL_BD 35.964 GB/s, BD/PAIR 17.982 GB/s, time 5.102e-03 s, comm_vol 183.501 MB
SIZE 1048576, REAL_BD 37.279 GB/s, BD/PAIR 18.64 GB/s, time 5.625e-03 s, comm_vol 209.715 MB
SIZE 1310720, REAL_BD 39.562 GB/s, BD/PAIR 19.781 GB/s, time 6.626e-03 s, comm_vol 262.144 MB
SIZE 1572864, REAL_BD 40.738 GB/s, BD/PAIR 20.369 GB/s, time 7.722e-03 s, comm_vol 314.573 MB
SIZE 1835008, REAL_BD 41.979 GB/s, BD/PAIR 20.989 GB/s, time 8.743e-03 s, comm_vol 367.002 MB
SIZE 2097152, REAL_BD 53.776 GB/s, BD/PAIR 26.888 GB/s, time 7.800e-03 s, comm_vol 419.43 MB
SIZE 2621440, REAL_BD 57.504 GB/s, BD/PAIR 28.752 GB/s, time 9.117e-03 s, comm_vol 524.288 MB
SIZE 3145728, REAL_BD 60.213 GB/s, BD/PAIR 30.106 GB/s, time 1.045e-02 s, comm_vol 629.146 MB
SIZE 3670016, REAL_BD 62.68 GB/s, BD/PAIR 31.34 GB/s, time 1.171e-02 s, comm_vol 734.003 MB
SIZE 4194304, REAL_BD 64.549 GB/s, BD/PAIR 32.275 GB/s, time 1.300e-02 s, comm_vol 838.861 MB
SIZE 5242880, REAL_BD 67.204 GB/s, BD/PAIR 33.602 GB/s, time 1.560e-02 s, comm_vol 1.049 GB
SIZE 6291456, REAL_BD 69.013 GB/s, BD/PAIR 34.507 GB/s, time 1.823e-02 s, comm_vol 1.258 GB
SIZE 7340032, REAL_BD 70.267 GB/s, BD/PAIR 35.133 GB/s, time 2.089e-02 s, comm_vol 1.468 GB
SIZE 8388608, REAL_BD 71.136 GB/s, BD/PAIR 35.568 GB/s, time 2.358e-02 s, comm_vol 1.678 GB
SIZE 10485760, REAL_BD 72.553 GB/s, BD/PAIR 36.277 GB/s, time 2.890e-02 s, comm_vol 2.097 GB
SIZE 12582912, REAL_BD 73.095 GB/s, BD/PAIR 36.548 GB/s, time 3.443e-02 s, comm_vol 2.517 GB
SIZE 14680064, REAL_BD 73.746 GB/s, BD/PAIR 36.873 GB/s, time 3.981e-02 s, comm_vol 2.936 GB
SIZE 16777216, REAL_BD 74.184 GB/s, BD/PAIR 37.092 GB/s, time 4.523e-02 s, comm_vol 3.355 GB
SIZE 20971520, REAL_BD 74.604 GB/s, BD/PAIR 37.302 GB/s, time 5.622e-02 s, comm_vol 4.194 GB
SIZE 25165824, REAL_BD 73.921 GB/s, BD/PAIR 36.961 GB/s, time 6.809e-02 s, comm_vol 5.033 GB
SIZE 29360128, REAL_BD 73.346 GB/s, BD/PAIR 36.673 GB/s, time 8.006e-02 s, comm_vol 5.872 GB
SIZE 33554432, REAL_BD 73.555 GB/s, BD/PAIR 36.777 GB/s, time 9.124e-02 s, comm_vol 6.711 GB
SIZE 41943040, REAL_BD 73.739 GB/s, BD/PAIR 36.87 GB/s, time 1.138e-01 s, comm_vol 8.389 GB
SIZE 50331648, REAL_BD 74.034 GB/s, BD/PAIR 37.017 GB/s, time 1.360e-01 s, comm_vol 10.066 GB
SIZE 58720256, REAL_BD 74.044 GB/s, BD/PAIR 37.022 GB/s, time 1.586e-01 s, comm_vol 11.744 GB
SIZE 67108864, REAL_BD 74.106 GB/s, BD/PAIR 37.053 GB/s, time 1.811e-01 s, comm_vol 13.422 GB
SIZE 83886080, REAL_BD 74.206 GB/s, BD/PAIR 37.103 GB/s, time 2.261e-01 s, comm_vol 16.777 GB
SIZE 100663296, REAL_BD 74.399 GB/s, BD/PAIR 37.199 GB/s, time 2.706e-01 s, comm_vol 20.133 GB
SIZE 117440512, REAL_BD 74.319 GB/s, BD/PAIR 37.159 GB/s, time 3.160e-01 s, comm_vol 23.488 GB
SIZE 134217728, REAL_BD 74.548 GB/s, BD/PAIR 37.274 GB/s, time 3.601e-01 s, comm_vol 26.844 GB
SIZE 167772160, REAL_BD 74.513 GB/s, BD/PAIR 37.256 GB/s, time 4.503e-01 s, comm_vol 33.554 GB
SIZE 201326592, REAL_BD 74.67 GB/s, BD/PAIR 37.335 GB/s, time 5.392e-01 s, comm_vol 40.265 GB
SIZE 234881024, REAL_BD 74.503 GB/s, BD/PAIR 37.251 GB/s, time 6.305e-01 s, comm_vol 46.976 GB
SIZE 268435456, REAL_BD 74.748 GB/s, BD/PAIR 37.374 GB/s, time 7.182e-01 s, comm_vol 53.687 GB
SIZE 335544320, REAL_BD 74.629 GB/s, BD/PAIR 37.315 GB/s, time 8.992e-01 s, comm_vol 67.109 GB
SIZE 402653184, REAL_BD 74.797 GB/s, BD/PAIR 37.398 GB/s, time 1.077e+00 s, comm_vol 80.531 GB
SIZE 469762048, REAL_BD 74.753 GB/s, BD/PAIR 37.376 GB/s, time 1.257e+00 s, comm_vol 93.952 GB
SIZE 536870912, REAL_BD 74.794 GB/s, BD/PAIR 37.397 GB/s, time 1.436e+00 s, comm_vol 107.374 GB
SIZE 671088640, REAL_BD 74.806 GB/s, BD/PAIR 37.403 GB/s, time 1.794e+00 s, comm_vol 134.218 GB
SIZE 805306368, REAL_BD 74.836 GB/s, BD/PAIR 37.418 GB/s, time 2.152e+00 s, comm_vol 161.061 GB
SIZE 939524096, REAL_BD 74.831 GB/s, BD/PAIR 37.416 GB/s, time 2.511e+00 s, comm_vol 187.905 GB
SIZE 1073741824, REAL_BD 74.863 GB/s, BD/PAIR 37.431 GB/s, time 2.869e+00 s, comm_vol 214.748 GB
[[0, 8], [8, 16], [16, 0]]
SIZE 8192, REAL_BD 1.29 GB/s, BD/PAIR 429.927 MB/s, time 1.905e-03 s, comm_vol 2.458 MB
SIZE 16384, REAL_BD 2.443 GB/s, BD/PAIR 814.308 MB/s, time 2.012e-03 s, comm_vol 4.915 MB
SIZE 24576, REAL_BD 3.458 GB/s, BD/PAIR 1.153 GB/s, time 2.132e-03 s, comm_vol 7.373 MB
SIZE 32768, REAL_BD 4.494 GB/s, BD/PAIR 1.498 GB/s, time 2.187e-03 s, comm_vol 9.83 MB
SIZE 40960, REAL_BD 4.923 GB/s, BD/PAIR 1.641 GB/s, time 2.496e-03 s, comm_vol 12.288 MB
SIZE 49152, REAL_BD 5.781 GB/s, BD/PAIR 1.927 GB/s, time 2.551e-03 s, comm_vol 14.746 MB
SIZE 57344, REAL_BD 6.617 GB/s, BD/PAIR 2.206 GB/s, time 2.600e-03 s, comm_vol 17.203 MB
SIZE 65536, REAL_BD 7.508 GB/s, BD/PAIR 2.503 GB/s, time 2.619e-03 s, comm_vol 19.661 MB
SIZE 81920, REAL_BD 9.375 GB/s, BD/PAIR 3.125 GB/s, time 2.621e-03 s, comm_vol 24.576 MB
SIZE 98304, REAL_BD 11.145 GB/s, BD/PAIR 3.715 GB/s, time 2.646e-03 s, comm_vol 29.491 MB
SIZE 114688, REAL_BD 12.914 GB/s, BD/PAIR 4.305 GB/s, time 2.664e-03 s, comm_vol 34.406 MB
SIZE 131072, REAL_BD 14.728 GB/s, BD/PAIR 4.909 GB/s, time 2.670e-03 s, comm_vol 39.322 MB
SIZE 163840, REAL_BD 17.301 GB/s, BD/PAIR 5.767 GB/s, time 2.841e-03 s, comm_vol 49.152 MB
SIZE 196608, REAL_BD 20.68 GB/s, BD/PAIR 6.893 GB/s, time 2.852e-03 s, comm_vol 58.982 MB
SIZE 229376, REAL_BD 22.941 GB/s, BD/PAIR 7.647 GB/s, time 3.000e-03 s, comm_vol 68.813 MB
SIZE 262144, REAL_BD 26.927 GB/s, BD/PAIR 8.976 GB/s, time 2.921e-03 s, comm_vol 78.643 MB
SIZE 327680, REAL_BD 29.16 GB/s, BD/PAIR 9.72 GB/s, time 3.371e-03 s, comm_vol 98.304 MB
SIZE 393216, REAL_BD 34.501 GB/s, BD/PAIR 11.5 GB/s, time 3.419e-03 s, comm_vol 117.965 MB
SIZE 458752, REAL_BD 36.044 GB/s, BD/PAIR 12.015 GB/s, time 3.818e-03 s, comm_vol 137.626 MB
SIZE 524288, REAL_BD 40.897 GB/s, BD/PAIR 13.632 GB/s, time 3.846e-03 s, comm_vol 157.286 MB
SIZE 655360, REAL_BD 45.292 GB/s, BD/PAIR 15.097 GB/s, time 4.341e-03 s, comm_vol 196.608 MB
SIZE 786432, REAL_BD 48.761 GB/s, BD/PAIR 16.254 GB/s, time 4.838e-03 s, comm_vol 235.93 MB
SIZE 917504, REAL_BD 51.556 GB/s, BD/PAIR 17.185 GB/s, time 5.339e-03 s, comm_vol 275.251 MB
SIZE 1048576, REAL_BD 53.683 GB/s, BD/PAIR 17.894 GB/s, time 5.860e-03 s, comm_vol 314.573 MB
SIZE 1310720, REAL_BD 57.284 GB/s, BD/PAIR 19.095 GB/s, time 6.864e-03 s, comm_vol 393.216 MB
SIZE 1572864, REAL_BD 59.926 GB/s, BD/PAIR 19.975 GB/s, time 7.874e-03 s, comm_vol 471.859 MB
SIZE 1835008, REAL_BD 62.006 GB/s, BD/PAIR 20.669 GB/s, time 8.878e-03 s, comm_vol 550.502 MB
SIZE 2097152, REAL_BD 82.048 GB/s, BD/PAIR 27.349 GB/s, time 7.668e-03 s, comm_vol 629.146 MB
SIZE 2621440, REAL_BD 86.259 GB/s, BD/PAIR 28.753 GB/s, time 9.117e-03 s, comm_vol 786.432 MB
SIZE 3145728, REAL_BD 91.137 GB/s, BD/PAIR 30.379 GB/s, time 1.035e-02 s, comm_vol 943.718 MB
SIZE 3670016, REAL_BD 93.891 GB/s, BD/PAIR 31.297 GB/s, time 1.173e-02 s, comm_vol 1.101 GB
SIZE 4194304, REAL_BD 95.846 GB/s, BD/PAIR 31.949 GB/s, time 1.313e-02 s, comm_vol 1.258 GB
SIZE 5242880, REAL_BD 100.177 GB/s, BD/PAIR 33.392 GB/s, time 1.570e-02 s, comm_vol 1.573 GB
SIZE 6291456, REAL_BD 102.605 GB/s, BD/PAIR 34.202 GB/s, time 1.840e-02 s, comm_vol 1.887 GB
SIZE 7340032, REAL_BD 104.355 GB/s, BD/PAIR 34.785 GB/s, time 2.110e-02 s, comm_vol 2.202 GB
SIZE 8388608, REAL_BD 105.314 GB/s, BD/PAIR 35.105 GB/s, time 2.390e-02 s, comm_vol 2.517 GB
SIZE 10485760, REAL_BD 107.517 GB/s, BD/PAIR 35.839 GB/s, time 2.926e-02 s, comm_vol 3.146 GB
SIZE 12582912, REAL_BD 107.539 GB/s, BD/PAIR 35.846 GB/s, time 3.510e-02 s, comm_vol 3.775 GB
SIZE 14680064, REAL_BD 109.343 GB/s, BD/PAIR 36.448 GB/s, time 4.028e-02 s, comm_vol 4.404 GB
SIZE 16777216, REAL_BD 109.829 GB/s, BD/PAIR 36.61 GB/s, time 4.583e-02 s, comm_vol 5.033 GB
SIZE 20971520, REAL_BD 110.122 GB/s, BD/PAIR 36.707 GB/s, time 5.713e-02 s, comm_vol 6.291 GB
SIZE 25165824, REAL_BD 108.33 GB/s, BD/PAIR 36.11 GB/s, time 6.969e-02 s, comm_vol 7.55 GB
SIZE 29360128, REAL_BD 107.518 GB/s, BD/PAIR 35.839 GB/s, time 8.192e-02 s, comm_vol 8.808 GB
SIZE 33554432, REAL_BD 107.835 GB/s, BD/PAIR 35.945 GB/s, time 9.335e-02 s, comm_vol 10.066 GB
SIZE 41943040, REAL_BD 108.147 GB/s, BD/PAIR 36.049 GB/s, time 1.163e-01 s, comm_vol 12.583 GB
SIZE 50331648, REAL_BD 108.406 GB/s, BD/PAIR 36.135 GB/s, time 1.393e-01 s, comm_vol 15.099 GB
SIZE 58720256, REAL_BD 108.557 GB/s, BD/PAIR 36.186 GB/s, time 1.623e-01 s, comm_vol 17.616 GB
SIZE 67108864, REAL_BD 108.769 GB/s, BD/PAIR 36.256 GB/s, time 1.851e-01 s, comm_vol 20.133 GB
SIZE 83886080, REAL_BD 108.941 GB/s, BD/PAIR 36.314 GB/s, time 2.310e-01 s, comm_vol 25.166 GB
SIZE 100663296, REAL_BD 109.031 GB/s, BD/PAIR 36.344 GB/s, time 2.770e-01 s, comm_vol 30.199 GB
SIZE 117440512, REAL_BD 108.745 GB/s, BD/PAIR 36.248 GB/s, time 3.240e-01 s, comm_vol 35.232 GB
SIZE 134217728, REAL_BD 109.315 GB/s, BD/PAIR 36.438 GB/s, time 3.683e-01 s, comm_vol 40.265 GB
SIZE 167772160, REAL_BD 109.131 GB/s, BD/PAIR 36.377 GB/s, time 4.612e-01 s, comm_vol 50.332 GB
SIZE 201326592, REAL_BD 109.337 GB/s, BD/PAIR 36.446 GB/s, time 5.524e-01 s, comm_vol 60.398 GB
SIZE 234881024, REAL_BD 109.448 GB/s, BD/PAIR 36.483 GB/s, time 6.438e-01 s, comm_vol 70.464 GB
SIZE 268435456, REAL_BD 109.465 GB/s, BD/PAIR 36.488 GB/s, time 7.357e-01 s, comm_vol 80.531 GB
SIZE 335544320, REAL_BD 109.547 GB/s, BD/PAIR 36.516 GB/s, time 9.189e-01 s, comm_vol 100.663 GB
SIZE 402653184, REAL_BD 109.611 GB/s, BD/PAIR 36.537 GB/s, time 1.102e+00 s, comm_vol 120.796 GB
SIZE 469762048, REAL_BD 109.613 GB/s, BD/PAIR 36.538 GB/s, time 1.286e+00 s, comm_vol 140.929 GB
SIZE 536870912, REAL_BD 109.637 GB/s, BD/PAIR 36.546 GB/s, time 1.469e+00 s, comm_vol 161.061 GB
SIZE 671088640, REAL_BD 109.681 GB/s, BD/PAIR 36.56 GB/s, time 1.836e+00 s, comm_vol 201.327 GB
SIZE 805306368, REAL_BD 109.756 GB/s, BD/PAIR 36.585 GB/s, time 2.201e+00 s, comm_vol 241.592 GB
SIZE 939524096, REAL_BD 109.726 GB/s, BD/PAIR 36.575 GB/s, time 2.569e+00 s, comm_vol 281.857 GB
SIZE 1073741824, REAL_BD 109.785 GB/s, BD/PAIR 36.595 GB/s, time 2.934e+00 s, comm_vol 322.123 GB
[[0, 8], [8, 16], [16, 0], [2, 10], [10, 18], [18, 2]]
NCCL version 2.21.5+cuda12.6
NCCL version 2.21.5+cuda12.6
SIZE 8192, REAL_BD 556.103 MB/s, BD/PAIR 92.684 MB/s, time 8.839e-03 s, comm_vol 4.915 MB
SIZE 16384, REAL_BD 3.688 GB/s, BD/PAIR 614.719 MB/s, time 2.665e-03 s, comm_vol 9.83 MB
SIZE 24576, REAL_BD 6.899 GB/s, BD/PAIR 1.15 GB/s, time 2.137e-03 s, comm_vol 14.746 MB
SIZE 32768, REAL_BD 5.417 GB/s, BD/PAIR 902.838 MB/s, time 3.629e-03 s, comm_vol 19.661 MB
SIZE 40960, REAL_BD 9.831 GB/s, BD/PAIR 1.639 GB/s, time 2.500e-03 s, comm_vol 24.576 MB
SIZE 49152, REAL_BD 11.481 GB/s, BD/PAIR 1.913 GB/s, time 2.569e-03 s, comm_vol 29.491 MB
SIZE 57344, REAL_BD 12.73 GB/s, BD/PAIR 2.122 GB/s, time 2.703e-03 s, comm_vol 34.406 MB
SIZE 65536, REAL_BD 15.074 GB/s, BD/PAIR 2.512 GB/s, time 2.609e-03 s, comm_vol 39.322 MB
SIZE 81920, REAL_BD 18.677 GB/s, BD/PAIR 3.113 GB/s, time 2.632e-03 s, comm_vol 49.152 MB
SIZE 98304, REAL_BD 22.378 GB/s, BD/PAIR 3.73 GB/s, time 2.636e-03 s, comm_vol 58.982 MB
SIZE 114688, REAL_BD 25.881 GB/s, BD/PAIR 4.313 GB/s, time 2.659e-03 s, comm_vol 68.813 MB
SIZE 131072, REAL_BD 29.602 GB/s, BD/PAIR 4.934 GB/s, time 2.657e-03 s, comm_vol 78.643 MB
SIZE 163840, REAL_BD 34.821 GB/s, BD/PAIR 5.804 GB/s, time 2.823e-03 s, comm_vol 98.304 MB
SIZE 196608, REAL_BD 41.363 GB/s, BD/PAIR 6.894 GB/s, time 2.852e-03 s, comm_vol 117.965 MB
SIZE 229376, REAL_BD 45.171 GB/s, BD/PAIR 7.529 GB/s, time 3.047e-03 s, comm_vol 137.626 MB
SIZE 262144, REAL_BD 53.933 GB/s, BD/PAIR 8.989 GB/s, time 2.916e-03 s, comm_vol 157.286 MB
SIZE 327680, REAL_BD 58.303 GB/s, BD/PAIR 9.717 GB/s, time 3.372e-03 s, comm_vol 196.608 MB
SIZE 393216, REAL_BD 69.094 GB/s, BD/PAIR 11.516 GB/s, time 3.415e-03 s, comm_vol 235.93 MB
SIZE 458752, REAL_BD 72.101 GB/s, BD/PAIR 12.017 GB/s, time 3.818e-03 s, comm_vol 275.251 MB
SIZE 524288, REAL_BD 81.662 GB/s, BD/PAIR 13.61 GB/s, time 3.852e-03 s, comm_vol 314.573 MB
SIZE 655360, REAL_BD 90.649 GB/s, BD/PAIR 15.108 GB/s, time 4.338e-03 s, comm_vol 393.216 MB
SIZE 786432, REAL_BD 97.508 GB/s, BD/PAIR 16.251 GB/s, time 4.839e-03 s, comm_vol 471.859 MB
SIZE 917504, REAL_BD 103.061 GB/s, BD/PAIR 17.177 GB/s, time 5.342e-03 s, comm_vol 550.502 MB
SIZE 1048576, REAL_BD 107.778 GB/s, BD/PAIR 17.963 GB/s, time 5.837e-03 s, comm_vol 629.146 MB
SIZE 1310720, REAL_BD 114.664 GB/s, BD/PAIR 19.111 GB/s, time 6.859e-03 s, comm_vol 786.432 MB
SIZE 1572864, REAL_BD 119.816 GB/s, BD/PAIR 19.969 GB/s, time 7.876e-03 s, comm_vol 943.718 MB
SIZE 1835008, REAL_BD 123.521 GB/s, BD/PAIR 20.587 GB/s, time 8.914e-03 s, comm_vol 1.101 GB
SIZE 2097152, REAL_BD 159.523 GB/s, BD/PAIR 26.587 GB/s, time 7.888e-03 s, comm_vol 1.258 GB
SIZE 2621440, REAL_BD 169.477 GB/s, BD/PAIR 28.246 GB/s, time 9.281e-03 s, comm_vol 1.573 GB
SIZE 3145728, REAL_BD 177.627 GB/s, BD/PAIR 29.605 GB/s, time 1.063e-02 s, comm_vol 1.887 GB
SIZE 3670016, REAL_BD 184.265 GB/s, BD/PAIR 30.711 GB/s, time 1.195e-02 s, comm_vol 2.202 GB
SIZE 4194304, REAL_BD 189.799 GB/s, BD/PAIR 31.633 GB/s, time 1.326e-02 s, comm_vol 2.517 GB
SIZE 5242880, REAL_BD 197.198 GB/s, BD/PAIR 32.866 GB/s, time 1.595e-02 s, comm_vol 3.146 GB
SIZE 6291456, REAL_BD 202.538 GB/s, BD/PAIR 33.756 GB/s, time 1.864e-02 s, comm_vol 3.775 GB
SIZE 7340032, REAL_BD 206.276 GB/s, BD/PAIR 34.379 GB/s, time 2.135e-02 s, comm_vol 4.404 GB
SIZE 8388608, REAL_BD 209.506 GB/s, BD/PAIR 34.918 GB/s, time 2.402e-02 s, comm_vol 5.033 GB
SIZE 10485760, REAL_BD 214.548 GB/s, BD/PAIR 35.758 GB/s, time 2.932e-02 s, comm_vol 6.291 GB
SIZE 12582912, REAL_BD 217.316 GB/s, BD/PAIR 36.219 GB/s, time 3.474e-02 s, comm_vol 7.55 GB
SIZE 14680064, REAL_BD 218.436 GB/s, BD/PAIR 36.406 GB/s, time 4.032e-02 s, comm_vol 8.808 GB
SIZE 16777216, REAL_BD 219.429 GB/s, BD/PAIR 36.572 GB/s, time 4.588e-02 s, comm_vol 10.066 GB
SIZE 20971520, REAL_BD 219.922 GB/s, BD/PAIR 36.654 GB/s, time 5.722e-02 s, comm_vol 12.583 GB
SIZE 25165824, REAL_BD 216.606 GB/s, BD/PAIR 36.101 GB/s, time 6.971e-02 s, comm_vol 15.099 GB
SIZE 29360128, REAL_BD 215.084 GB/s, BD/PAIR 35.847 GB/s, time 8.190e-02 s, comm_vol 17.616 GB
SIZE 33554432, REAL_BD 215.63 GB/s, BD/PAIR 35.938 GB/s, time 9.337e-02 s, comm_vol 20.133 GB
SIZE 41943040, REAL_BD 216.234 GB/s, BD/PAIR 36.039 GB/s, time 1.164e-01 s, comm_vol 25.166 GB
SIZE 50331648, REAL_BD 216.718 GB/s, BD/PAIR 36.12 GB/s, time 1.393e-01 s, comm_vol 30.199 GB
SIZE 58720256, REAL_BD 217.119 GB/s, BD/PAIR 36.187 GB/s, time 1.623e-01 s, comm_vol 35.232 GB
SIZE 67108864, REAL_BD 217.486 GB/s, BD/PAIR 36.248 GB/s, time 1.851e-01 s, comm_vol 40.265 GB
SIZE 83886080, REAL_BD 217.942 GB/s, BD/PAIR 36.324 GB/s, time 2.309e-01 s, comm_vol 50.332 GB
SIZE 100663296, REAL_BD 218.08 GB/s, BD/PAIR 36.347 GB/s, time 2.770e-01 s, comm_vol 60.398 GB
SIZE 117440512, REAL_BD 218.423 GB/s, BD/PAIR 36.404 GB/s, time 3.226e-01 s, comm_vol 70.464 GB
SIZE 134217728, REAL_BD 218.723 GB/s, BD/PAIR 36.454 GB/s, time 3.682e-01 s, comm_vol 80.531 GB
SIZE 167772160, REAL_BD 218.765 GB/s, BD/PAIR 36.461 GB/s, time 4.601e-01 s, comm_vol 100.663 GB
SIZE 201326592, REAL_BD 218.881 GB/s, BD/PAIR 36.48 GB/s, time 5.519e-01 s, comm_vol 120.796 GB
SIZE 234881024, REAL_BD 218.96 GB/s, BD/PAIR 36.493 GB/s, time 6.436e-01 s, comm_vol 140.929 GB
SIZE 268435456, REAL_BD 219.122 GB/s, BD/PAIR 36.52 GB/s, time 7.350e-01 s, comm_vol 161.061 GB
SIZE 335544320, REAL_BD 219.181 GB/s, BD/PAIR 36.53 GB/s, time 9.185e-01 s, comm_vol 201.327 GB
SIZE 402653184, REAL_BD 219.185 GB/s, BD/PAIR 36.531 GB/s, time 1.102e+00 s, comm_vol 241.592 GB
SIZE 469762048, REAL_BD 219.246 GB/s, BD/PAIR 36.541 GB/s, time 1.286e+00 s, comm_vol 281.857 GB
SIZE 536870912, REAL_BD 219.409 GB/s, BD/PAIR 36.568 GB/s, time 1.468e+00 s, comm_vol 322.123 GB
SIZE 671088640, REAL_BD 219.453 GB/s, BD/PAIR 36.575 GB/s, time 1.835e+00 s, comm_vol 402.653 GB
SIZE 805306368, REAL_BD 219.472 GB/s, BD/PAIR 36.579 GB/s, time 2.202e+00 s, comm_vol 483.184 GB
SIZE 939524096, REAL_BD 219.465 GB/s, BD/PAIR 36.578 GB/s, time 2.569e+00 s, comm_vol 563.714 GB
SIZE 1073741824, REAL_BD 219.59 GB/s, BD/PAIR 36.598 GB/s, time 2.934e+00 s, comm_vol 644.245 GB
[[0, 8], [8, 16], [16, 0], [4, 12], [12, 20], [20, 4]]
NCCL version 2.21.5+cuda12.6
NCCL version 2.21.5+cuda12.6
SIZE 8192, REAL_BD 2.135 GB/s, BD/PAIR 355.765 MB/s, time 2.303e-03 s, comm_vol 4.915 MB
SIZE 16384, REAL_BD 4.684 GB/s, BD/PAIR 780.726 MB/s, time 2.099e-03 s, comm_vol 9.83 MB
SIZE 24576, REAL_BD 6.663 GB/s, BD/PAIR 1.111 GB/s, time 2.213e-03 s, comm_vol 14.746 MB
SIZE 32768, REAL_BD 8.668 GB/s, BD/PAIR 1.445 GB/s, time 2.268e-03 s, comm_vol 19.661 MB
SIZE 40960, REAL_BD 9.631 GB/s, BD/PAIR 1.605 GB/s, time 2.552e-03 s, comm_vol 24.576 MB
SIZE 49152, REAL_BD 11.117 GB/s, BD/PAIR 1.853 GB/s, time 2.653e-03 s, comm_vol 29.491 MB
SIZE 57344, REAL_BD 13.012 GB/s, BD/PAIR 2.169 GB/s, time 2.644e-03 s, comm_vol 34.406 MB
SIZE 65536, REAL_BD 14.711 GB/s, BD/PAIR 2.452 GB/s, time 2.673e-03 s, comm_vol 39.322 MB
SIZE 81920, REAL_BD 18.149 GB/s, BD/PAIR 3.025 GB/s, time 2.708e-03 s, comm_vol 49.152 MB
SIZE 98304, REAL_BD 21.885 GB/s, BD/PAIR 3.648 GB/s, time 2.695e-03 s, comm_vol 58.982 MB
SIZE 114688, REAL_BD 24.877 GB/s, BD/PAIR 4.146 GB/s, time 2.766e-03 s, comm_vol 68.813 MB
SIZE 131072, REAL_BD 28.154 GB/s, BD/PAIR 4.692 GB/s, time 2.793e-03 s, comm_vol 78.643 MB
SIZE 163840, REAL_BD 33.645 GB/s, BD/PAIR 5.607 GB/s, time 2.922e-03 s, comm_vol 98.304 MB
SIZE 196608, REAL_BD 40.216 GB/s, BD/PAIR 6.703 GB/s, time 2.933e-03 s, comm_vol 117.965 MB
SIZE 229376, REAL_BD 43.484 GB/s, BD/PAIR 7.247 GB/s, time 3.165e-03 s, comm_vol 137.626 MB
SIZE 262144, REAL_BD 52.312 GB/s, BD/PAIR 8.719 GB/s, time 3.007e-03 s, comm_vol 157.286 MB
SIZE 327680, REAL_BD 57.179 GB/s, BD/PAIR 9.53 GB/s, time 3.438e-03 s, comm_vol 196.608 MB
SIZE 393216, REAL_BD 67.221 GB/s, BD/PAIR 11.204 GB/s, time 3.510e-03 s, comm_vol 235.93 MB
SIZE 458752, REAL_BD 69.931 GB/s, BD/PAIR 11.655 GB/s, time 3.936e-03 s, comm_vol 275.251 MB
SIZE 524288, REAL_BD 79.349 GB/s, BD/PAIR 13.225 GB/s, time 3.964e-03 s, comm_vol 314.573 MB
SIZE 655360, REAL_BD 88.097 GB/s, BD/PAIR 14.683 GB/s, time 4.463e-03 s, comm_vol 393.216 MB
SIZE 786432, REAL_BD 94.913 GB/s, BD/PAIR 15.819 GB/s, time 4.972e-03 s, comm_vol 471.859 MB
SIZE 917504, REAL_BD 100.399 GB/s, BD/PAIR 16.733 GB/s, time 5.483e-03 s, comm_vol 550.502 MB
SIZE 1048576, REAL_BD 105.024 GB/s, BD/PAIR 17.504 GB/s, time 5.991e-03 s, comm_vol 629.146 MB
SIZE 1310720, REAL_BD 111.982 GB/s, BD/PAIR 18.664 GB/s, time 7.023e-03 s, comm_vol 786.432 MB
SIZE 1572864, REAL_BD 116.821 GB/s, BD/PAIR 19.47 GB/s, time 8.078e-03 s, comm_vol 943.718 MB
SIZE 1835008, REAL_BD 120.946 GB/s, BD/PAIR 20.158 GB/s, time 9.103e-03 s, comm_vol 1.101 GB
SIZE 2097152, REAL_BD 162.449 GB/s, BD/PAIR 27.075 GB/s, time 7.746e-03 s, comm_vol 1.258 GB
SIZE 2621440, REAL_BD 169.608 GB/s, BD/PAIR 28.268 GB/s, time 9.274e-03 s, comm_vol 1.573 GB
SIZE 3145728, REAL_BD 177.516 GB/s, BD/PAIR 29.586 GB/s, time 1.063e-02 s, comm_vol 1.887 GB
SIZE 3670016, REAL_BD 182.679 GB/s, BD/PAIR 30.447 GB/s, time 1.205e-02 s, comm_vol 2.202 GB
SIZE 4194304, REAL_BD 188.498 GB/s, BD/PAIR 31.416 GB/s, time 1.335e-02 s, comm_vol 2.517 GB
SIZE 5242880, REAL_BD 195.24 GB/s, BD/PAIR 32.54 GB/s, time 1.611e-02 s, comm_vol 3.146 GB
SIZE 6291456, REAL_BD 200.61 GB/s, BD/PAIR 33.435 GB/s, time 1.882e-02 s, comm_vol 3.775 GB
SIZE 7340032, REAL_BD 204.359 GB/s, BD/PAIR 34.06 GB/s, time 2.155e-02 s, comm_vol 4.404 GB
SIZE 8388608, REAL_BD 207.111 GB/s, BD/PAIR 34.519 GB/s, time 2.430e-02 s, comm_vol 5.033 GB
SIZE 10485760, REAL_BD 211.069 GB/s, BD/PAIR 35.178 GB/s, time 2.981e-02 s, comm_vol 6.291 GB
SIZE 12582912, REAL_BD 213.151 GB/s, BD/PAIR 35.525 GB/s, time 3.542e-02 s, comm_vol 7.55 GB
SIZE 14680064, REAL_BD 214.907 GB/s, BD/PAIR 35.818 GB/s, time 4.099e-02 s, comm_vol 8.808 GB
SIZE 16777216, REAL_BD 214.567 GB/s, BD/PAIR 35.761 GB/s, time 4.691e-02 s, comm_vol 10.066 GB
SIZE 20971520, REAL_BD 207.891 GB/s, BD/PAIR 34.649 GB/s, time 6.053e-02 s, comm_vol 12.583 GB
SIZE 25165824, REAL_BD 195.649 GB/s, BD/PAIR 32.608 GB/s, time 7.718e-02 s, comm_vol 15.099 GB
SIZE 29360128, REAL_BD 209.398 GB/s, BD/PAIR 34.9 GB/s, time 8.413e-02 s, comm_vol 17.616 GB
SIZE 33554432, REAL_BD 210.03 GB/s, BD/PAIR 35.005 GB/s, time 9.586e-02 s, comm_vol 20.133 GB
SIZE 41943040, REAL_BD 211.059 GB/s, BD/PAIR 35.176 GB/s, time 1.192e-01 s, comm_vol 25.166 GB
SIZE 50331648, REAL_BD 211.662 GB/s, BD/PAIR 35.277 GB/s, time 1.427e-01 s, comm_vol 30.199 GB
SIZE 58720256, REAL_BD 212.054 GB/s, BD/PAIR 35.342 GB/s, time 1.661e-01 s, comm_vol 35.232 GB
SIZE 67108864, REAL_BD 206.192 GB/s, BD/PAIR 34.365 GB/s, time 1.953e-01 s, comm_vol 40.265 GB
SIZE 83886080, REAL_BD 212.881 GB/s, BD/PAIR 35.48 GB/s, time 2.364e-01 s, comm_vol 50.332 GB
SIZE 100663296, REAL_BD 213.192 GB/s, BD/PAIR 35.532 GB/s, time 2.833e-01 s, comm_vol 60.398 GB
SIZE 117440512, REAL_BD 214.379 GB/s, BD/PAIR 35.73 GB/s, time 3.287e-01 s, comm_vol 70.464 GB
SIZE 134217728, REAL_BD 211.983 GB/s, BD/PAIR 35.331 GB/s, time 3.799e-01 s, comm_vol 80.531 GB
SIZE 167772160, REAL_BD 213.582 GB/s, BD/PAIR 35.597 GB/s, time 4.713e-01 s, comm_vol 100.663 GB
SIZE 201326592, REAL_BD 213.788 GB/s, BD/PAIR 35.631 GB/s, time 5.650e-01 s, comm_vol 120.796 GB
SIZE 234881024, REAL_BD 214.554 GB/s, BD/PAIR 35.759 GB/s, time 6.568e-01 s, comm_vol 140.929 GB
SIZE 268435456, REAL_BD 213.972 GB/s, BD/PAIR 35.662 GB/s, time 7.527e-01 s, comm_vol 161.061 GB
SIZE 335544320, REAL_BD 214.167 GB/s, BD/PAIR 35.695 GB/s, time 9.400e-01 s, comm_vol 201.327 GB
SIZE 402653184, REAL_BD 214.475 GB/s, BD/PAIR 35.746 GB/s, time 1.126e+00 s, comm_vol 241.592 GB
SIZE 469762048, REAL_BD 214.577 GB/s, BD/PAIR 35.763 GB/s, time 1.314e+00 s, comm_vol 281.857 GB
SIZE 536870912, REAL_BD 214.657 GB/s, BD/PAIR 35.776 GB/s, time 1.501e+00 s, comm_vol 322.123 GB
SIZE 671088640, REAL_BD 214.495 GB/s, BD/PAIR 35.749 GB/s, time 1.877e+00 s, comm_vol 402.653 GB
SIZE 805306368, REAL_BD 214.487 GB/s, BD/PAIR 35.748 GB/s, time 2.253e+00 s, comm_vol 483.184 GB
SIZE 939524096, REAL_BD 214.688 GB/s, BD/PAIR 35.781 GB/s, time 2.626e+00 s, comm_vol 563.714 GB
SIZE 1073741824, REAL_BD 214.644 GB/s, BD/PAIR 35.774 GB/s, time 3.001e+00 s, comm_vol 644.245 GB
[[0, 8], [8, 16], [16, 0], [2, 10], [10, 18], [18, 2], [4, 12], [12, 20], [20, 4], [6, 14], [14, 22], [22, 6]]
NCCL version 2.21.5+cuda12.6
NCCL version 2.21.5+cuda12.6
SIZE 8192, REAL_BD 4.076 GB/s, BD/PAIR 339.691 MB/s, time 2.412e-03 s, comm_vol 9.83 MB
SIZE 16384, REAL_BD 9.403 GB/s, BD/PAIR 783.574 MB/s, time 2.091e-03 s, comm_vol 19.661 MB
SIZE 24576, REAL_BD 13.441 GB/s, BD/PAIR 1.12 GB/s, time 2.194e-03 s, comm_vol 29.491 MB
SIZE 32768, REAL_BD 17.441 GB/s, BD/PAIR 1.453 GB/s, time 2.254e-03 s, comm_vol 39.322 MB
SIZE 40960, REAL_BD 19.235 GB/s, BD/PAIR 1.603 GB/s, time 2.555e-03 s, comm_vol 49.152 MB
SIZE 49152, REAL_BD 17.453 GB/s, BD/PAIR 1.454 GB/s, time 3.380e-03 s, comm_vol 58.982 MB
SIZE 57344, REAL_BD 25.832 GB/s, BD/PAIR 2.153 GB/s, time 2.664e-03 s, comm_vol 68.813 MB
SIZE 65536, REAL_BD 29.344 GB/s, BD/PAIR 2.445 GB/s, time 2.680e-03 s, comm_vol 78.643 MB
SIZE 81920, REAL_BD 36.295 GB/s, BD/PAIR 3.025 GB/s, time 2.708e-03 s, comm_vol 98.304 MB
SIZE 98304, REAL_BD 43.326 GB/s, BD/PAIR 3.61 GB/s, time 2.723e-03 s, comm_vol 117.965 MB
SIZE 114688, REAL_BD 50.353 GB/s, BD/PAIR 4.196 GB/s, time 2.733e-03 s, comm_vol 137.626 MB
SIZE 131072, REAL_BD 56.915 GB/s, BD/PAIR 4.743 GB/s, time 2.764e-03 s, comm_vol 157.286 MB
SIZE 163840, REAL_BD 67.422 GB/s, BD/PAIR 5.618 GB/s, time 2.916e-03 s, comm_vol 196.608 MB
SIZE 196608, REAL_BD 80.472 GB/s, BD/PAIR 6.706 GB/s, time 2.932e-03 s, comm_vol 235.93 MB
SIZE 229376, REAL_BD 86.162 GB/s, BD/PAIR 7.18 GB/s, time 3.195e-03 s, comm_vol 275.251 MB
SIZE 262144, REAL_BD 104.583 GB/s, BD/PAIR 8.715 GB/s, time 3.008e-03 s, comm_vol 314.573 MB
SIZE 327680, REAL_BD 114.041 GB/s, BD/PAIR 9.503 GB/s, time 3.448e-03 s, comm_vol 393.216 MB
SIZE 393216, REAL_BD 134.205 GB/s, BD/PAIR 11.184 GB/s, time 3.516e-03 s, comm_vol 471.859 MB
SIZE 458752, REAL_BD 140.252 GB/s, BD/PAIR 11.688 GB/s, time 3.925e-03 s, comm_vol 550.502 MB
SIZE 524288, REAL_BD 157.938 GB/s, BD/PAIR 13.161 GB/s, time 3.983e-03 s, comm_vol 629.146 MB
SIZE 655360, REAL_BD 175.482 GB/s, BD/PAIR 14.623 GB/s, time 4.482e-03 s, comm_vol 786.432 MB
SIZE 786432, REAL_BD 188.911 GB/s, BD/PAIR 15.743 GB/s, time 4.996e-03 s, comm_vol 943.718 MB
SIZE 917504, REAL_BD 200.093 GB/s, BD/PAIR 16.674 GB/s, time 5.502e-03 s, comm_vol 1.101 GB
SIZE 1048576, REAL_BD 209.83 GB/s, BD/PAIR 17.486 GB/s, time 5.997e-03 s, comm_vol 1.258 GB
SIZE 1310720, REAL_BD 223.077 GB/s, BD/PAIR 18.59 GB/s, time 7.051e-03 s, comm_vol 1.573 GB
SIZE 1572864, REAL_BD 232.893 GB/s, BD/PAIR 19.408 GB/s, time 8.104e-03 s, comm_vol 1.887 GB
SIZE 1835008, REAL_BD 241.058 GB/s, BD/PAIR 20.088 GB/s, time 9.135e-03 s, comm_vol 2.202 GB
SIZE 2097152, REAL_BD 320.606 GB/s, BD/PAIR 26.717 GB/s, time 7.849e-03 s, comm_vol 2.517 GB
SIZE 2621440, REAL_BD 337.869 GB/s, BD/PAIR 28.156 GB/s, time 9.310e-03 s, comm_vol 3.146 GB
SIZE 3145728, REAL_BD 354.316 GB/s, BD/PAIR 29.526 GB/s, time 1.065e-02 s, comm_vol 3.775 GB
SIZE 3670016, REAL_BD 366.104 GB/s, BD/PAIR 30.509 GB/s, time 1.203e-02 s, comm_vol 4.404 GB
SIZE 4194304, REAL_BD 376.996 GB/s, BD/PAIR 31.416 GB/s, time 1.335e-02 s, comm_vol 5.033 GB
SIZE 5242880, REAL_BD 389.737 GB/s, BD/PAIR 32.478 GB/s, time 1.614e-02 s, comm_vol 6.291 GB
SIZE 6291456, REAL_BD 399.318 GB/s, BD/PAIR 33.277 GB/s, time 1.891e-02 s, comm_vol 7.55 GB
SIZE 7340032, REAL_BD 407.824 GB/s, BD/PAIR 33.985 GB/s, time 2.160e-02 s, comm_vol 8.808 GB
SIZE 8388608, REAL_BD 412.329 GB/s, BD/PAIR 34.361 GB/s, time 2.441e-02 s, comm_vol 10.066 GB
SIZE 10485760, REAL_BD 420.919 GB/s, BD/PAIR 35.077 GB/s, time 2.989e-02 s, comm_vol 12.583 GB
SIZE 12582912, REAL_BD 423.746 GB/s, BD/PAIR 35.312 GB/s, time 3.563e-02 s, comm_vol 15.099 GB
SIZE 14680064, REAL_BD 426.598 GB/s, BD/PAIR 35.55 GB/s, time 4.129e-02 s, comm_vol 17.616 GB
SIZE 16777216, REAL_BD 426.585 GB/s, BD/PAIR 35.549 GB/s, time 4.719e-02 s, comm_vol 20.133 GB
SIZE 20971520, REAL_BD 414.987 GB/s, BD/PAIR 34.582 GB/s, time 6.064e-02 s, comm_vol 25.166 GB
SIZE 25165824, REAL_BD 417.058 GB/s, BD/PAIR 34.755 GB/s, time 7.241e-02 s, comm_vol 30.199 GB
SIZE 29360128, REAL_BD 417.615 GB/s, BD/PAIR 34.801 GB/s, time 8.437e-02 s, comm_vol 35.232 GB
SIZE 33554432, REAL_BD 410.676 GB/s, BD/PAIR 34.223 GB/s, time 9.805e-02 s, comm_vol 40.265 GB
SIZE 41943040, REAL_BD 421.792 GB/s, BD/PAIR 35.149 GB/s, time 1.193e-01 s, comm_vol 50.332 GB
SIZE 50331648, REAL_BD 423.126 GB/s, BD/PAIR 35.261 GB/s, time 1.427e-01 s, comm_vol 60.398 GB
SIZE 58720256, REAL_BD 423.866 GB/s, BD/PAIR 35.322 GB/s, time 1.662e-01 s, comm_vol 70.464 GB
SIZE 67108864, REAL_BD 424.373 GB/s, BD/PAIR 35.364 GB/s, time 1.898e-01 s, comm_vol 80.531 GB
SIZE 83886080, REAL_BD 425.504 GB/s, BD/PAIR 35.459 GB/s, time 2.366e-01 s, comm_vol 100.663 GB
SIZE 100663296, REAL_BD 426.449 GB/s, BD/PAIR 35.537 GB/s, time 2.833e-01 s, comm_vol 120.796 GB
SIZE 117440512, REAL_BD 424.245 GB/s, BD/PAIR 35.354 GB/s, time 3.322e-01 s, comm_vol 140.929 GB
SIZE 134217728, REAL_BD 427.245 GB/s, BD/PAIR 35.604 GB/s, time 3.770e-01 s, comm_vol 161.061 GB
SIZE 167772160, REAL_BD 425.62 GB/s, BD/PAIR 35.468 GB/s, time 4.730e-01 s, comm_vol 201.327 GB
SIZE 201326592, REAL_BD 427.899 GB/s, BD/PAIR 35.658 GB/s, time 5.646e-01 s, comm_vol 241.592 GB
SIZE 234881024, REAL_BD 428.183 GB/s, BD/PAIR 35.682 GB/s, time 6.583e-01 s, comm_vol 281.857 GB
SIZE 268435456, REAL_BD 426.93 GB/s, BD/PAIR 35.578 GB/s, time 7.545e-01 s, comm_vol 322.123 GB
SIZE 335544320, REAL_BD 428.708 GB/s, BD/PAIR 35.726 GB/s, time 9.392e-01 s, comm_vol 402.653 GB
SIZE 402653184, REAL_BD 428.749 GB/s, BD/PAIR 35.729 GB/s, time 1.127e+00 s, comm_vol 483.184 GB
SIZE 469762048, REAL_BD 428.927 GB/s, BD/PAIR 35.744 GB/s, time 1.314e+00 s, comm_vol 563.714 GB
SIZE 536870912, REAL_BD 430.14 GB/s, BD/PAIR 35.845 GB/s, time 1.498e+00 s, comm_vol 644.245 GB
SIZE 671088640, REAL_BD 429.119 GB/s, BD/PAIR 35.76 GB/s, time 1.877e+00 s, comm_vol 805.306 GB
SIZE 805306368, REAL_BD 429.392 GB/s, BD/PAIR 35.783 GB/s, time 2.251e+00 s, comm_vol 966.368 GB
SIZE 939524096, REAL_BD 429.337 GB/s, BD/PAIR 35.778 GB/s, time 2.626e+00 s, comm_vol 1.127 TB
SIZE 1073741824, REAL_BD 429.503 GB/s, BD/PAIR 35.792 GB/s, time 3.000e+00 s, comm_vol 1.288 TB
[[0, 8], [8, 16], [16, 0], [2, 10], [10, 18], [18, 2], [4, 12], [12, 20], [20, 4], [6, 14], [14, 22], [22, 6], [1, 9], [9, 17], [17, 1], [3, 11], [11, 19], [19, 3], [5, 13], [13, 21], [21, 5], [7, 15], [15, 23], [23, 7]]
NCCL version 2.21.5+cuda12.6
NCCL version 2.21.5+cuda12.6
NCCL version 2.21.5+cuda12.6
NCCL version 2.21.5+cuda12.6
NCCL version 2.21.5+cuda12.6
NCCL version 2.21.5+cuda12.6
NCCL version 2.21.5+cuda12.6
NCCL version 2.21.5+cuda12.6
SIZE 8192, REAL_BD 9.431 GB/s, BD/PAIR 392.952 MB/s, time 2.085e-03 s, comm_vol 19.661 MB
SIZE 16384, REAL_BD 18.514 GB/s, BD/PAIR 771.436 MB/s, time 2.124e-03 s, comm_vol 39.322 MB
SIZE 24576, REAL_BD 20.275 GB/s, BD/PAIR 844.773 MB/s, time 2.909e-03 s, comm_vol 58.982 MB
SIZE 32768, REAL_BD 25.57 GB/s, BD/PAIR 1.065 GB/s, time 3.076e-03 s, comm_vol 78.643 MB
SIZE 40960, REAL_BD 13.8 GB/s, BD/PAIR 575.02 MB/s, time 7.123e-03 s, comm_vol 98.304 MB
SIZE 49152, REAL_BD 44.165 GB/s, BD/PAIR 1.84 GB/s, time 2.671e-03 s, comm_vol 117.965 MB
SIZE 57344, REAL_BD 47.455 GB/s, BD/PAIR 1.977 GB/s, time 2.900e-03 s, comm_vol 137.626 MB
SIZE 65536, REAL_BD 57.834 GB/s, BD/PAIR 2.41 GB/s, time 2.720e-03 s, comm_vol 157.286 MB
SIZE 81920, REAL_BD 53.024 GB/s, BD/PAIR 2.209 GB/s, time 3.708e-03 s, comm_vol 196.608 MB
SIZE 98304, REAL_BD 82.094 GB/s, BD/PAIR 3.421 GB/s, time 2.874e-03 s, comm_vol 235.93 MB
SIZE 114688, REAL_BD 99.174 GB/s, BD/PAIR 4.132 GB/s, time 2.775e-03 s, comm_vol 275.251 MB
SIZE 131072, REAL_BD 112.693 GB/s, BD/PAIR 4.696 GB/s, time 2.791e-03 s, comm_vol 314.573 MB
SIZE 163840, REAL_BD 132.813 GB/s, BD/PAIR 5.534 GB/s, time 2.961e-03 s, comm_vol 393.216 MB
SIZE 196608, REAL_BD 159.119 GB/s, BD/PAIR 6.63 GB/s, time 2.965e-03 s, comm_vol 471.859 MB
SIZE 229376, REAL_BD 174.157 GB/s, BD/PAIR 7.257 GB/s, time 3.161e-03 s, comm_vol 550.502 MB
SIZE 262144, REAL_BD 206.175 GB/s, BD/PAIR 8.591 GB/s, time 3.052e-03 s, comm_vol 629.146 MB
SIZE 327680, REAL_BD 224.04 GB/s, BD/PAIR 9.335 GB/s, time 3.510e-03 s, comm_vol 786.432 MB
SIZE 393216, REAL_BD 264.872 GB/s, BD/PAIR 11.036 GB/s, time 3.563e-03 s, comm_vol 943.718 MB
SIZE 458752, REAL_BD 241.765 GB/s, BD/PAIR 10.074 GB/s, time 4.554e-03 s, comm_vol 1.101 GB
SIZE 524288, REAL_BD 312.361 GB/s, BD/PAIR 13.015 GB/s, time 4.028e-03 s, comm_vol 1.258 GB
SIZE 655360, REAL_BD 347.232 GB/s, BD/PAIR 14.468 GB/s, time 4.530e-03 s, comm_vol 1.573 GB
SIZE 786432, REAL_BD 372.786 GB/s, BD/PAIR 15.533 GB/s, time 5.063e-03 s, comm_vol 1.887 GB
SIZE 917504, REAL_BD 394.528 GB/s, BD/PAIR 16.439 GB/s, time 5.581e-03 s, comm_vol 2.202 GB
SIZE 1048576, REAL_BD 411.963 GB/s, BD/PAIR 17.165 GB/s, time 6.109e-03 s, comm_vol 2.517 GB
SIZE 1310720, REAL_BD 439.995 GB/s, BD/PAIR 18.333 GB/s, time 7.149e-03 s, comm_vol 3.146 GB
SIZE 1572864, REAL_BD 457.918 GB/s, BD/PAIR 19.08 GB/s, time 8.244e-03 s, comm_vol 3.775 GB
SIZE 1835008, REAL_BD 473.842 GB/s, BD/PAIR 19.743 GB/s, time 9.294e-03 s, comm_vol 4.404 GB
SIZE 2097152, REAL_BD 625.574 GB/s, BD/PAIR 26.066 GB/s, time 8.046e-03 s, comm_vol 5.033 GB
SIZE 2621440, REAL_BD 657.75 GB/s, BD/PAIR 27.406 GB/s, time 9.565e-03 s, comm_vol 6.291 GB
SIZE 3145728, REAL_BD 684.935 GB/s, BD/PAIR 28.539 GB/s, time 1.102e-02 s, comm_vol 7.55 GB
SIZE 3670016, REAL_BD 711.905 GB/s, BD/PAIR 29.663 GB/s, time 1.237e-02 s, comm_vol 8.808 GB
SIZE 4194304, REAL_BD 734.193 GB/s, BD/PAIR 30.591 GB/s, time 1.371e-02 s, comm_vol 10.066 GB
SIZE 5242880, REAL_BD 764.944 GB/s, BD/PAIR 31.873 GB/s, time 1.645e-02 s, comm_vol 12.583 GB
SIZE 6291456, REAL_BD 784.286 GB/s, BD/PAIR 32.679 GB/s, time 1.925e-02 s, comm_vol 15.099 GB
SIZE 7340032, REAL_BD 799.065 GB/s, BD/PAIR 33.294 GB/s, time 2.205e-02 s, comm_vol 17.616 GB
SIZE 8388608, REAL_BD 809.86 GB/s, BD/PAIR 33.744 GB/s, time 2.486e-02 s, comm_vol 20.133 GB
SIZE 10485760, REAL_BD 824.647 GB/s, BD/PAIR 34.36 GB/s, time 3.052e-02 s, comm_vol 25.166 GB
SIZE 12582912, REAL_BD 834.159 GB/s, BD/PAIR 34.757 GB/s, time 3.620e-02 s, comm_vol 30.199 GB
SIZE 14680064, REAL_BD 840.367 GB/s, BD/PAIR 35.015 GB/s, time 4.192e-02 s, comm_vol 35.232 GB
SIZE 16777216, REAL_BD 838.081 GB/s, BD/PAIR 34.92 GB/s, time 4.804e-02 s, comm_vol 40.265 GB
SIZE 20971520, REAL_BD 823.787 GB/s, BD/PAIR 34.324 GB/s, time 6.110e-02 s, comm_vol 50.332 GB
SIZE 25165824, REAL_BD 826.479 GB/s, BD/PAIR 34.437 GB/s, time 7.308e-02 s, comm_vol 60.398 GB
SIZE 29360128, REAL_BD 825.749 GB/s, BD/PAIR 34.406 GB/s, time 8.533e-02 s, comm_vol 70.464 GB
SIZE 33554432, REAL_BD 828.973 GB/s, BD/PAIR 34.541 GB/s, time 9.715e-02 s, comm_vol 80.531 GB
SIZE 41943040, REAL_BD 831.628 GB/s, BD/PAIR 34.651 GB/s, time 1.210e-01 s, comm_vol 100.663 GB
SIZE 50331648, REAL_BD 829.609 GB/s, BD/PAIR 34.567 GB/s, time 1.456e-01 s, comm_vol 120.796 GB
SIZE 58720256, REAL_BD 835.303 GB/s, BD/PAIR 34.804 GB/s, time 1.687e-01 s, comm_vol 140.929 GB
SIZE 67108864, REAL_BD 837.314 GB/s, BD/PAIR 34.888 GB/s, time 1.924e-01 s, comm_vol 161.061 GB
SIZE 83886080, REAL_BD 838.892 GB/s, BD/PAIR 34.954 GB/s, time 2.400e-01 s, comm_vol 201.327 GB
SIZE 100663296, REAL_BD 839.864 GB/s, BD/PAIR 34.994 GB/s, time 2.877e-01 s, comm_vol 241.592 GB
SIZE 117440512, REAL_BD 839.151 GB/s, BD/PAIR 34.965 GB/s, time 3.359e-01 s, comm_vol 281.857 GB
SIZE 134217728, REAL_BD 841.738 GB/s, BD/PAIR 35.072 GB/s, time 3.827e-01 s, comm_vol 322.123 GB
SIZE 167772160, REAL_BD 841.24 GB/s, BD/PAIR 35.052 GB/s, time 4.786e-01 s, comm_vol 402.653 GB
SIZE 201326592, REAL_BD 843.036 GB/s, BD/PAIR 35.127 GB/s, time 5.731e-01 s, comm_vol 483.184 GB
SIZE 234881024, REAL_BD 841.857 GB/s, BD/PAIR 35.077 GB/s, time 6.696e-01 s, comm_vol 563.714 GB
SIZE 268435456, REAL_BD 841.934 GB/s, BD/PAIR 35.081 GB/s, time 7.652e-01 s, comm_vol 644.245 GB
SIZE 335544320, REAL_BD 844.503 GB/s, BD/PAIR 35.188 GB/s, time 9.536e-01 s, comm_vol 805.306 GB
SIZE 402653184, REAL_BD 843.141 GB/s, BD/PAIR 35.131 GB/s, time 1.146e+00 s, comm_vol 966.368 GB
SIZE 469762048, REAL_BD 844.946 GB/s, BD/PAIR 35.206 GB/s, time 1.334e+00 s, comm_vol 1.127 TB
SIZE 536870912, REAL_BD 844.776 GB/s, BD/PAIR 35.199 GB/s, time 1.525e+00 s, comm_vol 1.288 TB
SIZE 671088640, REAL_BD 845.155 GB/s, BD/PAIR 35.215 GB/s, time 1.906e+00 s, comm_vol 1.611 TB
SIZE 805306368, REAL_BD 845.116 GB/s, BD/PAIR 35.213 GB/s, time 2.287e+00 s, comm_vol 1.933 TB
SIZE 939524096, REAL_BD 845.502 GB/s, BD/PAIR 35.229 GB/s, time 2.667e+00 s, comm_vol 2.255 TB
SIZE 1073741824, REAL_BD 845.988 GB/s, BD/PAIR 35.25 GB/s, time 3.046e+00 s, comm_vol 2.577 TB
+ set +x
COMM_MODULE: torch-distributed
++ cat /root/mpi_rack_hostfile
++ head -n 1
++ sed -s s/slots=8//g
+ mpirun -np 24 --hostfile /root/mpi_rack_hostfile --allow-run-as-root -oversubscribe -map-by ppr:8:node --bind-to numa -mca pml ob1 -mca btl '^openib' -x OMPI_MCA_btl_tcp_if_include=ens19np0 -mca oob_tcp_if_include 10.102.2.0/24 --output-filename results/ -x NCCL_PXN_DISABLE=0 -x NCCL_IB_GID_INDEX=3 -x NCCL_NET_GDR_LEVEL=4 -x NCCL_IB_RETRY_CNT=7 -x NCCL_IB_TIME_OUT=32 -x NCCL_IB_QPS_PER_CONNECTION=8 -x NCCL_P2P_LEVEL=NVL -x NCCL_DEBUG=VERSION -x PATH -x MASTER_ADDR=10.11.1.2 -x MASTER_PORT=20421 -x GLOO_SOCKET_IFNAME=ens19np0 -x NCCL_SOCKET_IFNAME=ens19np0 -x CUDA_DEVICE_MAX_CONNECTIONS=1 -x TORCH_NCCL_AVOID_RECORD_STREAMS=1 -x PYTORCH_CUDA_ALLOC_CONF=expandable_segments:True -x NCCL_NVLS_ENABLE=0 -x LD_LIBRARY_PATH=/usr/local/cuda/compat/lib.real:/opt/nvshmem/lib:/usr/local/lib/python3.10/dist-packages/torch/lib:/usr/local/lib/python3.10/dist-packages/torch_tensorrt/lib:/usr/local/cuda/compat/lib:/usr/local/nvidia/lib:/usr/local/nvidia/lib64:/usr/local/cuda/lib64:/usr/local/tensorrt/lib:/usr/local/cuda/lib64:/usr/local/tensorrt/lib -x CLUSTER_NAME -x PLATFORM -x TRACE_NAME ./scripts/executor.sh python conflict_bench.py --backend NCCL --config ./scripts/configs/small_24.json --comm-module torch-distributed
NCCL version 2.25.1+cuda12.2
[INFO]: Cluster init done !!!
[[0, 8]]
SIZE 8192, REAL_BD 444.901 MB/s, BD/PAIR 444.901 MB/s, time 1.841e-03 s, comm_vol 819.2 KB
SIZE 16384, REAL_BD 944.468 MB/s, BD/PAIR 944.468 MB/s, time 1.735e-03 s, comm_vol 1.638 MB
SIZE 24576, REAL_BD 1.427 GB/s, BD/PAIR 1.427 GB/s, time 1.722e-03 s, comm_vol 2.458 MB
SIZE 32768, REAL_BD 1.846 GB/s, BD/PAIR 1.846 GB/s, time 1.775e-03 s, comm_vol 3.277 MB
SIZE 40960, REAL_BD 2.016 GB/s, BD/PAIR 2.016 GB/s, time 2.032e-03 s, comm_vol 4.096 MB
SIZE 49152, REAL_BD 2.392 GB/s, BD/PAIR 2.392 GB/s, time 2.055e-03 s, comm_vol 4.915 MB
SIZE 57344, REAL_BD 2.673 GB/s, BD/PAIR 2.673 GB/s, time 2.146e-03 s, comm_vol 5.734 MB
SIZE 65536, REAL_BD 3.0 GB/s, BD/PAIR 3.0 GB/s, time 2.184e-03 s, comm_vol 6.554 MB
SIZE 81920, REAL_BD 3.876 GB/s, BD/PAIR 3.876 GB/s, time 2.113e-03 s, comm_vol 8.192 MB
SIZE 98304, REAL_BD 4.612 GB/s, BD/PAIR 4.612 GB/s, time 2.132e-03 s, comm_vol 9.83 MB
SIZE 114688, REAL_BD 5.236 GB/s, BD/PAIR 5.236 GB/s, time 2.190e-03 s, comm_vol 11.469 MB
SIZE 131072, REAL_BD 6.741 GB/s, BD/PAIR 6.741 GB/s, time 1.944e-03 s, comm_vol 13.107 MB
SIZE 163840, REAL_BD 7.213 GB/s, BD/PAIR 7.213 GB/s, time 2.271e-03 s, comm_vol 16.384 MB
SIZE 196608, REAL_BD 8.373 GB/s, BD/PAIR 8.373 GB/s, time 2.348e-03 s, comm_vol 19.661 MB
SIZE 229376, REAL_BD 9.472 GB/s, BD/PAIR 9.472 GB/s, time 2.422e-03 s, comm_vol 22.938 MB
SIZE 262144, REAL_BD 10.585 GB/s, BD/PAIR 10.585 GB/s, time 2.476e-03 s, comm_vol 26.214 MB
SIZE 327680, REAL_BD 11.121 GB/s, BD/PAIR 11.121 GB/s, time 2.946e-03 s, comm_vol 32.768 MB
SIZE 393216, REAL_BD 13.024 GB/s, BD/PAIR 13.024 GB/s, time 3.019e-03 s, comm_vol 39.322 MB
SIZE 458752, REAL_BD 13.109 GB/s, BD/PAIR 13.109 GB/s, time 3.500e-03 s, comm_vol 45.875 MB
SIZE 524288, REAL_BD 14.753 GB/s, BD/PAIR 14.753 GB/s, time 3.554e-03 s, comm_vol 52.429 MB
SIZE 655360, REAL_BD 15.953 GB/s, BD/PAIR 15.953 GB/s, time 4.108e-03 s, comm_vol 65.536 MB
SIZE 786432, REAL_BD 16.968 GB/s, BD/PAIR 16.968 GB/s, time 4.635e-03 s, comm_vol 78.643 MB
SIZE 917504, REAL_BD 7.671 GB/s, BD/PAIR 7.671 GB/s, time 1.196e-02 s, comm_vol 91.75 MB
SIZE 1048576, REAL_BD 22.868 GB/s, BD/PAIR 22.868 GB/s, time 4.585e-03 s, comm_vol 104.858 MB
SIZE 1310720, REAL_BD 24.565 GB/s, BD/PAIR 24.565 GB/s, time 5.336e-03 s, comm_vol 131.072 MB
SIZE 1572864, REAL_BD 26.06 GB/s, BD/PAIR 26.06 GB/s, time 6.036e-03 s, comm_vol 157.286 MB
SIZE 1835008, REAL_BD 27.243 GB/s, BD/PAIR 27.243 GB/s, time 6.736e-03 s, comm_vol 183.501 MB
SIZE 2097152, REAL_BD 28.452 GB/s, BD/PAIR 28.452 GB/s, time 7.371e-03 s, comm_vol 209.715 MB
SIZE 2621440, REAL_BD 29.795 GB/s, BD/PAIR 29.795 GB/s, time 8.798e-03 s, comm_vol 262.144 MB
SIZE 3145728, REAL_BD 30.91 GB/s, BD/PAIR 30.91 GB/s, time 1.018e-02 s, comm_vol 314.573 MB
SIZE 3670016, REAL_BD 32.083 GB/s, BD/PAIR 32.083 GB/s, time 1.144e-02 s, comm_vol 367.002 MB
SIZE 4194304, REAL_BD 32.886 GB/s, BD/PAIR 32.886 GB/s, time 1.275e-02 s, comm_vol 419.43 MB
SIZE 5242880, REAL_BD 34.063 GB/s, BD/PAIR 34.063 GB/s, time 1.539e-02 s, comm_vol 524.288 MB
SIZE 6291456, REAL_BD 34.889 GB/s, BD/PAIR 34.889 GB/s, time 1.803e-02 s, comm_vol 629.146 MB
SIZE 7340032, REAL_BD 35.305 GB/s, BD/PAIR 35.305 GB/s, time 2.079e-02 s, comm_vol 734.003 MB
SIZE 8388608, REAL_BD 35.602 GB/s, BD/PAIR 35.602 GB/s, time 2.356e-02 s, comm_vol 838.861 MB
SIZE 10485760, REAL_BD 36.081 GB/s, BD/PAIR 36.081 GB/s, time 2.906e-02 s, comm_vol 1.049 GB
SIZE 12582912, REAL_BD 36.285 GB/s, BD/PAIR 36.285 GB/s, time 3.468e-02 s, comm_vol 1.258 GB
SIZE 14680064, REAL_BD 36.562 GB/s, BD/PAIR 36.562 GB/s, time 4.015e-02 s, comm_vol 1.468 GB
SIZE 16777216, REAL_BD 36.685 GB/s, BD/PAIR 36.685 GB/s, time 4.573e-02 s, comm_vol 1.678 GB
SIZE 20971520, REAL_BD 36.774 GB/s, BD/PAIR 36.774 GB/s, time 5.703e-02 s, comm_vol 2.097 GB
SIZE 25165824, REAL_BD 36.706 GB/s, BD/PAIR 36.706 GB/s, time 6.856e-02 s, comm_vol 2.517 GB
SIZE 29360128, REAL_BD 36.77 GB/s, BD/PAIR 36.77 GB/s, time 7.985e-02 s, comm_vol 2.936 GB
SIZE 33554432, REAL_BD 36.737 GB/s, BD/PAIR 36.737 GB/s, time 9.134e-02 s, comm_vol 3.355 GB
SIZE 41943040, REAL_BD 37.009 GB/s, BD/PAIR 37.009 GB/s, time 1.133e-01 s, comm_vol 4.194 GB
SIZE 50331648, REAL_BD 36.491 GB/s, BD/PAIR 36.491 GB/s, time 1.379e-01 s, comm_vol 5.033 GB
SIZE 58720256, REAL_BD 36.017 GB/s, BD/PAIR 36.017 GB/s, time 1.630e-01 s, comm_vol 5.872 GB
SIZE 67108864, REAL_BD 36.087 GB/s, BD/PAIR 36.087 GB/s, time 1.860e-01 s, comm_vol 6.711 GB
SIZE 83886080, REAL_BD 36.124 GB/s, BD/PAIR 36.124 GB/s, time 2.322e-01 s, comm_vol 8.389 GB
SIZE 100663296, REAL_BD 36.165 GB/s, BD/PAIR 36.165 GB/s, time 2.783e-01 s, comm_vol 10.066 GB
SIZE 117440512, REAL_BD 36.211 GB/s, BD/PAIR 36.211 GB/s, time 3.243e-01 s, comm_vol 11.744 GB
SIZE 134217728, REAL_BD 36.258 GB/s, BD/PAIR 36.258 GB/s, time 3.702e-01 s, comm_vol 13.422 GB
SIZE 167772160, REAL_BD 36.182 GB/s, BD/PAIR 36.182 GB/s, time 4.637e-01 s, comm_vol 16.777 GB
SIZE 201326592, REAL_BD 36.444 GB/s, BD/PAIR 36.444 GB/s, time 5.524e-01 s, comm_vol 20.133 GB
SIZE 234881024, REAL_BD 36.363 GB/s, BD/PAIR 36.363 GB/s, time 6.459e-01 s, comm_vol 23.488 GB
SIZE 268435456, REAL_BD 36.495 GB/s, BD/PAIR 36.495 GB/s, time 7.355e-01 s, comm_vol 26.844 GB
SIZE 335544320, REAL_BD 36.382 GB/s, BD/PAIR 36.382 GB/s, time 9.223e-01 s, comm_vol 33.554 GB
SIZE 402653184, REAL_BD 36.437 GB/s, BD/PAIR 36.437 GB/s, time 1.105e+00 s, comm_vol 40.265 GB
SIZE 469762048, REAL_BD 36.307 GB/s, BD/PAIR 36.307 GB/s, time 1.294e+00 s, comm_vol 46.976 GB
SIZE 536870912, REAL_BD 36.494 GB/s, BD/PAIR 36.494 GB/s, time 1.471e+00 s, comm_vol 53.687 GB
SIZE 671088640, REAL_BD 36.364 GB/s, BD/PAIR 36.364 GB/s, time 1.845e+00 s, comm_vol 67.109 GB
SIZE 805306368, REAL_BD 36.537 GB/s, BD/PAIR 36.537 GB/s, time 2.204e+00 s, comm_vol 80.531 GB
SIZE 939524096, REAL_BD 36.433 GB/s, BD/PAIR 36.433 GB/s, time 2.579e+00 s, comm_vol 93.952 GB
SIZE 1073741824, REAL_BD 36.542 GB/s, BD/PAIR 36.542 GB/s, time 2.938e+00 s, comm_vol 107.374 GB
[[0, 8], [8, 16]]
NCCL version 2.25.1+cuda12.2
SIZE 8192, REAL_BD 479.65 MB/s, BD/PAIR 239.825 MB/s, time 3.416e-03 s, comm_vol 1.638 MB
SIZE 16384, REAL_BD 992.124 MB/s, BD/PAIR 496.062 MB/s, time 3.303e-03 s, comm_vol 3.277 MB
SIZE 24576, REAL_BD 1.47 GB/s, BD/PAIR 734.968 MB/s, time 3.344e-03 s, comm_vol 4.915 MB
SIZE 32768, REAL_BD 1.94 GB/s, BD/PAIR 969.861 MB/s, time 3.379e-03 s, comm_vol 6.554 MB
SIZE 40960, REAL_BD 2.434 GB/s, BD/PAIR 1.217 GB/s, time 3.366e-03 s, comm_vol 8.192 MB
SIZE 49152, REAL_BD 2.964 GB/s, BD/PAIR 1.482 GB/s, time 3.316e-03 s, comm_vol 9.83 MB
SIZE 57344, REAL_BD 3.505 GB/s, BD/PAIR 1.752 GB/s, time 3.273e-03 s, comm_vol 11.469 MB
SIZE 65536, REAL_BD 2.731 GB/s, BD/PAIR 1.366 GB/s, time 4.799e-03 s, comm_vol 13.107 MB
SIZE 81920, REAL_BD 4.944 GB/s, BD/PAIR 2.472 GB/s, time 3.314e-03 s, comm_vol 16.384 MB
SIZE 98304, REAL_BD 5.936 GB/s, BD/PAIR 2.968 GB/s, time 3.312e-03 s, comm_vol 19.661 MB
SIZE 114688, REAL_BD 6.97 GB/s, BD/PAIR 3.485 GB/s, time 3.291e-03 s, comm_vol 22.938 MB
SIZE 131072, REAL_BD 7.89 GB/s, BD/PAIR 3.945 GB/s, time 3.322e-03 s, comm_vol 26.214 MB
SIZE 163840, REAL_BD 9.548 GB/s, BD/PAIR 4.774 GB/s, time 3.432e-03 s, comm_vol 32.768 MB
SIZE 196608, REAL_BD 4.702 GB/s, BD/PAIR 2.351 GB/s, time 8.363e-03 s, comm_vol 39.322 MB
SIZE 229376, REAL_BD 3.213 GB/s, BD/PAIR 1.606 GB/s, time 1.428e-02 s, comm_vol 45.875 MB
SIZE 262144, REAL_BD 15.823 GB/s, BD/PAIR 7.911 GB/s, time 3.314e-03 s, comm_vol 52.429 MB
SIZE 327680, REAL_BD 20.868 GB/s, BD/PAIR 10.434 GB/s, time 3.140e-03 s, comm_vol 65.536 MB
SIZE 393216, REAL_BD 24.979 GB/s, BD/PAIR 12.49 GB/s, time 3.148e-03 s, comm_vol 78.643 MB
SIZE 458752, REAL_BD 25.997 GB/s, BD/PAIR 12.998 GB/s, time 3.529e-03 s, comm_vol 91.75 MB
SIZE 524288, REAL_BD 28.914 GB/s, BD/PAIR 14.457 GB/s, time 3.627e-03 s, comm_vol 104.858 MB
SIZE 655360, REAL_BD 31.483 GB/s, BD/PAIR 15.741 GB/s, time 4.163e-03 s, comm_vol 131.072 MB
SIZE 786432, REAL_BD 33.75 GB/s, BD/PAIR 16.875 GB/s, time 4.660e-03 s, comm_vol 157.286 MB
SIZE 917504, REAL_BD 35.338 GB/s, BD/PAIR 17.669 GB/s, time 5.193e-03 s, comm_vol 183.501 MB
SIZE 1048576, REAL_BD 44.743 GB/s, BD/PAIR 22.372 GB/s, time 4.687e-03 s, comm_vol 209.715 MB
SIZE 1310720, REAL_BD 48.39 GB/s, BD/PAIR 24.195 GB/s, time 5.417e-03 s, comm_vol 262.144 MB
SIZE 1572864, REAL_BD 51.373 GB/s, BD/PAIR 25.687 GB/s, time 6.123e-03 s, comm_vol 314.573 MB
SIZE 1835008, REAL_BD 53.918 GB/s, BD/PAIR 26.959 GB/s, time 6.807e-03 s, comm_vol 367.002 MB
SIZE 2097152, REAL_BD 56.201 GB/s, BD/PAIR 28.101 GB/s, time 7.463e-03 s, comm_vol 419.43 MB
SIZE 2621440, REAL_BD 48.514 GB/s, BD/PAIR 24.257 GB/s, time 1.081e-02 s, comm_vol 524.288 MB
SIZE 3145728, REAL_BD 61.068 GB/s, BD/PAIR 30.534 GB/s, time 1.030e-02 s, comm_vol 629.146 MB
SIZE 3670016, REAL_BD 63.075 GB/s, BD/PAIR 31.538 GB/s, time 1.164e-02 s, comm_vol 734.003 MB
SIZE 4194304, REAL_BD 64.348 GB/s, BD/PAIR 32.174 GB/s, time 1.304e-02 s, comm_vol 838.861 MB
SIZE 5242880, REAL_BD 66.128 GB/s, BD/PAIR 33.064 GB/s, time 1.586e-02 s, comm_vol 1.049 GB
SIZE 6291456, REAL_BD 67.345 GB/s, BD/PAIR 33.672 GB/s, time 1.868e-02 s, comm_vol 1.258 GB
SIZE 7340032, REAL_BD 68.113 GB/s, BD/PAIR 34.056 GB/s, time 2.155e-02 s, comm_vol 1.468 GB
SIZE 8388608, REAL_BD 68.775 GB/s, BD/PAIR 34.387 GB/s, time 2.439e-02 s, comm_vol 1.678 GB
SIZE 10485760, REAL_BD 69.468 GB/s, BD/PAIR 34.734 GB/s, time 3.019e-02 s, comm_vol 2.097 GB
SIZE 12582912, REAL_BD 69.801 GB/s, BD/PAIR 34.901 GB/s, time 3.605e-02 s, comm_vol 2.517 GB
SIZE 14680064, REAL_BD 70.121 GB/s, BD/PAIR 35.061 GB/s, time 4.187e-02 s, comm_vol 2.936 GB
SIZE 16777216, REAL_BD 70.387 GB/s, BD/PAIR 35.194 GB/s, time 4.767e-02 s, comm_vol 3.355 GB
SIZE 20971520, REAL_BD 70.294 GB/s, BD/PAIR 35.147 GB/s, time 5.967e-02 s, comm_vol 4.194 GB
SIZE 25165824, REAL_BD 69.587 GB/s, BD/PAIR 34.793 GB/s, time 7.233e-02 s, comm_vol 5.033 GB
SIZE 29360128, REAL_BD 69.083 GB/s, BD/PAIR 34.542 GB/s, time 8.500e-02 s, comm_vol 5.872 GB
SIZE 33554432, REAL_BD 69.308 GB/s, BD/PAIR 34.654 GB/s, time 9.683e-02 s, comm_vol 6.711 GB
SIZE 41943040, REAL_BD 69.612 GB/s, BD/PAIR 34.806 GB/s, time 1.205e-01 s, comm_vol 8.389 GB
SIZE 50331648, REAL_BD 69.507 GB/s, BD/PAIR 34.754 GB/s, time 1.448e-01 s, comm_vol 10.066 GB
SIZE 58720256, REAL_BD 69.859 GB/s, BD/PAIR 34.929 GB/s, time 1.681e-01 s, comm_vol 11.744 GB
SIZE 67108864, REAL_BD 69.987 GB/s, BD/PAIR 34.994 GB/s, time 1.918e-01 s, comm_vol 13.422 GB
SIZE 83886080, REAL_BD 70.172 GB/s, BD/PAIR 35.086 GB/s, time 2.391e-01 s, comm_vol 16.777 GB
SIZE 100663296, REAL_BD 70.269 GB/s, BD/PAIR 35.135 GB/s, time 2.865e-01 s, comm_vol 20.133 GB
SIZE 117440512, REAL_BD 70.231 GB/s, BD/PAIR 35.116 GB/s, time 3.344e-01 s, comm_vol 23.488 GB
SIZE 134217728, REAL_BD 70.417 GB/s, BD/PAIR 35.208 GB/s, time 3.812e-01 s, comm_vol 26.844 GB
SIZE 167772160, REAL_BD 70.478 GB/s, BD/PAIR 35.239 GB/s, time 4.761e-01 s, comm_vol 33.554 GB
SIZE 201326592, REAL_BD 70.595 GB/s, BD/PAIR 35.297 GB/s, time 5.704e-01 s, comm_vol 40.265 GB
SIZE 234881024, REAL_BD 70.529 GB/s, BD/PAIR 35.264 GB/s, time 6.661e-01 s, comm_vol 46.976 GB
SIZE 268435456, REAL_BD 70.576 GB/s, BD/PAIR 35.288 GB/s, time 7.607e-01 s, comm_vol 53.687 GB
SIZE 335544320, REAL_BD 70.681 GB/s, BD/PAIR 35.341 GB/s, time 9.495e-01 s, comm_vol 67.109 GB
SIZE 402653184, REAL_BD 70.674 GB/s, BD/PAIR 35.337 GB/s, time 1.139e+00 s, comm_vol 80.531 GB
SIZE 469762048, REAL_BD 70.643 GB/s, BD/PAIR 35.321 GB/s, time 1.330e+00 s, comm_vol 93.952 GB
SIZE 536870912, REAL_BD 70.731 GB/s, BD/PAIR 35.365 GB/s, time 1.518e+00 s, comm_vol 107.374 GB
SIZE 671088640, REAL_BD 70.774 GB/s, BD/PAIR 35.387 GB/s, time 1.896e+00 s, comm_vol 134.218 GB
SIZE 805306368, REAL_BD 70.736 GB/s, BD/PAIR 35.368 GB/s, time 2.277e+00 s, comm_vol 161.061 GB
SIZE 939524096, REAL_BD 70.779 GB/s, BD/PAIR 35.39 GB/s, time 2.655e+00 s, comm_vol 187.905 GB
SIZE 1073741824, REAL_BD 70.773 GB/s, BD/PAIR 35.387 GB/s, time 3.034e+00 s, comm_vol 214.748 GB
[[0, 8], [8, 16], [16, 0]]
SIZE 8192, REAL_BD 722.805 MB/s, BD/PAIR 240.935 MB/s, time 3.400e-03 s, comm_vol 2.458 MB
SIZE 16384, REAL_BD 1.005 GB/s, BD/PAIR 334.939 MB/s, time 4.892e-03 s, comm_vol 4.915 MB
SIZE 24576, REAL_BD 2.189 GB/s, BD/PAIR 729.713 MB/s, time 3.368e-03 s, comm_vol 7.373 MB
SIZE 32768, REAL_BD 2.804 GB/s, BD/PAIR 934.641 MB/s, time 3.506e-03 s, comm_vol 9.83 MB
SIZE 40960, REAL_BD 3.783 GB/s, BD/PAIR 1.261 GB/s, time 3.248e-03 s, comm_vol 12.288 MB
SIZE 49152, REAL_BD 4.501 GB/s, BD/PAIR 1.5 GB/s, time 3.276e-03 s, comm_vol 14.746 MB
SIZE 57344, REAL_BD 5.203 GB/s, BD/PAIR 1.734 GB/s, time 3.307e-03 s, comm_vol 17.203 MB
SIZE 65536, REAL_BD 5.866 GB/s, BD/PAIR 1.955 GB/s, time 3.352e-03 s, comm_vol 19.661 MB
SIZE 81920, REAL_BD 7.534 GB/s, BD/PAIR 2.511 GB/s, time 3.262e-03 s, comm_vol 24.576 MB
SIZE 98304, REAL_BD 8.721 GB/s, BD/PAIR 2.907 GB/s, time 3.382e-03 s, comm_vol 29.491 MB
SIZE 114688, REAL_BD 3.063 GB/s, BD/PAIR 1.021 GB/s, time 1.123e-02 s, comm_vol 34.406 MB
SIZE 131072, REAL_BD 11.74 GB/s, BD/PAIR 3.913 GB/s, time 3.349e-03 s, comm_vol 39.322 MB
SIZE 163840, REAL_BD 12.88 GB/s, BD/PAIR 4.293 GB/s, time 3.816e-03 s, comm_vol 49.152 MB
SIZE 196608, REAL_BD 15.18 GB/s, BD/PAIR 5.06 GB/s, time 3.886e-03 s, comm_vol 58.982 MB
SIZE 229376, REAL_BD 17.462 GB/s, BD/PAIR 5.821 GB/s, time 3.941e-03 s, comm_vol 68.813 MB
SIZE 262144, REAL_BD 19.676 GB/s, BD/PAIR 6.559 GB/s, time 3.997e-03 s, comm_vol 78.643 MB
SIZE 327680, REAL_BD 21.39 GB/s, BD/PAIR 7.13 GB/s, time 4.596e-03 s, comm_vol 98.304 MB
SIZE 393216, REAL_BD 25.221 GB/s, BD/PAIR 8.407 GB/s, time 4.677e-03 s, comm_vol 117.965 MB
SIZE 458752, REAL_BD 26.578 GB/s, BD/PAIR 8.859 GB/s, time 5.178e-03 s, comm_vol 137.626 MB
SIZE 524288, REAL_BD 8.535 GB/s, BD/PAIR 2.845 GB/s, time 1.843e-02 s, comm_vol 157.286 MB
SIZE 655360, REAL_BD 33.527 GB/s, BD/PAIR 11.176 GB/s, time 5.864e-03 s, comm_vol 196.608 MB
SIZE 786432, REAL_BD 36.703 GB/s, BD/PAIR 12.234 GB/s, time 6.428e-03 s, comm_vol 235.93 MB
SIZE 917504, REAL_BD 39.295 GB/s, BD/PAIR 13.098 GB/s, time 7.005e-03 s, comm_vol 275.251 MB
SIZE 1048576, REAL_BD 49.054 GB/s, BD/PAIR 16.351 GB/s, time 6.413e-03 s, comm_vol 314.573 MB
SIZE 1310720, REAL_BD 54.671 GB/s, BD/PAIR 18.224 GB/s, time 7.192e-03 s, comm_vol 393.216 MB
SIZE 1572864, REAL_BD 59.348 GB/s, BD/PAIR 19.783 GB/s, time 7.951e-03 s, comm_vol 471.859 MB
SIZE 1835008, REAL_BD 61.311 GB/s, BD/PAIR 20.437 GB/s, time 8.979e-03 s, comm_vol 550.502 MB
SIZE 2097152, REAL_BD 66.671 GB/s, BD/PAIR 22.224 GB/s, time 9.437e-03 s, comm_vol 629.146 MB
SIZE 2621440, REAL_BD 72.268 GB/s, BD/PAIR 24.089 GB/s, time 1.088e-02 s, comm_vol 786.432 MB
SIZE 3145728, REAL_BD 76.396 GB/s, BD/PAIR 25.465 GB/s, time 1.235e-02 s, comm_vol 943.718 MB
SIZE 3670016, REAL_BD 79.807 GB/s, BD/PAIR 26.602 GB/s, time 1.380e-02 s, comm_vol 1.101 GB
SIZE 4194304, REAL_BD 82.549 GB/s, BD/PAIR 27.516 GB/s, time 1.524e-02 s, comm_vol 1.258 GB
SIZE 5242880, REAL_BD 86.772 GB/s, BD/PAIR 28.924 GB/s, time 1.813e-02 s, comm_vol 1.573 GB
SIZE 6291456, REAL_BD 89.786 GB/s, BD/PAIR 29.929 GB/s, time 2.102e-02 s, comm_vol 1.887 GB
SIZE 7340032, REAL_BD 91.969 GB/s, BD/PAIR 30.656 GB/s, time 2.394e-02 s, comm_vol 2.202 GB
SIZE 8388608, REAL_BD 93.719 GB/s, BD/PAIR 31.24 GB/s, time 2.685e-02 s, comm_vol 2.517 GB
SIZE 10485760, REAL_BD 96.27 GB/s, BD/PAIR 32.09 GB/s, time 3.268e-02 s, comm_vol 3.146 GB
SIZE 12582912, REAL_BD 97.545 GB/s, BD/PAIR 32.515 GB/s, time 3.870e-02 s, comm_vol 3.775 GB
SIZE 14680064, REAL_BD 98.945 GB/s, BD/PAIR 32.982 GB/s, time 4.451e-02 s, comm_vol 4.404 GB
SIZE 16777216, REAL_BD 99.608 GB/s, BD/PAIR 33.203 GB/s, time 5.053e-02 s, comm_vol 5.033 GB
SIZE 20971520, REAL_BD 100.917 GB/s, BD/PAIR 33.639 GB/s, time 6.234e-02 s, comm_vol 6.291 GB
SIZE 25165824, REAL_BD 100.506 GB/s, BD/PAIR 33.502 GB/s, time 7.512e-02 s, comm_vol 7.55 GB
SIZE 29360128, REAL_BD 100.651 GB/s, BD/PAIR 33.55 GB/s, time 8.751e-02 s, comm_vol 8.808 GB
SIZE 33554432, REAL_BD 101.084 GB/s, BD/PAIR 33.695 GB/s, time 9.958e-02 s, comm_vol 10.066 GB
SIZE 41943040, REAL_BD 102.009 GB/s, BD/PAIR 34.003 GB/s, time 1.234e-01 s, comm_vol 12.583 GB
SIZE 50331648, REAL_BD 102.476 GB/s, BD/PAIR 34.159 GB/s, time 1.473e-01 s, comm_vol 15.099 GB
SIZE 58720256, REAL_BD 102.954 GB/s, BD/PAIR 34.318 GB/s, time 1.711e-01 s, comm_vol 17.616 GB
SIZE 67108864, REAL_BD 103.162 GB/s, BD/PAIR 34.387 GB/s, time 1.952e-01 s, comm_vol 20.133 GB
SIZE 83886080, REAL_BD 103.67 GB/s, BD/PAIR 34.557 GB/s, time 2.427e-01 s, comm_vol 25.166 GB
SIZE 100663296, REAL_BD 103.982 GB/s, BD/PAIR 34.661 GB/s, time 2.904e-01 s, comm_vol 30.199 GB
SIZE 117440512, REAL_BD 104.228 GB/s, BD/PAIR 34.743 GB/s, time 3.380e-01 s, comm_vol 35.232 GB
SIZE 134217728, REAL_BD 104.415 GB/s, BD/PAIR 34.805 GB/s, time 3.856e-01 s, comm_vol 40.265 GB
SIZE 167772160, REAL_BD 104.564 GB/s, BD/PAIR 34.855 GB/s, time 4.813e-01 s, comm_vol 50.332 GB
SIZE 201326592, REAL_BD 104.676 GB/s, BD/PAIR 34.892 GB/s, time 5.770e-01 s, comm_vol 60.398 GB
SIZE 234881024, REAL_BD 104.829 GB/s, BD/PAIR 34.943 GB/s, time 6.722e-01 s, comm_vol 70.464 GB
SIZE 268435456, REAL_BD 104.899 GB/s, BD/PAIR 34.966 GB/s, time 7.677e-01 s, comm_vol 80.531 GB
SIZE 335544320, REAL_BD 104.971 GB/s, BD/PAIR 34.99 GB/s, time 9.590e-01 s, comm_vol 100.663 GB
SIZE 402653184, REAL_BD 105.146 GB/s, BD/PAIR 35.049 GB/s, time 1.149e+00 s, comm_vol 120.796 GB
SIZE 469762048, REAL_BD 105.076 GB/s, BD/PAIR 35.025 GB/s, time 1.341e+00 s, comm_vol 140.929 GB
SIZE 536870912, REAL_BD 105.133 GB/s, BD/PAIR 35.044 GB/s, time 1.532e+00 s, comm_vol 161.061 GB
SIZE 671088640, REAL_BD 105.19 GB/s, BD/PAIR 35.063 GB/s, time 1.914e+00 s, comm_vol 201.327 GB
SIZE 805306368, REAL_BD 105.209 GB/s, BD/PAIR 35.07 GB/s, time 2.296e+00 s, comm_vol 241.592 GB
SIZE 939524096, REAL_BD 105.204 GB/s, BD/PAIR 35.068 GB/s, time 2.679e+00 s, comm_vol 281.857 GB
SIZE 1073741824, REAL_BD 105.241 GB/s, BD/PAIR 35.08 GB/s, time 3.061e+00 s, comm_vol 322.123 GB
[[0, 8], [8, 16], [16, 0], [2, 10], [10, 18], [18, 2]]
NCCL version 2.25.1+cuda12.2
NCCL version 2.25.1+cuda12.2
SIZE 8192, REAL_BD 1.283 GB/s, BD/PAIR 213.8 MB/s, time 3.832e-03 s, comm_vol 4.915 MB
SIZE 16384, REAL_BD 2.352 GB/s, BD/PAIR 391.988 MB/s, time 4.180e-03 s, comm_vol 9.83 MB
SIZE 24576, REAL_BD 4.103 GB/s, BD/PAIR 683.821 MB/s, time 3.594e-03 s, comm_vol 14.746 MB
SIZE 32768, REAL_BD 3.325 GB/s, BD/PAIR 554.1 MB/s, time 5.914e-03 s, comm_vol 19.661 MB
SIZE 40960, REAL_BD 7.306 GB/s, BD/PAIR 1.218 GB/s, time 3.364e-03 s, comm_vol 24.576 MB
SIZE 49152, REAL_BD 8.884 GB/s, BD/PAIR 1.481 GB/s, time 3.320e-03 s, comm_vol 29.491 MB
SIZE 57344, REAL_BD 3.945 GB/s, BD/PAIR 657.441 MB/s, time 8.722e-03 s, comm_vol 34.406 MB
SIZE 65536, REAL_BD 11.669 GB/s, BD/PAIR 1.945 GB/s, time 3.370e-03 s, comm_vol 39.322 MB
SIZE 81920, REAL_BD 14.514 GB/s, BD/PAIR 2.419 GB/s, time 3.386e-03 s, comm_vol 49.152 MB
SIZE 98304, REAL_BD 17.205 GB/s, BD/PAIR 2.867 GB/s, time 3.428e-03 s, comm_vol 58.982 MB
SIZE 114688, REAL_BD 19.88 GB/s, BD/PAIR 3.313 GB/s, time 3.461e-03 s, comm_vol 68.813 MB
SIZE 131072, REAL_BD 23.591 GB/s, BD/PAIR 3.932 GB/s, time 3.334e-03 s, comm_vol 78.643 MB
SIZE 163840, REAL_BD 25.686 GB/s, BD/PAIR 4.281 GB/s, time 3.827e-03 s, comm_vol 98.304 MB
SIZE 196608, REAL_BD 8.779 GB/s, BD/PAIR 1.463 GB/s, time 1.344e-02 s, comm_vol 117.965 MB
SIZE 229376, REAL_BD 34.868 GB/s, BD/PAIR 5.811 GB/s, time 3.947e-03 s, comm_vol 137.626 MB
SIZE 262144, REAL_BD 39.101 GB/s, BD/PAIR 6.517 GB/s, time 4.023e-03 s, comm_vol 157.286 MB
SIZE 327680, REAL_BD 42.8 GB/s, BD/PAIR 7.133 GB/s, time 4.594e-03 s, comm_vol 196.608 MB
SIZE 393216, REAL_BD 13.913 GB/s, BD/PAIR 2.319 GB/s, time 1.696e-02 s, comm_vol 235.93 MB
SIZE 458752, REAL_BD 53.158 GB/s, BD/PAIR 8.86 GB/s, time 5.178e-03 s, comm_vol 275.251 MB
SIZE 524288, REAL_BD 22.611 GB/s, BD/PAIR 3.768 GB/s, time 1.391e-02 s, comm_vol 314.573 MB
SIZE 655360, REAL_BD 67.035 GB/s, BD/PAIR 11.173 GB/s, time 5.866e-03 s, comm_vol 393.216 MB
SIZE 786432, REAL_BD 33.182 GB/s, BD/PAIR 5.53 GB/s, time 1.422e-02 s, comm_vol 471.859 MB
SIZE 917504, REAL_BD 78.558 GB/s, BD/PAIR 13.093 GB/s, time 7.008e-03 s, comm_vol 550.502 MB
SIZE 1048576, REAL_BD 52.597 GB/s, BD/PAIR 8.766 GB/s, time 1.196e-02 s, comm_vol 629.146 MB
SIZE 1310720, REAL_BD 109.419 GB/s, BD/PAIR 18.236 GB/s, time 7.187e-03 s, comm_vol 786.432 MB
SIZE 1572864, REAL_BD 118.699 GB/s, BD/PAIR 19.783 GB/s, time 7.951e-03 s, comm_vol 943.718 MB
SIZE 1835008, REAL_BD 95.764 GB/s, BD/PAIR 15.961 GB/s, time 1.150e-02 s, comm_vol 1.101 GB
SIZE 2097152, REAL_BD 89.306 GB/s, BD/PAIR 14.884 GB/s, time 1.409e-02 s, comm_vol 1.258 GB
SIZE 2621440, REAL_BD 135.795 GB/s, BD/PAIR 22.633 GB/s, time 1.158e-02 s, comm_vol 1.573 GB
SIZE 3145728, REAL_BD 152.984 GB/s, BD/PAIR 25.497 GB/s, time 1.234e-02 s, comm_vol 1.887 GB
SIZE 3670016, REAL_BD 159.515 GB/s, BD/PAIR 26.586 GB/s, time 1.380e-02 s, comm_vol 2.202 GB
SIZE 4194304, REAL_BD 136.658 GB/s, BD/PAIR 22.776 GB/s, time 1.842e-02 s, comm_vol 2.517 GB
SIZE 5242880, REAL_BD 173.564 GB/s, BD/PAIR 28.927 GB/s, time 1.812e-02 s, comm_vol 3.146 GB
SIZE 6291456, REAL_BD 153.149 GB/s, BD/PAIR 25.525 GB/s, time 2.465e-02 s, comm_vol 3.775 GB
SIZE 7340032, REAL_BD 183.912 GB/s, BD/PAIR 30.652 GB/s, time 2.395e-02 s, comm_vol 4.404 GB
SIZE 8388608, REAL_BD 187.214 GB/s, BD/PAIR 31.202 GB/s, time 2.688e-02 s, comm_vol 5.033 GB
SIZE 10485760, REAL_BD 192.581 GB/s, BD/PAIR 32.097 GB/s, time 3.267e-02 s, comm_vol 6.291 GB
SIZE 12582912, REAL_BD 195.521 GB/s, BD/PAIR 32.587 GB/s, time 3.861e-02 s, comm_vol 7.55 GB
SIZE 14680064, REAL_BD 198.04 GB/s, BD/PAIR 33.007 GB/s, time 4.448e-02 s, comm_vol 8.808 GB
SIZE 16777216, REAL_BD 199.268 GB/s, BD/PAIR 33.211 GB/s, time 5.052e-02 s, comm_vol 10.066 GB
SIZE 20971520, REAL_BD 201.016 GB/s, BD/PAIR 33.503 GB/s, time 6.260e-02 s, comm_vol 12.583 GB
SIZE 25165824, REAL_BD 201.172 GB/s, BD/PAIR 33.529 GB/s, time 7.506e-02 s, comm_vol 15.099 GB
SIZE 29360128, REAL_BD 201.176 GB/s, BD/PAIR 33.529 GB/s, time 8.757e-02 s, comm_vol 17.616 GB
SIZE 33554432, REAL_BD 202.047 GB/s, BD/PAIR 33.675 GB/s, time 9.964e-02 s, comm_vol 20.133 GB
SIZE 41943040, REAL_BD 203.687 GB/s, BD/PAIR 33.948 GB/s, time 1.236e-01 s, comm_vol 25.166 GB
SIZE 50331648, REAL_BD 204.763 GB/s, BD/PAIR 34.127 GB/s, time 1.475e-01 s, comm_vol 30.199 GB
SIZE 58720256, REAL_BD 205.892 GB/s, BD/PAIR 34.315 GB/s, time 1.711e-01 s, comm_vol 35.232 GB
SIZE 67108864, REAL_BD 205.977 GB/s, BD/PAIR 34.329 GB/s, time 1.955e-01 s, comm_vol 40.265 GB
SIZE 83886080, REAL_BD 207.179 GB/s, BD/PAIR 34.53 GB/s, time 2.429e-01 s, comm_vol 50.332 GB
SIZE 100663296, REAL_BD 207.554 GB/s, BD/PAIR 34.592 GB/s, time 2.910e-01 s, comm_vol 60.398 GB
SIZE 117440512, REAL_BD 208.093 GB/s, BD/PAIR 34.682 GB/s, time 3.386e-01 s, comm_vol 70.464 GB
SIZE 134217728, REAL_BD 208.313 GB/s, BD/PAIR 34.719 GB/s, time 3.866e-01 s, comm_vol 80.531 GB
SIZE 167772160, REAL_BD 208.449 GB/s, BD/PAIR 34.741 GB/s, time 4.829e-01 s, comm_vol 100.663 GB
SIZE 201326592, REAL_BD 208.783 GB/s, BD/PAIR 34.797 GB/s, time 5.786e-01 s, comm_vol 120.796 GB
SIZE 234881024, REAL_BD 208.904 GB/s, BD/PAIR 34.817 GB/s, time 6.746e-01 s, comm_vol 140.929 GB
SIZE 268435456, REAL_BD 209.103 GB/s, BD/PAIR 34.85 GB/s, time 7.702e-01 s, comm_vol 161.061 GB
SIZE 335544320, REAL_BD 209.236 GB/s, BD/PAIR 34.873 GB/s, time 9.622e-01 s, comm_vol 201.327 GB
SIZE 402653184, REAL_BD 209.299 GB/s, BD/PAIR 34.883 GB/s, time 1.154e+00 s, comm_vol 241.592 GB
SIZE 469762048, REAL_BD 209.551 GB/s, BD/PAIR 34.925 GB/s, time 1.345e+00 s, comm_vol 281.857 GB
SIZE 536870912, REAL_BD 209.628 GB/s, BD/PAIR 34.938 GB/s, time 1.537e+00 s, comm_vol 322.123 GB
SIZE 671088640, REAL_BD 209.691 GB/s, BD/PAIR 34.949 GB/s, time 1.920e+00 s, comm_vol 402.653 GB
SIZE 805306368, REAL_BD 209.719 GB/s, BD/PAIR 34.953 GB/s, time 2.304e+00 s, comm_vol 483.184 GB
SIZE 939524096, REAL_BD 209.784 GB/s, BD/PAIR 34.964 GB/s, time 2.687e+00 s, comm_vol 563.714 GB
SIZE 1073741824, REAL_BD 209.78 GB/s, BD/PAIR 34.963 GB/s, time 3.071e+00 s, comm_vol 644.245 GB
[[0, 8], [8, 16], [16, 0], [4, 12], [12, 20], [20, 4]]
NCCL version 2.25.1+cuda12.2
NCCL version 2.25.1+cuda12.2
SIZE 8192, REAL_BD 1.157 GB/s, BD/PAIR 192.848 MB/s, time 4.248e-03 s, comm_vol 4.915 MB
SIZE 16384, REAL_BD 2.824 GB/s, BD/PAIR 470.617 MB/s, time 3.481e-03 s, comm_vol 9.83 MB
SIZE 24576, REAL_BD 1.773 GB/s, BD/PAIR 295.424 MB/s, time 8.319e-03 s, comm_vol 14.746 MB
SIZE 32768, REAL_BD 5.633 GB/s, BD/PAIR 938.855 MB/s, time 3.490e-03 s, comm_vol 19.661 MB
SIZE 40960, REAL_BD 7.13 GB/s, BD/PAIR 1.188 GB/s, time 3.447e-03 s, comm_vol 24.576 MB
SIZE 49152, REAL_BD 8.46 GB/s, BD/PAIR 1.41 GB/s, time 3.486e-03 s, comm_vol 29.491 MB
SIZE 57344, REAL_BD 9.721 GB/s, BD/PAIR 1.62 GB/s, time 3.539e-03 s, comm_vol 34.406 MB
SIZE 65536, REAL_BD 4.391 GB/s, BD/PAIR 731.895 MB/s, time 8.954e-03 s, comm_vol 39.322 MB
SIZE 81920, REAL_BD 13.932 GB/s, BD/PAIR 2.322 GB/s, time 3.528e-03 s, comm_vol 49.152 MB
SIZE 98304, REAL_BD 16.63 GB/s, BD/PAIR 2.772 GB/s, time 3.547e-03 s, comm_vol 58.982 MB
SIZE 114688, REAL_BD 5.66 GB/s, BD/PAIR 943.338 MB/s, time 1.216e-02 s, comm_vol 68.813 MB
SIZE 131072, REAL_BD 23.052 GB/s, BD/PAIR 3.842 GB/s, time 3.412e-03 s, comm_vol 78.643 MB
SIZE 163840, REAL_BD 24.753 GB/s, BD/PAIR 4.126 GB/s, time 3.971e-03 s, comm_vol 98.304 MB
SIZE 196608, REAL_BD 29.142 GB/s, BD/PAIR 4.857 GB/s, time 4.048e-03 s, comm_vol 117.965 MB
SIZE 229376, REAL_BD 9.601 GB/s, BD/PAIR 1.6 GB/s, time 1.433e-02 s, comm_vol 137.626 MB
SIZE 262144, REAL_BD 37.584 GB/s, BD/PAIR 6.264 GB/s, time 4.185e-03 s, comm_vol 157.286 MB
SIZE 327680, REAL_BD 41.456 GB/s, BD/PAIR 6.909 GB/s, time 4.743e-03 s, comm_vol 196.608 MB
SIZE 393216, REAL_BD 48.617 GB/s, BD/PAIR 8.103 GB/s, time 4.853e-03 s, comm_vol 235.93 MB
SIZE 458752, REAL_BD 51.482 GB/s, BD/PAIR 8.58 GB/s, time 5.347e-03 s, comm_vol 275.251 MB
SIZE 524288, REAL_BD 24.167 GB/s, BD/PAIR 4.028 GB/s, time 1.302e-02 s, comm_vol 314.573 MB
SIZE 655360, REAL_BD 29.786 GB/s, BD/PAIR 4.964 GB/s, time 1.320e-02 s, comm_vol 393.216 MB
SIZE 786432, REAL_BD 70.901 GB/s, BD/PAIR 11.817 GB/s, time 6.655e-03 s, comm_vol 471.859 MB
SIZE 917504, REAL_BD 76.093 GB/s, BD/PAIR 12.682 GB/s, time 7.235e-03 s, comm_vol 550.502 MB
SIZE 1048576, REAL_BD 47.15 GB/s, BD/PAIR 7.858 GB/s, time 1.334e-02 s, comm_vol 629.146 MB
SIZE 1310720, REAL_BD 63.208 GB/s, BD/PAIR 10.535 GB/s, time 1.244e-02 s, comm_vol 786.432 MB
SIZE 1572864, REAL_BD 115.505 GB/s, BD/PAIR 19.251 GB/s, time 8.170e-03 s, comm_vol 943.718 MB
SIZE 1835008, REAL_BD 123.66 GB/s, BD/PAIR 20.61 GB/s, time 8.904e-03 s, comm_vol 1.101 GB
SIZE 2097152, REAL_BD 130.21 GB/s, BD/PAIR 21.702 GB/s, time 9.664e-03 s, comm_vol 1.258 GB
SIZE 2621440, REAL_BD 133.568 GB/s, BD/PAIR 22.261 GB/s, time 1.178e-02 s, comm_vol 1.573 GB
SIZE 3145728, REAL_BD 149.396 GB/s, BD/PAIR 24.899 GB/s, time 1.263e-02 s, comm_vol 1.887 GB
SIZE 3670016, REAL_BD 156.226 GB/s, BD/PAIR 26.038 GB/s, time 1.410e-02 s, comm_vol 2.202 GB
SIZE 4194304, REAL_BD 161.493 GB/s, BD/PAIR 26.915 GB/s, time 1.558e-02 s, comm_vol 2.517 GB
SIZE 5242880, REAL_BD 169.964 GB/s, BD/PAIR 28.327 GB/s, time 1.851e-02 s, comm_vol 3.146 GB
SIZE 6291456, REAL_BD 175.939 GB/s, BD/PAIR 29.323 GB/s, time 2.146e-02 s, comm_vol 3.775 GB
SIZE 7340032, REAL_BD 175.151 GB/s, BD/PAIR 29.192 GB/s, time 2.514e-02 s, comm_vol 4.404 GB
SIZE 8388608, REAL_BD 183.429 GB/s, BD/PAIR 30.571 GB/s, time 2.744e-02 s, comm_vol 5.033 GB
SIZE 10485760, REAL_BD 188.488 GB/s, BD/PAIR 31.415 GB/s, time 3.338e-02 s, comm_vol 6.291 GB
SIZE 12582912, REAL_BD 191.796 GB/s, BD/PAIR 31.966 GB/s, time 3.936e-02 s, comm_vol 7.55 GB
SIZE 14680064, REAL_BD 193.76 GB/s, BD/PAIR 32.293 GB/s, time 4.546e-02 s, comm_vol 8.808 GB
SIZE 16777216, REAL_BD 192.328 GB/s, BD/PAIR 32.055 GB/s, time 5.234e-02 s, comm_vol 10.066 GB
SIZE 20971520, REAL_BD 192.995 GB/s, BD/PAIR 32.166 GB/s, time 6.520e-02 s, comm_vol 12.583 GB
SIZE 25165824, REAL_BD 194.222 GB/s, BD/PAIR 32.37 GB/s, time 7.774e-02 s, comm_vol 15.099 GB
SIZE 29360128, REAL_BD 195.306 GB/s, BD/PAIR 32.551 GB/s, time 9.020e-02 s, comm_vol 17.616 GB
SIZE 33554432, REAL_BD 196.332 GB/s, BD/PAIR 32.722 GB/s, time 1.025e-01 s, comm_vol 20.133 GB
SIZE 41943040, REAL_BD 198.378 GB/s, BD/PAIR 33.063 GB/s, time 1.269e-01 s, comm_vol 25.166 GB
SIZE 50331648, REAL_BD 198.854 GB/s, BD/PAIR 33.142 GB/s, time 1.519e-01 s, comm_vol 30.199 GB
SIZE 58720256, REAL_BD 200.241 GB/s, BD/PAIR 33.373 GB/s, time 1.759e-01 s, comm_vol 35.232 GB
SIZE 67108864, REAL_BD 200.606 GB/s, BD/PAIR 33.434 GB/s, time 2.007e-01 s, comm_vol 40.265 GB
SIZE 83886080, REAL_BD 202.163 GB/s, BD/PAIR 33.694 GB/s, time 2.490e-01 s, comm_vol 50.332 GB
SIZE 100663296, REAL_BD 202.205 GB/s, BD/PAIR 33.701 GB/s, time 2.987e-01 s, comm_vol 60.398 GB
SIZE 117440512, REAL_BD 203.227 GB/s, BD/PAIR 33.871 GB/s, time 3.467e-01 s, comm_vol 70.464 GB
SIZE 134217728, REAL_BD 203.5 GB/s, BD/PAIR 33.917 GB/s, time 3.957e-01 s, comm_vol 80.531 GB
SIZE 167772160, REAL_BD 203.667 GB/s, BD/PAIR 33.944 GB/s, time 4.943e-01 s, comm_vol 100.663 GB
SIZE 201326592, REAL_BD 204.192 GB/s, BD/PAIR 34.032 GB/s, time 5.916e-01 s, comm_vol 120.796 GB
SIZE 234881024, REAL_BD 204.581 GB/s, BD/PAIR 34.097 GB/s, time 6.889e-01 s, comm_vol 140.929 GB
SIZE 268435456, REAL_BD 204.576 GB/s, BD/PAIR 34.096 GB/s, time 7.873e-01 s, comm_vol 161.061 GB
SIZE 335544320, REAL_BD 204.704 GB/s, BD/PAIR 34.117 GB/s, time 9.835e-01 s, comm_vol 201.327 GB
SIZE 402653184, REAL_BD 204.647 GB/s, BD/PAIR 34.108 GB/s, time 1.181e+00 s, comm_vol 241.592 GB
SIZE 469762048, REAL_BD 204.847 GB/s, BD/PAIR 34.141 GB/s, time 1.376e+00 s, comm_vol 281.857 GB
SIZE 536870912, REAL_BD 205.049 GB/s, BD/PAIR 34.175 GB/s, time 1.571e+00 s, comm_vol 322.123 GB
SIZE 671088640, REAL_BD 204.846 GB/s, BD/PAIR 34.141 GB/s, time 1.966e+00 s, comm_vol 402.653 GB
SIZE 805306368, REAL_BD 205.053 GB/s, BD/PAIR 34.176 GB/s, time 2.356e+00 s, comm_vol 483.184 GB
SIZE 939524096, REAL_BD 205.199 GB/s, BD/PAIR 34.2 GB/s, time 2.747e+00 s, comm_vol 563.714 GB
SIZE 1073741824, REAL_BD 205.193 GB/s, BD/PAIR 34.199 GB/s, time 3.140e+00 s, comm_vol 644.245 GB
[[0, 8], [8, 16], [16, 0], [2, 10], [10, 18], [18, 2], [4, 12], [12, 20], [20, 4], [6, 14], [14, 22], [22, 6]]
NCCL version 2.25.1+cuda12.2
NCCL version 2.25.1+cuda12.2
SIZE 8192, REAL_BD 2.346 GB/s, BD/PAIR 195.503 MB/s, time 4.190e-03 s, comm_vol 9.83 MB
SIZE 16384, REAL_BD 4.464 GB/s, BD/PAIR 372.0 MB/s, time 4.404e-03 s, comm_vol 19.661 MB
SIZE 24576, REAL_BD 8.022 GB/s, BD/PAIR 668.477 MB/s, time 3.676e-03 s, comm_vol 29.491 MB
SIZE 32768, REAL_BD 6.734 GB/s, BD/PAIR 561.204 MB/s, time 5.839e-03 s, comm_vol 39.322 MB
SIZE 40960, REAL_BD 14.24 GB/s, BD/PAIR 1.187 GB/s, time 3.452e-03 s, comm_vol 49.152 MB
SIZE 49152, REAL_BD 7.933 GB/s, BD/PAIR 661.082 MB/s, time 7.435e-03 s, comm_vol 58.982 MB
SIZE 57344, REAL_BD 8.102 GB/s, BD/PAIR 675.177 MB/s, time 8.493e-03 s, comm_vol 68.813 MB
SIZE 65536, REAL_BD 21.459 GB/s, BD/PAIR 1.788 GB/s, time 3.665e-03 s, comm_vol 78.643 MB
SIZE 81920, REAL_BD 28.229 GB/s, BD/PAIR 2.352 GB/s, time 3.482e-03 s, comm_vol 98.304 MB
SIZE 98304, REAL_BD 32.534 GB/s, BD/PAIR 2.711 GB/s, time 3.626e-03 s, comm_vol 117.965 MB
SIZE 114688, REAL_BD 37.369 GB/s, BD/PAIR 3.114 GB/s, time 3.683e-03 s, comm_vol 137.626 MB
SIZE 131072, REAL_BD 45.576 GB/s, BD/PAIR 3.798 GB/s, time 3.451e-03 s, comm_vol 157.286 MB
SIZE 163840, REAL_BD 14.915 GB/s, BD/PAIR 1.243 GB/s, time 1.318e-02 s, comm_vol 196.608 MB
SIZE 196608, REAL_BD 58.237 GB/s, BD/PAIR 4.853 GB/s, time 4.051e-03 s, comm_vol 235.93 MB
SIZE 229376, REAL_BD 66.989 GB/s, BD/PAIR 5.582 GB/s, time 4.109e-03 s, comm_vol 275.251 MB
SIZE 262144, REAL_BD 28.434 GB/s, BD/PAIR 2.37 GB/s, time 1.106e-02 s, comm_vol 314.573 MB
SIZE 327680, REAL_BD 82.861 GB/s, BD/PAIR 6.905 GB/s, time 4.745e-03 s, comm_vol 393.216 MB
SIZE 393216, REAL_BD 96.916 GB/s, BD/PAIR 8.076 GB/s, time 4.869e-03 s, comm_vol 471.859 MB
SIZE 458752, REAL_BD 103.047 GB/s, BD/PAIR 8.587 GB/s, time 5.342e-03 s, comm_vol 550.502 MB
SIZE 524288, REAL_BD 114.822 GB/s, BD/PAIR 9.568 GB/s, time 5.479e-03 s, comm_vol 629.146 MB
SIZE 655360, REAL_BD 67.226 GB/s, BD/PAIR 5.602 GB/s, time 1.170e-02 s, comm_vol 786.432 MB
SIZE 786432, REAL_BD 141.73 GB/s, BD/PAIR 11.811 GB/s, time 6.659e-03 s, comm_vol 943.718 MB
SIZE 917504, REAL_BD 152.357 GB/s, BD/PAIR 12.696 GB/s, time 7.226e-03 s, comm_vol 1.101 GB
SIZE 1048576, REAL_BD 190.57 GB/s, BD/PAIR 15.881 GB/s, time 6.603e-03 s, comm_vol 1.258 GB
SIZE 1310720, REAL_BD 115.994 GB/s, BD/PAIR 9.666 GB/s, time 1.356e-02 s, comm_vol 1.573 GB
SIZE 1572864, REAL_BD 231.612 GB/s, BD/PAIR 19.301 GB/s, time 8.149e-03 s, comm_vol 1.887 GB
SIZE 1835008, REAL_BD 247.154 GB/s, BD/PAIR 20.596 GB/s, time 8.909e-03 s, comm_vol 2.202 GB
SIZE 2097152, REAL_BD 260.432 GB/s, BD/PAIR 21.703 GB/s, time 9.663e-03 s, comm_vol 2.517 GB
SIZE 2621440, REAL_BD 281.956 GB/s, BD/PAIR 23.496 GB/s, time 1.116e-02 s, comm_vol 3.146 GB
SIZE 3145728, REAL_BD 299.368 GB/s, BD/PAIR 24.947 GB/s, time 1.261e-02 s, comm_vol 3.775 GB
SIZE 3670016, REAL_BD 312.097 GB/s, BD/PAIR 26.008 GB/s, time 1.411e-02 s, comm_vol 4.404 GB
SIZE 4194304, REAL_BD 323.232 GB/s, BD/PAIR 26.936 GB/s, time 1.557e-02 s, comm_vol 5.033 GB
SIZE 5242880, REAL_BD 340.564 GB/s, BD/PAIR 28.38 GB/s, time 1.847e-02 s, comm_vol 6.291 GB
SIZE 6291456, REAL_BD 351.855 GB/s, BD/PAIR 29.321 GB/s, time 2.146e-02 s, comm_vol 7.55 GB
SIZE 7340032, REAL_BD 361.402 GB/s, BD/PAIR 30.117 GB/s, time 2.437e-02 s, comm_vol 8.808 GB
SIZE 8388608, REAL_BD 367.618 GB/s, BD/PAIR 30.635 GB/s, time 2.738e-02 s, comm_vol 10.066 GB
SIZE 10485760, REAL_BD 377.712 GB/s, BD/PAIR 31.476 GB/s, time 3.331e-02 s, comm_vol 12.583 GB
SIZE 12582912, REAL_BD 372.398 GB/s, BD/PAIR 31.033 GB/s, time 4.055e-02 s, comm_vol 15.099 GB
SIZE 14680064, REAL_BD 385.777 GB/s, BD/PAIR 32.148 GB/s, time 4.566e-02 s, comm_vol 17.616 GB
SIZE 16777216, REAL_BD 385.125 GB/s, BD/PAIR 32.094 GB/s, time 5.228e-02 s, comm_vol 20.133 GB
SIZE 20971520, REAL_BD 386.295 GB/s, BD/PAIR 32.191 GB/s, time 6.515e-02 s, comm_vol 25.166 GB
SIZE 25165824, REAL_BD 387.942 GB/s, BD/PAIR 32.328 GB/s, time 7.784e-02 s, comm_vol 30.199 GB
SIZE 29360128, REAL_BD 390.648 GB/s, BD/PAIR 32.554 GB/s, time 9.019e-02 s, comm_vol 35.232 GB
SIZE 33554432, REAL_BD 391.951 GB/s, BD/PAIR 32.663 GB/s, time 1.027e-01 s, comm_vol 40.265 GB
SIZE 41943040, REAL_BD 375.864 GB/s, BD/PAIR 31.322 GB/s, time 1.339e-01 s, comm_vol 50.332 GB
SIZE 50331648, REAL_BD 399.488 GB/s, BD/PAIR 33.291 GB/s, time 1.512e-01 s, comm_vol 60.398 GB
SIZE 58720256, REAL_BD 401.337 GB/s, BD/PAIR 33.445 GB/s, time 1.756e-01 s, comm_vol 70.464 GB
SIZE 67108864, REAL_BD 403.037 GB/s, BD/PAIR 33.586 GB/s, time 1.998e-01 s, comm_vol 80.531 GB
SIZE 83886080, REAL_BD 405.005 GB/s, BD/PAIR 33.75 GB/s, time 2.485e-01 s, comm_vol 100.663 GB
SIZE 100663296, REAL_BD 405.568 GB/s, BD/PAIR 33.797 GB/s, time 2.978e-01 s, comm_vol 120.796 GB
SIZE 117440512, REAL_BD 407.061 GB/s, BD/PAIR 33.922 GB/s, time 3.462e-01 s, comm_vol 140.929 GB
SIZE 134217728, REAL_BD 407.384 GB/s, BD/PAIR 33.949 GB/s, time 3.954e-01 s, comm_vol 161.061 GB
SIZE 167772160, REAL_BD 408.5 GB/s, BD/PAIR 34.042 GB/s, time 4.928e-01 s, comm_vol 201.327 GB
SIZE 201326592, REAL_BD 407.747 GB/s, BD/PAIR 33.979 GB/s, time 5.925e-01 s, comm_vol 241.592 GB
SIZE 234881024, REAL_BD 408.562 GB/s, BD/PAIR 34.047 GB/s, time 6.899e-01 s, comm_vol 281.857 GB
SIZE 268435456, REAL_BD 409.117 GB/s, BD/PAIR 34.093 GB/s, time 7.874e-01 s, comm_vol 322.123 GB
SIZE 335544320, REAL_BD 409.544 GB/s, BD/PAIR 34.129 GB/s, time 9.832e-01 s, comm_vol 402.653 GB
SIZE 402653184, REAL_BD 409.88 GB/s, BD/PAIR 34.157 GB/s, time 1.179e+00 s, comm_vol 483.184 GB
SIZE 469762048, REAL_BD 409.59 GB/s, BD/PAIR 34.132 GB/s, time 1.376e+00 s, comm_vol 563.714 GB
SIZE 536870912, REAL_BD 410.187 GB/s, BD/PAIR 34.182 GB/s, time 1.571e+00 s, comm_vol 644.245 GB
SIZE 671088640, REAL_BD 409.481 GB/s, BD/PAIR 34.123 GB/s, time 1.967e+00 s, comm_vol 805.306 GB
SIZE 805306368, REAL_BD 409.98 GB/s, BD/PAIR 34.165 GB/s, time 2.357e+00 s, comm_vol 966.368 GB
SIZE 939524096, REAL_BD 410.084 GB/s, BD/PAIR 34.174 GB/s, time 2.749e+00 s, comm_vol 1.127 TB
SIZE 1073741824, REAL_BD 410.44 GB/s, BD/PAIR 34.203 GB/s, time 3.139e+00 s, comm_vol 1.288 TB
[[0, 8], [8, 16], [16, 0], [2, 10], [10, 18], [18, 2], [4, 12], [12, 20], [20, 4], [6, 14], [14, 22], [22, 6], [1, 9], [9, 17], [17, 1], [3, 11], [11, 19], [19, 3], [5, 13], [13, 21], [21, 5], [7, 15], [15, 23], [23, 7]]
NCCL version 2.25.1+cuda12.2
NCCL version 2.25.1+cuda12.2
NCCL version 2.25.1+cuda12.2
NCCL version 2.25.1+cuda12.2
NCCL version 2.25.1+cuda12.2
NCCL version 2.25.1+cuda12.2
NCCL version 2.25.1+cuda12.2
NCCL version 2.25.1+cuda12.2
SIZE 8192, REAL_BD 3.181 GB/s, BD/PAIR 132.561 MB/s, time 6.180e-03 s, comm_vol 19.661 MB
SIZE 16384, REAL_BD 10.693 GB/s, BD/PAIR 445.536 MB/s, time 3.677e-03 s, comm_vol 39.322 MB
SIZE 24576, REAL_BD 16.083 GB/s, BD/PAIR 670.129 MB/s, time 3.667e-03 s, comm_vol 58.982 MB
SIZE 32768, REAL_BD 12.814 GB/s, BD/PAIR 533.93 MB/s, time 6.137e-03 s, comm_vol 78.643 MB
SIZE 40960, REAL_BD 13.992 GB/s, BD/PAIR 582.981 MB/s, time 7.026e-03 s, comm_vol 98.304 MB
SIZE 49152, REAL_BD 15.134 GB/s, BD/PAIR 630.57 MB/s, time 7.795e-03 s, comm_vol 117.965 MB
SIZE 57344, REAL_BD 15.861 GB/s, BD/PAIR 660.873 MB/s, time 8.677e-03 s, comm_vol 137.626 MB
SIZE 65536, REAL_BD 16.223 GB/s, BD/PAIR 675.957 MB/s, time 9.695e-03 s, comm_vol 157.286 MB
SIZE 81920, REAL_BD 19.226 GB/s, BD/PAIR 801.076 MB/s, time 1.023e-02 s, comm_vol 196.608 MB
SIZE 98304, REAL_BD 65.249 GB/s, BD/PAIR 2.719 GB/s, time 3.616e-03 s, comm_vol 235.93 MB
SIZE 114688, REAL_BD 74.705 GB/s, BD/PAIR 3.113 GB/s, time 3.685e-03 s, comm_vol 275.251 MB
SIZE 131072, REAL_BD 27.634 GB/s, BD/PAIR 1.151 GB/s, time 1.138e-02 s, comm_vol 314.573 MB
SIZE 163840, REAL_BD 43.273 GB/s, BD/PAIR 1.803 GB/s, time 9.087e-03 s, comm_vol 393.216 MB
SIZE 196608, REAL_BD 116.303 GB/s, BD/PAIR 4.846 GB/s, time 4.057e-03 s, comm_vol 471.859 MB
SIZE 229376, REAL_BD 58.987 GB/s, BD/PAIR 2.458 GB/s, time 9.333e-03 s, comm_vol 550.502 MB
SIZE 262144, REAL_BD 150.138 GB/s, BD/PAIR 6.256 GB/s, time 4.190e-03 s, comm_vol 629.146 MB
SIZE 327680, REAL_BD 165.332 GB/s, BD/PAIR 6.889 GB/s, time 4.757e-03 s, comm_vol 786.432 MB
SIZE 393216, REAL_BD 194.623 GB/s, BD/PAIR 8.109 GB/s, time 4.849e-03 s, comm_vol 943.718 MB
SIZE 458752, REAL_BD 108.701 GB/s, BD/PAIR 4.529 GB/s, time 1.013e-02 s, comm_vol 1.101 GB
SIZE 524288, REAL_BD 114.866 GB/s, BD/PAIR 4.786 GB/s, time 1.095e-02 s, comm_vol 1.258 GB
SIZE 655360, REAL_BD 145.83 GB/s, BD/PAIR 6.076 GB/s, time 1.079e-02 s, comm_vol 1.573 GB
SIZE 786432, REAL_BD 172.943 GB/s, BD/PAIR 7.206 GB/s, time 1.091e-02 s, comm_vol 1.887 GB
SIZE 917504, REAL_BD 292.581 GB/s, BD/PAIR 12.191 GB/s, time 7.526e-03 s, comm_vol 2.202 GB
SIZE 1048576, REAL_BD 373.785 GB/s, BD/PAIR 15.574 GB/s, time 6.733e-03 s, comm_vol 2.517 GB
SIZE 1310720, REAL_BD 366.901 GB/s, BD/PAIR 15.288 GB/s, time 8.574e-03 s, comm_vol 3.146 GB
SIZE 1572864, REAL_BD 338.985 GB/s, BD/PAIR 14.124 GB/s, time 1.114e-02 s, comm_vol 3.775 GB
SIZE 1835008, REAL_BD 494.07 GB/s, BD/PAIR 20.586 GB/s, time 8.914e-03 s, comm_vol 4.404 GB
SIZE 2097152, REAL_BD 358.39 GB/s, BD/PAIR 14.933 GB/s, time 1.404e-02 s, comm_vol 5.033 GB
SIZE 2621440, REAL_BD 564.069 GB/s, BD/PAIR 23.503 GB/s, time 1.115e-02 s, comm_vol 6.291 GB
SIZE 3145728, REAL_BD 598.227 GB/s, BD/PAIR 24.926 GB/s, time 1.262e-02 s, comm_vol 7.55 GB
SIZE 3670016, REAL_BD 627.716 GB/s, BD/PAIR 26.155 GB/s, time 1.403e-02 s, comm_vol 8.808 GB
SIZE 4194304, REAL_BD 647.079 GB/s, BD/PAIR 26.962 GB/s, time 1.556e-02 s, comm_vol 10.066 GB
SIZE 5242880, REAL_BD 680.031 GB/s, BD/PAIR 28.335 GB/s, time 1.850e-02 s, comm_vol 12.583 GB
SIZE 6291456, REAL_BD 701.901 GB/s, BD/PAIR 29.246 GB/s, time 2.151e-02 s, comm_vol 15.099 GB
SIZE 7340032, REAL_BD 721.407 GB/s, BD/PAIR 30.059 GB/s, time 2.442e-02 s, comm_vol 17.616 GB
SIZE 8388608, REAL_BD 705.015 GB/s, BD/PAIR 29.376 GB/s, time 2.856e-02 s, comm_vol 20.133 GB
SIZE 10485760, REAL_BD 747.289 GB/s, BD/PAIR 31.137 GB/s, time 3.368e-02 s, comm_vol 25.166 GB
SIZE 12582912, REAL_BD 766.762 GB/s, BD/PAIR 31.948 GB/s, time 3.939e-02 s, comm_vol 30.199 GB
SIZE 14680064, REAL_BD 774.588 GB/s, BD/PAIR 32.275 GB/s, time 4.549e-02 s, comm_vol 35.232 GB
SIZE 16777216, REAL_BD 771.598 GB/s, BD/PAIR 32.15 GB/s, time 5.218e-02 s, comm_vol 40.265 GB
SIZE 20971520, REAL_BD 773.317 GB/s, BD/PAIR 32.222 GB/s, time 6.509e-02 s, comm_vol 50.332 GB
SIZE 25165824, REAL_BD 776.99 GB/s, BD/PAIR 32.375 GB/s, time 7.773e-02 s, comm_vol 60.398 GB
SIZE 29360128, REAL_BD 781.038 GB/s, BD/PAIR 32.543 GB/s, time 9.022e-02 s, comm_vol 70.464 GB
SIZE 33554432, REAL_BD 787.635 GB/s, BD/PAIR 32.818 GB/s, time 1.022e-01 s, comm_vol 80.531 GB
SIZE 41943040, REAL_BD 787.23 GB/s, BD/PAIR 32.801 GB/s, time 1.279e-01 s, comm_vol 100.663 GB
SIZE 50331648, REAL_BD 799.304 GB/s, BD/PAIR 33.304 GB/s, time 1.511e-01 s, comm_vol 120.796 GB
SIZE 58720256, REAL_BD 778.581 GB/s, BD/PAIR 32.441 GB/s, time 1.810e-01 s, comm_vol 140.929 GB
SIZE 67108864, REAL_BD 804.952 GB/s, BD/PAIR 33.54 GB/s, time 2.001e-01 s, comm_vol 161.061 GB
SIZE 83886080, REAL_BD 809.283 GB/s, BD/PAIR 33.72 GB/s, time 2.488e-01 s, comm_vol 201.327 GB
SIZE 100663296, REAL_BD 810.595 GB/s, BD/PAIR 33.775 GB/s, time 2.980e-01 s, comm_vol 241.592 GB
SIZE 117440512, REAL_BD 811.848 GB/s, BD/PAIR 33.827 GB/s, time 3.472e-01 s, comm_vol 281.857 GB
SIZE 134217728, REAL_BD 813.703 GB/s, BD/PAIR 33.904 GB/s, time 3.959e-01 s, comm_vol 322.123 GB
SIZE 167772160, REAL_BD 815.255 GB/s, BD/PAIR 33.969 GB/s, time 4.939e-01 s, comm_vol 402.653 GB
SIZE 201326592, REAL_BD 815.535 GB/s, BD/PAIR 33.981 GB/s, time 5.925e-01 s, comm_vol 483.184 GB
SIZE 234881024, REAL_BD 818.023 GB/s, BD/PAIR 34.084 GB/s, time 6.891e-01 s, comm_vol 563.714 GB
SIZE 268435456, REAL_BD 817.718 GB/s, BD/PAIR 34.072 GB/s, time 7.879e-01 s, comm_vol 644.245 GB
SIZE 335544320, REAL_BD 819.347 GB/s, BD/PAIR 34.139 GB/s, time 9.829e-01 s, comm_vol 805.306 GB
SIZE 402653184, REAL_BD 819.203 GB/s, BD/PAIR 34.133 GB/s, time 1.180e+00 s, comm_vol 966.368 GB
SIZE 469762048, REAL_BD 819.758 GB/s, BD/PAIR 34.157 GB/s, time 1.375e+00 s, comm_vol 1.127 TB
SIZE 536870912, REAL_BD 819.818 GB/s, BD/PAIR 34.159 GB/s, time 1.572e+00 s, comm_vol 1.288 TB
SIZE 671088640, REAL_BD 820.363 GB/s, BD/PAIR 34.182 GB/s, time 1.963e+00 s, comm_vol 1.611 TB
SIZE 805306368, REAL_BD 820.063 GB/s, BD/PAIR 34.169 GB/s, time 2.357e+00 s, comm_vol 1.933 TB
SIZE 939524096, REAL_BD 820.415 GB/s, BD/PAIR 34.184 GB/s, time 2.748e+00 s, comm_vol 2.255 TB
SIZE 1073741824, REAL_BD 820.124 GB/s, BD/PAIR 34.172 GB/s, time 3.142e+00 s, comm_vol 2.577 TB
+ set +x
