CP_FILE_NAME: small
CUDA_VISIBLE_DEVICES: 
GPU_NUM: 48
PROC_NUM: 48
NNODES: 6
NTASK_PER_NODE: 8
COMM_MODULE: raw-nccl
++ cat /root/mpi_rack_hostfile
++ head -n 1
++ sed -s s/slots=8//g
+ mpirun -np 48 --hostfile /root/mpi_rack_hostfile --allow-run-as-root -oversubscribe -map-by ppr:8:node --bind-to numa -mca pml ob1 -mca btl '^openib' -x OMPI_MCA_btl_tcp_if_include=ens19np0 -mca oob_tcp_if_include 10.102.2.0/24 --output-filename results/ -x NCCL_PXN_DISABLE=0 -x NCCL_IB_GID_INDEX=3 -x NCCL_NET_GDR_LEVEL=4 -x NCCL_IB_RETRY_CNT=7 -x NCCL_IB_TIME_OUT=32 -x NCCL_IB_QPS_PER_CONNECTION=8 -x NCCL_P2P_LEVEL=NVL -x NCCL_DEBUG=VERSION -x PATH -x MASTER_ADDR=10.11.1.2 -x MASTER_PORT=20421 -x GLOO_SOCKET_IFNAME=ens19np0 -x NCCL_SOCKET_IFNAME=ens19np0 -x CUDA_DEVICE_MAX_CONNECTIONS=1 -x TORCH_NCCL_AVOID_RECORD_STREAMS=1 -x PYTORCH_CUDA_ALLOC_CONF=expandable_segments:True -x NCCL_NVLS_ENABLE=0 -x LD_LIBRARY_PATH=/usr/local/cuda/compat/lib.real:/opt/nvshmem/lib:/usr/local/lib/python3.10/dist-packages/torch/lib:/usr/local/lib/python3.10/dist-packages/torch_tensorrt/lib:/usr/local/cuda/compat/lib:/usr/local/nvidia/lib:/usr/local/nvidia/lib64:/usr/local/cuda/lib64:/usr/local/tensorrt/lib:/usr/local/cuda/lib64:/usr/local/tensorrt/lib -x CLUSTER_NAME -x PLATFORM -x TRACE_NAME ./scripts/executor.sh python conflict_bench.py --backend NCCL --config ./scripts/configs/small_48.json --comm-module raw-nccl
NCCL version 2.25.1+cuda12.2
[INFO]: Cluster init done !!!
[[0, 8]]
NCCL version 2.21.5+cuda12.6
SIZE 8192, REAL_BD 519.657 MB/s, BD/PAIR 519.657 MB/s, time 1.576e-03 s, comm_vol 819.2 KB
SIZE 16384, REAL_BD 1.026 GB/s, BD/PAIR 1.026 GB/s, time 1.597e-03 s, comm_vol 1.638 MB
SIZE 24576, REAL_BD 1.429 GB/s, BD/PAIR 1.429 GB/s, time 1.720e-03 s, comm_vol 2.458 MB
SIZE 32768, REAL_BD 1.855 GB/s, BD/PAIR 1.855 GB/s, time 1.766e-03 s, comm_vol 3.277 MB
SIZE 40960, REAL_BD 1.956 GB/s, BD/PAIR 1.956 GB/s, time 2.094e-03 s, comm_vol 4.096 MB
SIZE 49152, REAL_BD 2.349 GB/s, BD/PAIR 2.349 GB/s, time 2.092e-03 s, comm_vol 4.915 MB
SIZE 57344, REAL_BD 2.635 GB/s, BD/PAIR 2.635 GB/s, time 2.177e-03 s, comm_vol 5.734 MB
SIZE 65536, REAL_BD 2.977 GB/s, BD/PAIR 2.977 GB/s, time 2.201e-03 s, comm_vol 6.554 MB
SIZE 81920, REAL_BD 3.665 GB/s, BD/PAIR 3.665 GB/s, time 2.235e-03 s, comm_vol 8.192 MB
SIZE 98304, REAL_BD 4.456 GB/s, BD/PAIR 4.456 GB/s, time 2.206e-03 s, comm_vol 9.83 MB
SIZE 114688, REAL_BD 5.203 GB/s, BD/PAIR 5.203 GB/s, time 2.204e-03 s, comm_vol 11.469 MB
SIZE 131072, REAL_BD 5.934 GB/s, BD/PAIR 5.934 GB/s, time 2.209e-03 s, comm_vol 13.107 MB
SIZE 163840, REAL_BD 6.628 GB/s, BD/PAIR 6.628 GB/s, time 2.472e-03 s, comm_vol 16.384 MB
SIZE 196608, REAL_BD 7.924 GB/s, BD/PAIR 7.924 GB/s, time 2.481e-03 s, comm_vol 19.661 MB
SIZE 229376, REAL_BD 8.964 GB/s, BD/PAIR 8.964 GB/s, time 2.559e-03 s, comm_vol 22.938 MB
SIZE 262144, REAL_BD 10.659 GB/s, BD/PAIR 10.659 GB/s, time 2.459e-03 s, comm_vol 26.214 MB
SIZE 327680, REAL_BD 10.945 GB/s, BD/PAIR 10.945 GB/s, time 2.994e-03 s, comm_vol 32.768 MB
SIZE 393216, REAL_BD 13.242 GB/s, BD/PAIR 13.242 GB/s, time 2.970e-03 s, comm_vol 39.322 MB
SIZE 458752, REAL_BD 13.157 GB/s, BD/PAIR 13.157 GB/s, time 3.487e-03 s, comm_vol 45.875 MB
SIZE 524288, REAL_BD 15.045 GB/s, BD/PAIR 15.045 GB/s, time 3.485e-03 s, comm_vol 52.429 MB
SIZE 655360, REAL_BD 16.365 GB/s, BD/PAIR 16.365 GB/s, time 4.005e-03 s, comm_vol 65.536 MB
SIZE 786432, REAL_BD 17.358 GB/s, BD/PAIR 17.358 GB/s, time 4.531e-03 s, comm_vol 78.643 MB
SIZE 917504, REAL_BD 18.18 GB/s, BD/PAIR 18.18 GB/s, time 5.047e-03 s, comm_vol 91.75 MB
SIZE 1048576, REAL_BD 18.706 GB/s, BD/PAIR 18.706 GB/s, time 5.605e-03 s, comm_vol 104.858 MB
SIZE 1310720, REAL_BD 19.912 GB/s, BD/PAIR 19.912 GB/s, time 6.582e-03 s, comm_vol 131.072 MB
SIZE 1572864, REAL_BD 20.568 GB/s, BD/PAIR 20.568 GB/s, time 7.647e-03 s, comm_vol 157.286 MB
SIZE 1835008, REAL_BD 21.236 GB/s, BD/PAIR 21.236 GB/s, time 8.641e-03 s, comm_vol 183.501 MB
SIZE 2097152, REAL_BD 27.198 GB/s, BD/PAIR 27.198 GB/s, time 7.711e-03 s, comm_vol 209.715 MB
SIZE 2621440, REAL_BD 28.982 GB/s, BD/PAIR 28.982 GB/s, time 9.045e-03 s, comm_vol 262.144 MB
SIZE 3145728, REAL_BD 30.504 GB/s, BD/PAIR 30.504 GB/s, time 1.031e-02 s, comm_vol 314.573 MB
SIZE 3670016, REAL_BD 31.735 GB/s, BD/PAIR 31.735 GB/s, time 1.156e-02 s, comm_vol 367.002 MB
SIZE 4194304, REAL_BD 32.601 GB/s, BD/PAIR 32.601 GB/s, time 1.287e-02 s, comm_vol 419.43 MB
SIZE 5242880, REAL_BD 33.922 GB/s, BD/PAIR 33.922 GB/s, time 1.546e-02 s, comm_vol 524.288 MB
SIZE 6291456, REAL_BD 34.889 GB/s, BD/PAIR 34.889 GB/s, time 1.803e-02 s, comm_vol 629.146 MB
SIZE 7340032, REAL_BD 35.531 GB/s, BD/PAIR 35.531 GB/s, time 2.066e-02 s, comm_vol 734.003 MB
SIZE 8388608, REAL_BD 36.1 GB/s, BD/PAIR 36.1 GB/s, time 2.324e-02 s, comm_vol 838.861 MB
SIZE 10485760, REAL_BD 36.883 GB/s, BD/PAIR 36.883 GB/s, time 2.843e-02 s, comm_vol 1.049 GB
SIZE 12582912, REAL_BD 37.396 GB/s, BD/PAIR 37.396 GB/s, time 3.365e-02 s, comm_vol 1.258 GB
SIZE 14680064, REAL_BD 37.776 GB/s, BD/PAIR 37.776 GB/s, time 3.886e-02 s, comm_vol 1.468 GB
SIZE 16777216, REAL_BD 38.086 GB/s, BD/PAIR 38.086 GB/s, time 4.405e-02 s, comm_vol 1.678 GB
SIZE 20971520, REAL_BD 38.281 GB/s, BD/PAIR 38.281 GB/s, time 5.478e-02 s, comm_vol 2.097 GB
SIZE 25165824, REAL_BD 38.529 GB/s, BD/PAIR 38.529 GB/s, time 6.532e-02 s, comm_vol 2.517 GB
SIZE 29360128, REAL_BD 38.657 GB/s, BD/PAIR 38.657 GB/s, time 7.595e-02 s, comm_vol 2.936 GB
SIZE 33554432, REAL_BD 38.799 GB/s, BD/PAIR 38.799 GB/s, time 8.648e-02 s, comm_vol 3.355 GB
SIZE 41943040, REAL_BD 39.013 GB/s, BD/PAIR 39.013 GB/s, time 1.075e-01 s, comm_vol 4.194 GB
SIZE 50331648, REAL_BD 38.943 GB/s, BD/PAIR 38.943 GB/s, time 1.292e-01 s, comm_vol 5.033 GB
SIZE 58720256, REAL_BD 37.782 GB/s, BD/PAIR 37.782 GB/s, time 1.554e-01 s, comm_vol 5.872 GB
SIZE 67108864, REAL_BD 38.403 GB/s, BD/PAIR 38.403 GB/s, time 1.748e-01 s, comm_vol 6.711 GB
SIZE 83886080, REAL_BD 38.459 GB/s, BD/PAIR 38.459 GB/s, time 2.181e-01 s, comm_vol 8.389 GB
SIZE 100663296, REAL_BD 38.493 GB/s, BD/PAIR 38.493 GB/s, time 2.615e-01 s, comm_vol 10.066 GB
SIZE 117440512, REAL_BD 38.29 GB/s, BD/PAIR 38.29 GB/s, time 3.067e-01 s, comm_vol 11.744 GB
SIZE 134217728, REAL_BD 38.563 GB/s, BD/PAIR 38.563 GB/s, time 3.481e-01 s, comm_vol 13.422 GB
SIZE 167772160, REAL_BD 38.632 GB/s, BD/PAIR 38.632 GB/s, time 4.343e-01 s, comm_vol 16.777 GB
SIZE 201326592, REAL_BD 38.638 GB/s, BD/PAIR 38.638 GB/s, time 5.211e-01 s, comm_vol 20.133 GB
SIZE 234881024, REAL_BD 38.571 GB/s, BD/PAIR 38.571 GB/s, time 6.090e-01 s, comm_vol 23.488 GB
SIZE 268435456, REAL_BD 38.665 GB/s, BD/PAIR 38.665 GB/s, time 6.943e-01 s, comm_vol 26.844 GB
SIZE 335544320, REAL_BD 38.706 GB/s, BD/PAIR 38.706 GB/s, time 8.669e-01 s, comm_vol 33.554 GB
SIZE 402653184, REAL_BD 38.654 GB/s, BD/PAIR 38.654 GB/s, time 1.042e+00 s, comm_vol 40.265 GB
SIZE 469762048, REAL_BD 38.729 GB/s, BD/PAIR 38.729 GB/s, time 1.213e+00 s, comm_vol 46.976 GB
SIZE 536870912, REAL_BD 38.724 GB/s, BD/PAIR 38.724 GB/s, time 1.386e+00 s, comm_vol 53.687 GB
SIZE 671088640, REAL_BD 38.757 GB/s, BD/PAIR 38.757 GB/s, time 1.732e+00 s, comm_vol 67.109 GB
SIZE 805306368, REAL_BD 38.774 GB/s, BD/PAIR 38.774 GB/s, time 2.077e+00 s, comm_vol 80.531 GB
SIZE 939524096, REAL_BD 38.784 GB/s, BD/PAIR 38.784 GB/s, time 2.422e+00 s, comm_vol 93.952 GB
SIZE 1073741824, REAL_BD 38.785 GB/s, BD/PAIR 38.785 GB/s, time 2.768e+00 s, comm_vol 107.374 GB
[[0, 8], [8, 16]]
NCCL version 2.21.5+cuda12.6
SIZE 8192, REAL_BD 1.114 GB/s, BD/PAIR 556.884 MB/s, time 1.471e-03 s, comm_vol 1.638 MB
SIZE 16384, REAL_BD 2.07 GB/s, BD/PAIR 1.035 GB/s, time 1.583e-03 s, comm_vol 3.277 MB
SIZE 24576, REAL_BD 2.828 GB/s, BD/PAIR 1.414 GB/s, time 1.738e-03 s, comm_vol 4.915 MB
SIZE 32768, REAL_BD 3.68 GB/s, BD/PAIR 1.84 GB/s, time 1.781e-03 s, comm_vol 6.554 MB
SIZE 40960, REAL_BD 3.86 GB/s, BD/PAIR 1.93 GB/s, time 2.122e-03 s, comm_vol 8.192 MB
SIZE 49152, REAL_BD 4.61 GB/s, BD/PAIR 2.305 GB/s, time 2.132e-03 s, comm_vol 9.83 MB
SIZE 57344, REAL_BD 5.247 GB/s, BD/PAIR 2.623 GB/s, time 2.186e-03 s, comm_vol 11.469 MB
SIZE 65536, REAL_BD 5.897 GB/s, BD/PAIR 2.948 GB/s, time 2.223e-03 s, comm_vol 13.107 MB
SIZE 81920, REAL_BD 7.293 GB/s, BD/PAIR 3.646 GB/s, time 2.247e-03 s, comm_vol 16.384 MB
SIZE 98304, REAL_BD 7.409 GB/s, BD/PAIR 3.705 GB/s, time 2.654e-03 s, comm_vol 19.661 MB
SIZE 114688, REAL_BD 10.177 GB/s, BD/PAIR 5.089 GB/s, time 2.254e-03 s, comm_vol 22.938 MB
SIZE 131072, REAL_BD 11.736 GB/s, BD/PAIR 5.868 GB/s, time 2.234e-03 s, comm_vol 26.214 MB
SIZE 163840, REAL_BD 13.136 GB/s, BD/PAIR 6.568 GB/s, time 2.495e-03 s, comm_vol 32.768 MB
SIZE 196608, REAL_BD 15.776 GB/s, BD/PAIR 7.888 GB/s, time 2.492e-03 s, comm_vol 39.322 MB
SIZE 229376, REAL_BD 17.48 GB/s, BD/PAIR 8.74 GB/s, time 2.625e-03 s, comm_vol 45.875 MB
SIZE 262144, REAL_BD 20.999 GB/s, BD/PAIR 10.5 GB/s, time 2.497e-03 s, comm_vol 52.429 MB
SIZE 327680, REAL_BD 21.67 GB/s, BD/PAIR 10.835 GB/s, time 3.024e-03 s, comm_vol 65.536 MB
SIZE 393216, REAL_BD 25.983 GB/s, BD/PAIR 12.991 GB/s, time 3.027e-03 s, comm_vol 78.643 MB
SIZE 458752, REAL_BD 25.969 GB/s, BD/PAIR 12.984 GB/s, time 3.533e-03 s, comm_vol 91.75 MB
SIZE 524288, REAL_BD 29.7 GB/s, BD/PAIR 14.85 GB/s, time 3.531e-03 s, comm_vol 104.858 MB
SIZE 655360, REAL_BD 32.386 GB/s, BD/PAIR 16.193 GB/s, time 4.047e-03 s, comm_vol 131.072 MB
SIZE 786432, REAL_BD 34.493 GB/s, BD/PAIR 17.246 GB/s, time 4.560e-03 s, comm_vol 157.286 MB
SIZE 917504, REAL_BD 36.09 GB/s, BD/PAIR 18.045 GB/s, time 5.085e-03 s, comm_vol 183.501 MB
SIZE 1048576, REAL_BD 37.16 GB/s, BD/PAIR 18.58 GB/s, time 5.644e-03 s, comm_vol 209.715 MB
SIZE 1310720, REAL_BD 39.481 GB/s, BD/PAIR 19.741 GB/s, time 6.640e-03 s, comm_vol 262.144 MB
SIZE 1572864, REAL_BD 40.836 GB/s, BD/PAIR 20.418 GB/s, time 7.703e-03 s, comm_vol 314.573 MB
SIZE 1835008, REAL_BD 42.099 GB/s, BD/PAIR 21.05 GB/s, time 8.718e-03 s, comm_vol 367.002 MB
SIZE 2097152, REAL_BD 53.822 GB/s, BD/PAIR 26.911 GB/s, time 7.793e-03 s, comm_vol 419.43 MB
SIZE 2621440, REAL_BD 57.625 GB/s, BD/PAIR 28.812 GB/s, time 9.098e-03 s, comm_vol 524.288 MB
SIZE 3145728, REAL_BD 60.44 GB/s, BD/PAIR 30.22 GB/s, time 1.041e-02 s, comm_vol 629.146 MB
SIZE 3670016, REAL_BD 62.773 GB/s, BD/PAIR 31.386 GB/s, time 1.169e-02 s, comm_vol 734.003 MB
SIZE 4194304, REAL_BD 64.567 GB/s, BD/PAIR 32.283 GB/s, time 1.299e-02 s, comm_vol 838.861 MB
SIZE 5242880, REAL_BD 67.281 GB/s, BD/PAIR 33.641 GB/s, time 1.558e-02 s, comm_vol 1.049 GB
SIZE 6291456, REAL_BD 69.029 GB/s, BD/PAIR 34.514 GB/s, time 1.823e-02 s, comm_vol 1.258 GB
SIZE 7340032, REAL_BD 70.47 GB/s, BD/PAIR 35.235 GB/s, time 2.083e-02 s, comm_vol 1.468 GB
SIZE 8388608, REAL_BD 71.691 GB/s, BD/PAIR 35.846 GB/s, time 2.340e-02 s, comm_vol 1.678 GB
SIZE 10485760, REAL_BD 73.219 GB/s, BD/PAIR 36.61 GB/s, time 2.864e-02 s, comm_vol 2.097 GB
SIZE 12582912, REAL_BD 73.532 GB/s, BD/PAIR 36.766 GB/s, time 3.422e-02 s, comm_vol 2.517 GB
SIZE 14680064, REAL_BD 73.87 GB/s, BD/PAIR 36.935 GB/s, time 3.975e-02 s, comm_vol 2.936 GB
SIZE 16777216, REAL_BD 74.179 GB/s, BD/PAIR 37.089 GB/s, time 4.523e-02 s, comm_vol 3.355 GB
SIZE 20971520, REAL_BD 74.507 GB/s, BD/PAIR 37.253 GB/s, time 5.629e-02 s, comm_vol 4.194 GB
SIZE 25165824, REAL_BD 73.742 GB/s, BD/PAIR 36.871 GB/s, time 6.825e-02 s, comm_vol 5.033 GB
SIZE 29360128, REAL_BD 73.091 GB/s, BD/PAIR 36.546 GB/s, time 8.034e-02 s, comm_vol 5.872 GB
SIZE 33554432, REAL_BD 73.345 GB/s, BD/PAIR 36.672 GB/s, time 9.150e-02 s, comm_vol 6.711 GB
SIZE 41943040, REAL_BD 73.544 GB/s, BD/PAIR 36.772 GB/s, time 1.141e-01 s, comm_vol 8.389 GB
SIZE 50331648, REAL_BD 73.793 GB/s, BD/PAIR 36.896 GB/s, time 1.364e-01 s, comm_vol 10.066 GB
SIZE 58720256, REAL_BD 73.903 GB/s, BD/PAIR 36.952 GB/s, time 1.589e-01 s, comm_vol 11.744 GB
SIZE 67108864, REAL_BD 74.055 GB/s, BD/PAIR 37.028 GB/s, time 1.812e-01 s, comm_vol 13.422 GB
SIZE 83886080, REAL_BD 74.139 GB/s, BD/PAIR 37.07 GB/s, time 2.263e-01 s, comm_vol 16.777 GB
SIZE 100663296, REAL_BD 74.314 GB/s, BD/PAIR 37.157 GB/s, time 2.709e-01 s, comm_vol 20.133 GB
SIZE 117440512, REAL_BD 74.009 GB/s, BD/PAIR 37.004 GB/s, time 3.174e-01 s, comm_vol 23.488 GB
SIZE 134217728, REAL_BD 74.462 GB/s, BD/PAIR 37.231 GB/s, time 3.605e-01 s, comm_vol 26.844 GB
SIZE 167772160, REAL_BD 74.168 GB/s, BD/PAIR 37.084 GB/s, time 4.524e-01 s, comm_vol 33.554 GB
SIZE 201326592, REAL_BD 74.626 GB/s, BD/PAIR 37.313 GB/s, time 5.396e-01 s, comm_vol 40.265 GB
SIZE 234881024, REAL_BD 74.568 GB/s, BD/PAIR 37.284 GB/s, time 6.300e-01 s, comm_vol 46.976 GB
SIZE 268435456, REAL_BD 74.629 GB/s, BD/PAIR 37.314 GB/s, time 7.194e-01 s, comm_vol 53.687 GB
SIZE 335544320, REAL_BD 74.685 GB/s, BD/PAIR 37.342 GB/s, time 8.986e-01 s, comm_vol 67.109 GB
SIZE 402653184, REAL_BD 74.73 GB/s, BD/PAIR 37.365 GB/s, time 1.078e+00 s, comm_vol 80.531 GB
SIZE 469762048, REAL_BD 74.72 GB/s, BD/PAIR 37.36 GB/s, time 1.257e+00 s, comm_vol 93.952 GB
SIZE 536870912, REAL_BD 74.728 GB/s, BD/PAIR 37.364 GB/s, time 1.437e+00 s, comm_vol 107.374 GB
SIZE 671088640, REAL_BD 74.766 GB/s, BD/PAIR 37.383 GB/s, time 1.795e+00 s, comm_vol 134.218 GB
SIZE 805306368, REAL_BD 74.783 GB/s, BD/PAIR 37.392 GB/s, time 2.154e+00 s, comm_vol 161.061 GB
SIZE 939524096, REAL_BD 74.966 GB/s, BD/PAIR 37.483 GB/s, time 2.507e+00 s, comm_vol 187.905 GB
SIZE 1073741824, REAL_BD 74.927 GB/s, BD/PAIR 37.464 GB/s, time 2.866e+00 s, comm_vol 214.748 GB
[[0, 8], [8, 16], [16, 24]]
NCCL version 2.21.5+cuda12.6
SIZE 8192, REAL_BD 1.648 GB/s, BD/PAIR 549.492 MB/s, time 1.491e-03 s, comm_vol 2.458 MB
SIZE 16384, REAL_BD 2.761 GB/s, BD/PAIR 920.432 MB/s, time 1.780e-03 s, comm_vol 4.915 MB
SIZE 24576, REAL_BD 4.16 GB/s, BD/PAIR 1.387 GB/s, time 1.772e-03 s, comm_vol 7.373 MB
SIZE 32768, REAL_BD 5.225 GB/s, BD/PAIR 1.742 GB/s, time 1.881e-03 s, comm_vol 9.83 MB
SIZE 40960, REAL_BD 5.78 GB/s, BD/PAIR 1.927 GB/s, time 2.126e-03 s, comm_vol 12.288 MB
SIZE 49152, REAL_BD 6.885 GB/s, BD/PAIR 2.295 GB/s, time 2.142e-03 s, comm_vol 14.746 MB
SIZE 57344, REAL_BD 7.8 GB/s, BD/PAIR 2.6 GB/s, time 2.206e-03 s, comm_vol 17.203 MB
SIZE 65536, REAL_BD 8.789 GB/s, BD/PAIR 2.93 GB/s, time 2.237e-03 s, comm_vol 19.661 MB
SIZE 81920, REAL_BD 10.829 GB/s, BD/PAIR 3.61 GB/s, time 2.270e-03 s, comm_vol 24.576 MB
SIZE 98304, REAL_BD 12.995 GB/s, BD/PAIR 4.332 GB/s, time 2.270e-03 s, comm_vol 29.491 MB
SIZE 114688, REAL_BD 15.312 GB/s, BD/PAIR 5.104 GB/s, time 2.247e-03 s, comm_vol 34.406 MB
SIZE 131072, REAL_BD 17.241 GB/s, BD/PAIR 5.747 GB/s, time 2.281e-03 s, comm_vol 39.322 MB
SIZE 163840, REAL_BD 19.497 GB/s, BD/PAIR 6.499 GB/s, time 2.521e-03 s, comm_vol 49.152 MB
SIZE 196608, REAL_BD 23.653 GB/s, BD/PAIR 7.884 GB/s, time 2.494e-03 s, comm_vol 58.982 MB
SIZE 229376, REAL_BD 24.905 GB/s, BD/PAIR 8.302 GB/s, time 2.763e-03 s, comm_vol 68.813 MB
SIZE 262144, REAL_BD 30.929 GB/s, BD/PAIR 10.31 GB/s, time 2.543e-03 s, comm_vol 78.643 MB
SIZE 327680, REAL_BD 32.114 GB/s, BD/PAIR 10.705 GB/s, time 3.061e-03 s, comm_vol 98.304 MB
SIZE 393216, REAL_BD 38.37 GB/s, BD/PAIR 12.79 GB/s, time 3.074e-03 s, comm_vol 117.965 MB
SIZE 458752, REAL_BD 38.77 GB/s, BD/PAIR 12.923 GB/s, time 3.550e-03 s, comm_vol 137.626 MB
SIZE 524288, REAL_BD 43.791 GB/s, BD/PAIR 14.597 GB/s, time 3.592e-03 s, comm_vol 157.286 MB
SIZE 655360, REAL_BD 47.683 GB/s, BD/PAIR 15.894 GB/s, time 4.123e-03 s, comm_vol 196.608 MB
SIZE 786432, REAL_BD 50.632 GB/s, BD/PAIR 16.877 GB/s, time 4.660e-03 s, comm_vol 235.93 MB
SIZE 917504, REAL_BD 53.143 GB/s, BD/PAIR 17.714 GB/s, time 5.179e-03 s, comm_vol 275.251 MB
SIZE 1048576, REAL_BD 55.019 GB/s, BD/PAIR 18.34 GB/s, time 5.718e-03 s, comm_vol 314.573 MB
SIZE 1310720, REAL_BD 58.297 GB/s, BD/PAIR 19.432 GB/s, time 6.745e-03 s, comm_vol 393.216 MB
SIZE 1572864, REAL_BD 60.627 GB/s, BD/PAIR 20.209 GB/s, time 7.783e-03 s, comm_vol 471.859 MB
SIZE 1835008, REAL_BD 62.618 GB/s, BD/PAIR 20.873 GB/s, time 8.791e-03 s, comm_vol 550.502 MB
SIZE 2097152, REAL_BD 80.447 GB/s, BD/PAIR 26.816 GB/s, time 7.821e-03 s, comm_vol 629.146 MB
SIZE 2621440, REAL_BD 86.112 GB/s, BD/PAIR 28.704 GB/s, time 9.133e-03 s, comm_vol 786.432 MB
SIZE 3145728, REAL_BD 90.196 GB/s, BD/PAIR 30.065 GB/s, time 1.046e-02 s, comm_vol 943.718 MB
SIZE 3670016, REAL_BD 94.109 GB/s, BD/PAIR 31.37 GB/s, time 1.170e-02 s, comm_vol 1.101 GB
SIZE 4194304, REAL_BD 96.678 GB/s, BD/PAIR 32.226 GB/s, time 1.302e-02 s, comm_vol 1.258 GB
SIZE 5242880, REAL_BD 100.885 GB/s, BD/PAIR 33.628 GB/s, time 1.559e-02 s, comm_vol 1.573 GB
SIZE 6291456, REAL_BD 103.243 GB/s, BD/PAIR 34.414 GB/s, time 1.828e-02 s, comm_vol 1.887 GB
SIZE 7340032, REAL_BD 104.928 GB/s, BD/PAIR 34.976 GB/s, time 2.099e-02 s, comm_vol 2.202 GB
SIZE 8388608, REAL_BD 106.432 GB/s, BD/PAIR 35.477 GB/s, time 2.364e-02 s, comm_vol 2.517 GB
SIZE 10485760, REAL_BD 108.406 GB/s, BD/PAIR 36.135 GB/s, time 2.902e-02 s, comm_vol 3.146 GB
SIZE 12582912, REAL_BD 109.412 GB/s, BD/PAIR 36.471 GB/s, time 3.450e-02 s, comm_vol 3.775 GB
SIZE 14680064, REAL_BD 109.656 GB/s, BD/PAIR 36.552 GB/s, time 4.016e-02 s, comm_vol 4.404 GB
SIZE 16777216, REAL_BD 110.114 GB/s, BD/PAIR 36.705 GB/s, time 4.571e-02 s, comm_vol 5.033 GB
SIZE 20971520, REAL_BD 110.475 GB/s, BD/PAIR 36.825 GB/s, time 5.695e-02 s, comm_vol 6.291 GB
SIZE 25165824, REAL_BD 108.936 GB/s, BD/PAIR 36.312 GB/s, time 6.930e-02 s, comm_vol 7.55 GB
SIZE 29360128, REAL_BD 108.053 GB/s, BD/PAIR 36.018 GB/s, time 8.152e-02 s, comm_vol 8.808 GB
SIZE 33554432, REAL_BD 100.482 GB/s, BD/PAIR 33.494 GB/s, time 1.002e-01 s, comm_vol 10.066 GB
SIZE 41943040, REAL_BD 108.63 GB/s, BD/PAIR 36.21 GB/s, time 1.158e-01 s, comm_vol 12.583 GB
SIZE 50331648, REAL_BD 109.131 GB/s, BD/PAIR 36.377 GB/s, time 1.384e-01 s, comm_vol 15.099 GB
SIZE 58720256, REAL_BD 109.354 GB/s, BD/PAIR 36.451 GB/s, time 1.611e-01 s, comm_vol 17.616 GB
SIZE 67108864, REAL_BD 109.567 GB/s, BD/PAIR 36.522 GB/s, time 1.837e-01 s, comm_vol 20.133 GB
SIZE 83886080, REAL_BD 109.742 GB/s, BD/PAIR 36.581 GB/s, time 2.293e-01 s, comm_vol 25.166 GB
SIZE 100663296, REAL_BD 109.87 GB/s, BD/PAIR 36.623 GB/s, time 2.749e-01 s, comm_vol 30.199 GB
SIZE 117440512, REAL_BD 109.471 GB/s, BD/PAIR 36.49 GB/s, time 3.218e-01 s, comm_vol 35.232 GB
SIZE 134217728, REAL_BD 110.099 GB/s, BD/PAIR 36.7 GB/s, time 3.657e-01 s, comm_vol 40.265 GB
SIZE 167772160, REAL_BD 109.671 GB/s, BD/PAIR 36.557 GB/s, time 4.589e-01 s, comm_vol 50.332 GB
SIZE 201326592, REAL_BD 110.235 GB/s, BD/PAIR 36.745 GB/s, time 5.479e-01 s, comm_vol 60.398 GB
SIZE 234881024, REAL_BD 110.089 GB/s, BD/PAIR 36.696 GB/s, time 6.401e-01 s, comm_vol 70.464 GB
SIZE 268435456, REAL_BD 109.44 GB/s, BD/PAIR 36.48 GB/s, time 7.358e-01 s, comm_vol 80.531 GB
SIZE 335544320, REAL_BD 110.433 GB/s, BD/PAIR 36.811 GB/s, time 9.115e-01 s, comm_vol 100.663 GB
SIZE 402653184, REAL_BD 110.49 GB/s, BD/PAIR 36.83 GB/s, time 1.093e+00 s, comm_vol 120.796 GB
SIZE 469762048, REAL_BD 110.393 GB/s, BD/PAIR 36.798 GB/s, time 1.277e+00 s, comm_vol 140.929 GB
SIZE 536870912, REAL_BD 110.51 GB/s, BD/PAIR 36.837 GB/s, time 1.457e+00 s, comm_vol 161.061 GB
SIZE 671088640, REAL_BD 110.287 GB/s, BD/PAIR 36.762 GB/s, time 1.825e+00 s, comm_vol 201.327 GB
SIZE 805306368, REAL_BD 110.322 GB/s, BD/PAIR 36.774 GB/s, time 2.190e+00 s, comm_vol 241.592 GB
SIZE 939524096, REAL_BD 110.351 GB/s, BD/PAIR 36.784 GB/s, time 2.554e+00 s, comm_vol 281.857 GB
SIZE 1073741824, REAL_BD 110.638 GB/s, BD/PAIR 36.879 GB/s, time 2.912e+00 s, comm_vol 322.123 GB
[[0, 8], [8, 16], [16, 24], [24, 32]]
NCCL version 2.21.5+cuda12.6
SIZE 8192, REAL_BD 1.766 GB/s, BD/PAIR 441.415 MB/s, time 1.856e-03 s, comm_vol 3.277 MB
SIZE 16384, REAL_BD 3.342 GB/s, BD/PAIR 835.597 MB/s, time 1.961e-03 s, comm_vol 6.554 MB
SIZE 24576, REAL_BD 4.683 GB/s, BD/PAIR 1.171 GB/s, time 2.099e-03 s, comm_vol 9.83 MB
SIZE 32768, REAL_BD 6.073 GB/s, BD/PAIR 1.518 GB/s, time 2.158e-03 s, comm_vol 13.107 MB
SIZE 40960, REAL_BD 6.496 GB/s, BD/PAIR 1.624 GB/s, time 2.522e-03 s, comm_vol 16.384 MB
SIZE 49152, REAL_BD 7.765 GB/s, BD/PAIR 1.941 GB/s, time 2.532e-03 s, comm_vol 19.661 MB
SIZE 57344, REAL_BD 8.717 GB/s, BD/PAIR 2.179 GB/s, time 2.631e-03 s, comm_vol 22.938 MB
SIZE 65536, REAL_BD 9.933 GB/s, BD/PAIR 2.483 GB/s, time 2.639e-03 s, comm_vol 26.214 MB
SIZE 81920, REAL_BD 12.268 GB/s, BD/PAIR 3.067 GB/s, time 2.671e-03 s, comm_vol 32.768 MB
SIZE 98304, REAL_BD 14.829 GB/s, BD/PAIR 3.707 GB/s, time 2.652e-03 s, comm_vol 39.322 MB
SIZE 114688, REAL_BD 17.231 GB/s, BD/PAIR 4.308 GB/s, time 2.662e-03 s, comm_vol 45.875 MB
SIZE 131072, REAL_BD 19.399 GB/s, BD/PAIR 4.85 GB/s, time 2.703e-03 s, comm_vol 52.429 MB
SIZE 163840, REAL_BD 22.441 GB/s, BD/PAIR 5.61 GB/s, time 2.920e-03 s, comm_vol 65.536 MB
SIZE 196608, REAL_BD 27.077 GB/s, BD/PAIR 6.769 GB/s, time 2.904e-03 s, comm_vol 78.643 MB
SIZE 229376, REAL_BD 29.338 GB/s, BD/PAIR 7.335 GB/s, time 3.127e-03 s, comm_vol 91.75 MB
SIZE 262144, REAL_BD 35.488 GB/s, BD/PAIR 8.872 GB/s, time 2.955e-03 s, comm_vol 104.858 MB
SIZE 327680, REAL_BD 37.603 GB/s, BD/PAIR 9.401 GB/s, time 3.486e-03 s, comm_vol 131.072 MB
SIZE 393216, REAL_BD 45.028 GB/s, BD/PAIR 11.257 GB/s, time 3.493e-03 s, comm_vol 157.286 MB
SIZE 458752, REAL_BD 45.827 GB/s, BD/PAIR 11.457 GB/s, time 4.004e-03 s, comm_vol 183.501 MB
SIZE 524288, REAL_BD 52.555 GB/s, BD/PAIR 13.139 GB/s, time 3.990e-03 s, comm_vol 209.715 MB
SIZE 655360, REAL_BD 57.845 GB/s, BD/PAIR 14.461 GB/s, time 4.532e-03 s, comm_vol 262.144 MB
SIZE 786432, REAL_BD 62.184 GB/s, BD/PAIR 15.546 GB/s, time 5.059e-03 s, comm_vol 314.573 MB
SIZE 917504, REAL_BD 65.777 GB/s, BD/PAIR 16.444 GB/s, time 5.579e-03 s, comm_vol 367.002 MB
SIZE 1048576, REAL_BD 68.663 GB/s, BD/PAIR 17.166 GB/s, time 6.109e-03 s, comm_vol 419.43 MB
SIZE 1310720, REAL_BD 73.372 GB/s, BD/PAIR 18.343 GB/s, time 7.146e-03 s, comm_vol 524.288 MB
SIZE 1572864, REAL_BD 76.599 GB/s, BD/PAIR 19.15 GB/s, time 8.214e-03 s, comm_vol 629.146 MB
SIZE 1835008, REAL_BD 79.154 GB/s, BD/PAIR 19.789 GB/s, time 9.273e-03 s, comm_vol 734.003 MB
SIZE 2097152, REAL_BD 102.935 GB/s, BD/PAIR 25.734 GB/s, time 8.149e-03 s, comm_vol 838.861 MB
SIZE 2621440, REAL_BD 112.281 GB/s, BD/PAIR 28.07 GB/s, time 9.339e-03 s, comm_vol 1.049 GB
SIZE 3145728, REAL_BD 116.438 GB/s, BD/PAIR 29.109 GB/s, time 1.081e-02 s, comm_vol 1.258 GB
SIZE 3670016, REAL_BD 121.808 GB/s, BD/PAIR 30.452 GB/s, time 1.205e-02 s, comm_vol 1.468 GB
SIZE 4194304, REAL_BD 124.63 GB/s, BD/PAIR 31.158 GB/s, time 1.346e-02 s, comm_vol 1.678 GB
SIZE 5242880, REAL_BD 130.249 GB/s, BD/PAIR 32.562 GB/s, time 1.610e-02 s, comm_vol 2.097 GB
SIZE 6291456, REAL_BD 134.112 GB/s, BD/PAIR 33.528 GB/s, time 1.876e-02 s, comm_vol 2.517 GB
SIZE 7340032, REAL_BD 136.932 GB/s, BD/PAIR 34.233 GB/s, time 2.144e-02 s, comm_vol 2.936 GB
SIZE 8388608, REAL_BD 138.808 GB/s, BD/PAIR 34.702 GB/s, time 2.417e-02 s, comm_vol 3.355 GB
SIZE 10485760, REAL_BD 141.959 GB/s, BD/PAIR 35.49 GB/s, time 2.955e-02 s, comm_vol 4.194 GB
SIZE 12582912, REAL_BD 144.056 GB/s, BD/PAIR 36.014 GB/s, time 3.494e-02 s, comm_vol 5.033 GB
SIZE 14680064, REAL_BD 145.028 GB/s, BD/PAIR 36.257 GB/s, time 4.049e-02 s, comm_vol 5.872 GB
SIZE 16777216, REAL_BD 145.697 GB/s, BD/PAIR 36.424 GB/s, time 4.606e-02 s, comm_vol 6.711 GB
SIZE 20971520, REAL_BD 146.616 GB/s, BD/PAIR 36.654 GB/s, time 5.721e-02 s, comm_vol 8.389 GB
SIZE 25165824, REAL_BD 145.234 GB/s, BD/PAIR 36.309 GB/s, time 6.931e-02 s, comm_vol 10.066 GB
SIZE 29360128, REAL_BD 143.907 GB/s, BD/PAIR 35.977 GB/s, time 8.161e-02 s, comm_vol 11.744 GB
SIZE 33554432, REAL_BD 144.402 GB/s, BD/PAIR 36.1 GB/s, time 9.295e-02 s, comm_vol 13.422 GB
SIZE 41943040, REAL_BD 144.919 GB/s, BD/PAIR 36.23 GB/s, time 1.158e-01 s, comm_vol 16.777 GB
SIZE 50331648, REAL_BD 145.378 GB/s, BD/PAIR 36.344 GB/s, time 1.385e-01 s, comm_vol 20.133 GB
SIZE 58720256, REAL_BD 145.597 GB/s, BD/PAIR 36.399 GB/s, time 1.613e-01 s, comm_vol 23.488 GB
SIZE 67108864, REAL_BD 146.008 GB/s, BD/PAIR 36.502 GB/s, time 1.839e-01 s, comm_vol 26.844 GB
SIZE 83886080, REAL_BD 146.22 GB/s, BD/PAIR 36.555 GB/s, time 2.295e-01 s, comm_vol 33.554 GB
SIZE 100663296, REAL_BD 146.454 GB/s, BD/PAIR 36.613 GB/s, time 2.749e-01 s, comm_vol 40.265 GB
SIZE 117440512, REAL_BD 146.349 GB/s, BD/PAIR 36.587 GB/s, time 3.210e-01 s, comm_vol 46.976 GB
SIZE 134217728, REAL_BD 146.772 GB/s, BD/PAIR 36.693 GB/s, time 3.658e-01 s, comm_vol 53.687 GB
SIZE 167772160, REAL_BD 146.317 GB/s, BD/PAIR 36.579 GB/s, time 4.587e-01 s, comm_vol 67.109 GB
SIZE 201326592, REAL_BD 146.996 GB/s, BD/PAIR 36.749 GB/s, time 5.478e-01 s, comm_vol 80.531 GB
SIZE 234881024, REAL_BD 146.99 GB/s, BD/PAIR 36.748 GB/s, time 6.392e-01 s, comm_vol 93.952 GB
SIZE 268435456, REAL_BD 146.991 GB/s, BD/PAIR 36.748 GB/s, time 7.305e-01 s, comm_vol 107.374 GB
SIZE 335544320, REAL_BD 147.149 GB/s, BD/PAIR 36.787 GB/s, time 9.121e-01 s, comm_vol 134.218 GB
SIZE 402653184, REAL_BD 147.139 GB/s, BD/PAIR 36.785 GB/s, time 1.095e+00 s, comm_vol 161.061 GB
SIZE 469762048, REAL_BD 147.172 GB/s, BD/PAIR 36.793 GB/s, time 1.277e+00 s, comm_vol 187.905 GB
SIZE 536870912, REAL_BD 147.304 GB/s, BD/PAIR 36.826 GB/s, time 1.458e+00 s, comm_vol 214.748 GB
SIZE 671088640, REAL_BD 147.283 GB/s, BD/PAIR 36.821 GB/s, time 1.823e+00 s, comm_vol 268.435 GB
SIZE 805306368, REAL_BD 147.389 GB/s, BD/PAIR 36.847 GB/s, time 2.186e+00 s, comm_vol 322.123 GB
SIZE 939524096, REAL_BD 147.376 GB/s, BD/PAIR 36.844 GB/s, time 2.550e+00 s, comm_vol 375.81 GB
SIZE 1073741824, REAL_BD 147.415 GB/s, BD/PAIR 36.854 GB/s, time 2.914e+00 s, comm_vol 429.497 GB
[[0, 8], [8, 16], [16, 24], [24, 32], [32, 40]]
NCCL version 2.21.5+cuda12.6
SIZE 8192, REAL_BD 1.962 GB/s, BD/PAIR 392.369 MB/s, time 2.088e-03 s, comm_vol 4.096 MB
SIZE 16384, REAL_BD 4.159 GB/s, BD/PAIR 831.754 MB/s, time 1.970e-03 s, comm_vol 8.192 MB
SIZE 24576, REAL_BD 5.781 GB/s, BD/PAIR 1.156 GB/s, time 2.126e-03 s, comm_vol 12.288 MB
SIZE 32768, REAL_BD 7.582 GB/s, BD/PAIR 1.516 GB/s, time 2.161e-03 s, comm_vol 16.384 MB
SIZE 40960, REAL_BD 8.04 GB/s, BD/PAIR 1.608 GB/s, time 2.547e-03 s, comm_vol 20.48 MB
SIZE 49152, REAL_BD 9.608 GB/s, BD/PAIR 1.922 GB/s, time 2.558e-03 s, comm_vol 24.576 MB
SIZE 57344, REAL_BD 10.926 GB/s, BD/PAIR 2.185 GB/s, time 2.624e-03 s, comm_vol 28.672 MB
SIZE 65536, REAL_BD 12.344 GB/s, BD/PAIR 2.469 GB/s, time 2.655e-03 s, comm_vol 32.768 MB
SIZE 81920, REAL_BD 15.289 GB/s, BD/PAIR 3.058 GB/s, time 2.679e-03 s, comm_vol 40.96 MB
SIZE 98304, REAL_BD 18.335 GB/s, BD/PAIR 3.667 GB/s, time 2.681e-03 s, comm_vol 49.152 MB
SIZE 114688, REAL_BD 21.243 GB/s, BD/PAIR 4.249 GB/s, time 2.699e-03 s, comm_vol 57.344 MB
SIZE 131072, REAL_BD 24.074 GB/s, BD/PAIR 4.815 GB/s, time 2.722e-03 s, comm_vol 65.536 MB
SIZE 163840, REAL_BD 27.894 GB/s, BD/PAIR 5.579 GB/s, time 2.937e-03 s, comm_vol 81.92 MB
SIZE 196608, REAL_BD 33.155 GB/s, BD/PAIR 6.631 GB/s, time 2.965e-03 s, comm_vol 98.304 MB
SIZE 229376, REAL_BD 36.459 GB/s, BD/PAIR 7.292 GB/s, time 3.146e-03 s, comm_vol 114.688 MB
SIZE 262144, REAL_BD 43.988 GB/s, BD/PAIR 8.798 GB/s, time 2.980e-03 s, comm_vol 131.072 MB
SIZE 327680, REAL_BD 46.815 GB/s, BD/PAIR 9.363 GB/s, time 3.500e-03 s, comm_vol 163.84 MB
SIZE 393216, REAL_BD 55.561 GB/s, BD/PAIR 11.112 GB/s, time 3.539e-03 s, comm_vol 196.608 MB
SIZE 458752, REAL_BD 56.934 GB/s, BD/PAIR 11.387 GB/s, time 4.029e-03 s, comm_vol 229.376 MB
SIZE 524288, REAL_BD 65.068 GB/s, BD/PAIR 13.014 GB/s, time 4.029e-03 s, comm_vol 262.144 MB
SIZE 655360, REAL_BD 71.788 GB/s, BD/PAIR 14.358 GB/s, time 4.565e-03 s, comm_vol 327.68 MB
SIZE 786432, REAL_BD 77.173 GB/s, BD/PAIR 15.435 GB/s, time 5.095e-03 s, comm_vol 393.216 MB
SIZE 917504, REAL_BD 81.642 GB/s, BD/PAIR 16.328 GB/s, time 5.619e-03 s, comm_vol 458.752 MB
SIZE 1048576, REAL_BD 86.017 GB/s, BD/PAIR 17.203 GB/s, time 6.095e-03 s, comm_vol 524.288 MB
SIZE 1310720, REAL_BD 90.989 GB/s, BD/PAIR 18.198 GB/s, time 7.203e-03 s, comm_vol 655.36 MB
SIZE 1572864, REAL_BD 95.149 GB/s, BD/PAIR 19.03 GB/s, time 8.265e-03 s, comm_vol 786.432 MB
SIZE 1835008, REAL_BD 98.47 GB/s, BD/PAIR 19.694 GB/s, time 9.318e-03 s, comm_vol 917.504 MB
SIZE 2097152, REAL_BD 127.746 GB/s, BD/PAIR 25.549 GB/s, time 8.208e-03 s, comm_vol 1.049 GB
SIZE 2621440, REAL_BD 138.94 GB/s, BD/PAIR 27.788 GB/s, time 9.434e-03 s, comm_vol 1.311 GB
SIZE 3145728, REAL_BD 145.083 GB/s, BD/PAIR 29.017 GB/s, time 1.084e-02 s, comm_vol 1.573 GB
SIZE 3670016, REAL_BD 151.412 GB/s, BD/PAIR 30.282 GB/s, time 1.212e-02 s, comm_vol 1.835 GB
SIZE 4194304, REAL_BD 151.806 GB/s, BD/PAIR 30.361 GB/s, time 1.381e-02 s, comm_vol 2.097 GB
SIZE 5242880, REAL_BD 161.434 GB/s, BD/PAIR 32.287 GB/s, time 1.624e-02 s, comm_vol 2.621 GB
SIZE 6291456, REAL_BD 165.614 GB/s, BD/PAIR 33.123 GB/s, time 1.899e-02 s, comm_vol 3.146 GB
SIZE 7340032, REAL_BD 169.769 GB/s, BD/PAIR 33.954 GB/s, time 2.162e-02 s, comm_vol 3.67 GB
SIZE 8388608, REAL_BD 172.14 GB/s, BD/PAIR 34.428 GB/s, time 2.437e-02 s, comm_vol 4.194 GB
SIZE 10485760, REAL_BD 176.383 GB/s, BD/PAIR 35.277 GB/s, time 2.972e-02 s, comm_vol 5.243 GB
SIZE 12582912, REAL_BD 178.822 GB/s, BD/PAIR 35.764 GB/s, time 3.518e-02 s, comm_vol 6.291 GB
SIZE 14680064, REAL_BD 180.09 GB/s, BD/PAIR 36.018 GB/s, time 4.076e-02 s, comm_vol 7.34 GB
SIZE 16777216, REAL_BD 181.537 GB/s, BD/PAIR 36.307 GB/s, time 4.621e-02 s, comm_vol 8.389 GB
SIZE 20971520, REAL_BD 182.974 GB/s, BD/PAIR 36.595 GB/s, time 5.731e-02 s, comm_vol 10.486 GB
SIZE 25165824, REAL_BD 181.031 GB/s, BD/PAIR 36.206 GB/s, time 6.951e-02 s, comm_vol 12.583 GB
SIZE 29360128, REAL_BD 179.589 GB/s, BD/PAIR 35.918 GB/s, time 8.174e-02 s, comm_vol 14.68 GB
SIZE 33554432, REAL_BD 179.689 GB/s, BD/PAIR 35.938 GB/s, time 9.337e-02 s, comm_vol 16.777 GB
SIZE 41943040, REAL_BD 180.997 GB/s, BD/PAIR 36.199 GB/s, time 1.159e-01 s, comm_vol 20.972 GB
SIZE 50331648, REAL_BD 181.621 GB/s, BD/PAIR 36.324 GB/s, time 1.386e-01 s, comm_vol 25.166 GB
SIZE 58720256, REAL_BD 181.737 GB/s, BD/PAIR 36.347 GB/s, time 1.616e-01 s, comm_vol 29.36 GB
SIZE 67108864, REAL_BD 182.367 GB/s, BD/PAIR 36.473 GB/s, time 1.840e-01 s, comm_vol 33.554 GB
SIZE 83886080, REAL_BD 182.704 GB/s, BD/PAIR 36.541 GB/s, time 2.296e-01 s, comm_vol 41.943 GB
SIZE 100663296, REAL_BD 182.927 GB/s, BD/PAIR 36.585 GB/s, time 2.751e-01 s, comm_vol 50.332 GB
SIZE 117440512, REAL_BD 182.176 GB/s, BD/PAIR 36.435 GB/s, time 3.223e-01 s, comm_vol 58.72 GB
SIZE 134217728, REAL_BD 183.294 GB/s, BD/PAIR 36.659 GB/s, time 3.661e-01 s, comm_vol 67.109 GB
SIZE 167772160, REAL_BD 182.636 GB/s, BD/PAIR 36.527 GB/s, time 4.593e-01 s, comm_vol 83.886 GB
SIZE 201326592, REAL_BD 183.615 GB/s, BD/PAIR 36.723 GB/s, time 5.482e-01 s, comm_vol 100.663 GB
SIZE 234881024, REAL_BD 183.529 GB/s, BD/PAIR 36.706 GB/s, time 6.399e-01 s, comm_vol 117.441 GB
SIZE 268435456, REAL_BD 183.563 GB/s, BD/PAIR 36.713 GB/s, time 7.312e-01 s, comm_vol 134.218 GB
SIZE 335544320, REAL_BD 183.775 GB/s, BD/PAIR 36.755 GB/s, time 9.129e-01 s, comm_vol 167.772 GB
SIZE 402653184, REAL_BD 184.03 GB/s, BD/PAIR 36.806 GB/s, time 1.094e+00 s, comm_vol 201.327 GB
SIZE 469762048, REAL_BD 183.974 GB/s, BD/PAIR 36.795 GB/s, time 1.277e+00 s, comm_vol 234.881 GB
SIZE 536870912, REAL_BD 184.052 GB/s, BD/PAIR 36.81 GB/s, time 1.458e+00 s, comm_vol 268.435 GB
SIZE 671088640, REAL_BD 184.066 GB/s, BD/PAIR 36.813 GB/s, time 1.823e+00 s, comm_vol 335.544 GB
SIZE 805306368, REAL_BD 184.123 GB/s, BD/PAIR 36.825 GB/s, time 2.187e+00 s, comm_vol 402.653 GB
SIZE 939524096, REAL_BD 184.233 GB/s, BD/PAIR 36.847 GB/s, time 2.550e+00 s, comm_vol 469.762 GB
SIZE 1073741824, REAL_BD 184.23 GB/s, BD/PAIR 36.846 GB/s, time 2.914e+00 s, comm_vol 536.871 GB
[[0, 8], [8, 16], [16, 24], [24, 32], [32, 40], [40, 0]]
SIZE 8192, REAL_BD 2.084 GB/s, BD/PAIR 347.349 MB/s, time 2.358e-03 s, comm_vol 4.915 MB
SIZE 16384, REAL_BD 4.155 GB/s, BD/PAIR 692.457 MB/s, time 2.366e-03 s, comm_vol 9.83 MB
SIZE 24576, REAL_BD 5.87 GB/s, BD/PAIR 978.26 MB/s, time 2.512e-03 s, comm_vol 14.746 MB
SIZE 32768, REAL_BD 7.616 GB/s, BD/PAIR 1.269 GB/s, time 2.582e-03 s, comm_vol 19.661 MB
SIZE 40960, REAL_BD 8.433 GB/s, BD/PAIR 1.405 GB/s, time 2.914e-03 s, comm_vol 24.576 MB
SIZE 49152, REAL_BD 9.846 GB/s, BD/PAIR 1.641 GB/s, time 2.995e-03 s, comm_vol 29.491 MB
SIZE 57344, REAL_BD 11.383 GB/s, BD/PAIR 1.897 GB/s, time 3.023e-03 s, comm_vol 34.406 MB
SIZE 65536, REAL_BD 12.841 GB/s, BD/PAIR 2.14 GB/s, time 3.062e-03 s, comm_vol 39.322 MB
SIZE 81920, REAL_BD 15.918 GB/s, BD/PAIR 2.653 GB/s, time 3.088e-03 s, comm_vol 49.152 MB
SIZE 98304, REAL_BD 19.192 GB/s, BD/PAIR 3.199 GB/s, time 3.073e-03 s, comm_vol 58.982 MB
SIZE 114688, REAL_BD 22.159 GB/s, BD/PAIR 3.693 GB/s, time 3.105e-03 s, comm_vol 68.813 MB
SIZE 131072, REAL_BD 25.074 GB/s, BD/PAIR 4.179 GB/s, time 3.136e-03 s, comm_vol 78.643 MB
SIZE 163840, REAL_BD 29.567 GB/s, BD/PAIR 4.928 GB/s, time 3.325e-03 s, comm_vol 98.304 MB
SIZE 196608, REAL_BD 35.339 GB/s, BD/PAIR 5.89 GB/s, time 3.338e-03 s, comm_vol 117.965 MB
SIZE 229376, REAL_BD 38.432 GB/s, BD/PAIR 6.405 GB/s, time 3.581e-03 s, comm_vol 137.626 MB
SIZE 262144, REAL_BD 41.011 GB/s, BD/PAIR 6.835 GB/s, time 3.835e-03 s, comm_vol 157.286 MB
SIZE 327680, REAL_BD 50.495 GB/s, BD/PAIR 8.416 GB/s, time 3.894e-03 s, comm_vol 196.608 MB
SIZE 393216, REAL_BD 59.548 GB/s, BD/PAIR 9.925 GB/s, time 3.962e-03 s, comm_vol 235.93 MB
SIZE 458752, REAL_BD 62.52 GB/s, BD/PAIR 10.42 GB/s, time 4.403e-03 s, comm_vol 275.251 MB
SIZE 524288, REAL_BD 70.534 GB/s, BD/PAIR 11.756 GB/s, time 4.460e-03 s, comm_vol 314.573 MB
SIZE 655360, REAL_BD 79.471 GB/s, BD/PAIR 13.245 GB/s, time 4.948e-03 s, comm_vol 393.216 MB
SIZE 786432, REAL_BD 86.636 GB/s, BD/PAIR 14.439 GB/s, time 5.446e-03 s, comm_vol 471.859 MB
SIZE 917504, REAL_BD 92.838 GB/s, BD/PAIR 15.473 GB/s, time 5.930e-03 s, comm_vol 550.502 MB
SIZE 1048576, REAL_BD 97.916 GB/s, BD/PAIR 16.319 GB/s, time 6.425e-03 s, comm_vol 629.146 MB
SIZE 1310720, REAL_BD 106.182 GB/s, BD/PAIR 17.697 GB/s, time 7.406e-03 s, comm_vol 786.432 MB
SIZE 1572864, REAL_BD 112.335 GB/s, BD/PAIR 18.723 GB/s, time 8.401e-03 s, comm_vol 943.718 MB
SIZE 1835008, REAL_BD 116.946 GB/s, BD/PAIR 19.491 GB/s, time 9.415e-03 s, comm_vol 1.101 GB
SIZE 2097152, REAL_BD 156.947 GB/s, BD/PAIR 26.158 GB/s, time 8.017e-03 s, comm_vol 1.258 GB
SIZE 2621440, REAL_BD 167.506 GB/s, BD/PAIR 27.918 GB/s, time 9.390e-03 s, comm_vol 1.573 GB
SIZE 3145728, REAL_BD 174.479 GB/s, BD/PAIR 29.08 GB/s, time 1.082e-02 s, comm_vol 1.887 GB
SIZE 3670016, REAL_BD 180.385 GB/s, BD/PAIR 30.064 GB/s, time 1.221e-02 s, comm_vol 2.202 GB
SIZE 4194304, REAL_BD 185.252 GB/s, BD/PAIR 30.875 GB/s, time 1.358e-02 s, comm_vol 2.517 GB
SIZE 5242880, REAL_BD 193.479 GB/s, BD/PAIR 32.247 GB/s, time 1.626e-02 s, comm_vol 3.146 GB
SIZE 6291456, REAL_BD 199.352 GB/s, BD/PAIR 33.225 GB/s, time 1.894e-02 s, comm_vol 3.775 GB
SIZE 7340032, REAL_BD 203.369 GB/s, BD/PAIR 33.895 GB/s, time 2.166e-02 s, comm_vol 4.404 GB
SIZE 8388608, REAL_BD 206.386 GB/s, BD/PAIR 34.398 GB/s, time 2.439e-02 s, comm_vol 5.033 GB
SIZE 10485760, REAL_BD 211.399 GB/s, BD/PAIR 35.233 GB/s, time 2.976e-02 s, comm_vol 6.291 GB
SIZE 12582912, REAL_BD 214.276 GB/s, BD/PAIR 35.713 GB/s, time 3.523e-02 s, comm_vol 7.55 GB
SIZE 14680064, REAL_BD 215.705 GB/s, BD/PAIR 35.951 GB/s, time 4.083e-02 s, comm_vol 8.808 GB
SIZE 16777216, REAL_BD 215.83 GB/s, BD/PAIR 35.972 GB/s, time 4.664e-02 s, comm_vol 10.066 GB
SIZE 20971520, REAL_BD 217.647 GB/s, BD/PAIR 36.274 GB/s, time 5.781e-02 s, comm_vol 12.583 GB
SIZE 25165824, REAL_BD 215.676 GB/s, BD/PAIR 35.946 GB/s, time 7.001e-02 s, comm_vol 15.099 GB
SIZE 29360128, REAL_BD 213.741 GB/s, BD/PAIR 35.623 GB/s, time 8.242e-02 s, comm_vol 17.616 GB
SIZE 33554432, REAL_BD 214.461 GB/s, BD/PAIR 35.743 GB/s, time 9.388e-02 s, comm_vol 20.133 GB
SIZE 41943040, REAL_BD 215.211 GB/s, BD/PAIR 35.868 GB/s, time 1.169e-01 s, comm_vol 25.166 GB
SIZE 50331648, REAL_BD 216.224 GB/s, BD/PAIR 36.037 GB/s, time 1.397e-01 s, comm_vol 30.199 GB
SIZE 58720256, REAL_BD 216.43 GB/s, BD/PAIR 36.072 GB/s, time 1.628e-01 s, comm_vol 35.232 GB
SIZE 67108864, REAL_BD 216.666 GB/s, BD/PAIR 36.111 GB/s, time 1.858e-01 s, comm_vol 40.265 GB
SIZE 83886080, REAL_BD 217.059 GB/s, BD/PAIR 36.177 GB/s, time 2.319e-01 s, comm_vol 50.332 GB
SIZE 100663296, REAL_BD 217.321 GB/s, BD/PAIR 36.22 GB/s, time 2.779e-01 s, comm_vol 60.398 GB
SIZE 117440512, REAL_BD 217.257 GB/s, BD/PAIR 36.209 GB/s, time 3.243e-01 s, comm_vol 70.464 GB
SIZE 134217728, REAL_BD 217.987 GB/s, BD/PAIR 36.331 GB/s, time 3.694e-01 s, comm_vol 80.531 GB
SIZE 167772160, REAL_BD 217.978 GB/s, BD/PAIR 36.33 GB/s, time 4.618e-01 s, comm_vol 100.663 GB
SIZE 201326592, REAL_BD 218.239 GB/s, BD/PAIR 36.373 GB/s, time 5.535e-01 s, comm_vol 120.796 GB
SIZE 234881024, REAL_BD 218.379 GB/s, BD/PAIR 36.396 GB/s, time 6.453e-01 s, comm_vol 140.929 GB
SIZE 268435456, REAL_BD 218.497 GB/s, BD/PAIR 36.416 GB/s, time 7.371e-01 s, comm_vol 161.061 GB
SIZE 335544320, REAL_BD 218.705 GB/s, BD/PAIR 36.451 GB/s, time 9.205e-01 s, comm_vol 201.327 GB
SIZE 402653184, REAL_BD 218.909 GB/s, BD/PAIR 36.485 GB/s, time 1.104e+00 s, comm_vol 241.592 GB
SIZE 469762048, REAL_BD 219.058 GB/s, BD/PAIR 36.51 GB/s, time 1.287e+00 s, comm_vol 281.857 GB
SIZE 536870912, REAL_BD 218.951 GB/s, BD/PAIR 36.492 GB/s, time 1.471e+00 s, comm_vol 322.123 GB
SIZE 671088640, REAL_BD 219.085 GB/s, BD/PAIR 36.514 GB/s, time 1.838e+00 s, comm_vol 402.653 GB
SIZE 805306368, REAL_BD 219.086 GB/s, BD/PAIR 36.514 GB/s, time 2.205e+00 s, comm_vol 483.184 GB
SIZE 939524096, REAL_BD 219.124 GB/s, BD/PAIR 36.521 GB/s, time 2.573e+00 s, comm_vol 563.714 GB
SIZE 1073741824, REAL_BD 219.223 GB/s, BD/PAIR 36.537 GB/s, time 2.939e+00 s, comm_vol 644.245 GB
[[0, 8], [8, 16], [16, 24], [24, 32], [32, 40], [40, 0], [4, 12], [12, 20], [20, 28], [28, 36], [36, 44], [44, 4]]
NCCL version 2.21.5+cuda12.6
NCCL version 2.21.5+cuda12.6
NCCL version 2.21.5+cuda12.6
NCCL version 2.21.5+cuda12.6
NCCL version 2.21.5+cuda12.6
SIZE 8192, REAL_BD 3.967 GB/s, BD/PAIR 330.573 MB/s, time 2.478e-03 s, comm_vol 9.83 MB
SIZE 16384, REAL_BD 7.848 GB/s, BD/PAIR 653.973 MB/s, time 2.505e-03 s, comm_vol 19.661 MB
SIZE 24576, REAL_BD 11.303 GB/s, BD/PAIR 941.879 MB/s, time 2.609e-03 s, comm_vol 29.491 MB
SIZE 32768, REAL_BD 14.635 GB/s, BD/PAIR 1.22 GB/s, time 2.687e-03 s, comm_vol 39.322 MB
SIZE 40960, REAL_BD 16.265 GB/s, BD/PAIR 1.355 GB/s, time 3.022e-03 s, comm_vol 49.152 MB
SIZE 49152, REAL_BD 19.048 GB/s, BD/PAIR 1.587 GB/s, time 3.097e-03 s, comm_vol 58.982 MB
SIZE 57344, REAL_BD 22.039 GB/s, BD/PAIR 1.837 GB/s, time 3.122e-03 s, comm_vol 68.813 MB
SIZE 65536, REAL_BD 24.588 GB/s, BD/PAIR 2.049 GB/s, time 3.198e-03 s, comm_vol 78.643 MB
SIZE 81920, REAL_BD 30.531 GB/s, BD/PAIR 2.544 GB/s, time 3.220e-03 s, comm_vol 98.304 MB
SIZE 98304, REAL_BD 36.814 GB/s, BD/PAIR 3.068 GB/s, time 3.204e-03 s, comm_vol 117.965 MB
SIZE 114688, REAL_BD 42.683 GB/s, BD/PAIR 3.557 GB/s, time 3.224e-03 s, comm_vol 137.626 MB
SIZE 131072, REAL_BD 48.196 GB/s, BD/PAIR 4.016 GB/s, time 3.263e-03 s, comm_vol 157.286 MB
SIZE 163840, REAL_BD 57.001 GB/s, BD/PAIR 4.75 GB/s, time 3.449e-03 s, comm_vol 196.608 MB
SIZE 196608, REAL_BD 67.941 GB/s, BD/PAIR 5.662 GB/s, time 3.473e-03 s, comm_vol 235.93 MB
SIZE 229376, REAL_BD 74.574 GB/s, BD/PAIR 6.215 GB/s, time 3.691e-03 s, comm_vol 275.251 MB
SIZE 262144, REAL_BD 88.025 GB/s, BD/PAIR 7.335 GB/s, time 3.574e-03 s, comm_vol 314.573 MB
SIZE 327680, REAL_BD 97.457 GB/s, BD/PAIR 8.121 GB/s, time 4.035e-03 s, comm_vol 393.216 MB
SIZE 393216, REAL_BD 114.945 GB/s, BD/PAIR 9.579 GB/s, time 4.105e-03 s, comm_vol 471.859 MB
SIZE 458752, REAL_BD 121.455 GB/s, BD/PAIR 10.121 GB/s, time 4.533e-03 s, comm_vol 550.502 MB
SIZE 524288, REAL_BD 136.663 GB/s, BD/PAIR 11.389 GB/s, time 4.604e-03 s, comm_vol 629.146 MB
SIZE 655360, REAL_BD 154.058 GB/s, BD/PAIR 12.838 GB/s, time 5.105e-03 s, comm_vol 786.432 MB
SIZE 786432, REAL_BD 167.822 GB/s, BD/PAIR 13.985 GB/s, time 5.623e-03 s, comm_vol 943.718 MB
SIZE 917504, REAL_BD 179.827 GB/s, BD/PAIR 14.986 GB/s, time 6.123e-03 s, comm_vol 1.101 GB
SIZE 1048576, REAL_BD 189.898 GB/s, BD/PAIR 15.825 GB/s, time 6.626e-03 s, comm_vol 1.258 GB
SIZE 1310720, REAL_BD 206.062 GB/s, BD/PAIR 17.172 GB/s, time 7.633e-03 s, comm_vol 1.573 GB
SIZE 1572864, REAL_BD 215.655 GB/s, BD/PAIR 17.971 GB/s, time 8.752e-03 s, comm_vol 1.887 GB
SIZE 1835008, REAL_BD 227.524 GB/s, BD/PAIR 18.96 GB/s, time 9.678e-03 s, comm_vol 2.202 GB
SIZE 2097152, REAL_BD 308.058 GB/s, BD/PAIR 25.672 GB/s, time 8.169e-03 s, comm_vol 2.517 GB
SIZE 2621440, REAL_BD 329.516 GB/s, BD/PAIR 27.46 GB/s, time 9.547e-03 s, comm_vol 3.146 GB
SIZE 3145728, REAL_BD 346.257 GB/s, BD/PAIR 28.855 GB/s, time 1.090e-02 s, comm_vol 3.775 GB
SIZE 3670016, REAL_BD 358.927 GB/s, BD/PAIR 29.911 GB/s, time 1.227e-02 s, comm_vol 4.404 GB
SIZE 4194304, REAL_BD 366.886 GB/s, BD/PAIR 30.574 GB/s, time 1.372e-02 s, comm_vol 5.033 GB
SIZE 5242880, REAL_BD 383.556 GB/s, BD/PAIR 31.963 GB/s, time 1.640e-02 s, comm_vol 6.291 GB
SIZE 6291456, REAL_BD 393.331 GB/s, BD/PAIR 32.778 GB/s, time 1.919e-02 s, comm_vol 7.55 GB
SIZE 7340032, REAL_BD 401.757 GB/s, BD/PAIR 33.48 GB/s, time 2.192e-02 s, comm_vol 8.808 GB
SIZE 8388608, REAL_BD 407.042 GB/s, BD/PAIR 33.92 GB/s, time 2.473e-02 s, comm_vol 10.066 GB
SIZE 10485760, REAL_BD 415.704 GB/s, BD/PAIR 34.642 GB/s, time 3.027e-02 s, comm_vol 12.583 GB
SIZE 12582912, REAL_BD 419.108 GB/s, BD/PAIR 34.926 GB/s, time 3.603e-02 s, comm_vol 15.099 GB
SIZE 14680064, REAL_BD 422.27 GB/s, BD/PAIR 35.189 GB/s, time 4.172e-02 s, comm_vol 17.616 GB
SIZE 16777216, REAL_BD 422.441 GB/s, BD/PAIR 35.203 GB/s, time 4.766e-02 s, comm_vol 20.133 GB
SIZE 20971520, REAL_BD 424.975 GB/s, BD/PAIR 35.415 GB/s, time 5.922e-02 s, comm_vol 25.166 GB
SIZE 25165824, REAL_BD 418.189 GB/s, BD/PAIR 34.849 GB/s, time 7.221e-02 s, comm_vol 30.199 GB
SIZE 29360128, REAL_BD 417.457 GB/s, BD/PAIR 34.788 GB/s, time 8.440e-02 s, comm_vol 35.232 GB
SIZE 33554432, REAL_BD 419.854 GB/s, BD/PAIR 34.988 GB/s, time 9.590e-02 s, comm_vol 40.265 GB
SIZE 41943040, REAL_BD 421.513 GB/s, BD/PAIR 35.126 GB/s, time 1.194e-01 s, comm_vol 50.332 GB
SIZE 50331648, REAL_BD 421.183 GB/s, BD/PAIR 35.099 GB/s, time 1.434e-01 s, comm_vol 60.398 GB
SIZE 58720256, REAL_BD 424.449 GB/s, BD/PAIR 35.371 GB/s, time 1.660e-01 s, comm_vol 70.464 GB
SIZE 67108864, REAL_BD 425.784 GB/s, BD/PAIR 35.482 GB/s, time 1.891e-01 s, comm_vol 80.531 GB
SIZE 83886080, REAL_BD 426.579 GB/s, BD/PAIR 35.548 GB/s, time 2.360e-01 s, comm_vol 100.663 GB
SIZE 100663296, REAL_BD 427.452 GB/s, BD/PAIR 35.621 GB/s, time 2.826e-01 s, comm_vol 120.796 GB
SIZE 117440512, REAL_BD 425.872 GB/s, BD/PAIR 35.489 GB/s, time 3.309e-01 s, comm_vol 140.929 GB
SIZE 134217728, REAL_BD 428.69 GB/s, BD/PAIR 35.724 GB/s, time 3.757e-01 s, comm_vol 161.061 GB
SIZE 167772160, REAL_BD 427.711 GB/s, BD/PAIR 35.643 GB/s, time 4.707e-01 s, comm_vol 201.327 GB
SIZE 201326592, REAL_BD 429.34 GB/s, BD/PAIR 35.778 GB/s, time 5.627e-01 s, comm_vol 241.592 GB
SIZE 234881024, REAL_BD 428.046 GB/s, BD/PAIR 35.67 GB/s, time 6.585e-01 s, comm_vol 281.857 GB
SIZE 268435456, REAL_BD 428.701 GB/s, BD/PAIR 35.725 GB/s, time 7.514e-01 s, comm_vol 322.123 GB
SIZE 335544320, REAL_BD 428.795 GB/s, BD/PAIR 35.733 GB/s, time 9.390e-01 s, comm_vol 402.653 GB
SIZE 402653184, REAL_BD 430.433 GB/s, BD/PAIR 35.869 GB/s, time 1.123e+00 s, comm_vol 483.184 GB
SIZE 469762048, REAL_BD 430.792 GB/s, BD/PAIR 35.899 GB/s, time 1.309e+00 s, comm_vol 563.714 GB
SIZE 536870912, REAL_BD 430.664 GB/s, BD/PAIR 35.889 GB/s, time 1.496e+00 s, comm_vol 644.245 GB
SIZE 671088640, REAL_BD 430.705 GB/s, BD/PAIR 35.892 GB/s, time 1.870e+00 s, comm_vol 805.306 GB
SIZE 805306368, REAL_BD 431.018 GB/s, BD/PAIR 35.918 GB/s, time 2.242e+00 s, comm_vol 966.368 GB
SIZE 939524096, REAL_BD 431.208 GB/s, BD/PAIR 35.934 GB/s, time 2.615e+00 s, comm_vol 1.127 TB
SIZE 1073741824, REAL_BD 431.25 GB/s, BD/PAIR 35.937 GB/s, time 2.988e+00 s, comm_vol 1.288 TB
[[0, 8], [8, 16], [16, 24], [24, 32], [32, 40], [40, 0], [2, 10], [10, 18], [18, 26], [26, 34], [34, 42], [42, 2]]
NCCL version 2.21.5+cuda12.6
NCCL version 2.21.5+cuda12.6
NCCL version 2.21.5+cuda12.6
NCCL version 2.21.5+cuda12.6
NCCL version 2.21.5+cuda12.6
SIZE 8192, REAL_BD 4.247 GB/s, BD/PAIR 353.896 MB/s, time 2.315e-03 s, comm_vol 9.83 MB
SIZE 16384, REAL_BD 8.236 GB/s, BD/PAIR 686.303 MB/s, time 2.387e-03 s, comm_vol 19.661 MB
SIZE 24576, REAL_BD 11.766 GB/s, BD/PAIR 980.493 MB/s, time 2.506e-03 s, comm_vol 29.491 MB
SIZE 32768, REAL_BD 15.149 GB/s, BD/PAIR 1.262 GB/s, time 2.596e-03 s, comm_vol 39.322 MB
SIZE 40960, REAL_BD 16.851 GB/s, BD/PAIR 1.404 GB/s, time 2.917e-03 s, comm_vol 49.152 MB
SIZE 49152, REAL_BD 19.744 GB/s, BD/PAIR 1.645 GB/s, time 2.987e-03 s, comm_vol 58.982 MB
SIZE 57344, REAL_BD 22.706 GB/s, BD/PAIR 1.892 GB/s, time 3.031e-03 s, comm_vol 68.813 MB
SIZE 65536, REAL_BD 25.788 GB/s, BD/PAIR 2.149 GB/s, time 3.050e-03 s, comm_vol 78.643 MB
SIZE 81920, REAL_BD 31.95 GB/s, BD/PAIR 2.663 GB/s, time 3.077e-03 s, comm_vol 98.304 MB
SIZE 98304, REAL_BD 38.048 GB/s, BD/PAIR 3.171 GB/s, time 3.100e-03 s, comm_vol 117.965 MB
SIZE 114688, REAL_BD 44.206 GB/s, BD/PAIR 3.684 GB/s, time 3.113e-03 s, comm_vol 137.626 MB
SIZE 131072, REAL_BD 50.023 GB/s, BD/PAIR 4.169 GB/s, time 3.144e-03 s, comm_vol 157.286 MB
SIZE 163840, REAL_BD 59.339 GB/s, BD/PAIR 4.945 GB/s, time 3.313e-03 s, comm_vol 196.608 MB
SIZE 196608, REAL_BD 70.177 GB/s, BD/PAIR 5.848 GB/s, time 3.362e-03 s, comm_vol 235.93 MB
SIZE 229376, REAL_BD 76.843 GB/s, BD/PAIR 6.404 GB/s, time 3.582e-03 s, comm_vol 275.251 MB
SIZE 262144, REAL_BD 91.429 GB/s, BD/PAIR 7.619 GB/s, time 3.441e-03 s, comm_vol 314.573 MB
SIZE 327680, REAL_BD 100.854 GB/s, BD/PAIR 8.405 GB/s, time 3.899e-03 s, comm_vol 393.216 MB
SIZE 393216, REAL_BD 118.645 GB/s, BD/PAIR 9.887 GB/s, time 3.977e-03 s, comm_vol 471.859 MB
SIZE 458752, REAL_BD 125.501 GB/s, BD/PAIR 10.458 GB/s, time 4.386e-03 s, comm_vol 550.502 MB
SIZE 524288, REAL_BD 140.783 GB/s, BD/PAIR 11.732 GB/s, time 4.469e-03 s, comm_vol 629.146 MB
SIZE 655360, REAL_BD 158.82 GB/s, BD/PAIR 13.235 GB/s, time 4.952e-03 s, comm_vol 786.432 MB
SIZE 786432, REAL_BD 170.357 GB/s, BD/PAIR 14.196 GB/s, time 5.540e-03 s, comm_vol 943.718 MB
SIZE 917504, REAL_BD 185.557 GB/s, BD/PAIR 15.463 GB/s, time 5.934e-03 s, comm_vol 1.101 GB
SIZE 1048576, REAL_BD 195.817 GB/s, BD/PAIR 16.318 GB/s, time 6.426e-03 s, comm_vol 1.258 GB
SIZE 1310720, REAL_BD 211.655 GB/s, BD/PAIR 17.638 GB/s, time 7.431e-03 s, comm_vol 1.573 GB
SIZE 1572864, REAL_BD 224.645 GB/s, BD/PAIR 18.72 GB/s, time 8.402e-03 s, comm_vol 1.887 GB
SIZE 1835008, REAL_BD 234.099 GB/s, BD/PAIR 19.508 GB/s, time 9.406e-03 s, comm_vol 2.202 GB
SIZE 2097152, REAL_BD 314.174 GB/s, BD/PAIR 26.181 GB/s, time 8.010e-03 s, comm_vol 2.517 GB
SIZE 2621440, REAL_BD 335.072 GB/s, BD/PAIR 27.923 GB/s, time 9.388e-03 s, comm_vol 3.146 GB
SIZE 3145728, REAL_BD 347.184 GB/s, BD/PAIR 28.932 GB/s, time 1.087e-02 s, comm_vol 3.775 GB
SIZE 3670016, REAL_BD 361.589 GB/s, BD/PAIR 30.132 GB/s, time 1.218e-02 s, comm_vol 4.404 GB
SIZE 4194304, REAL_BD 371.836 GB/s, BD/PAIR 30.986 GB/s, time 1.354e-02 s, comm_vol 5.033 GB
SIZE 5242880, REAL_BD 387.584 GB/s, BD/PAIR 32.299 GB/s, time 1.623e-02 s, comm_vol 6.291 GB
SIZE 6291456, REAL_BD 399.479 GB/s, BD/PAIR 33.29 GB/s, time 1.890e-02 s, comm_vol 7.55 GB
SIZE 7340032, REAL_BD 407.038 GB/s, BD/PAIR 33.92 GB/s, time 2.164e-02 s, comm_vol 8.808 GB
SIZE 8388608, REAL_BD 412.635 GB/s, BD/PAIR 34.386 GB/s, time 2.440e-02 s, comm_vol 10.066 GB
SIZE 10485760, REAL_BD 422.706 GB/s, BD/PAIR 35.226 GB/s, time 2.977e-02 s, comm_vol 12.583 GB
SIZE 12582912, REAL_BD 427.378 GB/s, BD/PAIR 35.615 GB/s, time 3.533e-02 s, comm_vol 15.099 GB
SIZE 14680064, REAL_BD 430.219 GB/s, BD/PAIR 35.852 GB/s, time 4.095e-02 s, comm_vol 17.616 GB
SIZE 16777216, REAL_BD 433.267 GB/s, BD/PAIR 36.106 GB/s, time 4.647e-02 s, comm_vol 20.133 GB
SIZE 20971520, REAL_BD 434.484 GB/s, BD/PAIR 36.207 GB/s, time 5.792e-02 s, comm_vol 25.166 GB
SIZE 25165824, REAL_BD 428.504 GB/s, BD/PAIR 35.709 GB/s, time 7.048e-02 s, comm_vol 30.199 GB
SIZE 29360128, REAL_BD 426.246 GB/s, BD/PAIR 35.52 GB/s, time 8.266e-02 s, comm_vol 35.232 GB
SIZE 33554432, REAL_BD 427.61 GB/s, BD/PAIR 35.634 GB/s, time 9.416e-02 s, comm_vol 40.265 GB
SIZE 41943040, REAL_BD 429.611 GB/s, BD/PAIR 35.801 GB/s, time 1.172e-01 s, comm_vol 50.332 GB
SIZE 50331648, REAL_BD 429.38 GB/s, BD/PAIR 35.782 GB/s, time 1.407e-01 s, comm_vol 60.398 GB
SIZE 58720256, REAL_BD 430.101 GB/s, BD/PAIR 35.842 GB/s, time 1.638e-01 s, comm_vol 70.464 GB
SIZE 67108864, REAL_BD 417.288 GB/s, BD/PAIR 34.774 GB/s, time 1.930e-01 s, comm_vol 80.531 GB
SIZE 83886080, REAL_BD 434.076 GB/s, BD/PAIR 36.173 GB/s, time 2.319e-01 s, comm_vol 100.663 GB
SIZE 100663296, REAL_BD 435.215 GB/s, BD/PAIR 36.268 GB/s, time 2.776e-01 s, comm_vol 120.796 GB
SIZE 117440512, REAL_BD 434.112 GB/s, BD/PAIR 36.176 GB/s, time 3.246e-01 s, comm_vol 140.929 GB
SIZE 134217728, REAL_BD 435.596 GB/s, BD/PAIR 36.3 GB/s, time 3.697e-01 s, comm_vol 161.061 GB
SIZE 167772160, REAL_BD 435.8 GB/s, BD/PAIR 36.317 GB/s, time 4.620e-01 s, comm_vol 201.327 GB
SIZE 201326592, REAL_BD 435.795 GB/s, BD/PAIR 36.316 GB/s, time 5.544e-01 s, comm_vol 241.592 GB
SIZE 234881024, REAL_BD 437.298 GB/s, BD/PAIR 36.441 GB/s, time 6.445e-01 s, comm_vol 281.857 GB
SIZE 268435456, REAL_BD 436.162 GB/s, BD/PAIR 36.347 GB/s, time 7.385e-01 s, comm_vol 322.123 GB
SIZE 335544320, REAL_BD 437.597 GB/s, BD/PAIR 36.466 GB/s, time 9.201e-01 s, comm_vol 402.653 GB
SIZE 402653184, REAL_BD 437.965 GB/s, BD/PAIR 36.497 GB/s, time 1.103e+00 s, comm_vol 483.184 GB
SIZE 469762048, REAL_BD 437.689 GB/s, BD/PAIR 36.474 GB/s, time 1.288e+00 s, comm_vol 563.714 GB
SIZE 536870912, REAL_BD 438.339 GB/s, BD/PAIR 36.528 GB/s, time 1.470e+00 s, comm_vol 644.245 GB
SIZE 671088640, REAL_BD 438.206 GB/s, BD/PAIR 36.517 GB/s, time 1.838e+00 s, comm_vol 805.306 GB
SIZE 805306368, REAL_BD 438.292 GB/s, BD/PAIR 36.524 GB/s, time 2.205e+00 s, comm_vol 966.368 GB
SIZE 939524096, REAL_BD 438.474 GB/s, BD/PAIR 36.539 GB/s, time 2.571e+00 s, comm_vol 1.127 TB
SIZE 1073741824, REAL_BD 438.526 GB/s, BD/PAIR 36.544 GB/s, time 2.938e+00 s, comm_vol 1.288 TB
[[0, 8], [8, 16], [16, 24], [24, 32], [32, 40], [40, 0], [2, 10], [10, 18], [18, 26], [26, 34], [34, 42], [42, 2], [4, 12], [12, 20], [20, 28], [28, 36], [36, 44], [44, 4], [6, 14], [14, 22], [22, 30], [30, 38], [38, 46], [46, 6]]
NCCL version 2.21.5+cuda12.6
NCCL version 2.21.5+cuda12.6
NCCL version 2.21.5+cuda12.6
NCCL version 2.21.5+cuda12.6
NCCL version 2.21.5+cuda12.6
SIZE 8192, REAL_BD 7.13 GB/s, BD/PAIR 297.075 MB/s, time 2.758e-03 s, comm_vol 19.661 MB
SIZE 16384, REAL_BD 15.722 GB/s, BD/PAIR 655.095 MB/s, time 2.501e-03 s, comm_vol 39.322 MB
SIZE 24576, REAL_BD 16.884 GB/s, BD/PAIR 703.516 MB/s, time 3.493e-03 s, comm_vol 58.982 MB
SIZE 32768, REAL_BD 29.142 GB/s, BD/PAIR 1.214 GB/s, time 2.699e-03 s, comm_vol 78.643 MB
SIZE 40960, REAL_BD 32.159 GB/s, BD/PAIR 1.34 GB/s, time 3.057e-03 s, comm_vol 98.304 MB
SIZE 49152, REAL_BD 37.721 GB/s, BD/PAIR 1.572 GB/s, time 3.127e-03 s, comm_vol 117.965 MB
SIZE 57344, REAL_BD 43.187 GB/s, BD/PAIR 1.799 GB/s, time 3.187e-03 s, comm_vol 137.626 MB
SIZE 65536, REAL_BD 49.009 GB/s, BD/PAIR 2.042 GB/s, time 3.209e-03 s, comm_vol 157.286 MB
SIZE 81920, REAL_BD 60.769 GB/s, BD/PAIR 2.532 GB/s, time 3.235e-03 s, comm_vol 196.608 MB
SIZE 98304, REAL_BD 72.773 GB/s, BD/PAIR 3.032 GB/s, time 3.242e-03 s, comm_vol 235.93 MB
SIZE 114688, REAL_BD 84.572 GB/s, BD/PAIR 3.524 GB/s, time 3.255e-03 s, comm_vol 275.251 MB
SIZE 131072, REAL_BD 95.818 GB/s, BD/PAIR 3.992 GB/s, time 3.283e-03 s, comm_vol 314.573 MB
SIZE 163840, REAL_BD 108.205 GB/s, BD/PAIR 4.509 GB/s, time 3.634e-03 s, comm_vol 393.216 MB
SIZE 196608, REAL_BD 135.297 GB/s, BD/PAIR 5.637 GB/s, time 3.488e-03 s, comm_vol 471.859 MB
SIZE 229376, REAL_BD 148.966 GB/s, BD/PAIR 6.207 GB/s, time 3.695e-03 s, comm_vol 550.502 MB
SIZE 262144, REAL_BD 175.875 GB/s, BD/PAIR 7.328 GB/s, time 3.577e-03 s, comm_vol 629.146 MB
SIZE 327680, REAL_BD 193.474 GB/s, BD/PAIR 8.061 GB/s, time 4.065e-03 s, comm_vol 786.432 MB
SIZE 393216, REAL_BD 229.957 GB/s, BD/PAIR 9.582 GB/s, time 4.104e-03 s, comm_vol 943.718 MB
SIZE 458752, REAL_BD 240.305 GB/s, BD/PAIR 10.013 GB/s, time 4.582e-03 s, comm_vol 1.101 GB
SIZE 524288, REAL_BD 272.945 GB/s, BD/PAIR 11.373 GB/s, time 4.610e-03 s, comm_vol 1.258 GB
SIZE 655360, REAL_BD 306.955 GB/s, BD/PAIR 12.79 GB/s, time 5.124e-03 s, comm_vol 1.573 GB
SIZE 786432, REAL_BD 334.537 GB/s, BD/PAIR 13.939 GB/s, time 5.642e-03 s, comm_vol 1.887 GB
SIZE 917504, REAL_BD 358.495 GB/s, BD/PAIR 14.937 GB/s, time 6.142e-03 s, comm_vol 2.202 GB
SIZE 1048576, REAL_BD 379.715 GB/s, BD/PAIR 15.821 GB/s, time 6.628e-03 s, comm_vol 2.517 GB
SIZE 1310720, REAL_BD 410.1 GB/s, BD/PAIR 17.087 GB/s, time 7.671e-03 s, comm_vol 3.146 GB
SIZE 1572864, REAL_BD 434.446 GB/s, BD/PAIR 18.102 GB/s, time 8.689e-03 s, comm_vol 3.775 GB
SIZE 1835008, REAL_BD 435.604 GB/s, BD/PAIR 18.15 GB/s, time 1.011e-02 s, comm_vol 4.404 GB
SIZE 2097152, REAL_BD 613.253 GB/s, BD/PAIR 25.552 GB/s, time 8.207e-03 s, comm_vol 5.033 GB
SIZE 2621440, REAL_BD 657.111 GB/s, BD/PAIR 27.38 GB/s, time 9.574e-03 s, comm_vol 6.291 GB
SIZE 3145728, REAL_BD 687.329 GB/s, BD/PAIR 28.639 GB/s, time 1.098e-02 s, comm_vol 7.55 GB
SIZE 3670016, REAL_BD 714.107 GB/s, BD/PAIR 29.754 GB/s, time 1.233e-02 s, comm_vol 8.808 GB
SIZE 4194304, REAL_BD 731.623 GB/s, BD/PAIR 30.484 GB/s, time 1.376e-02 s, comm_vol 10.066 GB
SIZE 5242880, REAL_BD 763.031 GB/s, BD/PAIR 31.793 GB/s, time 1.649e-02 s, comm_vol 12.583 GB
SIZE 6291456, REAL_BD 786.585 GB/s, BD/PAIR 32.774 GB/s, time 1.920e-02 s, comm_vol 15.099 GB
SIZE 7340032, REAL_BD 800.355 GB/s, BD/PAIR 33.348 GB/s, time 2.201e-02 s, comm_vol 17.616 GB
SIZE 8388608, REAL_BD 811.877 GB/s, BD/PAIR 33.828 GB/s, time 2.480e-02 s, comm_vol 20.133 GB
SIZE 10485760, REAL_BD 827.122 GB/s, BD/PAIR 34.463 GB/s, time 3.043e-02 s, comm_vol 25.166 GB
SIZE 12582912, REAL_BD 831.623 GB/s, BD/PAIR 34.651 GB/s, time 3.631e-02 s, comm_vol 30.199 GB
SIZE 14680064, REAL_BD 835.582 GB/s, BD/PAIR 34.816 GB/s, time 4.216e-02 s, comm_vol 35.232 GB
SIZE 16777216, REAL_BD 834.717 GB/s, BD/PAIR 34.78 GB/s, time 4.824e-02 s, comm_vol 40.265 GB
SIZE 20971520, REAL_BD 836.16 GB/s, BD/PAIR 34.84 GB/s, time 6.019e-02 s, comm_vol 50.332 GB
SIZE 25165824, REAL_BD 823.385 GB/s, BD/PAIR 34.308 GB/s, time 7.335e-02 s, comm_vol 60.398 GB
SIZE 29360128, REAL_BD 821.096 GB/s, BD/PAIR 34.212 GB/s, time 8.582e-02 s, comm_vol 70.464 GB
SIZE 33554432, REAL_BD 792.077 GB/s, BD/PAIR 33.003 GB/s, time 1.017e-01 s, comm_vol 80.531 GB
SIZE 41943040, REAL_BD 829.048 GB/s, BD/PAIR 34.544 GB/s, time 1.214e-01 s, comm_vol 100.663 GB
SIZE 50331648, REAL_BD 815.423 GB/s, BD/PAIR 33.976 GB/s, time 1.481e-01 s, comm_vol 120.796 GB
SIZE 58720256, REAL_BD 834.298 GB/s, BD/PAIR 34.762 GB/s, time 1.689e-01 s, comm_vol 140.929 GB
SIZE 67108864, REAL_BD 835.953 GB/s, BD/PAIR 34.831 GB/s, time 1.927e-01 s, comm_vol 161.061 GB
SIZE 83886080, REAL_BD 838.298 GB/s, BD/PAIR 34.929 GB/s, time 2.402e-01 s, comm_vol 201.327 GB
SIZE 100663296, REAL_BD 839.135 GB/s, BD/PAIR 34.964 GB/s, time 2.879e-01 s, comm_vol 241.592 GB
SIZE 117440512, REAL_BD 834.681 GB/s, BD/PAIR 34.778 GB/s, time 3.377e-01 s, comm_vol 281.857 GB
SIZE 134217728, REAL_BD 841.611 GB/s, BD/PAIR 35.067 GB/s, time 3.827e-01 s, comm_vol 322.123 GB
SIZE 167772160, REAL_BD 841.879 GB/s, BD/PAIR 35.078 GB/s, time 4.783e-01 s, comm_vol 402.653 GB
SIZE 201326592, REAL_BD 843.067 GB/s, BD/PAIR 35.128 GB/s, time 5.731e-01 s, comm_vol 483.184 GB
SIZE 234881024, REAL_BD 842.973 GB/s, BD/PAIR 35.124 GB/s, time 6.687e-01 s, comm_vol 563.714 GB
SIZE 268435456, REAL_BD 844.036 GB/s, BD/PAIR 35.168 GB/s, time 7.633e-01 s, comm_vol 644.245 GB
SIZE 335544320, REAL_BD 845.024 GB/s, BD/PAIR 35.209 GB/s, time 9.530e-01 s, comm_vol 805.306 GB
SIZE 402653184, REAL_BD 844.934 GB/s, BD/PAIR 35.206 GB/s, time 1.144e+00 s, comm_vol 966.368 GB
SIZE 469762048, REAL_BD 845.069 GB/s, BD/PAIR 35.211 GB/s, time 1.334e+00 s, comm_vol 1.127 TB
SIZE 536870912, REAL_BD 811.798 GB/s, BD/PAIR 33.825 GB/s, time 1.587e+00 s, comm_vol 1.288 TB
SIZE 671088640, REAL_BD 846.282 GB/s, BD/PAIR 35.262 GB/s, time 1.903e+00 s, comm_vol 1.611 TB
SIZE 805306368, REAL_BD 846.352 GB/s, BD/PAIR 35.265 GB/s, time 2.284e+00 s, comm_vol 1.933 TB
SIZE 939524096, REAL_BD 846.58 GB/s, BD/PAIR 35.274 GB/s, time 2.663e+00 s, comm_vol 2.255 TB
SIZE 1073741824, REAL_BD 846.81 GB/s, BD/PAIR 35.284 GB/s, time 3.043e+00 s, comm_vol 2.577 TB
[[0, 8], [8, 16], [16, 24], [24, 32], [32, 40], [40, 0], [1, 9], [9, 17], [17, 25], [25, 33], [33, 41], [41, 1], [2, 10], [10, 18], [18, 26], [26, 34], [34, 42], [42, 2], [3, 11], [11, 19], [19, 27], [27, 35], [35, 43], [43, 3], [4, 12], [12, 20], [20, 28], [28, 36], [36, 44], [44, 4], [5, 13], [13, 21], [21, 29], [29, 37], [37, 45], [45, 5], [6, 14], [14, 22], [22, 30], [30, 38], [38, 46], [46, 6], [7, 15], [15, 23], [23, 31], [31, 39], [39, 47], [47, 7]]
NCCL version 2.21.5+cuda12.6
NCCL version 2.21.5+cuda12.6
NCCL version 2.21.5+cuda12.6
NCCL version 2.21.5+cuda12.6
NCCL version 2.21.5+cuda12.6
NCCL version 2.21.5+cuda12.6
NCCL version 2.21.5+cuda12.6
NCCL version 2.21.5+cuda12.6
NCCL version 2.21.5+cuda12.6
NCCL version 2.21.5+cuda12.6
NCCL version 2.21.5+cuda12.6
NCCL version 2.21.5+cuda12.6
NCCL version 2.21.5+cuda12.6
NCCL version 2.21.5+cuda12.6
NCCL version 2.21.5+cuda12.6
NCCL version 2.21.5+cuda12.6
NCCL version 2.21.5+cuda12.6
NCCL version 2.21.5+cuda12.6
NCCL version 2.21.5+cuda12.6
NCCL version 2.21.5+cuda12.6
SIZE 8192, REAL_BD 11.657 GB/s, BD/PAIR 242.859 MB/s, time 3.373e-03 s, comm_vol 39.322 MB
SIZE 16384, REAL_BD 31.304 GB/s, BD/PAIR 652.173 MB/s, time 2.512e-03 s, comm_vol 78.643 MB
SIZE 24576, REAL_BD 39.181 GB/s, BD/PAIR 816.275 MB/s, time 3.011e-03 s, comm_vol 117.965 MB
SIZE 32768, REAL_BD 57.197 GB/s, BD/PAIR 1.192 GB/s, time 2.750e-03 s, comm_vol 157.286 MB
SIZE 40960, REAL_BD 62.619 GB/s, BD/PAIR 1.305 GB/s, time 3.140e-03 s, comm_vol 196.608 MB
SIZE 49152, REAL_BD 62.034 GB/s, BD/PAIR 1.292 GB/s, time 3.803e-03 s, comm_vol 235.93 MB
SIZE 57344, REAL_BD 90.99 GB/s, BD/PAIR 1.896 GB/s, time 3.025e-03 s, comm_vol 275.251 MB
SIZE 65536, REAL_BD 98.324 GB/s, BD/PAIR 2.048 GB/s, time 3.199e-03 s, comm_vol 314.573 MB
SIZE 81920, REAL_BD 121.109 GB/s, BD/PAIR 2.523 GB/s, time 3.247e-03 s, comm_vol 393.216 MB
SIZE 98304, REAL_BD 132.321 GB/s, BD/PAIR 2.757 GB/s, time 3.566e-03 s, comm_vol 471.859 MB
SIZE 114688, REAL_BD 166.101 GB/s, BD/PAIR 3.46 GB/s, time 3.314e-03 s, comm_vol 550.502 MB
SIZE 131072, REAL_BD 190.104 GB/s, BD/PAIR 3.96 GB/s, time 3.309e-03 s, comm_vol 629.146 MB
SIZE 163840, REAL_BD 226.439 GB/s, BD/PAIR 4.717 GB/s, time 3.473e-03 s, comm_vol 786.432 MB
SIZE 196608, REAL_BD 271.038 GB/s, BD/PAIR 5.647 GB/s, time 3.482e-03 s, comm_vol 943.718 MB
SIZE 229376, REAL_BD 296.193 GB/s, BD/PAIR 6.171 GB/s, time 3.717e-03 s, comm_vol 1.101 GB
SIZE 262144, REAL_BD 352.902 GB/s, BD/PAIR 7.352 GB/s, time 3.566e-03 s, comm_vol 1.258 GB
SIZE 327680, REAL_BD 386.948 GB/s, BD/PAIR 8.061 GB/s, time 4.065e-03 s, comm_vol 1.573 GB
SIZE 393216, REAL_BD 457.918 GB/s, BD/PAIR 9.54 GB/s, time 4.122e-03 s, comm_vol 1.887 GB
SIZE 458752, REAL_BD 479.912 GB/s, BD/PAIR 9.998 GB/s, time 4.588e-03 s, comm_vol 2.202 GB
SIZE 524288, REAL_BD 542.494 GB/s, BD/PAIR 11.302 GB/s, time 4.639e-03 s, comm_vol 2.517 GB
SIZE 655360, REAL_BD 610.698 GB/s, BD/PAIR 12.723 GB/s, time 5.151e-03 s, comm_vol 3.146 GB
SIZE 786432, REAL_BD 665.139 GB/s, BD/PAIR 13.857 GB/s, time 5.675e-03 s, comm_vol 3.775 GB
SIZE 917504, REAL_BD 714.549 GB/s, BD/PAIR 14.886 GB/s, time 6.163e-03 s, comm_vol 4.404 GB
SIZE 1048576, REAL_BD 754.544 GB/s, BD/PAIR 15.72 GB/s, time 6.670e-03 s, comm_vol 5.033 GB
SIZE 1310720, REAL_BD 817.152 GB/s, BD/PAIR 17.024 GB/s, time 7.699e-03 s, comm_vol 6.291 GB
SIZE 1572864, REAL_BD 864.221 GB/s, BD/PAIR 18.005 GB/s, time 8.736e-03 s, comm_vol 7.55 GB
SIZE 1835008, REAL_BD 900.58 GB/s, BD/PAIR 18.762 GB/s, time 9.780e-03 s, comm_vol 8.808 GB
SIZE 2097152, REAL_BD 1.207 TB/s, BD/PAIR 25.136 GB/s, time 8.343e-03 s, comm_vol 10.066 GB
SIZE 2621440, REAL_BD 1.28 TB/s, BD/PAIR 26.665 GB/s, time 9.831e-03 s, comm_vol 12.583 GB
SIZE 3145728, REAL_BD 1.339 TB/s, BD/PAIR 27.901 GB/s, time 1.127e-02 s, comm_vol 15.099 GB
SIZE 3670016, REAL_BD 1.397 TB/s, BD/PAIR 29.102 GB/s, time 1.261e-02 s, comm_vol 17.616 GB
SIZE 4194304, REAL_BD 1.435 TB/s, BD/PAIR 29.89 GB/s, time 1.403e-02 s, comm_vol 20.133 GB
SIZE 5242880, REAL_BD 1.495 TB/s, BD/PAIR 31.14 GB/s, time 1.684e-02 s, comm_vol 25.166 GB
SIZE 6291456, REAL_BD 1.541 TB/s, BD/PAIR 32.098 GB/s, time 1.960e-02 s, comm_vol 30.199 GB
SIZE 7340032, REAL_BD 1.577 TB/s, BD/PAIR 32.852 GB/s, time 2.234e-02 s, comm_vol 35.232 GB
SIZE 8388608, REAL_BD 1.603 TB/s, BD/PAIR 33.401 GB/s, time 2.511e-02 s, comm_vol 40.265 GB
SIZE 10485760, REAL_BD 1.632 TB/s, BD/PAIR 34.004 GB/s, time 3.084e-02 s, comm_vol 50.332 GB
SIZE 12582912, REAL_BD 1.642 TB/s, BD/PAIR 34.212 GB/s, time 3.678e-02 s, comm_vol 60.398 GB
SIZE 14680064, REAL_BD 562.631 GB/s, BD/PAIR 11.721 GB/s, time 1.252e-01 s, comm_vol 70.464 GB
SIZE 16777216, REAL_BD 1.641 TB/s, BD/PAIR 34.191 GB/s, time 4.907e-02 s, comm_vol 80.531 GB
SIZE 20971520, REAL_BD 1.655 TB/s, BD/PAIR 34.487 GB/s, time 6.081e-02 s, comm_vol 100.663 GB
SIZE 25165824, REAL_BD 1.54 TB/s, BD/PAIR 32.093 GB/s, time 7.842e-02 s, comm_vol 120.796 GB
SIZE 29360128, REAL_BD 1.627 TB/s, BD/PAIR 33.899 GB/s, time 8.661e-02 s, comm_vol 140.929 GB
SIZE 33554432, REAL_BD 1.636 TB/s, BD/PAIR 34.076 GB/s, time 9.847e-02 s, comm_vol 161.061 GB
SIZE 41943040, REAL_BD 1.645 TB/s, BD/PAIR 34.271 GB/s, time 1.224e-01 s, comm_vol 201.327 GB
SIZE 50331648, REAL_BD 1.64 TB/s, BD/PAIR 34.176 GB/s, time 1.473e-01 s, comm_vol 241.592 GB
SIZE 58720256, REAL_BD 1.638 TB/s, BD/PAIR 34.121 GB/s, time 1.721e-01 s, comm_vol 281.857 GB
SIZE 67108864, REAL_BD 1.657 TB/s, BD/PAIR 34.524 GB/s, time 1.944e-01 s, comm_vol 322.123 GB
SIZE 83886080, REAL_BD 1.664 TB/s, BD/PAIR 34.672 GB/s, time 2.419e-01 s, comm_vol 402.653 GB
SIZE 100663296, REAL_BD 1.667 TB/s, BD/PAIR 34.728 GB/s, time 2.899e-01 s, comm_vol 483.184 GB
SIZE 117440512, REAL_BD 1.661 TB/s, BD/PAIR 34.604 GB/s, time 3.394e-01 s, comm_vol 563.714 GB
SIZE 134217728, REAL_BD 1.672 TB/s, BD/PAIR 34.824 GB/s, time 3.854e-01 s, comm_vol 644.245 GB
SIZE 167772160, REAL_BD 1.675 TB/s, BD/PAIR 34.888 GB/s, time 4.809e-01 s, comm_vol 805.306 GB
SIZE 201326592, REAL_BD 1.676 TB/s, BD/PAIR 34.92 GB/s, time 5.765e-01 s, comm_vol 966.368 GB
SIZE 234881024, REAL_BD 1.677 TB/s, BD/PAIR 34.93 GB/s, time 6.724e-01 s, comm_vol 1.127 TB
SIZE 268435456, REAL_BD 1.678 TB/s, BD/PAIR 34.963 GB/s, time 7.678e-01 s, comm_vol 1.288 TB
SIZE 335544320, REAL_BD 1.679 TB/s, BD/PAIR 34.979 GB/s, time 9.593e-01 s, comm_vol 1.611 TB
SIZE 402653184, REAL_BD 1.679 TB/s, BD/PAIR 34.984 GB/s, time 1.151e+00 s, comm_vol 1.933 TB
SIZE 469762048, REAL_BD 1.68 TB/s, BD/PAIR 34.991 GB/s, time 1.343e+00 s, comm_vol 2.255 TB
SIZE 536870912, REAL_BD 1.681 TB/s, BD/PAIR 35.021 GB/s, time 1.533e+00 s, comm_vol 2.577 TB
SIZE 671088640, REAL_BD 1.682 TB/s, BD/PAIR 35.04 GB/s, time 1.915e+00 s, comm_vol 3.221 TB
SIZE 805306368, REAL_BD 1.682 TB/s, BD/PAIR 35.048 GB/s, time 2.298e+00 s, comm_vol 3.865 TB
SIZE 939524096, REAL_BD 1.683 TB/s, BD/PAIR 35.056 GB/s, time 2.680e+00 s, comm_vol 4.51 TB
SIZE 1073741824, REAL_BD 1.683 TB/s, BD/PAIR 35.059 GB/s, time 3.063e+00 s, comm_vol 5.154 TB
+ set +x
