CP_FILE_NAME: small
CUDA_VISIBLE_DEVICES: 
GPU_NUM: 64
PROC_NUM: 64
NNODES: 8
NTASK_PER_NODE: 8
COMM_MODULE: raw-nccl
++ cat /root/mpi_rack_hostfile
++ head -n 1
++ sed -s s/slots=8//g
+ mpirun -np 64 --hostfile /root/mpi_rack_hostfile --allow-run-as-root -oversubscribe -map-by ppr:8:node --bind-to numa -mca pml ob1 -mca btl '^openib' -x OMPI_MCA_btl_tcp_if_include=ens19np0 -mca oob_tcp_if_include 10.102.2.0/24 --output-filename results/ -x NCCL_PXN_DISABLE=0 -x NCCL_IB_GID_INDEX=3 -x NCCL_NET_GDR_LEVEL=4 -x NCCL_IB_RETRY_CNT=7 -x NCCL_IB_TIME_OUT=32 -x NCCL_IB_QPS_PER_CONNECTION=8 -x NCCL_P2P_LEVEL=NVL -x NCCL_DEBUG=VERSION -x PATH -x MASTER_ADDR=10.11.1.2 -x MASTER_PORT=20421 -x GLOO_SOCKET_IFNAME=ens19np0 -x NCCL_SOCKET_IFNAME=ens19np0 -x CUDA_DEVICE_MAX_CONNECTIONS=1 -x TORCH_NCCL_AVOID_RECORD_STREAMS=1 -x PYTORCH_CUDA_ALLOC_CONF=expandable_segments:True -x NCCL_NVLS_ENABLE=0 -x LD_LIBRARY_PATH=/usr/local/cuda/compat/lib.real:/opt/nvshmem/lib:/usr/local/lib/python3.10/dist-packages/torch/lib:/usr/local/lib/python3.10/dist-packages/torch_tensorrt/lib:/usr/local/cuda/compat/lib:/usr/local/nvidia/lib:/usr/local/nvidia/lib64:/usr/local/cuda/lib64:/usr/local/tensorrt/lib:/usr/local/cuda/lib64:/usr/local/tensorrt/lib -x CLUSTER_NAME -x PLATFORM -x TRACE_NAME ./scripts/executor.sh python conflict_bench.py --backend NCCL --config ./scripts/configs/small_64.json --comm-module raw-nccl
NCCL version 2.25.1+cuda12.2
[INFO]: Cluster init done !!!
[[0, 8]]
NCCL version 2.21.5+cuda12.6
SIZE 8192, REAL_BD 530.488 MB/s, BD/PAIR 530.488 MB/s, time 1.544e-03 s, comm_vol 819.2 KB
SIZE 16384, REAL_BD 1.053 GB/s, BD/PAIR 1.053 GB/s, time 1.557e-03 s, comm_vol 1.638 MB
SIZE 24576, REAL_BD 1.423 GB/s, BD/PAIR 1.423 GB/s, time 1.727e-03 s, comm_vol 2.458 MB
SIZE 32768, REAL_BD 1.856 GB/s, BD/PAIR 1.856 GB/s, time 1.765e-03 s, comm_vol 3.277 MB
SIZE 40960, REAL_BD 1.956 GB/s, BD/PAIR 1.956 GB/s, time 2.094e-03 s, comm_vol 4.096 MB
SIZE 49152, REAL_BD 2.354 GB/s, BD/PAIR 2.354 GB/s, time 2.088e-03 s, comm_vol 4.915 MB
SIZE 57344, REAL_BD 2.685 GB/s, BD/PAIR 2.685 GB/s, time 2.136e-03 s, comm_vol 5.734 MB
SIZE 65536, REAL_BD 3.008 GB/s, BD/PAIR 3.008 GB/s, time 2.178e-03 s, comm_vol 6.554 MB
SIZE 81920, REAL_BD 3.717 GB/s, BD/PAIR 3.717 GB/s, time 2.204e-03 s, comm_vol 8.192 MB
SIZE 98304, REAL_BD 4.477 GB/s, BD/PAIR 4.477 GB/s, time 2.196e-03 s, comm_vol 9.83 MB
SIZE 114688, REAL_BD 5.263 GB/s, BD/PAIR 5.263 GB/s, time 2.179e-03 s, comm_vol 11.469 MB
SIZE 131072, REAL_BD 5.858 GB/s, BD/PAIR 5.858 GB/s, time 2.237e-03 s, comm_vol 13.107 MB
SIZE 163840, REAL_BD 6.77 GB/s, BD/PAIR 6.77 GB/s, time 2.420e-03 s, comm_vol 16.384 MB
SIZE 196608, REAL_BD 8.134 GB/s, BD/PAIR 8.134 GB/s, time 2.417e-03 s, comm_vol 19.661 MB
SIZE 229376, REAL_BD 8.688 GB/s, BD/PAIR 8.688 GB/s, time 2.640e-03 s, comm_vol 22.938 MB
SIZE 262144, REAL_BD 10.725 GB/s, BD/PAIR 10.725 GB/s, time 2.444e-03 s, comm_vol 26.214 MB
SIZE 327680, REAL_BD 11.202 GB/s, BD/PAIR 11.202 GB/s, time 2.925e-03 s, comm_vol 32.768 MB
SIZE 393216, REAL_BD 13.204 GB/s, BD/PAIR 13.204 GB/s, time 2.978e-03 s, comm_vol 39.322 MB
SIZE 458752, REAL_BD 13.497 GB/s, BD/PAIR 13.497 GB/s, time 3.399e-03 s, comm_vol 45.875 MB
SIZE 524288, REAL_BD 14.881 GB/s, BD/PAIR 14.881 GB/s, time 3.523e-03 s, comm_vol 52.429 MB
SIZE 655360, REAL_BD 16.28 GB/s, BD/PAIR 16.28 GB/s, time 4.025e-03 s, comm_vol 65.536 MB
SIZE 786432, REAL_BD 17.299 GB/s, BD/PAIR 17.299 GB/s, time 4.546e-03 s, comm_vol 78.643 MB
SIZE 917504, REAL_BD 18.05 GB/s, BD/PAIR 18.05 GB/s, time 5.083e-03 s, comm_vol 91.75 MB
SIZE 1048576, REAL_BD 18.684 GB/s, BD/PAIR 18.684 GB/s, time 5.612e-03 s, comm_vol 104.858 MB
SIZE 1310720, REAL_BD 19.777 GB/s, BD/PAIR 19.777 GB/s, time 6.628e-03 s, comm_vol 131.072 MB
SIZE 1572864, REAL_BD 20.468 GB/s, BD/PAIR 20.468 GB/s, time 7.684e-03 s, comm_vol 157.286 MB
SIZE 1835008, REAL_BD 21.077 GB/s, BD/PAIR 21.077 GB/s, time 8.706e-03 s, comm_vol 183.501 MB
SIZE 2097152, REAL_BD 26.878 GB/s, BD/PAIR 26.878 GB/s, time 7.802e-03 s, comm_vol 209.715 MB
SIZE 2621440, REAL_BD 28.789 GB/s, BD/PAIR 28.789 GB/s, time 9.106e-03 s, comm_vol 262.144 MB
SIZE 3145728, REAL_BD 30.174 GB/s, BD/PAIR 30.174 GB/s, time 1.043e-02 s, comm_vol 314.573 MB
SIZE 3670016, REAL_BD 31.349 GB/s, BD/PAIR 31.349 GB/s, time 1.171e-02 s, comm_vol 367.002 MB
SIZE 4194304, REAL_BD 32.216 GB/s, BD/PAIR 32.216 GB/s, time 1.302e-02 s, comm_vol 419.43 MB
SIZE 5242880, REAL_BD 33.611 GB/s, BD/PAIR 33.611 GB/s, time 1.560e-02 s, comm_vol 524.288 MB
SIZE 6291456, REAL_BD 34.546 GB/s, BD/PAIR 34.546 GB/s, time 1.821e-02 s, comm_vol 629.146 MB
SIZE 7340032, REAL_BD 35.266 GB/s, BD/PAIR 35.266 GB/s, time 2.081e-02 s, comm_vol 734.003 MB
SIZE 8388608, REAL_BD 35.831 GB/s, BD/PAIR 35.831 GB/s, time 2.341e-02 s, comm_vol 838.861 MB
SIZE 10485760, REAL_BD 36.508 GB/s, BD/PAIR 36.508 GB/s, time 2.872e-02 s, comm_vol 1.049 GB
SIZE 12582912, REAL_BD 37.09 GB/s, BD/PAIR 37.09 GB/s, time 3.393e-02 s, comm_vol 1.258 GB
SIZE 14680064, REAL_BD 37.196 GB/s, BD/PAIR 37.196 GB/s, time 3.947e-02 s, comm_vol 1.468 GB
SIZE 16777216, REAL_BD 37.614 GB/s, BD/PAIR 37.614 GB/s, time 4.460e-02 s, comm_vol 1.678 GB
SIZE 20971520, REAL_BD 37.88 GB/s, BD/PAIR 37.88 GB/s, time 5.536e-02 s, comm_vol 2.097 GB
SIZE 25165824, REAL_BD 38.206 GB/s, BD/PAIR 38.206 GB/s, time 6.587e-02 s, comm_vol 2.517 GB
SIZE 29360128, REAL_BD 38.342 GB/s, BD/PAIR 38.342 GB/s, time 7.657e-02 s, comm_vol 2.936 GB
SIZE 33554432, REAL_BD 38.543 GB/s, BD/PAIR 38.543 GB/s, time 8.706e-02 s, comm_vol 3.355 GB
SIZE 41943040, REAL_BD 38.738 GB/s, BD/PAIR 38.738 GB/s, time 1.083e-01 s, comm_vol 4.194 GB
SIZE 50331648, REAL_BD 38.811 GB/s, BD/PAIR 38.811 GB/s, time 1.297e-01 s, comm_vol 5.033 GB
SIZE 58720256, REAL_BD 38.283 GB/s, BD/PAIR 38.283 GB/s, time 1.534e-01 s, comm_vol 5.872 GB
SIZE 67108864, REAL_BD 38.595 GB/s, BD/PAIR 38.595 GB/s, time 1.739e-01 s, comm_vol 6.711 GB
SIZE 83886080, REAL_BD 38.695 GB/s, BD/PAIR 38.695 GB/s, time 2.168e-01 s, comm_vol 8.389 GB
SIZE 100663296, REAL_BD 38.76 GB/s, BD/PAIR 38.76 GB/s, time 2.597e-01 s, comm_vol 10.066 GB
SIZE 117440512, REAL_BD 38.8 GB/s, BD/PAIR 38.8 GB/s, time 3.027e-01 s, comm_vol 11.744 GB
SIZE 134217728, REAL_BD 38.834 GB/s, BD/PAIR 38.834 GB/s, time 3.456e-01 s, comm_vol 13.422 GB
SIZE 167772160, REAL_BD 38.87 GB/s, BD/PAIR 38.87 GB/s, time 4.316e-01 s, comm_vol 16.777 GB
SIZE 201326592, REAL_BD 38.901 GB/s, BD/PAIR 38.901 GB/s, time 5.175e-01 s, comm_vol 20.133 GB
SIZE 234881024, REAL_BD 38.833 GB/s, BD/PAIR 38.833 GB/s, time 6.048e-01 s, comm_vol 23.488 GB
SIZE 268435456, REAL_BD 38.959 GB/s, BD/PAIR 38.959 GB/s, time 6.890e-01 s, comm_vol 26.844 GB
SIZE 335544320, REAL_BD 38.984 GB/s, BD/PAIR 38.984 GB/s, time 8.607e-01 s, comm_vol 33.554 GB
SIZE 402653184, REAL_BD 38.991 GB/s, BD/PAIR 38.991 GB/s, time 1.033e+00 s, comm_vol 40.265 GB
SIZE 469762048, REAL_BD 39.004 GB/s, BD/PAIR 39.004 GB/s, time 1.204e+00 s, comm_vol 46.976 GB
SIZE 536870912, REAL_BD 39.001 GB/s, BD/PAIR 39.001 GB/s, time 1.377e+00 s, comm_vol 53.687 GB
SIZE 671088640, REAL_BD 39.027 GB/s, BD/PAIR 39.027 GB/s, time 1.720e+00 s, comm_vol 67.109 GB
SIZE 805306368, REAL_BD 39.032 GB/s, BD/PAIR 39.032 GB/s, time 2.063e+00 s, comm_vol 80.531 GB
SIZE 939524096, REAL_BD 39.035 GB/s, BD/PAIR 39.035 GB/s, time 2.407e+00 s, comm_vol 93.952 GB
SIZE 1073741824, REAL_BD 39.046 GB/s, BD/PAIR 39.046 GB/s, time 2.750e+00 s, comm_vol 107.374 GB
[[0, 8], [8, 16]]
NCCL version 2.21.5+cuda12.6
SIZE 8192, REAL_BD 1.129 GB/s, BD/PAIR 564.292 MB/s, time 1.452e-03 s, comm_vol 1.638 MB
SIZE 16384, REAL_BD 2.085 GB/s, BD/PAIR 1.043 GB/s, time 1.571e-03 s, comm_vol 3.277 MB
SIZE 24576, REAL_BD 2.857 GB/s, BD/PAIR 1.429 GB/s, time 1.720e-03 s, comm_vol 4.915 MB
SIZE 32768, REAL_BD 3.694 GB/s, BD/PAIR 1.847 GB/s, time 1.774e-03 s, comm_vol 6.554 MB
SIZE 40960, REAL_BD 3.905 GB/s, BD/PAIR 1.953 GB/s, time 2.098e-03 s, comm_vol 8.192 MB
SIZE 49152, REAL_BD 4.663 GB/s, BD/PAIR 2.332 GB/s, time 2.108e-03 s, comm_vol 9.83 MB
SIZE 57344, REAL_BD 5.364 GB/s, BD/PAIR 2.682 GB/s, time 2.138e-03 s, comm_vol 11.469 MB
SIZE 65536, REAL_BD 5.974 GB/s, BD/PAIR 2.987 GB/s, time 2.194e-03 s, comm_vol 13.107 MB
SIZE 81920, REAL_BD 7.326 GB/s, BD/PAIR 3.663 GB/s, time 2.236e-03 s, comm_vol 16.384 MB
SIZE 98304, REAL_BD 8.902 GB/s, BD/PAIR 4.451 GB/s, time 2.208e-03 s, comm_vol 19.661 MB
SIZE 114688, REAL_BD 10.27 GB/s, BD/PAIR 5.135 GB/s, time 2.234e-03 s, comm_vol 22.938 MB
SIZE 131072, REAL_BD 11.553 GB/s, BD/PAIR 5.777 GB/s, time 2.269e-03 s, comm_vol 26.214 MB
SIZE 163840, REAL_BD 13.388 GB/s, BD/PAIR 6.694 GB/s, time 2.448e-03 s, comm_vol 32.768 MB
SIZE 196608, REAL_BD 16.062 GB/s, BD/PAIR 8.031 GB/s, time 2.448e-03 s, comm_vol 39.322 MB
SIZE 229376, REAL_BD 16.606 GB/s, BD/PAIR 8.303 GB/s, time 2.763e-03 s, comm_vol 45.875 MB
SIZE 262144, REAL_BD 20.783 GB/s, BD/PAIR 10.391 GB/s, time 2.523e-03 s, comm_vol 52.429 MB
SIZE 327680, REAL_BD 22.137 GB/s, BD/PAIR 11.069 GB/s, time 2.960e-03 s, comm_vol 65.536 MB
SIZE 393216, REAL_BD 25.786 GB/s, BD/PAIR 12.893 GB/s, time 3.050e-03 s, comm_vol 78.643 MB
SIZE 458752, REAL_BD 26.765 GB/s, BD/PAIR 13.383 GB/s, time 3.428e-03 s, comm_vol 91.75 MB
SIZE 524288, REAL_BD 29.367 GB/s, BD/PAIR 14.684 GB/s, time 3.571e-03 s, comm_vol 104.858 MB
SIZE 655360, REAL_BD 32.093 GB/s, BD/PAIR 16.047 GB/s, time 4.084e-03 s, comm_vol 131.072 MB
SIZE 786432, REAL_BD 34.004 GB/s, BD/PAIR 17.002 GB/s, time 4.626e-03 s, comm_vol 157.286 MB
SIZE 917504, REAL_BD 35.632 GB/s, BD/PAIR 17.816 GB/s, time 5.150e-03 s, comm_vol 183.501 MB
SIZE 1048576, REAL_BD 36.875 GB/s, BD/PAIR 18.437 GB/s, time 5.687e-03 s, comm_vol 209.715 MB
SIZE 1310720, REAL_BD 39.087 GB/s, BD/PAIR 19.543 GB/s, time 6.707e-03 s, comm_vol 262.144 MB
SIZE 1572864, REAL_BD 40.337 GB/s, BD/PAIR 20.168 GB/s, time 7.799e-03 s, comm_vol 314.573 MB
SIZE 1835008, REAL_BD 41.583 GB/s, BD/PAIR 20.791 GB/s, time 8.826e-03 s, comm_vol 367.002 MB
SIZE 2097152, REAL_BD 53.512 GB/s, BD/PAIR 26.756 GB/s, time 7.838e-03 s, comm_vol 419.43 MB
SIZE 2621440, REAL_BD 57.172 GB/s, BD/PAIR 28.586 GB/s, time 9.170e-03 s, comm_vol 524.288 MB
SIZE 3145728, REAL_BD 60.001 GB/s, BD/PAIR 30.0 GB/s, time 1.049e-02 s, comm_vol 629.146 MB
SIZE 3670016, REAL_BD 62.312 GB/s, BD/PAIR 31.156 GB/s, time 1.178e-02 s, comm_vol 734.003 MB
SIZE 4194304, REAL_BD 64.184 GB/s, BD/PAIR 32.092 GB/s, time 1.307e-02 s, comm_vol 838.861 MB
SIZE 5242880, REAL_BD 66.868 GB/s, BD/PAIR 33.434 GB/s, time 1.568e-02 s, comm_vol 1.049 GB
SIZE 6291456, REAL_BD 68.463 GB/s, BD/PAIR 34.231 GB/s, time 1.838e-02 s, comm_vol 1.258 GB
SIZE 7340032, REAL_BD 69.825 GB/s, BD/PAIR 34.912 GB/s, time 2.102e-02 s, comm_vol 1.468 GB
SIZE 8388608, REAL_BD 70.868 GB/s, BD/PAIR 35.434 GB/s, time 2.367e-02 s, comm_vol 1.678 GB
SIZE 10485760, REAL_BD 72.081 GB/s, BD/PAIR 36.04 GB/s, time 2.909e-02 s, comm_vol 2.097 GB
SIZE 12582912, REAL_BD 73.197 GB/s, BD/PAIR 36.599 GB/s, time 3.438e-02 s, comm_vol 2.517 GB
SIZE 14680064, REAL_BD 73.931 GB/s, BD/PAIR 36.965 GB/s, time 3.971e-02 s, comm_vol 2.936 GB
SIZE 16777216, REAL_BD 74.469 GB/s, BD/PAIR 37.235 GB/s, time 4.506e-02 s, comm_vol 3.355 GB
SIZE 20971520, REAL_BD 74.989 GB/s, BD/PAIR 37.495 GB/s, time 5.593e-02 s, comm_vol 4.194 GB
SIZE 25165824, REAL_BD 75.263 GB/s, BD/PAIR 37.631 GB/s, time 6.687e-02 s, comm_vol 5.033 GB
SIZE 29360128, REAL_BD 74.955 GB/s, BD/PAIR 37.478 GB/s, time 7.834e-02 s, comm_vol 5.872 GB
SIZE 33554432, REAL_BD 75.165 GB/s, BD/PAIR 37.582 GB/s, time 8.928e-02 s, comm_vol 6.711 GB
SIZE 41943040, REAL_BD 75.503 GB/s, BD/PAIR 37.751 GB/s, time 1.111e-01 s, comm_vol 8.389 GB
SIZE 50331648, REAL_BD 75.73 GB/s, BD/PAIR 37.865 GB/s, time 1.329e-01 s, comm_vol 10.066 GB
SIZE 58720256, REAL_BD 75.835 GB/s, BD/PAIR 37.917 GB/s, time 1.549e-01 s, comm_vol 11.744 GB
SIZE 67108864, REAL_BD 75.973 GB/s, BD/PAIR 37.986 GB/s, time 1.767e-01 s, comm_vol 13.422 GB
SIZE 83886080, REAL_BD 76.086 GB/s, BD/PAIR 38.043 GB/s, time 2.205e-01 s, comm_vol 16.777 GB
SIZE 100663296, REAL_BD 76.246 GB/s, BD/PAIR 38.123 GB/s, time 2.640e-01 s, comm_vol 20.133 GB
SIZE 117440512, REAL_BD 76.064 GB/s, BD/PAIR 38.032 GB/s, time 3.088e-01 s, comm_vol 23.488 GB
SIZE 134217728, REAL_BD 76.384 GB/s, BD/PAIR 38.192 GB/s, time 3.514e-01 s, comm_vol 26.844 GB
SIZE 167772160, REAL_BD 76.495 GB/s, BD/PAIR 38.248 GB/s, time 4.386e-01 s, comm_vol 33.554 GB
SIZE 201326592, REAL_BD 76.538 GB/s, BD/PAIR 38.269 GB/s, time 5.261e-01 s, comm_vol 40.265 GB
SIZE 234881024, REAL_BD 76.337 GB/s, BD/PAIR 38.169 GB/s, time 6.154e-01 s, comm_vol 46.976 GB
SIZE 268435456, REAL_BD 76.627 GB/s, BD/PAIR 38.314 GB/s, time 7.006e-01 s, comm_vol 53.687 GB
SIZE 335544320, REAL_BD 76.651 GB/s, BD/PAIR 38.325 GB/s, time 8.755e-01 s, comm_vol 67.109 GB
SIZE 402653184, REAL_BD 76.729 GB/s, BD/PAIR 38.365 GB/s, time 1.050e+00 s, comm_vol 80.531 GB
SIZE 469762048, REAL_BD 76.722 GB/s, BD/PAIR 38.361 GB/s, time 1.225e+00 s, comm_vol 93.952 GB
SIZE 536870912, REAL_BD 76.693 GB/s, BD/PAIR 38.347 GB/s, time 1.400e+00 s, comm_vol 107.374 GB
SIZE 671088640, REAL_BD 76.727 GB/s, BD/PAIR 38.364 GB/s, time 1.749e+00 s, comm_vol 134.218 GB
SIZE 805306368, REAL_BD 76.808 GB/s, BD/PAIR 38.404 GB/s, time 2.097e+00 s, comm_vol 161.061 GB
SIZE 939524096, REAL_BD 76.83 GB/s, BD/PAIR 38.415 GB/s, time 2.446e+00 s, comm_vol 187.905 GB
SIZE 1073741824, REAL_BD 76.799 GB/s, BD/PAIR 38.399 GB/s, time 2.796e+00 s, comm_vol 214.748 GB
[[0, 8], [8, 16], [16, 24]]
NCCL version 2.21.5+cuda12.6
SIZE 8192, REAL_BD 1.661 GB/s, BD/PAIR 553.654 MB/s, time 1.480e-03 s, comm_vol 2.458 MB
SIZE 16384, REAL_BD 3.035 GB/s, BD/PAIR 1.012 GB/s, time 1.619e-03 s, comm_vol 4.915 MB
SIZE 24576, REAL_BD 4.177 GB/s, BD/PAIR 1.392 GB/s, time 1.765e-03 s, comm_vol 7.373 MB
SIZE 32768, REAL_BD 5.403 GB/s, BD/PAIR 1.801 GB/s, time 1.819e-03 s, comm_vol 9.83 MB
SIZE 40960, REAL_BD 5.733 GB/s, BD/PAIR 1.911 GB/s, time 2.143e-03 s, comm_vol 12.288 MB
SIZE 49152, REAL_BD 6.944 GB/s, BD/PAIR 2.315 GB/s, time 2.123e-03 s, comm_vol 14.746 MB
SIZE 57344, REAL_BD 7.911 GB/s, BD/PAIR 2.637 GB/s, time 2.175e-03 s, comm_vol 17.203 MB
SIZE 65536, REAL_BD 8.852 GB/s, BD/PAIR 2.951 GB/s, time 2.221e-03 s, comm_vol 19.661 MB
SIZE 81920, REAL_BD 10.915 GB/s, BD/PAIR 3.638 GB/s, time 2.252e-03 s, comm_vol 24.576 MB
SIZE 98304, REAL_BD 13.133 GB/s, BD/PAIR 4.378 GB/s, time 2.246e-03 s, comm_vol 29.491 MB
SIZE 114688, REAL_BD 15.359 GB/s, BD/PAIR 5.12 GB/s, time 2.240e-03 s, comm_vol 34.406 MB
SIZE 131072, REAL_BD 17.268 GB/s, BD/PAIR 5.756 GB/s, time 2.277e-03 s, comm_vol 39.322 MB
SIZE 163840, REAL_BD 19.861 GB/s, BD/PAIR 6.62 GB/s, time 2.475e-03 s, comm_vol 49.152 MB
SIZE 196608, REAL_BD 23.923 GB/s, BD/PAIR 7.974 GB/s, time 2.465e-03 s, comm_vol 58.982 MB
SIZE 229376, REAL_BD 24.896 GB/s, BD/PAIR 8.299 GB/s, time 2.764e-03 s, comm_vol 68.813 MB
SIZE 262144, REAL_BD 30.758 GB/s, BD/PAIR 10.253 GB/s, time 2.557e-03 s, comm_vol 78.643 MB
SIZE 327680, REAL_BD 32.854 GB/s, BD/PAIR 10.951 GB/s, time 2.992e-03 s, comm_vol 98.304 MB
SIZE 393216, REAL_BD 38.028 GB/s, BD/PAIR 12.676 GB/s, time 3.102e-03 s, comm_vol 117.965 MB
SIZE 458752, REAL_BD 39.48 GB/s, BD/PAIR 13.16 GB/s, time 3.486e-03 s, comm_vol 137.626 MB
SIZE 524288, REAL_BD 43.565 GB/s, BD/PAIR 14.522 GB/s, time 3.610e-03 s, comm_vol 157.286 MB
SIZE 655360, REAL_BD 47.27 GB/s, BD/PAIR 15.757 GB/s, time 4.159e-03 s, comm_vol 196.608 MB
SIZE 786432, REAL_BD 50.326 GB/s, BD/PAIR 16.775 GB/s, time 4.688e-03 s, comm_vol 235.93 MB
SIZE 917504, REAL_BD 53.024 GB/s, BD/PAIR 17.675 GB/s, time 5.191e-03 s, comm_vol 275.251 MB
SIZE 1048576, REAL_BD 55.06 GB/s, BD/PAIR 18.353 GB/s, time 5.713e-03 s, comm_vol 314.573 MB
SIZE 1310720, REAL_BD 58.05 GB/s, BD/PAIR 19.35 GB/s, time 6.774e-03 s, comm_vol 393.216 MB
SIZE 1572864, REAL_BD 59.854 GB/s, BD/PAIR 19.951 GB/s, time 7.884e-03 s, comm_vol 471.859 MB
SIZE 1835008, REAL_BD 61.963 GB/s, BD/PAIR 20.654 GB/s, time 8.884e-03 s, comm_vol 550.502 MB
SIZE 2097152, REAL_BD 80.057 GB/s, BD/PAIR 26.686 GB/s, time 7.859e-03 s, comm_vol 629.146 MB
SIZE 2621440, REAL_BD 85.543 GB/s, BD/PAIR 28.514 GB/s, time 9.193e-03 s, comm_vol 786.432 MB
SIZE 3145728, REAL_BD 89.695 GB/s, BD/PAIR 29.898 GB/s, time 1.052e-02 s, comm_vol 943.718 MB
SIZE 3670016, REAL_BD 93.145 GB/s, BD/PAIR 31.048 GB/s, time 1.182e-02 s, comm_vol 1.101 GB
SIZE 4194304, REAL_BD 95.922 GB/s, BD/PAIR 31.974 GB/s, time 1.312e-02 s, comm_vol 1.258 GB
SIZE 5242880, REAL_BD 99.095 GB/s, BD/PAIR 33.032 GB/s, time 1.587e-02 s, comm_vol 1.573 GB
SIZE 6291456, REAL_BD 101.783 GB/s, BD/PAIR 33.928 GB/s, time 1.854e-02 s, comm_vol 1.887 GB
SIZE 7340032, REAL_BD 103.681 GB/s, BD/PAIR 34.56 GB/s, time 2.124e-02 s, comm_vol 2.202 GB
SIZE 8388608, REAL_BD 103.348 GB/s, BD/PAIR 34.449 GB/s, time 2.435e-02 s, comm_vol 2.517 GB
SIZE 10485760, REAL_BD 107.613 GB/s, BD/PAIR 35.871 GB/s, time 2.923e-02 s, comm_vol 3.146 GB
SIZE 12582912, REAL_BD 108.799 GB/s, BD/PAIR 36.266 GB/s, time 3.470e-02 s, comm_vol 3.775 GB
SIZE 14680064, REAL_BD 109.437 GB/s, BD/PAIR 36.479 GB/s, time 4.024e-02 s, comm_vol 4.404 GB
SIZE 16777216, REAL_BD 110.035 GB/s, BD/PAIR 36.678 GB/s, time 4.574e-02 s, comm_vol 5.033 GB
SIZE 20971520, REAL_BD 110.491 GB/s, BD/PAIR 36.83 GB/s, time 5.694e-02 s, comm_vol 6.291 GB
SIZE 25165824, REAL_BD 109.444 GB/s, BD/PAIR 36.481 GB/s, time 6.898e-02 s, comm_vol 7.55 GB
SIZE 29360128, REAL_BD 108.469 GB/s, BD/PAIR 36.156 GB/s, time 8.120e-02 s, comm_vol 8.808 GB
SIZE 33554432, REAL_BD 108.835 GB/s, BD/PAIR 36.278 GB/s, time 9.249e-02 s, comm_vol 10.066 GB
SIZE 41943040, REAL_BD 109.324 GB/s, BD/PAIR 36.441 GB/s, time 1.151e-01 s, comm_vol 12.583 GB
SIZE 50331648, REAL_BD 109.602 GB/s, BD/PAIR 36.534 GB/s, time 1.378e-01 s, comm_vol 15.099 GB
SIZE 58720256, REAL_BD 109.79 GB/s, BD/PAIR 36.597 GB/s, time 1.605e-01 s, comm_vol 17.616 GB
SIZE 67108864, REAL_BD 110.074 GB/s, BD/PAIR 36.691 GB/s, time 1.829e-01 s, comm_vol 20.133 GB
SIZE 83886080, REAL_BD 110.286 GB/s, BD/PAIR 36.762 GB/s, time 2.282e-01 s, comm_vol 25.166 GB
SIZE 100663296, REAL_BD 110.33 GB/s, BD/PAIR 36.777 GB/s, time 2.737e-01 s, comm_vol 30.199 GB
SIZE 117440512, REAL_BD 109.977 GB/s, BD/PAIR 36.659 GB/s, time 3.204e-01 s, comm_vol 35.232 GB
SIZE 134217728, REAL_BD 110.724 GB/s, BD/PAIR 36.908 GB/s, time 3.637e-01 s, comm_vol 40.265 GB
SIZE 167772160, REAL_BD 110.279 GB/s, BD/PAIR 36.76 GB/s, time 4.564e-01 s, comm_vol 50.332 GB
SIZE 201326592, REAL_BD 110.904 GB/s, BD/PAIR 36.968 GB/s, time 5.446e-01 s, comm_vol 60.398 GB
SIZE 234881024, REAL_BD 110.836 GB/s, BD/PAIR 36.945 GB/s, time 6.358e-01 s, comm_vol 70.464 GB
SIZE 268435456, REAL_BD 110.896 GB/s, BD/PAIR 36.965 GB/s, time 7.262e-01 s, comm_vol 80.531 GB
SIZE 335544320, REAL_BD 111.016 GB/s, BD/PAIR 37.005 GB/s, time 9.067e-01 s, comm_vol 100.663 GB
SIZE 402653184, REAL_BD 111.087 GB/s, BD/PAIR 37.029 GB/s, time 1.087e+00 s, comm_vol 120.796 GB
SIZE 469762048, REAL_BD 111.063 GB/s, BD/PAIR 37.021 GB/s, time 1.269e+00 s, comm_vol 140.929 GB
SIZE 536870912, REAL_BD 111.146 GB/s, BD/PAIR 37.049 GB/s, time 1.449e+00 s, comm_vol 161.061 GB
SIZE 671088640, REAL_BD 111.209 GB/s, BD/PAIR 37.07 GB/s, time 1.810e+00 s, comm_vol 201.327 GB
SIZE 805306368, REAL_BD 111.226 GB/s, BD/PAIR 37.075 GB/s, time 2.172e+00 s, comm_vol 241.592 GB
SIZE 939524096, REAL_BD 111.194 GB/s, BD/PAIR 37.065 GB/s, time 2.535e+00 s, comm_vol 281.857 GB
SIZE 1073741824, REAL_BD 111.241 GB/s, BD/PAIR 37.08 GB/s, time 2.896e+00 s, comm_vol 322.123 GB
[[0, 8], [8, 16], [16, 24], [24, 32]]
NCCL version 2.21.5+cuda12.6
SIZE 8192, REAL_BD 1.76 GB/s, BD/PAIR 440.058 MB/s, time 1.862e-03 s, comm_vol 3.277 MB
SIZE 16384, REAL_BD 3.319 GB/s, BD/PAIR 829.645 MB/s, time 1.975e-03 s, comm_vol 6.554 MB
SIZE 24576, REAL_BD 4.6 GB/s, BD/PAIR 1.15 GB/s, time 2.137e-03 s, comm_vol 9.83 MB
SIZE 32768, REAL_BD 6.043 GB/s, BD/PAIR 1.511 GB/s, time 2.169e-03 s, comm_vol 13.107 MB
SIZE 40960, REAL_BD 6.542 GB/s, BD/PAIR 1.635 GB/s, time 2.505e-03 s, comm_vol 16.384 MB
SIZE 49152, REAL_BD 7.781 GB/s, BD/PAIR 1.945 GB/s, time 2.527e-03 s, comm_vol 19.661 MB
SIZE 57344, REAL_BD 8.816 GB/s, BD/PAIR 2.204 GB/s, time 2.602e-03 s, comm_vol 22.938 MB
SIZE 65536, REAL_BD 9.941 GB/s, BD/PAIR 2.485 GB/s, time 2.637e-03 s, comm_vol 26.214 MB
SIZE 81920, REAL_BD 12.291 GB/s, BD/PAIR 3.073 GB/s, time 2.666e-03 s, comm_vol 32.768 MB
SIZE 98304, REAL_BD 14.748 GB/s, BD/PAIR 3.687 GB/s, time 2.666e-03 s, comm_vol 39.322 MB
SIZE 114688, REAL_BD 17.229 GB/s, BD/PAIR 4.307 GB/s, time 2.663e-03 s, comm_vol 45.875 MB
SIZE 131072, REAL_BD 19.683 GB/s, BD/PAIR 4.921 GB/s, time 2.664e-03 s, comm_vol 52.429 MB
SIZE 163840, REAL_BD 22.492 GB/s, BD/PAIR 5.623 GB/s, time 2.914e-03 s, comm_vol 65.536 MB
SIZE 196608, REAL_BD 26.96 GB/s, BD/PAIR 6.74 GB/s, time 2.917e-03 s, comm_vol 78.643 MB
SIZE 229376, REAL_BD 30.221 GB/s, BD/PAIR 7.555 GB/s, time 3.036e-03 s, comm_vol 91.75 MB
SIZE 262144, REAL_BD 35.623 GB/s, BD/PAIR 8.906 GB/s, time 2.944e-03 s, comm_vol 104.858 MB
SIZE 327680, REAL_BD 37.631 GB/s, BD/PAIR 9.408 GB/s, time 3.483e-03 s, comm_vol 131.072 MB
SIZE 393216, REAL_BD 45.108 GB/s, BD/PAIR 11.277 GB/s, time 3.487e-03 s, comm_vol 157.286 MB
SIZE 458752, REAL_BD 45.854 GB/s, BD/PAIR 11.463 GB/s, time 4.002e-03 s, comm_vol 183.501 MB
SIZE 524288, REAL_BD 53.049 GB/s, BD/PAIR 13.262 GB/s, time 3.953e-03 s, comm_vol 209.715 MB
SIZE 655360, REAL_BD 58.534 GB/s, BD/PAIR 14.634 GB/s, time 4.478e-03 s, comm_vol 262.144 MB
SIZE 786432, REAL_BD 63.06 GB/s, BD/PAIR 15.765 GB/s, time 4.988e-03 s, comm_vol 314.573 MB
SIZE 917504, REAL_BD 66.623 GB/s, BD/PAIR 16.656 GB/s, time 5.509e-03 s, comm_vol 367.002 MB
SIZE 1048576, REAL_BD 69.675 GB/s, BD/PAIR 17.419 GB/s, time 6.020e-03 s, comm_vol 419.43 MB
SIZE 1310720, REAL_BD 73.431 GB/s, BD/PAIR 18.358 GB/s, time 7.140e-03 s, comm_vol 524.288 MB
SIZE 1572864, REAL_BD 76.898 GB/s, BD/PAIR 19.224 GB/s, time 8.182e-03 s, comm_vol 629.146 MB
SIZE 1835008, REAL_BD 79.299 GB/s, BD/PAIR 19.825 GB/s, time 9.256e-03 s, comm_vol 734.003 MB
SIZE 2097152, REAL_BD 106.41 GB/s, BD/PAIR 26.602 GB/s, time 7.883e-03 s, comm_vol 838.861 MB
SIZE 2621440, REAL_BD 113.174 GB/s, BD/PAIR 28.293 GB/s, time 9.265e-03 s, comm_vol 1.049 GB
SIZE 3145728, REAL_BD 118.469 GB/s, BD/PAIR 29.617 GB/s, time 1.062e-02 s, comm_vol 1.258 GB
SIZE 3670016, REAL_BD 122.949 GB/s, BD/PAIR 30.737 GB/s, time 1.194e-02 s, comm_vol 1.468 GB
SIZE 4194304, REAL_BD 126.279 GB/s, BD/PAIR 31.57 GB/s, time 1.329e-02 s, comm_vol 1.678 GB
SIZE 5242880, REAL_BD 130.855 GB/s, BD/PAIR 32.714 GB/s, time 1.603e-02 s, comm_vol 2.097 GB
SIZE 6291456, REAL_BD 134.961 GB/s, BD/PAIR 33.74 GB/s, time 1.865e-02 s, comm_vol 2.517 GB
SIZE 7340032, REAL_BD 137.593 GB/s, BD/PAIR 34.398 GB/s, time 2.134e-02 s, comm_vol 2.936 GB
SIZE 8388608, REAL_BD 139.891 GB/s, BD/PAIR 34.973 GB/s, time 2.399e-02 s, comm_vol 3.355 GB
SIZE 10485760, REAL_BD 142.722 GB/s, BD/PAIR 35.68 GB/s, time 2.939e-02 s, comm_vol 4.194 GB
SIZE 12582912, REAL_BD 144.403 GB/s, BD/PAIR 36.101 GB/s, time 3.485e-02 s, comm_vol 5.033 GB
SIZE 14680064, REAL_BD 144.673 GB/s, BD/PAIR 36.168 GB/s, time 4.059e-02 s, comm_vol 5.872 GB
SIZE 16777216, REAL_BD 145.616 GB/s, BD/PAIR 36.404 GB/s, time 4.609e-02 s, comm_vol 6.711 GB
SIZE 20971520, REAL_BD 146.359 GB/s, BD/PAIR 36.59 GB/s, time 5.732e-02 s, comm_vol 8.389 GB
SIZE 25165824, REAL_BD 144.498 GB/s, BD/PAIR 36.125 GB/s, time 6.966e-02 s, comm_vol 10.066 GB
SIZE 29360128, REAL_BD 143.379 GB/s, BD/PAIR 35.845 GB/s, time 8.191e-02 s, comm_vol 11.744 GB
SIZE 33554432, REAL_BD 143.954 GB/s, BD/PAIR 35.988 GB/s, time 9.324e-02 s, comm_vol 13.422 GB
SIZE 41943040, REAL_BD 144.638 GB/s, BD/PAIR 36.16 GB/s, time 1.160e-01 s, comm_vol 16.777 GB
SIZE 50331648, REAL_BD 144.981 GB/s, BD/PAIR 36.245 GB/s, time 1.389e-01 s, comm_vol 20.133 GB
SIZE 58720256, REAL_BD 145.287 GB/s, BD/PAIR 36.322 GB/s, time 1.617e-01 s, comm_vol 23.488 GB
SIZE 67108864, REAL_BD 145.544 GB/s, BD/PAIR 36.386 GB/s, time 1.844e-01 s, comm_vol 26.844 GB
SIZE 83886080, REAL_BD 145.845 GB/s, BD/PAIR 36.461 GB/s, time 2.301e-01 s, comm_vol 33.554 GB
SIZE 100663296, REAL_BD 146.145 GB/s, BD/PAIR 36.536 GB/s, time 2.755e-01 s, comm_vol 40.265 GB
SIZE 117440512, REAL_BD 146.161 GB/s, BD/PAIR 36.54 GB/s, time 3.214e-01 s, comm_vol 46.976 GB
SIZE 134217728, REAL_BD 146.374 GB/s, BD/PAIR 36.594 GB/s, time 3.668e-01 s, comm_vol 53.687 GB
SIZE 167772160, REAL_BD 146.227 GB/s, BD/PAIR 36.557 GB/s, time 4.589e-01 s, comm_vol 67.109 GB
SIZE 201326592, REAL_BD 146.702 GB/s, BD/PAIR 36.676 GB/s, time 5.489e-01 s, comm_vol 80.531 GB
SIZE 234881024, REAL_BD 146.452 GB/s, BD/PAIR 36.613 GB/s, time 6.415e-01 s, comm_vol 93.952 GB
SIZE 268435456, REAL_BD 146.777 GB/s, BD/PAIR 36.694 GB/s, time 7.315e-01 s, comm_vol 107.374 GB
SIZE 335544320, REAL_BD 146.907 GB/s, BD/PAIR 36.727 GB/s, time 9.136e-01 s, comm_vol 134.218 GB
SIZE 402653184, REAL_BD 146.892 GB/s, BD/PAIR 36.723 GB/s, time 1.096e+00 s, comm_vol 161.061 GB
SIZE 469762048, REAL_BD 146.896 GB/s, BD/PAIR 36.724 GB/s, time 1.279e+00 s, comm_vol 187.905 GB
SIZE 536870912, REAL_BD 147.04 GB/s, BD/PAIR 36.76 GB/s, time 1.460e+00 s, comm_vol 214.748 GB
SIZE 671088640, REAL_BD 147.034 GB/s, BD/PAIR 36.758 GB/s, time 1.826e+00 s, comm_vol 268.435 GB
SIZE 805306368, REAL_BD 147.146 GB/s, BD/PAIR 36.787 GB/s, time 2.189e+00 s, comm_vol 322.123 GB
SIZE 939524096, REAL_BD 147.281 GB/s, BD/PAIR 36.82 GB/s, time 2.552e+00 s, comm_vol 375.81 GB
SIZE 1073741824, REAL_BD 147.225 GB/s, BD/PAIR 36.806 GB/s, time 2.917e+00 s, comm_vol 429.497 GB
[[0, 8], [8, 16], [16, 24], [24, 32], [32, 40]]
NCCL version 2.21.5+cuda12.6
SIZE 8192, REAL_BD 1.963 GB/s, BD/PAIR 392.638 MB/s, time 2.086e-03 s, comm_vol 4.096 MB
SIZE 16384, REAL_BD 4.104 GB/s, BD/PAIR 820.727 MB/s, time 1.996e-03 s, comm_vol 8.192 MB
SIZE 24576, REAL_BD 5.741 GB/s, BD/PAIR 1.148 GB/s, time 2.140e-03 s, comm_vol 12.288 MB
SIZE 32768, REAL_BD 5.185 GB/s, BD/PAIR 1.037 GB/s, time 3.160e-03 s, comm_vol 16.384 MB
SIZE 40960, REAL_BD 8.111 GB/s, BD/PAIR 1.622 GB/s, time 2.525e-03 s, comm_vol 20.48 MB
SIZE 49152, REAL_BD 9.479 GB/s, BD/PAIR 1.896 GB/s, time 2.593e-03 s, comm_vol 24.576 MB
SIZE 57344, REAL_BD 10.848 GB/s, BD/PAIR 2.17 GB/s, time 2.643e-03 s, comm_vol 28.672 MB
SIZE 65536, REAL_BD 12.242 GB/s, BD/PAIR 2.448 GB/s, time 2.677e-03 s, comm_vol 32.768 MB
SIZE 81920, REAL_BD 15.279 GB/s, BD/PAIR 3.056 GB/s, time 2.681e-03 s, comm_vol 40.96 MB
SIZE 98304, REAL_BD 18.309 GB/s, BD/PAIR 3.662 GB/s, time 2.685e-03 s, comm_vol 49.152 MB
SIZE 114688, REAL_BD 21.353 GB/s, BD/PAIR 4.271 GB/s, time 2.686e-03 s, comm_vol 57.344 MB
SIZE 131072, REAL_BD 24.265 GB/s, BD/PAIR 4.853 GB/s, time 2.701e-03 s, comm_vol 65.536 MB
SIZE 163840, REAL_BD 27.898 GB/s, BD/PAIR 5.58 GB/s, time 2.936e-03 s, comm_vol 81.92 MB
SIZE 196608, REAL_BD 33.386 GB/s, BD/PAIR 6.677 GB/s, time 2.944e-03 s, comm_vol 98.304 MB
SIZE 229376, REAL_BD 36.757 GB/s, BD/PAIR 7.351 GB/s, time 3.120e-03 s, comm_vol 114.688 MB
SIZE 262144, REAL_BD 44.002 GB/s, BD/PAIR 8.8 GB/s, time 2.979e-03 s, comm_vol 131.072 MB
SIZE 327680, REAL_BD 46.382 GB/s, BD/PAIR 9.276 GB/s, time 3.532e-03 s, comm_vol 163.84 MB
SIZE 393216, REAL_BD 55.572 GB/s, BD/PAIR 11.114 GB/s, time 3.538e-03 s, comm_vol 196.608 MB
SIZE 458752, REAL_BD 56.612 GB/s, BD/PAIR 11.322 GB/s, time 4.052e-03 s, comm_vol 229.376 MB
SIZE 524288, REAL_BD 65.203 GB/s, BD/PAIR 13.041 GB/s, time 4.020e-03 s, comm_vol 262.144 MB
SIZE 655360, REAL_BD 71.766 GB/s, BD/PAIR 14.353 GB/s, time 4.566e-03 s, comm_vol 327.68 MB
SIZE 786432, REAL_BD 76.017 GB/s, BD/PAIR 15.203 GB/s, time 5.173e-03 s, comm_vol 393.216 MB
SIZE 917504, REAL_BD 81.934 GB/s, BD/PAIR 16.387 GB/s, time 5.599e-03 s, comm_vol 458.752 MB
SIZE 1048576, REAL_BD 85.253 GB/s, BD/PAIR 17.051 GB/s, time 6.150e-03 s, comm_vol 524.288 MB
SIZE 1310720, REAL_BD 91.01 GB/s, BD/PAIR 18.202 GB/s, time 7.201e-03 s, comm_vol 655.36 MB
SIZE 1572864, REAL_BD 95.232 GB/s, BD/PAIR 19.046 GB/s, time 8.258e-03 s, comm_vol 786.432 MB
SIZE 1835008, REAL_BD 98.286 GB/s, BD/PAIR 19.657 GB/s, time 9.335e-03 s, comm_vol 917.504 MB
SIZE 2097152, REAL_BD 131.71 GB/s, BD/PAIR 26.342 GB/s, time 7.961e-03 s, comm_vol 1.049 GB
SIZE 2621440, REAL_BD 139.521 GB/s, BD/PAIR 27.904 GB/s, time 9.394e-03 s, comm_vol 1.311 GB
SIZE 3145728, REAL_BD 146.739 GB/s, BD/PAIR 29.348 GB/s, time 1.072e-02 s, comm_vol 1.573 GB
SIZE 3670016, REAL_BD 151.869 GB/s, BD/PAIR 30.374 GB/s, time 1.208e-02 s, comm_vol 1.835 GB
SIZE 4194304, REAL_BD 154.962 GB/s, BD/PAIR 30.992 GB/s, time 1.353e-02 s, comm_vol 2.097 GB
SIZE 5242880, REAL_BD 162.112 GB/s, BD/PAIR 32.422 GB/s, time 1.617e-02 s, comm_vol 2.621 GB
SIZE 6291456, REAL_BD 167.021 GB/s, BD/PAIR 33.404 GB/s, time 1.883e-02 s, comm_vol 3.146 GB
SIZE 7340032, REAL_BD 170.629 GB/s, BD/PAIR 34.126 GB/s, time 2.151e-02 s, comm_vol 3.67 GB
SIZE 8388608, REAL_BD 170.216 GB/s, BD/PAIR 34.043 GB/s, time 2.464e-02 s, comm_vol 4.194 GB
SIZE 10485760, REAL_BD 176.603 GB/s, BD/PAIR 35.321 GB/s, time 2.969e-02 s, comm_vol 5.243 GB
SIZE 12582912, REAL_BD 179.2 GB/s, BD/PAIR 35.84 GB/s, time 3.511e-02 s, comm_vol 6.291 GB
SIZE 14680064, REAL_BD 179.924 GB/s, BD/PAIR 35.985 GB/s, time 4.080e-02 s, comm_vol 7.34 GB
SIZE 16777216, REAL_BD 180.908 GB/s, BD/PAIR 36.182 GB/s, time 4.637e-02 s, comm_vol 8.389 GB
SIZE 20971520, REAL_BD 181.795 GB/s, BD/PAIR 36.359 GB/s, time 5.768e-02 s, comm_vol 10.486 GB
SIZE 25165824, REAL_BD 180.425 GB/s, BD/PAIR 36.085 GB/s, time 6.974e-02 s, comm_vol 12.583 GB
SIZE 29360128, REAL_BD 178.624 GB/s, BD/PAIR 35.725 GB/s, time 8.218e-02 s, comm_vol 14.68 GB
SIZE 33554432, REAL_BD 179.287 GB/s, BD/PAIR 35.857 GB/s, time 9.358e-02 s, comm_vol 16.777 GB
SIZE 41943040, REAL_BD 180.048 GB/s, BD/PAIR 36.01 GB/s, time 1.165e-01 s, comm_vol 20.972 GB
SIZE 50331648, REAL_BD 180.783 GB/s, BD/PAIR 36.157 GB/s, time 1.392e-01 s, comm_vol 25.166 GB
SIZE 58720256, REAL_BD 180.99 GB/s, BD/PAIR 36.198 GB/s, time 1.622e-01 s, comm_vol 29.36 GB
SIZE 67108864, REAL_BD 181.17 GB/s, BD/PAIR 36.234 GB/s, time 1.852e-01 s, comm_vol 33.554 GB
SIZE 83886080, REAL_BD 181.846 GB/s, BD/PAIR 36.369 GB/s, time 2.307e-01 s, comm_vol 41.943 GB
SIZE 100663296, REAL_BD 182.086 GB/s, BD/PAIR 36.417 GB/s, time 2.764e-01 s, comm_vol 50.332 GB
SIZE 117440512, REAL_BD 181.887 GB/s, BD/PAIR 36.377 GB/s, time 3.228e-01 s, comm_vol 58.72 GB
SIZE 134217728, REAL_BD 182.584 GB/s, BD/PAIR 36.517 GB/s, time 3.676e-01 s, comm_vol 67.109 GB
SIZE 167772160, REAL_BD 182.612 GB/s, BD/PAIR 36.522 GB/s, time 4.594e-01 s, comm_vol 83.886 GB
SIZE 201326592, REAL_BD 182.797 GB/s, BD/PAIR 36.559 GB/s, time 5.507e-01 s, comm_vol 100.663 GB
SIZE 234881024, REAL_BD 182.882 GB/s, BD/PAIR 36.576 GB/s, time 6.422e-01 s, comm_vol 117.441 GB
SIZE 268435456, REAL_BD 182.758 GB/s, BD/PAIR 36.552 GB/s, time 7.344e-01 s, comm_vol 134.218 GB
SIZE 335544320, REAL_BD 182.964 GB/s, BD/PAIR 36.593 GB/s, time 9.170e-01 s, comm_vol 167.772 GB
SIZE 402653184, REAL_BD 183.266 GB/s, BD/PAIR 36.653 GB/s, time 1.099e+00 s, comm_vol 201.327 GB
SIZE 469762048, REAL_BD 183.313 GB/s, BD/PAIR 36.663 GB/s, time 1.281e+00 s, comm_vol 234.881 GB
SIZE 536870912, REAL_BD 183.35 GB/s, BD/PAIR 36.67 GB/s, time 1.464e+00 s, comm_vol 268.435 GB
SIZE 671088640, REAL_BD 183.642 GB/s, BD/PAIR 36.728 GB/s, time 1.827e+00 s, comm_vol 335.544 GB
SIZE 805306368, REAL_BD 183.559 GB/s, BD/PAIR 36.712 GB/s, time 2.194e+00 s, comm_vol 402.653 GB
SIZE 939524096, REAL_BD 183.622 GB/s, BD/PAIR 36.724 GB/s, time 2.558e+00 s, comm_vol 469.762 GB
SIZE 1073741824, REAL_BD 183.616 GB/s, BD/PAIR 36.723 GB/s, time 2.924e+00 s, comm_vol 536.871 GB
[[0, 8], [8, 16], [16, 24], [24, 32], [32, 40], [40, 48]]
NCCL version 2.21.5+cuda12.6
SIZE 8192, REAL_BD 2.482 GB/s, BD/PAIR 413.624 MB/s, time 1.981e-03 s, comm_vol 4.915 MB
SIZE 16384, REAL_BD 4.902 GB/s, BD/PAIR 817.019 MB/s, time 2.005e-03 s, comm_vol 9.83 MB
SIZE 24576, REAL_BD 6.867 GB/s, BD/PAIR 1.145 GB/s, time 2.147e-03 s, comm_vol 14.746 MB
SIZE 32768, REAL_BD 9.015 GB/s, BD/PAIR 1.503 GB/s, time 2.181e-03 s, comm_vol 19.661 MB
SIZE 40960, REAL_BD 9.647 GB/s, BD/PAIR 1.608 GB/s, time 2.548e-03 s, comm_vol 24.576 MB
SIZE 49152, REAL_BD 11.434 GB/s, BD/PAIR 1.906 GB/s, time 2.579e-03 s, comm_vol 29.491 MB
SIZE 57344, REAL_BD 13.013 GB/s, BD/PAIR 2.169 GB/s, time 2.644e-03 s, comm_vol 34.406 MB
SIZE 65536, REAL_BD 14.656 GB/s, BD/PAIR 2.443 GB/s, time 2.683e-03 s, comm_vol 39.322 MB
SIZE 81920, REAL_BD 18.281 GB/s, BD/PAIR 3.047 GB/s, time 2.689e-03 s, comm_vol 49.152 MB
SIZE 98304, REAL_BD 21.852 GB/s, BD/PAIR 3.642 GB/s, time 2.699e-03 s, comm_vol 58.982 MB
SIZE 114688, REAL_BD 25.382 GB/s, BD/PAIR 4.23 GB/s, time 2.711e-03 s, comm_vol 68.813 MB
SIZE 131072, REAL_BD 28.703 GB/s, BD/PAIR 4.784 GB/s, time 2.740e-03 s, comm_vol 78.643 MB
SIZE 163840, REAL_BD 33.278 GB/s, BD/PAIR 5.546 GB/s, time 2.954e-03 s, comm_vol 98.304 MB
SIZE 196608, REAL_BD 40.018 GB/s, BD/PAIR 6.67 GB/s, time 2.948e-03 s, comm_vol 117.965 MB
SIZE 229376, REAL_BD 43.787 GB/s, BD/PAIR 7.298 GB/s, time 3.143e-03 s, comm_vol 137.626 MB
SIZE 262144, REAL_BD 52.441 GB/s, BD/PAIR 8.74 GB/s, time 2.999e-03 s, comm_vol 157.286 MB
SIZE 327680, REAL_BD 55.677 GB/s, BD/PAIR 9.28 GB/s, time 3.531e-03 s, comm_vol 196.608 MB
SIZE 393216, REAL_BD 66.538 GB/s, BD/PAIR 11.09 GB/s, time 3.546e-03 s, comm_vol 235.93 MB
SIZE 458752, REAL_BD 67.919 GB/s, BD/PAIR 11.32 GB/s, time 4.053e-03 s, comm_vol 275.251 MB
SIZE 524288, REAL_BD 77.069 GB/s, BD/PAIR 12.845 GB/s, time 4.082e-03 s, comm_vol 314.573 MB
SIZE 655360, REAL_BD 85.725 GB/s, BD/PAIR 14.288 GB/s, time 4.587e-03 s, comm_vol 393.216 MB
SIZE 786432, REAL_BD 92.069 GB/s, BD/PAIR 15.345 GB/s, time 5.125e-03 s, comm_vol 471.859 MB
SIZE 917504, REAL_BD 97.359 GB/s, BD/PAIR 16.227 GB/s, time 5.654e-03 s, comm_vol 550.502 MB
SIZE 1048576, REAL_BD 102.122 GB/s, BD/PAIR 17.02 GB/s, time 6.161e-03 s, comm_vol 629.146 MB
SIZE 1310720, REAL_BD 108.594 GB/s, BD/PAIR 18.099 GB/s, time 7.242e-03 s, comm_vol 786.432 MB
SIZE 1572864, REAL_BD 113.553 GB/s, BD/PAIR 18.926 GB/s, time 8.311e-03 s, comm_vol 943.718 MB
SIZE 1835008, REAL_BD 117.302 GB/s, BD/PAIR 19.55 GB/s, time 9.386e-03 s, comm_vol 1.101 GB
SIZE 2097152, REAL_BD 154.62 GB/s, BD/PAIR 25.77 GB/s, time 8.138e-03 s, comm_vol 1.258 GB
SIZE 2621440, REAL_BD 166.698 GB/s, BD/PAIR 27.783 GB/s, time 9.435e-03 s, comm_vol 1.573 GB
SIZE 3145728, REAL_BD 173.939 GB/s, BD/PAIR 28.99 GB/s, time 1.085e-02 s, comm_vol 1.887 GB
SIZE 3670016, REAL_BD 181.029 GB/s, BD/PAIR 30.171 GB/s, time 1.216e-02 s, comm_vol 2.202 GB
SIZE 4194304, REAL_BD 185.474 GB/s, BD/PAIR 30.912 GB/s, time 1.357e-02 s, comm_vol 2.517 GB
SIZE 5242880, REAL_BD 193.678 GB/s, BD/PAIR 32.28 GB/s, time 1.624e-02 s, comm_vol 3.146 GB
SIZE 6291456, REAL_BD 198.684 GB/s, BD/PAIR 33.114 GB/s, time 1.900e-02 s, comm_vol 3.775 GB
SIZE 7340032, REAL_BD 203.416 GB/s, BD/PAIR 33.903 GB/s, time 2.165e-02 s, comm_vol 4.404 GB
SIZE 8388608, REAL_BD 206.414 GB/s, BD/PAIR 34.402 GB/s, time 2.438e-02 s, comm_vol 5.033 GB
SIZE 10485760, REAL_BD 211.253 GB/s, BD/PAIR 35.209 GB/s, time 2.978e-02 s, comm_vol 6.291 GB
SIZE 12582912, REAL_BD 214.392 GB/s, BD/PAIR 35.732 GB/s, time 3.521e-02 s, comm_vol 7.55 GB
SIZE 14680064, REAL_BD 215.772 GB/s, BD/PAIR 35.962 GB/s, time 4.082e-02 s, comm_vol 8.808 GB
SIZE 16777216, REAL_BD 217.196 GB/s, BD/PAIR 36.199 GB/s, time 4.635e-02 s, comm_vol 10.066 GB
SIZE 20971520, REAL_BD 218.121 GB/s, BD/PAIR 36.354 GB/s, time 5.769e-02 s, comm_vol 12.583 GB
SIZE 25165824, REAL_BD 216.553 GB/s, BD/PAIR 36.092 GB/s, time 6.973e-02 s, comm_vol 15.099 GB
SIZE 29360128, REAL_BD 214.558 GB/s, BD/PAIR 35.76 GB/s, time 8.210e-02 s, comm_vol 17.616 GB
SIZE 33554432, REAL_BD 215.29 GB/s, BD/PAIR 35.882 GB/s, time 9.351e-02 s, comm_vol 20.133 GB
SIZE 41943040, REAL_BD 216.227 GB/s, BD/PAIR 36.038 GB/s, time 1.164e-01 s, comm_vol 25.166 GB
SIZE 50331648, REAL_BD 216.961 GB/s, BD/PAIR 36.16 GB/s, time 1.392e-01 s, comm_vol 30.199 GB
SIZE 58720256, REAL_BD 217.312 GB/s, BD/PAIR 36.219 GB/s, time 1.621e-01 s, comm_vol 35.232 GB
SIZE 67108864, REAL_BD 217.875 GB/s, BD/PAIR 36.313 GB/s, time 1.848e-01 s, comm_vol 40.265 GB
SIZE 83886080, REAL_BD 218.323 GB/s, BD/PAIR 36.387 GB/s, time 2.305e-01 s, comm_vol 50.332 GB
SIZE 100663296, REAL_BD 218.238 GB/s, BD/PAIR 36.373 GB/s, time 2.768e-01 s, comm_vol 60.398 GB
SIZE 117440512, REAL_BD 219.046 GB/s, BD/PAIR 36.508 GB/s, time 3.217e-01 s, comm_vol 70.464 GB
SIZE 134217728, REAL_BD 219.124 GB/s, BD/PAIR 36.521 GB/s, time 3.675e-01 s, comm_vol 80.531 GB
SIZE 167772160, REAL_BD 219.306 GB/s, BD/PAIR 36.551 GB/s, time 4.590e-01 s, comm_vol 100.663 GB
SIZE 201326592, REAL_BD 219.701 GB/s, BD/PAIR 36.617 GB/s, time 5.498e-01 s, comm_vol 120.796 GB
SIZE 234881024, REAL_BD 219.863 GB/s, BD/PAIR 36.644 GB/s, time 6.410e-01 s, comm_vol 140.929 GB
SIZE 268435456, REAL_BD 219.855 GB/s, BD/PAIR 36.642 GB/s, time 7.326e-01 s, comm_vol 161.061 GB
SIZE 335544320, REAL_BD 220.001 GB/s, BD/PAIR 36.667 GB/s, time 9.151e-01 s, comm_vol 201.327 GB
SIZE 402653184, REAL_BD 220.15 GB/s, BD/PAIR 36.692 GB/s, time 1.097e+00 s, comm_vol 241.592 GB
SIZE 469762048, REAL_BD 220.386 GB/s, BD/PAIR 36.731 GB/s, time 1.279e+00 s, comm_vol 281.857 GB
SIZE 536870912, REAL_BD 220.206 GB/s, BD/PAIR 36.701 GB/s, time 1.463e+00 s, comm_vol 322.123 GB
SIZE 671088640, REAL_BD 220.301 GB/s, BD/PAIR 36.717 GB/s, time 1.828e+00 s, comm_vol 402.653 GB
SIZE 805306368, REAL_BD 220.401 GB/s, BD/PAIR 36.733 GB/s, time 2.192e+00 s, comm_vol 483.184 GB
SIZE 939524096, REAL_BD 220.487 GB/s, BD/PAIR 36.748 GB/s, time 2.557e+00 s, comm_vol 563.714 GB
SIZE 1073741824, REAL_BD 220.475 GB/s, BD/PAIR 36.746 GB/s, time 2.922e+00 s, comm_vol 644.245 GB
[[0, 8], [8, 16], [16, 24], [24, 32], [32, 40], [40, 48], [48, 56]]
NCCL version 2.21.5+cuda12.6
SIZE 8192, REAL_BD 3.026 GB/s, BD/PAIR 432.252 MB/s, time 1.895e-03 s, comm_vol 5.734 MB
SIZE 16384, REAL_BD 5.623 GB/s, BD/PAIR 803.267 MB/s, time 2.040e-03 s, comm_vol 11.469 MB
SIZE 24576, REAL_BD 7.994 GB/s, BD/PAIR 1.142 GB/s, time 2.152e-03 s, comm_vol 17.203 MB
SIZE 32768, REAL_BD 10.448 GB/s, BD/PAIR 1.493 GB/s, time 2.195e-03 s, comm_vol 22.938 MB
SIZE 40960, REAL_BD 11.261 GB/s, BD/PAIR 1.609 GB/s, time 2.546e-03 s, comm_vol 28.672 MB
SIZE 49152, REAL_BD 13.416 GB/s, BD/PAIR 1.917 GB/s, time 2.565e-03 s, comm_vol 34.406 MB
SIZE 57344, REAL_BD 15.117 GB/s, BD/PAIR 2.16 GB/s, time 2.655e-03 s, comm_vol 40.141 MB
SIZE 65536, REAL_BD 17.044 GB/s, BD/PAIR 2.435 GB/s, time 2.692e-03 s, comm_vol 45.875 MB
SIZE 81920, REAL_BD 20.999 GB/s, BD/PAIR 3.0 GB/s, time 2.731e-03 s, comm_vol 57.344 MB
SIZE 98304, REAL_BD 25.329 GB/s, BD/PAIR 3.618 GB/s, time 2.717e-03 s, comm_vol 68.813 MB
SIZE 114688, REAL_BD 29.309 GB/s, BD/PAIR 4.187 GB/s, time 2.739e-03 s, comm_vol 80.282 MB
SIZE 131072, REAL_BD 33.574 GB/s, BD/PAIR 4.796 GB/s, time 2.733e-03 s, comm_vol 91.75 MB
SIZE 163840, REAL_BD 38.566 GB/s, BD/PAIR 5.509 GB/s, time 2.974e-03 s, comm_vol 114.688 MB
SIZE 196608, REAL_BD 46.073 GB/s, BD/PAIR 6.582 GB/s, time 2.987e-03 s, comm_vol 137.626 MB
SIZE 229376, REAL_BD 50.431 GB/s, BD/PAIR 7.204 GB/s, time 3.184e-03 s, comm_vol 160.563 MB
SIZE 262144, REAL_BD 61.196 GB/s, BD/PAIR 8.742 GB/s, time 2.999e-03 s, comm_vol 183.501 MB
SIZE 327680, REAL_BD 64.782 GB/s, BD/PAIR 9.255 GB/s, time 3.541e-03 s, comm_vol 229.376 MB
SIZE 393216, REAL_BD 76.986 GB/s, BD/PAIR 10.998 GB/s, time 3.575e-03 s, comm_vol 275.251 MB
SIZE 458752, REAL_BD 78.399 GB/s, BD/PAIR 11.2 GB/s, time 4.096e-03 s, comm_vol 321.126 MB
SIZE 524288, REAL_BD 90.521 GB/s, BD/PAIR 12.932 GB/s, time 4.054e-03 s, comm_vol 367.002 MB
SIZE 655360, REAL_BD 99.388 GB/s, BD/PAIR 14.198 GB/s, time 4.616e-03 s, comm_vol 458.752 MB
SIZE 786432, REAL_BD 106.704 GB/s, BD/PAIR 15.243 GB/s, time 5.159e-03 s, comm_vol 550.502 MB
SIZE 917504, REAL_BD 113.099 GB/s, BD/PAIR 16.157 GB/s, time 5.679e-03 s, comm_vol 642.253 MB
SIZE 1048576, REAL_BD 118.295 GB/s, BD/PAIR 16.899 GB/s, time 6.205e-03 s, comm_vol 734.003 MB
SIZE 1310720, REAL_BD 125.856 GB/s, BD/PAIR 17.979 GB/s, time 7.290e-03 s, comm_vol 917.504 MB
SIZE 1572864, REAL_BD 131.825 GB/s, BD/PAIR 18.832 GB/s, time 8.352e-03 s, comm_vol 1.101 GB
SIZE 1835008, REAL_BD 136.385 GB/s, BD/PAIR 19.484 GB/s, time 9.418e-03 s, comm_vol 1.285 GB
SIZE 2097152, REAL_BD 181.389 GB/s, BD/PAIR 25.913 GB/s, time 8.093e-03 s, comm_vol 1.468 GB
SIZE 2621440, REAL_BD 193.435 GB/s, BD/PAIR 27.634 GB/s, time 9.486e-03 s, comm_vol 1.835 GB
SIZE 3145728, REAL_BD 200.676 GB/s, BD/PAIR 28.668 GB/s, time 1.097e-02 s, comm_vol 2.202 GB
SIZE 3670016, REAL_BD 210.096 GB/s, BD/PAIR 30.014 GB/s, time 1.223e-02 s, comm_vol 2.569 GB
SIZE 4194304, REAL_BD 216.253 GB/s, BD/PAIR 30.893 GB/s, time 1.358e-02 s, comm_vol 2.936 GB
SIZE 5242880, REAL_BD 225.053 GB/s, BD/PAIR 32.15 GB/s, time 1.631e-02 s, comm_vol 3.67 GB
SIZE 6291456, REAL_BD 231.804 GB/s, BD/PAIR 33.115 GB/s, time 1.900e-02 s, comm_vol 4.404 GB
SIZE 7340032, REAL_BD 236.693 GB/s, BD/PAIR 33.813 GB/s, time 2.171e-02 s, comm_vol 5.138 GB
SIZE 8388608, REAL_BD 240.956 GB/s, BD/PAIR 34.422 GB/s, time 2.437e-02 s, comm_vol 5.872 GB
SIZE 10485760, REAL_BD 246.3 GB/s, BD/PAIR 35.186 GB/s, time 2.980e-02 s, comm_vol 7.34 GB
SIZE 12582912, REAL_BD 250.062 GB/s, BD/PAIR 35.723 GB/s, time 3.522e-02 s, comm_vol 8.808 GB
SIZE 14680064, REAL_BD 251.724 GB/s, BD/PAIR 35.961 GB/s, time 4.082e-02 s, comm_vol 10.276 GB
SIZE 16777216, REAL_BD 253.649 GB/s, BD/PAIR 36.236 GB/s, time 4.630e-02 s, comm_vol 11.744 GB
SIZE 20971520, REAL_BD 252.438 GB/s, BD/PAIR 36.063 GB/s, time 5.815e-02 s, comm_vol 14.68 GB
SIZE 25165824, REAL_BD 252.582 GB/s, BD/PAIR 36.083 GB/s, time 6.974e-02 s, comm_vol 17.616 GB
SIZE 29360128, REAL_BD 250.566 GB/s, BD/PAIR 35.795 GB/s, time 8.202e-02 s, comm_vol 20.552 GB
SIZE 33554432, REAL_BD 251.342 GB/s, BD/PAIR 35.906 GB/s, time 9.345e-02 s, comm_vol 23.488 GB
SIZE 41943040, REAL_BD 252.443 GB/s, BD/PAIR 36.063 GB/s, time 1.163e-01 s, comm_vol 29.36 GB
SIZE 50331648, REAL_BD 253.262 GB/s, BD/PAIR 36.18 GB/s, time 1.391e-01 s, comm_vol 35.232 GB
SIZE 58720256, REAL_BD 253.788 GB/s, BD/PAIR 36.255 GB/s, time 1.620e-01 s, comm_vol 41.104 GB
SIZE 67108864, REAL_BD 254.397 GB/s, BD/PAIR 36.342 GB/s, time 1.847e-01 s, comm_vol 46.976 GB
SIZE 83886080, REAL_BD 255.023 GB/s, BD/PAIR 36.432 GB/s, time 2.303e-01 s, comm_vol 58.72 GB
SIZE 100663296, REAL_BD 255.505 GB/s, BD/PAIR 36.501 GB/s, time 2.758e-01 s, comm_vol 70.464 GB
SIZE 117440512, REAL_BD 255.533 GB/s, BD/PAIR 36.505 GB/s, time 3.217e-01 s, comm_vol 82.208 GB
SIZE 134217728, REAL_BD 256.003 GB/s, BD/PAIR 36.572 GB/s, time 3.670e-01 s, comm_vol 93.952 GB
SIZE 167772160, REAL_BD 256.257 GB/s, BD/PAIR 36.608 GB/s, time 4.583e-01 s, comm_vol 117.441 GB
SIZE 201326592, REAL_BD 256.358 GB/s, BD/PAIR 36.623 GB/s, time 5.497e-01 s, comm_vol 140.929 GB
SIZE 234881024, REAL_BD 256.309 GB/s, BD/PAIR 36.616 GB/s, time 6.415e-01 s, comm_vol 164.417 GB
SIZE 268435456, REAL_BD 256.281 GB/s, BD/PAIR 36.612 GB/s, time 7.332e-01 s, comm_vol 187.905 GB
SIZE 335544320, REAL_BD 256.196 GB/s, BD/PAIR 36.599 GB/s, time 9.168e-01 s, comm_vol 234.881 GB
SIZE 402653184, REAL_BD 256.005 GB/s, BD/PAIR 36.572 GB/s, time 1.101e+00 s, comm_vol 281.857 GB
SIZE 469762048, REAL_BD 256.452 GB/s, BD/PAIR 36.636 GB/s, time 1.282e+00 s, comm_vol 328.833 GB
SIZE 536870912, REAL_BD 256.632 GB/s, BD/PAIR 36.662 GB/s, time 1.464e+00 s, comm_vol 375.81 GB
SIZE 671088640, REAL_BD 256.779 GB/s, BD/PAIR 36.683 GB/s, time 1.829e+00 s, comm_vol 469.762 GB
SIZE 805306368, REAL_BD 256.857 GB/s, BD/PAIR 36.694 GB/s, time 2.195e+00 s, comm_vol 563.714 GB
SIZE 939524096, REAL_BD 256.766 GB/s, BD/PAIR 36.681 GB/s, time 2.561e+00 s, comm_vol 657.667 GB
SIZE 1073741824, REAL_BD 257.036 GB/s, BD/PAIR 36.719 GB/s, time 2.924e+00 s, comm_vol 751.619 GB
[[0, 8], [8, 16], [16, 24], [24, 32], [32, 40], [40, 48], [48, 56], [56, 0]]
SIZE 8192, REAL_BD 2.814 GB/s, BD/PAIR 351.758 MB/s, time 2.329e-03 s, comm_vol 6.554 MB
SIZE 16384, REAL_BD 5.359 GB/s, BD/PAIR 669.846 MB/s, time 2.446e-03 s, comm_vol 13.107 MB
SIZE 24576, REAL_BD 7.593 GB/s, BD/PAIR 949.164 MB/s, time 2.589e-03 s, comm_vol 19.661 MB
SIZE 32768, REAL_BD 9.786 GB/s, BD/PAIR 1.223 GB/s, time 2.679e-03 s, comm_vol 26.214 MB
SIZE 40960, REAL_BD 10.974 GB/s, BD/PAIR 1.372 GB/s, time 2.986e-03 s, comm_vol 32.768 MB
SIZE 49152, REAL_BD 12.311 GB/s, BD/PAIR 1.539 GB/s, time 3.194e-03 s, comm_vol 39.322 MB
SIZE 57344, REAL_BD 14.704 GB/s, BD/PAIR 1.838 GB/s, time 3.120e-03 s, comm_vol 45.875 MB
SIZE 65536, REAL_BD 16.648 GB/s, BD/PAIR 2.081 GB/s, time 3.149e-03 s, comm_vol 52.429 MB
SIZE 81920, REAL_BD 20.714 GB/s, BD/PAIR 2.589 GB/s, time 3.164e-03 s, comm_vol 65.536 MB
SIZE 98304, REAL_BD 24.747 GB/s, BD/PAIR 3.093 GB/s, time 3.178e-03 s, comm_vol 78.643 MB
SIZE 114688, REAL_BD 28.591 GB/s, BD/PAIR 3.574 GB/s, time 3.209e-03 s, comm_vol 91.75 MB
SIZE 131072, REAL_BD 32.329 GB/s, BD/PAIR 4.041 GB/s, time 3.243e-03 s, comm_vol 104.858 MB
SIZE 163840, REAL_BD 38.396 GB/s, BD/PAIR 4.8 GB/s, time 3.414e-03 s, comm_vol 131.072 MB
SIZE 196608, REAL_BD 45.711 GB/s, BD/PAIR 5.714 GB/s, time 3.441e-03 s, comm_vol 157.286 MB
SIZE 229376, REAL_BD 49.55 GB/s, BD/PAIR 6.194 GB/s, time 3.703e-03 s, comm_vol 183.501 MB
SIZE 262144, REAL_BD 59.042 GB/s, BD/PAIR 7.38 GB/s, time 3.552e-03 s, comm_vol 209.715 MB
SIZE 327680, REAL_BD 65.284 GB/s, BD/PAIR 8.16 GB/s, time 4.015e-03 s, comm_vol 262.144 MB
SIZE 393216, REAL_BD 76.417 GB/s, BD/PAIR 9.552 GB/s, time 4.117e-03 s, comm_vol 314.573 MB
SIZE 458752, REAL_BD 81.183 GB/s, BD/PAIR 10.148 GB/s, time 4.521e-03 s, comm_vol 367.002 MB
SIZE 524288, REAL_BD 90.723 GB/s, BD/PAIR 11.34 GB/s, time 4.623e-03 s, comm_vol 419.43 MB
SIZE 655360, REAL_BD 102.09 GB/s, BD/PAIR 12.761 GB/s, time 5.136e-03 s, comm_vol 524.288 MB
SIZE 786432, REAL_BD 110.889 GB/s, BD/PAIR 13.861 GB/s, time 5.674e-03 s, comm_vol 629.146 MB
SIZE 917504, REAL_BD 118.733 GB/s, BD/PAIR 14.842 GB/s, time 6.182e-03 s, comm_vol 734.003 MB
SIZE 1048576, REAL_BD 125.955 GB/s, BD/PAIR 15.744 GB/s, time 6.660e-03 s, comm_vol 838.861 MB
SIZE 1310720, REAL_BD 136.395 GB/s, BD/PAIR 17.049 GB/s, time 7.688e-03 s, comm_vol 1.049 GB
SIZE 1572864, REAL_BD 145.33 GB/s, BD/PAIR 18.166 GB/s, time 8.658e-03 s, comm_vol 1.258 GB
SIZE 1835008, REAL_BD 151.773 GB/s, BD/PAIR 18.972 GB/s, time 9.672e-03 s, comm_vol 1.468 GB
SIZE 2097152, REAL_BD 202.657 GB/s, BD/PAIR 25.332 GB/s, time 8.279e-03 s, comm_vol 1.678 GB
SIZE 2621440, REAL_BD 217.995 GB/s, BD/PAIR 27.249 GB/s, time 9.620e-03 s, comm_vol 2.097 GB
SIZE 3145728, REAL_BD 230.662 GB/s, BD/PAIR 28.833 GB/s, time 1.091e-02 s, comm_vol 2.517 GB
SIZE 3670016, REAL_BD 239.867 GB/s, BD/PAIR 29.983 GB/s, time 1.224e-02 s, comm_vol 2.936 GB
SIZE 4194304, REAL_BD 247.116 GB/s, BD/PAIR 30.889 GB/s, time 1.358e-02 s, comm_vol 3.355 GB
SIZE 5242880, REAL_BD 258.003 GB/s, BD/PAIR 32.25 GB/s, time 1.626e-02 s, comm_vol 4.194 GB
SIZE 6291456, REAL_BD 265.439 GB/s, BD/PAIR 33.18 GB/s, time 1.896e-02 s, comm_vol 5.033 GB
SIZE 7340032, REAL_BD 271.15 GB/s, BD/PAIR 33.894 GB/s, time 2.166e-02 s, comm_vol 5.872 GB
SIZE 8388608, REAL_BD 274.543 GB/s, BD/PAIR 34.318 GB/s, time 2.444e-02 s, comm_vol 6.711 GB
SIZE 10485760, REAL_BD 281.495 GB/s, BD/PAIR 35.187 GB/s, time 2.980e-02 s, comm_vol 8.389 GB
SIZE 12582912, REAL_BD 284.339 GB/s, BD/PAIR 35.542 GB/s, time 3.540e-02 s, comm_vol 10.066 GB
SIZE 14680064, REAL_BD 287.253 GB/s, BD/PAIR 35.907 GB/s, time 4.088e-02 s, comm_vol 11.744 GB
SIZE 16777216, REAL_BD 289.168 GB/s, BD/PAIR 36.146 GB/s, time 4.642e-02 s, comm_vol 13.422 GB
SIZE 20971520, REAL_BD 290.854 GB/s, BD/PAIR 36.357 GB/s, time 5.768e-02 s, comm_vol 16.777 GB
SIZE 25165824, REAL_BD 288.515 GB/s, BD/PAIR 36.064 GB/s, time 6.978e-02 s, comm_vol 20.133 GB
SIZE 29360128, REAL_BD 284.243 GB/s, BD/PAIR 35.53 GB/s, time 8.263e-02 s, comm_vol 23.488 GB
SIZE 33554432, REAL_BD 286.74 GB/s, BD/PAIR 35.842 GB/s, time 9.362e-02 s, comm_vol 26.844 GB
SIZE 41943040, REAL_BD 287.753 GB/s, BD/PAIR 35.969 GB/s, time 1.166e-01 s, comm_vol 33.554 GB
SIZE 50331648, REAL_BD 288.41 GB/s, BD/PAIR 36.051 GB/s, time 1.396e-01 s, comm_vol 40.265 GB
SIZE 58720256, REAL_BD 289.411 GB/s, BD/PAIR 36.176 GB/s, time 1.623e-01 s, comm_vol 46.976 GB
SIZE 67108864, REAL_BD 289.415 GB/s, BD/PAIR 36.177 GB/s, time 1.855e-01 s, comm_vol 53.687 GB
SIZE 83886080, REAL_BD 290.545 GB/s, BD/PAIR 36.318 GB/s, time 2.310e-01 s, comm_vol 67.109 GB
SIZE 100663296, REAL_BD 290.842 GB/s, BD/PAIR 36.355 GB/s, time 2.769e-01 s, comm_vol 80.531 GB
SIZE 117440512, REAL_BD 290.419 GB/s, BD/PAIR 36.302 GB/s, time 3.235e-01 s, comm_vol 93.952 GB
SIZE 134217728, REAL_BD 291.524 GB/s, BD/PAIR 36.441 GB/s, time 3.683e-01 s, comm_vol 107.374 GB
SIZE 167772160, REAL_BD 291.397 GB/s, BD/PAIR 36.425 GB/s, time 4.606e-01 s, comm_vol 134.218 GB
SIZE 201326592, REAL_BD 292.132 GB/s, BD/PAIR 36.517 GB/s, time 5.513e-01 s, comm_vol 161.061 GB
SIZE 234881024, REAL_BD 292.208 GB/s, BD/PAIR 36.526 GB/s, time 6.431e-01 s, comm_vol 187.905 GB
SIZE 268435456, REAL_BD 292.015 GB/s, BD/PAIR 36.502 GB/s, time 7.354e-01 s, comm_vol 214.748 GB
SIZE 335544320, REAL_BD 292.601 GB/s, BD/PAIR 36.575 GB/s, time 9.174e-01 s, comm_vol 268.435 GB
SIZE 402653184, REAL_BD 292.672 GB/s, BD/PAIR 36.584 GB/s, time 1.101e+00 s, comm_vol 322.123 GB
SIZE 469762048, REAL_BD 292.883 GB/s, BD/PAIR 36.61 GB/s, time 1.283e+00 s, comm_vol 375.81 GB
SIZE 536870912, REAL_BD 292.945 GB/s, BD/PAIR 36.618 GB/s, time 1.466e+00 s, comm_vol 429.497 GB
SIZE 671088640, REAL_BD 292.918 GB/s, BD/PAIR 36.615 GB/s, time 1.833e+00 s, comm_vol 536.871 GB
SIZE 805306368, REAL_BD 293.075 GB/s, BD/PAIR 36.634 GB/s, time 2.198e+00 s, comm_vol 644.245 GB
SIZE 939524096, REAL_BD 293.186 GB/s, BD/PAIR 36.648 GB/s, time 2.564e+00 s, comm_vol 751.619 GB
SIZE 1073741824, REAL_BD 293.232 GB/s, BD/PAIR 36.654 GB/s, time 2.929e+00 s, comm_vol 858.993 GB
[[0, 8], [8, 16], [16, 24], [24, 32], [32, 40], [40, 48], [48, 56], [56, 0], [4, 12], [12, 20], [20, 28], [28, 36], [36, 44], [44, 52], [52, 60], [60, 4]]
NCCL version 2.21.5+cuda12.6
NCCL version 2.21.5+cuda12.6
NCCL version 2.21.5+cuda12.6
NCCL version 2.21.5+cuda12.6
NCCL version 2.21.5+cuda12.6
NCCL version 2.21.5+cuda12.6
NCCL version 2.21.5+cuda12.6
SIZE 8192, REAL_BD 4.795 GB/s, BD/PAIR 299.666 MB/s, time 2.734e-03 s, comm_vol 13.107 MB
SIZE 16384, REAL_BD 9.874 GB/s, BD/PAIR 617.148 MB/s, time 2.655e-03 s, comm_vol 26.214 MB
SIZE 24576, REAL_BD 14.443 GB/s, BD/PAIR 902.699 MB/s, time 2.723e-03 s, comm_vol 39.322 MB
SIZE 32768, REAL_BD 18.752 GB/s, BD/PAIR 1.172 GB/s, time 2.796e-03 s, comm_vol 52.429 MB
SIZE 40960, REAL_BD 20.677 GB/s, BD/PAIR 1.292 GB/s, time 3.170e-03 s, comm_vol 65.536 MB
SIZE 49152, REAL_BD 24.209 GB/s, BD/PAIR 1.513 GB/s, time 3.248e-03 s, comm_vol 78.643 MB
SIZE 57344, REAL_BD 27.917 GB/s, BD/PAIR 1.745 GB/s, time 3.287e-03 s, comm_vol 91.75 MB
SIZE 65536, REAL_BD 31.757 GB/s, BD/PAIR 1.985 GB/s, time 3.302e-03 s, comm_vol 104.858 MB
SIZE 81920, REAL_BD 39.288 GB/s, BD/PAIR 2.455 GB/s, time 3.336e-03 s, comm_vol 131.072 MB
SIZE 98304, REAL_BD 47.055 GB/s, BD/PAIR 2.941 GB/s, time 3.343e-03 s, comm_vol 157.286 MB
SIZE 114688, REAL_BD 54.501 GB/s, BD/PAIR 3.406 GB/s, time 3.367e-03 s, comm_vol 183.501 MB
SIZE 131072, REAL_BD 62.181 GB/s, BD/PAIR 3.886 GB/s, time 3.373e-03 s, comm_vol 209.715 MB
SIZE 163840, REAL_BD 73.389 GB/s, BD/PAIR 4.587 GB/s, time 3.572e-03 s, comm_vol 262.144 MB
SIZE 196608, REAL_BD 87.5 GB/s, BD/PAIR 5.469 GB/s, time 3.595e-03 s, comm_vol 314.573 MB
SIZE 229376, REAL_BD 96.376 GB/s, BD/PAIR 6.023 GB/s, time 3.808e-03 s, comm_vol 367.002 MB
SIZE 262144, REAL_BD 114.787 GB/s, BD/PAIR 7.174 GB/s, time 3.654e-03 s, comm_vol 419.43 MB
SIZE 327680, REAL_BD 124.316 GB/s, BD/PAIR 7.77 GB/s, time 4.217e-03 s, comm_vol 524.288 MB
SIZE 393216, REAL_BD 148.65 GB/s, BD/PAIR 9.291 GB/s, time 4.232e-03 s, comm_vol 629.146 MB
SIZE 458752, REAL_BD 154.767 GB/s, BD/PAIR 9.673 GB/s, time 4.743e-03 s, comm_vol 734.003 MB
SIZE 524288, REAL_BD 175.816 GB/s, BD/PAIR 10.989 GB/s, time 4.771e-03 s, comm_vol 838.861 MB
SIZE 655360, REAL_BD 198.351 GB/s, BD/PAIR 12.397 GB/s, time 5.286e-03 s, comm_vol 1.049 GB
SIZE 786432, REAL_BD 216.528 GB/s, BD/PAIR 13.533 GB/s, time 5.811e-03 s, comm_vol 1.258 GB
SIZE 917504, REAL_BD 232.543 GB/s, BD/PAIR 14.534 GB/s, time 6.313e-03 s, comm_vol 1.468 GB
SIZE 1048576, REAL_BD 243.465 GB/s, BD/PAIR 15.217 GB/s, time 6.891e-03 s, comm_vol 1.678 GB
SIZE 1310720, REAL_BD 266.864 GB/s, BD/PAIR 16.679 GB/s, time 7.859e-03 s, comm_vol 2.097 GB
SIZE 1572864, REAL_BD 284.28 GB/s, BD/PAIR 17.767 GB/s, time 8.852e-03 s, comm_vol 2.517 GB
SIZE 1835008, REAL_BD 297.072 GB/s, BD/PAIR 18.567 GB/s, time 9.883e-03 s, comm_vol 2.936 GB
SIZE 2097152, REAL_BD 398.013 GB/s, BD/PAIR 24.876 GB/s, time 8.430e-03 s, comm_vol 3.355 GB
SIZE 2621440, REAL_BD 428.963 GB/s, BD/PAIR 26.81 GB/s, time 9.778e-03 s, comm_vol 4.194 GB
SIZE 3145728, REAL_BD 454.902 GB/s, BD/PAIR 28.431 GB/s, time 1.106e-02 s, comm_vol 5.033 GB
SIZE 3670016, REAL_BD 473.909 GB/s, BD/PAIR 29.619 GB/s, time 1.239e-02 s, comm_vol 5.872 GB
SIZE 4194304, REAL_BD 486.543 GB/s, BD/PAIR 30.409 GB/s, time 1.379e-02 s, comm_vol 6.711 GB
SIZE 5242880, REAL_BD 506.184 GB/s, BD/PAIR 31.637 GB/s, time 1.657e-02 s, comm_vol 8.389 GB
SIZE 6291456, REAL_BD 523.473 GB/s, BD/PAIR 32.717 GB/s, time 1.923e-02 s, comm_vol 10.066 GB
SIZE 7340032, REAL_BD 534.525 GB/s, BD/PAIR 33.408 GB/s, time 2.197e-02 s, comm_vol 11.744 GB
SIZE 8388608, REAL_BD 541.756 GB/s, BD/PAIR 33.86 GB/s, time 2.477e-02 s, comm_vol 13.422 GB
SIZE 10485760, REAL_BD 552.336 GB/s, BD/PAIR 34.521 GB/s, time 3.038e-02 s, comm_vol 16.777 GB
SIZE 12582912, REAL_BD 556.41 GB/s, BD/PAIR 34.776 GB/s, time 3.618e-02 s, comm_vol 20.133 GB
SIZE 14680064, REAL_BD 560.127 GB/s, BD/PAIR 35.008 GB/s, time 4.193e-02 s, comm_vol 23.488 GB
SIZE 16777216, REAL_BD 560.035 GB/s, BD/PAIR 35.002 GB/s, time 4.793e-02 s, comm_vol 26.844 GB
SIZE 20971520, REAL_BD 560.917 GB/s, BD/PAIR 35.057 GB/s, time 5.982e-02 s, comm_vol 33.554 GB
SIZE 25165824, REAL_BD 554.714 GB/s, BD/PAIR 34.67 GB/s, time 7.259e-02 s, comm_vol 40.265 GB
SIZE 29360128, REAL_BD 550.967 GB/s, BD/PAIR 34.435 GB/s, time 8.526e-02 s, comm_vol 46.976 GB
SIZE 33554432, REAL_BD 554.143 GB/s, BD/PAIR 34.634 GB/s, time 9.688e-02 s, comm_vol 53.687 GB
SIZE 41943040, REAL_BD 557.292 GB/s, BD/PAIR 34.831 GB/s, time 1.204e-01 s, comm_vol 67.109 GB
SIZE 50331648, REAL_BD 549.53 GB/s, BD/PAIR 34.346 GB/s, time 1.465e-01 s, comm_vol 80.531 GB
SIZE 58720256, REAL_BD 560.37 GB/s, BD/PAIR 35.023 GB/s, time 1.677e-01 s, comm_vol 93.952 GB
SIZE 67108864, REAL_BD 562.154 GB/s, BD/PAIR 35.135 GB/s, time 1.910e-01 s, comm_vol 107.374 GB
SIZE 83886080, REAL_BD 562.789 GB/s, BD/PAIR 35.174 GB/s, time 2.385e-01 s, comm_vol 134.218 GB
SIZE 100663296, REAL_BD 564.569 GB/s, BD/PAIR 35.286 GB/s, time 2.853e-01 s, comm_vol 161.061 GB
SIZE 117440512, REAL_BD 555.761 GB/s, BD/PAIR 34.735 GB/s, time 3.381e-01 s, comm_vol 187.905 GB
SIZE 134217728, REAL_BD 565.672 GB/s, BD/PAIR 35.354 GB/s, time 3.796e-01 s, comm_vol 214.748 GB
SIZE 167772160, REAL_BD 562.816 GB/s, BD/PAIR 35.176 GB/s, time 4.770e-01 s, comm_vol 268.435 GB
SIZE 201326592, REAL_BD 559.824 GB/s, BD/PAIR 34.989 GB/s, time 5.754e-01 s, comm_vol 322.123 GB
SIZE 234881024, REAL_BD 567.16 GB/s, BD/PAIR 35.447 GB/s, time 6.626e-01 s, comm_vol 375.81 GB
SIZE 268435456, REAL_BD 567.319 GB/s, BD/PAIR 35.457 GB/s, time 7.571e-01 s, comm_vol 429.497 GB
SIZE 335544320, REAL_BD 568.139 GB/s, BD/PAIR 35.509 GB/s, time 9.450e-01 s, comm_vol 536.871 GB
SIZE 402653184, REAL_BD 565.781 GB/s, BD/PAIR 35.361 GB/s, time 1.139e+00 s, comm_vol 644.245 GB
SIZE 469762048, REAL_BD 568.175 GB/s, BD/PAIR 35.511 GB/s, time 1.323e+00 s, comm_vol 751.619 GB
SIZE 536870912, REAL_BD 566.024 GB/s, BD/PAIR 35.376 GB/s, time 1.518e+00 s, comm_vol 858.993 GB
SIZE 671088640, REAL_BD 566.489 GB/s, BD/PAIR 35.406 GB/s, time 1.895e+00 s, comm_vol 1.074 TB
SIZE 805306368, REAL_BD 567.308 GB/s, BD/PAIR 35.457 GB/s, time 2.271e+00 s, comm_vol 1.288 TB
SIZE 939524096, REAL_BD 567.813 GB/s, BD/PAIR 35.488 GB/s, time 2.647e+00 s, comm_vol 1.503 TB
SIZE 1073741824, REAL_BD 567.479 GB/s, BD/PAIR 35.467 GB/s, time 3.027e+00 s, comm_vol 1.718 TB
[[0, 8], [8, 16], [16, 24], [24, 32], [32, 40], [40, 48], [48, 56], [56, 0], [2, 10], [10, 18], [18, 26], [26, 34], [34, 42], [42, 50], [50, 58], [58, 2]]
NCCL version 2.21.5+cuda12.6
NCCL version 2.21.5+cuda12.6
NCCL version 2.21.5+cuda12.6
NCCL version 2.21.5+cuda12.6
NCCL version 2.21.5+cuda12.6
NCCL version 2.21.5+cuda12.6
NCCL version 2.21.5+cuda12.6
SIZE 8192, REAL_BD 4.599 GB/s, BD/PAIR 287.457 MB/s, time 2.850e-03 s, comm_vol 13.107 MB
SIZE 16384, REAL_BD 8.241 GB/s, BD/PAIR 515.061 MB/s, time 3.181e-03 s, comm_vol 26.214 MB
SIZE 24576, REAL_BD 15.011 GB/s, BD/PAIR 938.193 MB/s, time 2.620e-03 s, comm_vol 39.322 MB
SIZE 32768, REAL_BD 19.569 GB/s, BD/PAIR 1.223 GB/s, time 2.679e-03 s, comm_vol 52.429 MB
SIZE 40960, REAL_BD 21.601 GB/s, BD/PAIR 1.35 GB/s, time 3.034e-03 s, comm_vol 65.536 MB
SIZE 49152, REAL_BD 23.012 GB/s, BD/PAIR 1.438 GB/s, time 3.417e-03 s, comm_vol 78.643 MB
SIZE 57344, REAL_BD 27.992 GB/s, BD/PAIR 1.749 GB/s, time 3.278e-03 s, comm_vol 91.75 MB
SIZE 65536, REAL_BD 33.158 GB/s, BD/PAIR 2.072 GB/s, time 3.162e-03 s, comm_vol 104.858 MB
SIZE 81920, REAL_BD 40.804 GB/s, BD/PAIR 2.55 GB/s, time 3.212e-03 s, comm_vol 131.072 MB
SIZE 98304, REAL_BD 48.998 GB/s, BD/PAIR 3.062 GB/s, time 3.210e-03 s, comm_vol 157.286 MB
SIZE 114688, REAL_BD 56.936 GB/s, BD/PAIR 3.558 GB/s, time 3.223e-03 s, comm_vol 183.501 MB
SIZE 131072, REAL_BD 64.412 GB/s, BD/PAIR 4.026 GB/s, time 3.256e-03 s, comm_vol 209.715 MB
SIZE 163840, REAL_BD 76.017 GB/s, BD/PAIR 4.751 GB/s, time 3.448e-03 s, comm_vol 262.144 MB
SIZE 196608, REAL_BD 90.513 GB/s, BD/PAIR 5.657 GB/s, time 3.475e-03 s, comm_vol 314.573 MB
SIZE 229376, REAL_BD 98.833 GB/s, BD/PAIR 6.177 GB/s, time 3.713e-03 s, comm_vol 367.002 MB
SIZE 262144, REAL_BD 118.1 GB/s, BD/PAIR 7.381 GB/s, time 3.551e-03 s, comm_vol 419.43 MB
SIZE 327680, REAL_BD 129.119 GB/s, BD/PAIR 8.07 GB/s, time 4.061e-03 s, comm_vol 524.288 MB
SIZE 393216, REAL_BD 152.825 GB/s, BD/PAIR 9.552 GB/s, time 4.117e-03 s, comm_vol 629.146 MB
SIZE 458752, REAL_BD 159.622 GB/s, BD/PAIR 9.976 GB/s, time 4.598e-03 s, comm_vol 734.003 MB
SIZE 524288, REAL_BD 181.018 GB/s, BD/PAIR 11.314 GB/s, time 4.634e-03 s, comm_vol 838.861 MB
SIZE 655360, REAL_BD 203.274 GB/s, BD/PAIR 12.705 GB/s, time 5.158e-03 s, comm_vol 1.049 GB
SIZE 786432, REAL_BD 221.378 GB/s, BD/PAIR 13.836 GB/s, time 5.684e-03 s, comm_vol 1.258 GB
SIZE 917504, REAL_BD 238.192 GB/s, BD/PAIR 14.887 GB/s, time 6.163e-03 s, comm_vol 1.468 GB
SIZE 1048576, REAL_BD 251.74 GB/s, BD/PAIR 15.734 GB/s, time 6.665e-03 s, comm_vol 1.678 GB
SIZE 1310720, REAL_BD 272.798 GB/s, BD/PAIR 17.05 GB/s, time 7.688e-03 s, comm_vol 2.097 GB
SIZE 1572864, REAL_BD 290.524 GB/s, BD/PAIR 18.158 GB/s, time 8.662e-03 s, comm_vol 2.517 GB
SIZE 1835008, REAL_BD 303.314 GB/s, BD/PAIR 18.957 GB/s, time 9.680e-03 s, comm_vol 2.936 GB
SIZE 2097152, REAL_BD 405.245 GB/s, BD/PAIR 25.328 GB/s, time 8.280e-03 s, comm_vol 3.355 GB
SIZE 2621440, REAL_BD 437.954 GB/s, BD/PAIR 27.372 GB/s, time 9.577e-03 s, comm_vol 4.194 GB
SIZE 3145728, REAL_BD 461.485 GB/s, BD/PAIR 28.843 GB/s, time 1.091e-02 s, comm_vol 5.033 GB
SIZE 3670016, REAL_BD 479.977 GB/s, BD/PAIR 29.999 GB/s, time 1.223e-02 s, comm_vol 5.872 GB
SIZE 4194304, REAL_BD 494.823 GB/s, BD/PAIR 30.926 GB/s, time 1.356e-02 s, comm_vol 6.711 GB
SIZE 5242880, REAL_BD 515.665 GB/s, BD/PAIR 32.229 GB/s, time 1.627e-02 s, comm_vol 8.389 GB
SIZE 6291456, REAL_BD 530.518 GB/s, BD/PAIR 33.157 GB/s, time 1.897e-02 s, comm_vol 10.066 GB
SIZE 7340032, REAL_BD 540.478 GB/s, BD/PAIR 33.78 GB/s, time 2.173e-02 s, comm_vol 11.744 GB
SIZE 8388608, REAL_BD 549.724 GB/s, BD/PAIR 34.358 GB/s, time 2.442e-02 s, comm_vol 13.422 GB
SIZE 10485760, REAL_BD 562.275 GB/s, BD/PAIR 35.142 GB/s, time 2.984e-02 s, comm_vol 16.777 GB
SIZE 12582912, REAL_BD 569.457 GB/s, BD/PAIR 35.591 GB/s, time 3.535e-02 s, comm_vol 20.133 GB
SIZE 14680064, REAL_BD 575.177 GB/s, BD/PAIR 35.949 GB/s, time 4.084e-02 s, comm_vol 23.488 GB
SIZE 16777216, REAL_BD 578.316 GB/s, BD/PAIR 36.145 GB/s, time 4.642e-02 s, comm_vol 26.844 GB
SIZE 20971520, REAL_BD 581.346 GB/s, BD/PAIR 36.334 GB/s, time 5.772e-02 s, comm_vol 33.554 GB
SIZE 25165824, REAL_BD 572.361 GB/s, BD/PAIR 35.773 GB/s, time 7.035e-02 s, comm_vol 40.265 GB
SIZE 29360128, REAL_BD 570.079 GB/s, BD/PAIR 35.63 GB/s, time 8.240e-02 s, comm_vol 46.976 GB
SIZE 33554432, REAL_BD 572.149 GB/s, BD/PAIR 35.759 GB/s, time 9.383e-02 s, comm_vol 53.687 GB
SIZE 41943040, REAL_BD 575.035 GB/s, BD/PAIR 35.94 GB/s, time 1.167e-01 s, comm_vol 67.109 GB
SIZE 50331648, REAL_BD 574.606 GB/s, BD/PAIR 35.913 GB/s, time 1.401e-01 s, comm_vol 80.531 GB
SIZE 58720256, REAL_BD 577.149 GB/s, BD/PAIR 36.072 GB/s, time 1.628e-01 s, comm_vol 93.952 GB
SIZE 67108864, REAL_BD 579.711 GB/s, BD/PAIR 36.232 GB/s, time 1.852e-01 s, comm_vol 107.374 GB
SIZE 83886080, REAL_BD 581.125 GB/s, BD/PAIR 36.32 GB/s, time 2.310e-01 s, comm_vol 134.218 GB
SIZE 100663296, REAL_BD 582.192 GB/s, BD/PAIR 36.387 GB/s, time 2.766e-01 s, comm_vol 161.061 GB
SIZE 117440512, REAL_BD 580.942 GB/s, BD/PAIR 36.309 GB/s, time 3.234e-01 s, comm_vol 187.905 GB
SIZE 134217728, REAL_BD 583.215 GB/s, BD/PAIR 36.451 GB/s, time 3.682e-01 s, comm_vol 214.748 GB
SIZE 167772160, REAL_BD 582.298 GB/s, BD/PAIR 36.394 GB/s, time 4.610e-01 s, comm_vol 268.435 GB
SIZE 201326592, REAL_BD 584.469 GB/s, BD/PAIR 36.529 GB/s, time 5.511e-01 s, comm_vol 322.123 GB
SIZE 234881024, REAL_BD 584.859 GB/s, BD/PAIR 36.554 GB/s, time 6.426e-01 s, comm_vol 375.81 GB
SIZE 268435456, REAL_BD 582.511 GB/s, BD/PAIR 36.407 GB/s, time 7.373e-01 s, comm_vol 429.497 GB
SIZE 335544320, REAL_BD 585.313 GB/s, BD/PAIR 36.582 GB/s, time 9.172e-01 s, comm_vol 536.871 GB
SIZE 402653184, REAL_BD 585.774 GB/s, BD/PAIR 36.611 GB/s, time 1.100e+00 s, comm_vol 644.245 GB
SIZE 469762048, REAL_BD 585.877 GB/s, BD/PAIR 36.617 GB/s, time 1.283e+00 s, comm_vol 751.619 GB
SIZE 536870912, REAL_BD 585.924 GB/s, BD/PAIR 36.62 GB/s, time 1.466e+00 s, comm_vol 858.993 GB
SIZE 671088640, REAL_BD 586.158 GB/s, BD/PAIR 36.635 GB/s, time 1.832e+00 s, comm_vol 1.074 TB
SIZE 805306368, REAL_BD 586.339 GB/s, BD/PAIR 36.646 GB/s, time 2.198e+00 s, comm_vol 1.288 TB
SIZE 939524096, REAL_BD 586.443 GB/s, BD/PAIR 36.653 GB/s, time 2.563e+00 s, comm_vol 1.503 TB
SIZE 1073741824, REAL_BD 586.488 GB/s, BD/PAIR 36.655 GB/s, time 2.929e+00 s, comm_vol 1.718 TB
[[0, 8], [8, 16], [16, 24], [24, 32], [32, 40], [40, 48], [48, 56], [56, 0], [2, 10], [10, 18], [18, 26], [26, 34], [34, 42], [42, 50], [50, 58], [58, 2], [4, 12], [12, 20], [20, 28], [28, 36], [36, 44], [44, 52], [52, 60], [60, 4], [6, 14], [14, 22], [22, 30], [30, 38], [38, 46], [46, 54], [54, 62], [62, 6]]
NCCL version 2.21.5+cuda12.6
NCCL version 2.21.5+cuda12.6
NCCL version 2.21.5+cuda12.6
NCCL version 2.21.5+cuda12.6
NCCL version 2.21.5+cuda12.6
NCCL version 2.21.5+cuda12.6
NCCL version 2.21.5+cuda12.6
SIZE 8192, REAL_BD 8.781 GB/s, BD/PAIR 274.417 MB/s, time 2.985e-03 s, comm_vol 26.214 MB
SIZE 16384, REAL_BD 20.125 GB/s, BD/PAIR 628.896 MB/s, time 2.605e-03 s, comm_vol 52.429 MB
SIZE 24576, REAL_BD 28.97 GB/s, BD/PAIR 905.315 MB/s, time 2.715e-03 s, comm_vol 78.643 MB
SIZE 32768, REAL_BD 34.6 GB/s, BD/PAIR 1.081 GB/s, time 3.031e-03 s, comm_vol 104.858 MB
SIZE 40960, REAL_BD 41.347 GB/s, BD/PAIR 1.292 GB/s, time 3.170e-03 s, comm_vol 131.072 MB
SIZE 49152, REAL_BD 48.259 GB/s, BD/PAIR 1.508 GB/s, time 3.259e-03 s, comm_vol 157.286 MB
SIZE 57344, REAL_BD 55.995 GB/s, BD/PAIR 1.75 GB/s, time 3.277e-03 s, comm_vol 183.501 MB
SIZE 65536, REAL_BD 63.418 GB/s, BD/PAIR 1.982 GB/s, time 3.307e-03 s, comm_vol 209.715 MB
SIZE 81920, REAL_BD 78.14 GB/s, BD/PAIR 2.442 GB/s, time 3.355e-03 s, comm_vol 262.144 MB
SIZE 98304, REAL_BD 85.107 GB/s, BD/PAIR 2.66 GB/s, time 3.696e-03 s, comm_vol 314.573 MB
SIZE 114688, REAL_BD 108.663 GB/s, BD/PAIR 3.396 GB/s, time 3.377e-03 s, comm_vol 367.002 MB
SIZE 131072, REAL_BD 123.671 GB/s, BD/PAIR 3.865 GB/s, time 3.392e-03 s, comm_vol 419.43 MB
SIZE 163840, REAL_BD 146.426 GB/s, BD/PAIR 4.576 GB/s, time 3.581e-03 s, comm_vol 524.288 MB
SIZE 196608, REAL_BD 174.722 GB/s, BD/PAIR 5.46 GB/s, time 3.601e-03 s, comm_vol 629.146 MB
SIZE 229376, REAL_BD 193.479 GB/s, BD/PAIR 6.046 GB/s, time 3.794e-03 s, comm_vol 734.003 MB
SIZE 262144, REAL_BD 227.451 GB/s, BD/PAIR 7.108 GB/s, time 3.688e-03 s, comm_vol 838.861 MB
SIZE 327680, REAL_BD 248.646 GB/s, BD/PAIR 7.77 GB/s, time 4.217e-03 s, comm_vol 1.049 GB
SIZE 393216, REAL_BD 295.105 GB/s, BD/PAIR 9.222 GB/s, time 4.264e-03 s, comm_vol 1.258 GB
SIZE 458752, REAL_BD 310.299 GB/s, BD/PAIR 9.697 GB/s, time 4.731e-03 s, comm_vol 1.468 GB
SIZE 524288, REAL_BD 350.879 GB/s, BD/PAIR 10.965 GB/s, time 4.781e-03 s, comm_vol 1.678 GB
SIZE 655360, REAL_BD 394.143 GB/s, BD/PAIR 12.317 GB/s, time 5.321e-03 s, comm_vol 2.097 GB
SIZE 786432, REAL_BD 430.109 GB/s, BD/PAIR 13.441 GB/s, time 5.851e-03 s, comm_vol 2.517 GB
SIZE 917504, REAL_BD 463.283 GB/s, BD/PAIR 14.478 GB/s, time 6.337e-03 s, comm_vol 2.936 GB
SIZE 1048576, REAL_BD 490.699 GB/s, BD/PAIR 15.334 GB/s, time 6.838e-03 s, comm_vol 3.355 GB
SIZE 1310720, REAL_BD 531.229 GB/s, BD/PAIR 16.601 GB/s, time 7.895e-03 s, comm_vol 4.194 GB
SIZE 1572864, REAL_BD 564.576 GB/s, BD/PAIR 17.643 GB/s, time 8.915e-03 s, comm_vol 5.033 GB
SIZE 1835008, REAL_BD 588.199 GB/s, BD/PAIR 18.381 GB/s, time 9.983e-03 s, comm_vol 5.872 GB
SIZE 2097152, REAL_BD 796.027 GB/s, BD/PAIR 24.876 GB/s, time 8.430e-03 s, comm_vol 6.711 GB
SIZE 2621440, REAL_BD 859.896 GB/s, BD/PAIR 26.872 GB/s, time 9.755e-03 s, comm_vol 8.389 GB
SIZE 3145728, REAL_BD 907.496 GB/s, BD/PAIR 28.359 GB/s, time 1.109e-02 s, comm_vol 10.066 GB
SIZE 3670016, REAL_BD 944.674 GB/s, BD/PAIR 29.521 GB/s, time 1.243e-02 s, comm_vol 11.744 GB
SIZE 4194304, REAL_BD 973.271 GB/s, BD/PAIR 30.415 GB/s, time 1.379e-02 s, comm_vol 13.422 GB
SIZE 5242880, REAL_BD 1.015 TB/s, BD/PAIR 31.731 GB/s, time 1.652e-02 s, comm_vol 16.777 GB
SIZE 6291456, REAL_BD 1.045 TB/s, BD/PAIR 32.656 GB/s, time 1.927e-02 s, comm_vol 20.133 GB
SIZE 7340032, REAL_BD 1.043 TB/s, BD/PAIR 32.588 GB/s, time 2.252e-02 s, comm_vol 23.488 GB
SIZE 8388608, REAL_BD 1.083 TB/s, BD/PAIR 33.842 GB/s, time 2.479e-02 s, comm_vol 26.844 GB
SIZE 10485760, REAL_BD 1.096 TB/s, BD/PAIR 34.255 GB/s, time 3.061e-02 s, comm_vol 33.554 GB
SIZE 12582912, REAL_BD 1.102 TB/s, BD/PAIR 34.444 GB/s, time 3.653e-02 s, comm_vol 40.265 GB
SIZE 14680064, REAL_BD 1.113 TB/s, BD/PAIR 34.769 GB/s, time 4.222e-02 s, comm_vol 46.976 GB
SIZE 16777216, REAL_BD 1.108 TB/s, BD/PAIR 34.637 GB/s, time 4.844e-02 s, comm_vol 53.687 GB
SIZE 20971520, REAL_BD 1.109 TB/s, BD/PAIR 34.658 GB/s, time 6.051e-02 s, comm_vol 67.109 GB
SIZE 25165824, REAL_BD 1.096 TB/s, BD/PAIR 34.255 GB/s, time 7.347e-02 s, comm_vol 80.531 GB
SIZE 29360128, REAL_BD 1.094 TB/s, BD/PAIR 34.174 GB/s, time 8.591e-02 s, comm_vol 93.952 GB
SIZE 33554432, REAL_BD 1.097 TB/s, BD/PAIR 34.296 GB/s, time 9.784e-02 s, comm_vol 107.374 GB
SIZE 41943040, REAL_BD 1.044 TB/s, BD/PAIR 32.631 GB/s, time 1.285e-01 s, comm_vol 134.218 GB
SIZE 50331648, REAL_BD 1.101 TB/s, BD/PAIR 34.411 GB/s, time 1.463e-01 s, comm_vol 161.061 GB
SIZE 58720256, REAL_BD 1.11 TB/s, BD/PAIR 34.689 GB/s, time 1.693e-01 s, comm_vol 187.905 GB
SIZE 67108864, REAL_BD 1.112 TB/s, BD/PAIR 34.75 GB/s, time 1.931e-01 s, comm_vol 214.748 GB
SIZE 83886080, REAL_BD 1.115 TB/s, BD/PAIR 34.852 GB/s, time 2.407e-01 s, comm_vol 268.435 GB
SIZE 100663296, REAL_BD 1.117 TB/s, BD/PAIR 34.914 GB/s, time 2.883e-01 s, comm_vol 322.123 GB
SIZE 117440512, REAL_BD 1.117 TB/s, BD/PAIR 34.904 GB/s, time 3.365e-01 s, comm_vol 375.81 GB
SIZE 134217728, REAL_BD 1.12 TB/s, BD/PAIR 35.01 GB/s, time 3.834e-01 s, comm_vol 429.497 GB
SIZE 167772160, REAL_BD 1.118 TB/s, BD/PAIR 34.939 GB/s, time 4.802e-01 s, comm_vol 536.871 GB
SIZE 201326592, REAL_BD 1.124 TB/s, BD/PAIR 35.133 GB/s, time 5.730e-01 s, comm_vol 644.245 GB
SIZE 234881024, REAL_BD 1.122 TB/s, BD/PAIR 35.069 GB/s, time 6.698e-01 s, comm_vol 751.619 GB
SIZE 268435456, REAL_BD 1.123 TB/s, BD/PAIR 35.099 GB/s, time 7.648e-01 s, comm_vol 858.993 GB
SIZE 335544320, REAL_BD 1.123 TB/s, BD/PAIR 35.092 GB/s, time 9.562e-01 s, comm_vol 1.074 TB
SIZE 402653184, REAL_BD 1.126 TB/s, BD/PAIR 35.175 GB/s, time 1.145e+00 s, comm_vol 1.288 TB
SIZE 469762048, REAL_BD 1.126 TB/s, BD/PAIR 35.182 GB/s, time 1.335e+00 s, comm_vol 1.503 TB
SIZE 536870912, REAL_BD 1.127 TB/s, BD/PAIR 35.209 GB/s, time 1.525e+00 s, comm_vol 1.718 TB
SIZE 671088640, REAL_BD 1.127 TB/s, BD/PAIR 35.23 GB/s, time 1.905e+00 s, comm_vol 2.147 TB
SIZE 805306368, REAL_BD 1.127 TB/s, BD/PAIR 35.234 GB/s, time 2.286e+00 s, comm_vol 2.577 TB
SIZE 939524096, REAL_BD 1.127 TB/s, BD/PAIR 35.227 GB/s, time 2.667e+00 s, comm_vol 3.006 TB
SIZE 1073741824, REAL_BD 1.128 TB/s, BD/PAIR 35.242 GB/s, time 3.047e+00 s, comm_vol 3.436 TB
[[0, 8], [8, 16], [16, 24], [24, 32], [32, 40], [40, 48], [48, 56], [56, 0], [1, 9], [9, 17], [17, 25], [25, 33], [33, 41], [41, 49], [49, 57], [57, 1], [2, 10], [10, 18], [18, 26], [26, 34], [34, 42], [42, 50], [50, 58], [58, 2], [3, 11], [11, 19], [19, 27], [27, 35], [35, 43], [43, 51], [51, 59], [59, 3], [4, 12], [12, 20], [20, 28], [28, 36], [36, 44], [44, 52], [52, 60], [60, 4], [5, 13], [13, 21], [21, 29], [29, 37], [37, 45], [45, 53], [53, 61], [61, 5], [6, 14], [14, 22], [22, 30], [30, 38], [38, 46], [46, 54], [54, 62], [62, 6], [7, 15], [15, 23], [23, 31], [31, 39], [39, 47], [47, 55], [55, 63], [63, 7]]
NCCL version 2.21.5+cuda12.6
NCCL version 2.21.5+cuda12.6
NCCL version 2.21.5+cuda12.6
NCCL version 2.21.5+cuda12.6
NCCL version 2.21.5+cuda12.6
NCCL version 2.21.5+cuda12.6
NCCL version 2.21.5+cuda12.6
NCCL version 2.21.5+cuda12.6
NCCL version 2.21.5+cuda12.6
NCCL version 2.21.5+cuda12.6
NCCL version 2.21.5+cuda12.6
NCCL version 2.21.5+cuda12.6
NCCL version 2.21.5+cuda12.6
NCCL version 2.21.5+cuda12.6
NCCL version 2.21.5+cuda12.6
NCCL version 2.21.5+cuda12.6
NCCL version 2.21.5+cuda12.6
NCCL version 2.21.5+cuda12.6
NCCL version 2.21.5+cuda12.6
NCCL version 2.21.5+cuda12.6
NCCL version 2.21.5+cuda12.6
NCCL version 2.21.5+cuda12.6
NCCL version 2.21.5+cuda12.6
NCCL version 2.21.5+cuda12.6
NCCL version 2.21.5+cuda12.6
NCCL version 2.21.5+cuda12.6
NCCL version 2.21.5+cuda12.6
NCCL version 2.21.5+cuda12.6
SIZE 8192, REAL_BD 15.174 GB/s, BD/PAIR 237.095 MB/s, time 3.455e-03 s, comm_vol 52.429 MB
SIZE 16384, REAL_BD 40.271 GB/s, BD/PAIR 629.242 MB/s, time 2.604e-03 s, comm_vol 104.858 MB
SIZE 24576, REAL_BD 57.854 GB/s, BD/PAIR 903.966 MB/s, time 2.719e-03 s, comm_vol 157.286 MB
SIZE 32768, REAL_BD 74.549 GB/s, BD/PAIR 1.165 GB/s, time 2.813e-03 s, comm_vol 209.715 MB
SIZE 40960, REAL_BD 82.894 GB/s, BD/PAIR 1.295 GB/s, time 3.162e-03 s, comm_vol 262.144 MB
SIZE 49152, REAL_BD 96.336 GB/s, BD/PAIR 1.505 GB/s, time 3.265e-03 s, comm_vol 314.573 MB
SIZE 57344, REAL_BD 112.13 GB/s, BD/PAIR 1.752 GB/s, time 3.273e-03 s, comm_vol 367.002 MB
SIZE 65536, REAL_BD 126.562 GB/s, BD/PAIR 1.978 GB/s, time 3.314e-03 s, comm_vol 419.43 MB
SIZE 81920, REAL_BD 156.514 GB/s, BD/PAIR 2.446 GB/s, time 3.350e-03 s, comm_vol 524.288 MB
SIZE 98304, REAL_BD 187.697 GB/s, BD/PAIR 2.933 GB/s, time 3.352e-03 s, comm_vol 629.146 MB
SIZE 114688, REAL_BD 208.354 GB/s, BD/PAIR 3.256 GB/s, time 3.523e-03 s, comm_vol 734.003 MB
SIZE 131072, REAL_BD 245.667 GB/s, BD/PAIR 3.839 GB/s, time 3.415e-03 s, comm_vol 838.861 MB
SIZE 163840, REAL_BD 291.339 GB/s, BD/PAIR 4.552 GB/s, time 3.599e-03 s, comm_vol 1.049 GB
SIZE 196608, REAL_BD 345.419 GB/s, BD/PAIR 5.397 GB/s, time 3.643e-03 s, comm_vol 1.258 GB
SIZE 229376, REAL_BD 378.839 GB/s, BD/PAIR 5.919 GB/s, time 3.875e-03 s, comm_vol 1.468 GB
SIZE 262144, REAL_BD 452.416 GB/s, BD/PAIR 7.069 GB/s, time 3.708e-03 s, comm_vol 1.678 GB
SIZE 327680, REAL_BD 497.095 GB/s, BD/PAIR 7.767 GB/s, time 4.219e-03 s, comm_vol 2.097 GB
SIZE 393216, REAL_BD 585.95 GB/s, BD/PAIR 9.155 GB/s, time 4.295e-03 s, comm_vol 2.517 GB
SIZE 458752, REAL_BD 618.976 GB/s, BD/PAIR 9.672 GB/s, time 4.743e-03 s, comm_vol 2.936 GB
SIZE 524288, REAL_BD 694.931 GB/s, BD/PAIR 10.858 GB/s, time 4.828e-03 s, comm_vol 3.355 GB
SIZE 655360, REAL_BD 782.536 GB/s, BD/PAIR 12.227 GB/s, time 5.360e-03 s, comm_vol 4.194 GB
SIZE 786432, REAL_BD 854.439 GB/s, BD/PAIR 13.351 GB/s, time 5.891e-03 s, comm_vol 5.033 GB
SIZE 917504, REAL_BD 915.204 GB/s, BD/PAIR 14.3 GB/s, time 6.416e-03 s, comm_vol 5.872 GB
SIZE 1048576, REAL_BD 971.709 GB/s, BD/PAIR 15.183 GB/s, time 6.906e-03 s, comm_vol 6.711 GB
SIZE 1310720, REAL_BD 1.054 TB/s, BD/PAIR 16.472 GB/s, time 7.957e-03 s, comm_vol 8.389 GB
SIZE 1572864, REAL_BD 1.111 TB/s, BD/PAIR 17.357 GB/s, time 9.062e-03 s, comm_vol 10.066 GB
SIZE 1835008, REAL_BD 1.169 TB/s, BD/PAIR 18.264 GB/s, time 1.005e-02 s, comm_vol 11.744 GB
SIZE 2097152, REAL_BD 1.564 TB/s, BD/PAIR 24.438 GB/s, time 8.582e-03 s, comm_vol 13.422 GB
SIZE 2621440, REAL_BD 1.685 TB/s, BD/PAIR 26.328 GB/s, time 9.957e-03 s, comm_vol 16.777 GB
SIZE 3145728, REAL_BD 1.777 TB/s, BD/PAIR 27.758 GB/s, time 1.133e-02 s, comm_vol 20.133 GB
SIZE 3670016, REAL_BD 1.846 TB/s, BD/PAIR 28.849 GB/s, time 1.272e-02 s, comm_vol 23.488 GB
SIZE 4194304, REAL_BD 1.897 TB/s, BD/PAIR 29.633 GB/s, time 1.415e-02 s, comm_vol 26.844 GB
SIZE 5242880, REAL_BD 1.985 TB/s, BD/PAIR 31.022 GB/s, time 1.690e-02 s, comm_vol 33.554 GB
SIZE 6291456, REAL_BD 2.039 TB/s, BD/PAIR 31.853 GB/s, time 1.975e-02 s, comm_vol 40.265 GB
SIZE 7340032, REAL_BD 2.082 TB/s, BD/PAIR 32.536 GB/s, time 2.256e-02 s, comm_vol 46.976 GB
SIZE 8388608, REAL_BD 2.117 TB/s, BD/PAIR 33.077 GB/s, time 2.536e-02 s, comm_vol 53.687 GB
SIZE 10485760, REAL_BD 2.16 TB/s, BD/PAIR 33.752 GB/s, time 3.107e-02 s, comm_vol 67.109 GB
SIZE 12582912, REAL_BD 2.18 TB/s, BD/PAIR 34.067 GB/s, time 3.694e-02 s, comm_vol 80.531 GB
SIZE 14680064, REAL_BD 2.192 TB/s, BD/PAIR 34.249 GB/s, time 4.286e-02 s, comm_vol 93.952 GB
SIZE 16777216, REAL_BD 2.185 TB/s, BD/PAIR 34.143 GB/s, time 4.914e-02 s, comm_vol 107.374 GB
SIZE 20971520, REAL_BD 1.964 TB/s, BD/PAIR 30.694 GB/s, time 6.832e-02 s, comm_vol 134.218 GB
SIZE 25165824, REAL_BD 2.177 TB/s, BD/PAIR 34.018 GB/s, time 7.398e-02 s, comm_vol 161.061 GB
SIZE 29360128, REAL_BD 2.171 TB/s, BD/PAIR 33.926 GB/s, time 8.654e-02 s, comm_vol 187.905 GB
SIZE 33554432, REAL_BD 2.183 TB/s, BD/PAIR 34.106 GB/s, time 9.838e-02 s, comm_vol 214.748 GB
SIZE 41943040, REAL_BD 2.192 TB/s, BD/PAIR 34.243 GB/s, time 1.225e-01 s, comm_vol 268.435 GB
SIZE 50331648, REAL_BD 2.186 TB/s, BD/PAIR 34.151 GB/s, time 1.474e-01 s, comm_vol 322.123 GB
SIZE 58720256, REAL_BD 2.207 TB/s, BD/PAIR 34.492 GB/s, time 1.702e-01 s, comm_vol 375.81 GB
SIZE 67108864, REAL_BD 2.209 TB/s, BD/PAIR 34.523 GB/s, time 1.944e-01 s, comm_vol 429.497 GB
SIZE 83886080, REAL_BD 2.217 TB/s, BD/PAIR 34.644 GB/s, time 2.421e-01 s, comm_vol 536.871 GB
SIZE 100663296, REAL_BD 2.222 TB/s, BD/PAIR 34.72 GB/s, time 2.899e-01 s, comm_vol 644.245 GB
SIZE 117440512, REAL_BD 2.217 TB/s, BD/PAIR 34.645 GB/s, time 3.390e-01 s, comm_vol 751.619 GB
SIZE 134217728, REAL_BD 2.228 TB/s, BD/PAIR 34.812 GB/s, time 3.855e-01 s, comm_vol 858.993 GB
SIZE 167772160, REAL_BD 2.227 TB/s, BD/PAIR 34.796 GB/s, time 4.822e-01 s, comm_vol 1.074 TB
SIZE 201326592, REAL_BD 2.233 TB/s, BD/PAIR 34.896 GB/s, time 5.769e-01 s, comm_vol 1.288 TB
SIZE 234881024, REAL_BD 2.227 TB/s, BD/PAIR 34.796 GB/s, time 6.750e-01 s, comm_vol 1.503 TB
SIZE 268435456, REAL_BD 2.227 TB/s, BD/PAIR 34.804 GB/s, time 7.713e-01 s, comm_vol 1.718 TB
SIZE 335544320, REAL_BD 2.235 TB/s, BD/PAIR 34.926 GB/s, time 9.607e-01 s, comm_vol 2.147 TB
SIZE 402653184, REAL_BD 2.238 TB/s, BD/PAIR 34.975 GB/s, time 1.151e+00 s, comm_vol 2.577 TB
SIZE 469762048, REAL_BD 2.239 TB/s, BD/PAIR 34.982 GB/s, time 1.343e+00 s, comm_vol 3.006 TB
SIZE 536870912, REAL_BD 2.24 TB/s, BD/PAIR 35.005 GB/s, time 1.534e+00 s, comm_vol 3.436 TB
SIZE 671088640, REAL_BD 2.242 TB/s, BD/PAIR 35.027 GB/s, time 1.916e+00 s, comm_vol 4.295 TB
SIZE 805306368, REAL_BD 2.241 TB/s, BD/PAIR 35.022 GB/s, time 2.299e+00 s, comm_vol 5.154 TB
SIZE 939524096, REAL_BD 2.242 TB/s, BD/PAIR 35.036 GB/s, time 2.682e+00 s, comm_vol 6.013 TB
SIZE 1073741824, REAL_BD 2.243 TB/s, BD/PAIR 35.039 GB/s, time 3.064e+00 s, comm_vol 6.872 TB
+ set +x
