HOST: g3017
CP_FILE_NAME: small
HOST: g3017
CUDA_VISIBLE_DEVICES: 
GPU_NUM: 8
PROC_NUM: 8
NNODES: 1
NTASK_PER_NODE: 8
COMM_MODULE: raw-nccl
MASTER_ADDR: feng-wang-qcsleep2-worker-0
MASTER_PORT: 10708
+ mpirun --allow-run-as-root --prefix /usr/local/bin/../ -x MASTER_ADDR -x MASTER_PORT -x LD_LIBRARY_PATH -x PATH -x TRACE_NAME -x NCCL_DEBUG -x NCCL_NET_GDR_LEVEL -x NCCL_DEBUG_SUBSYS -x NCCL_IB_DISABLE -x NCCL_SOCKET_IFNAME -x NCCL_IB_GID_INDEX --map-by ppr:4:numa --bind-to core --report-bindings -np 16 --host feng-wang-qcsleep2-worker-0:8,feng-wang-qcsleep2-worker-1:8 python conflict_bench.py --backend NCCL --config ./scripts/configs/small_16.json --comm-module raw-nccl
[feng-wang-qcsleep2-worker-0:19316] Warning: could not find environment variable "LD_LIBRARY_PATH"
[feng-wang-qcsleep2-worker-0:19316] MCW rank 0 bound to socket 0[core 0[hwt 0-1]]: [BB/../../../../../../../../../../../../../../../../../../../../../../../../../../../../../../..][../../../../../../../../../../../../../../../../../../../../../../../../../../../../../../../..]
[feng-wang-qcsleep2-worker-0:19316] MCW rank 1 bound to socket 0[core 1[hwt 0-1]]: [../BB/../../../../../../../../../../../../../../../../../../../../../../../../../../../../../..][../../../../../../../../../../../../../../../../../../../../../../../../../../../../../../../..]
[feng-wang-qcsleep2-worker-0:19316] MCW rank 2 bound to socket 0[core 2[hwt 0-1]]: [../../BB/../../../../../../../../../../../../../../../../../../../../../../../../../../../../..][../../../../../../../../../../../../../../../../../../../../../../../../../../../../../../../..]
[feng-wang-qcsleep2-worker-0:19316] MCW rank 3 bound to socket 0[core 3[hwt 0-1]]: [../../../BB/../../../../../../../../../../../../../../../../../../../../../../../../../../../..][../../../../../../../../../../../../../../../../../../../../../../../../../../../../../../../..]
[feng-wang-qcsleep2-worker-0:19316] MCW rank 4 bound to socket 1[core 32[hwt 0-1]]: [../../../../../../../../../../../../../../../../../../../../../../../../../../../../../../../..][BB/../../../../../../../../../../../../../../../../../../../../../../../../../../../../../../..]
[feng-wang-qcsleep2-worker-0:19316] MCW rank 5 bound to socket 1[core 33[hwt 0-1]]: [../../../../../../../../../../../../../../../../../../../../../../../../../../../../../../../..][../BB/../../../../../../../../../../../../../../../../../../../../../../../../../../../../../..]
[feng-wang-qcsleep2-worker-0:19316] MCW rank 6 bound to socket 1[core 34[hwt 0-1]]: [../../../../../../../../../../../../../../../../../../../../../../../../../../../../../../../..][../../BB/../../../../../../../../../../../../../../../../../../../../../../../../../../../../..]
[feng-wang-qcsleep2-worker-0:19316] MCW rank 7 bound to socket 1[core 35[hwt 0-1]]: [../../../../../../../../../../../../../../../../../../../../../../../../../../../../../../../..][../../../BB/../../../../../../../../../../../../../../../../../../../../../../../../../../../..]
[feng-wang-qcsleep2-worker-1:03615] MCW rank 13 bound to socket 1[core 33[hwt 0-1]]: [../../../../../../../../../../../../../../../../../../../../../../../../../../../../../../../..][../BB/../../../../../../../../../../../../../../../../../../../../../../../../../../../../../..]
[feng-wang-qcsleep2-worker-1:03615] MCW rank 14 bound to socket 1[core 34[hwt 0-1]]: [../../../../../../../../../../../../../../../../../../../../../../../../../../../../../../../..][../../BB/../../../../../../../../../../../../../../../../../../../../../../../../../../../../..]
[feng-wang-qcsleep2-worker-1:03615] MCW rank 15 bound to socket 1[core 35[hwt 0-1]]: [../../../../../../../../../../../../../../../../../../../../../../../../../../../../../../../..][../../../BB/../../../../../../../../../../../../../../../../../../../../../../../../../../../..]
[feng-wang-qcsleep2-worker-1:03615] MCW rank 8 bound to socket 0[core 0[hwt 0-1]]: [BB/../../../../../../../../../../../../../../../../../../../../../../../../../../../../../../..][../../../../../../../../../../../../../../../../../../../../../../../../../../../../../../../..]
[feng-wang-qcsleep2-worker-1:03615] MCW rank 9 bound to socket 0[core 1[hwt 0-1]]: [../BB/../../../../../../../../../../../../../../../../../../../../../../../../../../../../../..][../../../../../../../../../../../../../../../../../../../../../../../../../../../../../../../..]
[feng-wang-qcsleep2-worker-1:03615] MCW rank 10 bound to socket 0[core 2[hwt 0-1]]: [../../BB/../../../../../../../../../../../../../../../../../../../../../../../../../../../../..][../../../../../../../../../../../../../../../../../../../../../../../../../../../../../../../..]
[feng-wang-qcsleep2-worker-1:03615] MCW rank 11 bound to socket 0[core 3[hwt 0-1]]: [../../../BB/../../../../../../../../../../../../../../../../../../../../../../../../../../../..][../../../../../../../../../../../../../../../../../../../../../../../../../../../../../../../..]
[feng-wang-qcsleep2-worker-1:03615] MCW rank 12 bound to socket 1[core 32[hwt 0-1]]: [../../../../../../../../../../../../../../../../../../../../../../../../../../../../../../../..][BB/../../../../../../../../../../../../../../../../../../../../../../../../../../../../../../..]
NCCL version 2.18.1+cuda12.1
[INFO]: Cluster init done !!!
[[0, 1]]
SIZE 16 MB, REAL_BD 141.359 GB/s, BD/PAIR 141.359 GB/s, time 1.187e-02 s, time/iter 1.187e-04, comm_vol 1.678 GB
SIZE 64 MB, REAL_BD 155.146 GB/s, BD/PAIR 155.146 GB/s, time 4.326e-02 s, time/iter 4.326e-04, comm_vol 6.711 GB
SIZE 256 MB, REAL_BD 175.001 GB/s, BD/PAIR 175.001 GB/s, time 1.534e-01 s, time/iter 1.534e-03, comm_vol 26.844 GB
SIZE 1 GB, REAL_BD 176.695 GB/s, BD/PAIR 176.695 GB/s, time 6.077e-01 s, time/iter 6.077e-03, comm_vol 107.374 GB
[[0, 1], [1, 0]]
SIZE 16 MB, REAL_BD 254.641 GB/s, BD/PAIR 127.32 GB/s, time 1.318e-02 s, time/iter 1.318e-04, comm_vol 3.355 GB
SIZE 64 MB, REAL_BD 281.111 GB/s, BD/PAIR 140.555 GB/s, time 4.775e-02 s, time/iter 4.775e-04, comm_vol 13.422 GB
SIZE 256 MB, REAL_BD 312.005 GB/s, BD/PAIR 156.003 GB/s, time 1.721e-01 s, time/iter 1.721e-03, comm_vol 53.687 GB
SIZE 1 GB, REAL_BD 315.233 GB/s, BD/PAIR 157.616 GB/s, time 6.812e-01 s, time/iter 6.812e-03, comm_vol 214.748 GB
[[0, 8]]
SIZE 16 MB, REAL_BD 22.724 GB/s, BD/PAIR 22.724 GB/s, time 7.383e-02 s, time/iter 7.383e-04, comm_vol 1.678 GB
SIZE 64 MB, REAL_BD 22.934 GB/s, BD/PAIR 22.934 GB/s, time 2.926e-01 s, time/iter 2.926e-03, comm_vol 6.711 GB
SIZE 256 MB, REAL_BD 22.913 GB/s, BD/PAIR 22.913 GB/s, time 1.172e+00 s, time/iter 1.172e-02, comm_vol 26.844 GB
SIZE 1 GB, REAL_BD 22.606 GB/s, BD/PAIR 22.606 GB/s, time 4.750e+00 s, time/iter 4.750e-02, comm_vol 107.374 GB
[[0, 8], [8, 0]]
SIZE 16 MB, REAL_BD 40.994 GB/s, BD/PAIR 20.497 GB/s, time 8.185e-02 s, time/iter 8.185e-04, comm_vol 3.355 GB
SIZE 64 MB, REAL_BD 30.217 GB/s, BD/PAIR 15.108 GB/s, time 4.442e-01 s, time/iter 4.442e-03, comm_vol 13.422 GB
SIZE 256 MB, REAL_BD 29.831 GB/s, BD/PAIR 14.915 GB/s, time 1.800e+00 s, time/iter 1.800e-02, comm_vol 53.687 GB
SIZE 1 GB, REAL_BD 30.779 GB/s, BD/PAIR 15.389 GB/s, time 6.977e+00 s, time/iter 6.977e-02, comm_vol 214.748 GB
[[0, 15], [15, 0]]
SIZE 16 MB, REAL_BD 41.558 GB/s, BD/PAIR 20.779 GB/s, time 8.074e-02 s, time/iter 8.074e-04, comm_vol 3.355 GB
SIZE 64 MB, REAL_BD 32.224 GB/s, BD/PAIR 16.112 GB/s, time 4.165e-01 s, time/iter 4.165e-03, comm_vol 13.422 GB
SIZE 256 MB, REAL_BD 31.0 GB/s, BD/PAIR 15.5 GB/s, time 1.732e+00 s, time/iter 1.732e-02, comm_vol 53.687 GB
SIZE 1 GB, REAL_BD 30.201 GB/s, BD/PAIR 15.1 GB/s, time 7.111e+00 s, time/iter 7.111e-02, comm_vol 214.748 GB
[[0, 8], [0, 15]]
SIZE 16 MB, REAL_BD 13.883 GB/s, BD/PAIR 6.942 GB/s, time 2.417e-01 s, time/iter 2.417e-03, comm_vol 3.355 GB
SIZE 64 MB, REAL_BD 13.988 GB/s, BD/PAIR 6.994 GB/s, time 9.595e-01 s, time/iter 9.595e-03, comm_vol 13.422 GB
SIZE 256 MB, REAL_BD 18.547 GB/s, BD/PAIR 9.274 GB/s, time 2.895e+00 s, time/iter 2.895e-02, comm_vol 53.687 GB
SIZE 1 GB, REAL_BD 17.665 GB/s, BD/PAIR 8.832 GB/s, time 1.216e+01 s, time/iter 1.216e-01, comm_vol 214.748 GB
[[0, 8], [0, 15], [8, 0], [15, 0]]
SIZE 16 MB, REAL_BD 20.2 GB/s, BD/PAIR 5.05 GB/s, time 3.322e-01 s, time/iter 3.322e-03, comm_vol 6.711 GB
SIZE 64 MB, REAL_BD 28.039 GB/s, BD/PAIR 7.01 GB/s, time 9.574e-01 s, time/iter 9.574e-03, comm_vol 26.844 GB
SIZE 256 MB, REAL_BD 28.183 GB/s, BD/PAIR 7.046 GB/s, time 3.810e+00 s, time/iter 3.810e-02, comm_vol 107.374 GB
SIZE 1 GB, REAL_BD 28.607 GB/s, BD/PAIR 7.152 GB/s, time 1.501e+01 s, time/iter 1.501e-01, comm_vol 429.497 GB
[[7, 8], [15, 0]]
NCCL version 2.18.1+cuda12.1
SIZE 16 MB, REAL_BD 45.873 GB/s, BD/PAIR 22.937 GB/s, time 7.315e-02 s, time/iter 7.315e-04, comm_vol 3.355 GB
SIZE 64 MB, REAL_BD 45.958 GB/s, BD/PAIR 22.979 GB/s, time 2.920e-01 s, time/iter 2.920e-03, comm_vol 13.422 GB
SIZE 256 MB, REAL_BD 45.847 GB/s, BD/PAIR 22.924 GB/s, time 1.171e+00 s, time/iter 1.171e-02, comm_vol 53.687 GB
SIZE 1 GB, REAL_BD 45.684 GB/s, BD/PAIR 22.842 GB/s, time 4.701e+00 s, time/iter 4.701e-02, comm_vol 214.748 GB
[[0, 8], [2, 10]]
NCCL version 2.18.1+cuda12.1
SIZE 16 MB, REAL_BD 45.606 GB/s, BD/PAIR 22.803 GB/s, time 7.357e-02 s, time/iter 7.357e-04, comm_vol 3.355 GB
SIZE 64 MB, REAL_BD 45.732 GB/s, BD/PAIR 22.866 GB/s, time 2.935e-01 s, time/iter 2.935e-03, comm_vol 13.422 GB
SIZE 256 MB, REAL_BD 45.742 GB/s, BD/PAIR 22.871 GB/s, time 1.174e+00 s, time/iter 1.174e-02, comm_vol 53.687 GB
SIZE 1 GB, REAL_BD 45.758 GB/s, BD/PAIR 22.879 GB/s, time 4.693e+00 s, time/iter 4.693e-02, comm_vol 214.748 GB
[[0, 8], [8, 0], [2, 10], [10, 2]]
SIZE 16 MB, REAL_BD 50.463 GB/s, BD/PAIR 12.616 GB/s, time 1.330e-01 s, time/iter 1.330e-03, comm_vol 6.711 GB
SIZE 64 MB, REAL_BD 63.123 GB/s, BD/PAIR 15.781 GB/s, time 4.253e-01 s, time/iter 4.253e-03, comm_vol 26.844 GB
SIZE 256 MB, REAL_BD 59.455 GB/s, BD/PAIR 14.864 GB/s, time 1.806e+00 s, time/iter 1.806e-02, comm_vol 107.374 GB
SIZE 1 GB, REAL_BD 61.618 GB/s, BD/PAIR 15.405 GB/s, time 6.970e+00 s, time/iter 6.970e-02, comm_vol 429.497 GB
[[0, 8], [4, 12]]
NCCL version 2.18.1+cuda12.1
SIZE 16 MB, REAL_BD 38.896 GB/s, BD/PAIR 19.448 GB/s, time 8.627e-02 s, time/iter 8.627e-04, comm_vol 3.355 GB
SIZE 64 MB, REAL_BD 45.817 GB/s, BD/PAIR 22.909 GB/s, time 2.929e-01 s, time/iter 2.929e-03, comm_vol 13.422 GB
SIZE 256 MB, REAL_BD 44.079 GB/s, BD/PAIR 22.039 GB/s, time 1.218e+00 s, time/iter 1.218e-02, comm_vol 53.687 GB
SIZE 1 GB, REAL_BD 44.905 GB/s, BD/PAIR 22.452 GB/s, time 4.782e+00 s, time/iter 4.782e-02, comm_vol 214.748 GB
[[0, 8], [8, 0], [4, 12], [12, 4]]
SIZE 16 MB, REAL_BD 56.291 GB/s, BD/PAIR 14.073 GB/s, time 1.192e-01 s, time/iter 1.192e-03, comm_vol 6.711 GB
SIZE 64 MB, REAL_BD 60.718 GB/s, BD/PAIR 15.18 GB/s, time 4.421e-01 s, time/iter 4.421e-03, comm_vol 26.844 GB
SIZE 256 MB, REAL_BD 60.346 GB/s, BD/PAIR 15.086 GB/s, time 1.779e+00 s, time/iter 1.779e-02, comm_vol 107.374 GB
SIZE 1 GB, REAL_BD 58.549 GB/s, BD/PAIR 14.637 GB/s, time 7.336e+00 s, time/iter 7.336e-02, comm_vol 429.497 GB
[[0, 8], [2, 10], [4, 12], [6, 14]]
NCCL version 2.18.1+cuda12.1
SIZE 16 MB, REAL_BD 83.853 GB/s, BD/PAIR 20.963 GB/s, time 8.003e-02 s, time/iter 8.003e-04, comm_vol 6.711 GB
SIZE 64 MB, REAL_BD 85.867 GB/s, BD/PAIR 21.467 GB/s, time 3.126e-01 s, time/iter 3.126e-03, comm_vol 26.844 GB
SIZE 256 MB, REAL_BD 90.813 GB/s, BD/PAIR 22.703 GB/s, time 1.182e+00 s, time/iter 1.182e-02, comm_vol 107.374 GB
SIZE 1 GB, REAL_BD 90.388 GB/s, BD/PAIR 22.597 GB/s, time 4.752e+00 s, time/iter 4.752e-02, comm_vol 429.497 GB
[[0, 8], [8, 0], [2, 10], [10, 2], [4, 12], [12, 4], [6, 14], [14, 6]]
SIZE 16 MB, REAL_BD 109.377 GB/s, BD/PAIR 13.672 GB/s, time 1.227e-01 s, time/iter 1.227e-03, comm_vol 13.422 GB
SIZE 64 MB, REAL_BD 124.587 GB/s, BD/PAIR 15.573 GB/s, time 4.309e-01 s, time/iter 4.309e-03, comm_vol 53.687 GB
SIZE 256 MB, REAL_BD 123.209 GB/s, BD/PAIR 15.401 GB/s, time 1.743e+00 s, time/iter 1.743e-02, comm_vol 214.748 GB
SIZE 1 GB, REAL_BD 119.244 GB/s, BD/PAIR 14.906 GB/s, time 7.204e+00 s, time/iter 7.204e-02, comm_vol 858.993 GB
[[0, 8], [1, 9], [2, 10], [3, 11], [4, 12], [5, 13], [6, 14], [7, 15]]
NCCL version 2.18.1+cuda12.1
NCCL version 2.18.1+cuda12.1
NCCL version 2.18.1+cuda12.1
SIZE 16 MB, REAL_BD 97.579 GB/s, BD/PAIR 12.197 GB/s, time 1.375e-01 s, time/iter 1.375e-03, comm_vol 13.422 GB
SIZE 64 MB, REAL_BD 97.76 GB/s, BD/PAIR 12.22 GB/s, time 5.492e-01 s, time/iter 5.492e-03, comm_vol 53.687 GB
SIZE 256 MB, REAL_BD 97.7 GB/s, BD/PAIR 12.213 GB/s, time 2.198e+00 s, time/iter 2.198e-02, comm_vol 214.748 GB
SIZE 1 GB, REAL_BD 97.832 GB/s, BD/PAIR 12.229 GB/s, time 8.780e+00 s, time/iter 8.780e-02, comm_vol 858.993 GB
[[0, 8], [1, 9], [2, 10], [3, 11], [4, 12], [5, 13], [6, 14], [7, 15], [8, 0], [9, 1], [10, 2], [11, 3], [12, 4], [13, 5], [14, 6], [15, 7]]
SIZE 16 MB, REAL_BD 145.54 GB/s, BD/PAIR 9.096 GB/s, time 1.844e-01 s, time/iter 1.844e-03, comm_vol 26.844 GB
SIZE 64 MB, REAL_BD 155.481 GB/s, BD/PAIR 9.718 GB/s, time 6.906e-01 s, time/iter 6.906e-03, comm_vol 107.374 GB
SIZE 256 MB, REAL_BD 162.461 GB/s, BD/PAIR 10.154 GB/s, time 2.644e+00 s, time/iter 2.644e-02, comm_vol 429.497 GB
SIZE 1 GB, REAL_BD 164.691 GB/s, BD/PAIR 10.293 GB/s, time 1.043e+01 s, time/iter 1.043e-01, comm_vol 1.718 TB


HOST: g3017
CP_FILE_NAME: small
HOST: g3017
CUDA_VISIBLE_DEVICES: 
GPU_NUM: 8
PROC_NUM: 8
NNODES: 1
NTASK_PER_NODE: 8
COMM_MODULE: torch-distributed
MASTER_ADDR: feng-wang-qcsleep2-worker-0
MASTER_PORT: 21865
+ mpirun --allow-run-as-root --prefix /usr/local/bin/../ -x MASTER_ADDR -x MASTER_PORT -x LD_LIBRARY_PATH -x PATH -x TRACE_NAME -x NCCL_DEBUG -x NCCL_NET_GDR_LEVEL -x NCCL_DEBUG_SUBSYS -x NCCL_IB_DISABLE -x NCCL_SOCKET_IFNAME -x NCCL_IB_GID_INDEX --map-by ppr:4:numa --bind-to core --report-bindings -np 16 --host feng-wang-qcsleep2-worker-0:8,feng-wang-qcsleep2-worker-1:8 python conflict_bench.py --backend NCCL --config ./scripts/configs/small_16.json --comm-module torch-distributed
[feng-wang-qcsleep2-worker-0:29154] Warning: could not find environment variable "LD_LIBRARY_PATH"
[feng-wang-qcsleep2-worker-0:29154] MCW rank 0 bound to socket 0[core 0[hwt 0-1]]: [BB/../../../../../../../../../../../../../../../../../../../../../../../../../../../../../../..][../../../../../../../../../../../../../../../../../../../../../../../../../../../../../../../..]
[feng-wang-qcsleep2-worker-0:29154] MCW rank 1 bound to socket 0[core 1[hwt 0-1]]: [../BB/../../../../../../../../../../../../../../../../../../../../../../../../../../../../../..][../../../../../../../../../../../../../../../../../../../../../../../../../../../../../../../..]
[feng-wang-qcsleep2-worker-0:29154] MCW rank 2 bound to socket 0[core 2[hwt 0-1]]: [../../BB/../../../../../../../../../../../../../../../../../../../../../../../../../../../../..][../../../../../../../../../../../../../../../../../../../../../../../../../../../../../../../..]
[feng-wang-qcsleep2-worker-0:29154] MCW rank 3 bound to socket 0[core 3[hwt 0-1]]: [../../../BB/../../../../../../../../../../../../../../../../../../../../../../../../../../../..][../../../../../../../../../../../../../../../../../../../../../../../../../../../../../../../..]
[feng-wang-qcsleep2-worker-0:29154] MCW rank 4 bound to socket 1[core 32[hwt 0-1]]: [../../../../../../../../../../../../../../../../../../../../../../../../../../../../../../../..][BB/../../../../../../../../../../../../../../../../../../../../../../../../../../../../../../..]
[feng-wang-qcsleep2-worker-0:29154] MCW rank 5 bound to socket 1[core 33[hwt 0-1]]: [../../../../../../../../../../../../../../../../../../../../../../../../../../../../../../../..][../BB/../../../../../../../../../../../../../../../../../../../../../../../../../../../../../..]
[feng-wang-qcsleep2-worker-0:29154] MCW rank 6 bound to socket 1[core 34[hwt 0-1]]: [../../../../../../../../../../../../../../../../../../../../../../../../../../../../../../../..][../../BB/../../../../../../../../../../../../../../../../../../../../../../../../../../../../..]
[feng-wang-qcsleep2-worker-0:29154] MCW rank 7 bound to socket 1[core 35[hwt 0-1]]: [../../../../../../../../../../../../../../../../../../../../../../../../../../../../../../../..][../../../BB/../../../../../../../../../../../../../../../../../../../../../../../../../../../..]
[feng-wang-qcsleep2-worker-1:03995] MCW rank 13 bound to socket 1[core 33[hwt 0-1]]: [../../../../../../../../../../../../../../../../../../../../../../../../../../../../../../../..][../BB/../../../../../../../../../../../../../../../../../../../../../../../../../../../../../..]
[feng-wang-qcsleep2-worker-1:03995] MCW rank 14 bound to socket 1[core 34[hwt 0-1]]: [../../../../../../../../../../../../../../../../../../../../../../../../../../../../../../../..][../../BB/../../../../../../../../../../../../../../../../../../../../../../../../../../../../..]
[feng-wang-qcsleep2-worker-1:03995] MCW rank 15 bound to socket 1[core 35[hwt 0-1]]: [../../../../../../../../../../../../../../../../../../../../../../../../../../../../../../../..][../../../BB/../../../../../../../../../../../../../../../../../../../../../../../../../../../..]
[feng-wang-qcsleep2-worker-1:03995] MCW rank 8 bound to socket 0[core 0[hwt 0-1]]: [BB/../../../../../../../../../../../../../../../../../../../../../../../../../../../../../../..][../../../../../../../../../../../../../../../../../../../../../../../../../../../../../../../..]
[feng-wang-qcsleep2-worker-1:03995] MCW rank 9 bound to socket 0[core 1[hwt 0-1]]: [../BB/../../../../../../../../../../../../../../../../../../../../../../../../../../../../../..][../../../../../../../../../../../../../../../../../../../../../../../../../../../../../../../..]
[feng-wang-qcsleep2-worker-1:03995] MCW rank 10 bound to socket 0[core 2[hwt 0-1]]: [../../BB/../../../../../../../../../../../../../../../../../../../../../../../../../../../../..][../../../../../../../../../../../../../../../../../../../../../../../../../../../../../../../..]
[feng-wang-qcsleep2-worker-1:03995] MCW rank 11 bound to socket 0[core 3[hwt 0-1]]: [../../../BB/../../../../../../../../../../../../../../../../../../../../../../../../../../../..][../../../../../../../../../../../../../../../../../../../../../../../../../../../../../../../..]
[feng-wang-qcsleep2-worker-1:03995] MCW rank 12 bound to socket 1[core 32[hwt 0-1]]: [../../../../../../../../../../../../../../../../../../../../../../../../../../../../../../../..][BB/../../../../../../../../../../../../../../../../../../../../../../../../../../../../../../..]
NCCL version 2.18.1+cuda12.1
[INFO]: Cluster init done !!!
[[0, 1]]
[W ProcessGroupNCCL.cpp:1856] Warning: 0NCCL_AVOID_RECORD_STREAMS=1 has no effect for point-to-point collectives. (function operator())
[W ProcessGroupNCCL.cpp:1856] Warning: 0NCCL_AVOID_RECORD_STREAMS=1 has no effect for point-to-point collectives. (function operator())
SIZE 16 MB, REAL_BD 134.479 GB/s, BD/PAIR 134.479 GB/s, time 1.248e-02 s, time/iter 1.248e-04, comm_vol 1.678 GB
SIZE 64 MB, REAL_BD 149.134 GB/s, BD/PAIR 149.134 GB/s, time 4.500e-02 s, time/iter 4.500e-04, comm_vol 6.711 GB
SIZE 256 MB, REAL_BD 174.847 GB/s, BD/PAIR 174.847 GB/s, time 1.535e-01 s, time/iter 1.535e-03, comm_vol 26.844 GB
SIZE 1 GB, REAL_BD 176.673 GB/s, BD/PAIR 176.673 GB/s, time 6.078e-01 s, time/iter 6.078e-03, comm_vol 107.374 GB
[[0, 1], [1, 0]]
[W ProcessGroupNCCL.cpp:1856] Warning: 0NCCL_AVOID_RECORD_STREAMS=1 has no effect for point-to-point collectives. (function operator())
[W ProcessGroupNCCL.cpp:1856] Warning: 0NCCL_AVOID_RECORD_STREAMS=1 has no effect for point-to-point collectives. (function operator())
SIZE 16 MB, REAL_BD 119.56 GB/s, BD/PAIR 59.78 GB/s, time 2.806e-02 s, time/iter 2.806e-04, comm_vol 3.355 GB
SIZE 64 MB, REAL_BD 149.359 GB/s, BD/PAIR 74.68 GB/s, time 8.986e-02 s, time/iter 8.986e-04, comm_vol 13.422 GB
SIZE 256 MB, REAL_BD 172.504 GB/s, BD/PAIR 86.252 GB/s, time 3.112e-01 s, time/iter 3.112e-03, comm_vol 53.687 GB
SIZE 1 GB, REAL_BD 176.118 GB/s, BD/PAIR 88.059 GB/s, time 1.219e+00 s, time/iter 1.219e-02, comm_vol 214.748 GB
[[0, 8]]
[W ProcessGroupNCCL.cpp:1856] Warning: 0NCCL_AVOID_RECORD_STREAMS=1 has no effect for point-to-point collectives. (function operator())
SIZE 16 MB, REAL_BD 22.764 GB/s, BD/PAIR 22.764 GB/s, time 7.370e-02 s, time/iter 7.370e-04, comm_vol 1.678 GB
SIZE 64 MB, REAL_BD 22.812 GB/s, BD/PAIR 22.812 GB/s, time 2.942e-01 s, time/iter 2.942e-03, comm_vol 6.711 GB
SIZE 256 MB, REAL_BD 22.902 GB/s, BD/PAIR 22.902 GB/s, time 1.172e+00 s, time/iter 1.172e-02, comm_vol 26.844 GB
SIZE 1 GB, REAL_BD 22.949 GB/s, BD/PAIR 22.949 GB/s, time 4.679e+00 s, time/iter 4.679e-02, comm_vol 107.374 GB
[[0, 8], [8, 0]]
[W ProcessGroupNCCL.cpp:1856] Warning: 0NCCL_AVOID_RECORD_STREAMS=1 has no effect for point-to-point collectives. (function operator())
SIZE 16 MB, REAL_BD 21.158 GB/s, BD/PAIR 10.579 GB/s, time 1.586e-01 s, time/iter 1.586e-03, comm_vol 3.355 GB
SIZE 64 MB, REAL_BD 22.45 GB/s, BD/PAIR 11.225 GB/s, time 5.978e-01 s, time/iter 5.978e-03, comm_vol 13.422 GB
SIZE 256 MB, REAL_BD 22.82 GB/s, BD/PAIR 11.41 GB/s, time 2.353e+00 s, time/iter 2.353e-02, comm_vol 53.687 GB
SIZE 1 GB, REAL_BD 22.935 GB/s, BD/PAIR 11.468 GB/s, time 9.363e+00 s, time/iter 9.363e-02, comm_vol 214.748 GB
[[0, 15], [15, 0]]
[W ProcessGroupNCCL.cpp:1856] Warning: 0NCCL_AVOID_RECORD_STREAMS=1 has no effect for point-to-point collectives. (function operator())
[W ProcessGroupNCCL.cpp:1856] Warning: 0NCCL_AVOID_RECORD_STREAMS=1 has no effect for point-to-point collectives. (function operator())
SIZE 16 MB, REAL_BD 21.148 GB/s, BD/PAIR 10.574 GB/s, time 1.587e-01 s, time/iter 1.587e-03, comm_vol 3.355 GB
SIZE 64 MB, REAL_BD 22.505 GB/s, BD/PAIR 11.253 GB/s, time 5.964e-01 s, time/iter 5.964e-03, comm_vol 13.422 GB
SIZE 256 MB, REAL_BD 22.84 GB/s, BD/PAIR 11.42 GB/s, time 2.351e+00 s, time/iter 2.351e-02, comm_vol 53.687 GB
SIZE 1 GB, REAL_BD 22.896 GB/s, BD/PAIR 11.448 GB/s, time 9.379e+00 s, time/iter 9.379e-02, comm_vol 214.748 GB
[[0, 8], [0, 15]]
SIZE 16 MB, REAL_BD 24.452 GB/s, BD/PAIR 12.226 GB/s, time 1.372e-01 s, time/iter 1.372e-03, comm_vol 3.355 GB
SIZE 64 MB, REAL_BD 19.496 GB/s, BD/PAIR 9.748 GB/s, time 6.884e-01 s, time/iter 6.884e-03, comm_vol 13.422 GB
SIZE 256 MB, REAL_BD 20.954 GB/s, BD/PAIR 10.477 GB/s, time 2.562e+00 s, time/iter 2.562e-02, comm_vol 53.687 GB
SIZE 1 GB, REAL_BD 21.599 GB/s, BD/PAIR 10.799 GB/s, time 9.943e+00 s, time/iter 9.943e-02, comm_vol 214.748 GB
[[0, 8], [0, 15], [8, 0], [15, 0]]
SIZE 16 MB, REAL_BD 17.415 GB/s, BD/PAIR 4.354 GB/s, time 3.853e-01 s, time/iter 3.853e-03, comm_vol 6.711 GB
SIZE 64 MB, REAL_BD 19.385 GB/s, BD/PAIR 4.846 GB/s, time 1.385e+00 s, time/iter 1.385e-02, comm_vol 26.844 GB
SIZE 256 MB, REAL_BD 20.73 GB/s, BD/PAIR 5.183 GB/s, time 5.180e+00 s, time/iter 5.180e-02, comm_vol 107.374 GB
SIZE 1 GB, REAL_BD 21.948 GB/s, BD/PAIR 5.487 GB/s, time 1.957e+01 s, time/iter 1.957e-01, comm_vol 429.497 GB
[[7, 8], [15, 0]]
[W ProcessGroupNCCL.cpp:1856] Warning: 0NCCL_AVOID_RECORD_STREAMS=1 has no effect for point-to-point collectives. (function operator())
NCCL version 2.18.1+cuda12.1
SIZE 16 MB, REAL_BD 35.462 GB/s, BD/PAIR 17.731 GB/s, time 9.462e-02 s, time/iter 9.462e-04, comm_vol 3.355 GB
SIZE 64 MB, REAL_BD 39.716 GB/s, BD/PAIR 19.858 GB/s, time 3.379e-01 s, time/iter 3.379e-03, comm_vol 13.422 GB
SIZE 256 MB, REAL_BD 43.929 GB/s, BD/PAIR 21.964 GB/s, time 1.222e+00 s, time/iter 1.222e-02, comm_vol 53.687 GB
SIZE 1 GB, REAL_BD 45.317 GB/s, BD/PAIR 22.658 GB/s, time 4.739e+00 s, time/iter 4.739e-02, comm_vol 214.748 GB
[[0, 8], [2, 10]]
[W ProcessGroupNCCL.cpp:1856] Warning: 0NCCL_AVOID_RECORD_STREAMS=1 has no effect for point-to-point collectives. (function operator())
[W ProcessGroupNCCL.cpp:1856] Warning: 0NCCL_AVOID_RECORD_STREAMS=1 has no effect for point-to-point collectives. (function operator())
NCCL version 2.18.1+cuda12.1
SIZE 16 MB, REAL_BD 44.732 GB/s, BD/PAIR 22.366 GB/s, time 7.501e-02 s, time/iter 7.501e-04, comm_vol 3.355 GB
SIZE 64 MB, REAL_BD 46.005 GB/s, BD/PAIR 23.003 GB/s, time 2.917e-01 s, time/iter 2.917e-03, comm_vol 13.422 GB
SIZE 256 MB, REAL_BD 45.955 GB/s, BD/PAIR 22.978 GB/s, time 1.168e+00 s, time/iter 1.168e-02, comm_vol 53.687 GB
SIZE 1 GB, REAL_BD 45.784 GB/s, BD/PAIR 22.892 GB/s, time 4.690e+00 s, time/iter 4.690e-02, comm_vol 214.748 GB
[[0, 8], [8, 0], [2, 10], [10, 2]]
[W ProcessGroupNCCL.cpp:1856] Warning: 0NCCL_AVOID_RECORD_STREAMS=1 has no effect for point-to-point collectives. (function operator())
[W ProcessGroupNCCL.cpp:1856] Warning: 0NCCL_AVOID_RECORD_STREAMS=1 has no effect for point-to-point collectives. (function operator())
SIZE 16 MB, REAL_BD 42.277 GB/s, BD/PAIR 10.569 GB/s, time 1.587e-01 s, time/iter 1.587e-03, comm_vol 6.711 GB
SIZE 64 MB, REAL_BD 44.622 GB/s, BD/PAIR 11.156 GB/s, time 6.016e-01 s, time/iter 6.016e-03, comm_vol 26.844 GB
SIZE 256 MB, REAL_BD 45.591 GB/s, BD/PAIR 11.398 GB/s, time 2.355e+00 s, time/iter 2.355e-02, comm_vol 107.374 GB
SIZE 1 GB, REAL_BD 45.84 GB/s, BD/PAIR 11.46 GB/s, time 9.370e+00 s, time/iter 9.370e-02, comm_vol 429.497 GB
[[0, 8], [4, 12]]
[W ProcessGroupNCCL.cpp:1856] Warning: 0NCCL_AVOID_RECORD_STREAMS=1 has no effect for point-to-point collectives. (function operator())
[W ProcessGroupNCCL.cpp:1856] Warning: 0NCCL_AVOID_RECORD_STREAMS=1 has no effect for point-to-point collectives. (function operator())
NCCL version 2.18.1+cuda12.1
SIZE 16 MB, REAL_BD 45.78 GB/s, BD/PAIR 22.89 GB/s, time 7.329e-02 s, time/iter 7.329e-04, comm_vol 3.355 GB
SIZE 64 MB, REAL_BD 45.926 GB/s, BD/PAIR 22.963 GB/s, time 2.922e-01 s, time/iter 2.922e-03, comm_vol 13.422 GB
SIZE 256 MB, REAL_BD 45.95 GB/s, BD/PAIR 22.975 GB/s, time 1.168e+00 s, time/iter 1.168e-02, comm_vol 53.687 GB
SIZE 1 GB, REAL_BD 45.897 GB/s, BD/PAIR 22.949 GB/s, time 4.679e+00 s, time/iter 4.679e-02, comm_vol 214.748 GB
[[0, 8], [8, 0], [4, 12], [12, 4]]
[W ProcessGroupNCCL.cpp:1856] Warning: 0NCCL_AVOID_RECORD_STREAMS=1 has no effect for point-to-point collectives. (function operator())
[W ProcessGroupNCCL.cpp:1856] Warning: 0NCCL_AVOID_RECORD_STREAMS=1 has no effect for point-to-point collectives. (function operator())
SIZE 16 MB, REAL_BD 42.118 GB/s, BD/PAIR 10.529 GB/s, time 1.593e-01 s, time/iter 1.593e-03, comm_vol 6.711 GB
SIZE 64 MB, REAL_BD 44.739 GB/s, BD/PAIR 11.185 GB/s, time 6.000e-01 s, time/iter 6.000e-03, comm_vol 26.844 GB
SIZE 256 MB, REAL_BD 45.554 GB/s, BD/PAIR 11.389 GB/s, time 2.357e+00 s, time/iter 2.357e-02, comm_vol 107.374 GB
SIZE 1 GB, REAL_BD 45.474 GB/s, BD/PAIR 11.369 GB/s, time 9.445e+00 s, time/iter 9.445e-02, comm_vol 429.497 GB
[[0, 8], [2, 10], [4, 12], [6, 14]]
[W ProcessGroupNCCL.cpp:1856] Warning: 0NCCL_AVOID_RECORD_STREAMS=1 has no effect for point-to-point collectives. (function operator())
[W ProcessGroupNCCL.cpp:1856] Warning: 0NCCL_AVOID_RECORD_STREAMS=1 has no effect for point-to-point collectives. (function operator())
NCCL version 2.18.1+cuda12.1
SIZE 16 MB, REAL_BD 91.175 GB/s, BD/PAIR 22.794 GB/s, time 7.360e-02 s, time/iter 7.360e-04, comm_vol 6.711 GB
SIZE 64 MB, REAL_BD 91.744 GB/s, BD/PAIR 22.936 GB/s, time 2.926e-01 s, time/iter 2.926e-03, comm_vol 26.844 GB
SIZE 256 MB, REAL_BD 91.523 GB/s, BD/PAIR 22.881 GB/s, time 1.173e+00 s, time/iter 1.173e-02, comm_vol 107.374 GB
SIZE 1 GB, REAL_BD 91.517 GB/s, BD/PAIR 22.879 GB/s, time 4.693e+00 s, time/iter 4.693e-02, comm_vol 429.497 GB
[[0, 8], [8, 0], [2, 10], [10, 2], [4, 12], [12, 4], [6, 14], [14, 6]]
[W ProcessGroupNCCL.cpp:1856] Warning: 0NCCL_AVOID_RECORD_STREAMS=1 has no effect for point-to-point collectives. (function operator())
[W ProcessGroupNCCL.cpp:1856] Warning: 0NCCL_AVOID_RECORD_STREAMS=1 has no effect for point-to-point collectives. (function operator())
SIZE 16 MB, REAL_BD 84.349 GB/s, BD/PAIR 10.544 GB/s, time 1.591e-01 s, time/iter 1.591e-03, comm_vol 13.422 GB
SIZE 64 MB, REAL_BD 89.513 GB/s, BD/PAIR 11.189 GB/s, time 5.998e-01 s, time/iter 5.998e-03, comm_vol 53.687 GB
SIZE 256 MB, REAL_BD 91.159 GB/s, BD/PAIR 11.395 GB/s, time 2.356e+00 s, time/iter 2.356e-02, comm_vol 214.748 GB
SIZE 1 GB, REAL_BD 91.483 GB/s, BD/PAIR 11.435 GB/s, time 9.390e+00 s, time/iter 9.390e-02, comm_vol 858.993 GB
[[0, 8], [1, 9], [2, 10], [3, 11], [4, 12], [5, 13], [6, 14], [7, 15]]
[W ProcessGroupNCCL.cpp:1856] Warning: 0NCCL_AVOID_RECORD_STREAMS=1 has no effect for point-to-point collectives. (function operator())
[W ProcessGroupNCCL.cpp:1856] Warning: 0NCCL_AVOID_RECORD_STREAMS=1 has no effect for point-to-point collectives. (function operator())
NCCL version 2.18.1+cuda12.1
[W ProcessGroupNCCL.cpp:1856] Warning: 0NCCL_AVOID_RECORD_STREAMS=1 has no effect for point-to-point collectives. (function operator())
NCCL version 2.18.1+cuda12.1
NCCL version 2.18.1+cuda12.1
[W ProcessGroupNCCL.cpp:1856] Warning: 0NCCL_AVOID_RECORD_STREAMS=1 has no effect for point-to-point collectives. (function operator())
[W ProcessGroupNCCL.cpp:1856] Warning: 0NCCL_AVOID_RECORD_STREAMS=1 has no effect for point-to-point collectives. (function operator())
SIZE 16 MB, REAL_BD 97.741 GB/s, BD/PAIR 12.218 GB/s, time 1.373e-01 s, time/iter 1.373e-03, comm_vol 13.422 GB
SIZE 64 MB, REAL_BD 97.651 GB/s, BD/PAIR 12.206 GB/s, time 5.498e-01 s, time/iter 5.498e-03, comm_vol 53.687 GB
SIZE 256 MB, REAL_BD 97.86 GB/s, BD/PAIR 12.233 GB/s, time 2.194e+00 s, time/iter 2.194e-02, comm_vol 214.748 GB
SIZE 1 GB, REAL_BD 97.882 GB/s, BD/PAIR 12.235 GB/s, time 8.776e+00 s, time/iter 8.776e-02, comm_vol 858.993 GB
[[0, 8], [1, 9], [2, 10], [3, 11], [4, 12], [5, 13], [6, 14], [7, 15], [8, 0], [9, 1], [10, 2], [11, 3], [12, 4], [13, 5], [14, 6], [15, 7]]
[W ProcessGroupNCCL.cpp:1856] Warning: 0NCCL_AVOID_RECORD_STREAMS=1 has no effect for point-to-point collectives. (function operator())
[W ProcessGroupNCCL.cpp:1856] Warning: 0NCCL_AVOID_RECORD_STREAMS=1 has no effect for point-to-point collectives. (function operator())
[W ProcessGroupNCCL.cpp:1856] Warning: 0NCCL_AVOID_RECORD_STREAMS=1 has no effect for point-to-point collectives. (function operator())
[W ProcessGroupNCCL.cpp:1856] Warning: 0NCCL_AVOID_RECORD_STREAMS=1 has no effect for point-to-point collectives. (function operator())
[W ProcessGroupNCCL.cpp:1856] Warning: 0NCCL_AVOID_RECORD_STREAMS=1 has no effect for point-to-point collectives. (function operator())
[W ProcessGroupNCCL.cpp:1856] Warning: 0NCCL_AVOID_RECORD_STREAMS=1 has no effect for point-to-point collectives. (function operator())
SIZE 16 MB, REAL_BD 98.173 GB/s, BD/PAIR 6.136 GB/s, time 2.734e-01 s, time/iter 2.734e-03, comm_vol 26.844 GB
SIZE 64 MB, REAL_BD 99.632 GB/s, BD/PAIR 6.227 GB/s, time 1.078e+00 s, time/iter 1.078e-02, comm_vol 107.374 GB
SIZE 256 MB, REAL_BD 100.307 GB/s, BD/PAIR 6.269 GB/s, time 4.282e+00 s, time/iter 4.282e-02, comm_vol 429.497 GB
SIZE 1 GB, REAL_BD 100.824 GB/s, BD/PAIR 6.301 GB/s, time 1.704e+01 s, time/iter 1.704e-01, comm_vol 1.718 TB
