HOST: g3017
CP_FILE_NAME: small
HOST: g3017
CUDA_VISIBLE_DEVICES: 
GPU_NUM: 8
PROC_NUM: 8
NNODES: 1
NTASK_PER_NODE: 8
COMM_MODULE: raw-nccl
MASTER_ADDR: feng-wang-qcsleep2-worker-1
+ mpirun --allow-run-as-root --prefix /usr/local/bin/../ -x MASTER_ADDR -x MASTER_PORT -x LD_LIBRARY_PATH -x PATH -x TRACE_NAME -x NCCL_DEBUG -x NCCL_NET_GDR_LEVEL -x NCCL_DEBUG_SUBSYS -x NCCL_IB_DISABLE --map-by ppr:4:numa --bind-to core --report-bindings -np 8 --host feng-wang-qcsleep2-worker-1:8 python conflict_bench.py --backend NCCL --config ./scripts/configs/small_8.json --comm-module raw-nccl
[feng-wang-qcsleep2-worker-1:00561] MCW rank 5 bound to socket 1[core 33[hwt 0-1]]: [../../../../../../../../../../../../../../../../../../../../../../../../../../../../../../../..][../BB/../../../../../../../../../../../../../../../../../../../../../../../../../../../../../..]
[feng-wang-qcsleep2-worker-1:00561] MCW rank 6 bound to socket 1[core 34[hwt 0-1]]: [../../../../../../../../../../../../../../../../../../../../../../../../../../../../../../../..][../../BB/../../../../../../../../../../../../../../../../../../../../../../../../../../../../..]
[feng-wang-qcsleep2-worker-1:00561] MCW rank 7 bound to socket 1[core 35[hwt 0-1]]: [../../../../../../../../../../../../../../../../../../../../../../../../../../../../../../../..][../../../BB/../../../../../../../../../../../../../../../../../../../../../../../../../../../..]
[feng-wang-qcsleep2-worker-1:00561] MCW rank 0 bound to socket 0[core 0[hwt 0-1]]: [BB/../../../../../../../../../../../../../../../../../../../../../../../../../../../../../../..][../../../../../../../../../../../../../../../../../../../../../../../../../../../../../../../..]
[feng-wang-qcsleep2-worker-1:00561] MCW rank 1 bound to socket 0[core 1[hwt 0-1]]: [../BB/../../../../../../../../../../../../../../../../../../../../../../../../../../../../../..][../../../../../../../../../../../../../../../../../../../../../../../../../../../../../../../..]
[feng-wang-qcsleep2-worker-1:00561] MCW rank 2 bound to socket 0[core 2[hwt 0-1]]: [../../BB/../../../../../../../../../../../../../../../../../../../../../../../../../../../../..][../../../../../../../../../../../../../../../../../../../../../../../../../../../../../../../..]
[feng-wang-qcsleep2-worker-1:00561] MCW rank 3 bound to socket 0[core 3[hwt 0-1]]: [../../../BB/../../../../../../../../../../../../../../../../../../../../../../../../../../../..][../../../../../../../../../../../../../../../../../../../../../../../../../../../../../../../..]
[feng-wang-qcsleep2-worker-1:00561] MCW rank 4 bound to socket 1[core 32[hwt 0-1]]: [../../../../../../../../../../../../../../../../../../../../../../../../../../../../../../../..][BB/../../../../../../../../../../../../../../../../../../../../../../../../../../../../../../..]
NCCL version 2.18.1+cuda12.1
[INFO]: Cluster init done !!!
[[0, 1]]
SIZE 8 KB, REAL_BD 687.525 MB/s, BD/PAIR 687.525 MB/s, time 1.192e-02 s, time/iter 1.192e-05, comm_vol 8.192 MB
SIZE 16 KB, REAL_BD 1.244 GB/s, BD/PAIR 1.244 GB/s, time 1.317e-02 s, time/iter 1.317e-05, comm_vol 16.384 MB
SIZE 32 KB, REAL_BD 2.233 GB/s, BD/PAIR 2.233 GB/s, time 1.467e-02 s, time/iter 1.467e-05, comm_vol 32.768 MB
SIZE 64 KB, REAL_BD 4.084 GB/s, BD/PAIR 4.084 GB/s, time 1.605e-02 s, time/iter 1.605e-05, comm_vol 65.536 MB
SIZE 128 KB, REAL_BD 7.222 GB/s, BD/PAIR 7.222 GB/s, time 1.815e-02 s, time/iter 1.815e-05, comm_vol 131.072 MB
SIZE 256 KB, REAL_BD 14.385 GB/s, BD/PAIR 14.385 GB/s, time 1.822e-02 s, time/iter 1.822e-05, comm_vol 262.144 MB
SIZE 512 KB, REAL_BD 28.384 GB/s, BD/PAIR 28.384 GB/s, time 1.847e-02 s, time/iter 1.847e-05, comm_vol 524.288 MB
SIZE 1 MB, REAL_BD 50.461 GB/s, BD/PAIR 50.461 GB/s, time 2.078e-02 s, time/iter 2.078e-05, comm_vol 1.049 GB
SIZE 2 MB, REAL_BD 82.384 GB/s, BD/PAIR 82.384 GB/s, time 2.546e-02 s, time/iter 2.546e-05, comm_vol 2.097 GB
SIZE 4 MB, REAL_BD 111.571 GB/s, BD/PAIR 111.571 GB/s, time 3.759e-02 s, time/iter 3.759e-05, comm_vol 4.194 GB
SIZE 8 MB, REAL_BD 130.402 GB/s, BD/PAIR 130.402 GB/s, time 6.433e-02 s, time/iter 6.433e-05, comm_vol 8.389 GB
SIZE 16 MB, REAL_BD 143.613 GB/s, BD/PAIR 143.613 GB/s, time 1.168e-01 s, time/iter 1.168e-04, comm_vol 16.777 GB
SIZE 32 MB, REAL_BD 150.34 GB/s, BD/PAIR 150.34 GB/s, time 2.232e-01 s, time/iter 2.232e-04, comm_vol 33.554 GB
SIZE 64 MB, REAL_BD 155.602 GB/s, BD/PAIR 155.602 GB/s, time 4.313e-01 s, time/iter 4.313e-04, comm_vol 67.109 GB
SIZE 128 MB, REAL_BD 158.796 GB/s, BD/PAIR 158.796 GB/s, time 8.452e-01 s, time/iter 8.452e-04, comm_vol 134.218 GB
SIZE 256 MB, REAL_BD 175.432 GB/s, BD/PAIR 175.432 GB/s, time 1.530e+00 s, time/iter 1.530e-03, comm_vol 268.435 GB
SIZE 512 MB, REAL_BD 176.453 GB/s, BD/PAIR 176.453 GB/s, time 3.043e+00 s, time/iter 3.043e-03, comm_vol 536.871 GB
SIZE 1 GB, REAL_BD 176.922 GB/s, BD/PAIR 176.922 GB/s, time 6.069e+00 s, time/iter 6.069e-03, comm_vol 1.074 TB
[[0, 1], [1, 0]]
SIZE 8 KB, REAL_BD 1.044 GB/s, BD/PAIR 522.208 MB/s, time 1.569e-02 s, time/iter 1.569e-05, comm_vol 16.384 MB
SIZE 16 KB, REAL_BD 2.23 GB/s, BD/PAIR 1.115 GB/s, time 1.470e-02 s, time/iter 1.470e-05, comm_vol 32.768 MB
SIZE 32 KB, REAL_BD 4.503 GB/s, BD/PAIR 2.252 GB/s, time 1.455e-02 s, time/iter 1.455e-05, comm_vol 65.536 MB
SIZE 64 KB, REAL_BD 8.91 GB/s, BD/PAIR 4.455 GB/s, time 1.471e-02 s, time/iter 1.471e-05, comm_vol 131.072 MB
SIZE 128 KB, REAL_BD 16.063 GB/s, BD/PAIR 8.031 GB/s, time 1.632e-02 s, time/iter 1.632e-05, comm_vol 262.144 MB
SIZE 256 KB, REAL_BD 30.929 GB/s, BD/PAIR 15.465 GB/s, time 1.695e-02 s, time/iter 1.695e-05, comm_vol 524.288 MB
SIZE 512 KB, REAL_BD 58.099 GB/s, BD/PAIR 29.05 GB/s, time 1.805e-02 s, time/iter 1.805e-05, comm_vol 1.049 GB
SIZE 1 MB, REAL_BD 99.039 GB/s, BD/PAIR 49.52 GB/s, time 2.117e-02 s, time/iter 2.117e-05, comm_vol 2.097 GB
SIZE 2 MB, REAL_BD 160.796 GB/s, BD/PAIR 80.398 GB/s, time 2.608e-02 s, time/iter 2.608e-05, comm_vol 4.194 GB
SIZE 4 MB, REAL_BD 207.432 GB/s, BD/PAIR 103.716 GB/s, time 4.044e-02 s, time/iter 4.044e-05, comm_vol 8.389 GB
SIZE 8 MB, REAL_BD 239.783 GB/s, BD/PAIR 119.892 GB/s, time 6.997e-02 s, time/iter 6.997e-05, comm_vol 16.777 GB
SIZE 16 MB, REAL_BD 258.53 GB/s, BD/PAIR 129.265 GB/s, time 1.298e-01 s, time/iter 1.298e-04, comm_vol 33.554 GB
SIZE 32 MB, REAL_BD 271.933 GB/s, BD/PAIR 135.966 GB/s, time 2.468e-01 s, time/iter 2.468e-04, comm_vol 67.109 GB
SIZE 64 MB, REAL_BD 282.323 GB/s, BD/PAIR 141.162 GB/s, time 4.754e-01 s, time/iter 4.754e-04, comm_vol 134.218 GB
SIZE 128 MB, REAL_BD 291.386 GB/s, BD/PAIR 145.693 GB/s, time 9.212e-01 s, time/iter 9.212e-04, comm_vol 268.435 GB
SIZE 256 MB, REAL_BD 312.469 GB/s, BD/PAIR 156.235 GB/s, time 1.718e+00 s, time/iter 1.718e-03, comm_vol 536.871 GB
SIZE 512 MB, REAL_BD 314.316 GB/s, BD/PAIR 157.158 GB/s, time 3.416e+00 s, time/iter 3.416e-03, comm_vol 1.074 TB
SIZE 1 GB, REAL_BD 315.335 GB/s, BD/PAIR 157.668 GB/s, time 6.810e+00 s, time/iter 6.810e-03, comm_vol 2.147 TB
[[0, 1], [1, 2], [2, 3], [3, 0]]
NCCL version 2.18.1+cuda12.1
NCCL version 2.18.1+cuda12.1
SIZE 8 KB, REAL_BD 1.597 GB/s, BD/PAIR 399.235 MB/s, time 2.052e-02 s, time/iter 2.052e-05, comm_vol 32.768 MB
SIZE 16 KB, REAL_BD 4.421 GB/s, BD/PAIR 1.105 GB/s, time 1.482e-02 s, time/iter 1.482e-05, comm_vol 65.536 MB
SIZE 32 KB, REAL_BD 8.919 GB/s, BD/PAIR 2.23 GB/s, time 1.470e-02 s, time/iter 1.470e-05, comm_vol 131.072 MB
SIZE 64 KB, REAL_BD 17.036 GB/s, BD/PAIR 4.259 GB/s, time 1.539e-02 s, time/iter 1.539e-05, comm_vol 262.144 MB
SIZE 128 KB, REAL_BD 30.441 GB/s, BD/PAIR 7.61 GB/s, time 1.722e-02 s, time/iter 1.722e-05, comm_vol 524.288 MB
SIZE 256 KB, REAL_BD 60.879 GB/s, BD/PAIR 15.22 GB/s, time 1.722e-02 s, time/iter 1.722e-05, comm_vol 1.049 GB
SIZE 512 KB, REAL_BD 113.674 GB/s, BD/PAIR 28.418 GB/s, time 1.845e-02 s, time/iter 1.845e-05, comm_vol 2.097 GB
SIZE 1 MB, REAL_BD 194.865 GB/s, BD/PAIR 48.716 GB/s, time 2.152e-02 s, time/iter 2.152e-05, comm_vol 4.194 GB
SIZE 2 MB, REAL_BD 301.9 GB/s, BD/PAIR 75.475 GB/s, time 2.779e-02 s, time/iter 2.779e-05, comm_vol 8.389 GB
SIZE 4 MB, REAL_BD 410.795 GB/s, BD/PAIR 102.699 GB/s, time 4.084e-02 s, time/iter 4.084e-05, comm_vol 16.777 GB
SIZE 8 MB, REAL_BD 467.144 GB/s, BD/PAIR 116.786 GB/s, time 7.183e-02 s, time/iter 7.183e-05, comm_vol 33.554 GB
SIZE 16 MB, REAL_BD 507.811 GB/s, BD/PAIR 126.953 GB/s, time 1.322e-01 s, time/iter 1.322e-04, comm_vol 67.109 GB
SIZE 32 MB, REAL_BD 538.106 GB/s, BD/PAIR 134.526 GB/s, time 2.494e-01 s, time/iter 2.494e-04, comm_vol 134.218 GB
SIZE 64 MB, REAL_BD 561.577 GB/s, BD/PAIR 140.394 GB/s, time 4.780e-01 s, time/iter 4.780e-04, comm_vol 268.435 GB
SIZE 128 MB, REAL_BD 576.61 GB/s, BD/PAIR 144.153 GB/s, time 9.311e-01 s, time/iter 9.311e-04, comm_vol 536.871 GB
SIZE 256 MB, REAL_BD 622.198 GB/s, BD/PAIR 155.55 GB/s, time 1.726e+00 s, time/iter 1.726e-03, comm_vol 1.074 TB
SIZE 512 MB, REAL_BD 626.818 GB/s, BD/PAIR 156.704 GB/s, time 3.426e+00 s, time/iter 3.426e-03, comm_vol 2.147 TB
SIZE 1 GB, REAL_BD 629.343 GB/s, BD/PAIR 157.336 GB/s, time 6.825e+00 s, time/iter 6.825e-03, comm_vol 4.295 TB
[[0, 2], [1, 3], [2, 0], [3, 1]]
SIZE 8 KB, REAL_BD 1.945 GB/s, BD/PAIR 486.365 MB/s, time 1.684e-02 s, time/iter 1.684e-05, comm_vol 32.768 MB
SIZE 16 KB, REAL_BD 4.456 GB/s, BD/PAIR 1.114 GB/s, time 1.471e-02 s, time/iter 1.471e-05, comm_vol 65.536 MB
SIZE 32 KB, REAL_BD 9.043 GB/s, BD/PAIR 2.261 GB/s, time 1.449e-02 s, time/iter 1.449e-05, comm_vol 131.072 MB
SIZE 64 KB, REAL_BD 17.264 GB/s, BD/PAIR 4.316 GB/s, time 1.518e-02 s, time/iter 1.518e-05, comm_vol 262.144 MB
SIZE 128 KB, REAL_BD 31.816 GB/s, BD/PAIR 7.954 GB/s, time 1.648e-02 s, time/iter 1.648e-05, comm_vol 524.288 MB
SIZE 256 KB, REAL_BD 61.359 GB/s, BD/PAIR 15.34 GB/s, time 1.709e-02 s, time/iter 1.709e-05, comm_vol 1.049 GB
SIZE 512 KB, REAL_BD 114.239 GB/s, BD/PAIR 28.56 GB/s, time 1.836e-02 s, time/iter 1.836e-05, comm_vol 2.097 GB
SIZE 1 MB, REAL_BD 194.612 GB/s, BD/PAIR 48.653 GB/s, time 2.155e-02 s, time/iter 2.155e-05, comm_vol 4.194 GB
SIZE 2 MB, REAL_BD 316.244 GB/s, BD/PAIR 79.061 GB/s, time 2.653e-02 s, time/iter 2.653e-05, comm_vol 8.389 GB
SIZE 4 MB, REAL_BD 412.094 GB/s, BD/PAIR 103.023 GB/s, time 4.071e-02 s, time/iter 4.071e-05, comm_vol 16.777 GB
SIZE 8 MB, REAL_BD 478.762 GB/s, BD/PAIR 119.691 GB/s, time 7.009e-02 s, time/iter 7.009e-05, comm_vol 33.554 GB
SIZE 16 MB, REAL_BD 515.277 GB/s, BD/PAIR 128.819 GB/s, time 1.302e-01 s, time/iter 1.302e-04, comm_vol 67.109 GB
SIZE 32 MB, REAL_BD 542.284 GB/s, BD/PAIR 135.571 GB/s, time 2.475e-01 s, time/iter 2.475e-04, comm_vol 134.218 GB
SIZE 64 MB, REAL_BD 564.367 GB/s, BD/PAIR 141.092 GB/s, time 4.756e-01 s, time/iter 4.756e-04, comm_vol 268.435 GB
SIZE 128 MB, REAL_BD 581.751 GB/s, BD/PAIR 145.438 GB/s, time 9.229e-01 s, time/iter 9.229e-04, comm_vol 536.871 GB
SIZE 256 MB, REAL_BD 624.841 GB/s, BD/PAIR 156.21 GB/s, time 1.718e+00 s, time/iter 1.718e-03, comm_vol 1.074 TB
SIZE 512 MB, REAL_BD 628.714 GB/s, BD/PAIR 157.178 GB/s, time 3.416e+00 s, time/iter 3.416e-03, comm_vol 2.147 TB
SIZE 1 GB, REAL_BD 630.729 GB/s, BD/PAIR 157.682 GB/s, time 6.810e+00 s, time/iter 6.810e-03, comm_vol 4.295 TB
[[0, 2], [1, 3], [2, 4], [3, 5], [4, 6], [5, 7], [6, 0], [7, 1]]
NCCL version 2.18.1+cuda12.1
NCCL version 2.18.1+cuda12.1
NCCL version 2.18.1+cuda12.1
SIZE 8 KB, REAL_BD 3.147 GB/s, BD/PAIR 393.335 MB/s, time 2.083e-02 s, time/iter 2.083e-05, comm_vol 65.536 MB
SIZE 16 KB, REAL_BD 6.307 GB/s, BD/PAIR 788.393 MB/s, time 2.078e-02 s, time/iter 2.078e-05, comm_vol 131.072 MB
SIZE 32 KB, REAL_BD 14.64 GB/s, BD/PAIR 1.83 GB/s, time 1.791e-02 s, time/iter 1.791e-05, comm_vol 262.144 MB
SIZE 64 KB, REAL_BD 34.004 GB/s, BD/PAIR 4.25 GB/s, time 1.542e-02 s, time/iter 1.542e-05, comm_vol 524.288 MB
SIZE 128 KB, REAL_BD 60.683 GB/s, BD/PAIR 7.585 GB/s, time 1.728e-02 s, time/iter 1.728e-05, comm_vol 1.049 GB
SIZE 256 KB, REAL_BD 121.362 GB/s, BD/PAIR 15.17 GB/s, time 1.728e-02 s, time/iter 1.728e-05, comm_vol 2.097 GB
SIZE 512 KB, REAL_BD 226.188 GB/s, BD/PAIR 28.273 GB/s, time 1.854e-02 s, time/iter 1.854e-05, comm_vol 4.194 GB
SIZE 1 MB, REAL_BD 391.085 GB/s, BD/PAIR 48.886 GB/s, time 2.145e-02 s, time/iter 2.145e-05, comm_vol 8.389 GB
SIZE 2 MB, REAL_BD 607.371 GB/s, BD/PAIR 75.921 GB/s, time 2.762e-02 s, time/iter 2.762e-05, comm_vol 16.777 GB
SIZE 4 MB, REAL_BD 806.782 GB/s, BD/PAIR 100.848 GB/s, time 4.159e-02 s, time/iter 4.159e-05, comm_vol 33.554 GB
SIZE 8 MB, REAL_BD 930.416 GB/s, BD/PAIR 116.302 GB/s, time 7.213e-02 s, time/iter 7.213e-05, comm_vol 67.109 GB
SIZE 16 MB, REAL_BD 1.013 TB/s, BD/PAIR 126.636 GB/s, time 1.325e-01 s, time/iter 1.325e-04, comm_vol 134.218 GB
SIZE 32 MB, REAL_BD 1.076 TB/s, BD/PAIR 134.561 GB/s, time 2.494e-01 s, time/iter 2.494e-04, comm_vol 268.435 GB
SIZE 64 MB, REAL_BD 1.121 TB/s, BD/PAIR 140.129 GB/s, time 4.789e-01 s, time/iter 4.789e-04, comm_vol 536.871 GB
SIZE 128 MB, REAL_BD 1.153 TB/s, BD/PAIR 144.167 GB/s, time 9.310e-01 s, time/iter 9.310e-04, comm_vol 1.074 TB
SIZE 256 MB, REAL_BD 1.244 TB/s, BD/PAIR 155.533 GB/s, time 1.726e+00 s, time/iter 1.726e-03, comm_vol 2.147 TB
SIZE 512 MB, REAL_BD 1.254 TB/s, BD/PAIR 156.738 GB/s, time 3.425e+00 s, time/iter 3.425e-03, comm_vol 4.295 TB
SIZE 1 GB, REAL_BD 1.259 TB/s, BD/PAIR 157.392 GB/s, time 6.822e+00 s, time/iter 6.822e-03, comm_vol 8.59 TB
[[0, 1], [1, 2], [2, 3], [3, 4], [4, 5], [5, 6], [6, 7], [7, 0]]
NCCL version 2.18.1+cuda12.1
SIZE 8 KB, REAL_BD 4.378 GB/s, BD/PAIR 547.278 MB/s, time 1.497e-02 s, time/iter 1.497e-05, comm_vol 65.536 MB
SIZE 16 KB, REAL_BD 8.786 GB/s, BD/PAIR 1.098 GB/s, time 1.492e-02 s, time/iter 1.492e-05, comm_vol 131.072 MB
SIZE 32 KB, REAL_BD 15.469 GB/s, BD/PAIR 1.934 GB/s, time 1.695e-02 s, time/iter 1.695e-05, comm_vol 262.144 MB
SIZE 64 KB, REAL_BD 28.709 GB/s, BD/PAIR 3.589 GB/s, time 1.826e-02 s, time/iter 1.826e-05, comm_vol 524.288 MB
SIZE 128 KB, REAL_BD 54.029 GB/s, BD/PAIR 6.754 GB/s, time 1.941e-02 s, time/iter 1.941e-05, comm_vol 1.049 GB
SIZE 256 KB, REAL_BD 105.866 GB/s, BD/PAIR 13.233 GB/s, time 1.981e-02 s, time/iter 1.981e-05, comm_vol 2.097 GB
SIZE 512 KB, REAL_BD 198.3 GB/s, BD/PAIR 24.788 GB/s, time 2.115e-02 s, time/iter 2.115e-05, comm_vol 4.194 GB
SIZE 1 MB, REAL_BD 352.362 GB/s, BD/PAIR 44.045 GB/s, time 2.381e-02 s, time/iter 2.381e-05, comm_vol 8.389 GB
SIZE 2 MB, REAL_BD 558.651 GB/s, BD/PAIR 69.831 GB/s, time 3.003e-02 s, time/iter 3.003e-05, comm_vol 16.777 GB
SIZE 4 MB, REAL_BD 776.346 GB/s, BD/PAIR 97.043 GB/s, time 4.322e-02 s, time/iter 4.322e-05, comm_vol 33.554 GB
SIZE 8 MB, REAL_BD 935.73 GB/s, BD/PAIR 116.966 GB/s, time 7.172e-02 s, time/iter 7.172e-05, comm_vol 67.109 GB
SIZE 16 MB, REAL_BD 1.014 TB/s, BD/PAIR 126.738 GB/s, time 1.324e-01 s, time/iter 1.324e-04, comm_vol 134.218 GB
SIZE 32 MB, REAL_BD 1.075 TB/s, BD/PAIR 134.414 GB/s, time 2.496e-01 s, time/iter 2.496e-04, comm_vol 268.435 GB
SIZE 64 MB, REAL_BD 1.119 TB/s, BD/PAIR 139.933 GB/s, time 4.796e-01 s, time/iter 4.796e-04, comm_vol 536.871 GB
SIZE 128 MB, REAL_BD 1.153 TB/s, BD/PAIR 144.081 GB/s, time 9.315e-01 s, time/iter 9.315e-04, comm_vol 1.074 TB
SIZE 256 MB, REAL_BD 1.244 TB/s, BD/PAIR 155.532 GB/s, time 1.726e+00 s, time/iter 1.726e-03, comm_vol 2.147 TB
SIZE 512 MB, REAL_BD 1.254 TB/s, BD/PAIR 156.752 GB/s, time 3.425e+00 s, time/iter 3.425e-03, comm_vol 4.295 TB
SIZE 1 GB, REAL_BD 1.259 TB/s, BD/PAIR 157.326 GB/s, time 6.825e+00 s, time/iter 6.825e-03, comm_vol 8.59 TB

HOST: g3017
CP_FILE_NAME: small
HOST: g3017
CUDA_VISIBLE_DEVICES: 
GPU_NUM: 8
PROC_NUM: 8
NNODES: 1
NTASK_PER_NODE: 8
COMM_MODULE: torch-distributed
MASTER_ADDR: feng-wang-qcsleep2-worker-1
+ mpirun --allow-run-as-root --prefix /usr/local/bin/../ -x MASTER_ADDR -x MASTER_PORT -x LD_LIBRARY_PATH -x PATH -x TRACE_NAME -x NCCL_DEBUG -x NCCL_NET_GDR_LEVEL -x NCCL_DEBUG_SUBSYS -x NCCL_IB_DISABLE --map-by ppr:4:numa --bind-to core --report-bindings -np 8 --host feng-wang-qcsleep2-worker-1:8 python conflict_bench.py --backend NCCL --config ./scripts/configs/small_8.json --comm-module torch-distributed
[feng-wang-qcsleep2-worker-1:35089] Warning: could not find environment variable "LD_LIBRARY_PATH"
[feng-wang-qcsleep2-worker-1:35089] MCW rank 0 bound to socket 0[core 0[hwt 0-1]]: [BB/../../../../../../../../../../../../../../../../../../../../../../../../../../../../../../..][../../../../../../../../../../../../../../../../../../../../../../../../../../../../../../../..]
[feng-wang-qcsleep2-worker-1:35089] MCW rank 1 bound to socket 0[core 1[hwt 0-1]]: [../BB/../../../../../../../../../../../../../../../../../../../../../../../../../../../../../..][../../../../../../../../../../../../../../../../../../../../../../../../../../../../../../../..]
[feng-wang-qcsleep2-worker-1:35089] MCW rank 2 bound to socket 0[core 2[hwt 0-1]]: [../../BB/../../../../../../../../../../../../../../../../../../../../../../../../../../../../..][../../../../../../../../../../../../../../../../../../../../../../../../../../../../../../../..]
[feng-wang-qcsleep2-worker-1:35089] MCW rank 3 bound to socket 0[core 3[hwt 0-1]]: [../../../BB/../../../../../../../../../../../../../../../../../../../../../../../../../../../..][../../../../../../../../../../../../../../../../../../../../../../../../../../../../../../../..]
[feng-wang-qcsleep2-worker-1:35089] MCW rank 4 bound to socket 1[core 32[hwt 0-1]]: [../../../../../../../../../../../../../../../../../../../../../../../../../../../../../../../..][BB/../../../../../../../../../../../../../../../../../../../../../../../../../../../../../../..]
[feng-wang-qcsleep2-worker-1:35089] MCW rank 5 bound to socket 1[core 33[hwt 0-1]]: [../../../../../../../../../../../../../../../../../../../../../../../../../../../../../../../..][../BB/../../../../../../../../../../../../../../../../../../../../../../../../../../../../../..]
[feng-wang-qcsleep2-worker-1:35089] MCW rank 6 bound to socket 1[core 34[hwt 0-1]]: [../../../../../../../../../../../../../../../../../../../../../../../../../../../../../../../..][../../BB/../../../../../../../../../../../../../../../../../../../../../../../../../../../../..]
[feng-wang-qcsleep2-worker-1:35089] MCW rank 7 bound to socket 1[core 35[hwt 0-1]]: [../../../../../../../../../../../../../../../../../../../../../../../../../../../../../../../..][../../../BB/../../../../../../../../../../../../../../../../../../../../../../../../../../../..]
NCCL version 2.18.1+cuda12.1
[INFO]: Cluster init done !!!
[[0, 1]]
[W ProcessGroupNCCL.cpp:1856] Warning: 0NCCL_AVOID_RECORD_STREAMS=1 has no effect for point-to-point collectives. (function operator())
[W ProcessGroupNCCL.cpp:1856] Warning: 0NCCL_AVOID_RECORD_STREAMS=1 has no effect for point-to-point collectives. (function operator())
SIZE 8 KB, REAL_BD 299.857 MB/s, BD/PAIR 299.857 MB/s, time 2.732e-02 s, time/iter 2.732e-05, comm_vol 8.192 MB
SIZE 16 KB, REAL_BD 708.982 MB/s, BD/PAIR 708.982 MB/s, time 2.311e-02 s, time/iter 2.311e-05, comm_vol 16.384 MB
SIZE 32 KB, REAL_BD 1.417 GB/s, BD/PAIR 1.417 GB/s, time 2.312e-02 s, time/iter 2.312e-05, comm_vol 32.768 MB
SIZE 64 KB, REAL_BD 2.837 GB/s, BD/PAIR 2.837 GB/s, time 2.310e-02 s, time/iter 2.310e-05, comm_vol 65.536 MB
SIZE 128 KB, REAL_BD 5.646 GB/s, BD/PAIR 5.646 GB/s, time 2.321e-02 s, time/iter 2.321e-05, comm_vol 131.072 MB
SIZE 256 KB, REAL_BD 11.028 GB/s, BD/PAIR 11.028 GB/s, time 2.377e-02 s, time/iter 2.377e-05, comm_vol 262.144 MB
SIZE 512 KB, REAL_BD 21.545 GB/s, BD/PAIR 21.545 GB/s, time 2.433e-02 s, time/iter 2.433e-05, comm_vol 524.288 MB
SIZE 1 MB, REAL_BD 42.749 GB/s, BD/PAIR 42.749 GB/s, time 2.453e-02 s, time/iter 2.453e-05, comm_vol 1.049 GB
SIZE 2 MB, REAL_BD 75.316 GB/s, BD/PAIR 75.316 GB/s, time 2.784e-02 s, time/iter 2.784e-05, comm_vol 2.097 GB
SIZE 4 MB, REAL_BD 109.312 GB/s, BD/PAIR 109.312 GB/s, time 3.837e-02 s, time/iter 3.837e-05, comm_vol 4.194 GB
SIZE 8 MB, REAL_BD 130.555 GB/s, BD/PAIR 130.555 GB/s, time 6.425e-02 s, time/iter 6.425e-05, comm_vol 8.389 GB
SIZE 16 MB, REAL_BD 143.72 GB/s, BD/PAIR 143.72 GB/s, time 1.167e-01 s, time/iter 1.167e-04, comm_vol 16.777 GB
SIZE 32 MB, REAL_BD 150.281 GB/s, BD/PAIR 150.281 GB/s, time 2.233e-01 s, time/iter 2.233e-04, comm_vol 33.554 GB
SIZE 64 MB, REAL_BD 155.77 GB/s, BD/PAIR 155.77 GB/s, time 4.308e-01 s, time/iter 4.308e-04, comm_vol 67.109 GB
SIZE 128 MB, REAL_BD 159.052 GB/s, BD/PAIR 159.052 GB/s, time 8.439e-01 s, time/iter 8.439e-04, comm_vol 134.218 GB
SIZE 256 MB, REAL_BD 175.583 GB/s, BD/PAIR 175.583 GB/s, time 1.529e+00 s, time/iter 1.529e-03, comm_vol 268.435 GB
SIZE 512 MB, REAL_BD 176.526 GB/s, BD/PAIR 176.526 GB/s, time 3.041e+00 s, time/iter 3.041e-03, comm_vol 536.871 GB
SIZE 1 GB, REAL_BD 176.976 GB/s, BD/PAIR 176.976 GB/s, time 6.067e+00 s, time/iter 6.067e-03, comm_vol 1.074 TB
[[0, 1], [1, 0]]
[W ProcessGroupNCCL.cpp:1856] Warning: 0NCCL_AVOID_RECORD_STREAMS=1 has no effect for point-to-point collectives. (function operator())
[W ProcessGroupNCCL.cpp:1856] Warning: 0NCCL_AVOID_RECORD_STREAMS=1 has no effect for point-to-point collectives. (function operator())
SIZE 8 KB, REAL_BD 343.575 MB/s, BD/PAIR 171.788 MB/s, time 4.769e-02 s, time/iter 4.769e-05, comm_vol 16.384 MB
SIZE 16 KB, REAL_BD 743.303 MB/s, BD/PAIR 371.651 MB/s, time 4.408e-02 s, time/iter 4.408e-05, comm_vol 32.768 MB
SIZE 32 KB, REAL_BD 1.483 GB/s, BD/PAIR 741.334 MB/s, time 4.420e-02 s, time/iter 4.420e-05, comm_vol 65.536 MB
SIZE 64 KB, REAL_BD 2.963 GB/s, BD/PAIR 1.482 GB/s, time 4.424e-02 s, time/iter 4.424e-05, comm_vol 131.072 MB
SIZE 128 KB, REAL_BD 5.891 GB/s, BD/PAIR 2.945 GB/s, time 4.450e-02 s, time/iter 4.450e-05, comm_vol 262.144 MB
SIZE 256 KB, REAL_BD 11.517 GB/s, BD/PAIR 5.758 GB/s, time 4.552e-02 s, time/iter 4.552e-05, comm_vol 524.288 MB
SIZE 512 KB, REAL_BD 22.101 GB/s, BD/PAIR 11.051 GB/s, time 4.744e-02 s, time/iter 4.744e-05, comm_vol 1.049 GB
SIZE 1 MB, REAL_BD 37.544 GB/s, BD/PAIR 18.772 GB/s, time 5.586e-02 s, time/iter 5.586e-05, comm_vol 2.097 GB
SIZE 2 MB, REAL_BD 55.361 GB/s, BD/PAIR 27.68 GB/s, time 7.576e-02 s, time/iter 7.576e-05, comm_vol 4.194 GB
SIZE 4 MB, REAL_BD 72.578 GB/s, BD/PAIR 36.289 GB/s, time 1.156e-01 s, time/iter 1.156e-04, comm_vol 8.389 GB
SIZE 8 MB, REAL_BD 97.181 GB/s, BD/PAIR 48.591 GB/s, time 1.726e-01 s, time/iter 1.726e-04, comm_vol 16.777 GB
SIZE 16 MB, REAL_BD 119.429 GB/s, BD/PAIR 59.715 GB/s, time 2.810e-01 s, time/iter 2.810e-04, comm_vol 33.554 GB
SIZE 32 MB, REAL_BD 137.248 GB/s, BD/PAIR 68.624 GB/s, time 4.890e-01 s, time/iter 4.890e-04, comm_vol 67.109 GB
SIZE 64 MB, REAL_BD 149.271 GB/s, BD/PAIR 74.635 GB/s, time 8.992e-01 s, time/iter 8.992e-04, comm_vol 134.218 GB
SIZE 128 MB, REAL_BD 155.94 GB/s, BD/PAIR 77.97 GB/s, time 1.721e+00 s, time/iter 1.721e-03, comm_vol 268.435 GB
SIZE 256 MB, REAL_BD 172.648 GB/s, BD/PAIR 86.324 GB/s, time 3.110e+00 s, time/iter 3.110e-03, comm_vol 536.871 GB
SIZE 512 MB, REAL_BD 175.072 GB/s, BD/PAIR 87.536 GB/s, time 6.133e+00 s, time/iter 6.133e-03, comm_vol 1.074 TB
SIZE 1 GB, REAL_BD 176.268 GB/s, BD/PAIR 88.134 GB/s, time 1.218e+01 s, time/iter 1.218e-02, comm_vol 2.147 TB
[[0, 1], [1, 2], [2, 3], [3, 0]]
[W ProcessGroupNCCL.cpp:1856] Warning: 0NCCL_AVOID_RECORD_STREAMS=1 has no effect for point-to-point collectives. (function operator())
[W ProcessGroupNCCL.cpp:1856] Warning: 0NCCL_AVOID_RECORD_STREAMS=1 has no effect for point-to-point collectives. (function operator())
NCCL version 2.18.1+cuda12.1
[W ProcessGroupNCCL.cpp:1856] Warning: 0NCCL_AVOID_RECORD_STREAMS=1 has no effect for point-to-point collectives. (function operator())
NCCL version 2.18.1+cuda12.1
[W ProcessGroupNCCL.cpp:1856] Warning: 0NCCL_AVOID_RECORD_STREAMS=1 has no effect for point-to-point collectives. (function operator())
SIZE 8 KB, REAL_BD 712.462 MB/s, BD/PAIR 178.116 MB/s, time 4.599e-02 s, time/iter 4.599e-05, comm_vol 32.768 MB
SIZE 16 KB, REAL_BD 1.432 GB/s, BD/PAIR 358.009 MB/s, time 4.576e-02 s, time/iter 4.576e-05, comm_vol 65.536 MB
SIZE 32 KB, REAL_BD 2.846 GB/s, BD/PAIR 711.441 MB/s, time 4.606e-02 s, time/iter 4.606e-05, comm_vol 131.072 MB
SIZE 64 KB, REAL_BD 5.724 GB/s, BD/PAIR 1.431 GB/s, time 4.579e-02 s, time/iter 4.579e-05, comm_vol 262.144 MB
SIZE 128 KB, REAL_BD 11.58 GB/s, BD/PAIR 2.895 GB/s, time 4.528e-02 s, time/iter 4.528e-05, comm_vol 524.288 MB
SIZE 256 KB, REAL_BD 22.75 GB/s, BD/PAIR 5.687 GB/s, time 4.609e-02 s, time/iter 4.609e-05, comm_vol 1.049 GB
SIZE 512 KB, REAL_BD 44.309 GB/s, BD/PAIR 11.077 GB/s, time 4.733e-02 s, time/iter 4.733e-05, comm_vol 2.097 GB
SIZE 1 MB, REAL_BD 88.242 GB/s, BD/PAIR 22.061 GB/s, time 4.753e-02 s, time/iter 4.753e-05, comm_vol 4.194 GB
SIZE 2 MB, REAL_BD 176.986 GB/s, BD/PAIR 44.247 GB/s, time 4.740e-02 s, time/iter 4.740e-05, comm_vol 8.389 GB
SIZE 4 MB, REAL_BD 241.232 GB/s, BD/PAIR 60.308 GB/s, time 6.955e-02 s, time/iter 6.955e-05, comm_vol 16.777 GB
SIZE 8 MB, REAL_BD 330.108 GB/s, BD/PAIR 82.527 GB/s, time 1.016e-01 s, time/iter 1.016e-04, comm_vol 33.554 GB
SIZE 16 MB, REAL_BD 409.204 GB/s, BD/PAIR 102.301 GB/s, time 1.640e-01 s, time/iter 1.640e-04, comm_vol 67.109 GB
SIZE 32 MB, REAL_BD 478.948 GB/s, BD/PAIR 119.737 GB/s, time 2.802e-01 s, time/iter 2.802e-04, comm_vol 134.218 GB
SIZE 64 MB, REAL_BD 525.909 GB/s, BD/PAIR 131.477 GB/s, time 5.104e-01 s, time/iter 5.104e-04, comm_vol 268.435 GB
SIZE 128 MB, REAL_BD 558.312 GB/s, BD/PAIR 139.578 GB/s, time 9.616e-01 s, time/iter 9.616e-04, comm_vol 536.871 GB
SIZE 256 MB, REAL_BD 608.166 GB/s, BD/PAIR 152.041 GB/s, time 1.766e+00 s, time/iter 1.766e-03, comm_vol 1.074 TB
SIZE 512 MB, REAL_BD 619.971 GB/s, BD/PAIR 154.993 GB/s, time 3.464e+00 s, time/iter 3.464e-03, comm_vol 2.147 TB
SIZE 1 GB, REAL_BD 626.008 GB/s, BD/PAIR 156.502 GB/s, time 6.861e+00 s, time/iter 6.861e-03, comm_vol 4.295 TB
[[0, 2], [1, 3], [2, 0], [3, 1]]
SIZE 8 KB, REAL_BD 751.55 MB/s, BD/PAIR 187.887 MB/s, time 4.360e-02 s, time/iter 4.360e-05, comm_vol 32.768 MB
SIZE 16 KB, REAL_BD 1.506 GB/s, BD/PAIR 376.39 MB/s, time 4.353e-02 s, time/iter 4.353e-05, comm_vol 65.536 MB
SIZE 32 KB, REAL_BD 3.008 GB/s, BD/PAIR 752.06 MB/s, time 4.357e-02 s, time/iter 4.357e-05, comm_vol 131.072 MB
SIZE 64 KB, REAL_BD 6.007 GB/s, BD/PAIR 1.502 GB/s, time 4.364e-02 s, time/iter 4.364e-05, comm_vol 262.144 MB
SIZE 128 KB, REAL_BD 11.876 GB/s, BD/PAIR 2.969 GB/s, time 4.415e-02 s, time/iter 4.415e-05, comm_vol 524.288 MB
SIZE 256 KB, REAL_BD 23.165 GB/s, BD/PAIR 5.791 GB/s, time 4.527e-02 s, time/iter 4.527e-05, comm_vol 1.049 GB
SIZE 512 KB, REAL_BD 44.871 GB/s, BD/PAIR 11.218 GB/s, time 4.674e-02 s, time/iter 4.674e-05, comm_vol 2.097 GB
SIZE 1 MB, REAL_BD 74.688 GB/s, BD/PAIR 18.672 GB/s, time 5.616e-02 s, time/iter 5.616e-05, comm_vol 4.194 GB
SIZE 2 MB, REAL_BD 110.279 GB/s, BD/PAIR 27.57 GB/s, time 7.607e-02 s, time/iter 7.607e-05, comm_vol 8.389 GB
SIZE 4 MB, REAL_BD 144.793 GB/s, BD/PAIR 36.198 GB/s, time 1.159e-01 s, time/iter 1.159e-04, comm_vol 16.777 GB
SIZE 8 MB, REAL_BD 193.671 GB/s, BD/PAIR 48.418 GB/s, time 1.733e-01 s, time/iter 1.733e-04, comm_vol 33.554 GB
SIZE 16 MB, REAL_BD 238.487 GB/s, BD/PAIR 59.622 GB/s, time 2.814e-01 s, time/iter 2.814e-04, comm_vol 67.109 GB
SIZE 32 MB, REAL_BD 274.265 GB/s, BD/PAIR 68.566 GB/s, time 4.894e-01 s, time/iter 4.894e-04, comm_vol 134.218 GB
SIZE 64 MB, REAL_BD 298.266 GB/s, BD/PAIR 74.567 GB/s, time 9.000e-01 s, time/iter 9.000e-04, comm_vol 268.435 GB
SIZE 128 MB, REAL_BD 312.411 GB/s, BD/PAIR 78.103 GB/s, time 1.718e+00 s, time/iter 1.718e-03, comm_vol 536.871 GB
SIZE 256 MB, REAL_BD 345.292 GB/s, BD/PAIR 86.323 GB/s, time 3.110e+00 s, time/iter 3.110e-03, comm_vol 1.074 TB
SIZE 512 MB, REAL_BD 350.129 GB/s, BD/PAIR 87.532 GB/s, time 6.133e+00 s, time/iter 6.133e-03, comm_vol 2.147 TB
SIZE 1 GB, REAL_BD 352.556 GB/s, BD/PAIR 88.139 GB/s, time 1.218e+01 s, time/iter 1.218e-02, comm_vol 4.295 TB
[[0, 2], [1, 3], [2, 4], [3, 5], [4, 6], [5, 7], [6, 0], [7, 1]]
[W ProcessGroupNCCL.cpp:1856] Warning: 0NCCL_AVOID_RECORD_STREAMS=1 has no effect for point-to-point collectives. (function operator())
[W ProcessGroupNCCL.cpp:1856] Warning: 0NCCL_AVOID_RECORD_STREAMS=1 has no effect for point-to-point collectives. (function operator())
[W ProcessGroupNCCL.cpp:1856] Warning: 0NCCL_AVOID_RECORD_STREAMS=1 has no effect for point-to-point collectives. (function operator())
[W ProcessGroupNCCL.cpp:1856] Warning: 0NCCL_AVOID_RECORD_STREAMS=1 has no effect for point-to-point collectives. (function operator())
NCCL version 2.18.1+cuda12.1
[W ProcessGroupNCCL.cpp:1856] Warning: 0NCCL_AVOID_RECORD_STREAMS=1 has no effect for point-to-point collectives. (function operator())
NCCL version 2.18.1+cuda12.1
[W ProcessGroupNCCL.cpp:1856] Warning: 0NCCL_AVOID_RECORD_STREAMS=1 has no effect for point-to-point collectives. (function operator())
NCCL version 2.18.1+cuda12.1
[W ProcessGroupNCCL.cpp:1856] Warning: 0NCCL_AVOID_RECORD_STREAMS=1 has no effect for point-to-point collectives. (function operator())
[W ProcessGroupNCCL.cpp:1856] Warning: 0NCCL_AVOID_RECORD_STREAMS=1 has no effect for point-to-point collectives. (function operator())
SIZE 8 KB, REAL_BD 1.131 GB/s, BD/PAIR 141.381 MB/s, time 5.794e-02 s, time/iter 5.794e-05, comm_vol 65.536 MB
SIZE 16 KB, REAL_BD 2.902 GB/s, BD/PAIR 362.791 MB/s, time 4.516e-02 s, time/iter 4.516e-05, comm_vol 131.072 MB
SIZE 32 KB, REAL_BD 5.812 GB/s, BD/PAIR 726.502 MB/s, time 4.510e-02 s, time/iter 4.510e-05, comm_vol 262.144 MB
SIZE 64 KB, REAL_BD 11.674 GB/s, BD/PAIR 1.459 GB/s, time 4.491e-02 s, time/iter 4.491e-05, comm_vol 524.288 MB
SIZE 128 KB, REAL_BD 23.059 GB/s, BD/PAIR 2.882 GB/s, time 4.547e-02 s, time/iter 4.547e-05, comm_vol 1.049 GB
SIZE 256 KB, REAL_BD 45.223 GB/s, BD/PAIR 5.653 GB/s, time 4.637e-02 s, time/iter 4.637e-05, comm_vol 2.097 GB
SIZE 512 KB, REAL_BD 87.475 GB/s, BD/PAIR 10.934 GB/s, time 4.795e-02 s, time/iter 4.795e-05, comm_vol 4.194 GB
SIZE 1 MB, REAL_BD 175.522 GB/s, BD/PAIR 21.94 GB/s, time 4.779e-02 s, time/iter 4.779e-05, comm_vol 8.389 GB
SIZE 2 MB, REAL_BD 349.103 GB/s, BD/PAIR 43.638 GB/s, time 4.806e-02 s, time/iter 4.806e-05, comm_vol 16.777 GB
SIZE 4 MB, REAL_BD 481.504 GB/s, BD/PAIR 60.188 GB/s, time 6.969e-02 s, time/iter 6.969e-05, comm_vol 33.554 GB
SIZE 8 MB, REAL_BD 661.766 GB/s, BD/PAIR 82.721 GB/s, time 1.014e-01 s, time/iter 1.014e-04, comm_vol 67.109 GB
SIZE 16 MB, REAL_BD 820.172 GB/s, BD/PAIR 102.522 GB/s, time 1.636e-01 s, time/iter 1.636e-04, comm_vol 134.218 GB
SIZE 32 MB, REAL_BD 960.04 GB/s, BD/PAIR 120.005 GB/s, time 2.796e-01 s, time/iter 2.796e-04, comm_vol 268.435 GB
SIZE 64 MB, REAL_BD 1.058 TB/s, BD/PAIR 132.195 GB/s, time 5.077e-01 s, time/iter 5.077e-04, comm_vol 536.871 GB
SIZE 128 MB, REAL_BD 1.121 TB/s, BD/PAIR 140.136 GB/s, time 9.578e-01 s, time/iter 9.578e-04, comm_vol 1.074 TB
SIZE 256 MB, REAL_BD 1.216 TB/s, BD/PAIR 152.02 GB/s, time 1.766e+00 s, time/iter 1.766e-03, comm_vol 2.147 TB
SIZE 512 MB, REAL_BD 1.24 TB/s, BD/PAIR 154.975 GB/s, time 3.464e+00 s, time/iter 3.464e-03, comm_vol 4.295 TB
SIZE 1 GB, REAL_BD 1.252 TB/s, BD/PAIR 156.52 GB/s, time 6.860e+00 s, time/iter 6.860e-03, comm_vol 8.59 TB
[[0, 1], [1, 2], [2, 3], [3, 4], [4, 5], [5, 6], [6, 7], [7, 0]]
NCCL version 2.18.1+cuda12.1
SIZE 8 KB, REAL_BD 1.433 GB/s, BD/PAIR 179.159 MB/s, time 4.572e-02 s, time/iter 4.572e-05, comm_vol 65.536 MB
SIZE 16 KB, REAL_BD 2.898 GB/s, BD/PAIR 362.29 MB/s, time 4.522e-02 s, time/iter 4.522e-05, comm_vol 131.072 MB
SIZE 32 KB, REAL_BD 5.801 GB/s, BD/PAIR 725.099 MB/s, time 4.519e-02 s, time/iter 4.519e-05, comm_vol 262.144 MB
SIZE 64 KB, REAL_BD 11.631 GB/s, BD/PAIR 1.454 GB/s, time 4.508e-02 s, time/iter 4.508e-05, comm_vol 524.288 MB
SIZE 128 KB, REAL_BD 23.161 GB/s, BD/PAIR 2.895 GB/s, time 4.527e-02 s, time/iter 4.527e-05, comm_vol 1.049 GB
SIZE 256 KB, REAL_BD 45.354 GB/s, BD/PAIR 5.669 GB/s, time 4.624e-02 s, time/iter 4.624e-05, comm_vol 2.097 GB
SIZE 512 KB, REAL_BD 87.915 GB/s, BD/PAIR 10.989 GB/s, time 4.771e-02 s, time/iter 4.771e-05, comm_vol 4.194 GB
SIZE 1 MB, REAL_BD 175.204 GB/s, BD/PAIR 21.9 GB/s, time 4.788e-02 s, time/iter 4.788e-05, comm_vol 8.389 GB
SIZE 2 MB, REAL_BD 347.262 GB/s, BD/PAIR 43.408 GB/s, time 4.831e-02 s, time/iter 4.831e-05, comm_vol 16.777 GB
SIZE 4 MB, REAL_BD 489.03 GB/s, BD/PAIR 61.129 GB/s, time 6.861e-02 s, time/iter 6.861e-05, comm_vol 33.554 GB
SIZE 8 MB, REAL_BD 665.666 GB/s, BD/PAIR 83.208 GB/s, time 1.008e-01 s, time/iter 1.008e-04, comm_vol 67.109 GB
SIZE 16 MB, REAL_BD 822.677 GB/s, BD/PAIR 102.835 GB/s, time 1.631e-01 s, time/iter 1.631e-04, comm_vol 134.218 GB
SIZE 32 MB, REAL_BD 960.692 GB/s, BD/PAIR 120.086 GB/s, time 2.794e-01 s, time/iter 2.794e-04, comm_vol 268.435 GB
SIZE 64 MB, REAL_BD 1.061 TB/s, BD/PAIR 132.6 GB/s, time 5.061e-01 s, time/iter 5.061e-04, comm_vol 536.871 GB
SIZE 128 MB, REAL_BD 1.121 TB/s, BD/PAIR 140.156 GB/s, time 9.576e-01 s, time/iter 9.576e-04, comm_vol 1.074 TB
SIZE 256 MB, REAL_BD 1.217 TB/s, BD/PAIR 152.124 GB/s, time 1.765e+00 s, time/iter 1.765e-03, comm_vol 2.147 TB
SIZE 512 MB, REAL_BD 1.24 TB/s, BD/PAIR 155.029 GB/s, time 3.463e+00 s, time/iter 3.463e-03, comm_vol 4.295 TB
SIZE 1 GB, REAL_BD 1.252 TB/s, BD/PAIR 156.548 GB/s, time 6.859e+00 s, time/iter 6.859e-03, comm_vol 8.59 TB