PARTITION: Nvidia_A800
HOST: gpu[11-14]
GPU_NUM: 32
MASTER_ADDR: feng-wang-qcsleep2-worker-0
MASTER_PORT: 13882
+ mpirun --allow-run-as-root --prefix /usr/local/bin/../ -x MASTER_ADDR -x MASTER_PORT -x LD_LIBRARY_PATH -x PATH -x TRACE_NAME -x NCCL_DEBUG -x NCCL_NET_GDR_LEVEL -x NCCL_DEBUG_SUBSYS -x NCCL_IB_DISABLE -x NCCL_SOCKET_IFNAME -x NCCL_IB_GID_INDEX --map-by ppr:4:numa --bind-to core --report-bindings -np 32 --host feng-wang-qcsleep2-worker-0:8,feng-wang-qcsleep2-worker-1:8,feng-wang-qcsleep2-worker-2:8,feng-wang-qcsleep2-worker-3:8 python coll_comm_bench.py --output './prof_data/coll_comm_bench_32_gpu[11-14].json'
[feng-wang-qcsleep2-worker-0:50880] Warning: could not find environment variable "LD_LIBRARY_PATH"
[feng-wang-qcsleep2-worker-0:50880] Warning: could not find environment variable "TRACE_NAME"
[feng-wang-qcsleep2-worker-0:50880] MCW rank 0 bound to socket 0[core 0[hwt 0-1]]: [BB/../../../../../../../../../../../../../../../../../../../../../../../../../../../../../../..][../../../../../../../../../../../../../../../../../../../../../../../../../../../../../../../..]
[feng-wang-qcsleep2-worker-0:50880] MCW rank 1 bound to socket 0[core 1[hwt 0-1]]: [../BB/../../../../../../../../../../../../../../../../../../../../../../../../../../../../../..][../../../../../../../../../../../../../../../../../../../../../../../../../../../../../../../..]
[feng-wang-qcsleep2-worker-0:50880] MCW rank 2 bound to socket 0[core 2[hwt 0-1]]: [../../BB/../../../../../../../../../../../../../../../../../../../../../../../../../../../../..][../../../../../../../../../../../../../../../../../../../../../../../../../../../../../../../..]
[feng-wang-qcsleep2-worker-0:50880] MCW rank 3 bound to socket 0[core 3[hwt 0-1]]: [../../../BB/../../../../../../../../../../../../../../../../../../../../../../../../../../../..][../../../../../../../../../../../../../../../../../../../../../../../../../../../../../../../..]
[feng-wang-qcsleep2-worker-0:50880] MCW rank 4 bound to socket 1[core 32[hwt 0-1]]: [../../../../../../../../../../../../../../../../../../../../../../../../../../../../../../../..][BB/../../../../../../../../../../../../../../../../../../../../../../../../../../../../../../..]
[feng-wang-qcsleep2-worker-0:50880] MCW rank 5 bound to socket 1[core 33[hwt 0-1]]: [../../../../../../../../../../../../../../../../../../../../../../../../../../../../../../../..][../BB/../../../../../../../../../../../../../../../../../../../../../../../../../../../../../..]
[feng-wang-qcsleep2-worker-0:50880] MCW rank 6 bound to socket 1[core 34[hwt 0-1]]: [../../../../../../../../../../../../../../../../../../../../../../../../../../../../../../../..][../../BB/../../../../../../../../../../../../../../../../../../../../../../../../../../../../..]
[feng-wang-qcsleep2-worker-0:50880] MCW rank 7 bound to socket 1[core 35[hwt 0-1]]: [../../../../../../../../../../../../../../../../../../../../../../../../../../../../../../../..][../../../BB/../../../../../../../../../../../../../../../../../../../../../../../../../../../..]
[feng-wang-qcsleep2-worker-1:07547] MCW rank 8 bound to socket 0[core 0[hwt 0-1]]: [BB/../../../../../../../../../../../../../../../../../../../../../../../../../../../../../../..][../../../../../../../../../../../../../../../../../../../../../../../../../../../../../../../..]
[feng-wang-qcsleep2-worker-1:07547] MCW rank 9 bound to socket 0[core 1[hwt 0-1]]: [../BB/../../../../../../../../../../../../../../../../../../../../../../../../../../../../../..][../../../../../../../../../../../../../../../../../../../../../../../../../../../../../../../..]
[feng-wang-qcsleep2-worker-1:07547] MCW rank 10 bound to socket 0[core 2[hwt 0-1]]: [../../BB/../../../../../../../../../../../../../../../../../../../../../../../../../../../../..][../../../../../../../../../../../../../../../../../../../../../../../../../../../../../../../..]
[feng-wang-qcsleep2-worker-1:07547] MCW rank 11 bound to socket 0[core 3[hwt 0-1]]: [../../../BB/../../../../../../../../../../../../../../../../../../../../../../../../../../../..][../../../../../../../../../../../../../../../../../../../../../../../../../../../../../../../..]
[feng-wang-qcsleep2-worker-1:07547] MCW rank 12 bound to socket 1[core 32[hwt 0-1]]: [../../../../../../../../../../../../../../../../../../../../../../../../../../../../../../../..][BB/../../../../../../../../../../../../../../../../../../../../../../../../../../../../../../..]
[feng-wang-qcsleep2-worker-1:07547] MCW rank 13 bound to socket 1[core 33[hwt 0-1]]: [../../../../../../../../../../../../../../../../../../../../../../../../../../../../../../../..][../BB/../../../../../../../../../../../../../../../../../../../../../../../../../../../../../..]
[feng-wang-qcsleep2-worker-1:07547] MCW rank 14 bound to socket 1[core 34[hwt 0-1]]: [../../../../../../../../../../../../../../../../../../../../../../../../../../../../../../../..][../../BB/../../../../../../../../../../../../../../../../../../../../../../../../../../../../..]
[feng-wang-qcsleep2-worker-1:07547] MCW rank 15 bound to socket 1[core 35[hwt 0-1]]: [../../../../../../../../../../../../../../../../../../../../../../../../../../../../../../../..][../../../BB/../../../../../../../../../../../../../../../../../../../../../../../../../../../..]
[feng-wang-qcsleep2-worker-2:35357] MCW rank 20 bound to socket 1[core 32[hwt 0-1]]: [../../../../../../../../../../../../../../../../../../../../../../../../../../../../../../../..][BB/../../../../../../../../../../../../../../../../../../../../../../../../../../../../../../..]
[feng-wang-qcsleep2-worker-2:35357] MCW rank 21 bound to socket 1[core 33[hwt 0-1]]: [../../../../../../../../../../../../../../../../../../../../../../../../../../../../../../../..][../BB/../../../../../../../../../../../../../../../../../../../../../../../../../../../../../..]
[feng-wang-qcsleep2-worker-2:35357] MCW rank 22 bound to socket 1[core 34[hwt 0-1]]: [../../../../../../../../../../../../../../../../../../../../../../../../../../../../../../../..][../../BB/../../../../../../../../../../../../../../../../../../../../../../../../../../../../..]
[feng-wang-qcsleep2-worker-2:35357] MCW rank 23 bound to socket 1[core 35[hwt 0-1]]: [../../../../../../../../../../../../../../../../../../../../../../../../../../../../../../../..][../../../BB/../../../../../../../../../../../../../../../../../../../../../../../../../../../..]
[feng-wang-qcsleep2-worker-2:35357] MCW rank 16 bound to socket 0[core 0[hwt 0-1]]: [BB/../../../../../../../../../../../../../../../../../../../../../../../../../../../../../../..][../../../../../../../../../../../../../../../../../../../../../../../../../../../../../../../..]
[feng-wang-qcsleep2-worker-2:35357] MCW rank 17 bound to socket 0[core 1[hwt 0-1]]: [../BB/../../../../../../../../../../../../../../../../../../../../../../../../../../../../../..][../../../../../../../../../../../../../../../../../../../../../../../../../../../../../../../..]
[feng-wang-qcsleep2-worker-2:35357] MCW rank 18 bound to socket 0[core 2[hwt 0-1]]: [../../BB/../../../../../../../../../../../../../../../../../../../../../../../../../../../../..][../../../../../../../../../../../../../../../../../../../../../../../../../../../../../../../..]
[feng-wang-qcsleep2-worker-2:35357] MCW rank 19 bound to socket 0[core 3[hwt 0-1]]: [../../../BB/../../../../../../../../../../../../../../../../../../../../../../../../../../../..][../../../../../../../../../../../../../../../../../../../../../../../../../../../../../../../..]
[feng-wang-qcsleep2-worker-3:34908] MCW rank 24 bound to socket 0[core 0[hwt 0-1]]: [BB/../../../../../../../../../../../../../../../../../../../../../../../../../../../../../../..][../../../../../../../../../../../../../../../../../../../../../../../../../../../../../../../..]
[feng-wang-qcsleep2-worker-3:34908] MCW rank 25 bound to socket 0[core 1[hwt 0-1]]: [../BB/../../../../../../../../../../../../../../../../../../../../../../../../../../../../../..][../../../../../../../../../../../../../../../../../../../../../../../../../../../../../../../..]
[feng-wang-qcsleep2-worker-3:34908] MCW rank 26 bound to socket 0[core 2[hwt 0-1]]: [../../BB/../../../../../../../../../../../../../../../../../../../../../../../../../../../../..][../../../../../../../../../../../../../../../../../../../../../../../../../../../../../../../..]
[feng-wang-qcsleep2-worker-3:34908] MCW rank 27 bound to socket 0[core 3[hwt 0-1]]: [../../../BB/../../../../../../../../../../../../../../../../../../../../../../../../../../../..][../../../../../../../../../../../../../../../../../../../../../../../../../../../../../../../..]
[feng-wang-qcsleep2-worker-3:34908] MCW rank 28 bound to socket 1[core 32[hwt 0-1]]: [../../../../../../../../../../../../../../../../../../../../../../../../../../../../../../../..][BB/../../../../../../../../../../../../../../../../../../../../../../../../../../../../../../..]
[feng-wang-qcsleep2-worker-3:34908] MCW rank 29 bound to socket 1[core 33[hwt 0-1]]: [../../../../../../../../../../../../../../../../../../../../../../../../../../../../../../../..][../BB/../../../../../../../../../../../../../../../../../../../../../../../../../../../../../..]
[feng-wang-qcsleep2-worker-3:34908] MCW rank 30 bound to socket 1[core 34[hwt 0-1]]: [../../../../../../../../../../../../../../../../../../../../../../../../../../../../../../../..][../../BB/../../../../../../../../../../../../../../../../../../../../../../../../../../../../..]
[feng-wang-qcsleep2-worker-3:34908] MCW rank 31 bound to socket 1[core 35[hwt 0-1]]: [../../../../../../../../../../../../../../../../../../../../../../../../../../../../../../../..][../../../BB/../../../../../../../../../../../../../../../../../../../../../../../../../../../..]
NCCL version 2.18.1+cuda12.1
[INFO]: Cluster init done !!!
COLL_COMM: allgather
msg_size: 1 KB, t_d: 0.0224 s, t_d/r: 0.0075, tput: 4.387 MB/s, busbw: 4.25 MB/s
msg_size: 2 KB, t_d: 0.0213 s, t_d/r: 0.0071, tput: 9.252 MB/s, busbw: 8.963 MB/s
msg_size: 4 KB, t_d: 0.0017 s, t_d/r: 0.0006, tput: 225.742 MB/s, busbw: 218.687 MB/s
msg_size: 8 KB, t_d: 0.009 s, t_d/r: 0.003, tput: 86.966 MB/s, busbw: 84.248 MB/s
msg_size: 16 KB, t_d: 0.0091 s, t_d/r: 0.003, tput: 171.955 MB/s, busbw: 166.582 MB/s
msg_size: 32 KB, t_d: 0.0089 s, t_d/r: 0.003, tput: 351.694 MB/s, busbw: 340.703 MB/s
msg_size: 64 KB, t_d: 0.0091 s, t_d/r: 0.003, tput: 691.408 MB/s, busbw: 669.802 MB/s
msg_size: 128 KB, t_d: 0.0092 s, t_d/r: 0.0031, tput: 1.366 GB/s, busbw: 1.324 GB/s
msg_size: 256 KB, t_d: 0.0095 s, t_d/r: 0.0032, tput: 2.638 GB/s, busbw: 2.556 GB/s
msg_size: 512 KB, t_d: 0.0027 s, t_d/r: 0.0009, tput: 18.773 GB/s, busbw: 18.187 GB/s
msg_size: 1 MB, t_d: 0.0033 s, t_d/r: 0.0011, tput: 30.529 GB/s, busbw: 29.575 GB/s
msg_size: 2 MB, t_d: 0.0043 s, t_d/r: 0.0014, tput: 47.37 GB/s, busbw: 45.89 GB/s
msg_size: 4 MB, t_d: 0.0065 s, t_d/r: 0.0022, tput: 61.908 GB/s, busbw: 59.973 GB/s
msg_size: 8 MB, t_d: 0.0109 s, t_d/r: 0.0036, tput: 73.715 GB/s, busbw: 71.412 GB/s
msg_size: 16 MB, t_d: 0.0216 s, t_d/r: 0.0072, tput: 74.5 GB/s, busbw: 72.171 GB/s
msg_size: 32 MB, t_d: 0.039 s, t_d/r: 0.013, tput: 82.577 GB/s, busbw: 79.996 GB/s
msg_size: 64 MB, t_d: 0.0761 s, t_d/r: 0.0254, tput: 84.631 GB/s, busbw: 81.986 GB/s
msg_size: 128 MB, t_d: 0.1608 s, t_d/r: 0.0536, tput: 80.14 GB/s, busbw: 77.636 GB/s
msg_size: 256 MB, t_d: 0.3029 s, t_d/r: 0.101, tput: 85.07 GB/s, busbw: 82.412 GB/s
msg_size: 512 MB, t_d: 0.6009 s, t_d/r: 0.2003, tput: 85.776 GB/s, busbw: 83.096 GB/s
msg_size: 1 GB, t_d: 1.1697 s, t_d/r: 0.3899, tput: 88.128 GB/s, busbw: 85.374 GB/s
COLL_COMM: reducescatter
msg_size: 1 KB, t_d: 0.0016 s, t_d/r: 0.0005, tput: 61.293 MB/s, busbw: 59.377 MB/s
msg_size: 2 KB, t_d: 0.0016 s, t_d/r: 0.0005, tput: 121.592 MB/s, busbw: 117.792 MB/s
msg_size: 4 KB, t_d: 0.0016 s, t_d/r: 0.0005, tput: 243.938 MB/s, busbw: 236.315 MB/s
msg_size: 8 KB, t_d: 0.0016 s, t_d/r: 0.0005, tput: 486.869 MB/s, busbw: 471.654 MB/s
msg_size: 16 KB, t_d: 0.0016 s, t_d/r: 0.0005, tput: 974.312 MB/s, busbw: 943.865 MB/s
msg_size: 32 KB, t_d: 0.0017 s, t_d/r: 0.0006, tput: 1.863 GB/s, busbw: 1.805 GB/s
msg_size: 64 KB, t_d: 0.0017 s, t_d/r: 0.0006, tput: 3.606 GB/s, busbw: 3.494 GB/s
msg_size: 128 KB, t_d: 0.0018 s, t_d/r: 0.0006, tput: 7.129 GB/s, busbw: 6.906 GB/s
msg_size: 256 KB, t_d: 0.0019 s, t_d/r: 0.0006, tput: 13.155 GB/s, busbw: 12.744 GB/s
msg_size: 512 KB, t_d: 0.0022 s, t_d/r: 0.0007, tput: 23.006 GB/s, busbw: 22.287 GB/s
msg_size: 1 MB, t_d: 0.0033 s, t_d/r: 0.0011, tput: 30.344 GB/s, busbw: 29.396 GB/s
msg_size: 2 MB, t_d: 0.0043 s, t_d/r: 0.0014, tput: 46.944 GB/s, busbw: 45.477 GB/s
msg_size: 4 MB, t_d: 0.0065 s, t_d/r: 0.0022, tput: 61.765 GB/s, busbw: 59.835 GB/s
msg_size: 8 MB, t_d: 0.0108 s, t_d/r: 0.0036, tput: 74.468 GB/s, busbw: 72.14 GB/s
msg_size: 16 MB, t_d: 0.0218 s, t_d/r: 0.0073, tput: 73.799 GB/s, busbw: 71.493 GB/s
msg_size: 32 MB, t_d: 0.0388 s, t_d/r: 0.0129, tput: 82.951 GB/s, busbw: 80.359 GB/s
msg_size: 64 MB, t_d: 0.076 s, t_d/r: 0.0253, tput: 84.811 GB/s, busbw: 82.161 GB/s
msg_size: 128 MB, t_d: 0.1464 s, t_d/r: 0.0488, tput: 88.015 GB/s, busbw: 85.265 GB/s
msg_size: 256 MB, t_d: 0.3183 s, t_d/r: 0.1061, tput: 80.958 GB/s, busbw: 78.428 GB/s
msg_size: 512 MB, t_d: 0.6015 s, t_d/r: 0.2005, tput: 85.685 GB/s, busbw: 83.008 GB/s
msg_size: 1 GB, t_d: 1.2114 s, t_d/r: 0.4038, tput: 85.09 GB/s, busbw: 82.431 GB/s
COLL_COMM: allreduce
msg_size: 1 KB, t_d: 0.0008 s, t_d/r: 0.0003, tput: 259.973 MB/s, busbw: 251.849 MB/s
msg_size: 2 KB, t_d: 0.0007 s, t_d/r: 0.0002, tput: 525.579 MB/s, busbw: 509.155 MB/s
msg_size: 4 KB, t_d: 0.0008 s, t_d/r: 0.0003, tput: 1.035 GB/s, busbw: 1.003 GB/s
msg_size: 8 KB, t_d: 0.0008 s, t_d/r: 0.0003, tput: 2.008 GB/s, busbw: 1.945 GB/s
msg_size: 16 KB, t_d: 0.0011 s, t_d/r: 0.0004, tput: 2.954 GB/s, busbw: 2.862 GB/s
msg_size: 32 KB, t_d: 0.0009 s, t_d/r: 0.0003, tput: 6.877 GB/s, busbw: 6.662 GB/s
msg_size: 64 KB, t_d: 0.0011 s, t_d/r: 0.0004, tput: 11.841 GB/s, busbw: 11.471 GB/s
msg_size: 128 KB, t_d: 0.0012 s, t_d/r: 0.0004, tput: 20.869 GB/s, busbw: 20.216 GB/s
msg_size: 256 KB, t_d: 0.0033 s, t_d/r: 0.0011, tput: 15.111 GB/s, busbw: 14.639 GB/s
msg_size: 512 KB, t_d: 0.002 s, t_d/r: 0.0007, tput: 50.722 GB/s, busbw: 49.137 GB/s
msg_size: 1 MB, t_d: 0.0031 s, t_d/r: 0.001, tput: 65.914 GB/s, busbw: 63.854 GB/s
msg_size: 2 MB, t_d: 0.0052 s, t_d/r: 0.0017, tput: 77.723 GB/s, busbw: 75.294 GB/s
msg_size: 4 MB, t_d: 0.0102 s, t_d/r: 0.0034, tput: 79.029 GB/s, busbw: 76.559 GB/s
msg_size: 8 MB, t_d: 0.0178 s, t_d/r: 0.0059, tput: 90.308 GB/s, busbw: 87.486 GB/s
msg_size: 16 MB, t_d: 0.0338 s, t_d/r: 0.0113, tput: 95.235 GB/s, busbw: 92.259 GB/s
msg_size: 32 MB, t_d: 0.0666 s, t_d/r: 0.0222, tput: 96.794 GB/s, busbw: 93.769 GB/s
msg_size: 64 MB, t_d: 0.1311 s, t_d/r: 0.0437, tput: 98.3 GB/s, busbw: 95.228 GB/s
msg_size: 128 MB, t_d: 0.2852 s, t_d/r: 0.0951, tput: 90.356 GB/s, busbw: 87.533 GB/s
msg_size: 256 MB, t_d: 0.5415 s, t_d/r: 0.1805, tput: 95.183 GB/s, busbw: 92.209 GB/s
msg_size: 512 MB, t_d: 1.0789 s, t_d/r: 0.3596, tput: 95.542 GB/s, busbw: 92.557 GB/s
msg_size: 1 GB, t_d: 2.1341 s, t_d/r: 0.7114, tput: 96.604 GB/s, busbw: 93.585 GB/s
+ set +x
