PARTITION: Nvidia_A800
HOST: gpu[11-14]
GPU_NUM: 32
MASTER_ADDR: feng-wang-qcsleep2-worker-0
MASTER_PORT: 20535
+ mpirun --allow-run-as-root --prefix /usr/local/bin/../ -x MASTER_ADDR -x MASTER_PORT -x LD_LIBRARY_PATH -x PATH -x TRACE_NAME -x NCCL_DEBUG -x NCCL_NET_GDR_LEVEL -x NCCL_DEBUG_SUBSYS -x NCCL_IB_DISABLE -x NCCL_SOCKET_IFNAME -x NCCL_IB_GID_INDEX --map-by ppr:4:numa --bind-to core --report-bindings -np 16 --host feng-wang-qcsleep2-worker-0:8,feng-wang-qcsleep2-worker-1:8 python coll_comm_bench.py --output './prof_data/coll_comm_bench_32_gpu[11-14].json'
[feng-wang-qcsleep2-worker-0:52609] Warning: could not find environment variable "LD_LIBRARY_PATH"
[feng-wang-qcsleep2-worker-0:52609] Warning: could not find environment variable "TRACE_NAME"
[feng-wang-qcsleep2-worker-0:52609] MCW rank 0 bound to socket 0[core 0[hwt 0-1]]: [BB/../../../../../../../../../../../../../../../../../../../../../../../../../../../../../../..][../../../../../../../../../../../../../../../../../../../../../../../../../../../../../../../..]
[feng-wang-qcsleep2-worker-0:52609] MCW rank 1 bound to socket 0[core 1[hwt 0-1]]: [../BB/../../../../../../../../../../../../../../../../../../../../../../../../../../../../../..][../../../../../../../../../../../../../../../../../../../../../../../../../../../../../../../..]
[feng-wang-qcsleep2-worker-0:52609] MCW rank 2 bound to socket 0[core 2[hwt 0-1]]: [../../BB/../../../../../../../../../../../../../../../../../../../../../../../../../../../../..][../../../../../../../../../../../../../../../../../../../../../../../../../../../../../../../..]
[feng-wang-qcsleep2-worker-0:52609] MCW rank 3 bound to socket 0[core 3[hwt 0-1]]: [../../../BB/../../../../../../../../../../../../../../../../../../../../../../../../../../../..][../../../../../../../../../../../../../../../../../../../../../../../../../../../../../../../..]
[feng-wang-qcsleep2-worker-0:52609] MCW rank 4 bound to socket 1[core 32[hwt 0-1]]: [../../../../../../../../../../../../../../../../../../../../../../../../../../../../../../../..][BB/../../../../../../../../../../../../../../../../../../../../../../../../../../../../../../..]
[feng-wang-qcsleep2-worker-0:52609] MCW rank 5 bound to socket 1[core 33[hwt 0-1]]: [../../../../../../../../../../../../../../../../../../../../../../../../../../../../../../../..][../BB/../../../../../../../../../../../../../../../../../../../../../../../../../../../../../..]
[feng-wang-qcsleep2-worker-0:52609] MCW rank 6 bound to socket 1[core 34[hwt 0-1]]: [../../../../../../../../../../../../../../../../../../../../../../../../../../../../../../../..][../../BB/../../../../../../../../../../../../../../../../../../../../../../../../../../../../..]
[feng-wang-qcsleep2-worker-0:52609] MCW rank 7 bound to socket 1[core 35[hwt 0-1]]: [../../../../../../../../../../../../../../../../../../../../../../../../../../../../../../../..][../../../BB/../../../../../../../../../../../../../../../../../../../../../../../../../../../..]
[feng-wang-qcsleep2-worker-1:07769] MCW rank 10 bound to socket 0[core 2[hwt 0-1]]: [../../BB/../../../../../../../../../../../../../../../../../../../../../../../../../../../../..][../../../../../../../../../../../../../../../../../../../../../../../../../../../../../../../..]
[feng-wang-qcsleep2-worker-1:07769] MCW rank 11 bound to socket 0[core 3[hwt 0-1]]: [../../../BB/../../../../../../../../../../../../../../../../../../../../../../../../../../../..][../../../../../../../../../../../../../../../../../../../../../../../../../../../../../../../..]
[feng-wang-qcsleep2-worker-1:07769] MCW rank 12 bound to socket 1[core 32[hwt 0-1]]: [../../../../../../../../../../../../../../../../../../../../../../../../../../../../../../../..][BB/../../../../../../../../../../../../../../../../../../../../../../../../../../../../../../..]
[feng-wang-qcsleep2-worker-1:07769] MCW rank 13 bound to socket 1[core 33[hwt 0-1]]: [../../../../../../../../../../../../../../../../../../../../../../../../../../../../../../../..][../BB/../../../../../../../../../../../../../../../../../../../../../../../../../../../../../..]
[feng-wang-qcsleep2-worker-1:07769] MCW rank 14 bound to socket 1[core 34[hwt 0-1]]: [../../../../../../../../../../../../../../../../../../../../../../../../../../../../../../../..][../../BB/../../../../../../../../../../../../../../../../../../../../../../../../../../../../..]
[feng-wang-qcsleep2-worker-1:07769] MCW rank 15 bound to socket 1[core 35[hwt 0-1]]: [../../../../../../../../../../../../../../../../../../../../../../../../../../../../../../../..][../../../BB/../../../../../../../../../../../../../../../../../../../../../../../../../../../..]
[feng-wang-qcsleep2-worker-1:07769] MCW rank 8 bound to socket 0[core 0[hwt 0-1]]: [BB/../../../../../../../../../../../../../../../../../../../../../../../../../../../../../../..][../../../../../../../../../../../../../../../../../../../../../../../../../../../../../../../..]
[feng-wang-qcsleep2-worker-1:07769] MCW rank 9 bound to socket 0[core 1[hwt 0-1]]: [../BB/../../../../../../../../../../../../../../../../../../../../../../../../../../../../../..][../../../../../../../../../../../../../../../../../../../../../../../../../../../../../../../..]
NCCL version 2.18.1+cuda12.1
[INFO]: Cluster init done !!!
COLL_COMM: allgather
msg_size: 1 KB, t_d: 0.0091 s, t_d/r: 0.003, tput: 5.374 MB/s, busbw: 5.038 MB/s
msg_size: 2 KB, t_d: 0.0272 s, t_d/r: 0.0091, tput: 3.616 MB/s, busbw: 3.39 MB/s
msg_size: 4 KB, t_d: 0.0099 s, t_d/r: 0.0033, tput: 19.917 MB/s, busbw: 18.672 MB/s
msg_size: 8 KB, t_d: 0.0151 s, t_d/r: 0.005, tput: 25.955 MB/s, busbw: 24.333 MB/s
msg_size: 16 KB, t_d: 0.0141 s, t_d/r: 0.0047, tput: 55.736 MB/s, busbw: 52.253 MB/s
msg_size: 32 KB, t_d: 0.0089 s, t_d/r: 0.003, tput: 176.086 MB/s, busbw: 165.081 MB/s
msg_size: 64 KB, t_d: 0.0143 s, t_d/r: 0.0048, tput: 220.498 MB/s, busbw: 206.717 MB/s
msg_size: 128 KB, t_d: 0.0089 s, t_d/r: 0.003, tput: 706.135 MB/s, busbw: 662.002 MB/s
msg_size: 256 KB, t_d: 0.0015 s, t_d/r: 0.0005, tput: 8.267 GB/s, busbw: 7.75 GB/s
msg_size: 512 KB, t_d: 0.0018 s, t_d/r: 0.0006, tput: 13.89 GB/s, busbw: 13.022 GB/s
msg_size: 1 MB, t_d: 0.0019 s, t_d/r: 0.0006, tput: 26.766 GB/s, busbw: 25.093 GB/s
msg_size: 2 MB, t_d: 0.0023 s, t_d/r: 0.0008, tput: 43.224 GB/s, busbw: 40.523 GB/s
msg_size: 4 MB, t_d: 0.0034 s, t_d/r: 0.0011, tput: 59.944 GB/s, busbw: 56.197 GB/s
msg_size: 8 MB, t_d: 0.0057 s, t_d/r: 0.0019, tput: 71.136 GB/s, busbw: 66.69 GB/s
msg_size: 16 MB, t_d: 0.0102 s, t_d/r: 0.0034, tput: 78.848 GB/s, busbw: 73.92 GB/s
msg_size: 32 MB, t_d: 0.0192 s, t_d/r: 0.0064, tput: 83.942 GB/s, busbw: 78.696 GB/s
msg_size: 64 MB, t_d: 0.0407 s, t_d/r: 0.0136, tput: 79.144 GB/s, busbw: 74.198 GB/s
msg_size: 128 MB, t_d: 0.0738 s, t_d/r: 0.0246, tput: 87.273 GB/s, busbw: 81.819 GB/s
msg_size: 256 MB, t_d: 0.142 s, t_d/r: 0.0473, tput: 90.718 GB/s, busbw: 85.048 GB/s
msg_size: 512 MB, t_d: 0.2829 s, t_d/r: 0.0943, tput: 91.087 GB/s, busbw: 85.394 GB/s
msg_size: 1 GB, t_d: 0.5896 s, t_d/r: 0.1965, tput: 87.408 GB/s, busbw: 81.945 GB/s
COLL_COMM: reducescatter
msg_size: 1 KB, t_d: 0.001 s, t_d/r: 0.0003, tput: 47.458 MB/s, busbw: 44.492 MB/s
msg_size: 2 KB, t_d: 0.001 s, t_d/r: 0.0003, tput: 95.955 MB/s, busbw: 89.957 MB/s
msg_size: 4 KB, t_d: 0.001 s, t_d/r: 0.0003, tput: 197.849 MB/s, busbw: 185.483 MB/s
msg_size: 8 KB, t_d: 0.001 s, t_d/r: 0.0003, tput: 389.254 MB/s, busbw: 364.925 MB/s
msg_size: 16 KB, t_d: 0.0011 s, t_d/r: 0.0004, tput: 746.444 MB/s, busbw: 699.791 MB/s
msg_size: 32 KB, t_d: 0.0011 s, t_d/r: 0.0004, tput: 1.456 GB/s, busbw: 1.365 GB/s
msg_size: 64 KB, t_d: 0.0011 s, t_d/r: 0.0004, tput: 2.818 GB/s, busbw: 2.642 GB/s
msg_size: 128 KB, t_d: 0.0011 s, t_d/r: 0.0004, tput: 5.573 GB/s, busbw: 5.225 GB/s
msg_size: 256 KB, t_d: 0.0012 s, t_d/r: 0.0004, tput: 10.342 GB/s, busbw: 9.696 GB/s
msg_size: 512 KB, t_d: 0.0014 s, t_d/r: 0.0005, tput: 18.354 GB/s, busbw: 17.207 GB/s
msg_size: 1 MB, t_d: 0.0019 s, t_d/r: 0.0006, tput: 26.682 GB/s, busbw: 25.014 GB/s
msg_size: 2 MB, t_d: 0.0023 s, t_d/r: 0.0008, tput: 43.478 GB/s, busbw: 40.76 GB/s
msg_size: 4 MB, t_d: 0.0034 s, t_d/r: 0.0011, tput: 59.067 GB/s, busbw: 55.376 GB/s
msg_size: 8 MB, t_d: 0.0057 s, t_d/r: 0.0019, tput: 71.211 GB/s, busbw: 66.761 GB/s
msg_size: 16 MB, t_d: 0.0101 s, t_d/r: 0.0034, tput: 79.384 GB/s, busbw: 74.422 GB/s
msg_size: 32 MB, t_d: 0.0193 s, t_d/r: 0.0064, tput: 83.611 GB/s, busbw: 78.385 GB/s
msg_size: 64 MB, t_d: 0.0369 s, t_d/r: 0.0123, tput: 87.394 GB/s, busbw: 81.932 GB/s
msg_size: 128 MB, t_d: 0.0719 s, t_d/r: 0.024, tput: 89.584 GB/s, busbw: 83.985 GB/s
msg_size: 256 MB, t_d: 0.1426 s, t_d/r: 0.0475, tput: 90.351 GB/s, busbw: 84.704 GB/s
msg_size: 512 MB, t_d: 0.2824 s, t_d/r: 0.0941, tput: 91.244 GB/s, busbw: 85.541 GB/s
msg_size: 1 GB, t_d: 0.5624 s, t_d/r: 0.1875, tput: 91.644 GB/s, busbw: 85.916 GB/s
COLL_COMM: allreduce
msg_size: 1 KB, t_d: 0.0006 s, t_d/r: 0.0002, tput: 172.952 MB/s, busbw: 162.142 MB/s
msg_size: 2 KB, t_d: 0.0006 s, t_d/r: 0.0002, tput: 356.984 MB/s, busbw: 334.673 MB/s
msg_size: 4 KB, t_d: 0.0006 s, t_d/r: 0.0002, tput: 706.93 MB/s, busbw: 662.747 MB/s
msg_size: 8 KB, t_d: 0.0006 s, t_d/r: 0.0002, tput: 1.371 GB/s, busbw: 1.285 GB/s
msg_size: 16 KB, t_d: 0.0006 s, t_d/r: 0.0002, tput: 2.507 GB/s, busbw: 2.351 GB/s
msg_size: 32 KB, t_d: 0.0007 s, t_d/r: 0.0002, tput: 4.751 GB/s, busbw: 4.454 GB/s
msg_size: 64 KB, t_d: 0.0008 s, t_d/r: 0.0003, tput: 8.147 GB/s, busbw: 7.638 GB/s
msg_size: 128 KB, t_d: 0.0009 s, t_d/r: 0.0003, tput: 14.713 GB/s, busbw: 13.794 GB/s
msg_size: 256 KB, t_d: 0.0009 s, t_d/r: 0.0003, tput: 26.662 GB/s, busbw: 24.995 GB/s
msg_size: 512 KB, t_d: 0.0012 s, t_d/r: 0.0004, tput: 42.12 GB/s, busbw: 39.488 GB/s
msg_size: 1 MB, t_d: 0.0017 s, t_d/r: 0.0006, tput: 58.779 GB/s, busbw: 55.106 GB/s
msg_size: 2 MB, t_d: 0.0028 s, t_d/r: 0.0009, tput: 73.11 GB/s, busbw: 68.541 GB/s
msg_size: 4 MB, t_d: 0.0051 s, t_d/r: 0.0017, tput: 78.756 GB/s, busbw: 73.834 GB/s
msg_size: 8 MB, t_d: 0.0096 s, t_d/r: 0.0032, tput: 84.024 GB/s, busbw: 78.773 GB/s
msg_size: 16 MB, t_d: 0.0176 s, t_d/r: 0.0059, tput: 91.53 GB/s, busbw: 85.81 GB/s
msg_size: 32 MB, t_d: 0.0329 s, t_d/r: 0.011, tput: 97.934 GB/s, busbw: 91.813 GB/s
msg_size: 64 MB, t_d: 0.0644 s, t_d/r: 0.0215, tput: 99.996 GB/s, busbw: 93.746 GB/s
msg_size: 128 MB, t_d: 0.14 s, t_d/r: 0.0467, tput: 92.029 GB/s, busbw: 86.277 GB/s
msg_size: 256 MB, t_d: 0.2526 s, t_d/r: 0.0842, tput: 102.008 GB/s, busbw: 95.633 GB/s
msg_size: 512 MB, t_d: 0.5031 s, t_d/r: 0.1677, tput: 102.449 GB/s, busbw: 96.046 GB/s
msg_size: 1 GB, t_d: 1.0371 s, t_d/r: 0.3457, tput: 99.387 GB/s, busbw: 93.176 GB/s
+ set +x
