HOST: g42
CP_FILE_NAME: small
HOST: g42
CUDA_VISIBLE_DEVICES: 
GPU_NUM: 8
PROC_NUM: 8
NNODES: 1
NTASK_PER_NODE: 8
COMM_MODULE: raw-nccl
+ srun -p h01 -N 1 --ntasks-per-node 8 --gres=gpu:8 --mem 256G -K -w g42 -c 13 ./scripts/executor.sh python conflict_bench.py --backend NCCL --config ./scripts/configs/small_8.json --comm-module raw-nccl
NCCL version 2.21.5+cuda12.4
[INFO]: Cluster init done !!!
[[0, 1]]
NCCL version 2.21.5+cuda12.4
SIZE 8192, REAL_BD 797.95 MB/s, BD/PAIR 797.95 MB/s, time 1.027e-03 s, comm_vol 819.2 KB
SIZE 16384, REAL_BD 1.224 GB/s, BD/PAIR 1.224 GB/s, time 1.339e-03 s, comm_vol 1.638 MB
SIZE 24576, REAL_BD 2.376 GB/s, BD/PAIR 2.376 GB/s, time 1.034e-03 s, comm_vol 2.458 MB
SIZE 32768, REAL_BD 3.219 GB/s, BD/PAIR 3.219 GB/s, time 1.018e-03 s, comm_vol 3.277 MB
SIZE 40960, REAL_BD 4.026 GB/s, BD/PAIR 4.026 GB/s, time 1.017e-03 s, comm_vol 4.096 MB
SIZE 49152, REAL_BD 4.813 GB/s, BD/PAIR 4.813 GB/s, time 1.021e-03 s, comm_vol 4.915 MB
SIZE 57344, REAL_BD 5.635 GB/s, BD/PAIR 5.635 GB/s, time 1.018e-03 s, comm_vol 5.734 MB
SIZE 65536, REAL_BD 6.351 GB/s, BD/PAIR 6.351 GB/s, time 1.032e-03 s, comm_vol 6.554 MB
SIZE 81920, REAL_BD 7.115 GB/s, BD/PAIR 7.115 GB/s, time 1.151e-03 s, comm_vol 8.192 MB
SIZE 98304, REAL_BD 9.266 GB/s, BD/PAIR 9.266 GB/s, time 1.061e-03 s, comm_vol 9.83 MB
SIZE 114688, REAL_BD 10.401 GB/s, BD/PAIR 10.401 GB/s, time 1.103e-03 s, comm_vol 11.469 MB
SIZE 131072, REAL_BD 12.5 GB/s, BD/PAIR 12.5 GB/s, time 1.049e-03 s, comm_vol 13.107 MB
SIZE 163840, REAL_BD 13.087 GB/s, BD/PAIR 13.087 GB/s, time 1.252e-03 s, comm_vol 16.384 MB
SIZE 196608, REAL_BD 18.514 GB/s, BD/PAIR 18.514 GB/s, time 1.062e-03 s, comm_vol 19.661 MB
SIZE 229376, REAL_BD 21.332 GB/s, BD/PAIR 21.332 GB/s, time 1.075e-03 s, comm_vol 22.938 MB
SIZE 262144, REAL_BD 24.208 GB/s, BD/PAIR 24.208 GB/s, time 1.083e-03 s, comm_vol 26.214 MB
SIZE 327680, REAL_BD 30.186 GB/s, BD/PAIR 30.186 GB/s, time 1.086e-03 s, comm_vol 32.768 MB
SIZE 393216, REAL_BD 34.765 GB/s, BD/PAIR 34.765 GB/s, time 1.131e-03 s, comm_vol 39.322 MB
SIZE 458752, REAL_BD 39.421 GB/s, BD/PAIR 39.421 GB/s, time 1.164e-03 s, comm_vol 45.875 MB
SIZE 524288, REAL_BD 43.339 GB/s, BD/PAIR 43.339 GB/s, time 1.210e-03 s, comm_vol 52.429 MB
SIZE 655360, REAL_BD 49.12 GB/s, BD/PAIR 49.12 GB/s, time 1.334e-03 s, comm_vol 65.536 MB
SIZE 786432, REAL_BD 54.784 GB/s, BD/PAIR 54.784 GB/s, time 1.436e-03 s, comm_vol 78.643 MB
SIZE 917504, REAL_BD 60.064 GB/s, BD/PAIR 60.064 GB/s, time 1.528e-03 s, comm_vol 91.75 MB
SIZE 1048576, REAL_BD 65.292 GB/s, BD/PAIR 65.292 GB/s, time 1.606e-03 s, comm_vol 104.858 MB
SIZE 1310720, REAL_BD 73.35 GB/s, BD/PAIR 73.35 GB/s, time 1.787e-03 s, comm_vol 131.072 MB
SIZE 1572864, REAL_BD 80.619 GB/s, BD/PAIR 80.619 GB/s, time 1.951e-03 s, comm_vol 157.286 MB
SIZE 1835008, REAL_BD 87.76 GB/s, BD/PAIR 87.76 GB/s, time 2.091e-03 s, comm_vol 183.501 MB
SIZE 2097152, REAL_BD 92.231 GB/s, BD/PAIR 92.231 GB/s, time 2.274e-03 s, comm_vol 209.715 MB
SIZE 2621440, REAL_BD 101.123 GB/s, BD/PAIR 101.123 GB/s, time 2.592e-03 s, comm_vol 262.144 MB
SIZE 3145728, REAL_BD 107.69 GB/s, BD/PAIR 107.69 GB/s, time 2.921e-03 s, comm_vol 314.573 MB
SIZE 3670016, REAL_BD 113.477 GB/s, BD/PAIR 113.477 GB/s, time 3.234e-03 s, comm_vol 367.002 MB
SIZE 4194304, REAL_BD 117.234 GB/s, BD/PAIR 117.234 GB/s, time 3.578e-03 s, comm_vol 419.43 MB
SIZE 5242880, REAL_BD 123.833 GB/s, BD/PAIR 123.833 GB/s, time 4.234e-03 s, comm_vol 524.288 MB
SIZE 6291456, REAL_BD 130.21 GB/s, BD/PAIR 130.21 GB/s, time 4.832e-03 s, comm_vol 629.146 MB
SIZE 7340032, REAL_BD 134.116 GB/s, BD/PAIR 134.116 GB/s, time 5.473e-03 s, comm_vol 734.003 MB
SIZE 8388608, REAL_BD 137.385 GB/s, BD/PAIR 137.385 GB/s, time 6.106e-03 s, comm_vol 838.861 MB
SIZE 10485760, REAL_BD 141.969 GB/s, BD/PAIR 141.969 GB/s, time 7.386e-03 s, comm_vol 1.049 GB
SIZE 12582912, REAL_BD 145.274 GB/s, BD/PAIR 145.274 GB/s, time 8.662e-03 s, comm_vol 1.258 GB
SIZE 14680064, REAL_BD 146.927 GB/s, BD/PAIR 146.927 GB/s, time 9.991e-03 s, comm_vol 1.468 GB
SIZE 16777216, REAL_BD 149.845 GB/s, BD/PAIR 149.845 GB/s, time 1.120e-02 s, comm_vol 1.678 GB
SIZE 20971520, REAL_BD 152.856 GB/s, BD/PAIR 152.856 GB/s, time 1.372e-02 s, comm_vol 2.097 GB
SIZE 25165824, REAL_BD 155.045 GB/s, BD/PAIR 155.045 GB/s, time 1.623e-02 s, comm_vol 2.517 GB
SIZE 29360128, REAL_BD 156.181 GB/s, BD/PAIR 156.181 GB/s, time 1.880e-02 s, comm_vol 2.936 GB
SIZE 33554432, REAL_BD 156.387 GB/s, BD/PAIR 156.387 GB/s, time 2.146e-02 s, comm_vol 3.355 GB
SIZE 41943040, REAL_BD 158.4 GB/s, BD/PAIR 158.4 GB/s, time 2.648e-02 s, comm_vol 4.194 GB
SIZE 50331648, REAL_BD 158.335 GB/s, BD/PAIR 158.335 GB/s, time 3.179e-02 s, comm_vol 5.033 GB
SIZE 58720256, REAL_BD 159.145 GB/s, BD/PAIR 159.145 GB/s, time 3.690e-02 s, comm_vol 5.872 GB
SIZE 67108864, REAL_BD 159.968 GB/s, BD/PAIR 159.968 GB/s, time 4.195e-02 s, comm_vol 6.711 GB
SIZE 83886080, REAL_BD 161.154 GB/s, BD/PAIR 161.154 GB/s, time 5.205e-02 s, comm_vol 8.389 GB
SIZE 100663296, REAL_BD 161.762 GB/s, BD/PAIR 161.762 GB/s, time 6.223e-02 s, comm_vol 10.066 GB
SIZE 117440512, REAL_BD 162.23 GB/s, BD/PAIR 162.23 GB/s, time 7.239e-02 s, comm_vol 11.744 GB
SIZE 134217728, REAL_BD 162.643 GB/s, BD/PAIR 162.643 GB/s, time 8.252e-02 s, comm_vol 13.422 GB
SIZE 167772160, REAL_BD 164.635 GB/s, BD/PAIR 164.635 GB/s, time 1.019e-01 s, comm_vol 16.777 GB
SIZE 201326592, REAL_BD 164.777 GB/s, BD/PAIR 164.777 GB/s, time 1.222e-01 s, comm_vol 20.133 GB
SIZE 234881024, REAL_BD 165.572 GB/s, BD/PAIR 165.572 GB/s, time 1.419e-01 s, comm_vol 23.488 GB
SIZE 268435456, REAL_BD 165.792 GB/s, BD/PAIR 165.792 GB/s, time 1.619e-01 s, comm_vol 26.844 GB
SIZE 335544320, REAL_BD 166.098 GB/s, BD/PAIR 166.098 GB/s, time 2.020e-01 s, comm_vol 33.554 GB
SIZE 402653184, REAL_BD 166.279 GB/s, BD/PAIR 166.279 GB/s, time 2.422e-01 s, comm_vol 40.265 GB
SIZE 469762048, REAL_BD 166.475 GB/s, BD/PAIR 166.475 GB/s, time 2.822e-01 s, comm_vol 46.976 GB
SIZE 536870912, REAL_BD 166.511 GB/s, BD/PAIR 166.511 GB/s, time 3.224e-01 s, comm_vol 53.687 GB
SIZE 671088640, REAL_BD 166.699 GB/s, BD/PAIR 166.699 GB/s, time 4.026e-01 s, comm_vol 67.109 GB
SIZE 805306368, REAL_BD 166.812 GB/s, BD/PAIR 166.812 GB/s, time 4.828e-01 s, comm_vol 80.531 GB
SIZE 939524096, REAL_BD 166.895 GB/s, BD/PAIR 166.895 GB/s, time 5.629e-01 s, comm_vol 93.952 GB
SIZE 1073741824, REAL_BD 166.951 GB/s, BD/PAIR 166.951 GB/s, time 6.431e-01 s, comm_vol 107.374 GB
[[0, 1], [1, 0]]
SIZE 8192, REAL_BD 1.044 GB/s, BD/PAIR 522.026 MB/s, time 1.569e-03 s, comm_vol 1.638 MB
SIZE 16384, REAL_BD 3.023 GB/s, BD/PAIR 1.511 GB/s, time 1.084e-03 s, comm_vol 3.277 MB
SIZE 24576, REAL_BD 4.53 GB/s, BD/PAIR 2.265 GB/s, time 1.085e-03 s, comm_vol 4.915 MB
SIZE 32768, REAL_BD 6.048 GB/s, BD/PAIR 3.024 GB/s, time 1.084e-03 s, comm_vol 6.554 MB
SIZE 40960, REAL_BD 7.6 GB/s, BD/PAIR 3.8 GB/s, time 1.078e-03 s, comm_vol 8.192 MB
SIZE 49152, REAL_BD 9.136 GB/s, BD/PAIR 4.568 GB/s, time 1.076e-03 s, comm_vol 9.83 MB
SIZE 57344, REAL_BD 10.524 GB/s, BD/PAIR 5.262 GB/s, time 1.090e-03 s, comm_vol 11.469 MB
SIZE 65536, REAL_BD 12.024 GB/s, BD/PAIR 6.012 GB/s, time 1.090e-03 s, comm_vol 13.107 MB
SIZE 81920, REAL_BD 14.709 GB/s, BD/PAIR 7.354 GB/s, time 1.114e-03 s, comm_vol 16.384 MB
SIZE 98304, REAL_BD 17.662 GB/s, BD/PAIR 8.831 GB/s, time 1.113e-03 s, comm_vol 19.661 MB
SIZE 114688, REAL_BD 20.323 GB/s, BD/PAIR 10.161 GB/s, time 1.129e-03 s, comm_vol 22.938 MB
SIZE 131072, REAL_BD 23.29 GB/s, BD/PAIR 11.645 GB/s, time 1.126e-03 s, comm_vol 26.214 MB
SIZE 163840, REAL_BD 28.862 GB/s, BD/PAIR 14.431 GB/s, time 1.135e-03 s, comm_vol 32.768 MB
SIZE 196608, REAL_BD 33.894 GB/s, BD/PAIR 16.947 GB/s, time 1.160e-03 s, comm_vol 39.322 MB
SIZE 229376, REAL_BD 39.045 GB/s, BD/PAIR 19.523 GB/s, time 1.175e-03 s, comm_vol 45.875 MB
SIZE 262144, REAL_BD 45.182 GB/s, BD/PAIR 22.591 GB/s, time 1.160e-03 s, comm_vol 52.429 MB
SIZE 327680, REAL_BD 55.296 GB/s, BD/PAIR 27.648 GB/s, time 1.185e-03 s, comm_vol 65.536 MB
SIZE 393216, REAL_BD 63.752 GB/s, BD/PAIR 31.876 GB/s, time 1.234e-03 s, comm_vol 78.643 MB
SIZE 458752, REAL_BD 48.768 GB/s, BD/PAIR 24.384 GB/s, time 1.881e-03 s, comm_vol 91.75 MB
SIZE 524288, REAL_BD 80.33 GB/s, BD/PAIR 40.165 GB/s, time 1.305e-03 s, comm_vol 104.858 MB
SIZE 655360, REAL_BD 96.212 GB/s, BD/PAIR 48.106 GB/s, time 1.362e-03 s, comm_vol 131.072 MB
SIZE 786432, REAL_BD 106.028 GB/s, BD/PAIR 53.014 GB/s, time 1.483e-03 s, comm_vol 157.286 MB
SIZE 917504, REAL_BD 115.982 GB/s, BD/PAIR 57.991 GB/s, time 1.582e-03 s, comm_vol 183.501 MB
SIZE 1048576, REAL_BD 127.85 GB/s, BD/PAIR 63.925 GB/s, time 1.640e-03 s, comm_vol 209.715 MB
SIZE 1310720, REAL_BD 139.691 GB/s, BD/PAIR 69.846 GB/s, time 1.877e-03 s, comm_vol 262.144 MB
SIZE 1572864, REAL_BD 155.922 GB/s, BD/PAIR 77.961 GB/s, time 2.017e-03 s, comm_vol 314.573 MB
SIZE 1835008, REAL_BD 170.902 GB/s, BD/PAIR 85.451 GB/s, time 2.147e-03 s, comm_vol 367.002 MB
SIZE 2097152, REAL_BD 179.019 GB/s, BD/PAIR 89.509 GB/s, time 2.343e-03 s, comm_vol 419.43 MB
SIZE 2621440, REAL_BD 195.156 GB/s, BD/PAIR 97.578 GB/s, time 2.687e-03 s, comm_vol 524.288 MB
SIZE 3145728, REAL_BD 210.584 GB/s, BD/PAIR 105.292 GB/s, time 2.988e-03 s, comm_vol 629.146 MB
SIZE 3670016, REAL_BD 219.526 GB/s, BD/PAIR 109.763 GB/s, time 3.344e-03 s, comm_vol 734.003 MB
SIZE 4194304, REAL_BD 224.677 GB/s, BD/PAIR 112.338 GB/s, time 3.734e-03 s, comm_vol 838.861 MB
SIZE 5242880, REAL_BD 240.33 GB/s, BD/PAIR 120.165 GB/s, time 4.363e-03 s, comm_vol 1.049 GB
SIZE 6291456, REAL_BD 253.368 GB/s, BD/PAIR 126.684 GB/s, time 4.966e-03 s, comm_vol 1.258 GB
SIZE 7340032, REAL_BD 258.622 GB/s, BD/PAIR 129.311 GB/s, time 5.676e-03 s, comm_vol 1.468 GB
SIZE 8388608, REAL_BD 263.376 GB/s, BD/PAIR 131.688 GB/s, time 6.370e-03 s, comm_vol 1.678 GB
SIZE 10485760, REAL_BD 271.058 GB/s, BD/PAIR 135.529 GB/s, time 7.737e-03 s, comm_vol 2.097 GB
SIZE 12582912, REAL_BD 278.181 GB/s, BD/PAIR 139.091 GB/s, time 9.047e-03 s, comm_vol 2.517 GB
SIZE 14680064, REAL_BD 281.057 GB/s, BD/PAIR 140.529 GB/s, time 1.045e-02 s, comm_vol 2.936 GB
SIZE 16777216, REAL_BD 287.813 GB/s, BD/PAIR 143.906 GB/s, time 1.166e-02 s, comm_vol 3.355 GB
SIZE 20971520, REAL_BD 294.583 GB/s, BD/PAIR 147.291 GB/s, time 1.424e-02 s, comm_vol 4.194 GB
SIZE 25165824, REAL_BD 298.78 GB/s, BD/PAIR 149.39 GB/s, time 1.685e-02 s, comm_vol 5.033 GB
SIZE 29360128, REAL_BD 302.383 GB/s, BD/PAIR 151.191 GB/s, time 1.942e-02 s, comm_vol 5.872 GB
SIZE 33554432, REAL_BD 305.301 GB/s, BD/PAIR 152.65 GB/s, time 2.198e-02 s, comm_vol 6.711 GB
SIZE 41943040, REAL_BD 308.903 GB/s, BD/PAIR 154.452 GB/s, time 2.716e-02 s, comm_vol 8.389 GB
SIZE 50331648, REAL_BD 312.232 GB/s, BD/PAIR 156.116 GB/s, time 3.224e-02 s, comm_vol 10.066 GB
SIZE 58720256, REAL_BD 313.99 GB/s, BD/PAIR 156.995 GB/s, time 3.740e-02 s, comm_vol 11.744 GB
SIZE 67108864, REAL_BD 315.285 GB/s, BD/PAIR 157.642 GB/s, time 4.257e-02 s, comm_vol 13.422 GB
SIZE 83886080, REAL_BD 314.191 GB/s, BD/PAIR 157.096 GB/s, time 5.340e-02 s, comm_vol 16.777 GB
SIZE 100663296, REAL_BD 318.978 GB/s, BD/PAIR 159.489 GB/s, time 6.312e-02 s, comm_vol 20.133 GB
SIZE 117440512, REAL_BD 319.926 GB/s, BD/PAIR 159.963 GB/s, time 7.342e-02 s, comm_vol 23.488 GB
SIZE 134217728, REAL_BD 320.723 GB/s, BD/PAIR 160.361 GB/s, time 8.370e-02 s, comm_vol 26.844 GB
SIZE 167772160, REAL_BD 325.763 GB/s, BD/PAIR 162.882 GB/s, time 1.030e-01 s, comm_vol 33.554 GB
SIZE 201326592, REAL_BD 326.821 GB/s, BD/PAIR 163.411 GB/s, time 1.232e-01 s, comm_vol 40.265 GB
SIZE 234881024, REAL_BD 327.391 GB/s, BD/PAIR 163.696 GB/s, time 1.435e-01 s, comm_vol 46.976 GB
SIZE 268435456, REAL_BD 327.581 GB/s, BD/PAIR 163.79 GB/s, time 1.639e-01 s, comm_vol 53.687 GB
SIZE 335544320, REAL_BD 328.268 GB/s, BD/PAIR 164.134 GB/s, time 2.044e-01 s, comm_vol 67.109 GB
SIZE 402653184, REAL_BD 328.657 GB/s, BD/PAIR 164.329 GB/s, time 2.450e-01 s, comm_vol 80.531 GB
SIZE 469762048, REAL_BD 328.929 GB/s, BD/PAIR 164.464 GB/s, time 2.856e-01 s, comm_vol 93.952 GB
SIZE 536870912, REAL_BD 329.191 GB/s, BD/PAIR 164.596 GB/s, time 3.262e-01 s, comm_vol 107.374 GB
SIZE 671088640, REAL_BD 326.272 GB/s, BD/PAIR 163.136 GB/s, time 4.114e-01 s, comm_vol 134.218 GB
SIZE 805306368, REAL_BD 329.79 GB/s, BD/PAIR 164.895 GB/s, time 4.884e-01 s, comm_vol 161.061 GB
SIZE 939524096, REAL_BD 326.706 GB/s, BD/PAIR 163.353 GB/s, time 5.751e-01 s, comm_vol 187.905 GB
SIZE 1073741824, REAL_BD 330.083 GB/s, BD/PAIR 165.041 GB/s, time 6.506e-01 s, comm_vol 214.748 GB
+ set +x
