HOST: g01
CP_FILE_NAME: small
HOST: g01
CUDA_VISIBLE_DEVICES: 
GPU_NUM: 8
PROC_NUM: 8
NNODES: 1
NTASK_PER_NODE: 8
COMM_MODULE: raw-nccl
+ srun -p a01 -N 1 --ntasks-per-node 8 --gres=gpu:8 --mem 256G -K -w g01 -c 13 ./scripts/executor.sh python conflict_bench.py --backend NCCL --config ./scripts/configs/small_8.json --comm-module raw-nccl
NCCL version 2.21.5+cuda12.4
[INFO]: Cluster init done !!!
[[0, 1]]
NCCL version 2.21.5+cuda12.4
SIZE 8192, REAL_BD 662.165 MB/s, BD/PAIR 662.165 MB/s, time 1.237e-03 s, comm_vol 819.2 KB
SIZE 16384, REAL_BD 1.157 GB/s, BD/PAIR 1.157 GB/s, time 1.415e-03 s, comm_vol 1.638 MB
SIZE 24576, REAL_BD 1.491 GB/s, BD/PAIR 1.491 GB/s, time 1.648e-03 s, comm_vol 2.458 MB
SIZE 32768, REAL_BD 1.896 GB/s, BD/PAIR 1.896 GB/s, time 1.728e-03 s, comm_vol 3.277 MB
SIZE 40960, REAL_BD 2.342 GB/s, BD/PAIR 2.342 GB/s, time 1.749e-03 s, comm_vol 4.096 MB
SIZE 49152, REAL_BD 2.749 GB/s, BD/PAIR 2.749 GB/s, time 1.788e-03 s, comm_vol 4.915 MB
SIZE 57344, REAL_BD 3.247 GB/s, BD/PAIR 3.247 GB/s, time 1.766e-03 s, comm_vol 5.734 MB
SIZE 65536, REAL_BD 3.669 GB/s, BD/PAIR 3.669 GB/s, time 1.786e-03 s, comm_vol 6.554 MB
SIZE 81920, REAL_BD 4.351 GB/s, BD/PAIR 4.351 GB/s, time 1.883e-03 s, comm_vol 8.192 MB
SIZE 98304, REAL_BD 5.162 GB/s, BD/PAIR 5.162 GB/s, time 1.904e-03 s, comm_vol 9.83 MB
SIZE 114688, REAL_BD 5.962 GB/s, BD/PAIR 5.962 GB/s, time 1.924e-03 s, comm_vol 11.469 MB
SIZE 131072, REAL_BD 6.658 GB/s, BD/PAIR 6.658 GB/s, time 1.969e-03 s, comm_vol 13.107 MB
SIZE 163840, REAL_BD 8.495 GB/s, BD/PAIR 8.495 GB/s, time 1.929e-03 s, comm_vol 16.384 MB
SIZE 196608, REAL_BD 9.939 GB/s, BD/PAIR 9.939 GB/s, time 1.978e-03 s, comm_vol 19.661 MB
SIZE 229376, REAL_BD 11.848 GB/s, BD/PAIR 11.848 GB/s, time 1.936e-03 s, comm_vol 22.938 MB
SIZE 262144, REAL_BD 13.26 GB/s, BD/PAIR 13.26 GB/s, time 1.977e-03 s, comm_vol 26.214 MB
SIZE 327680, REAL_BD 16.487 GB/s, BD/PAIR 16.487 GB/s, time 1.987e-03 s, comm_vol 32.768 MB
SIZE 393216, REAL_BD 19.662 GB/s, BD/PAIR 19.662 GB/s, time 2.000e-03 s, comm_vol 39.322 MB
SIZE 458752, REAL_BD 22.755 GB/s, BD/PAIR 22.755 GB/s, time 2.016e-03 s, comm_vol 45.875 MB
SIZE 524288, REAL_BD 25.606 GB/s, BD/PAIR 25.606 GB/s, time 2.048e-03 s, comm_vol 52.429 MB
SIZE 655360, REAL_BD 27.648 GB/s, BD/PAIR 27.648 GB/s, time 2.370e-03 s, comm_vol 65.536 MB
SIZE 786432, REAL_BD 34.565 GB/s, BD/PAIR 34.565 GB/s, time 2.275e-03 s, comm_vol 78.643 MB
SIZE 917504, REAL_BD 39.466 GB/s, BD/PAIR 39.466 GB/s, time 2.325e-03 s, comm_vol 91.75 MB
SIZE 1048576, REAL_BD 44.614 GB/s, BD/PAIR 44.614 GB/s, time 2.350e-03 s, comm_vol 104.858 MB
SIZE 1310720, REAL_BD 49.452 GB/s, BD/PAIR 49.452 GB/s, time 2.650e-03 s, comm_vol 131.072 MB
SIZE 1572864, REAL_BD 57.366 GB/s, BD/PAIR 57.366 GB/s, time 2.742e-03 s, comm_vol 157.286 MB
SIZE 1835008, REAL_BD 63.03 GB/s, BD/PAIR 63.03 GB/s, time 2.911e-03 s, comm_vol 183.501 MB
SIZE 2097152, REAL_BD 69.49 GB/s, BD/PAIR 69.49 GB/s, time 3.018e-03 s, comm_vol 209.715 MB
SIZE 2621440, REAL_BD 79.261 GB/s, BD/PAIR 79.261 GB/s, time 3.307e-03 s, comm_vol 262.144 MB
SIZE 3145728, REAL_BD 84.497 GB/s, BD/PAIR 84.497 GB/s, time 3.723e-03 s, comm_vol 314.573 MB
SIZE 3670016, REAL_BD 92.847 GB/s, BD/PAIR 92.847 GB/s, time 3.953e-03 s, comm_vol 367.002 MB
SIZE 4194304, REAL_BD 96.148 GB/s, BD/PAIR 96.148 GB/s, time 4.362e-03 s, comm_vol 419.43 MB
SIZE 5242880, REAL_BD 101.049 GB/s, BD/PAIR 101.049 GB/s, time 5.188e-03 s, comm_vol 524.288 MB
SIZE 6291456, REAL_BD 111.39 GB/s, BD/PAIR 111.39 GB/s, time 5.648e-03 s, comm_vol 629.146 MB
SIZE 7340032, REAL_BD 120.245 GB/s, BD/PAIR 120.245 GB/s, time 6.104e-03 s, comm_vol 734.003 MB
SIZE 8388608, REAL_BD 125.016 GB/s, BD/PAIR 125.016 GB/s, time 6.710e-03 s, comm_vol 838.861 MB
SIZE 10485760, REAL_BD 128.549 GB/s, BD/PAIR 128.549 GB/s, time 8.157e-03 s, comm_vol 1.049 GB
SIZE 12582912, REAL_BD 134.565 GB/s, BD/PAIR 134.565 GB/s, time 9.351e-03 s, comm_vol 1.258 GB
SIZE 14680064, REAL_BD 136.156 GB/s, BD/PAIR 136.156 GB/s, time 1.078e-02 s, comm_vol 1.468 GB
SIZE 16777216, REAL_BD 138.467 GB/s, BD/PAIR 138.467 GB/s, time 1.212e-02 s, comm_vol 1.678 GB
SIZE 20971520, REAL_BD 143.1 GB/s, BD/PAIR 143.1 GB/s, time 1.466e-02 s, comm_vol 2.097 GB
SIZE 25165824, REAL_BD 144.568 GB/s, BD/PAIR 144.568 GB/s, time 1.741e-02 s, comm_vol 2.517 GB
SIZE 29360128, REAL_BD 146.272 GB/s, BD/PAIR 146.272 GB/s, time 2.007e-02 s, comm_vol 2.936 GB
SIZE 33554432, REAL_BD 146.577 GB/s, BD/PAIR 146.577 GB/s, time 2.289e-02 s, comm_vol 3.355 GB
SIZE 41943040, REAL_BD 149.689 GB/s, BD/PAIR 149.689 GB/s, time 2.802e-02 s, comm_vol 4.194 GB
SIZE 50331648, REAL_BD 152.049 GB/s, BD/PAIR 152.049 GB/s, time 3.310e-02 s, comm_vol 5.033 GB
SIZE 58720256, REAL_BD 153.87 GB/s, BD/PAIR 153.87 GB/s, time 3.816e-02 s, comm_vol 5.872 GB
SIZE 67108864, REAL_BD 154.721 GB/s, BD/PAIR 154.721 GB/s, time 4.337e-02 s, comm_vol 6.711 GB
SIZE 83886080, REAL_BD 156.488 GB/s, BD/PAIR 156.488 GB/s, time 5.361e-02 s, comm_vol 8.389 GB
SIZE 100663296, REAL_BD 157.513 GB/s, BD/PAIR 157.513 GB/s, time 6.391e-02 s, comm_vol 10.066 GB
SIZE 117440512, REAL_BD 158.295 GB/s, BD/PAIR 158.295 GB/s, time 7.419e-02 s, comm_vol 11.744 GB
SIZE 134217728, REAL_BD 159.145 GB/s, BD/PAIR 159.145 GB/s, time 8.434e-02 s, comm_vol 13.422 GB
SIZE 167772160, REAL_BD 173.692 GB/s, BD/PAIR 173.692 GB/s, time 9.659e-02 s, comm_vol 16.777 GB
SIZE 201326592, REAL_BD 174.353 GB/s, BD/PAIR 174.353 GB/s, time 1.155e-01 s, comm_vol 20.133 GB
SIZE 234881024, REAL_BD 174.807 GB/s, BD/PAIR 174.807 GB/s, time 1.344e-01 s, comm_vol 23.488 GB
SIZE 268435456, REAL_BD 175.134 GB/s, BD/PAIR 175.134 GB/s, time 1.533e-01 s, comm_vol 26.844 GB
SIZE 335544320, REAL_BD 175.358 GB/s, BD/PAIR 175.358 GB/s, time 1.913e-01 s, comm_vol 33.554 GB
SIZE 402653184, REAL_BD 175.9 GB/s, BD/PAIR 175.9 GB/s, time 2.289e-01 s, comm_vol 40.265 GB
SIZE 469762048, REAL_BD 176.108 GB/s, BD/PAIR 176.108 GB/s, time 2.667e-01 s, comm_vol 46.976 GB
SIZE 536870912, REAL_BD 176.247 GB/s, BD/PAIR 176.247 GB/s, time 3.046e-01 s, comm_vol 53.687 GB
SIZE 671088640, REAL_BD 176.483 GB/s, BD/PAIR 176.483 GB/s, time 3.803e-01 s, comm_vol 67.109 GB
SIZE 805306368, REAL_BD 176.574 GB/s, BD/PAIR 176.574 GB/s, time 4.561e-01 s, comm_vol 80.531 GB
SIZE 939524096, REAL_BD 176.602 GB/s, BD/PAIR 176.602 GB/s, time 5.320e-01 s, comm_vol 93.952 GB
SIZE 1073741824, REAL_BD 176.779 GB/s, BD/PAIR 176.779 GB/s, time 6.074e-01 s, comm_vol 107.374 GB
[[0, 1], [1, 0]]
SIZE 8192, REAL_BD 1.016 GB/s, BD/PAIR 507.98 MB/s, time 1.613e-03 s, comm_vol 1.638 MB
SIZE 16384, REAL_BD 2.331 GB/s, BD/PAIR 1.165 GB/s, time 1.406e-03 s, comm_vol 3.277 MB
SIZE 24576, REAL_BD 3.269 GB/s, BD/PAIR 1.634 GB/s, time 1.504e-03 s, comm_vol 4.915 MB
SIZE 32768, REAL_BD 4.298 GB/s, BD/PAIR 2.149 GB/s, time 1.525e-03 s, comm_vol 6.554 MB
SIZE 40960, REAL_BD 5.281 GB/s, BD/PAIR 2.641 GB/s, time 1.551e-03 s, comm_vol 8.192 MB
SIZE 49152, REAL_BD 6.179 GB/s, BD/PAIR 3.089 GB/s, time 1.591e-03 s, comm_vol 9.83 MB
SIZE 57344, REAL_BD 7.171 GB/s, BD/PAIR 3.586 GB/s, time 1.599e-03 s, comm_vol 11.469 MB
SIZE 65536, REAL_BD 7.936 GB/s, BD/PAIR 3.968 GB/s, time 1.652e-03 s, comm_vol 13.107 MB
SIZE 81920, REAL_BD 10.003 GB/s, BD/PAIR 5.001 GB/s, time 1.638e-03 s, comm_vol 16.384 MB
SIZE 98304, REAL_BD 11.623 GB/s, BD/PAIR 5.811 GB/s, time 1.692e-03 s, comm_vol 19.661 MB
SIZE 114688, REAL_BD 13.384 GB/s, BD/PAIR 6.692 GB/s, time 1.714e-03 s, comm_vol 22.938 MB
SIZE 131072, REAL_BD 15.072 GB/s, BD/PAIR 7.536 GB/s, time 1.739e-03 s, comm_vol 26.214 MB
SIZE 163840, REAL_BD 19.317 GB/s, BD/PAIR 9.658 GB/s, time 1.696e-03 s, comm_vol 32.768 MB
SIZE 196608, REAL_BD 22.369 GB/s, BD/PAIR 11.185 GB/s, time 1.758e-03 s, comm_vol 39.322 MB
SIZE 229376, REAL_BD 26.536 GB/s, BD/PAIR 13.268 GB/s, time 1.729e-03 s, comm_vol 45.875 MB
SIZE 262144, REAL_BD 29.095 GB/s, BD/PAIR 14.548 GB/s, time 1.802e-03 s, comm_vol 52.429 MB
SIZE 327680, REAL_BD 35.754 GB/s, BD/PAIR 17.877 GB/s, time 1.833e-03 s, comm_vol 65.536 MB
SIZE 393216, REAL_BD 41.434 GB/s, BD/PAIR 20.717 GB/s, time 1.898e-03 s, comm_vol 78.643 MB
SIZE 458752, REAL_BD 47.598 GB/s, BD/PAIR 23.799 GB/s, time 1.928e-03 s, comm_vol 91.75 MB
SIZE 524288, REAL_BD 54.31 GB/s, BD/PAIR 27.155 GB/s, time 1.931e-03 s, comm_vol 104.858 MB
SIZE 655360, REAL_BD 63.38 GB/s, BD/PAIR 31.69 GB/s, time 2.068e-03 s, comm_vol 131.072 MB
SIZE 786432, REAL_BD 73.571 GB/s, BD/PAIR 36.785 GB/s, time 2.138e-03 s, comm_vol 157.286 MB
SIZE 917504, REAL_BD 86.634 GB/s, BD/PAIR 43.317 GB/s, time 2.118e-03 s, comm_vol 183.501 MB
SIZE 1048576, REAL_BD 93.011 GB/s, BD/PAIR 46.506 GB/s, time 2.255e-03 s, comm_vol 209.715 MB
SIZE 1310720, REAL_BD 112.367 GB/s, BD/PAIR 56.184 GB/s, time 2.333e-03 s, comm_vol 262.144 MB
SIZE 1572864, REAL_BD 127.665 GB/s, BD/PAIR 63.832 GB/s, time 2.464e-03 s, comm_vol 314.573 MB
SIZE 1835008, REAL_BD 138.241 GB/s, BD/PAIR 69.121 GB/s, time 2.655e-03 s, comm_vol 367.002 MB
SIZE 2097152, REAL_BD 151.827 GB/s, BD/PAIR 75.913 GB/s, time 2.763e-03 s, comm_vol 419.43 MB
SIZE 2621440, REAL_BD 165.839 GB/s, BD/PAIR 82.919 GB/s, time 3.161e-03 s, comm_vol 524.288 MB
SIZE 3145728, REAL_BD 180.297 GB/s, BD/PAIR 90.149 GB/s, time 3.489e-03 s, comm_vol 629.146 MB
SIZE 3670016, REAL_BD 192.415 GB/s, BD/PAIR 96.207 GB/s, time 3.815e-03 s, comm_vol 734.003 MB
SIZE 4194304, REAL_BD 197.532 GB/s, BD/PAIR 98.766 GB/s, time 4.247e-03 s, comm_vol 838.861 MB
SIZE 5242880, REAL_BD 204.818 GB/s, BD/PAIR 102.409 GB/s, time 5.120e-03 s, comm_vol 1.049 GB
SIZE 6291456, REAL_BD 214.487 GB/s, BD/PAIR 107.243 GB/s, time 5.867e-03 s, comm_vol 1.258 GB
SIZE 7340032, REAL_BD 224.031 GB/s, BD/PAIR 112.015 GB/s, time 6.553e-03 s, comm_vol 1.468 GB
SIZE 8388608, REAL_BD 232.026 GB/s, BD/PAIR 116.013 GB/s, time 7.231e-03 s, comm_vol 1.678 GB
SIZE 10485760, REAL_BD 232.381 GB/s, BD/PAIR 116.191 GB/s, time 9.025e-03 s, comm_vol 2.097 GB
SIZE 12582912, REAL_BD 242.936 GB/s, BD/PAIR 121.468 GB/s, time 1.036e-02 s, comm_vol 2.517 GB
SIZE 14680064, REAL_BD 245.138 GB/s, BD/PAIR 122.569 GB/s, time 1.198e-02 s, comm_vol 2.936 GB
SIZE 16777216, REAL_BD 254.572 GB/s, BD/PAIR 127.286 GB/s, time 1.318e-02 s, comm_vol 3.355 GB
SIZE 20971520, REAL_BD 260.405 GB/s, BD/PAIR 130.203 GB/s, time 1.611e-02 s, comm_vol 4.194 GB
SIZE 25165824, REAL_BD 263.179 GB/s, BD/PAIR 131.589 GB/s, time 1.912e-02 s, comm_vol 5.033 GB
SIZE 29360128, REAL_BD 268.092 GB/s, BD/PAIR 134.046 GB/s, time 2.190e-02 s, comm_vol 5.872 GB
SIZE 33554432, REAL_BD 271.225 GB/s, BD/PAIR 135.613 GB/s, time 2.474e-02 s, comm_vol 6.711 GB
SIZE 41943040, REAL_BD 274.284 GB/s, BD/PAIR 137.142 GB/s, time 3.058e-02 s, comm_vol 8.389 GB
SIZE 50331648, REAL_BD 276.514 GB/s, BD/PAIR 138.257 GB/s, time 3.640e-02 s, comm_vol 10.066 GB
SIZE 58720256, REAL_BD 277.473 GB/s, BD/PAIR 138.737 GB/s, time 4.233e-02 s, comm_vol 11.744 GB
SIZE 67108864, REAL_BD 280.038 GB/s, BD/PAIR 140.019 GB/s, time 4.793e-02 s, comm_vol 13.422 GB
SIZE 83886080, REAL_BD 283.013 GB/s, BD/PAIR 141.507 GB/s, time 5.928e-02 s, comm_vol 16.777 GB
SIZE 100663296, REAL_BD 284.83 GB/s, BD/PAIR 142.415 GB/s, time 7.068e-02 s, comm_vol 20.133 GB
SIZE 117440512, REAL_BD 285.983 GB/s, BD/PAIR 142.991 GB/s, time 8.213e-02 s, comm_vol 23.488 GB
SIZE 134217728, REAL_BD 287.103 GB/s, BD/PAIR 143.551 GB/s, time 9.350e-02 s, comm_vol 26.844 GB
SIZE 167772160, REAL_BD 309.549 GB/s, BD/PAIR 154.774 GB/s, time 1.084e-01 s, comm_vol 33.554 GB
SIZE 201326592, REAL_BD 310.777 GB/s, BD/PAIR 155.388 GB/s, time 1.296e-01 s, comm_vol 40.265 GB
SIZE 234881024, REAL_BD 311.39 GB/s, BD/PAIR 155.695 GB/s, time 1.509e-01 s, comm_vol 46.976 GB
SIZE 268435456, REAL_BD 311.935 GB/s, BD/PAIR 155.967 GB/s, time 1.721e-01 s, comm_vol 53.687 GB
SIZE 335544320, REAL_BD 312.989 GB/s, BD/PAIR 156.494 GB/s, time 2.144e-01 s, comm_vol 67.109 GB
SIZE 402653184, REAL_BD 313.544 GB/s, BD/PAIR 156.772 GB/s, time 2.568e-01 s, comm_vol 80.531 GB
SIZE 469762048, REAL_BD 313.98 GB/s, BD/PAIR 156.99 GB/s, time 2.992e-01 s, comm_vol 93.952 GB
SIZE 536870912, REAL_BD 314.367 GB/s, BD/PAIR 157.183 GB/s, time 3.416e-01 s, comm_vol 107.374 GB
SIZE 671088640, REAL_BD 314.802 GB/s, BD/PAIR 157.401 GB/s, time 4.264e-01 s, comm_vol 134.218 GB
SIZE 805306368, REAL_BD 315.129 GB/s, BD/PAIR 157.565 GB/s, time 5.111e-01 s, comm_vol 161.061 GB
SIZE 939524096, REAL_BD 315.376 GB/s, BD/PAIR 157.688 GB/s, time 5.958e-01 s, comm_vol 187.905 GB
SIZE 1073741824, REAL_BD 315.557 GB/s, BD/PAIR 157.779 GB/s, time 6.805e-01 s, comm_vol 214.748 GB
+ set +x
