CP_FILE_NAME: small
CUDA_VISIBLE_DEVICES: 
GPU_NUM: 32
PROC_NUM: 32
NNODES: 4
NTASK_PER_NODE: 8
COMM_MODULE: raw-nccl
++ cat /root/mpi_rack_hostfile
++ head -n 1
++ sed -s s/slots=8//g
+ mpirun -np 32 --hostfile /root/mpi_rack_hostfile --allow-run-as-root -oversubscribe -map-by ppr:8:node --bind-to numa -mca pml ob1 -mca btl '^openib' -x OMPI_MCA_btl_tcp_if_include=ens19np0 -mca oob_tcp_if_include 10.102.2.0/24 --output-filename results/ -x NCCL_PXN_DISABLE=0 -x NCCL_IB_GID_INDEX=3 -x NCCL_NET_GDR_LEVEL=4 -x NCCL_IB_RETRY_CNT=7 -x NCCL_IB_TIME_OUT=32 -x NCCL_IB_QPS_PER_CONNECTION=8 -x NCCL_P2P_LEVEL=NVL -x NCCL_DEBUG=VERSION -x PATH -x MASTER_ADDR=10.11.1.2 -x MASTER_PORT=20421 -x GLOO_SOCKET_IFNAME=ens19np0 -x NCCL_SOCKET_IFNAME=ens19np0 -x CUDA_DEVICE_MAX_CONNECTIONS=1 -x TORCH_NCCL_AVOID_RECORD_STREAMS=1 -x PYTORCH_CUDA_ALLOC_CONF=expandable_segments:True -x NCCL_NVLS_ENABLE=0 -x LD_LIBRARY_PATH=/usr/local/cuda/compat/lib.real:/opt/nvshmem/lib:/usr/local/lib/python3.10/dist-packages/torch/lib:/usr/local/lib/python3.10/dist-packages/torch_tensorrt/lib:/usr/local/cuda/compat/lib:/usr/local/nvidia/lib:/usr/local/nvidia/lib64:/usr/local/cuda/lib64:/usr/local/tensorrt/lib:/usr/local/cuda/lib64:/usr/local/tensorrt/lib -x CLUSTER_NAME -x PLATFORM -x TRACE_NAME ./scripts/executor.sh python conflict_bench.py --backend NCCL --config ./scripts/configs/small_32.json --comm-module raw-nccl
NCCL version 2.25.1+cuda12.2
[INFO]: Cluster init done !!!
[[0, 8]]
NCCL version 2.21.5+cuda12.6
SIZE 8192, REAL_BD 559.787 MB/s, BD/PAIR 559.787 MB/s, time 1.463e-03 s, comm_vol 819.2 KB
SIZE 16384, REAL_BD 1.077 GB/s, BD/PAIR 1.077 GB/s, time 1.521e-03 s, comm_vol 1.638 MB
SIZE 24576, REAL_BD 1.48 GB/s, BD/PAIR 1.48 GB/s, time 1.661e-03 s, comm_vol 2.458 MB
SIZE 32768, REAL_BD 1.892 GB/s, BD/PAIR 1.892 GB/s, time 1.732e-03 s, comm_vol 3.277 MB
SIZE 40960, REAL_BD 2.021 GB/s, BD/PAIR 2.021 GB/s, time 2.027e-03 s, comm_vol 4.096 MB
SIZE 49152, REAL_BD 2.399 GB/s, BD/PAIR 2.399 GB/s, time 2.049e-03 s, comm_vol 4.915 MB
SIZE 57344, REAL_BD 2.737 GB/s, BD/PAIR 2.737 GB/s, time 2.095e-03 s, comm_vol 5.734 MB
SIZE 65536, REAL_BD 3.057 GB/s, BD/PAIR 3.057 GB/s, time 2.144e-03 s, comm_vol 6.554 MB
SIZE 81920, REAL_BD 3.777 GB/s, BD/PAIR 3.777 GB/s, time 2.169e-03 s, comm_vol 8.192 MB
SIZE 98304, REAL_BD 4.546 GB/s, BD/PAIR 4.546 GB/s, time 2.162e-03 s, comm_vol 9.83 MB
SIZE 114688, REAL_BD 5.349 GB/s, BD/PAIR 5.349 GB/s, time 2.144e-03 s, comm_vol 11.469 MB
SIZE 131072, REAL_BD 5.988 GB/s, BD/PAIR 5.988 GB/s, time 2.189e-03 s, comm_vol 13.107 MB
SIZE 163840, REAL_BD 6.862 GB/s, BD/PAIR 6.862 GB/s, time 2.388e-03 s, comm_vol 16.384 MB
SIZE 196608, REAL_BD 8.261 GB/s, BD/PAIR 8.261 GB/s, time 2.380e-03 s, comm_vol 19.661 MB
SIZE 229376, REAL_BD 8.618 GB/s, BD/PAIR 8.618 GB/s, time 2.662e-03 s, comm_vol 22.938 MB
SIZE 262144, REAL_BD 10.761 GB/s, BD/PAIR 10.761 GB/s, time 2.436e-03 s, comm_vol 26.214 MB
SIZE 327680, REAL_BD 11.43 GB/s, BD/PAIR 11.43 GB/s, time 2.867e-03 s, comm_vol 32.768 MB
SIZE 393216, REAL_BD 13.071 GB/s, BD/PAIR 13.071 GB/s, time 3.008e-03 s, comm_vol 39.322 MB
SIZE 458752, REAL_BD 13.754 GB/s, BD/PAIR 13.754 GB/s, time 3.335e-03 s, comm_vol 45.875 MB
SIZE 524288, REAL_BD 15.104 GB/s, BD/PAIR 15.104 GB/s, time 3.471e-03 s, comm_vol 52.429 MB
SIZE 655360, REAL_BD 16.355 GB/s, BD/PAIR 16.355 GB/s, time 4.007e-03 s, comm_vol 65.536 MB
SIZE 786432, REAL_BD 17.357 GB/s, BD/PAIR 17.357 GB/s, time 4.531e-03 s, comm_vol 78.643 MB
SIZE 917504, REAL_BD 18.117 GB/s, BD/PAIR 18.117 GB/s, time 5.064e-03 s, comm_vol 91.75 MB
SIZE 1048576, REAL_BD 18.671 GB/s, BD/PAIR 18.671 GB/s, time 5.616e-03 s, comm_vol 104.858 MB
SIZE 1310720, REAL_BD 19.741 GB/s, BD/PAIR 19.741 GB/s, time 6.639e-03 s, comm_vol 131.072 MB
SIZE 1572864, REAL_BD 20.511 GB/s, BD/PAIR 20.511 GB/s, time 7.668e-03 s, comm_vol 157.286 MB
SIZE 1835008, REAL_BD 21.044 GB/s, BD/PAIR 21.044 GB/s, time 8.720e-03 s, comm_vol 183.501 MB
SIZE 2097152, REAL_BD 26.946 GB/s, BD/PAIR 26.946 GB/s, time 7.783e-03 s, comm_vol 209.715 MB
SIZE 2621440, REAL_BD 28.856 GB/s, BD/PAIR 28.856 GB/s, time 9.084e-03 s, comm_vol 262.144 MB
SIZE 3145728, REAL_BD 30.153 GB/s, BD/PAIR 30.153 GB/s, time 1.043e-02 s, comm_vol 314.573 MB
SIZE 3670016, REAL_BD 31.353 GB/s, BD/PAIR 31.353 GB/s, time 1.171e-02 s, comm_vol 367.002 MB
SIZE 4194304, REAL_BD 32.286 GB/s, BD/PAIR 32.286 GB/s, time 1.299e-02 s, comm_vol 419.43 MB
SIZE 5242880, REAL_BD 33.655 GB/s, BD/PAIR 33.655 GB/s, time 1.558e-02 s, comm_vol 524.288 MB
SIZE 6291456, REAL_BD 34.541 GB/s, BD/PAIR 34.541 GB/s, time 1.821e-02 s, comm_vol 629.146 MB
SIZE 7340032, REAL_BD 35.367 GB/s, BD/PAIR 35.367 GB/s, time 2.075e-02 s, comm_vol 734.003 MB
SIZE 8388608, REAL_BD 35.814 GB/s, BD/PAIR 35.814 GB/s, time 2.342e-02 s, comm_vol 838.861 MB
SIZE 10485760, REAL_BD 36.527 GB/s, BD/PAIR 36.527 GB/s, time 2.871e-02 s, comm_vol 1.049 GB
SIZE 12582912, REAL_BD 37.029 GB/s, BD/PAIR 37.029 GB/s, time 3.398e-02 s, comm_vol 1.258 GB
SIZE 14680064, REAL_BD 37.413 GB/s, BD/PAIR 37.413 GB/s, time 3.924e-02 s, comm_vol 1.468 GB
SIZE 16777216, REAL_BD 37.635 GB/s, BD/PAIR 37.635 GB/s, time 4.458e-02 s, comm_vol 1.678 GB
SIZE 20971520, REAL_BD 37.862 GB/s, BD/PAIR 37.862 GB/s, time 5.539e-02 s, comm_vol 2.097 GB
SIZE 25165824, REAL_BD 38.186 GB/s, BD/PAIR 38.186 GB/s, time 6.590e-02 s, comm_vol 2.517 GB
SIZE 29360128, REAL_BD 38.347 GB/s, BD/PAIR 38.347 GB/s, time 7.656e-02 s, comm_vol 2.936 GB
SIZE 33554432, REAL_BD 38.425 GB/s, BD/PAIR 38.425 GB/s, time 8.732e-02 s, comm_vol 3.355 GB
SIZE 41943040, REAL_BD 38.7 GB/s, BD/PAIR 38.7 GB/s, time 1.084e-01 s, comm_vol 4.194 GB
SIZE 50331648, REAL_BD 38.832 GB/s, BD/PAIR 38.832 GB/s, time 1.296e-01 s, comm_vol 5.033 GB
SIZE 58720256, REAL_BD 38.912 GB/s, BD/PAIR 38.912 GB/s, time 1.509e-01 s, comm_vol 5.872 GB
SIZE 67108864, REAL_BD 38.984 GB/s, BD/PAIR 38.984 GB/s, time 1.721e-01 s, comm_vol 6.711 GB
SIZE 83886080, REAL_BD 39.125 GB/s, BD/PAIR 39.125 GB/s, time 2.144e-01 s, comm_vol 8.389 GB
SIZE 100663296, REAL_BD 39.184 GB/s, BD/PAIR 39.184 GB/s, time 2.569e-01 s, comm_vol 10.066 GB
SIZE 117440512, REAL_BD 39.071 GB/s, BD/PAIR 39.071 GB/s, time 3.006e-01 s, comm_vol 11.744 GB
SIZE 134217728, REAL_BD 39.299 GB/s, BD/PAIR 39.299 GB/s, time 3.415e-01 s, comm_vol 13.422 GB
SIZE 167772160, REAL_BD 39.351 GB/s, BD/PAIR 39.351 GB/s, time 4.263e-01 s, comm_vol 16.777 GB
SIZE 201326592, REAL_BD 39.391 GB/s, BD/PAIR 39.391 GB/s, time 5.111e-01 s, comm_vol 20.133 GB
SIZE 234881024, REAL_BD 39.326 GB/s, BD/PAIR 39.326 GB/s, time 5.973e-01 s, comm_vol 23.488 GB
SIZE 268435456, REAL_BD 39.433 GB/s, BD/PAIR 39.433 GB/s, time 6.807e-01 s, comm_vol 26.844 GB
SIZE 335544320, REAL_BD 39.459 GB/s, BD/PAIR 39.459 GB/s, time 8.504e-01 s, comm_vol 33.554 GB
SIZE 402653184, REAL_BD 39.469 GB/s, BD/PAIR 39.469 GB/s, time 1.020e+00 s, comm_vol 40.265 GB
SIZE 469762048, REAL_BD 39.498 GB/s, BD/PAIR 39.498 GB/s, time 1.189e+00 s, comm_vol 46.976 GB
SIZE 536870912, REAL_BD 39.433 GB/s, BD/PAIR 39.433 GB/s, time 1.361e+00 s, comm_vol 53.687 GB
SIZE 671088640, REAL_BD 39.485 GB/s, BD/PAIR 39.485 GB/s, time 1.700e+00 s, comm_vol 67.109 GB
SIZE 805306368, REAL_BD 39.512 GB/s, BD/PAIR 39.512 GB/s, time 2.038e+00 s, comm_vol 80.531 GB
SIZE 939524096, REAL_BD 39.515 GB/s, BD/PAIR 39.515 GB/s, time 2.378e+00 s, comm_vol 93.952 GB
SIZE 1073741824, REAL_BD 39.525 GB/s, BD/PAIR 39.525 GB/s, time 2.717e+00 s, comm_vol 107.374 GB
[[0, 8], [8, 16]]
NCCL version 2.21.5+cuda12.6
SIZE 8192, REAL_BD 1.116 GB/s, BD/PAIR 557.969 MB/s, time 1.468e-03 s, comm_vol 1.638 MB
SIZE 16384, REAL_BD 2.079 GB/s, BD/PAIR 1.039 GB/s, time 1.576e-03 s, comm_vol 3.277 MB
SIZE 24576, REAL_BD 2.547 GB/s, BD/PAIR 1.274 GB/s, time 1.930e-03 s, comm_vol 4.915 MB
SIZE 32768, REAL_BD 3.717 GB/s, BD/PAIR 1.858 GB/s, time 1.763e-03 s, comm_vol 6.554 MB
SIZE 40960, REAL_BD 3.704 GB/s, BD/PAIR 1.852 GB/s, time 2.212e-03 s, comm_vol 8.192 MB
SIZE 49152, REAL_BD 4.634 GB/s, BD/PAIR 2.317 GB/s, time 2.121e-03 s, comm_vol 9.83 MB
SIZE 57344, REAL_BD 5.205 GB/s, BD/PAIR 2.602 GB/s, time 2.203e-03 s, comm_vol 11.469 MB
SIZE 65536, REAL_BD 5.83 GB/s, BD/PAIR 2.915 GB/s, time 2.248e-03 s, comm_vol 13.107 MB
SIZE 81920, REAL_BD 7.066 GB/s, BD/PAIR 3.533 GB/s, time 2.319e-03 s, comm_vol 16.384 MB
SIZE 98304, REAL_BD 8.701 GB/s, BD/PAIR 4.35 GB/s, time 2.260e-03 s, comm_vol 19.661 MB
SIZE 114688, REAL_BD 10.147 GB/s, BD/PAIR 5.074 GB/s, time 2.260e-03 s, comm_vol 22.938 MB
SIZE 131072, REAL_BD 11.568 GB/s, BD/PAIR 5.784 GB/s, time 2.266e-03 s, comm_vol 26.214 MB
SIZE 163840, REAL_BD 12.95 GB/s, BD/PAIR 6.475 GB/s, time 2.530e-03 s, comm_vol 32.768 MB
SIZE 196608, REAL_BD 15.655 GB/s, BD/PAIR 7.828 GB/s, time 2.512e-03 s, comm_vol 39.322 MB
SIZE 229376, REAL_BD 17.055 GB/s, BD/PAIR 8.528 GB/s, time 2.690e-03 s, comm_vol 45.875 MB
SIZE 262144, REAL_BD 20.848 GB/s, BD/PAIR 10.424 GB/s, time 2.515e-03 s, comm_vol 52.429 MB
SIZE 327680, REAL_BD 21.157 GB/s, BD/PAIR 10.579 GB/s, time 3.098e-03 s, comm_vol 65.536 MB
SIZE 393216, REAL_BD 25.481 GB/s, BD/PAIR 12.741 GB/s, time 3.086e-03 s, comm_vol 78.643 MB
SIZE 458752, REAL_BD 25.539 GB/s, BD/PAIR 12.77 GB/s, time 3.592e-03 s, comm_vol 91.75 MB
SIZE 524288, REAL_BD 29.221 GB/s, BD/PAIR 14.61 GB/s, time 3.588e-03 s, comm_vol 104.858 MB
SIZE 655360, REAL_BD 31.699 GB/s, BD/PAIR 15.85 GB/s, time 4.135e-03 s, comm_vol 131.072 MB
SIZE 786432, REAL_BD 33.381 GB/s, BD/PAIR 16.69 GB/s, time 4.712e-03 s, comm_vol 157.286 MB
SIZE 917504, REAL_BD 35.098 GB/s, BD/PAIR 17.549 GB/s, time 5.228e-03 s, comm_vol 183.501 MB
SIZE 1048576, REAL_BD 36.264 GB/s, BD/PAIR 18.132 GB/s, time 5.783e-03 s, comm_vol 209.715 MB
SIZE 1310720, REAL_BD 38.672 GB/s, BD/PAIR 19.336 GB/s, time 6.779e-03 s, comm_vol 262.144 MB
SIZE 1572864, REAL_BD 40.022 GB/s, BD/PAIR 20.011 GB/s, time 7.860e-03 s, comm_vol 314.573 MB
SIZE 1835008, REAL_BD 41.184 GB/s, BD/PAIR 20.592 GB/s, time 8.911e-03 s, comm_vol 367.002 MB
SIZE 2097152, REAL_BD 53.447 GB/s, BD/PAIR 26.724 GB/s, time 7.848e-03 s, comm_vol 419.43 MB
SIZE 2621440, REAL_BD 57.008 GB/s, BD/PAIR 28.504 GB/s, time 9.197e-03 s, comm_vol 524.288 MB
SIZE 3145728, REAL_BD 60.069 GB/s, BD/PAIR 30.034 GB/s, time 1.047e-02 s, comm_vol 629.146 MB
SIZE 3670016, REAL_BD 62.225 GB/s, BD/PAIR 31.112 GB/s, time 1.180e-02 s, comm_vol 734.003 MB
SIZE 4194304, REAL_BD 64.08 GB/s, BD/PAIR 32.04 GB/s, time 1.309e-02 s, comm_vol 838.861 MB
SIZE 5242880, REAL_BD 66.713 GB/s, BD/PAIR 33.356 GB/s, time 1.572e-02 s, comm_vol 1.049 GB
SIZE 6291456, REAL_BD 67.703 GB/s, BD/PAIR 33.852 GB/s, time 1.859e-02 s, comm_vol 1.258 GB
SIZE 7340032, REAL_BD 69.263 GB/s, BD/PAIR 34.631 GB/s, time 2.119e-02 s, comm_vol 1.468 GB
SIZE 8388608, REAL_BD 70.158 GB/s, BD/PAIR 35.079 GB/s, time 2.391e-02 s, comm_vol 1.678 GB
SIZE 10485760, REAL_BD 71.729 GB/s, BD/PAIR 35.865 GB/s, time 2.924e-02 s, comm_vol 2.097 GB
SIZE 12582912, REAL_BD 72.786 GB/s, BD/PAIR 36.393 GB/s, time 3.457e-02 s, comm_vol 2.517 GB
SIZE 14680064, REAL_BD 73.756 GB/s, BD/PAIR 36.878 GB/s, time 3.981e-02 s, comm_vol 2.936 GB
SIZE 16777216, REAL_BD 74.135 GB/s, BD/PAIR 37.068 GB/s, time 4.526e-02 s, comm_vol 3.355 GB
SIZE 20971520, REAL_BD 74.951 GB/s, BD/PAIR 37.475 GB/s, time 5.596e-02 s, comm_vol 4.194 GB
SIZE 25165824, REAL_BD 75.122 GB/s, BD/PAIR 37.561 GB/s, time 6.700e-02 s, comm_vol 5.033 GB
SIZE 29360128, REAL_BD 74.922 GB/s, BD/PAIR 37.461 GB/s, time 7.838e-02 s, comm_vol 5.872 GB
SIZE 33554432, REAL_BD 75.152 GB/s, BD/PAIR 37.576 GB/s, time 8.930e-02 s, comm_vol 6.711 GB
SIZE 41943040, REAL_BD 75.54 GB/s, BD/PAIR 37.77 GB/s, time 1.110e-01 s, comm_vol 8.389 GB
SIZE 50331648, REAL_BD 75.757 GB/s, BD/PAIR 37.878 GB/s, time 1.329e-01 s, comm_vol 10.066 GB
SIZE 58720256, REAL_BD 75.844 GB/s, BD/PAIR 37.922 GB/s, time 1.548e-01 s, comm_vol 11.744 GB
SIZE 67108864, REAL_BD 76.048 GB/s, BD/PAIR 38.024 GB/s, time 1.765e-01 s, comm_vol 13.422 GB
SIZE 83886080, REAL_BD 76.164 GB/s, BD/PAIR 38.082 GB/s, time 2.203e-01 s, comm_vol 16.777 GB
SIZE 100663296, REAL_BD 76.269 GB/s, BD/PAIR 38.135 GB/s, time 2.640e-01 s, comm_vol 20.133 GB
SIZE 117440512, REAL_BD 76.132 GB/s, BD/PAIR 38.066 GB/s, time 3.085e-01 s, comm_vol 23.488 GB
SIZE 134217728, REAL_BD 76.395 GB/s, BD/PAIR 38.198 GB/s, time 3.514e-01 s, comm_vol 26.844 GB
SIZE 167772160, REAL_BD 76.529 GB/s, BD/PAIR 38.265 GB/s, time 4.385e-01 s, comm_vol 33.554 GB
SIZE 201326592, REAL_BD 76.514 GB/s, BD/PAIR 38.257 GB/s, time 5.262e-01 s, comm_vol 40.265 GB
SIZE 234881024, REAL_BD 76.254 GB/s, BD/PAIR 38.127 GB/s, time 6.161e-01 s, comm_vol 46.976 GB
SIZE 268435456, REAL_BD 76.626 GB/s, BD/PAIR 38.313 GB/s, time 7.006e-01 s, comm_vol 53.687 GB
SIZE 335544320, REAL_BD 76.611 GB/s, BD/PAIR 38.306 GB/s, time 8.760e-01 s, comm_vol 67.109 GB
SIZE 402653184, REAL_BD 76.54 GB/s, BD/PAIR 38.27 GB/s, time 1.052e+00 s, comm_vol 80.531 GB
SIZE 469762048, REAL_BD 76.64 GB/s, BD/PAIR 38.32 GB/s, time 1.226e+00 s, comm_vol 93.952 GB
SIZE 536870912, REAL_BD 76.713 GB/s, BD/PAIR 38.356 GB/s, time 1.400e+00 s, comm_vol 107.374 GB
SIZE 671088640, REAL_BD 76.641 GB/s, BD/PAIR 38.32 GB/s, time 1.751e+00 s, comm_vol 134.218 GB
SIZE 805306368, REAL_BD 76.681 GB/s, BD/PAIR 38.341 GB/s, time 2.100e+00 s, comm_vol 161.061 GB
SIZE 939524096, REAL_BD 76.625 GB/s, BD/PAIR 38.313 GB/s, time 2.452e+00 s, comm_vol 187.905 GB
SIZE 1073741824, REAL_BD 76.779 GB/s, BD/PAIR 38.389 GB/s, time 2.797e+00 s, comm_vol 214.748 GB
[[0, 8], [8, 16], [16, 24]]
NCCL version 2.21.5+cuda12.6
SIZE 8192, REAL_BD 1.656 GB/s, BD/PAIR 552.141 MB/s, time 1.484e-03 s, comm_vol 2.458 MB
SIZE 16384, REAL_BD 3.089 GB/s, BD/PAIR 1.03 GB/s, time 1.591e-03 s, comm_vol 4.915 MB
SIZE 24576, REAL_BD 4.192 GB/s, BD/PAIR 1.397 GB/s, time 1.759e-03 s, comm_vol 7.373 MB
SIZE 32768, REAL_BD 5.472 GB/s, BD/PAIR 1.824 GB/s, time 1.796e-03 s, comm_vol 9.83 MB
SIZE 40960, REAL_BD 5.738 GB/s, BD/PAIR 1.913 GB/s, time 2.141e-03 s, comm_vol 12.288 MB
SIZE 49152, REAL_BD 6.83 GB/s, BD/PAIR 2.277 GB/s, time 2.159e-03 s, comm_vol 14.746 MB
SIZE 57344, REAL_BD 7.719 GB/s, BD/PAIR 2.573 GB/s, time 2.229e-03 s, comm_vol 17.203 MB
SIZE 65536, REAL_BD 8.579 GB/s, BD/PAIR 2.86 GB/s, time 2.292e-03 s, comm_vol 19.661 MB
SIZE 81920, REAL_BD 10.6 GB/s, BD/PAIR 3.533 GB/s, time 2.318e-03 s, comm_vol 24.576 MB
SIZE 98304, REAL_BD 12.951 GB/s, BD/PAIR 4.317 GB/s, time 2.277e-03 s, comm_vol 29.491 MB
SIZE 114688, REAL_BD 15.135 GB/s, BD/PAIR 5.045 GB/s, time 2.273e-03 s, comm_vol 34.406 MB
SIZE 131072, REAL_BD 17.234 GB/s, BD/PAIR 5.745 GB/s, time 2.282e-03 s, comm_vol 39.322 MB
SIZE 163840, REAL_BD 19.289 GB/s, BD/PAIR 6.43 GB/s, time 2.548e-03 s, comm_vol 49.152 MB
SIZE 196608, REAL_BD 23.194 GB/s, BD/PAIR 7.731 GB/s, time 2.543e-03 s, comm_vol 58.982 MB
SIZE 229376, REAL_BD 25.238 GB/s, BD/PAIR 8.413 GB/s, time 2.727e-03 s, comm_vol 68.813 MB
SIZE 262144, REAL_BD 30.856 GB/s, BD/PAIR 10.285 GB/s, time 2.549e-03 s, comm_vol 78.643 MB
SIZE 327680, REAL_BD 31.537 GB/s, BD/PAIR 10.512 GB/s, time 3.117e-03 s, comm_vol 98.304 MB
SIZE 393216, REAL_BD 37.972 GB/s, BD/PAIR 12.657 GB/s, time 3.107e-03 s, comm_vol 117.965 MB
SIZE 458752, REAL_BD 37.992 GB/s, BD/PAIR 12.664 GB/s, time 3.623e-03 s, comm_vol 137.626 MB
SIZE 524288, REAL_BD 43.496 GB/s, BD/PAIR 14.499 GB/s, time 3.616e-03 s, comm_vol 157.286 MB
SIZE 655360, REAL_BD 47.063 GB/s, BD/PAIR 15.688 GB/s, time 4.178e-03 s, comm_vol 196.608 MB
SIZE 786432, REAL_BD 49.95 GB/s, BD/PAIR 16.65 GB/s, time 4.723e-03 s, comm_vol 235.93 MB
SIZE 917504, REAL_BD 52.439 GB/s, BD/PAIR 17.48 GB/s, time 5.249e-03 s, comm_vol 275.251 MB
SIZE 1048576, REAL_BD 54.246 GB/s, BD/PAIR 18.082 GB/s, time 5.799e-03 s, comm_vol 314.573 MB
SIZE 1310720, REAL_BD 57.378 GB/s, BD/PAIR 19.126 GB/s, time 6.853e-03 s, comm_vol 393.216 MB
SIZE 1572864, REAL_BD 59.652 GB/s, BD/PAIR 19.884 GB/s, time 7.910e-03 s, comm_vol 471.859 MB
SIZE 1835008, REAL_BD 61.384 GB/s, BD/PAIR 20.461 GB/s, time 8.968e-03 s, comm_vol 550.502 MB
SIZE 2097152, REAL_BD 80.428 GB/s, BD/PAIR 26.809 GB/s, time 7.823e-03 s, comm_vol 629.146 MB
SIZE 2621440, REAL_BD 85.634 GB/s, BD/PAIR 28.545 GB/s, time 9.184e-03 s, comm_vol 786.432 MB
SIZE 3145728, REAL_BD 88.448 GB/s, BD/PAIR 29.483 GB/s, time 1.067e-02 s, comm_vol 943.718 MB
SIZE 3670016, REAL_BD 91.998 GB/s, BD/PAIR 30.666 GB/s, time 1.197e-02 s, comm_vol 1.101 GB
SIZE 4194304, REAL_BD 94.987 GB/s, BD/PAIR 31.662 GB/s, time 1.325e-02 s, comm_vol 1.258 GB
SIZE 5242880, REAL_BD 98.241 GB/s, BD/PAIR 32.747 GB/s, time 1.601e-02 s, comm_vol 1.573 GB
SIZE 6291456, REAL_BD 100.852 GB/s, BD/PAIR 33.617 GB/s, time 1.871e-02 s, comm_vol 1.887 GB
SIZE 7340032, REAL_BD 103.034 GB/s, BD/PAIR 34.345 GB/s, time 2.137e-02 s, comm_vol 2.202 GB
SIZE 8388608, REAL_BD 103.377 GB/s, BD/PAIR 34.459 GB/s, time 2.434e-02 s, comm_vol 2.517 GB
SIZE 10485760, REAL_BD 106.464 GB/s, BD/PAIR 35.488 GB/s, time 2.955e-02 s, comm_vol 3.146 GB
SIZE 12582912, REAL_BD 108.167 GB/s, BD/PAIR 36.056 GB/s, time 3.490e-02 s, comm_vol 3.775 GB
SIZE 14680064, REAL_BD 109.039 GB/s, BD/PAIR 36.346 GB/s, time 4.039e-02 s, comm_vol 4.404 GB
SIZE 16777216, REAL_BD 110.025 GB/s, BD/PAIR 36.675 GB/s, time 4.575e-02 s, comm_vol 5.033 GB
SIZE 20971520, REAL_BD 110.545 GB/s, BD/PAIR 36.848 GB/s, time 5.691e-02 s, comm_vol 6.291 GB
SIZE 25165824, REAL_BD 109.721 GB/s, BD/PAIR 36.574 GB/s, time 6.881e-02 s, comm_vol 7.55 GB
SIZE 29360128, REAL_BD 108.641 GB/s, BD/PAIR 36.214 GB/s, time 8.107e-02 s, comm_vol 8.808 GB
SIZE 33554432, REAL_BD 108.974 GB/s, BD/PAIR 36.325 GB/s, time 9.237e-02 s, comm_vol 10.066 GB
SIZE 41943040, REAL_BD 109.445 GB/s, BD/PAIR 36.482 GB/s, time 1.150e-01 s, comm_vol 12.583 GB
SIZE 50331648, REAL_BD 109.762 GB/s, BD/PAIR 36.587 GB/s, time 1.376e-01 s, comm_vol 15.099 GB
SIZE 58720256, REAL_BD 109.763 GB/s, BD/PAIR 36.588 GB/s, time 1.605e-01 s, comm_vol 17.616 GB
SIZE 67108864, REAL_BD 110.207 GB/s, BD/PAIR 36.736 GB/s, time 1.827e-01 s, comm_vol 20.133 GB
SIZE 83886080, REAL_BD 110.403 GB/s, BD/PAIR 36.801 GB/s, time 2.279e-01 s, comm_vol 25.166 GB
SIZE 100663296, REAL_BD 110.542 GB/s, BD/PAIR 36.847 GB/s, time 2.732e-01 s, comm_vol 30.199 GB
SIZE 117440512, REAL_BD 110.402 GB/s, BD/PAIR 36.801 GB/s, time 3.191e-01 s, comm_vol 35.232 GB
SIZE 134217728, REAL_BD 110.732 GB/s, BD/PAIR 36.911 GB/s, time 3.636e-01 s, comm_vol 40.265 GB
SIZE 167772160, REAL_BD 108.98 GB/s, BD/PAIR 36.327 GB/s, time 4.618e-01 s, comm_vol 50.332 GB
SIZE 201326592, REAL_BD 110.981 GB/s, BD/PAIR 36.994 GB/s, time 5.442e-01 s, comm_vol 60.398 GB
SIZE 234881024, REAL_BD 111.029 GB/s, BD/PAIR 37.01 GB/s, time 6.346e-01 s, comm_vol 70.464 GB
SIZE 268435456, REAL_BD 109.682 GB/s, BD/PAIR 36.561 GB/s, time 7.342e-01 s, comm_vol 80.531 GB
SIZE 335544320, REAL_BD 110.962 GB/s, BD/PAIR 36.987 GB/s, time 9.072e-01 s, comm_vol 100.663 GB
SIZE 402653184, REAL_BD 110.328 GB/s, BD/PAIR 36.776 GB/s, time 1.095e+00 s, comm_vol 120.796 GB
SIZE 469762048, REAL_BD 111.082 GB/s, BD/PAIR 37.027 GB/s, time 1.269e+00 s, comm_vol 140.929 GB
SIZE 536870912, REAL_BD 110.698 GB/s, BD/PAIR 36.899 GB/s, time 1.455e+00 s, comm_vol 161.061 GB
SIZE 671088640, REAL_BD 110.673 GB/s, BD/PAIR 36.891 GB/s, time 1.819e+00 s, comm_vol 201.327 GB
SIZE 805306368, REAL_BD 110.863 GB/s, BD/PAIR 36.954 GB/s, time 2.179e+00 s, comm_vol 241.592 GB
SIZE 939524096, REAL_BD 110.613 GB/s, BD/PAIR 36.871 GB/s, time 2.548e+00 s, comm_vol 281.857 GB
SIZE 1073741824, REAL_BD 111.009 GB/s, BD/PAIR 37.003 GB/s, time 2.902e+00 s, comm_vol 322.123 GB
[[0, 8], [8, 16], [16, 24], [24, 0]]
SIZE 8192, REAL_BD 1.593 GB/s, BD/PAIR 398.235 MB/s, time 2.057e-03 s, comm_vol 3.277 MB
SIZE 16384, REAL_BD 3.083 GB/s, BD/PAIR 770.657 MB/s, time 2.126e-03 s, comm_vol 6.554 MB
SIZE 24576, REAL_BD 4.353 GB/s, BD/PAIR 1.088 GB/s, time 2.258e-03 s, comm_vol 9.83 MB
SIZE 32768, REAL_BD 5.652 GB/s, BD/PAIR 1.413 GB/s, time 2.319e-03 s, comm_vol 13.107 MB
SIZE 40960, REAL_BD 6.221 GB/s, BD/PAIR 1.555 GB/s, time 2.634e-03 s, comm_vol 16.384 MB
SIZE 49152, REAL_BD 7.247 GB/s, BD/PAIR 1.812 GB/s, time 2.713e-03 s, comm_vol 19.661 MB
SIZE 57344, REAL_BD 8.356 GB/s, BD/PAIR 2.089 GB/s, time 2.745e-03 s, comm_vol 22.938 MB
SIZE 65536, REAL_BD 9.427 GB/s, BD/PAIR 2.357 GB/s, time 2.781e-03 s, comm_vol 26.214 MB
SIZE 81920, REAL_BD 11.703 GB/s, BD/PAIR 2.926 GB/s, time 2.800e-03 s, comm_vol 32.768 MB
SIZE 98304, REAL_BD 14.029 GB/s, BD/PAIR 3.507 GB/s, time 2.803e-03 s, comm_vol 39.322 MB
SIZE 114688, REAL_BD 16.33 GB/s, BD/PAIR 4.082 GB/s, time 2.809e-03 s, comm_vol 45.875 MB
SIZE 131072, REAL_BD 18.59 GB/s, BD/PAIR 4.648 GB/s, time 2.820e-03 s, comm_vol 52.429 MB
SIZE 163840, REAL_BD 21.688 GB/s, BD/PAIR 5.422 GB/s, time 3.022e-03 s, comm_vol 65.536 MB
SIZE 196608, REAL_BD 25.887 GB/s, BD/PAIR 6.472 GB/s, time 3.038e-03 s, comm_vol 78.643 MB
SIZE 229376, REAL_BD 28.265 GB/s, BD/PAIR 7.066 GB/s, time 3.246e-03 s, comm_vol 91.75 MB
SIZE 262144, REAL_BD 33.922 GB/s, BD/PAIR 8.481 GB/s, time 3.091e-03 s, comm_vol 104.858 MB
SIZE 327680, REAL_BD 36.665 GB/s, BD/PAIR 9.166 GB/s, time 3.575e-03 s, comm_vol 131.072 MB
SIZE 393216, REAL_BD 43.419 GB/s, BD/PAIR 10.855 GB/s, time 3.623e-03 s, comm_vol 157.286 MB
SIZE 458752, REAL_BD 45.612 GB/s, BD/PAIR 11.403 GB/s, time 4.023e-03 s, comm_vol 183.501 MB
SIZE 524288, REAL_BD 51.206 GB/s, BD/PAIR 12.801 GB/s, time 4.096e-03 s, comm_vol 209.715 MB
SIZE 655360, REAL_BD 57.407 GB/s, BD/PAIR 14.352 GB/s, time 4.566e-03 s, comm_vol 262.144 MB
SIZE 786432, REAL_BD 62.204 GB/s, BD/PAIR 15.551 GB/s, time 5.057e-03 s, comm_vol 314.573 MB
SIZE 917504, REAL_BD 66.533 GB/s, BD/PAIR 16.633 GB/s, time 5.516e-03 s, comm_vol 367.002 MB
SIZE 1048576, REAL_BD 69.802 GB/s, BD/PAIR 17.45 GB/s, time 6.009e-03 s, comm_vol 419.43 MB
SIZE 1310720, REAL_BD 74.809 GB/s, BD/PAIR 18.702 GB/s, time 7.008e-03 s, comm_vol 524.288 MB
SIZE 1572864, REAL_BD 78.574 GB/s, BD/PAIR 19.643 GB/s, time 8.007e-03 s, comm_vol 629.146 MB
SIZE 1835008, REAL_BD 81.396 GB/s, BD/PAIR 20.349 GB/s, time 9.018e-03 s, comm_vol 734.003 MB
SIZE 2097152, REAL_BD 110.116 GB/s, BD/PAIR 27.529 GB/s, time 7.618e-03 s, comm_vol 838.861 MB
SIZE 2621440, REAL_BD 115.839 GB/s, BD/PAIR 28.96 GB/s, time 9.052e-03 s, comm_vol 1.049 GB
SIZE 3145728, REAL_BD 119.732 GB/s, BD/PAIR 29.933 GB/s, time 1.051e-02 s, comm_vol 1.258 GB
SIZE 3670016, REAL_BD 123.101 GB/s, BD/PAIR 30.775 GB/s, time 1.193e-02 s, comm_vol 1.468 GB
SIZE 4194304, REAL_BD 126.098 GB/s, BD/PAIR 31.524 GB/s, time 1.330e-02 s, comm_vol 1.678 GB
SIZE 5242880, REAL_BD 130.756 GB/s, BD/PAIR 32.689 GB/s, time 1.604e-02 s, comm_vol 2.097 GB
SIZE 6291456, REAL_BD 133.896 GB/s, BD/PAIR 33.474 GB/s, time 1.880e-02 s, comm_vol 2.517 GB
SIZE 7340032, REAL_BD 136.996 GB/s, BD/PAIR 34.249 GB/s, time 2.143e-02 s, comm_vol 2.936 GB
SIZE 8388608, REAL_BD 138.857 GB/s, BD/PAIR 34.714 GB/s, time 2.416e-02 s, comm_vol 3.355 GB
SIZE 10485760, REAL_BD 142.045 GB/s, BD/PAIR 35.511 GB/s, time 2.953e-02 s, comm_vol 4.194 GB
SIZE 12582912, REAL_BD 144.101 GB/s, BD/PAIR 36.025 GB/s, time 3.493e-02 s, comm_vol 5.033 GB
SIZE 14680064, REAL_BD 145.702 GB/s, BD/PAIR 36.426 GB/s, time 4.030e-02 s, comm_vol 5.872 GB
SIZE 16777216, REAL_BD 146.312 GB/s, BD/PAIR 36.578 GB/s, time 4.587e-02 s, comm_vol 6.711 GB
SIZE 20971520, REAL_BD 146.877 GB/s, BD/PAIR 36.719 GB/s, time 5.711e-02 s, comm_vol 8.389 GB
SIZE 25165824, REAL_BD 145.39 GB/s, BD/PAIR 36.347 GB/s, time 6.924e-02 s, comm_vol 10.066 GB
SIZE 29360128, REAL_BD 143.834 GB/s, BD/PAIR 35.958 GB/s, time 8.165e-02 s, comm_vol 11.744 GB
SIZE 33554432, REAL_BD 144.298 GB/s, BD/PAIR 36.074 GB/s, time 9.301e-02 s, comm_vol 13.422 GB
SIZE 41943040, REAL_BD 144.618 GB/s, BD/PAIR 36.155 GB/s, time 1.160e-01 s, comm_vol 16.777 GB
SIZE 50331648, REAL_BD 145.039 GB/s, BD/PAIR 36.26 GB/s, time 1.388e-01 s, comm_vol 20.133 GB
SIZE 58720256, REAL_BD 145.364 GB/s, BD/PAIR 36.341 GB/s, time 1.616e-01 s, comm_vol 23.488 GB
SIZE 67108864, REAL_BD 145.444 GB/s, BD/PAIR 36.361 GB/s, time 1.846e-01 s, comm_vol 26.844 GB
SIZE 83886080, REAL_BD 145.759 GB/s, BD/PAIR 36.44 GB/s, time 2.302e-01 s, comm_vol 33.554 GB
SIZE 100663296, REAL_BD 145.864 GB/s, BD/PAIR 36.466 GB/s, time 2.760e-01 s, comm_vol 40.265 GB
SIZE 117440512, REAL_BD 145.758 GB/s, BD/PAIR 36.44 GB/s, time 3.223e-01 s, comm_vol 46.976 GB
SIZE 134217728, REAL_BD 146.236 GB/s, BD/PAIR 36.559 GB/s, time 3.671e-01 s, comm_vol 53.687 GB
SIZE 167772160, REAL_BD 146.015 GB/s, BD/PAIR 36.504 GB/s, time 4.596e-01 s, comm_vol 67.109 GB
SIZE 201326592, REAL_BD 146.437 GB/s, BD/PAIR 36.609 GB/s, time 5.499e-01 s, comm_vol 80.531 GB
SIZE 234881024, REAL_BD 146.24 GB/s, BD/PAIR 36.56 GB/s, time 6.425e-01 s, comm_vol 93.952 GB
SIZE 268435456, REAL_BD 146.475 GB/s, BD/PAIR 36.619 GB/s, time 7.331e-01 s, comm_vol 107.374 GB
SIZE 335544320, REAL_BD 146.597 GB/s, BD/PAIR 36.649 GB/s, time 9.156e-01 s, comm_vol 134.218 GB
SIZE 402653184, REAL_BD 146.715 GB/s, BD/PAIR 36.679 GB/s, time 1.098e+00 s, comm_vol 161.061 GB
SIZE 469762048, REAL_BD 146.637 GB/s, BD/PAIR 36.659 GB/s, time 1.281e+00 s, comm_vol 187.905 GB
SIZE 536870912, REAL_BD 146.702 GB/s, BD/PAIR 36.676 GB/s, time 1.464e+00 s, comm_vol 214.748 GB
SIZE 671088640, REAL_BD 146.803 GB/s, BD/PAIR 36.701 GB/s, time 1.829e+00 s, comm_vol 268.435 GB
SIZE 805306368, REAL_BD 146.809 GB/s, BD/PAIR 36.702 GB/s, time 2.194e+00 s, comm_vol 322.123 GB
SIZE 939524096, REAL_BD 146.805 GB/s, BD/PAIR 36.701 GB/s, time 2.560e+00 s, comm_vol 375.81 GB
SIZE 1073741824, REAL_BD 146.88 GB/s, BD/PAIR 36.72 GB/s, time 2.924e+00 s, comm_vol 429.497 GB
[[0, 8], [8, 16], [16, 24], [24, 0], [2, 10], [10, 18], [18, 26], [26, 2]]
NCCL version 2.21.5+cuda12.6
NCCL version 2.21.5+cuda12.6
NCCL version 2.21.5+cuda12.6
SIZE 8192, REAL_BD 2.999 GB/s, BD/PAIR 374.902 MB/s, time 2.185e-03 s, comm_vol 6.554 MB
SIZE 16384, REAL_BD 6.134 GB/s, BD/PAIR 766.702 MB/s, time 2.137e-03 s, comm_vol 13.107 MB
SIZE 24576, REAL_BD 8.718 GB/s, BD/PAIR 1.09 GB/s, time 2.255e-03 s, comm_vol 19.661 MB
SIZE 32768, REAL_BD 11.24 GB/s, BD/PAIR 1.405 GB/s, time 2.332e-03 s, comm_vol 26.214 MB
SIZE 40960, REAL_BD 12.377 GB/s, BD/PAIR 1.547 GB/s, time 2.647e-03 s, comm_vol 32.768 MB
SIZE 49152, REAL_BD 14.516 GB/s, BD/PAIR 1.814 GB/s, time 2.709e-03 s, comm_vol 39.322 MB
SIZE 57344, REAL_BD 16.736 GB/s, BD/PAIR 2.092 GB/s, time 2.741e-03 s, comm_vol 45.875 MB
SIZE 65536, REAL_BD 18.923 GB/s, BD/PAIR 2.365 GB/s, time 2.771e-03 s, comm_vol 52.429 MB
SIZE 81920, REAL_BD 23.422 GB/s, BD/PAIR 2.928 GB/s, time 2.798e-03 s, comm_vol 65.536 MB
SIZE 98304, REAL_BD 28.03 GB/s, BD/PAIR 3.504 GB/s, time 2.806e-03 s, comm_vol 78.643 MB
SIZE 114688, REAL_BD 32.195 GB/s, BD/PAIR 4.024 GB/s, time 2.850e-03 s, comm_vol 91.75 MB
SIZE 131072, REAL_BD 36.977 GB/s, BD/PAIR 4.622 GB/s, time 2.836e-03 s, comm_vol 104.858 MB
SIZE 163840, REAL_BD 43.421 GB/s, BD/PAIR 5.428 GB/s, time 3.019e-03 s, comm_vol 131.072 MB
SIZE 196608, REAL_BD 51.819 GB/s, BD/PAIR 6.477 GB/s, time 3.035e-03 s, comm_vol 157.286 MB
SIZE 229376, REAL_BD 56.734 GB/s, BD/PAIR 7.092 GB/s, time 3.234e-03 s, comm_vol 183.501 MB
SIZE 262144, REAL_BD 67.279 GB/s, BD/PAIR 8.41 GB/s, time 3.117e-03 s, comm_vol 209.715 MB
SIZE 327680, REAL_BD 73.13 GB/s, BD/PAIR 9.141 GB/s, time 3.585e-03 s, comm_vol 262.144 MB
SIZE 393216, REAL_BD 86.633 GB/s, BD/PAIR 10.829 GB/s, time 3.631e-03 s, comm_vol 314.573 MB
SIZE 458752, REAL_BD 90.799 GB/s, BD/PAIR 11.35 GB/s, time 4.042e-03 s, comm_vol 367.002 MB
SIZE 524288, REAL_BD 102.548 GB/s, BD/PAIR 12.819 GB/s, time 4.090e-03 s, comm_vol 419.43 MB
SIZE 655360, REAL_BD 114.916 GB/s, BD/PAIR 14.364 GB/s, time 4.562e-03 s, comm_vol 524.288 MB
SIZE 786432, REAL_BD 124.862 GB/s, BD/PAIR 15.608 GB/s, time 5.039e-03 s, comm_vol 629.146 MB
SIZE 917504, REAL_BD 125.239 GB/s, BD/PAIR 15.655 GB/s, time 5.861e-03 s, comm_vol 734.003 MB
SIZE 1048576, REAL_BD 139.615 GB/s, BD/PAIR 17.452 GB/s, time 6.008e-03 s, comm_vol 838.861 MB
SIZE 1310720, REAL_BD 149.558 GB/s, BD/PAIR 18.695 GB/s, time 7.011e-03 s, comm_vol 1.049 GB
SIZE 1572864, REAL_BD 157.096 GB/s, BD/PAIR 19.637 GB/s, time 8.010e-03 s, comm_vol 1.258 GB
SIZE 1835008, REAL_BD 163.05 GB/s, BD/PAIR 20.381 GB/s, time 9.003e-03 s, comm_vol 1.468 GB
SIZE 2097152, REAL_BD 220.26 GB/s, BD/PAIR 27.533 GB/s, time 7.617e-03 s, comm_vol 1.678 GB
SIZE 2621440, REAL_BD 228.696 GB/s, BD/PAIR 28.587 GB/s, time 9.170e-03 s, comm_vol 2.097 GB
SIZE 3145728, REAL_BD 235.064 GB/s, BD/PAIR 29.383 GB/s, time 1.071e-02 s, comm_vol 2.517 GB
SIZE 3670016, REAL_BD 248.092 GB/s, BD/PAIR 31.011 GB/s, time 1.183e-02 s, comm_vol 2.936 GB
SIZE 4194304, REAL_BD 251.524 GB/s, BD/PAIR 31.44 GB/s, time 1.334e-02 s, comm_vol 3.355 GB
SIZE 5242880, REAL_BD 255.589 GB/s, BD/PAIR 31.949 GB/s, time 1.641e-02 s, comm_vol 4.194 GB
SIZE 6291456, REAL_BD 268.392 GB/s, BD/PAIR 33.549 GB/s, time 1.875e-02 s, comm_vol 5.033 GB
SIZE 7340032, REAL_BD 273.763 GB/s, BD/PAIR 34.22 GB/s, time 2.145e-02 s, comm_vol 5.872 GB
SIZE 8388608, REAL_BD 274.286 GB/s, BD/PAIR 34.286 GB/s, time 2.447e-02 s, comm_vol 6.711 GB
SIZE 10485760, REAL_BD 283.942 GB/s, BD/PAIR 35.493 GB/s, time 2.954e-02 s, comm_vol 8.389 GB
SIZE 12582912, REAL_BD 288.257 GB/s, BD/PAIR 36.032 GB/s, time 3.492e-02 s, comm_vol 10.066 GB
SIZE 14680064, REAL_BD 290.957 GB/s, BD/PAIR 36.37 GB/s, time 4.036e-02 s, comm_vol 11.744 GB
SIZE 16777216, REAL_BD 292.312 GB/s, BD/PAIR 36.539 GB/s, time 4.592e-02 s, comm_vol 13.422 GB
SIZE 20971520, REAL_BD 293.027 GB/s, BD/PAIR 36.628 GB/s, time 5.725e-02 s, comm_vol 16.777 GB
SIZE 25165824, REAL_BD 288.49 GB/s, BD/PAIR 36.061 GB/s, time 6.979e-02 s, comm_vol 20.133 GB
SIZE 29360128, REAL_BD 286.935 GB/s, BD/PAIR 35.867 GB/s, time 8.186e-02 s, comm_vol 23.488 GB
SIZE 33554432, REAL_BD 287.478 GB/s, BD/PAIR 35.935 GB/s, time 9.338e-02 s, comm_vol 26.844 GB
SIZE 41943040, REAL_BD 288.534 GB/s, BD/PAIR 36.067 GB/s, time 1.163e-01 s, comm_vol 33.554 GB
SIZE 50331648, REAL_BD 289.529 GB/s, BD/PAIR 36.191 GB/s, time 1.391e-01 s, comm_vol 40.265 GB
SIZE 58720256, REAL_BD 287.368 GB/s, BD/PAIR 35.921 GB/s, time 1.635e-01 s, comm_vol 46.976 GB
SIZE 67108864, REAL_BD 290.39 GB/s, BD/PAIR 36.299 GB/s, time 1.849e-01 s, comm_vol 53.687 GB
SIZE 83886080, REAL_BD 291.069 GB/s, BD/PAIR 36.384 GB/s, time 2.306e-01 s, comm_vol 67.109 GB
SIZE 100663296, REAL_BD 291.519 GB/s, BD/PAIR 36.44 GB/s, time 2.762e-01 s, comm_vol 80.531 GB
SIZE 117440512, REAL_BD 289.591 GB/s, BD/PAIR 36.199 GB/s, time 3.244e-01 s, comm_vol 93.952 GB
SIZE 134217728, REAL_BD 292.006 GB/s, BD/PAIR 36.501 GB/s, time 3.677e-01 s, comm_vol 107.374 GB
SIZE 167772160, REAL_BD 290.248 GB/s, BD/PAIR 36.281 GB/s, time 4.624e-01 s, comm_vol 134.218 GB
SIZE 201326592, REAL_BD 292.767 GB/s, BD/PAIR 36.596 GB/s, time 5.501e-01 s, comm_vol 161.061 GB
SIZE 234881024, REAL_BD 292.629 GB/s, BD/PAIR 36.579 GB/s, time 6.421e-01 s, comm_vol 187.905 GB
SIZE 268435456, REAL_BD 292.923 GB/s, BD/PAIR 36.615 GB/s, time 7.331e-01 s, comm_vol 214.748 GB
SIZE 335544320, REAL_BD 292.945 GB/s, BD/PAIR 36.618 GB/s, time 9.163e-01 s, comm_vol 268.435 GB
SIZE 402653184, REAL_BD 293.205 GB/s, BD/PAIR 36.651 GB/s, time 1.099e+00 s, comm_vol 322.123 GB
SIZE 469762048, REAL_BD 293.229 GB/s, BD/PAIR 36.654 GB/s, time 1.282e+00 s, comm_vol 375.81 GB
SIZE 536870912, REAL_BD 293.202 GB/s, BD/PAIR 36.65 GB/s, time 1.465e+00 s, comm_vol 429.497 GB
SIZE 671088640, REAL_BD 293.519 GB/s, BD/PAIR 36.69 GB/s, time 1.829e+00 s, comm_vol 536.871 GB
SIZE 805306368, REAL_BD 293.43 GB/s, BD/PAIR 36.679 GB/s, time 2.196e+00 s, comm_vol 644.245 GB
SIZE 939524096, REAL_BD 293.573 GB/s, BD/PAIR 36.697 GB/s, time 2.560e+00 s, comm_vol 751.619 GB
SIZE 1073741824, REAL_BD 293.578 GB/s, BD/PAIR 36.697 GB/s, time 2.926e+00 s, comm_vol 858.993 GB
[[0, 8], [8, 16], [16, 24], [24, 0], [4, 12], [12, 20], [20, 28], [28, 4]]
NCCL version 2.21.5+cuda12.6
NCCL version 2.21.5+cuda12.6
NCCL version 2.21.5+cuda12.6
SIZE 8192, REAL_BD 2.642 GB/s, BD/PAIR 330.223 MB/s, time 2.481e-03 s, comm_vol 6.554 MB
SIZE 16384, REAL_BD 5.884 GB/s, BD/PAIR 735.44 MB/s, time 2.228e-03 s, comm_vol 13.107 MB
SIZE 24576, REAL_BD 8.404 GB/s, BD/PAIR 1.051 GB/s, time 2.339e-03 s, comm_vol 19.661 MB
SIZE 32768, REAL_BD 10.883 GB/s, BD/PAIR 1.36 GB/s, time 2.409e-03 s, comm_vol 26.214 MB
SIZE 40960, REAL_BD 11.87 GB/s, BD/PAIR 1.484 GB/s, time 2.761e-03 s, comm_vol 32.768 MB
SIZE 49152, REAL_BD 14.046 GB/s, BD/PAIR 1.756 GB/s, time 2.800e-03 s, comm_vol 39.322 MB
SIZE 57344, REAL_BD 16.176 GB/s, BD/PAIR 2.022 GB/s, time 2.836e-03 s, comm_vol 45.875 MB
SIZE 65536, REAL_BD 18.089 GB/s, BD/PAIR 2.261 GB/s, time 2.898e-03 s, comm_vol 52.429 MB
SIZE 81920, REAL_BD 22.657 GB/s, BD/PAIR 2.832 GB/s, time 2.892e-03 s, comm_vol 65.536 MB
SIZE 98304, REAL_BD 26.989 GB/s, BD/PAIR 3.374 GB/s, time 2.914e-03 s, comm_vol 78.643 MB
SIZE 114688, REAL_BD 31.404 GB/s, BD/PAIR 3.926 GB/s, time 2.922e-03 s, comm_vol 91.75 MB
SIZE 131072, REAL_BD 35.681 GB/s, BD/PAIR 4.46 GB/s, time 2.939e-03 s, comm_vol 104.858 MB
SIZE 163840, REAL_BD 41.569 GB/s, BD/PAIR 5.196 GB/s, time 3.153e-03 s, comm_vol 131.072 MB
SIZE 196608, REAL_BD 50.263 GB/s, BD/PAIR 6.283 GB/s, time 3.129e-03 s, comm_vol 157.286 MB
SIZE 229376, REAL_BD 54.995 GB/s, BD/PAIR 6.874 GB/s, time 3.337e-03 s, comm_vol 183.501 MB
SIZE 262144, REAL_BD 65.065 GB/s, BD/PAIR 8.133 GB/s, time 3.223e-03 s, comm_vol 209.715 MB
SIZE 327680, REAL_BD 71.0 GB/s, BD/PAIR 8.875 GB/s, time 3.692e-03 s, comm_vol 262.144 MB
SIZE 393216, REAL_BD 84.05 GB/s, BD/PAIR 10.506 GB/s, time 3.743e-03 s, comm_vol 314.573 MB
SIZE 458752, REAL_BD 88.183 GB/s, BD/PAIR 11.023 GB/s, time 4.162e-03 s, comm_vol 367.002 MB
SIZE 524288, REAL_BD 99.933 GB/s, BD/PAIR 12.492 GB/s, time 4.197e-03 s, comm_vol 419.43 MB
SIZE 655360, REAL_BD 112.338 GB/s, BD/PAIR 14.042 GB/s, time 4.667e-03 s, comm_vol 524.288 MB
SIZE 786432, REAL_BD 121.869 GB/s, BD/PAIR 15.234 GB/s, time 5.162e-03 s, comm_vol 629.146 MB
SIZE 917504, REAL_BD 129.747 GB/s, BD/PAIR 16.218 GB/s, time 5.657e-03 s, comm_vol 734.003 MB
SIZE 1048576, REAL_BD 136.846 GB/s, BD/PAIR 17.106 GB/s, time 6.130e-03 s, comm_vol 838.861 MB
SIZE 1310720, REAL_BD 146.743 GB/s, BD/PAIR 18.343 GB/s, time 7.146e-03 s, comm_vol 1.049 GB
SIZE 1572864, REAL_BD 153.697 GB/s, BD/PAIR 19.212 GB/s, time 8.187e-03 s, comm_vol 1.258 GB
SIZE 1835008, REAL_BD 159.407 GB/s, BD/PAIR 19.926 GB/s, time 9.209e-03 s, comm_vol 1.468 GB
SIZE 2097152, REAL_BD 216.9 GB/s, BD/PAIR 27.112 GB/s, time 7.735e-03 s, comm_vol 1.678 GB
SIZE 2621440, REAL_BD 228.452 GB/s, BD/PAIR 28.557 GB/s, time 9.180e-03 s, comm_vol 2.097 GB
SIZE 3145728, REAL_BD 233.225 GB/s, BD/PAIR 29.153 GB/s, time 1.079e-02 s, comm_vol 2.517 GB
SIZE 3670016, REAL_BD 243.341 GB/s, BD/PAIR 30.418 GB/s, time 1.207e-02 s, comm_vol 2.936 GB
SIZE 4194304, REAL_BD 250.793 GB/s, BD/PAIR 31.349 GB/s, time 1.338e-02 s, comm_vol 3.355 GB
SIZE 5242880, REAL_BD 258.888 GB/s, BD/PAIR 32.361 GB/s, time 1.620e-02 s, comm_vol 4.194 GB
SIZE 6291456, REAL_BD 265.981 GB/s, BD/PAIR 33.248 GB/s, time 1.892e-02 s, comm_vol 5.033 GB
SIZE 7340032, REAL_BD 270.035 GB/s, BD/PAIR 33.754 GB/s, time 2.175e-02 s, comm_vol 5.872 GB
SIZE 8388608, REAL_BD 274.155 GB/s, BD/PAIR 34.269 GB/s, time 2.448e-02 s, comm_vol 6.711 GB
SIZE 10485760, REAL_BD 279.774 GB/s, BD/PAIR 34.972 GB/s, time 2.998e-02 s, comm_vol 8.389 GB
SIZE 12582912, REAL_BD 283.693 GB/s, BD/PAIR 35.462 GB/s, time 3.548e-02 s, comm_vol 10.066 GB
SIZE 14680064, REAL_BD 285.786 GB/s, BD/PAIR 35.723 GB/s, time 4.109e-02 s, comm_vol 11.744 GB
SIZE 16777216, REAL_BD 286.111 GB/s, BD/PAIR 35.764 GB/s, time 4.691e-02 s, comm_vol 13.422 GB
SIZE 20971520, REAL_BD 276.19 GB/s, BD/PAIR 34.524 GB/s, time 6.075e-02 s, comm_vol 16.777 GB
SIZE 25165824, REAL_BD 277.854 GB/s, BD/PAIR 34.732 GB/s, time 7.246e-02 s, comm_vol 20.133 GB
SIZE 29360128, REAL_BD 278.697 GB/s, BD/PAIR 34.837 GB/s, time 8.428e-02 s, comm_vol 23.488 GB
SIZE 33554432, REAL_BD 279.566 GB/s, BD/PAIR 34.946 GB/s, time 9.602e-02 s, comm_vol 26.844 GB
SIZE 41943040, REAL_BD 281.021 GB/s, BD/PAIR 35.128 GB/s, time 1.194e-01 s, comm_vol 33.554 GB
SIZE 50331648, REAL_BD 281.348 GB/s, BD/PAIR 35.169 GB/s, time 1.431e-01 s, comm_vol 40.265 GB
SIZE 58720256, REAL_BD 282.448 GB/s, BD/PAIR 35.306 GB/s, time 1.663e-01 s, comm_vol 46.976 GB
SIZE 67108864, REAL_BD 282.89 GB/s, BD/PAIR 35.361 GB/s, time 1.898e-01 s, comm_vol 53.687 GB
SIZE 83886080, REAL_BD 285.65 GB/s, BD/PAIR 35.706 GB/s, time 2.349e-01 s, comm_vol 67.109 GB
SIZE 100663296, REAL_BD 278.51 GB/s, BD/PAIR 34.814 GB/s, time 2.891e-01 s, comm_vol 80.531 GB
SIZE 117440512, REAL_BD 285.673 GB/s, BD/PAIR 35.709 GB/s, time 3.289e-01 s, comm_vol 93.952 GB
SIZE 134217728, REAL_BD 286.742 GB/s, BD/PAIR 35.843 GB/s, time 3.745e-01 s, comm_vol 107.374 GB
SIZE 167772160, REAL_BD 285.918 GB/s, BD/PAIR 35.74 GB/s, time 4.694e-01 s, comm_vol 134.218 GB
SIZE 201326592, REAL_BD 287.352 GB/s, BD/PAIR 35.919 GB/s, time 5.605e-01 s, comm_vol 161.061 GB
SIZE 234881024, REAL_BD 287.563 GB/s, BD/PAIR 35.945 GB/s, time 6.534e-01 s, comm_vol 187.905 GB
SIZE 268435456, REAL_BD 287.643 GB/s, BD/PAIR 35.955 GB/s, time 7.466e-01 s, comm_vol 214.748 GB
SIZE 335544320, REAL_BD 287.766 GB/s, BD/PAIR 35.971 GB/s, time 9.328e-01 s, comm_vol 268.435 GB
SIZE 402653184, REAL_BD 288.021 GB/s, BD/PAIR 36.003 GB/s, time 1.118e+00 s, comm_vol 322.123 GB
SIZE 469762048, REAL_BD 287.848 GB/s, BD/PAIR 35.981 GB/s, time 1.306e+00 s, comm_vol 375.81 GB
SIZE 536870912, REAL_BD 287.347 GB/s, BD/PAIR 35.918 GB/s, time 1.495e+00 s, comm_vol 429.497 GB
SIZE 671088640, REAL_BD 288.232 GB/s, BD/PAIR 36.029 GB/s, time 1.863e+00 s, comm_vol 536.871 GB
SIZE 805306368, REAL_BD 288.192 GB/s, BD/PAIR 36.024 GB/s, time 2.235e+00 s, comm_vol 644.245 GB
SIZE 939524096, REAL_BD 288.357 GB/s, BD/PAIR 36.045 GB/s, time 2.607e+00 s, comm_vol 751.619 GB
SIZE 1073741824, REAL_BD 288.313 GB/s, BD/PAIR 36.039 GB/s, time 2.979e+00 s, comm_vol 858.993 GB
[[0, 8], [8, 16], [16, 24], [24, 0], [2, 10], [10, 18], [18, 26], [26, 2], [4, 12], [12, 20], [20, 28], [28, 4], [6, 14], [14, 22], [22, 30], [30, 6]]
NCCL version 2.21.5+cuda12.6
NCCL version 2.21.5+cuda12.6
NCCL version 2.21.5+cuda12.6
SIZE 8192, REAL_BD 5.827 GB/s, BD/PAIR 364.173 MB/s, time 2.249e-03 s, comm_vol 13.107 MB
SIZE 16384, REAL_BD 11.584 GB/s, BD/PAIR 723.973 MB/s, time 2.263e-03 s, comm_vol 26.214 MB
SIZE 24576, REAL_BD 16.609 GB/s, BD/PAIR 1.038 GB/s, time 2.367e-03 s, comm_vol 39.322 MB
SIZE 32768, REAL_BD 21.443 GB/s, BD/PAIR 1.34 GB/s, time 2.445e-03 s, comm_vol 52.429 MB
SIZE 40960, REAL_BD 23.562 GB/s, BD/PAIR 1.473 GB/s, time 2.781e-03 s, comm_vol 65.536 MB
SIZE 49152, REAL_BD 27.589 GB/s, BD/PAIR 1.724 GB/s, time 2.851e-03 s, comm_vol 78.643 MB
SIZE 57344, REAL_BD 31.697 GB/s, BD/PAIR 1.981 GB/s, time 2.895e-03 s, comm_vol 91.75 MB
SIZE 65536, REAL_BD 36.061 GB/s, BD/PAIR 2.254 GB/s, time 2.908e-03 s, comm_vol 104.858 MB
SIZE 81920, REAL_BD 44.594 GB/s, BD/PAIR 2.787 GB/s, time 2.939e-03 s, comm_vol 131.072 MB
SIZE 98304, REAL_BD 53.361 GB/s, BD/PAIR 3.335 GB/s, time 2.948e-03 s, comm_vol 157.286 MB
SIZE 114688, REAL_BD 62.049 GB/s, BD/PAIR 3.878 GB/s, time 2.957e-03 s, comm_vol 183.501 MB
SIZE 131072, REAL_BD 70.544 GB/s, BD/PAIR 4.409 GB/s, time 2.973e-03 s, comm_vol 209.715 MB
SIZE 163840, REAL_BD 82.863 GB/s, BD/PAIR 5.179 GB/s, time 3.164e-03 s, comm_vol 262.144 MB
SIZE 196608, REAL_BD 99.241 GB/s, BD/PAIR 6.203 GB/s, time 3.170e-03 s, comm_vol 314.573 MB
SIZE 229376, REAL_BD 109.474 GB/s, BD/PAIR 6.842 GB/s, time 3.352e-03 s, comm_vol 367.002 MB
SIZE 262144, REAL_BD 129.765 GB/s, BD/PAIR 8.11 GB/s, time 3.232e-03 s, comm_vol 419.43 MB
SIZE 327680, REAL_BD 140.792 GB/s, BD/PAIR 8.799 GB/s, time 3.724e-03 s, comm_vol 524.288 MB
SIZE 393216, REAL_BD 167.237 GB/s, BD/PAIR 10.452 GB/s, time 3.762e-03 s, comm_vol 629.146 MB
SIZE 458752, REAL_BD 174.456 GB/s, BD/PAIR 10.904 GB/s, time 4.207e-03 s, comm_vol 734.003 MB
SIZE 524288, REAL_BD 197.709 GB/s, BD/PAIR 12.357 GB/s, time 4.243e-03 s, comm_vol 838.861 MB
SIZE 655360, REAL_BD 222.213 GB/s, BD/PAIR 13.888 GB/s, time 4.719e-03 s, comm_vol 1.049 GB
SIZE 786432, REAL_BD 241.728 GB/s, BD/PAIR 15.108 GB/s, time 5.205e-03 s, comm_vol 1.258 GB
SIZE 917504, REAL_BD 257.95 GB/s, BD/PAIR 16.122 GB/s, time 5.691e-03 s, comm_vol 1.468 GB
SIZE 1048576, REAL_BD 271.442 GB/s, BD/PAIR 16.965 GB/s, time 6.181e-03 s, comm_vol 1.678 GB
SIZE 1310720, REAL_BD 290.809 GB/s, BD/PAIR 18.176 GB/s, time 7.211e-03 s, comm_vol 2.097 GB
SIZE 1572864, REAL_BD 304.829 GB/s, BD/PAIR 19.052 GB/s, time 8.256e-03 s, comm_vol 2.517 GB
SIZE 1835008, REAL_BD 316.618 GB/s, BD/PAIR 19.789 GB/s, time 9.273e-03 s, comm_vol 2.936 GB
SIZE 2097152, REAL_BD 432.068 GB/s, BD/PAIR 27.004 GB/s, time 7.766e-03 s, comm_vol 3.355 GB
SIZE 2621440, REAL_BD 450.573 GB/s, BD/PAIR 28.161 GB/s, time 9.309e-03 s, comm_vol 4.194 GB
SIZE 3145728, REAL_BD 467.867 GB/s, BD/PAIR 29.242 GB/s, time 1.076e-02 s, comm_vol 5.033 GB
SIZE 3670016, REAL_BD 485.177 GB/s, BD/PAIR 30.324 GB/s, time 1.210e-02 s, comm_vol 5.872 GB
SIZE 4194304, REAL_BD 499.06 GB/s, BD/PAIR 31.191 GB/s, time 1.345e-02 s, comm_vol 6.711 GB
SIZE 5242880, REAL_BD 518.263 GB/s, BD/PAIR 32.391 GB/s, time 1.619e-02 s, comm_vol 8.389 GB
SIZE 6291456, REAL_BD 532.263 GB/s, BD/PAIR 33.266 GB/s, time 1.891e-02 s, comm_vol 10.066 GB
SIZE 7340032, REAL_BD 541.756 GB/s, BD/PAIR 33.86 GB/s, time 2.168e-02 s, comm_vol 11.744 GB
SIZE 8388608, REAL_BD 548.706 GB/s, BD/PAIR 34.294 GB/s, time 2.446e-02 s, comm_vol 13.422 GB
SIZE 10485760, REAL_BD 559.753 GB/s, BD/PAIR 34.985 GB/s, time 2.997e-02 s, comm_vol 16.777 GB
SIZE 12582912, REAL_BD 560.134 GB/s, BD/PAIR 35.008 GB/s, time 3.594e-02 s, comm_vol 20.133 GB
SIZE 14680064, REAL_BD 564.078 GB/s, BD/PAIR 35.255 GB/s, time 4.164e-02 s, comm_vol 23.488 GB
SIZE 16777216, REAL_BD 557.059 GB/s, BD/PAIR 34.816 GB/s, time 4.819e-02 s, comm_vol 26.844 GB
SIZE 20971520, REAL_BD 553.814 GB/s, BD/PAIR 34.613 GB/s, time 6.059e-02 s, comm_vol 33.554 GB
SIZE 25165824, REAL_BD 553.032 GB/s, BD/PAIR 34.565 GB/s, time 7.281e-02 s, comm_vol 40.265 GB
SIZE 29360128, REAL_BD 550.415 GB/s, BD/PAIR 34.401 GB/s, time 8.535e-02 s, comm_vol 46.976 GB
SIZE 33554432, REAL_BD 553.553 GB/s, BD/PAIR 34.597 GB/s, time 9.699e-02 s, comm_vol 53.687 GB
SIZE 41943040, REAL_BD 555.528 GB/s, BD/PAIR 34.721 GB/s, time 1.208e-01 s, comm_vol 67.109 GB
SIZE 50331648, REAL_BD 555.242 GB/s, BD/PAIR 34.703 GB/s, time 1.450e-01 s, comm_vol 80.531 GB
SIZE 58720256, REAL_BD 558.544 GB/s, BD/PAIR 34.909 GB/s, time 1.682e-01 s, comm_vol 93.952 GB
SIZE 67108864, REAL_BD 560.073 GB/s, BD/PAIR 35.005 GB/s, time 1.917e-01 s, comm_vol 107.374 GB
SIZE 83886080, REAL_BD 561.721 GB/s, BD/PAIR 35.108 GB/s, time 2.389e-01 s, comm_vol 134.218 GB
SIZE 100663296, REAL_BD 562.179 GB/s, BD/PAIR 35.136 GB/s, time 2.865e-01 s, comm_vol 161.061 GB
SIZE 117440512, REAL_BD 563.005 GB/s, BD/PAIR 35.188 GB/s, time 3.338e-01 s, comm_vol 187.905 GB
SIZE 134217728, REAL_BD 564.254 GB/s, BD/PAIR 35.266 GB/s, time 3.806e-01 s, comm_vol 214.748 GB
SIZE 167772160, REAL_BD 562.805 GB/s, BD/PAIR 35.175 GB/s, time 4.770e-01 s, comm_vol 268.435 GB
SIZE 201326592, REAL_BD 565.232 GB/s, BD/PAIR 35.327 GB/s, time 5.699e-01 s, comm_vol 322.123 GB
SIZE 234881024, REAL_BD 565.079 GB/s, BD/PAIR 35.317 GB/s, time 6.651e-01 s, comm_vol 375.81 GB
SIZE 268435456, REAL_BD 565.64 GB/s, BD/PAIR 35.352 GB/s, time 7.593e-01 s, comm_vol 429.497 GB
SIZE 335544320, REAL_BD 565.219 GB/s, BD/PAIR 35.326 GB/s, time 9.498e-01 s, comm_vol 536.871 GB
SIZE 402653184, REAL_BD 566.091 GB/s, BD/PAIR 35.381 GB/s, time 1.138e+00 s, comm_vol 644.245 GB
SIZE 469762048, REAL_BD 565.837 GB/s, BD/PAIR 35.365 GB/s, time 1.328e+00 s, comm_vol 751.619 GB
SIZE 536870912, REAL_BD 565.975 GB/s, BD/PAIR 35.373 GB/s, time 1.518e+00 s, comm_vol 858.993 GB
SIZE 671088640, REAL_BD 566.39 GB/s, BD/PAIR 35.399 GB/s, time 1.896e+00 s, comm_vol 1.074 TB
SIZE 805306368, REAL_BD 566.778 GB/s, BD/PAIR 35.424 GB/s, time 2.273e+00 s, comm_vol 1.288 TB
SIZE 939524096, REAL_BD 566.769 GB/s, BD/PAIR 35.423 GB/s, time 2.652e+00 s, comm_vol 1.503 TB
SIZE 1073741824, REAL_BD 566.529 GB/s, BD/PAIR 35.408 GB/s, time 3.032e+00 s, comm_vol 1.718 TB
[[0, 8], [8, 16], [16, 24], [24, 0], [2, 10], [10, 18], [18, 26], [26, 2], [4, 12], [12, 20], [20, 28], [28, 4], [6, 14], [14, 22], [22, 30], [30, 6], [1, 9], [9, 17], [17, 25], [25, 1], [3, 11], [11, 19], [19, 27], [27, 3], [5, 13], [13, 21], [21, 29], [29, 5], [7, 15], [15, 23], [23, 31], [31, 7]]
NCCL version 2.21.5+cuda12.6
NCCL version 2.21.5+cuda12.6
NCCL version 2.21.5+cuda12.6
NCCL version 2.21.5+cuda12.6
NCCL version 2.21.5+cuda12.6
NCCL version 2.21.5+cuda12.6
NCCL version 2.21.5+cuda12.6
NCCL version 2.21.5+cuda12.6
NCCL version 2.21.5+cuda12.6
NCCL version 2.21.5+cuda12.6
NCCL version 2.21.5+cuda12.6
NCCL version 2.21.5+cuda12.6
SIZE 8192, REAL_BD 4.174 GB/s, BD/PAIR 130.447 MB/s, time 6.280e-03 s, comm_vol 26.214 MB
SIZE 16384, REAL_BD 23.218 GB/s, BD/PAIR 725.578 MB/s, time 2.258e-03 s, comm_vol 52.429 MB
SIZE 24576, REAL_BD 26.841 GB/s, BD/PAIR 838.793 MB/s, time 2.930e-03 s, comm_vol 78.643 MB
SIZE 32768, REAL_BD 43.021 GB/s, BD/PAIR 1.344 GB/s, time 2.437e-03 s, comm_vol 104.858 MB
SIZE 40960, REAL_BD 30.311 GB/s, BD/PAIR 947.228 MB/s, time 4.324e-03 s, comm_vol 131.072 MB
SIZE 49152, REAL_BD 55.289 GB/s, BD/PAIR 1.728 GB/s, time 2.845e-03 s, comm_vol 157.286 MB
SIZE 57344, REAL_BD 51.297 GB/s, BD/PAIR 1.603 GB/s, time 3.577e-03 s, comm_vol 183.501 MB
SIZE 65536, REAL_BD 72.348 GB/s, BD/PAIR 2.261 GB/s, time 2.899e-03 s, comm_vol 209.715 MB
SIZE 81920, REAL_BD 89.471 GB/s, BD/PAIR 2.796 GB/s, time 2.930e-03 s, comm_vol 262.144 MB
SIZE 98304, REAL_BD 106.113 GB/s, BD/PAIR 3.316 GB/s, time 2.964e-03 s, comm_vol 314.573 MB
SIZE 114688, REAL_BD 112.162 GB/s, BD/PAIR 3.505 GB/s, time 3.272e-03 s, comm_vol 367.002 MB
SIZE 131072, REAL_BD 141.144 GB/s, BD/PAIR 4.411 GB/s, time 2.972e-03 s, comm_vol 419.43 MB
SIZE 163840, REAL_BD 166.227 GB/s, BD/PAIR 5.195 GB/s, time 3.154e-03 s, comm_vol 524.288 MB
SIZE 196608, REAL_BD 199.503 GB/s, BD/PAIR 6.234 GB/s, time 3.154e-03 s, comm_vol 629.146 MB
SIZE 229376, REAL_BD 216.851 GB/s, BD/PAIR 6.777 GB/s, time 3.385e-03 s, comm_vol 734.003 MB
SIZE 262144, REAL_BD 258.595 GB/s, BD/PAIR 8.081 GB/s, time 3.244e-03 s, comm_vol 838.861 MB
SIZE 327680, REAL_BD 280.113 GB/s, BD/PAIR 8.754 GB/s, time 3.743e-03 s, comm_vol 1.049 GB
SIZE 393216, REAL_BD 332.618 GB/s, BD/PAIR 10.394 GB/s, time 3.783e-03 s, comm_vol 1.258 GB
SIZE 458752, REAL_BD 347.103 GB/s, BD/PAIR 10.847 GB/s, time 4.229e-03 s, comm_vol 1.468 GB
SIZE 524288, REAL_BD 394.134 GB/s, BD/PAIR 12.317 GB/s, time 4.257e-03 s, comm_vol 1.678 GB
SIZE 655360, REAL_BD 441.815 GB/s, BD/PAIR 13.807 GB/s, time 4.747e-03 s, comm_vol 2.097 GB
SIZE 786432, REAL_BD 479.395 GB/s, BD/PAIR 14.981 GB/s, time 5.250e-03 s, comm_vol 2.517 GB
SIZE 917504, REAL_BD 510.743 GB/s, BD/PAIR 15.961 GB/s, time 5.749e-03 s, comm_vol 2.936 GB
SIZE 1048576, REAL_BD 537.289 GB/s, BD/PAIR 16.79 GB/s, time 6.245e-03 s, comm_vol 3.355 GB
SIZE 1310720, REAL_BD 576.396 GB/s, BD/PAIR 18.012 GB/s, time 7.277e-03 s, comm_vol 4.194 GB
SIZE 1572864, REAL_BD 605.34 GB/s, BD/PAIR 18.917 GB/s, time 8.315e-03 s, comm_vol 5.033 GB
SIZE 1835008, REAL_BD 626.263 GB/s, BD/PAIR 19.571 GB/s, time 9.376e-03 s, comm_vol 5.872 GB
SIZE 2097152, REAL_BD 838.647 GB/s, BD/PAIR 26.208 GB/s, time 8.002e-03 s, comm_vol 6.711 GB
SIZE 2621440, REAL_BD 868.085 GB/s, BD/PAIR 27.128 GB/s, time 9.663e-03 s, comm_vol 8.389 GB
SIZE 3145728, REAL_BD 908.374 GB/s, BD/PAIR 28.387 GB/s, time 1.108e-02 s, comm_vol 10.066 GB
SIZE 3670016, REAL_BD 948.585 GB/s, BD/PAIR 29.643 GB/s, time 1.238e-02 s, comm_vol 11.744 GB
SIZE 4194304, REAL_BD 969.918 GB/s, BD/PAIR 30.31 GB/s, time 1.384e-02 s, comm_vol 13.422 GB
SIZE 5242880, REAL_BD 1.012 TB/s, BD/PAIR 31.62 GB/s, time 1.658e-02 s, comm_vol 16.777 GB
SIZE 6291456, REAL_BD 1.026 TB/s, BD/PAIR 32.073 GB/s, time 1.962e-02 s, comm_vol 20.133 GB
SIZE 7340032, REAL_BD 1.053 TB/s, BD/PAIR 32.891 GB/s, time 2.232e-02 s, comm_vol 23.488 GB
SIZE 8388608, REAL_BD 1.049 TB/s, BD/PAIR 32.795 GB/s, time 2.558e-02 s, comm_vol 26.844 GB
SIZE 10485760, REAL_BD 1.076 TB/s, BD/PAIR 33.63 GB/s, time 3.118e-02 s, comm_vol 33.554 GB
SIZE 12582912, REAL_BD 1.108 TB/s, BD/PAIR 34.625 GB/s, time 3.634e-02 s, comm_vol 40.265 GB
SIZE 14680064, REAL_BD 1.116 TB/s, BD/PAIR 34.876 GB/s, time 4.209e-02 s, comm_vol 46.976 GB
SIZE 16777216, REAL_BD 1.116 TB/s, BD/PAIR 34.884 GB/s, time 4.809e-02 s, comm_vol 53.687 GB
SIZE 20971520, REAL_BD 1.096 TB/s, BD/PAIR 34.241 GB/s, time 6.125e-02 s, comm_vol 67.109 GB
SIZE 25165824, REAL_BD 1.1 TB/s, BD/PAIR 34.381 GB/s, time 7.320e-02 s, comm_vol 80.531 GB
SIZE 29360128, REAL_BD 1.097 TB/s, BD/PAIR 34.274 GB/s, time 8.566e-02 s, comm_vol 93.952 GB
SIZE 33554432, REAL_BD 1.012 TB/s, BD/PAIR 31.621 GB/s, time 1.061e-01 s, comm_vol 107.374 GB
SIZE 41943040, REAL_BD 1.104 TB/s, BD/PAIR 34.488 GB/s, time 1.216e-01 s, comm_vol 134.218 GB
SIZE 50331648, REAL_BD 1.108 TB/s, BD/PAIR 34.62 GB/s, time 1.454e-01 s, comm_vol 161.061 GB
SIZE 58720256, REAL_BD 1.111 TB/s, BD/PAIR 34.706 GB/s, time 1.692e-01 s, comm_vol 187.905 GB
SIZE 67108864, REAL_BD 1.114 TB/s, BD/PAIR 34.799 GB/s, time 1.928e-01 s, comm_vol 214.748 GB
SIZE 83886080, REAL_BD 1.114 TB/s, BD/PAIR 34.826 GB/s, time 2.409e-01 s, comm_vol 268.435 GB
SIZE 100663296, REAL_BD 1.118 TB/s, BD/PAIR 34.929 GB/s, time 2.882e-01 s, comm_vol 322.123 GB
SIZE 117440512, REAL_BD 1.119 TB/s, BD/PAIR 34.981 GB/s, time 3.357e-01 s, comm_vol 375.81 GB
SIZE 134217728, REAL_BD 1.096 TB/s, BD/PAIR 34.253 GB/s, time 3.918e-01 s, comm_vol 429.497 GB
SIZE 167772160, REAL_BD 1.122 TB/s, BD/PAIR 35.053 GB/s, time 4.786e-01 s, comm_vol 536.871 GB
SIZE 201326592, REAL_BD 1.123 TB/s, BD/PAIR 35.087 GB/s, time 5.738e-01 s, comm_vol 644.245 GB
SIZE 234881024, REAL_BD 1.124 TB/s, BD/PAIR 35.111 GB/s, time 6.690e-01 s, comm_vol 751.619 GB
SIZE 268435456, REAL_BD 1.128 TB/s, BD/PAIR 35.258 GB/s, time 7.613e-01 s, comm_vol 858.993 GB
SIZE 335544320, REAL_BD 1.125 TB/s, BD/PAIR 35.168 GB/s, time 9.541e-01 s, comm_vol 1.074 TB
SIZE 402653184, REAL_BD 1.131 TB/s, BD/PAIR 35.349 GB/s, time 1.139e+00 s, comm_vol 1.288 TB
SIZE 469762048, REAL_BD 1.121 TB/s, BD/PAIR 35.024 GB/s, time 1.341e+00 s, comm_vol 1.503 TB
SIZE 536870912, REAL_BD 1.126 TB/s, BD/PAIR 35.188 GB/s, time 1.526e+00 s, comm_vol 1.718 TB
SIZE 671088640, REAL_BD 1.131 TB/s, BD/PAIR 35.332 GB/s, time 1.899e+00 s, comm_vol 2.147 TB
SIZE 805306368, REAL_BD 1.127 TB/s, BD/PAIR 35.218 GB/s, time 2.287e+00 s, comm_vol 2.577 TB
SIZE 939524096, REAL_BD 1.13 TB/s, BD/PAIR 35.312 GB/s, time 2.661e+00 s, comm_vol 3.006 TB
SIZE 1073741824, REAL_BD 1.13 TB/s, BD/PAIR 35.308 GB/s, time 3.041e+00 s, comm_vol 3.436 TB
+ set +x
