CP_FILE_NAME: small
CUDA_VISIBLE_DEVICES: 
GPU_NUM: 8
PROC_NUM: 8
NNODES: 1
NTASK_PER_NODE: 8
COMM_MODULE: raw-nccl
++ cat /root/mpi_rack_hostfile
++ head -n 1
++ sed -s s/slots=8//g
+ mpirun -np 8 --hostfile /root/mpi_rack_hostfile --allow-run-as-root -oversubscribe -map-by ppr:8:node --bind-to numa -mca pml ob1 -mca btl '^openib' -x OMPI_MCA_btl_tcp_if_include=ens19np0 -mca oob_tcp_if_include 10.102.2.0/24 --output-filename results/ -x NCCL_PXN_DISABLE=0 -x NCCL_IB_GID_INDEX=3 -x NCCL_NET_GDR_LEVEL=4 -x NCCL_IB_RETRY_CNT=7 -x NCCL_IB_TIME_OUT=32 -x NCCL_IB_QPS_PER_CONNECTION=8 -x NCCL_P2P_LEVEL=NVL -x NCCL_DEBUG=VERSION -x PATH -x MASTER_ADDR=10.11.1.2 -x MASTER_PORT=20421 -x GLOO_SOCKET_IFNAME=ens19np0 -x NCCL_SOCKET_IFNAME=ens19np0 -x CUDA_DEVICE_MAX_CONNECTIONS=1 -x TORCH_NCCL_AVOID_RECORD_STREAMS=1 -x PYTORCH_CUDA_ALLOC_CONF=expandable_segments:True -x NCCL_NVLS_ENABLE=0 -x LD_LIBRARY_PATH=/usr/local/cuda/compat/lib.real:/opt/nvshmem/lib:/usr/local/lib/python3.10/dist-packages/torch/lib:/usr/local/lib/python3.10/dist-packages/torch_tensorrt/lib:/usr/local/cuda/compat/lib:/usr/local/nvidia/lib:/usr/local/nvidia/lib64:/usr/local/cuda/lib64:/usr/local/tensorrt/lib:/usr/local/cuda/lib64:/usr/local/tensorrt/lib -x CLUSTER_NAME -x PLATFORM -x TRACE_NAME ./scripts/executor.sh python conflict_bench.py --backend NCCL --config ./scripts/configs/small_8.json --comm-module raw-nccl
NCCL version 2.25.1+cuda12.2
[INFO]: Cluster init done !!!
[[0, 1]]
NCCL version 2.21.5+cuda12.6
SIZE 8192, REAL_BD 1.041 GB/s, BD/PAIR 1.041 GB/s, time 7.873e-04 s, comm_vol 819.2 KB
SIZE 16384, REAL_BD 1.79 GB/s, BD/PAIR 1.79 GB/s, time 9.153e-04 s, comm_vol 1.638 MB
SIZE 24576, REAL_BD 2.51 GB/s, BD/PAIR 2.51 GB/s, time 9.789e-04 s, comm_vol 2.458 MB
SIZE 32768, REAL_BD 3.263 GB/s, BD/PAIR 3.263 GB/s, time 1.004e-03 s, comm_vol 3.277 MB
SIZE 40960, REAL_BD 3.91 GB/s, BD/PAIR 3.91 GB/s, time 1.048e-03 s, comm_vol 4.096 MB
SIZE 49152, REAL_BD 4.647 GB/s, BD/PAIR 4.647 GB/s, time 1.058e-03 s, comm_vol 4.915 MB
SIZE 57344, REAL_BD 5.36 GB/s, BD/PAIR 5.36 GB/s, time 1.070e-03 s, comm_vol 5.734 MB
SIZE 65536, REAL_BD 5.989 GB/s, BD/PAIR 5.989 GB/s, time 1.094e-03 s, comm_vol 6.554 MB
SIZE 81920, REAL_BD 7.46 GB/s, BD/PAIR 7.46 GB/s, time 1.098e-03 s, comm_vol 8.192 MB
SIZE 98304, REAL_BD 8.923 GB/s, BD/PAIR 8.923 GB/s, time 1.102e-03 s, comm_vol 9.83 MB
SIZE 114688, REAL_BD 10.29 GB/s, BD/PAIR 10.29 GB/s, time 1.115e-03 s, comm_vol 11.469 MB
SIZE 131072, REAL_BD 11.907 GB/s, BD/PAIR 11.907 GB/s, time 1.101e-03 s, comm_vol 13.107 MB
SIZE 163840, REAL_BD 14.785 GB/s, BD/PAIR 14.785 GB/s, time 1.108e-03 s, comm_vol 16.384 MB
SIZE 196608, REAL_BD 17.834 GB/s, BD/PAIR 17.834 GB/s, time 1.102e-03 s, comm_vol 19.661 MB
SIZE 229376, REAL_BD 20.431 GB/s, BD/PAIR 20.431 GB/s, time 1.123e-03 s, comm_vol 22.938 MB
SIZE 262144, REAL_BD 23.509 GB/s, BD/PAIR 23.509 GB/s, time 1.115e-03 s, comm_vol 26.214 MB
SIZE 327680, REAL_BD 29.211 GB/s, BD/PAIR 29.211 GB/s, time 1.122e-03 s, comm_vol 32.768 MB
SIZE 393216, REAL_BD 34.89 GB/s, BD/PAIR 34.89 GB/s, time 1.127e-03 s, comm_vol 39.322 MB
SIZE 458752, REAL_BD 39.862 GB/s, BD/PAIR 39.862 GB/s, time 1.151e-03 s, comm_vol 45.875 MB
SIZE 524288, REAL_BD 46.159 GB/s, BD/PAIR 46.159 GB/s, time 1.136e-03 s, comm_vol 52.429 MB
SIZE 655360, REAL_BD 57.446 GB/s, BD/PAIR 57.446 GB/s, time 1.141e-03 s, comm_vol 65.536 MB
SIZE 786432, REAL_BD 67.913 GB/s, BD/PAIR 67.913 GB/s, time 1.158e-03 s, comm_vol 78.643 MB
SIZE 917504, REAL_BD 76.659 GB/s, BD/PAIR 76.659 GB/s, time 1.197e-03 s, comm_vol 91.75 MB
SIZE 1048576, REAL_BD 85.036 GB/s, BD/PAIR 85.036 GB/s, time 1.233e-03 s, comm_vol 104.858 MB
SIZE 1310720, REAL_BD 98.717 GB/s, BD/PAIR 98.717 GB/s, time 1.328e-03 s, comm_vol 131.072 MB
SIZE 1572864, REAL_BD 111.493 GB/s, BD/PAIR 111.493 GB/s, time 1.411e-03 s, comm_vol 157.286 MB
SIZE 1835008, REAL_BD 120.466 GB/s, BD/PAIR 120.466 GB/s, time 1.523e-03 s, comm_vol 183.501 MB
SIZE 2097152, REAL_BD 134.189 GB/s, BD/PAIR 134.189 GB/s, time 1.563e-03 s, comm_vol 209.715 MB
SIZE 2621440, REAL_BD 146.797 GB/s, BD/PAIR 146.797 GB/s, time 1.786e-03 s, comm_vol 262.144 MB
SIZE 3145728, REAL_BD 167.205 GB/s, BD/PAIR 167.205 GB/s, time 1.881e-03 s, comm_vol 314.573 MB
SIZE 3670016, REAL_BD 174.427 GB/s, BD/PAIR 174.427 GB/s, time 2.104e-03 s, comm_vol 367.002 MB
SIZE 4194304, REAL_BD 179.347 GB/s, BD/PAIR 179.347 GB/s, time 2.339e-03 s, comm_vol 419.43 MB
SIZE 5242880, REAL_BD 214.476 GB/s, BD/PAIR 214.476 GB/s, time 2.445e-03 s, comm_vol 524.288 MB
SIZE 6291456, REAL_BD 230.164 GB/s, BD/PAIR 230.164 GB/s, time 2.733e-03 s, comm_vol 629.146 MB
SIZE 7340032, REAL_BD 242.948 GB/s, BD/PAIR 242.948 GB/s, time 3.021e-03 s, comm_vol 734.003 MB
SIZE 8388608, REAL_BD 253.307 GB/s, BD/PAIR 253.307 GB/s, time 3.312e-03 s, comm_vol 838.861 MB
SIZE 10485760, REAL_BD 272.207 GB/s, BD/PAIR 272.207 GB/s, time 3.852e-03 s, comm_vol 1.049 GB
SIZE 12582912, REAL_BD 283.015 GB/s, BD/PAIR 283.015 GB/s, time 4.446e-03 s, comm_vol 1.258 GB
SIZE 14680064, REAL_BD 292.674 GB/s, BD/PAIR 292.674 GB/s, time 5.016e-03 s, comm_vol 1.468 GB
SIZE 16777216, REAL_BD 299.952 GB/s, BD/PAIR 299.952 GB/s, time 5.593e-03 s, comm_vol 1.678 GB
SIZE 20971520, REAL_BD 312.717 GB/s, BD/PAIR 312.717 GB/s, time 6.706e-03 s, comm_vol 2.097 GB
SIZE 25165824, REAL_BD 320.363 GB/s, BD/PAIR 320.363 GB/s, time 7.855e-03 s, comm_vol 2.517 GB
SIZE 29360128, REAL_BD 327.253 GB/s, BD/PAIR 327.253 GB/s, time 8.972e-03 s, comm_vol 2.936 GB
SIZE 33554432, REAL_BD 332.289 GB/s, BD/PAIR 332.289 GB/s, time 1.010e-02 s, comm_vol 3.355 GB
SIZE 41943040, REAL_BD 334.312 GB/s, BD/PAIR 334.312 GB/s, time 1.255e-02 s, comm_vol 4.194 GB
SIZE 50331648, REAL_BD 336.044 GB/s, BD/PAIR 336.044 GB/s, time 1.498e-02 s, comm_vol 5.033 GB
SIZE 58720256, REAL_BD 341.113 GB/s, BD/PAIR 341.113 GB/s, time 1.721e-02 s, comm_vol 5.872 GB
SIZE 67108864, REAL_BD 344.417 GB/s, BD/PAIR 344.417 GB/s, time 1.948e-02 s, comm_vol 6.711 GB
SIZE 83886080, REAL_BD 348.889 GB/s, BD/PAIR 348.889 GB/s, time 2.404e-02 s, comm_vol 8.389 GB
SIZE 100663296, REAL_BD 351.642 GB/s, BD/PAIR 351.642 GB/s, time 2.863e-02 s, comm_vol 10.066 GB
SIZE 117440512, REAL_BD 354.459 GB/s, BD/PAIR 354.459 GB/s, time 3.313e-02 s, comm_vol 11.744 GB
SIZE 134217728, REAL_BD 355.084 GB/s, BD/PAIR 355.084 GB/s, time 3.780e-02 s, comm_vol 13.422 GB
SIZE 167772160, REAL_BD 357.688 GB/s, BD/PAIR 357.688 GB/s, time 4.690e-02 s, comm_vol 16.777 GB
SIZE 201326592, REAL_BD 356.481 GB/s, BD/PAIR 356.481 GB/s, time 5.648e-02 s, comm_vol 20.133 GB
SIZE 234881024, REAL_BD 356.78 GB/s, BD/PAIR 356.78 GB/s, time 6.583e-02 s, comm_vol 23.488 GB
SIZE 268435456, REAL_BD 358.442 GB/s, BD/PAIR 358.442 GB/s, time 7.489e-02 s, comm_vol 26.844 GB
SIZE 335544320, REAL_BD 365.27 GB/s, BD/PAIR 365.27 GB/s, time 9.186e-02 s, comm_vol 33.554 GB
SIZE 402653184, REAL_BD 366.837 GB/s, BD/PAIR 366.837 GB/s, time 1.098e-01 s, comm_vol 40.265 GB
SIZE 469762048, REAL_BD 367.859 GB/s, BD/PAIR 367.859 GB/s, time 1.277e-01 s, comm_vol 46.976 GB
SIZE 536870912, REAL_BD 368.721 GB/s, BD/PAIR 368.721 GB/s, time 1.456e-01 s, comm_vol 53.687 GB
SIZE 671088640, REAL_BD 369.986 GB/s, BD/PAIR 369.986 GB/s, time 1.814e-01 s, comm_vol 67.109 GB
SIZE 805306368, REAL_BD 370.74 GB/s, BD/PAIR 370.74 GB/s, time 2.172e-01 s, comm_vol 80.531 GB
SIZE 939524096, REAL_BD 371.494 GB/s, BD/PAIR 371.494 GB/s, time 2.529e-01 s, comm_vol 93.952 GB
SIZE 1073741824, REAL_BD 371.672 GB/s, BD/PAIR 371.672 GB/s, time 2.889e-01 s, comm_vol 107.374 GB
[[0, 1], [1, 0]]
SIZE 8192, REAL_BD 1.52 GB/s, BD/PAIR 759.835 MB/s, time 1.078e-03 s, comm_vol 1.638 MB
SIZE 16384, REAL_BD 3.049 GB/s, BD/PAIR 1.524 GB/s, time 1.075e-03 s, comm_vol 3.277 MB
SIZE 24576, REAL_BD 4.535 GB/s, BD/PAIR 2.267 GB/s, time 1.084e-03 s, comm_vol 4.915 MB
SIZE 32768, REAL_BD 6.103 GB/s, BD/PAIR 3.051 GB/s, time 1.074e-03 s, comm_vol 6.554 MB
SIZE 40960, REAL_BD 7.266 GB/s, BD/PAIR 3.633 GB/s, time 1.127e-03 s, comm_vol 8.192 MB
SIZE 49152, REAL_BD 9.082 GB/s, BD/PAIR 4.541 GB/s, time 1.082e-03 s, comm_vol 9.83 MB
SIZE 57344, REAL_BD 10.401 GB/s, BD/PAIR 5.2 GB/s, time 1.103e-03 s, comm_vol 11.469 MB
SIZE 65536, REAL_BD 11.655 GB/s, BD/PAIR 5.827 GB/s, time 1.125e-03 s, comm_vol 13.107 MB
SIZE 81920, REAL_BD 14.769 GB/s, BD/PAIR 7.384 GB/s, time 1.109e-03 s, comm_vol 16.384 MB
SIZE 98304, REAL_BD 16.686 GB/s, BD/PAIR 8.343 GB/s, time 1.178e-03 s, comm_vol 19.661 MB
SIZE 114688, REAL_BD 19.463 GB/s, BD/PAIR 9.732 GB/s, time 1.179e-03 s, comm_vol 22.938 MB
SIZE 131072, REAL_BD 21.542 GB/s, BD/PAIR 10.771 GB/s, time 1.217e-03 s, comm_vol 26.214 MB
SIZE 163840, REAL_BD 28.118 GB/s, BD/PAIR 14.059 GB/s, time 1.165e-03 s, comm_vol 32.768 MB
SIZE 196608, REAL_BD 32.511 GB/s, BD/PAIR 16.255 GB/s, time 1.209e-03 s, comm_vol 39.322 MB
SIZE 229376, REAL_BD 38.452 GB/s, BD/PAIR 19.226 GB/s, time 1.193e-03 s, comm_vol 45.875 MB
SIZE 262144, REAL_BD 43.331 GB/s, BD/PAIR 21.665 GB/s, time 1.210e-03 s, comm_vol 52.429 MB
SIZE 327680, REAL_BD 53.065 GB/s, BD/PAIR 26.533 GB/s, time 1.235e-03 s, comm_vol 65.536 MB
SIZE 393216, REAL_BD 62.638 GB/s, BD/PAIR 31.319 GB/s, time 1.256e-03 s, comm_vol 78.643 MB
SIZE 458752, REAL_BD 71.41 GB/s, BD/PAIR 35.705 GB/s, time 1.285e-03 s, comm_vol 91.75 MB
SIZE 524288, REAL_BD 79.373 GB/s, BD/PAIR 39.686 GB/s, time 1.321e-03 s, comm_vol 104.858 MB
SIZE 655360, REAL_BD 94.024 GB/s, BD/PAIR 47.012 GB/s, time 1.394e-03 s, comm_vol 131.072 MB
SIZE 786432, REAL_BD 111.55 GB/s, BD/PAIR 55.775 GB/s, time 1.410e-03 s, comm_vol 157.286 MB
SIZE 917504, REAL_BD 125.229 GB/s, BD/PAIR 62.615 GB/s, time 1.465e-03 s, comm_vol 183.501 MB
SIZE 1048576, REAL_BD 138.521 GB/s, BD/PAIR 69.261 GB/s, time 1.514e-03 s, comm_vol 209.715 MB
SIZE 1310720, REAL_BD 171.638 GB/s, BD/PAIR 85.819 GB/s, time 1.527e-03 s, comm_vol 262.144 MB
SIZE 1572864, REAL_BD 195.556 GB/s, BD/PAIR 97.778 GB/s, time 1.609e-03 s, comm_vol 314.573 MB
SIZE 1835008, REAL_BD 214.151 GB/s, BD/PAIR 107.075 GB/s, time 1.714e-03 s, comm_vol 367.002 MB
SIZE 2097152, REAL_BD 243.087 GB/s, BD/PAIR 121.543 GB/s, time 1.725e-03 s, comm_vol 419.43 MB
SIZE 2621440, REAL_BD 266.516 GB/s, BD/PAIR 133.258 GB/s, time 1.967e-03 s, comm_vol 524.288 MB
SIZE 3145728, REAL_BD 306.058 GB/s, BD/PAIR 153.029 GB/s, time 2.056e-03 s, comm_vol 629.146 MB
SIZE 3670016, REAL_BD 306.24 GB/s, BD/PAIR 153.12 GB/s, time 2.397e-03 s, comm_vol 734.003 MB
SIZE 4194304, REAL_BD 348.982 GB/s, BD/PAIR 174.491 GB/s, time 2.404e-03 s, comm_vol 838.861 MB
SIZE 5242880, REAL_BD 386.472 GB/s, BD/PAIR 193.236 GB/s, time 2.713e-03 s, comm_vol 1.049 GB
SIZE 6291456, REAL_BD 418.496 GB/s, BD/PAIR 209.248 GB/s, time 3.007e-03 s, comm_vol 1.258 GB
SIZE 7340032, REAL_BD 439.334 GB/s, BD/PAIR 219.667 GB/s, time 3.341e-03 s, comm_vol 1.468 GB
SIZE 8388608, REAL_BD 457.564 GB/s, BD/PAIR 228.782 GB/s, time 3.667e-03 s, comm_vol 1.678 GB
SIZE 10485760, REAL_BD 480.136 GB/s, BD/PAIR 240.068 GB/s, time 4.368e-03 s, comm_vol 2.097 GB
SIZE 12582912, REAL_BD 506.614 GB/s, BD/PAIR 253.307 GB/s, time 4.967e-03 s, comm_vol 2.517 GB
SIZE 14680064, REAL_BD 531.188 GB/s, BD/PAIR 265.594 GB/s, time 5.527e-03 s, comm_vol 2.936 GB
SIZE 16777216, REAL_BD 550.207 GB/s, BD/PAIR 275.104 GB/s, time 6.099e-03 s, comm_vol 3.355 GB
SIZE 20971520, REAL_BD 554.836 GB/s, BD/PAIR 277.418 GB/s, time 7.560e-03 s, comm_vol 4.194 GB
SIZE 25165824, REAL_BD 577.582 GB/s, BD/PAIR 288.791 GB/s, time 8.714e-03 s, comm_vol 5.033 GB
SIZE 29360128, REAL_BD 599.437 GB/s, BD/PAIR 299.718 GB/s, time 9.796e-03 s, comm_vol 5.872 GB
SIZE 33554432, REAL_BD 594.695 GB/s, BD/PAIR 297.347 GB/s, time 1.128e-02 s, comm_vol 6.711 GB
SIZE 41943040, REAL_BD 626.235 GB/s, BD/PAIR 313.117 GB/s, time 1.340e-02 s, comm_vol 8.389 GB
SIZE 50331648, REAL_BD 625.63 GB/s, BD/PAIR 312.815 GB/s, time 1.609e-02 s, comm_vol 10.066 GB
SIZE 58720256, REAL_BD 639.052 GB/s, BD/PAIR 319.526 GB/s, time 1.838e-02 s, comm_vol 11.744 GB
SIZE 67108864, REAL_BD 652.113 GB/s, BD/PAIR 326.057 GB/s, time 2.058e-02 s, comm_vol 13.422 GB
SIZE 83886080, REAL_BD 657.001 GB/s, BD/PAIR 328.5 GB/s, time 2.554e-02 s, comm_vol 16.777 GB
SIZE 100663296, REAL_BD 669.106 GB/s, BD/PAIR 334.553 GB/s, time 3.009e-02 s, comm_vol 20.133 GB
SIZE 117440512, REAL_BD 668.233 GB/s, BD/PAIR 334.116 GB/s, time 3.515e-02 s, comm_vol 23.488 GB
SIZE 134217728, REAL_BD 678.122 GB/s, BD/PAIR 339.061 GB/s, time 3.959e-02 s, comm_vol 26.844 GB
SIZE 167772160, REAL_BD 685.651 GB/s, BD/PAIR 342.826 GB/s, time 4.894e-02 s, comm_vol 33.554 GB
SIZE 201326592, REAL_BD 683.939 GB/s, BD/PAIR 341.969 GB/s, time 5.887e-02 s, comm_vol 40.265 GB
SIZE 234881024, REAL_BD 679.209 GB/s, BD/PAIR 339.605 GB/s, time 6.916e-02 s, comm_vol 46.976 GB
SIZE 268435456, REAL_BD 690.685 GB/s, BD/PAIR 345.343 GB/s, time 7.773e-02 s, comm_vol 53.687 GB
SIZE 335544320, REAL_BD 716.347 GB/s, BD/PAIR 358.174 GB/s, time 9.368e-02 s, comm_vol 67.109 GB
SIZE 402653184, REAL_BD 720.305 GB/s, BD/PAIR 360.153 GB/s, time 1.118e-01 s, comm_vol 80.531 GB
SIZE 469762048, REAL_BD 723.088 GB/s, BD/PAIR 361.544 GB/s, time 1.299e-01 s, comm_vol 93.952 GB
SIZE 536870912, REAL_BD 723.225 GB/s, BD/PAIR 361.612 GB/s, time 1.485e-01 s, comm_vol 107.374 GB
SIZE 671088640, REAL_BD 727.148 GB/s, BD/PAIR 363.574 GB/s, time 1.846e-01 s, comm_vol 134.218 GB
SIZE 805306368, REAL_BD 728.028 GB/s, BD/PAIR 364.014 GB/s, time 2.212e-01 s, comm_vol 161.061 GB
SIZE 939524096, REAL_BD 728.437 GB/s, BD/PAIR 364.218 GB/s, time 2.580e-01 s, comm_vol 187.905 GB
SIZE 1073741824, REAL_BD 729.337 GB/s, BD/PAIR 364.668 GB/s, time 2.944e-01 s, comm_vol 214.748 GB
[[0, 1], [1, 2], [2, 3], [3, 0]]
NCCL version 2.21.5+cuda12.6
NCCL version 2.21.5+cuda12.6
SIZE 8192, REAL_BD 2.97 GB/s, BD/PAIR 742.592 MB/s, time 1.103e-03 s, comm_vol 3.277 MB
SIZE 16384, REAL_BD 6.033 GB/s, BD/PAIR 1.508 GB/s, time 1.086e-03 s, comm_vol 6.554 MB
SIZE 24576, REAL_BD 8.973 GB/s, BD/PAIR 2.243 GB/s, time 1.096e-03 s, comm_vol 9.83 MB
SIZE 32768, REAL_BD 10.196 GB/s, BD/PAIR 2.549 GB/s, time 1.286e-03 s, comm_vol 13.107 MB
SIZE 40960, REAL_BD 14.721 GB/s, BD/PAIR 3.68 GB/s, time 1.113e-03 s, comm_vol 16.384 MB
SIZE 49152, REAL_BD 17.116 GB/s, BD/PAIR 4.279 GB/s, time 1.149e-03 s, comm_vol 19.661 MB
SIZE 57344, REAL_BD 19.923 GB/s, BD/PAIR 4.981 GB/s, time 1.151e-03 s, comm_vol 22.938 MB
SIZE 65536, REAL_BD 20.765 GB/s, BD/PAIR 5.191 GB/s, time 1.262e-03 s, comm_vol 26.214 MB
SIZE 81920, REAL_BD 27.833 GB/s, BD/PAIR 6.958 GB/s, time 1.177e-03 s, comm_vol 32.768 MB
SIZE 98304, REAL_BD 33.078 GB/s, BD/PAIR 8.269 GB/s, time 1.189e-03 s, comm_vol 39.322 MB
SIZE 114688, REAL_BD 37.877 GB/s, BD/PAIR 9.469 GB/s, time 1.211e-03 s, comm_vol 45.875 MB
SIZE 131072, REAL_BD 42.518 GB/s, BD/PAIR 10.629 GB/s, time 1.233e-03 s, comm_vol 52.429 MB
SIZE 163840, REAL_BD 54.184 GB/s, BD/PAIR 13.546 GB/s, time 1.209e-03 s, comm_vol 65.536 MB
SIZE 196608, REAL_BD 64.437 GB/s, BD/PAIR 16.109 GB/s, time 1.220e-03 s, comm_vol 78.643 MB
SIZE 229376, REAL_BD 74.406 GB/s, BD/PAIR 18.602 GB/s, time 1.233e-03 s, comm_vol 91.75 MB
SIZE 262144, REAL_BD 84.513 GB/s, BD/PAIR 21.128 GB/s, time 1.241e-03 s, comm_vol 104.858 MB
SIZE 327680, REAL_BD 103.318 GB/s, BD/PAIR 25.83 GB/s, time 1.269e-03 s, comm_vol 131.072 MB
SIZE 393216, REAL_BD 121.114 GB/s, BD/PAIR 30.278 GB/s, time 1.299e-03 s, comm_vol 157.286 MB
SIZE 458752, REAL_BD 138.978 GB/s, BD/PAIR 34.744 GB/s, time 1.320e-03 s, comm_vol 183.501 MB
SIZE 524288, REAL_BD 155.463 GB/s, BD/PAIR 38.866 GB/s, time 1.349e-03 s, comm_vol 209.715 MB
SIZE 655360, REAL_BD 187.566 GB/s, BD/PAIR 46.891 GB/s, time 1.398e-03 s, comm_vol 262.144 MB
SIZE 786432, REAL_BD 214.191 GB/s, BD/PAIR 53.548 GB/s, time 1.469e-03 s, comm_vol 314.573 MB
SIZE 917504, REAL_BD 244.258 GB/s, BD/PAIR 61.065 GB/s, time 1.503e-03 s, comm_vol 367.002 MB
SIZE 1048576, REAL_BD 266.912 GB/s, BD/PAIR 66.728 GB/s, time 1.571e-03 s, comm_vol 419.43 MB
SIZE 1310720, REAL_BD 340.09 GB/s, BD/PAIR 85.023 GB/s, time 1.542e-03 s, comm_vol 524.288 MB
SIZE 1572864, REAL_BD 394.09 GB/s, BD/PAIR 98.523 GB/s, time 1.596e-03 s, comm_vol 629.146 MB
SIZE 1835008, REAL_BD 430.277 GB/s, BD/PAIR 107.569 GB/s, time 1.706e-03 s, comm_vol 734.003 MB
SIZE 2097152, REAL_BD 482.838 GB/s, BD/PAIR 120.709 GB/s, time 1.737e-03 s, comm_vol 838.861 MB
SIZE 2621440, REAL_BD 505.406 GB/s, BD/PAIR 126.352 GB/s, time 2.075e-03 s, comm_vol 1.049 GB
SIZE 3145728, REAL_BD 572.787 GB/s, BD/PAIR 143.197 GB/s, time 2.197e-03 s, comm_vol 1.258 GB
SIZE 3670016, REAL_BD 588.255 GB/s, BD/PAIR 147.064 GB/s, time 2.496e-03 s, comm_vol 1.468 GB
SIZE 4194304, REAL_BD 653.014 GB/s, BD/PAIR 163.253 GB/s, time 2.569e-03 s, comm_vol 1.678 GB
SIZE 5242880, REAL_BD 713.332 GB/s, BD/PAIR 178.333 GB/s, time 2.940e-03 s, comm_vol 2.097 GB
SIZE 6291456, REAL_BD 762.502 GB/s, BD/PAIR 190.625 GB/s, time 3.300e-03 s, comm_vol 2.517 GB
SIZE 7340032, REAL_BD 798.867 GB/s, BD/PAIR 199.717 GB/s, time 3.675e-03 s, comm_vol 2.936 GB
SIZE 8388608, REAL_BD 828.16 GB/s, BD/PAIR 207.04 GB/s, time 4.052e-03 s, comm_vol 3.355 GB
SIZE 10485760, REAL_BD 903.182 GB/s, BD/PAIR 225.796 GB/s, time 4.644e-03 s, comm_vol 4.194 GB
SIZE 12582912, REAL_BD 989.39 GB/s, BD/PAIR 247.348 GB/s, time 5.087e-03 s, comm_vol 5.033 GB
SIZE 14680064, REAL_BD 1.03 TB/s, BD/PAIR 257.475 GB/s, time 5.702e-03 s, comm_vol 5.872 GB
SIZE 16777216, REAL_BD 1.052 TB/s, BD/PAIR 263.061 GB/s, time 6.378e-03 s, comm_vol 6.711 GB
SIZE 20971520, REAL_BD 1.125 TB/s, BD/PAIR 281.268 GB/s, time 7.456e-03 s, comm_vol 8.389 GB
SIZE 25165824, REAL_BD 1.162 TB/s, BD/PAIR 290.38 GB/s, time 8.667e-03 s, comm_vol 10.066 GB
SIZE 29360128, REAL_BD 1.195 TB/s, BD/PAIR 298.795 GB/s, time 9.826e-03 s, comm_vol 11.744 GB
SIZE 33554432, REAL_BD 1.183 TB/s, BD/PAIR 295.804 GB/s, time 1.134e-02 s, comm_vol 13.422 GB
SIZE 41943040, REAL_BD 1.258 TB/s, BD/PAIR 314.438 GB/s, time 1.334e-02 s, comm_vol 16.777 GB
SIZE 50331648, REAL_BD 1.271 TB/s, BD/PAIR 317.759 GB/s, time 1.584e-02 s, comm_vol 20.133 GB
SIZE 58720256, REAL_BD 1.3 TB/s, BD/PAIR 325.007 GB/s, time 1.807e-02 s, comm_vol 23.488 GB
SIZE 67108864, REAL_BD 1.294 TB/s, BD/PAIR 323.434 GB/s, time 2.075e-02 s, comm_vol 26.844 GB
SIZE 83886080, REAL_BD 1.333 TB/s, BD/PAIR 333.305 GB/s, time 2.517e-02 s, comm_vol 33.554 GB
SIZE 100663296, REAL_BD 1.349 TB/s, BD/PAIR 337.201 GB/s, time 2.985e-02 s, comm_vol 40.265 GB
SIZE 117440512, REAL_BD 1.345 TB/s, BD/PAIR 336.242 GB/s, time 3.493e-02 s, comm_vol 46.976 GB
SIZE 134217728, REAL_BD 1.352 TB/s, BD/PAIR 338.09 GB/s, time 3.970e-02 s, comm_vol 53.687 GB
SIZE 167772160, REAL_BD 1.37 TB/s, BD/PAIR 342.612 GB/s, time 4.897e-02 s, comm_vol 67.109 GB
SIZE 201326592, REAL_BD 1.362 TB/s, BD/PAIR 340.476 GB/s, time 5.913e-02 s, comm_vol 80.531 GB
SIZE 234881024, REAL_BD 1.376 TB/s, BD/PAIR 344.056 GB/s, time 6.827e-02 s, comm_vol 93.952 GB
SIZE 268435456, REAL_BD 1.383 TB/s, BD/PAIR 345.638 GB/s, time 7.766e-02 s, comm_vol 107.374 GB
SIZE 335544320, REAL_BD 1.435 TB/s, BD/PAIR 358.69 GB/s, time 9.355e-02 s, comm_vol 134.218 GB
SIZE 402653184, REAL_BD 1.44 TB/s, BD/PAIR 360.115 GB/s, time 1.118e-01 s, comm_vol 161.061 GB
SIZE 469762048, REAL_BD 1.447 TB/s, BD/PAIR 361.726 GB/s, time 1.299e-01 s, comm_vol 187.905 GB
SIZE 536870912, REAL_BD 1.451 TB/s, BD/PAIR 362.737 GB/s, time 1.480e-01 s, comm_vol 214.748 GB
SIZE 671088640, REAL_BD 1.455 TB/s, BD/PAIR 363.776 GB/s, time 1.845e-01 s, comm_vol 268.435 GB
SIZE 805306368, REAL_BD 1.457 TB/s, BD/PAIR 364.198 GB/s, time 2.211e-01 s, comm_vol 322.123 GB
SIZE 939524096, REAL_BD 1.459 TB/s, BD/PAIR 364.648 GB/s, time 2.577e-01 s, comm_vol 375.81 GB
SIZE 1073741824, REAL_BD 1.461 TB/s, BD/PAIR 365.31 GB/s, time 2.939e-01 s, comm_vol 429.497 GB
[[0, 2], [1, 3], [2, 0], [3, 1]]
SIZE 8192, REAL_BD 3.003 GB/s, BD/PAIR 750.704 MB/s, time 1.091e-03 s, comm_vol 3.277 MB
SIZE 16384, REAL_BD 5.986 GB/s, BD/PAIR 1.497 GB/s, time 1.095e-03 s, comm_vol 6.554 MB
SIZE 24576, REAL_BD 8.942 GB/s, BD/PAIR 2.236 GB/s, time 1.099e-03 s, comm_vol 9.83 MB
SIZE 32768, REAL_BD 10.716 GB/s, BD/PAIR 2.679 GB/s, time 1.223e-03 s, comm_vol 13.107 MB
SIZE 40960, REAL_BD 15.197 GB/s, BD/PAIR 3.799 GB/s, time 1.078e-03 s, comm_vol 16.384 MB
SIZE 49152, REAL_BD 18.092 GB/s, BD/PAIR 4.523 GB/s, time 1.087e-03 s, comm_vol 19.661 MB
SIZE 57344, REAL_BD 19.483 GB/s, BD/PAIR 4.871 GB/s, time 1.177e-03 s, comm_vol 22.938 MB
SIZE 65536, REAL_BD 22.802 GB/s, BD/PAIR 5.7 GB/s, time 1.150e-03 s, comm_vol 26.214 MB
SIZE 81920, REAL_BD 27.515 GB/s, BD/PAIR 6.879 GB/s, time 1.191e-03 s, comm_vol 32.768 MB
SIZE 98304, REAL_BD 33.852 GB/s, BD/PAIR 8.463 GB/s, time 1.162e-03 s, comm_vol 39.322 MB
SIZE 114688, REAL_BD 39.021 GB/s, BD/PAIR 9.755 GB/s, time 1.176e-03 s, comm_vol 45.875 MB
SIZE 131072, REAL_BD 44.077 GB/s, BD/PAIR 11.019 GB/s, time 1.189e-03 s, comm_vol 52.429 MB
SIZE 163840, REAL_BD 54.55 GB/s, BD/PAIR 13.638 GB/s, time 1.201e-03 s, comm_vol 65.536 MB
SIZE 196608, REAL_BD 64.996 GB/s, BD/PAIR 16.249 GB/s, time 1.210e-03 s, comm_vol 78.643 MB
SIZE 229376, REAL_BD 76.038 GB/s, BD/PAIR 19.01 GB/s, time 1.207e-03 s, comm_vol 91.75 MB
SIZE 262144, REAL_BD 86.866 GB/s, BD/PAIR 21.717 GB/s, time 1.207e-03 s, comm_vol 104.858 MB
SIZE 327680, REAL_BD 105.317 GB/s, BD/PAIR 26.329 GB/s, time 1.245e-03 s, comm_vol 131.072 MB
SIZE 393216, REAL_BD 124.239 GB/s, BD/PAIR 31.06 GB/s, time 1.266e-03 s, comm_vol 157.286 MB
SIZE 458752, REAL_BD 141.481 GB/s, BD/PAIR 35.37 GB/s, time 1.297e-03 s, comm_vol 183.501 MB
SIZE 524288, REAL_BD 160.191 GB/s, BD/PAIR 40.048 GB/s, time 1.309e-03 s, comm_vol 209.715 MB
SIZE 655360, REAL_BD 191.452 GB/s, BD/PAIR 47.863 GB/s, time 1.369e-03 s, comm_vol 262.144 MB
SIZE 786432, REAL_BD 219.245 GB/s, BD/PAIR 54.811 GB/s, time 1.435e-03 s, comm_vol 314.573 MB
SIZE 917504, REAL_BD 249.242 GB/s, BD/PAIR 62.31 GB/s, time 1.472e-03 s, comm_vol 367.002 MB
SIZE 1048576, REAL_BD 273.425 GB/s, BD/PAIR 68.356 GB/s, time 1.534e-03 s, comm_vol 419.43 MB
SIZE 1310720, REAL_BD 342.474 GB/s, BD/PAIR 85.618 GB/s, time 1.531e-03 s, comm_vol 524.288 MB
SIZE 1572864, REAL_BD 395.449 GB/s, BD/PAIR 98.862 GB/s, time 1.591e-03 s, comm_vol 629.146 MB
SIZE 1835008, REAL_BD 434.774 GB/s, BD/PAIR 108.693 GB/s, time 1.688e-03 s, comm_vol 734.003 MB
SIZE 2097152, REAL_BD 489.42 GB/s, BD/PAIR 122.355 GB/s, time 1.714e-03 s, comm_vol 838.861 MB
SIZE 2621440, REAL_BD 531.486 GB/s, BD/PAIR 132.871 GB/s, time 1.973e-03 s, comm_vol 1.049 GB
SIZE 3145728, REAL_BD 611.193 GB/s, BD/PAIR 152.798 GB/s, time 2.059e-03 s, comm_vol 1.258 GB
SIZE 3670016, REAL_BD 638.456 GB/s, BD/PAIR 159.614 GB/s, time 2.299e-03 s, comm_vol 1.468 GB
SIZE 4194304, REAL_BD 699.56 GB/s, BD/PAIR 174.89 GB/s, time 2.398e-03 s, comm_vol 1.678 GB
SIZE 5242880, REAL_BD 761.962 GB/s, BD/PAIR 190.491 GB/s, time 2.752e-03 s, comm_vol 2.097 GB
SIZE 6291456, REAL_BD 823.797 GB/s, BD/PAIR 205.949 GB/s, time 3.055e-03 s, comm_vol 2.517 GB
SIZE 7340032, REAL_BD 847.583 GB/s, BD/PAIR 211.896 GB/s, time 3.464e-03 s, comm_vol 2.936 GB
SIZE 8388608, REAL_BD 871.17 GB/s, BD/PAIR 217.792 GB/s, time 3.852e-03 s, comm_vol 3.355 GB
SIZE 10485760, REAL_BD 967.667 GB/s, BD/PAIR 241.917 GB/s, time 4.334e-03 s, comm_vol 4.194 GB
SIZE 12582912, REAL_BD 1.017 TB/s, BD/PAIR 254.369 GB/s, time 4.947e-03 s, comm_vol 5.033 GB
SIZE 14680064, REAL_BD 1.052 TB/s, BD/PAIR 263.019 GB/s, time 5.581e-03 s, comm_vol 5.872 GB
SIZE 16777216, REAL_BD 1.051 TB/s, BD/PAIR 262.795 GB/s, time 6.384e-03 s, comm_vol 6.711 GB
SIZE 20971520, REAL_BD 1.112 TB/s, BD/PAIR 278.12 GB/s, time 7.540e-03 s, comm_vol 8.389 GB
SIZE 25165824, REAL_BD 1.142 TB/s, BD/PAIR 285.541 GB/s, time 8.813e-03 s, comm_vol 10.066 GB
SIZE 29360128, REAL_BD 1.168 TB/s, BD/PAIR 291.917 GB/s, time 1.006e-02 s, comm_vol 11.744 GB
SIZE 33554432, REAL_BD 1.198 TB/s, BD/PAIR 299.378 GB/s, time 1.121e-02 s, comm_vol 13.422 GB
SIZE 41943040, REAL_BD 1.242 TB/s, BD/PAIR 310.503 GB/s, time 1.351e-02 s, comm_vol 16.777 GB
SIZE 50331648, REAL_BD 1.267 TB/s, BD/PAIR 316.829 GB/s, time 1.589e-02 s, comm_vol 20.133 GB
SIZE 58720256, REAL_BD 1.286 TB/s, BD/PAIR 321.621 GB/s, time 1.826e-02 s, comm_vol 23.488 GB
SIZE 67108864, REAL_BD 1.306 TB/s, BD/PAIR 326.53 GB/s, time 2.055e-02 s, comm_vol 26.844 GB
SIZE 83886080, REAL_BD 1.323 TB/s, BD/PAIR 330.634 GB/s, time 2.537e-02 s, comm_vol 33.554 GB
SIZE 100663296, REAL_BD 1.335 TB/s, BD/PAIR 333.781 GB/s, time 3.016e-02 s, comm_vol 40.265 GB
SIZE 117440512, REAL_BD 1.351 TB/s, BD/PAIR 337.708 GB/s, time 3.478e-02 s, comm_vol 46.976 GB
SIZE 134217728, REAL_BD 1.359 TB/s, BD/PAIR 339.866 GB/s, time 3.949e-02 s, comm_vol 53.687 GB
SIZE 167772160, REAL_BD 1.369 TB/s, BD/PAIR 342.202 GB/s, time 4.903e-02 s, comm_vol 67.109 GB
SIZE 201326592, REAL_BD 1.368 TB/s, BD/PAIR 342.113 GB/s, time 5.885e-02 s, comm_vol 80.531 GB
SIZE 234881024, REAL_BD 1.378 TB/s, BD/PAIR 344.541 GB/s, time 6.817e-02 s, comm_vol 93.952 GB
SIZE 268435456, REAL_BD 1.384 TB/s, BD/PAIR 345.957 GB/s, time 7.759e-02 s, comm_vol 107.374 GB
SIZE 335544320, REAL_BD 1.431 TB/s, BD/PAIR 357.777 GB/s, time 9.379e-02 s, comm_vol 134.218 GB
SIZE 402653184, REAL_BD 1.44 TB/s, BD/PAIR 360.101 GB/s, time 1.118e-01 s, comm_vol 161.061 GB
SIZE 469762048, REAL_BD 1.445 TB/s, BD/PAIR 361.26 GB/s, time 1.300e-01 s, comm_vol 187.905 GB
SIZE 536870912, REAL_BD 1.448 TB/s, BD/PAIR 361.93 GB/s, time 1.483e-01 s, comm_vol 214.748 GB
SIZE 671088640, REAL_BD 1.454 TB/s, BD/PAIR 363.388 GB/s, time 1.847e-01 s, comm_vol 268.435 GB
SIZE 805306368, REAL_BD 1.457 TB/s, BD/PAIR 364.342 GB/s, time 2.210e-01 s, comm_vol 322.123 GB
SIZE 939524096, REAL_BD 1.46 TB/s, BD/PAIR 364.961 GB/s, time 2.574e-01 s, comm_vol 375.81 GB
SIZE 1073741824, REAL_BD 1.461 TB/s, BD/PAIR 365.209 GB/s, time 2.940e-01 s, comm_vol 429.497 GB
[[0, 2], [1, 3], [2, 4], [3, 5], [4, 6], [5, 7], [6, 0], [7, 1]]
NCCL version 2.21.5+cuda12.6
NCCL version 2.21.5+cuda12.6
NCCL version 2.21.5+cuda12.6
SIZE 8192, REAL_BD 5.809 GB/s, BD/PAIR 726.115 MB/s, time 1.128e-03 s, comm_vol 6.554 MB
SIZE 16384, REAL_BD 11.734 GB/s, BD/PAIR 1.467 GB/s, time 1.117e-03 s, comm_vol 13.107 MB
SIZE 24576, REAL_BD 17.872 GB/s, BD/PAIR 2.234 GB/s, time 1.100e-03 s, comm_vol 19.661 MB
SIZE 32768, REAL_BD 23.585 GB/s, BD/PAIR 2.948 GB/s, time 1.112e-03 s, comm_vol 26.214 MB
SIZE 40960, REAL_BD 29.348 GB/s, BD/PAIR 3.669 GB/s, time 1.117e-03 s, comm_vol 32.768 MB
SIZE 49152, REAL_BD 34.338 GB/s, BD/PAIR 4.292 GB/s, time 1.145e-03 s, comm_vol 39.322 MB
SIZE 57344, REAL_BD 39.829 GB/s, BD/PAIR 4.979 GB/s, time 1.152e-03 s, comm_vol 45.875 MB
SIZE 65536, REAL_BD 43.666 GB/s, BD/PAIR 5.458 GB/s, time 1.201e-03 s, comm_vol 52.429 MB
SIZE 81920, REAL_BD 54.789 GB/s, BD/PAIR 6.849 GB/s, time 1.196e-03 s, comm_vol 65.536 MB
SIZE 98304, REAL_BD 66.316 GB/s, BD/PAIR 8.289 GB/s, time 1.186e-03 s, comm_vol 78.643 MB
SIZE 114688, REAL_BD 71.49 GB/s, BD/PAIR 8.936 GB/s, time 1.283e-03 s, comm_vol 91.75 MB
SIZE 131072, REAL_BD 81.916 GB/s, BD/PAIR 10.239 GB/s, time 1.280e-03 s, comm_vol 104.858 MB
SIZE 163840, REAL_BD 106.728 GB/s, BD/PAIR 13.341 GB/s, time 1.228e-03 s, comm_vol 131.072 MB
SIZE 196608, REAL_BD 127.16 GB/s, BD/PAIR 15.895 GB/s, time 1.237e-03 s, comm_vol 157.286 MB
SIZE 229376, REAL_BD 150.795 GB/s, BD/PAIR 18.849 GB/s, time 1.217e-03 s, comm_vol 183.501 MB
SIZE 262144, REAL_BD 168.475 GB/s, BD/PAIR 21.059 GB/s, time 1.245e-03 s, comm_vol 209.715 MB
SIZE 327680, REAL_BD 207.69 GB/s, BD/PAIR 25.961 GB/s, time 1.262e-03 s, comm_vol 262.144 MB
SIZE 393216, REAL_BD 240.769 GB/s, BD/PAIR 30.096 GB/s, time 1.307e-03 s, comm_vol 314.573 MB
SIZE 458752, REAL_BD 275.863 GB/s, BD/PAIR 34.483 GB/s, time 1.330e-03 s, comm_vol 367.002 MB
SIZE 524288, REAL_BD 306.271 GB/s, BD/PAIR 38.284 GB/s, time 1.369e-03 s, comm_vol 419.43 MB
SIZE 655360, REAL_BD 373.412 GB/s, BD/PAIR 46.676 GB/s, time 1.404e-03 s, comm_vol 524.288 MB
SIZE 786432, REAL_BD 419.261 GB/s, BD/PAIR 52.408 GB/s, time 1.501e-03 s, comm_vol 629.146 MB
SIZE 917504, REAL_BD 487.357 GB/s, BD/PAIR 60.92 GB/s, time 1.506e-03 s, comm_vol 734.003 MB
SIZE 1048576, REAL_BD 530.844 GB/s, BD/PAIR 66.356 GB/s, time 1.580e-03 s, comm_vol 838.861 MB
SIZE 1310720, REAL_BD 673.617 GB/s, BD/PAIR 84.202 GB/s, time 1.557e-03 s, comm_vol 1.049 GB
SIZE 1572864, REAL_BD 767.324 GB/s, BD/PAIR 95.916 GB/s, time 1.640e-03 s, comm_vol 1.258 GB
SIZE 1835008, REAL_BD 858.874 GB/s, BD/PAIR 107.359 GB/s, time 1.709e-03 s, comm_vol 1.468 GB
SIZE 2097152, REAL_BD 935.506 GB/s, BD/PAIR 116.938 GB/s, time 1.793e-03 s, comm_vol 1.678 GB
SIZE 2621440, REAL_BD 1.013 TB/s, BD/PAIR 126.599 GB/s, time 2.071e-03 s, comm_vol 2.097 GB
SIZE 3145728, REAL_BD 1.167 TB/s, BD/PAIR 145.84 GB/s, time 2.157e-03 s, comm_vol 2.517 GB
SIZE 3670016, REAL_BD 1.169 TB/s, BD/PAIR 146.17 GB/s, time 2.511e-03 s, comm_vol 2.936 GB
SIZE 4194304, REAL_BD 1.323 TB/s, BD/PAIR 165.433 GB/s, time 2.535e-03 s, comm_vol 3.355 GB
SIZE 5242880, REAL_BD 1.423 TB/s, BD/PAIR 177.843 GB/s, time 2.948e-03 s, comm_vol 4.194 GB
SIZE 6291456, REAL_BD 1.528 TB/s, BD/PAIR 190.984 GB/s, time 3.294e-03 s, comm_vol 5.033 GB
SIZE 7340032, REAL_BD 1.598 TB/s, BD/PAIR 199.73 GB/s, time 3.675e-03 s, comm_vol 5.872 GB
SIZE 8388608, REAL_BD 1.654 TB/s, BD/PAIR 206.724 GB/s, time 4.058e-03 s, comm_vol 6.711 GB
SIZE 10485760, REAL_BD 1.803 TB/s, BD/PAIR 225.391 GB/s, time 4.652e-03 s, comm_vol 8.389 GB
SIZE 12582912, REAL_BD 1.95 TB/s, BD/PAIR 243.783 GB/s, time 5.162e-03 s, comm_vol 10.066 GB
SIZE 14680064, REAL_BD 1.986 TB/s, BD/PAIR 248.207 GB/s, time 5.914e-03 s, comm_vol 11.744 GB
SIZE 16777216, REAL_BD 2.104 TB/s, BD/PAIR 263.012 GB/s, time 6.379e-03 s, comm_vol 13.422 GB
SIZE 20971520, REAL_BD 2.127 TB/s, BD/PAIR 265.888 GB/s, time 7.887e-03 s, comm_vol 16.777 GB
SIZE 25165824, REAL_BD 2.266 TB/s, BD/PAIR 283.242 GB/s, time 8.885e-03 s, comm_vol 20.133 GB
SIZE 29360128, REAL_BD 2.344 TB/s, BD/PAIR 292.973 GB/s, time 1.002e-02 s, comm_vol 23.488 GB
SIZE 33554432, REAL_BD 2.404 TB/s, BD/PAIR 300.516 GB/s, time 1.117e-02 s, comm_vol 26.844 GB
SIZE 41943040, REAL_BD 2.382 TB/s, BD/PAIR 297.764 GB/s, time 1.409e-02 s, comm_vol 33.554 GB
SIZE 50331648, REAL_BD 2.516 TB/s, BD/PAIR 314.483 GB/s, time 1.600e-02 s, comm_vol 40.265 GB
SIZE 58720256, REAL_BD 2.566 TB/s, BD/PAIR 320.728 GB/s, time 1.831e-02 s, comm_vol 46.976 GB
SIZE 67108864, REAL_BD 2.59 TB/s, BD/PAIR 323.78 GB/s, time 2.073e-02 s, comm_vol 53.687 GB
SIZE 83886080, REAL_BD 2.635 TB/s, BD/PAIR 329.436 GB/s, time 2.546e-02 s, comm_vol 67.109 GB
SIZE 100663296, REAL_BD 2.659 TB/s, BD/PAIR 332.398 GB/s, time 3.028e-02 s, comm_vol 80.531 GB
SIZE 117440512, REAL_BD 2.688 TB/s, BD/PAIR 336.043 GB/s, time 3.495e-02 s, comm_vol 93.952 GB
SIZE 134217728, REAL_BD 2.704 TB/s, BD/PAIR 338.013 GB/s, time 3.971e-02 s, comm_vol 107.374 GB
SIZE 167772160, REAL_BD 2.732 TB/s, BD/PAIR 341.511 GB/s, time 4.913e-02 s, comm_vol 134.218 GB
SIZE 201326592, REAL_BD 2.759 TB/s, BD/PAIR 344.849 GB/s, time 5.838e-02 s, comm_vol 161.061 GB
SIZE 234881024, REAL_BD 2.77 TB/s, BD/PAIR 346.269 GB/s, time 6.783e-02 s, comm_vol 187.905 GB
SIZE 268435456, REAL_BD 2.78 TB/s, BD/PAIR 347.548 GB/s, time 7.724e-02 s, comm_vol 214.748 GB
SIZE 335544320, REAL_BD 2.879 TB/s, BD/PAIR 359.825 GB/s, time 9.325e-02 s, comm_vol 268.435 GB
SIZE 402653184, REAL_BD 2.887 TB/s, BD/PAIR 360.906 GB/s, time 1.116e-01 s, comm_vol 322.123 GB
SIZE 469762048, REAL_BD 2.89 TB/s, BD/PAIR 361.293 GB/s, time 1.300e-01 s, comm_vol 375.81 GB
SIZE 536870912, REAL_BD 2.902 TB/s, BD/PAIR 362.698 GB/s, time 1.480e-01 s, comm_vol 429.497 GB
SIZE 671088640, REAL_BD 2.906 TB/s, BD/PAIR 363.284 GB/s, time 1.847e-01 s, comm_vol 536.871 GB
SIZE 805306368, REAL_BD 2.912 TB/s, BD/PAIR 364.026 GB/s, time 2.212e-01 s, comm_vol 644.245 GB
SIZE 939524096, REAL_BD 2.917 TB/s, BD/PAIR 364.648 GB/s, time 2.577e-01 s, comm_vol 751.619 GB
SIZE 1073741824, REAL_BD 2.921 TB/s, BD/PAIR 365.118 GB/s, time 2.941e-01 s, comm_vol 858.993 GB
[[0, 1], [1, 2], [2, 3], [3, 4], [4, 5], [5, 6], [6, 7], [7, 0]]
NCCL version 2.21.5+cuda12.6
SIZE 8192, REAL_BD 5.837 GB/s, BD/PAIR 729.661 MB/s, time 1.123e-03 s, comm_vol 6.554 MB
SIZE 16384, REAL_BD 11.682 GB/s, BD/PAIR 1.46 GB/s, time 1.122e-03 s, comm_vol 13.107 MB
SIZE 24576, REAL_BD 17.416 GB/s, BD/PAIR 2.177 GB/s, time 1.129e-03 s, comm_vol 19.661 MB
SIZE 32768, REAL_BD 22.964 GB/s, BD/PAIR 2.87 GB/s, time 1.142e-03 s, comm_vol 26.214 MB
SIZE 40960, REAL_BD 26.718 GB/s, BD/PAIR 3.34 GB/s, time 1.226e-03 s, comm_vol 32.768 MB
SIZE 49152, REAL_BD 31.218 GB/s, BD/PAIR 3.902 GB/s, time 1.260e-03 s, comm_vol 39.322 MB
SIZE 57344, REAL_BD 35.189 GB/s, BD/PAIR 4.399 GB/s, time 1.304e-03 s, comm_vol 45.875 MB
SIZE 65536, REAL_BD 38.661 GB/s, BD/PAIR 4.833 GB/s, time 1.356e-03 s, comm_vol 52.429 MB
SIZE 81920, REAL_BD 48.824 GB/s, BD/PAIR 6.103 GB/s, time 1.342e-03 s, comm_vol 65.536 MB
SIZE 98304, REAL_BD 58.776 GB/s, BD/PAIR 7.347 GB/s, time 1.338e-03 s, comm_vol 78.643 MB
SIZE 114688, REAL_BD 67.633 GB/s, BD/PAIR 8.454 GB/s, time 1.357e-03 s, comm_vol 91.75 MB
SIZE 131072, REAL_BD 76.889 GB/s, BD/PAIR 9.611 GB/s, time 1.364e-03 s, comm_vol 104.858 MB
SIZE 163840, REAL_BD 98.505 GB/s, BD/PAIR 12.313 GB/s, time 1.331e-03 s, comm_vol 131.072 MB
SIZE 196608, REAL_BD 115.515 GB/s, BD/PAIR 14.439 GB/s, time 1.362e-03 s, comm_vol 157.286 MB
SIZE 229376, REAL_BD 137.023 GB/s, BD/PAIR 17.128 GB/s, time 1.339e-03 s, comm_vol 183.501 MB
SIZE 262144, REAL_BD 156.319 GB/s, BD/PAIR 19.54 GB/s, time 1.342e-03 s, comm_vol 209.715 MB
SIZE 327680, REAL_BD 194.26 GB/s, BD/PAIR 24.283 GB/s, time 1.349e-03 s, comm_vol 262.144 MB
SIZE 393216, REAL_BD 232.989 GB/s, BD/PAIR 29.124 GB/s, time 1.350e-03 s, comm_vol 314.573 MB
SIZE 458752, REAL_BD 264.079 GB/s, BD/PAIR 33.01 GB/s, time 1.390e-03 s, comm_vol 367.002 MB
SIZE 524288, REAL_BD 298.324 GB/s, BD/PAIR 37.291 GB/s, time 1.406e-03 s, comm_vol 419.43 MB
SIZE 655360, REAL_BD 367.853 GB/s, BD/PAIR 45.982 GB/s, time 1.425e-03 s, comm_vol 524.288 MB
SIZE 786432, REAL_BD 426.65 GB/s, BD/PAIR 53.331 GB/s, time 1.475e-03 s, comm_vol 629.146 MB
SIZE 917504, REAL_BD 475.391 GB/s, BD/PAIR 59.424 GB/s, time 1.544e-03 s, comm_vol 734.003 MB
SIZE 1048576, REAL_BD 535.775 GB/s, BD/PAIR 66.972 GB/s, time 1.566e-03 s, comm_vol 838.861 MB
SIZE 1310720, REAL_BD 607.213 GB/s, BD/PAIR 75.902 GB/s, time 1.727e-03 s, comm_vol 1.049 GB
SIZE 1572864, REAL_BD 692.97 GB/s, BD/PAIR 86.621 GB/s, time 1.816e-03 s, comm_vol 1.258 GB
SIZE 1835008, REAL_BD 771.394 GB/s, BD/PAIR 96.424 GB/s, time 1.903e-03 s, comm_vol 1.468 GB
SIZE 2097152, REAL_BD 865.119 GB/s, BD/PAIR 108.14 GB/s, time 1.939e-03 s, comm_vol 1.678 GB
SIZE 2621440, REAL_BD 926.392 GB/s, BD/PAIR 115.799 GB/s, time 2.264e-03 s, comm_vol 2.097 GB
SIZE 3145728, REAL_BD 1.058 TB/s, BD/PAIR 132.232 GB/s, time 2.379e-03 s, comm_vol 2.517 GB
SIZE 3670016, REAL_BD 1.074 TB/s, BD/PAIR 134.309 GB/s, time 2.733e-03 s, comm_vol 2.936 GB
SIZE 4194304, REAL_BD 1.203 TB/s, BD/PAIR 150.322 GB/s, time 2.790e-03 s, comm_vol 3.355 GB
SIZE 5242880, REAL_BD 1.309 TB/s, BD/PAIR 163.581 GB/s, time 3.205e-03 s, comm_vol 4.194 GB
SIZE 6291456, REAL_BD 1.399 TB/s, BD/PAIR 174.884 GB/s, time 3.597e-03 s, comm_vol 5.033 GB
SIZE 7340032, REAL_BD 1.466 TB/s, BD/PAIR 183.208 GB/s, time 4.006e-03 s, comm_vol 5.872 GB
SIZE 8388608, REAL_BD 1.508 TB/s, BD/PAIR 188.505 GB/s, time 4.450e-03 s, comm_vol 6.711 GB
SIZE 10485760, REAL_BD 1.655 TB/s, BD/PAIR 206.899 GB/s, time 5.068e-03 s, comm_vol 8.389 GB
SIZE 12582912, REAL_BD 1.813 TB/s, BD/PAIR 226.587 GB/s, time 5.553e-03 s, comm_vol 10.066 GB
SIZE 14680064, REAL_BD 1.904 TB/s, BD/PAIR 238.017 GB/s, time 6.168e-03 s, comm_vol 11.744 GB
SIZE 16777216, REAL_BD 1.898 TB/s, BD/PAIR 237.283 GB/s, time 7.071e-03 s, comm_vol 13.422 GB
SIZE 20971520, REAL_BD 2.108 TB/s, BD/PAIR 263.474 GB/s, time 7.960e-03 s, comm_vol 16.777 GB
SIZE 25165824, REAL_BD 2.182 TB/s, BD/PAIR 272.747 GB/s, time 9.227e-03 s, comm_vol 20.133 GB
SIZE 29360128, REAL_BD 2.302 TB/s, BD/PAIR 287.689 GB/s, time 1.021e-02 s, comm_vol 23.488 GB
SIZE 33554432, REAL_BD 2.35 TB/s, BD/PAIR 293.797 GB/s, time 1.142e-02 s, comm_vol 26.844 GB
SIZE 41943040, REAL_BD 2.476 TB/s, BD/PAIR 309.482 GB/s, time 1.355e-02 s, comm_vol 33.554 GB
SIZE 50331648, REAL_BD 2.537 TB/s, BD/PAIR 317.186 GB/s, time 1.587e-02 s, comm_vol 40.265 GB
SIZE 58720256, REAL_BD 2.499 TB/s, BD/PAIR 312.385 GB/s, time 1.880e-02 s, comm_vol 46.976 GB
SIZE 67108864, REAL_BD 2.564 TB/s, BD/PAIR 320.561 GB/s, time 2.093e-02 s, comm_vol 53.687 GB
SIZE 83886080, REAL_BD 2.603 TB/s, BD/PAIR 325.323 GB/s, time 2.579e-02 s, comm_vol 67.109 GB
SIZE 100663296, REAL_BD 2.666 TB/s, BD/PAIR 333.285 GB/s, time 3.020e-02 s, comm_vol 80.531 GB
SIZE 117440512, REAL_BD 2.688 TB/s, BD/PAIR 336.043 GB/s, time 3.495e-02 s, comm_vol 93.952 GB
SIZE 134217728, REAL_BD 2.7 TB/s, BD/PAIR 337.466 GB/s, time 3.977e-02 s, comm_vol 107.374 GB
SIZE 167772160, REAL_BD 2.729 TB/s, BD/PAIR 341.187 GB/s, time 4.917e-02 s, comm_vol 134.218 GB
SIZE 201326592, REAL_BD 2.754 TB/s, BD/PAIR 344.19 GB/s, time 5.849e-02 s, comm_vol 161.061 GB
SIZE 234881024, REAL_BD 2.756 TB/s, BD/PAIR 344.48 GB/s, time 6.818e-02 s, comm_vol 187.905 GB
SIZE 268435456, REAL_BD 2.774 TB/s, BD/PAIR 346.734 GB/s, time 7.742e-02 s, comm_vol 214.748 GB
SIZE 335544320, REAL_BD 2.88 TB/s, BD/PAIR 360.016 GB/s, time 9.320e-02 s, comm_vol 268.435 GB
SIZE 402653184, REAL_BD 2.893 TB/s, BD/PAIR 361.678 GB/s, time 1.113e-01 s, comm_vol 322.123 GB
SIZE 469762048, REAL_BD 2.901 TB/s, BD/PAIR 362.659 GB/s, time 1.295e-01 s, comm_vol 375.81 GB
SIZE 536870912, REAL_BD 2.907 TB/s, BD/PAIR 363.332 GB/s, time 1.478e-01 s, comm_vol 429.497 GB
SIZE 671088640, REAL_BD 2.914 TB/s, BD/PAIR 364.284 GB/s, time 1.842e-01 s, comm_vol 536.871 GB
SIZE 805306368, REAL_BD 2.913 TB/s, BD/PAIR 364.172 GB/s, time 2.211e-01 s, comm_vol 644.245 GB
SIZE 939524096, REAL_BD 2.92 TB/s, BD/PAIR 365.022 GB/s, time 2.574e-01 s, comm_vol 751.619 GB
SIZE 1073741824, REAL_BD 2.922 TB/s, BD/PAIR 365.236 GB/s, time 2.940e-01 s, comm_vol 858.993 GB
+ set +x
COMM_MODULE: torch-distributed
++ cat /root/mpi_rack_hostfile
++ head -n 1
++ sed -s s/slots=8//g
+ mpirun -np 8 --hostfile /root/mpi_rack_hostfile --allow-run-as-root -oversubscribe -map-by ppr:8:node --bind-to numa -mca pml ob1 -mca btl '^openib' -x OMPI_MCA_btl_tcp_if_include=ens19np0 -mca oob_tcp_if_include 10.102.2.0/24 --output-filename results/ -x NCCL_PXN_DISABLE=0 -x NCCL_IB_GID_INDEX=3 -x NCCL_NET_GDR_LEVEL=4 -x NCCL_IB_RETRY_CNT=7 -x NCCL_IB_TIME_OUT=32 -x NCCL_IB_QPS_PER_CONNECTION=8 -x NCCL_P2P_LEVEL=NVL -x NCCL_DEBUG=VERSION -x PATH -x MASTER_ADDR=10.11.1.2 -x MASTER_PORT=20421 -x GLOO_SOCKET_IFNAME=ens19np0 -x NCCL_SOCKET_IFNAME=ens19np0 -x CUDA_DEVICE_MAX_CONNECTIONS=1 -x TORCH_NCCL_AVOID_RECORD_STREAMS=1 -x PYTORCH_CUDA_ALLOC_CONF=expandable_segments:True -x NCCL_NVLS_ENABLE=0 -x LD_LIBRARY_PATH=/usr/local/cuda/compat/lib.real:/opt/nvshmem/lib:/usr/local/lib/python3.10/dist-packages/torch/lib:/usr/local/lib/python3.10/dist-packages/torch_tensorrt/lib:/usr/local/cuda/compat/lib:/usr/local/nvidia/lib:/usr/local/nvidia/lib64:/usr/local/cuda/lib64:/usr/local/tensorrt/lib:/usr/local/cuda/lib64:/usr/local/tensorrt/lib -x CLUSTER_NAME -x PLATFORM -x TRACE_NAME ./scripts/executor.sh python conflict_bench.py --backend NCCL --config ./scripts/configs/small_8.json --comm-module torch-distributed
NCCL version 2.25.1+cuda12.2
[INFO]: Cluster init done !!!
[[0, 1]]
SIZE 8192, REAL_BD 505.96 MB/s, BD/PAIR 505.96 MB/s, time 1.619e-03 s, comm_vol 819.2 KB
SIZE 16384, REAL_BD 999.847 MB/s, BD/PAIR 999.847 MB/s, time 1.639e-03 s, comm_vol 1.638 MB
SIZE 24576, REAL_BD 1.51 GB/s, BD/PAIR 1.51 GB/s, time 1.627e-03 s, comm_vol 2.458 MB
SIZE 32768, REAL_BD 1.987 GB/s, BD/PAIR 1.987 GB/s, time 1.649e-03 s, comm_vol 3.277 MB
SIZE 40960, REAL_BD 2.508 GB/s, BD/PAIR 2.508 GB/s, time 1.633e-03 s, comm_vol 4.096 MB
SIZE 49152, REAL_BD 2.995 GB/s, BD/PAIR 2.995 GB/s, time 1.641e-03 s, comm_vol 4.915 MB
SIZE 57344, REAL_BD 3.512 GB/s, BD/PAIR 3.512 GB/s, time 1.633e-03 s, comm_vol 5.734 MB
SIZE 65536, REAL_BD 4.003 GB/s, BD/PAIR 4.003 GB/s, time 1.637e-03 s, comm_vol 6.554 MB
SIZE 81920, REAL_BD 5.001 GB/s, BD/PAIR 5.001 GB/s, time 1.638e-03 s, comm_vol 8.192 MB
SIZE 98304, REAL_BD 5.959 GB/s, BD/PAIR 5.959 GB/s, time 1.650e-03 s, comm_vol 9.83 MB
SIZE 114688, REAL_BD 6.966 GB/s, BD/PAIR 6.966 GB/s, time 1.646e-03 s, comm_vol 11.469 MB
SIZE 131072, REAL_BD 7.938 GB/s, BD/PAIR 7.938 GB/s, time 1.651e-03 s, comm_vol 13.107 MB
SIZE 163840, REAL_BD 9.943 GB/s, BD/PAIR 9.943 GB/s, time 1.648e-03 s, comm_vol 16.384 MB
SIZE 196608, REAL_BD 11.982 GB/s, BD/PAIR 11.982 GB/s, time 1.641e-03 s, comm_vol 19.661 MB
SIZE 229376, REAL_BD 13.859 GB/s, BD/PAIR 13.859 GB/s, time 1.655e-03 s, comm_vol 22.938 MB
SIZE 262144, REAL_BD 15.896 GB/s, BD/PAIR 15.896 GB/s, time 1.649e-03 s, comm_vol 26.214 MB
SIZE 327680, REAL_BD 19.781 GB/s, BD/PAIR 19.781 GB/s, time 1.657e-03 s, comm_vol 32.768 MB
SIZE 393216, REAL_BD 23.799 GB/s, BD/PAIR 23.799 GB/s, time 1.652e-03 s, comm_vol 39.322 MB
SIZE 458752, REAL_BD 27.678 GB/s, BD/PAIR 27.678 GB/s, time 1.657e-03 s, comm_vol 45.875 MB
SIZE 524288, REAL_BD 31.805 GB/s, BD/PAIR 31.805 GB/s, time 1.648e-03 s, comm_vol 52.429 MB
SIZE 655360, REAL_BD 39.625 GB/s, BD/PAIR 39.625 GB/s, time 1.654e-03 s, comm_vol 65.536 MB
SIZE 786432, REAL_BD 47.612 GB/s, BD/PAIR 47.612 GB/s, time 1.652e-03 s, comm_vol 78.643 MB
SIZE 917504, REAL_BD 54.78 GB/s, BD/PAIR 54.78 GB/s, time 1.675e-03 s, comm_vol 91.75 MB
SIZE 1048576, REAL_BD 62.57 GB/s, BD/PAIR 62.57 GB/s, time 1.676e-03 s, comm_vol 104.858 MB
SIZE 1310720, REAL_BD 70.382 GB/s, BD/PAIR 70.382 GB/s, time 1.862e-03 s, comm_vol 131.072 MB
SIZE 1572864, REAL_BD 93.575 GB/s, BD/PAIR 93.575 GB/s, time 1.681e-03 s, comm_vol 157.286 MB
SIZE 1835008, REAL_BD 109.295 GB/s, BD/PAIR 109.295 GB/s, time 1.679e-03 s, comm_vol 183.501 MB
SIZE 2097152, REAL_BD 125.016 GB/s, BD/PAIR 125.016 GB/s, time 1.678e-03 s, comm_vol 209.715 MB
SIZE 2621440, REAL_BD 147.883 GB/s, BD/PAIR 147.883 GB/s, time 1.773e-03 s, comm_vol 262.144 MB
SIZE 3145728, REAL_BD 162.17 GB/s, BD/PAIR 162.17 GB/s, time 1.940e-03 s, comm_vol 314.573 MB
SIZE 3670016, REAL_BD 174.724 GB/s, BD/PAIR 174.724 GB/s, time 2.100e-03 s, comm_vol 367.002 MB
SIZE 4194304, REAL_BD 187.57 GB/s, BD/PAIR 187.57 GB/s, time 2.236e-03 s, comm_vol 419.43 MB
SIZE 5242880, REAL_BD 206.714 GB/s, BD/PAIR 206.714 GB/s, time 2.536e-03 s, comm_vol 524.288 MB
SIZE 6291456, REAL_BD 222.479 GB/s, BD/PAIR 222.479 GB/s, time 2.828e-03 s, comm_vol 629.146 MB
SIZE 7340032, REAL_BD 236.363 GB/s, BD/PAIR 236.363 GB/s, time 3.105e-03 s, comm_vol 734.003 MB
SIZE 8388608, REAL_BD 246.527 GB/s, BD/PAIR 246.527 GB/s, time 3.403e-03 s, comm_vol 838.861 MB
SIZE 10485760, REAL_BD 263.798 GB/s, BD/PAIR 263.798 GB/s, time 3.975e-03 s, comm_vol 1.049 GB
SIZE 12582912, REAL_BD 275.538 GB/s, BD/PAIR 275.538 GB/s, time 4.567e-03 s, comm_vol 1.258 GB
SIZE 14680064, REAL_BD 285.627 GB/s, BD/PAIR 285.627 GB/s, time 5.140e-03 s, comm_vol 1.468 GB
SIZE 16777216, REAL_BD 293.901 GB/s, BD/PAIR 293.901 GB/s, time 5.708e-03 s, comm_vol 1.678 GB
SIZE 20971520, REAL_BD 306.441 GB/s, BD/PAIR 306.441 GB/s, time 6.844e-03 s, comm_vol 2.097 GB
SIZE 25165824, REAL_BD 315.197 GB/s, BD/PAIR 315.197 GB/s, time 7.984e-03 s, comm_vol 2.517 GB
SIZE 29360128, REAL_BD 323.42 GB/s, BD/PAIR 323.42 GB/s, time 9.078e-03 s, comm_vol 2.936 GB
SIZE 33554432, REAL_BD 327.907 GB/s, BD/PAIR 327.907 GB/s, time 1.023e-02 s, comm_vol 3.355 GB
SIZE 41943040, REAL_BD 327.096 GB/s, BD/PAIR 327.096 GB/s, time 1.282e-02 s, comm_vol 4.194 GB
SIZE 50331648, REAL_BD 331.028 GB/s, BD/PAIR 331.028 GB/s, time 1.520e-02 s, comm_vol 5.033 GB
SIZE 58720256, REAL_BD 335.939 GB/s, BD/PAIR 335.939 GB/s, time 1.748e-02 s, comm_vol 5.872 GB
SIZE 67108864, REAL_BD 339.962 GB/s, BD/PAIR 339.962 GB/s, time 1.974e-02 s, comm_vol 6.711 GB
SIZE 83886080, REAL_BD 343.95 GB/s, BD/PAIR 343.95 GB/s, time 2.439e-02 s, comm_vol 8.389 GB
SIZE 100663296, REAL_BD 346.92 GB/s, BD/PAIR 346.92 GB/s, time 2.902e-02 s, comm_vol 10.066 GB
SIZE 117440512, REAL_BD 337.107 GB/s, BD/PAIR 337.107 GB/s, time 3.484e-02 s, comm_vol 11.744 GB
SIZE 134217728, REAL_BD 351.376 GB/s, BD/PAIR 351.376 GB/s, time 3.820e-02 s, comm_vol 13.422 GB
SIZE 167772160, REAL_BD 354.385 GB/s, BD/PAIR 354.385 GB/s, time 4.734e-02 s, comm_vol 16.777 GB
SIZE 201326592, REAL_BD 353.109 GB/s, BD/PAIR 353.109 GB/s, time 5.702e-02 s, comm_vol 20.133 GB
SIZE 234881024, REAL_BD 355.081 GB/s, BD/PAIR 355.081 GB/s, time 6.615e-02 s, comm_vol 23.488 GB
SIZE 268435456, REAL_BD 356.195 GB/s, BD/PAIR 356.195 GB/s, time 7.536e-02 s, comm_vol 26.844 GB
SIZE 335544320, REAL_BD 365.453 GB/s, BD/PAIR 365.453 GB/s, time 9.182e-02 s, comm_vol 33.554 GB
SIZE 402653184, REAL_BD 366.433 GB/s, BD/PAIR 366.433 GB/s, time 1.099e-01 s, comm_vol 40.265 GB
SIZE 469762048, REAL_BD 368.035 GB/s, BD/PAIR 368.035 GB/s, time 1.276e-01 s, comm_vol 46.976 GB
SIZE 536870912, REAL_BD 368.614 GB/s, BD/PAIR 368.614 GB/s, time 1.456e-01 s, comm_vol 53.687 GB
SIZE 671088640, REAL_BD 369.599 GB/s, BD/PAIR 369.599 GB/s, time 1.816e-01 s, comm_vol 67.109 GB
SIZE 805306368, REAL_BD 370.443 GB/s, BD/PAIR 370.443 GB/s, time 2.174e-01 s, comm_vol 80.531 GB
SIZE 939524096, REAL_BD 370.877 GB/s, BD/PAIR 370.877 GB/s, time 2.533e-01 s, comm_vol 93.952 GB
SIZE 1073741824, REAL_BD 371.305 GB/s, BD/PAIR 371.305 GB/s, time 2.892e-01 s, comm_vol 107.374 GB
[[0, 1], [1, 0]]
SIZE 8192, REAL_BD 517.778 MB/s, BD/PAIR 258.889 MB/s, time 3.164e-03 s, comm_vol 1.638 MB
SIZE 16384, REAL_BD 1.066 GB/s, BD/PAIR 533.247 MB/s, time 3.073e-03 s, comm_vol 3.277 MB
SIZE 24576, REAL_BD 1.591 GB/s, BD/PAIR 795.733 MB/s, time 3.088e-03 s, comm_vol 4.915 MB
SIZE 32768, REAL_BD 1.674 GB/s, BD/PAIR 836.869 MB/s, time 3.916e-03 s, comm_vol 6.554 MB
SIZE 40960, REAL_BD 2.61 GB/s, BD/PAIR 1.305 GB/s, time 3.138e-03 s, comm_vol 8.192 MB
SIZE 49152, REAL_BD 3.119 GB/s, BD/PAIR 1.559 GB/s, time 3.152e-03 s, comm_vol 9.83 MB
SIZE 57344, REAL_BD 3.618 GB/s, BD/PAIR 1.809 GB/s, time 3.170e-03 s, comm_vol 11.469 MB
SIZE 65536, REAL_BD 4.134 GB/s, BD/PAIR 2.067 GB/s, time 3.170e-03 s, comm_vol 13.107 MB
SIZE 81920, REAL_BD 5.162 GB/s, BD/PAIR 2.581 GB/s, time 3.174e-03 s, comm_vol 16.384 MB
SIZE 98304, REAL_BD 6.256 GB/s, BD/PAIR 3.128 GB/s, time 3.143e-03 s, comm_vol 19.661 MB
SIZE 114688, REAL_BD 7.267 GB/s, BD/PAIR 3.633 GB/s, time 3.156e-03 s, comm_vol 22.938 MB
SIZE 131072, REAL_BD 8.335 GB/s, BD/PAIR 4.168 GB/s, time 3.145e-03 s, comm_vol 26.214 MB
SIZE 163840, REAL_BD 10.358 GB/s, BD/PAIR 5.179 GB/s, time 3.164e-03 s, comm_vol 32.768 MB
SIZE 196608, REAL_BD 12.45 GB/s, BD/PAIR 6.225 GB/s, time 3.158e-03 s, comm_vol 39.322 MB
SIZE 229376, REAL_BD 3.212 GB/s, BD/PAIR 1.606 GB/s, time 1.428e-02 s, comm_vol 45.875 MB
SIZE 262144, REAL_BD 16.239 GB/s, BD/PAIR 8.119 GB/s, time 3.229e-03 s, comm_vol 52.429 MB
SIZE 327680, REAL_BD 20.304 GB/s, BD/PAIR 10.152 GB/s, time 3.228e-03 s, comm_vol 65.536 MB
SIZE 393216, REAL_BD 24.481 GB/s, BD/PAIR 12.24 GB/s, time 3.212e-03 s, comm_vol 78.643 MB
SIZE 458752, REAL_BD 28.519 GB/s, BD/PAIR 14.259 GB/s, time 3.217e-03 s, comm_vol 91.75 MB
SIZE 524288, REAL_BD 6.0 GB/s, BD/PAIR 3.0 GB/s, time 1.748e-02 s, comm_vol 104.858 MB
SIZE 655360, REAL_BD 41.292 GB/s, BD/PAIR 20.646 GB/s, time 3.174e-03 s, comm_vol 131.072 MB
SIZE 786432, REAL_BD 49.52 GB/s, BD/PAIR 24.76 GB/s, time 3.176e-03 s, comm_vol 157.286 MB
SIZE 917504, REAL_BD 57.164 GB/s, BD/PAIR 28.582 GB/s, time 3.210e-03 s, comm_vol 183.501 MB
SIZE 1048576, REAL_BD 63.195 GB/s, BD/PAIR 31.597 GB/s, time 3.319e-03 s, comm_vol 209.715 MB
SIZE 1310720, REAL_BD 72.327 GB/s, BD/PAIR 36.163 GB/s, time 3.624e-03 s, comm_vol 262.144 MB
SIZE 1572864, REAL_BD 82.541 GB/s, BD/PAIR 41.27 GB/s, time 3.811e-03 s, comm_vol 314.573 MB
SIZE 1835008, REAL_BD 91.008 GB/s, BD/PAIR 45.504 GB/s, time 4.033e-03 s, comm_vol 367.002 MB
SIZE 2097152, REAL_BD 97.87 GB/s, BD/PAIR 48.935 GB/s, time 4.286e-03 s, comm_vol 419.43 MB
SIZE 2621440, REAL_BD 110.432 GB/s, BD/PAIR 55.216 GB/s, time 4.748e-03 s, comm_vol 524.288 MB
SIZE 3145728, REAL_BD 120.737 GB/s, BD/PAIR 60.369 GB/s, time 5.211e-03 s, comm_vol 629.146 MB
SIZE 3670016, REAL_BD 130.263 GB/s, BD/PAIR 65.131 GB/s, time 5.635e-03 s, comm_vol 734.003 MB
SIZE 4194304, REAL_BD 138.162 GB/s, BD/PAIR 69.081 GB/s, time 6.072e-03 s, comm_vol 838.861 MB
SIZE 5242880, REAL_BD 150.443 GB/s, BD/PAIR 75.221 GB/s, time 6.970e-03 s, comm_vol 1.049 GB
SIZE 6291456, REAL_BD 160.332 GB/s, BD/PAIR 80.166 GB/s, time 7.848e-03 s, comm_vol 1.258 GB
SIZE 7340032, REAL_BD 168.609 GB/s, BD/PAIR 84.305 GB/s, time 8.707e-03 s, comm_vol 1.468 GB
SIZE 8388608, REAL_BD 82.928 GB/s, BD/PAIR 41.464 GB/s, time 2.023e-02 s, comm_vol 1.678 GB
SIZE 10485760, REAL_BD 189.395 GB/s, BD/PAIR 94.698 GB/s, time 1.107e-02 s, comm_vol 2.097 GB
SIZE 12582912, REAL_BD 211.284 GB/s, BD/PAIR 105.642 GB/s, time 1.191e-02 s, comm_vol 2.517 GB
SIZE 14680064, REAL_BD 225.129 GB/s, BD/PAIR 112.564 GB/s, time 1.304e-02 s, comm_vol 2.936 GB
SIZE 16777216, REAL_BD 226.82 GB/s, BD/PAIR 113.41 GB/s, time 1.479e-02 s, comm_vol 3.355 GB
SIZE 20971520, REAL_BD 245.749 GB/s, BD/PAIR 122.874 GB/s, time 1.707e-02 s, comm_vol 4.194 GB
SIZE 25165824, REAL_BD 229.286 GB/s, BD/PAIR 114.643 GB/s, time 2.195e-02 s, comm_vol 5.033 GB
SIZE 29360128, REAL_BD 266.016 GB/s, BD/PAIR 133.008 GB/s, time 2.207e-02 s, comm_vol 5.872 GB
SIZE 33554432, REAL_BD 276.048 GB/s, BD/PAIR 138.024 GB/s, time 2.431e-02 s, comm_vol 6.711 GB
SIZE 41943040, REAL_BD 290.056 GB/s, BD/PAIR 145.028 GB/s, time 2.892e-02 s, comm_vol 8.389 GB
SIZE 50331648, REAL_BD 301.114 GB/s, BD/PAIR 150.557 GB/s, time 3.343e-02 s, comm_vol 10.066 GB
SIZE 58720256, REAL_BD 308.697 GB/s, BD/PAIR 154.348 GB/s, time 3.804e-02 s, comm_vol 11.744 GB
SIZE 67108864, REAL_BD 315.408 GB/s, BD/PAIR 157.704 GB/s, time 4.255e-02 s, comm_vol 13.422 GB
SIZE 83886080, REAL_BD 320.601 GB/s, BD/PAIR 160.301 GB/s, time 5.233e-02 s, comm_vol 16.777 GB
SIZE 100663296, REAL_BD 327.153 GB/s, BD/PAIR 163.577 GB/s, time 6.154e-02 s, comm_vol 20.133 GB
SIZE 117440512, REAL_BD 332.613 GB/s, BD/PAIR 166.306 GB/s, time 7.062e-02 s, comm_vol 23.488 GB
SIZE 134217728, REAL_BD 336.915 GB/s, BD/PAIR 168.458 GB/s, time 7.967e-02 s, comm_vol 26.844 GB
SIZE 167772160, REAL_BD 342.889 GB/s, BD/PAIR 171.445 GB/s, time 9.786e-02 s, comm_vol 33.554 GB
SIZE 201326592, REAL_BD 346.812 GB/s, BD/PAIR 173.406 GB/s, time 1.161e-01 s, comm_vol 40.265 GB
SIZE 234881024, REAL_BD 349.4 GB/s, BD/PAIR 174.7 GB/s, time 1.344e-01 s, comm_vol 46.976 GB
SIZE 268435456, REAL_BD 351.869 GB/s, BD/PAIR 175.935 GB/s, time 1.526e-01 s, comm_vol 53.687 GB
SIZE 335544320, REAL_BD 359.81 GB/s, BD/PAIR 179.905 GB/s, time 1.865e-01 s, comm_vol 67.109 GB
SIZE 402653184, REAL_BD 362.223 GB/s, BD/PAIR 181.111 GB/s, time 2.223e-01 s, comm_vol 80.531 GB
SIZE 469762048, REAL_BD 363.983 GB/s, BD/PAIR 181.992 GB/s, time 2.581e-01 s, comm_vol 93.952 GB
SIZE 536870912, REAL_BD 365.54 GB/s, BD/PAIR 182.77 GB/s, time 2.937e-01 s, comm_vol 107.374 GB
SIZE 671088640, REAL_BD 367.326 GB/s, BD/PAIR 183.663 GB/s, time 3.654e-01 s, comm_vol 134.218 GB
SIZE 805306368, REAL_BD 368.421 GB/s, BD/PAIR 184.211 GB/s, time 4.372e-01 s, comm_vol 161.061 GB
SIZE 939524096, REAL_BD 369.266 GB/s, BD/PAIR 184.633 GB/s, time 5.089e-01 s, comm_vol 187.905 GB
SIZE 1073741824, REAL_BD 369.913 GB/s, BD/PAIR 184.956 GB/s, time 5.805e-01 s, comm_vol 214.748 GB
[[0, 1], [1, 2], [2, 3], [3, 0]]
NCCL version 2.25.1+cuda12.2
NCCL version 2.25.1+cuda12.2
SIZE 8192, REAL_BD 1.045 GB/s, BD/PAIR 261.231 MB/s, time 3.136e-03 s, comm_vol 3.277 MB
SIZE 16384, REAL_BD 2.055 GB/s, BD/PAIR 513.79 MB/s, time 3.189e-03 s, comm_vol 6.554 MB
SIZE 24576, REAL_BD 3.076 GB/s, BD/PAIR 768.904 MB/s, time 3.196e-03 s, comm_vol 9.83 MB
SIZE 32768, REAL_BD 4.087 GB/s, BD/PAIR 1.022 GB/s, time 3.207e-03 s, comm_vol 13.107 MB
SIZE 40960, REAL_BD 2.389 GB/s, BD/PAIR 597.374 MB/s, time 6.857e-03 s, comm_vol 16.384 MB
SIZE 49152, REAL_BD 6.128 GB/s, BD/PAIR 1.532 GB/s, time 3.208e-03 s, comm_vol 19.661 MB
SIZE 57344, REAL_BD 7.165 GB/s, BD/PAIR 1.791 GB/s, time 3.201e-03 s, comm_vol 22.938 MB
SIZE 65536, REAL_BD 8.171 GB/s, BD/PAIR 2.043 GB/s, time 3.208e-03 s, comm_vol 26.214 MB
SIZE 81920, REAL_BD 10.148 GB/s, BD/PAIR 2.537 GB/s, time 3.229e-03 s, comm_vol 32.768 MB
SIZE 98304, REAL_BD 3.53 GB/s, BD/PAIR 882.546 MB/s, time 1.114e-02 s, comm_vol 39.322 MB
SIZE 114688, REAL_BD 13.927 GB/s, BD/PAIR 3.482 GB/s, time 3.294e-03 s, comm_vol 45.875 MB
SIZE 131072, REAL_BD 16.013 GB/s, BD/PAIR 4.003 GB/s, time 3.274e-03 s, comm_vol 52.429 MB
SIZE 163840, REAL_BD 5.022 GB/s, BD/PAIR 1.256 GB/s, time 1.305e-02 s, comm_vol 65.536 MB
SIZE 196608, REAL_BD 24.002 GB/s, BD/PAIR 6.0 GB/s, time 3.277e-03 s, comm_vol 78.643 MB
SIZE 229376, REAL_BD 27.998 GB/s, BD/PAIR 6.999 GB/s, time 3.277e-03 s, comm_vol 91.75 MB
SIZE 262144, REAL_BD 31.993 GB/s, BD/PAIR 7.998 GB/s, time 3.278e-03 s, comm_vol 104.858 MB
SIZE 327680, REAL_BD 8.391 GB/s, BD/PAIR 2.098 GB/s, time 1.562e-02 s, comm_vol 131.072 MB
SIZE 393216, REAL_BD 47.912 GB/s, BD/PAIR 11.978 GB/s, time 3.283e-03 s, comm_vol 157.286 MB
SIZE 458752, REAL_BD 55.902 GB/s, BD/PAIR 13.975 GB/s, time 3.283e-03 s, comm_vol 183.501 MB
SIZE 524288, REAL_BD 63.962 GB/s, BD/PAIR 15.991 GB/s, time 3.279e-03 s, comm_vol 209.715 MB
SIZE 655360, REAL_BD 79.837 GB/s, BD/PAIR 19.959 GB/s, time 3.284e-03 s, comm_vol 262.144 MB
SIZE 786432, REAL_BD 96.223 GB/s, BD/PAIR 24.056 GB/s, time 3.269e-03 s, comm_vol 314.573 MB
SIZE 917504, REAL_BD 20.845 GB/s, BD/PAIR 5.211 GB/s, time 1.761e-02 s, comm_vol 367.002 MB
SIZE 1048576, REAL_BD 128.513 GB/s, BD/PAIR 32.128 GB/s, time 3.264e-03 s, comm_vol 419.43 MB
SIZE 1310720, REAL_BD 161.325 GB/s, BD/PAIR 40.331 GB/s, time 3.250e-03 s, comm_vol 524.288 MB
SIZE 1572864, REAL_BD 193.619 GB/s, BD/PAIR 48.405 GB/s, time 3.249e-03 s, comm_vol 629.146 MB
SIZE 1835008, REAL_BD 225.26 GB/s, BD/PAIR 56.315 GB/s, time 3.258e-03 s, comm_vol 734.003 MB
SIZE 2097152, REAL_BD 54.689 GB/s, BD/PAIR 13.672 GB/s, time 1.534e-02 s, comm_vol 838.861 MB
SIZE 2621440, REAL_BD 322.816 GB/s, BD/PAIR 80.704 GB/s, time 3.248e-03 s, comm_vol 1.049 GB
SIZE 3145728, REAL_BD 389.15 GB/s, BD/PAIR 97.288 GB/s, time 3.233e-03 s, comm_vol 1.258 GB
SIZE 3670016, REAL_BD 451.578 GB/s, BD/PAIR 112.894 GB/s, time 3.251e-03 s, comm_vol 1.468 GB
SIZE 4194304, REAL_BD 111.304 GB/s, BD/PAIR 27.826 GB/s, time 1.507e-02 s, comm_vol 1.678 GB
SIZE 5242880, REAL_BD 571.918 GB/s, BD/PAIR 142.979 GB/s, time 3.667e-03 s, comm_vol 2.097 GB
SIZE 6291456, REAL_BD 584.879 GB/s, BD/PAIR 146.22 GB/s, time 4.303e-03 s, comm_vol 2.517 GB
SIZE 7340032, REAL_BD 608.245 GB/s, BD/PAIR 152.061 GB/s, time 4.827e-03 s, comm_vol 2.936 GB
SIZE 8388608, REAL_BD 635.613 GB/s, BD/PAIR 158.903 GB/s, time 5.279e-03 s, comm_vol 3.355 GB
SIZE 10485760, REAL_BD 690.269 GB/s, BD/PAIR 172.567 GB/s, time 6.076e-03 s, comm_vol 4.194 GB
SIZE 12582912, REAL_BD 767.547 GB/s, BD/PAIR 191.887 GB/s, time 6.557e-03 s, comm_vol 5.033 GB
SIZE 14680064, REAL_BD 814.642 GB/s, BD/PAIR 203.66 GB/s, time 7.208e-03 s, comm_vol 5.872 GB
SIZE 16777216, REAL_BD 824.787 GB/s, BD/PAIR 206.197 GB/s, time 8.137e-03 s, comm_vol 6.711 GB
SIZE 20971520, REAL_BD 917.598 GB/s, BD/PAIR 229.399 GB/s, time 9.142e-03 s, comm_vol 8.389 GB
SIZE 25165824, REAL_BD 677.23 GB/s, BD/PAIR 169.308 GB/s, time 1.486e-02 s, comm_vol 10.066 GB
SIZE 29360128, REAL_BD 996.16 GB/s, BD/PAIR 249.04 GB/s, time 1.179e-02 s, comm_vol 11.744 GB
SIZE 33554432, REAL_BD 1.02 TB/s, BD/PAIR 255.116 GB/s, time 1.315e-02 s, comm_vol 13.422 GB
SIZE 41943040, REAL_BD 1.084 TB/s, BD/PAIR 271.016 GB/s, time 1.548e-02 s, comm_vol 16.777 GB
SIZE 50331648, REAL_BD 1.134 TB/s, BD/PAIR 283.49 GB/s, time 1.775e-02 s, comm_vol 20.133 GB
SIZE 58720256, REAL_BD 1.167 TB/s, BD/PAIR 291.793 GB/s, time 2.012e-02 s, comm_vol 23.488 GB
SIZE 67108864, REAL_BD 1.194 TB/s, BD/PAIR 298.429 GB/s, time 2.249e-02 s, comm_vol 26.844 GB
SIZE 83886080, REAL_BD 1.23 TB/s, BD/PAIR 307.585 GB/s, time 2.727e-02 s, comm_vol 33.554 GB
SIZE 100663296, REAL_BD 1.256 TB/s, BD/PAIR 313.985 GB/s, time 3.206e-02 s, comm_vol 40.265 GB
SIZE 117440512, REAL_BD 1.284 TB/s, BD/PAIR 320.877 GB/s, time 3.660e-02 s, comm_vol 46.976 GB
SIZE 134217728, REAL_BD 1.3 TB/s, BD/PAIR 324.89 GB/s, time 4.131e-02 s, comm_vol 53.687 GB
SIZE 167772160, REAL_BD 1.316 TB/s, BD/PAIR 329.001 GB/s, time 5.099e-02 s, comm_vol 67.109 GB
SIZE 201326592, REAL_BD 1.339 TB/s, BD/PAIR 334.854 GB/s, time 6.012e-02 s, comm_vol 80.531 GB
SIZE 234881024, REAL_BD 1.352 TB/s, BD/PAIR 338.099 GB/s, time 6.947e-02 s, comm_vol 93.952 GB
SIZE 268435456, REAL_BD 1.361 TB/s, BD/PAIR 340.141 GB/s, time 7.892e-02 s, comm_vol 107.374 GB
SIZE 335544320, REAL_BD 1.408 TB/s, BD/PAIR 352.117 GB/s, time 9.529e-02 s, comm_vol 134.218 GB
SIZE 402653184, REAL_BD 1.418 TB/s, BD/PAIR 354.383 GB/s, time 1.136e-01 s, comm_vol 161.061 GB
SIZE 469762048, REAL_BD 1.427 TB/s, BD/PAIR 356.722 GB/s, time 1.317e-01 s, comm_vol 187.905 GB
SIZE 536870912, REAL_BD 1.433 TB/s, BD/PAIR 358.223 GB/s, time 1.499e-01 s, comm_vol 214.748 GB
SIZE 671088640, REAL_BD 1.442 TB/s, BD/PAIR 360.506 GB/s, time 1.862e-01 s, comm_vol 268.435 GB
SIZE 805306368, REAL_BD 1.448 TB/s, BD/PAIR 361.939 GB/s, time 2.225e-01 s, comm_vol 322.123 GB
SIZE 939524096, REAL_BD 1.451 TB/s, BD/PAIR 362.736 GB/s, time 2.590e-01 s, comm_vol 375.81 GB
SIZE 1073741824, REAL_BD 1.454 TB/s, BD/PAIR 363.565 GB/s, time 2.953e-01 s, comm_vol 429.497 GB
[[0, 2], [1, 3], [2, 0], [3, 1]]
SIZE 8192, REAL_BD 972.95 MB/s, BD/PAIR 243.238 MB/s, time 3.368e-03 s, comm_vol 3.277 MB
SIZE 16384, REAL_BD 2.012 GB/s, BD/PAIR 503.071 MB/s, time 3.257e-03 s, comm_vol 6.554 MB
SIZE 24576, REAL_BD 2.974 GB/s, BD/PAIR 743.61 MB/s, time 3.305e-03 s, comm_vol 9.83 MB
SIZE 32768, REAL_BD 3.95 GB/s, BD/PAIR 987.562 MB/s, time 3.318e-03 s, comm_vol 13.107 MB
SIZE 40960, REAL_BD 5.236 GB/s, BD/PAIR 1.309 GB/s, time 3.129e-03 s, comm_vol 16.384 MB
SIZE 49152, REAL_BD 6.306 GB/s, BD/PAIR 1.577 GB/s, time 3.118e-03 s, comm_vol 19.661 MB
SIZE 57344, REAL_BD 2.721 GB/s, BD/PAIR 680.314 MB/s, time 8.429e-03 s, comm_vol 22.938 MB
SIZE 65536, REAL_BD 8.271 GB/s, BD/PAIR 2.068 GB/s, time 3.169e-03 s, comm_vol 26.214 MB
SIZE 81920, REAL_BD 10.441 GB/s, BD/PAIR 2.61 GB/s, time 3.138e-03 s, comm_vol 32.768 MB
SIZE 98304, REAL_BD 12.431 GB/s, BD/PAIR 3.108 GB/s, time 3.163e-03 s, comm_vol 39.322 MB
SIZE 114688, REAL_BD 4.004 GB/s, BD/PAIR 1.001 GB/s, time 1.146e-02 s, comm_vol 45.875 MB
SIZE 131072, REAL_BD 16.517 GB/s, BD/PAIR 4.129 GB/s, time 3.174e-03 s, comm_vol 52.429 MB
SIZE 163840, REAL_BD 20.682 GB/s, BD/PAIR 5.17 GB/s, time 3.169e-03 s, comm_vol 65.536 MB
SIZE 196608, REAL_BD 24.799 GB/s, BD/PAIR 6.2 GB/s, time 3.171e-03 s, comm_vol 78.643 MB
SIZE 229376, REAL_BD 28.691 GB/s, BD/PAIR 7.173 GB/s, time 3.198e-03 s, comm_vol 91.75 MB
SIZE 262144, REAL_BD 32.944 GB/s, BD/PAIR 8.236 GB/s, time 3.183e-03 s, comm_vol 104.858 MB
SIZE 327680, REAL_BD 41.116 GB/s, BD/PAIR 10.279 GB/s, time 3.188e-03 s, comm_vol 131.072 MB
SIZE 393216, REAL_BD 9.856 GB/s, BD/PAIR 2.464 GB/s, time 1.596e-02 s, comm_vol 157.286 MB
SIZE 458752, REAL_BD 57.609 GB/s, BD/PAIR 14.402 GB/s, time 3.185e-03 s, comm_vol 183.501 MB
SIZE 524288, REAL_BD 65.859 GB/s, BD/PAIR 16.465 GB/s, time 3.184e-03 s, comm_vol 209.715 MB
SIZE 655360, REAL_BD 83.164 GB/s, BD/PAIR 20.791 GB/s, time 3.152e-03 s, comm_vol 262.144 MB
SIZE 786432, REAL_BD 99.383 GB/s, BD/PAIR 24.846 GB/s, time 3.165e-03 s, comm_vol 314.573 MB
SIZE 917504, REAL_BD 113.519 GB/s, BD/PAIR 28.38 GB/s, time 3.233e-03 s, comm_vol 367.002 MB
SIZE 1048576, REAL_BD 128.683 GB/s, BD/PAIR 32.171 GB/s, time 3.259e-03 s, comm_vol 419.43 MB
SIZE 1310720, REAL_BD 29.749 GB/s, BD/PAIR 7.437 GB/s, time 1.762e-02 s, comm_vol 524.288 MB
SIZE 1572864, REAL_BD 166.163 GB/s, BD/PAIR 41.541 GB/s, time 3.786e-03 s, comm_vol 629.146 MB
SIZE 1835008, REAL_BD 182.437 GB/s, BD/PAIR 45.609 GB/s, time 4.023e-03 s, comm_vol 734.003 MB
SIZE 2097152, REAL_BD 197.943 GB/s, BD/PAIR 49.486 GB/s, time 4.238e-03 s, comm_vol 838.861 MB
SIZE 2621440, REAL_BD 223.99 GB/s, BD/PAIR 55.998 GB/s, time 4.681e-03 s, comm_vol 1.049 GB
SIZE 3145728, REAL_BD 246.113 GB/s, BD/PAIR 61.528 GB/s, time 5.113e-03 s, comm_vol 1.258 GB
SIZE 3670016, REAL_BD 261.023 GB/s, BD/PAIR 65.256 GB/s, time 5.624e-03 s, comm_vol 1.468 GB
SIZE 4194304, REAL_BD 111.172 GB/s, BD/PAIR 27.793 GB/s, time 1.509e-02 s, comm_vol 1.678 GB
SIZE 5242880, REAL_BD 303.021 GB/s, BD/PAIR 75.755 GB/s, time 6.921e-03 s, comm_vol 2.097 GB
SIZE 6291456, REAL_BD 323.089 GB/s, BD/PAIR 80.772 GB/s, time 7.789e-03 s, comm_vol 2.517 GB
SIZE 7340032, REAL_BD 339.514 GB/s, BD/PAIR 84.879 GB/s, time 8.648e-03 s, comm_vol 2.936 GB
SIZE 8388608, REAL_BD 187.485 GB/s, BD/PAIR 46.871 GB/s, time 1.790e-02 s, comm_vol 3.355 GB
SIZE 10485760, REAL_BD 379.33 GB/s, BD/PAIR 94.832 GB/s, time 1.106e-02 s, comm_vol 4.194 GB
SIZE 12582912, REAL_BD 422.779 GB/s, BD/PAIR 105.695 GB/s, time 1.190e-02 s, comm_vol 5.033 GB
SIZE 14680064, REAL_BD 307.437 GB/s, BD/PAIR 76.859 GB/s, time 1.910e-02 s, comm_vol 5.872 GB
SIZE 16777216, REAL_BD 454.623 GB/s, BD/PAIR 113.656 GB/s, time 1.476e-02 s, comm_vol 6.711 GB
SIZE 20971520, REAL_BD 493.373 GB/s, BD/PAIR 123.343 GB/s, time 1.700e-02 s, comm_vol 8.389 GB
SIZE 25165824, REAL_BD 510.14 GB/s, BD/PAIR 127.535 GB/s, time 1.973e-02 s, comm_vol 10.066 GB
SIZE 29360128, REAL_BD 531.091 GB/s, BD/PAIR 132.773 GB/s, time 2.211e-02 s, comm_vol 11.744 GB
SIZE 33554432, REAL_BD 553.692 GB/s, BD/PAIR 138.423 GB/s, time 2.424e-02 s, comm_vol 13.422 GB
SIZE 41943040, REAL_BD 581.473 GB/s, BD/PAIR 145.368 GB/s, time 2.885e-02 s, comm_vol 16.777 GB
SIZE 50331648, REAL_BD 600.941 GB/s, BD/PAIR 150.235 GB/s, time 3.350e-02 s, comm_vol 20.133 GB
SIZE 58720256, REAL_BD 617.901 GB/s, BD/PAIR 154.475 GB/s, time 3.801e-02 s, comm_vol 23.488 GB
SIZE 67108864, REAL_BD 630.696 GB/s, BD/PAIR 157.674 GB/s, time 4.256e-02 s, comm_vol 26.844 GB
SIZE 83886080, REAL_BD 643.495 GB/s, BD/PAIR 160.874 GB/s, time 5.214e-02 s, comm_vol 33.554 GB
SIZE 100663296, REAL_BD 656.792 GB/s, BD/PAIR 164.198 GB/s, time 6.131e-02 s, comm_vol 40.265 GB
SIZE 117440512, REAL_BD 666.06 GB/s, BD/PAIR 166.515 GB/s, time 7.053e-02 s, comm_vol 46.976 GB
SIZE 134217728, REAL_BD 673.49 GB/s, BD/PAIR 168.372 GB/s, time 7.971e-02 s, comm_vol 53.687 GB
SIZE 167772160, REAL_BD 684.817 GB/s, BD/PAIR 171.204 GB/s, time 9.800e-02 s, comm_vol 67.109 GB
SIZE 201326592, REAL_BD 692.671 GB/s, BD/PAIR 173.168 GB/s, time 1.163e-01 s, comm_vol 80.531 GB
SIZE 234881024, REAL_BD 699.248 GB/s, BD/PAIR 174.812 GB/s, time 1.344e-01 s, comm_vol 93.952 GB
SIZE 268435456, REAL_BD 702.999 GB/s, BD/PAIR 175.75 GB/s, time 1.527e-01 s, comm_vol 107.374 GB
SIZE 335544320, REAL_BD 720.65 GB/s, BD/PAIR 180.162 GB/s, time 1.862e-01 s, comm_vol 134.218 GB
SIZE 402653184, REAL_BD 724.928 GB/s, BD/PAIR 181.232 GB/s, time 2.222e-01 s, comm_vol 161.061 GB
SIZE 469762048, REAL_BD 728.237 GB/s, BD/PAIR 182.059 GB/s, time 2.580e-01 s, comm_vol 187.905 GB
SIZE 536870912, REAL_BD 730.824 GB/s, BD/PAIR 182.706 GB/s, time 2.938e-01 s, comm_vol 214.748 GB
SIZE 671088640, REAL_BD 734.242 GB/s, BD/PAIR 183.561 GB/s, time 3.656e-01 s, comm_vol 268.435 GB
SIZE 805306368, REAL_BD 736.232 GB/s, BD/PAIR 184.058 GB/s, time 4.375e-01 s, comm_vol 322.123 GB
SIZE 939524096, REAL_BD 738.229 GB/s, BD/PAIR 184.557 GB/s, time 5.091e-01 s, comm_vol 375.81 GB
SIZE 1073741824, REAL_BD 739.234 GB/s, BD/PAIR 184.809 GB/s, time 5.810e-01 s, comm_vol 429.497 GB
[[0, 2], [1, 3], [2, 4], [3, 5], [4, 6], [5, 7], [6, 0], [7, 1]]
NCCL version 2.25.1+cuda12.2
NCCL version 2.25.1+cuda12.2
NCCL version 2.25.1+cuda12.2
SIZE 8192, REAL_BD 1.602 GB/s, BD/PAIR 200.278 MB/s, time 4.090e-03 s, comm_vol 6.554 MB
SIZE 16384, REAL_BD 2.851 GB/s, BD/PAIR 356.318 MB/s, time 4.598e-03 s, comm_vol 13.107 MB
SIZE 24576, REAL_BD 6.048 GB/s, BD/PAIR 756.045 MB/s, time 3.251e-03 s, comm_vol 19.661 MB
SIZE 32768, REAL_BD 8.041 GB/s, BD/PAIR 1.005 GB/s, time 3.260e-03 s, comm_vol 26.214 MB
SIZE 40960, REAL_BD 9.975 GB/s, BD/PAIR 1.247 GB/s, time 3.285e-03 s, comm_vol 32.768 MB
SIZE 49152, REAL_BD 11.898 GB/s, BD/PAIR 1.487 GB/s, time 3.305e-03 s, comm_vol 39.322 MB
SIZE 57344, REAL_BD 5.244 GB/s, BD/PAIR 655.488 MB/s, time 8.748e-03 s, comm_vol 45.875 MB
SIZE 65536, REAL_BD 15.799 GB/s, BD/PAIR 1.975 GB/s, time 3.319e-03 s, comm_vol 52.429 MB
SIZE 81920, REAL_BD 19.891 GB/s, BD/PAIR 2.486 GB/s, time 3.295e-03 s, comm_vol 65.536 MB
SIZE 98304, REAL_BD 23.724 GB/s, BD/PAIR 2.965 GB/s, time 3.315e-03 s, comm_vol 78.643 MB
SIZE 114688, REAL_BD 8.006 GB/s, BD/PAIR 1.001 GB/s, time 1.146e-02 s, comm_vol 91.75 MB
SIZE 131072, REAL_BD 8.262 GB/s, BD/PAIR 1.033 GB/s, time 1.269e-02 s, comm_vol 104.858 MB
SIZE 163840, REAL_BD 40.181 GB/s, BD/PAIR 5.023 GB/s, time 3.262e-03 s, comm_vol 131.072 MB
SIZE 196608, REAL_BD 48.115 GB/s, BD/PAIR 6.014 GB/s, time 3.269e-03 s, comm_vol 157.286 MB
SIZE 229376, REAL_BD 12.283 GB/s, BD/PAIR 1.535 GB/s, time 1.494e-02 s, comm_vol 183.501 MB
SIZE 262144, REAL_BD 64.285 GB/s, BD/PAIR 8.036 GB/s, time 3.262e-03 s, comm_vol 209.715 MB
SIZE 327680, REAL_BD 16.787 GB/s, BD/PAIR 2.098 GB/s, time 1.562e-02 s, comm_vol 262.144 MB
SIZE 393216, REAL_BD 96.294 GB/s, BD/PAIR 12.037 GB/s, time 3.267e-03 s, comm_vol 314.573 MB
SIZE 458752, REAL_BD 112.704 GB/s, BD/PAIR 14.088 GB/s, time 3.256e-03 s, comm_vol 367.002 MB
SIZE 524288, REAL_BD 128.513 GB/s, BD/PAIR 16.064 GB/s, time 3.264e-03 s, comm_vol 419.43 MB
SIZE 655360, REAL_BD 162.734 GB/s, BD/PAIR 20.342 GB/s, time 3.222e-03 s, comm_vol 524.288 MB
SIZE 786432, REAL_BD 194.446 GB/s, BD/PAIR 24.306 GB/s, time 3.236e-03 s, comm_vol 629.146 MB
SIZE 917504, REAL_BD 58.172 GB/s, BD/PAIR 7.271 GB/s, time 1.262e-02 s, comm_vol 734.003 MB
SIZE 1048576, REAL_BD 67.06 GB/s, BD/PAIR 8.383 GB/s, time 1.251e-02 s, comm_vol 838.861 MB
SIZE 1310720, REAL_BD 321.236 GB/s, BD/PAIR 40.155 GB/s, time 3.264e-03 s, comm_vol 1.049 GB
SIZE 1572864, REAL_BD 387.721 GB/s, BD/PAIR 48.465 GB/s, time 3.245e-03 s, comm_vol 1.258 GB
SIZE 1835008, REAL_BD 450.784 GB/s, BD/PAIR 56.348 GB/s, time 3.257e-03 s, comm_vol 1.468 GB
SIZE 2097152, REAL_BD 515.862 GB/s, BD/PAIR 64.483 GB/s, time 3.252e-03 s, comm_vol 1.678 GB
SIZE 2621440, REAL_BD 646.867 GB/s, BD/PAIR 80.858 GB/s, time 3.242e-03 s, comm_vol 2.097 GB
SIZE 3145728, REAL_BD 188.41 GB/s, BD/PAIR 23.551 GB/s, time 1.336e-02 s, comm_vol 2.517 GB
SIZE 3670016, REAL_BD 897.822 GB/s, BD/PAIR 112.228 GB/s, time 3.270e-03 s, comm_vol 2.936 GB
SIZE 4194304, REAL_BD 1.029 TB/s, BD/PAIR 128.683 GB/s, time 3.259e-03 s, comm_vol 3.355 GB
SIZE 5242880, REAL_BD 313.229 GB/s, BD/PAIR 39.154 GB/s, time 1.339e-02 s, comm_vol 4.194 GB
SIZE 6291456, REAL_BD 1.155 TB/s, BD/PAIR 144.348 GB/s, time 4.359e-03 s, comm_vol 5.033 GB
SIZE 7340032, REAL_BD 481.046 GB/s, BD/PAIR 60.131 GB/s, time 1.221e-02 s, comm_vol 5.872 GB
SIZE 8388608, REAL_BD 479.147 GB/s, BD/PAIR 59.893 GB/s, time 1.401e-02 s, comm_vol 6.711 GB
SIZE 10485760, REAL_BD 1.381 TB/s, BD/PAIR 172.621 GB/s, time 6.074e-03 s, comm_vol 8.389 GB
SIZE 12582912, REAL_BD 802.991 GB/s, BD/PAIR 100.374 GB/s, time 1.254e-02 s, comm_vol 10.066 GB
SIZE 14680064, REAL_BD 1.608 TB/s, BD/PAIR 201.04 GB/s, time 7.302e-03 s, comm_vol 11.744 GB
SIZE 16777216, REAL_BD 984.402 GB/s, BD/PAIR 123.05 GB/s, time 1.363e-02 s, comm_vol 13.422 GB
SIZE 20971520, REAL_BD 1.812 TB/s, BD/PAIR 226.441 GB/s, time 9.261e-03 s, comm_vol 16.777 GB
SIZE 25165824, REAL_BD 1.368 TB/s, BD/PAIR 170.95 GB/s, time 1.472e-02 s, comm_vol 20.133 GB
SIZE 29360128, REAL_BD 1.993 TB/s, BD/PAIR 249.09 GB/s, time 1.179e-02 s, comm_vol 23.488 GB
SIZE 33554432, REAL_BD 2.052 TB/s, BD/PAIR 256.535 GB/s, time 1.308e-02 s, comm_vol 26.844 GB
SIZE 41943040, REAL_BD 2.169 TB/s, BD/PAIR 271.145 GB/s, time 1.547e-02 s, comm_vol 33.554 GB
SIZE 50331648, REAL_BD 2.248 TB/s, BD/PAIR 281.055 GB/s, time 1.791e-02 s, comm_vol 40.265 GB
SIZE 58720256, REAL_BD 1.881 TB/s, BD/PAIR 235.066 GB/s, time 2.498e-02 s, comm_vol 46.976 GB
SIZE 67108864, REAL_BD 2.372 TB/s, BD/PAIR 296.449 GB/s, time 2.264e-02 s, comm_vol 53.687 GB
SIZE 83886080, REAL_BD 2.462 TB/s, BD/PAIR 307.784 GB/s, time 2.725e-02 s, comm_vol 67.109 GB
SIZE 100663296, REAL_BD 2.515 TB/s, BD/PAIR 314.366 GB/s, time 3.202e-02 s, comm_vol 80.531 GB
SIZE 117440512, REAL_BD 2.554 TB/s, BD/PAIR 319.219 GB/s, time 3.679e-02 s, comm_vol 93.952 GB
SIZE 134217728, REAL_BD 2.596 TB/s, BD/PAIR 324.527 GB/s, time 4.136e-02 s, comm_vol 107.374 GB
SIZE 167772160, REAL_BD 2.652 TB/s, BD/PAIR 331.445 GB/s, time 5.062e-02 s, comm_vol 134.218 GB
SIZE 201326592, REAL_BD 2.689 TB/s, BD/PAIR 336.162 GB/s, time 5.989e-02 s, comm_vol 161.061 GB
SIZE 234881024, REAL_BD 2.715 TB/s, BD/PAIR 339.385 GB/s, time 6.921e-02 s, comm_vol 187.905 GB
SIZE 268435456, REAL_BD 2.731 TB/s, BD/PAIR 341.377 GB/s, time 7.863e-02 s, comm_vol 214.748 GB
SIZE 335544320, REAL_BD 2.824 TB/s, BD/PAIR 353.059 GB/s, time 9.504e-02 s, comm_vol 268.435 GB
SIZE 402653184, REAL_BD 2.847 TB/s, BD/PAIR 355.887 GB/s, time 1.131e-01 s, comm_vol 322.123 GB
SIZE 469762048, REAL_BD 2.862 TB/s, BD/PAIR 357.81 GB/s, time 1.313e-01 s, comm_vol 375.81 GB
SIZE 536870912, REAL_BD 2.872 TB/s, BD/PAIR 359.035 GB/s, time 1.495e-01 s, comm_vol 429.497 GB
SIZE 671088640, REAL_BD 2.886 TB/s, BD/PAIR 360.806 GB/s, time 1.860e-01 s, comm_vol 536.871 GB
SIZE 805306368, REAL_BD 2.896 TB/s, BD/PAIR 361.978 GB/s, time 2.225e-01 s, comm_vol 644.245 GB
SIZE 939524096, REAL_BD 2.905 TB/s, BD/PAIR 363.158 GB/s, time 2.587e-01 s, comm_vol 751.619 GB
SIZE 1073741824, REAL_BD 2.91 TB/s, BD/PAIR 363.766 GB/s, time 2.952e-01 s, comm_vol 858.993 GB
[[0, 1], [1, 2], [2, 3], [3, 4], [4, 5], [5, 6], [6, 7], [7, 0]]
NCCL version 2.25.1+cuda12.2
SIZE 8192, REAL_BD 1.6 GB/s, BD/PAIR 200.01 MB/s, time 4.096e-03 s, comm_vol 6.554 MB
SIZE 16384, REAL_BD 3.905 GB/s, BD/PAIR 488.134 MB/s, time 3.356e-03 s, comm_vol 13.107 MB
SIZE 24576, REAL_BD 5.938 GB/s, BD/PAIR 742.271 MB/s, time 3.311e-03 s, comm_vol 19.661 MB
SIZE 32768, REAL_BD 8.111 GB/s, BD/PAIR 1.014 GB/s, time 3.232e-03 s, comm_vol 26.214 MB
SIZE 40960, REAL_BD 10.325 GB/s, BD/PAIR 1.291 GB/s, time 3.174e-03 s, comm_vol 32.768 MB
SIZE 49152, REAL_BD 12.435 GB/s, BD/PAIR 1.554 GB/s, time 3.162e-03 s, comm_vol 39.322 MB
SIZE 57344, REAL_BD 14.364 GB/s, BD/PAIR 1.795 GB/s, time 3.194e-03 s, comm_vol 45.875 MB
SIZE 65536, REAL_BD 16.55 GB/s, BD/PAIR 2.069 GB/s, time 3.168e-03 s, comm_vol 52.429 MB
SIZE 81920, REAL_BD 6.651 GB/s, BD/PAIR 831.411 MB/s, time 9.853e-03 s, comm_vol 65.536 MB
SIZE 98304, REAL_BD 7.371 GB/s, BD/PAIR 921.358 MB/s, time 1.067e-02 s, comm_vol 78.643 MB
SIZE 114688, REAL_BD 28.42 GB/s, BD/PAIR 3.552 GB/s, time 3.228e-03 s, comm_vol 91.75 MB
SIZE 131072, REAL_BD 32.417 GB/s, BD/PAIR 4.052 GB/s, time 3.235e-03 s, comm_vol 104.858 MB
SIZE 163840, REAL_BD 40.717 GB/s, BD/PAIR 5.09 GB/s, time 3.219e-03 s, comm_vol 131.072 MB
SIZE 196608, REAL_BD 11.543 GB/s, BD/PAIR 1.443 GB/s, time 1.363e-02 s, comm_vol 157.286 MB
SIZE 229376, REAL_BD 56.501 GB/s, BD/PAIR 7.063 GB/s, time 3.248e-03 s, comm_vol 183.501 MB
SIZE 262144, REAL_BD 14.1 GB/s, BD/PAIR 1.762 GB/s, time 1.487e-02 s, comm_vol 209.715 MB
SIZE 327680, REAL_BD 81.019 GB/s, BD/PAIR 10.127 GB/s, time 3.236e-03 s, comm_vol 262.144 MB
SIZE 393216, REAL_BD 97.094 GB/s, BD/PAIR 12.137 GB/s, time 3.240e-03 s, comm_vol 314.573 MB
SIZE 458752, REAL_BD 114.142 GB/s, BD/PAIR 14.268 GB/s, time 3.215e-03 s, comm_vol 367.002 MB
SIZE 524288, REAL_BD 31.779 GB/s, BD/PAIR 3.972 GB/s, time 1.320e-02 s, comm_vol 419.43 MB
SIZE 655360, REAL_BD 42.695 GB/s, BD/PAIR 5.337 GB/s, time 1.228e-02 s, comm_vol 524.288 MB
SIZE 786432, REAL_BD 194.503 GB/s, BD/PAIR 24.313 GB/s, time 3.235e-03 s, comm_vol 629.146 MB
SIZE 917504, REAL_BD 226.587 GB/s, BD/PAIR 28.323 GB/s, time 3.239e-03 s, comm_vol 734.003 MB
SIZE 1048576, REAL_BD 259.166 GB/s, BD/PAIR 32.396 GB/s, time 3.237e-03 s, comm_vol 838.861 MB
SIZE 1310720, REAL_BD 320.627 GB/s, BD/PAIR 40.078 GB/s, time 3.270e-03 s, comm_vol 1.049 GB
SIZE 1572864, REAL_BD 99.085 GB/s, BD/PAIR 12.386 GB/s, time 1.270e-02 s, comm_vol 1.258 GB
SIZE 1835008, REAL_BD 450.817 GB/s, BD/PAIR 56.352 GB/s, time 3.256e-03 s, comm_vol 1.468 GB
SIZE 2097152, REAL_BD 128.93 GB/s, BD/PAIR 16.116 GB/s, time 1.301e-02 s, comm_vol 1.678 GB
SIZE 2621440, REAL_BD 641.77 GB/s, BD/PAIR 80.221 GB/s, time 3.268e-03 s, comm_vol 2.097 GB
SIZE 3145728, REAL_BD 769.786 GB/s, BD/PAIR 96.223 GB/s, time 3.269e-03 s, comm_vol 2.517 GB
SIZE 3670016, REAL_BD 897.299 GB/s, BD/PAIR 112.162 GB/s, time 3.272e-03 s, comm_vol 2.936 GB
SIZE 4194304, REAL_BD 262.218 GB/s, BD/PAIR 32.777 GB/s, time 1.280e-02 s, comm_vol 3.355 GB
SIZE 5242880, REAL_BD 342.614 GB/s, BD/PAIR 42.827 GB/s, time 1.224e-02 s, comm_vol 4.194 GB
SIZE 6291456, REAL_BD 1.155 TB/s, BD/PAIR 144.356 GB/s, time 4.358e-03 s, comm_vol 5.033 GB
SIZE 7340032, REAL_BD 1.198 TB/s, BD/PAIR 149.805 GB/s, time 4.900e-03 s, comm_vol 5.872 GB
SIZE 8388608, REAL_BD 1.238 TB/s, BD/PAIR 154.765 GB/s, time 5.420e-03 s, comm_vol 6.711 GB
SIZE 10485760, REAL_BD 1.374 TB/s, BD/PAIR 171.725 GB/s, time 6.106e-03 s, comm_vol 8.389 GB
SIZE 12582912, REAL_BD 852.696 GB/s, BD/PAIR 106.587 GB/s, time 1.181e-02 s, comm_vol 10.066 GB
SIZE 14680064, REAL_BD 1.619 TB/s, BD/PAIR 202.435 GB/s, time 7.252e-03 s, comm_vol 11.744 GB
SIZE 16777216, REAL_BD 1.632 TB/s, BD/PAIR 204.05 GB/s, time 8.222e-03 s, comm_vol 13.422 GB
SIZE 20971520, REAL_BD 1.288 TB/s, BD/PAIR 161.03 GB/s, time 1.302e-02 s, comm_vol 16.777 GB
SIZE 25165824, REAL_BD 1.376 TB/s, BD/PAIR 172.028 GB/s, time 1.463e-02 s, comm_vol 20.133 GB
SIZE 29360128, REAL_BD 1.982 TB/s, BD/PAIR 247.698 GB/s, time 1.185e-02 s, comm_vol 23.488 GB
SIZE 33554432, REAL_BD 2.041 TB/s, BD/PAIR 255.116 GB/s, time 1.315e-02 s, comm_vol 26.844 GB
SIZE 41943040, REAL_BD 2.152 TB/s, BD/PAIR 269.014 GB/s, time 1.559e-02 s, comm_vol 33.554 GB
SIZE 50331648, REAL_BD 2.244 TB/s, BD/PAIR 280.454 GB/s, time 1.795e-02 s, comm_vol 40.265 GB
SIZE 58720256, REAL_BD 2.322 TB/s, BD/PAIR 290.266 GB/s, time 2.023e-02 s, comm_vol 46.976 GB
SIZE 67108864, REAL_BD 2.364 TB/s, BD/PAIR 295.493 GB/s, time 2.271e-02 s, comm_vol 53.687 GB
SIZE 83886080, REAL_BD 2.453 TB/s, BD/PAIR 306.684 GB/s, time 2.735e-02 s, comm_vol 67.109 GB
SIZE 100663296, REAL_BD 2.516 TB/s, BD/PAIR 314.544 GB/s, time 3.200e-02 s, comm_vol 80.531 GB
SIZE 117440512, REAL_BD 2.564 TB/s, BD/PAIR 320.507 GB/s, time 3.664e-02 s, comm_vol 93.952 GB
SIZE 134217728, REAL_BD 2.599 TB/s, BD/PAIR 324.86 GB/s, time 4.132e-02 s, comm_vol 107.374 GB
SIZE 167772160, REAL_BD 2.652 TB/s, BD/PAIR 331.496 GB/s, time 5.061e-02 s, comm_vol 134.218 GB
SIZE 201326592, REAL_BD 2.685 TB/s, BD/PAIR 335.655 GB/s, time 5.998e-02 s, comm_vol 161.061 GB
SIZE 234881024, REAL_BD 2.713 TB/s, BD/PAIR 339.174 GB/s, time 6.925e-02 s, comm_vol 187.905 GB
SIZE 268435456, REAL_BD 2.732 TB/s, BD/PAIR 341.544 GB/s, time 7.859e-02 s, comm_vol 214.748 GB
SIZE 335544320, REAL_BD 2.823 TB/s, BD/PAIR 352.933 GB/s, time 9.507e-02 s, comm_vol 268.435 GB
SIZE 402653184, REAL_BD 2.843 TB/s, BD/PAIR 355.392 GB/s, time 1.133e-01 s, comm_vol 322.123 GB
SIZE 469762048, REAL_BD 2.855 TB/s, BD/PAIR 356.913 GB/s, time 1.316e-01 s, comm_vol 375.81 GB
SIZE 536870912, REAL_BD 2.87 TB/s, BD/PAIR 358.77 GB/s, time 1.496e-01 s, comm_vol 429.497 GB
SIZE 671088640, REAL_BD 2.887 TB/s, BD/PAIR 360.838 GB/s, time 1.860e-01 s, comm_vol 536.871 GB
SIZE 805306368, REAL_BD 2.896 TB/s, BD/PAIR 361.939 GB/s, time 2.225e-01 s, comm_vol 644.245 GB
SIZE 939524096, REAL_BD 2.904 TB/s, BD/PAIR 362.965 GB/s, time 2.588e-01 s, comm_vol 751.619 GB
SIZE 1073741824, REAL_BD 2.909 TB/s, BD/PAIR 363.582 GB/s, time 2.953e-01 s, comm_vol 858.993 GB
+ set +x
