-+-[0000:00]-+-00.0  Advanced Micro Devices, Inc. [AMD] Starship/Matisse Root Complex
 |           +-00.2  Advanced Micro Devices, Inc. [AMD] Starship/Matisse IOMMU
 |           +-01.0  Advanced Micro Devices, Inc. [AMD] Starship/Matisse PCIe Dummy Host Bridge
 |           +-01.1-[01]----00.0  NVIDIA Corporation GA100 [A100 PCIe 40GB]
 |           +-02.0  Advanced Micro Devices, Inc. [AMD] Starship/Matisse PCIe Dummy Host Bridge
 |           +-03.0  Advanced Micro Devices, Inc. [AMD] Starship/Matisse PCIe Dummy Host Bridge
 |           +-04.0  Advanced Micro Devices, Inc. [AMD] Starship/Matisse PCIe Dummy Host Bridge
 |           +-05.0  Advanced Micro Devices, Inc. [AMD] Starship/Matisse PCIe Dummy Host Bridge
 |           +-07.0  Advanced Micro Devices, Inc. [AMD] Starship/Matisse PCIe Dummy Host Bridge
 |           +-07.1-[02]--+-00.0  Advanced Micro Devices, Inc. [AMD] Starship/Matisse PCIe Dummy Function
 |           |            \-00.2  Advanced Micro Devices, Inc. [AMD] Starship/Matisse PTDMA
 |           +-08.0  Advanced Micro Devices, Inc. [AMD] Starship/Matisse PCIe Dummy Host Bridge
 |           +-08.1-[03]--+-00.0  Advanced Micro Devices, Inc. [AMD] Starship/Matisse Reserved SPP
 |           |            +-00.2  Advanced Micro Devices, Inc. [AMD] Starship/Matisse PTDMA
 |           |            \-00.3  Advanced Micro Devices, Inc. [AMD] Starship USB 3.0 Host Controller
 |           +-14.0  Advanced Micro Devices, Inc. [AMD] FCH SMBus Controller
 |           +-14.3  Advanced Micro Devices, Inc. [AMD] FCH LPC Bridge
 |           +-18.0  Advanced Micro Devices, Inc. [AMD] Starship Device 24; Function 0
 |           +-18.1  Advanced Micro Devices, Inc. [AMD] Starship Device 24; Function 1
 |           +-18.2  Advanced Micro Devices, Inc. [AMD] Starship Device 24; Function 2
 |           +-18.3  Advanced Micro Devices, Inc. [AMD] Starship Device 24; Function 3
 |           +-18.4  Advanced Micro Devices, Inc. [AMD] Starship Device 24; Function 4
 |           +-18.5  Advanced Micro Devices, Inc. [AMD] Starship Device 24; Function 5
 |           +-18.6  Advanced Micro Devices, Inc. [AMD] Starship Device 24; Function 6
 |           +-18.7  Advanced Micro Devices, Inc. [AMD] Starship Device 24; Function 7
 |           +-19.0  Advanced Micro Devices, Inc. [AMD] Starship Device 24; Function 0
 |           +-19.1  Advanced Micro Devices, Inc. [AMD] Starship Device 24; Function 1
 |           +-19.2  Advanced Micro Devices, Inc. [AMD] Starship Device 24; Function 2
 |           +-19.3  Advanced Micro Devices, Inc. [AMD] Starship Device 24; Function 3
 |           +-19.4  Advanced Micro Devices, Inc. [AMD] Starship Device 24; Function 4
 |           +-19.5  Advanced Micro Devices, Inc. [AMD] Starship Device 24; Function 5
 |           +-19.6  Advanced Micro Devices, Inc. [AMD] Starship Device 24; Function 6
 |           \-19.7  Advanced Micro Devices, Inc. [AMD] Starship Device 24; Function 7
 +-[0000:20]-+-00.0  Advanced Micro Devices, Inc. [AMD] Starship/Matisse Root Complex
 |           +-00.2  Advanced Micro Devices, Inc. [AMD] Starship/Matisse IOMMU
 |           +-01.0  Advanced Micro Devices, Inc. [AMD] Starship/Matisse PCIe Dummy Host Bridge
 |           +-01.1-[21]----00.0  Western Digital Ultrastar DC SN640 NVMe SSD
 |           +-01.2-[22]----00.0  Western Digital Ultrastar DC SN640 NVMe SSD
 |           +-01.3-[23]----00.0  Western Digital Ultrastar DC SN640 NVMe SSD
 |           +-01.4-[24]----00.0  Western Digital Ultrastar DC SN640 NVMe SSD
 |           +-02.0  Advanced Micro Devices, Inc. [AMD] Starship/Matisse PCIe Dummy Host Bridge
 |           +-03.0  Advanced Micro Devices, Inc. [AMD] Starship/Matisse PCIe Dummy Host Bridge
 |           +-03.1-[25]----00.0  NVIDIA Corporation GA100 [A100 PCIe 40GB]
 |           +-04.0  Advanced Micro Devices, Inc. [AMD] Starship/Matisse PCIe Dummy Host Bridge
 |           +-05.0  Advanced Micro Devices, Inc. [AMD] Starship/Matisse PCIe Dummy Host Bridge
 |           +-07.0  Advanced Micro Devices, Inc. [AMD] Starship/Matisse PCIe Dummy Host Bridge
 |           +-07.1-[26]--+-00.0  Advanced Micro Devices, Inc. [AMD] Starship/Matisse PCIe Dummy Function
 |           |            \-00.2  Advanced Micro Devices, Inc. [AMD] Starship/Matisse PTDMA
 |           +-08.0  Advanced Micro Devices, Inc. [AMD] Starship/Matisse PCIe Dummy Host Bridge
 |           +-08.1-[27]--+-00.0  Advanced Micro Devices, Inc. [AMD] Starship/Matisse Reserved SPP
 |           |            +-00.1  Advanced Micro Devices, Inc. [AMD] Starship/Matisse Cryptographic Coprocessor PSPCPP
 |           |            +-00.2  Advanced Micro Devices, Inc. [AMD] Starship/Matisse PTDMA
 |           |            \-00.3  Advanced Micro Devices, Inc. [AMD] Starship USB 3.0 Host Controller
 |           +-08.2-[28]----00.0  Advanced Micro Devices, Inc. [AMD] FCH SATA Controller [AHCI mode]
 |           \-08.3-[29]----00.0  Advanced Micro Devices, Inc. [AMD] FCH SATA Controller [AHCI mode]
 +-[0000:40]-+-00.0  Advanced Micro Devices, Inc. [AMD] Starship/Matisse Root Complex
 |           +-00.2  Advanced Micro Devices, Inc. [AMD] Starship/Matisse IOMMU
 |           +-01.0  Advanced Micro Devices, Inc. [AMD] Starship/Matisse PCIe Dummy Host Bridge
 |           +-01.1-[41]----00.0  NVIDIA Corporation GA100 [A100 PCIe 40GB]
 |           +-02.0  Advanced Micro Devices, Inc. [AMD] Starship/Matisse PCIe Dummy Host Bridge
 |           +-03.0  Advanced Micro Devices, Inc. [AMD] Starship/Matisse PCIe Dummy Host Bridge
 |           +-04.0  Advanced Micro Devices, Inc. [AMD] Starship/Matisse PCIe Dummy Host Bridge
 |           +-05.0  Advanced Micro Devices, Inc. [AMD] Starship/Matisse PCIe Dummy Host Bridge
 |           +-07.0  Advanced Micro Devices, Inc. [AMD] Starship/Matisse PCIe Dummy Host Bridge
 |           +-07.1-[42]--+-00.0  Advanced Micro Devices, Inc. [AMD] Starship/Matisse PCIe Dummy Function
 |           |            \-00.2  Advanced Micro Devices, Inc. [AMD] Starship/Matisse PTDMA
 |           +-08.0  Advanced Micro Devices, Inc. [AMD] Starship/Matisse PCIe Dummy Host Bridge
 |           +-08.1-[43]--+-00.0  Advanced Micro Devices, Inc. [AMD] Starship/Matisse Reserved SPP
 |           |            \-00.2  Advanced Micro Devices, Inc. [AMD] Starship/Matisse PTDMA
 |           +-08.2-[44]----00.0  Advanced Micro Devices, Inc. [AMD] FCH SATA Controller [AHCI mode]
 |           \-08.3-[45]----00.0  Advanced Micro Devices, Inc. [AMD] FCH SATA Controller [AHCI mode]
 +-[0000:60]-+-00.0  Advanced Micro Devices, Inc. [AMD] Starship/Matisse Root Complex
 |           +-00.2  Advanced Micro Devices, Inc. [AMD] Starship/Matisse IOMMU
 |           +-01.0  Advanced Micro Devices, Inc. [AMD] Starship/Matisse PCIe Dummy Host Bridge
 |           +-02.0  Advanced Micro Devices, Inc. [AMD] Starship/Matisse PCIe Dummy Host Bridge
 |           +-03.0  Advanced Micro Devices, Inc. [AMD] Starship/Matisse PCIe Dummy Host Bridge
 |           +-03.1-[61]----00.0  NVIDIA Corporation GA100 [A100 PCIe 40GB]
 |           +-04.0  Advanced Micro Devices, Inc. [AMD] Starship/Matisse PCIe Dummy Host Bridge
 |           +-05.0  Advanced Micro Devices, Inc. [AMD] Starship/Matisse PCIe Dummy Host Bridge
 |           +-05.2-[62-63]----00.0-[63]----00.0  ASPEED Technology, Inc. ASPEED Graphics Family
 |           +-07.0  Advanced Micro Devices, Inc. [AMD] Starship/Matisse PCIe Dummy Host Bridge
 |           +-07.1-[64]--+-00.0  Advanced Micro Devices, Inc. [AMD] Starship/Matisse PCIe Dummy Function
 |           |            \-00.2  Advanced Micro Devices, Inc. [AMD] Starship/Matisse PTDMA
 |           +-08.0  Advanced Micro Devices, Inc. [AMD] Starship/Matisse PCIe Dummy Host Bridge
 |           \-08.1-[65]--+-00.0  Advanced Micro Devices, Inc. [AMD] Starship/Matisse Reserved SPP
 |                        \-00.2  Advanced Micro Devices, Inc. [AMD] Starship/Matisse PTDMA
 +-[0000:80]-+-00.0  Advanced Micro Devices, Inc. [AMD] Starship/Matisse Root Complex
 |           +-00.2  Advanced Micro Devices, Inc. [AMD] Starship/Matisse IOMMU
 |           +-01.0  Advanced Micro Devices, Inc. [AMD] Starship/Matisse PCIe Dummy Host Bridge
 |           +-01.1-[81]----00.0  NVIDIA Corporation GA100 [A100 PCIe 40GB]
 |           +-02.0  Advanced Micro Devices, Inc. [AMD] Starship/Matisse PCIe Dummy Host Bridge
 |           +-03.0  Advanced Micro Devices, Inc. [AMD] Starship/Matisse PCIe Dummy Host Bridge
 |           +-04.0  Advanced Micro Devices, Inc. [AMD] Starship/Matisse PCIe Dummy Host Bridge
 |           +-05.0  Advanced Micro Devices, Inc. [AMD] Starship/Matisse PCIe Dummy Host Bridge
 |           +-07.0  Advanced Micro Devices, Inc. [AMD] Starship/Matisse PCIe Dummy Host Bridge
 |           +-07.1-[82]--+-00.0  Advanced Micro Devices, Inc. [AMD] Starship/Matisse PCIe Dummy Function
 |           |            \-00.2  Advanced Micro Devices, Inc. [AMD] Starship/Matisse PTDMA
 |           +-08.0  Advanced Micro Devices, Inc. [AMD] Starship/Matisse PCIe Dummy Host Bridge
 |           \-08.1-[83]--+-00.0  Advanced Micro Devices, Inc. [AMD] Starship/Matisse Reserved SPP
 |                        +-00.2  Advanced Micro Devices, Inc. [AMD] Starship/Matisse PTDMA
 |                        \-00.3  Advanced Micro Devices, Inc. [AMD] Starship USB 3.0 Host Controller
 +-[0000:a0]-+-00.0  Advanced Micro Devices, Inc. [AMD] Starship/Matisse Root Complex
 |           +-00.2  Advanced Micro Devices, Inc. [AMD] Starship/Matisse IOMMU
 |           +-01.0  Advanced Micro Devices, Inc. [AMD] Starship/Matisse PCIe Dummy Host Bridge
 |           +-02.0  Advanced Micro Devices, Inc. [AMD] Starship/Matisse PCIe Dummy Host Bridge
 |           +-03.0  Advanced Micro Devices, Inc. [AMD] Starship/Matisse PCIe Dummy Host Bridge
 |           +-03.1-[a1]----00.0  NVIDIA Corporation GA100 [A100 PCIe 40GB]
 |           +-04.0  Advanced Micro Devices, Inc. [AMD] Starship/Matisse PCIe Dummy Host Bridge
 |           +-05.0  Advanced Micro Devices, Inc. [AMD] Starship/Matisse PCIe Dummy Host Bridge
 |           +-07.0  Advanced Micro Devices, Inc. [AMD] Starship/Matisse PCIe Dummy Host Bridge
 |           +-07.1-[a2]--+-00.0  Advanced Micro Devices, Inc. [AMD] Starship/Matisse PCIe Dummy Function
 |           |            \-00.2  Advanced Micro Devices, Inc. [AMD] Starship/Matisse PTDMA
 |           +-08.0  Advanced Micro Devices, Inc. [AMD] Starship/Matisse PCIe Dummy Host Bridge
 |           +-08.1-[a3]--+-00.0  Advanced Micro Devices, Inc. [AMD] Starship/Matisse Reserved SPP
 |           |            +-00.1  Advanced Micro Devices, Inc. [AMD] Starship/Matisse Cryptographic Coprocessor PSPCPP
 |           |            +-00.2  Advanced Micro Devices, Inc. [AMD] Starship/Matisse PTDMA
 |           |            \-00.3  Advanced Micro Devices, Inc. [AMD] Starship USB 3.0 Host Controller
 |           +-08.2-[a4]----00.0  Advanced Micro Devices, Inc. [AMD] FCH SATA Controller [AHCI mode]
 |           \-08.3-[a5]----00.0  Advanced Micro Devices, Inc. [AMD] FCH SATA Controller [AHCI mode]
 +-[0000:c0]-+-00.0  Advanced Micro Devices, Inc. [AMD] Starship/Matisse Root Complex
 |           +-00.2  Advanced Micro Devices, Inc. [AMD] Starship/Matisse IOMMU
 |           +-01.0  Advanced Micro Devices, Inc. [AMD] Starship/Matisse PCIe Dummy Host Bridge
 |           +-01.1-[c1]----00.0  NVIDIA Corporation GA100 [A100 PCIe 40GB]
 |           +-02.0  Advanced Micro Devices, Inc. [AMD] Starship/Matisse PCIe Dummy Host Bridge
 |           +-03.0  Advanced Micro Devices, Inc. [AMD] Starship/Matisse PCIe Dummy Host Bridge
 |           +-03.1-[c2]----00.0  Broadcom / LSI MegaRAID SAS-3 3108 [Invader]
 |           +-04.0  Advanced Micro Devices, Inc. [AMD] Starship/Matisse PCIe Dummy Host Bridge
 |           +-05.0  Advanced Micro Devices, Inc. [AMD] Starship/Matisse PCIe Dummy Host Bridge
 |           +-07.0  Advanced Micro Devices, Inc. [AMD] Starship/Matisse PCIe Dummy Host Bridge
 |           +-07.1-[c3]--+-00.0  Advanced Micro Devices, Inc. [AMD] Starship/Matisse PCIe Dummy Function
 |           |            \-00.2  Advanced Micro Devices, Inc. [AMD] Starship/Matisse PTDMA
 |           +-08.0  Advanced Micro Devices, Inc. [AMD] Starship/Matisse PCIe Dummy Host Bridge
 |           +-08.1-[c4]--+-00.0  Advanced Micro Devices, Inc. [AMD] Starship/Matisse Reserved SPP
 |           |            \-00.2  Advanced Micro Devices, Inc. [AMD] Starship/Matisse PTDMA
 |           +-08.2-[c5]----00.0  Advanced Micro Devices, Inc. [AMD] FCH SATA Controller [AHCI mode]
 |           \-08.3-[c6]----00.0  Advanced Micro Devices, Inc. [AMD] FCH SATA Controller [AHCI mode]
 \-[0000:e0]-+-00.0  Advanced Micro Devices, Inc. [AMD] Starship/Matisse Root Complex
             +-00.2  Advanced Micro Devices, Inc. [AMD] Starship/Matisse IOMMU
             +-01.0  Advanced Micro Devices, Inc. [AMD] Starship/Matisse PCIe Dummy Host Bridge
             +-02.0  Advanced Micro Devices, Inc. [AMD] Starship/Matisse PCIe Dummy Host Bridge
             +-03.0  Advanced Micro Devices, Inc. [AMD] Starship/Matisse PCIe Dummy Host Bridge
             +-03.1-[e1]----00.0  NVIDIA Corporation GA100 [A100 PCIe 40GB]
             +-04.0  Advanced Micro Devices, Inc. [AMD] Starship/Matisse PCIe Dummy Host Bridge
             +-05.0  Advanced Micro Devices, Inc. [AMD] Starship/Matisse PCIe Dummy Host Bridge
             +-05.1-[e2-e7]----00.0-[e3-e7]--+-01.0-[e4]--
             |                               +-02.0-[e5-e6]--+-00.0  Intel Corporation I350 Gigabit Network Connection
             |                               |               \-00.1  Intel Corporation I350 Gigabit Network Connection
             |                               \-03.0-[e7]----00.0  Marvell Technology Group Ltd. 88SE9230 PCIe 2.0 x2 4-port SATA 6 Gb/s RAID Controller
             +-07.0  Advanced Micro Devices, Inc. [AMD] Starship/Matisse PCIe Dummy Host Bridge
             +-07.1-[e8]--+-00.0  Advanced Micro Devices, Inc. [AMD] Starship/Matisse PCIe Dummy Function
             |            \-00.2  Advanced Micro Devices, Inc. [AMD] Starship/Matisse PTDMA
             +-08.0  Advanced Micro Devices, Inc. [AMD] Starship/Matisse PCIe Dummy Host Bridge
             \-08.1-[e9]--+-00.0  Advanced Micro Devices, Inc. [AMD] Starship/Matisse Reserved SPP
                          \-00.2  Advanced Micro Devices, Inc. [AMD] Starship/Matisse PTDMA
