HOST: g01,g07
CP_FILE_NAME: small
HOST: g01,g07
CUDA_VISIBLE_DEVICES: 
GPU_NUM: 16
PROC_NUM: 16
NNODES: 2
NTASK_PER_NODE: 8
COMM_MODULE: raw-nccl
+ srun -p a01 -N 2 --ntasks-per-node 8 --gres=gpu:8 --mem 256G -K -w g01,g07 -c 13 ./scripts/executor.sh python conflict_bench.py --backend NCCL --config ./scripts/configs/small_16.json --comm-module raw-nccl
NCCL version 2.21.5+cuda12.4
[INFO]: Cluster init done !!!
[[0, 1]]
NCCL version 2.21.5+cuda12.4
SIZE 8192, REAL_BD 648.787 MB/s, BD/PAIR 648.787 MB/s, time 1.263e-03 s, comm_vol 819.2 KB
SIZE 16384, REAL_BD 1.134 GB/s, BD/PAIR 1.134 GB/s, time 1.444e-03 s, comm_vol 1.638 MB
SIZE 24576, REAL_BD 1.476 GB/s, BD/PAIR 1.476 GB/s, time 1.665e-03 s, comm_vol 2.458 MB
SIZE 32768, REAL_BD 1.9 GB/s, BD/PAIR 1.9 GB/s, time 1.725e-03 s, comm_vol 3.277 MB
SIZE 40960, REAL_BD 2.324 GB/s, BD/PAIR 2.324 GB/s, time 1.762e-03 s, comm_vol 4.096 MB
SIZE 49152, REAL_BD 2.786 GB/s, BD/PAIR 2.786 GB/s, time 1.764e-03 s, comm_vol 4.915 MB
SIZE 57344, REAL_BD 3.223 GB/s, BD/PAIR 3.223 GB/s, time 1.779e-03 s, comm_vol 5.734 MB
SIZE 65536, REAL_BD 3.606 GB/s, BD/PAIR 3.606 GB/s, time 1.817e-03 s, comm_vol 6.554 MB
SIZE 81920, REAL_BD 4.286 GB/s, BD/PAIR 4.286 GB/s, time 1.911e-03 s, comm_vol 8.192 MB
SIZE 98304, REAL_BD 5.051 GB/s, BD/PAIR 5.051 GB/s, time 1.946e-03 s, comm_vol 9.83 MB
SIZE 114688, REAL_BD 5.876 GB/s, BD/PAIR 5.876 GB/s, time 1.952e-03 s, comm_vol 11.469 MB
SIZE 131072, REAL_BD 6.553 GB/s, BD/PAIR 6.553 GB/s, time 2.000e-03 s, comm_vol 13.107 MB
SIZE 163840, REAL_BD 8.392 GB/s, BD/PAIR 8.392 GB/s, time 1.952e-03 s, comm_vol 16.384 MB
SIZE 196608, REAL_BD 9.79 GB/s, BD/PAIR 9.79 GB/s, time 2.008e-03 s, comm_vol 19.661 MB
SIZE 229376, REAL_BD 11.717 GB/s, BD/PAIR 11.717 GB/s, time 1.958e-03 s, comm_vol 22.938 MB
SIZE 262144, REAL_BD 13.074 GB/s, BD/PAIR 13.074 GB/s, time 2.005e-03 s, comm_vol 26.214 MB
SIZE 327680, REAL_BD 16.296 GB/s, BD/PAIR 16.296 GB/s, time 2.011e-03 s, comm_vol 32.768 MB
SIZE 393216, REAL_BD 19.2 GB/s, BD/PAIR 19.2 GB/s, time 2.048e-03 s, comm_vol 39.322 MB
SIZE 458752, REAL_BD 21.928 GB/s, BD/PAIR 21.928 GB/s, time 2.092e-03 s, comm_vol 45.875 MB
SIZE 524288, REAL_BD 25.132 GB/s, BD/PAIR 25.132 GB/s, time 2.086e-03 s, comm_vol 52.429 MB
SIZE 655360, REAL_BD 28.986 GB/s, BD/PAIR 28.986 GB/s, time 2.261e-03 s, comm_vol 65.536 MB
SIZE 786432, REAL_BD 34.15 GB/s, BD/PAIR 34.15 GB/s, time 2.303e-03 s, comm_vol 78.643 MB
SIZE 917504, REAL_BD 37.218 GB/s, BD/PAIR 37.218 GB/s, time 2.465e-03 s, comm_vol 91.75 MB
SIZE 1048576, REAL_BD 43.688 GB/s, BD/PAIR 43.688 GB/s, time 2.400e-03 s, comm_vol 104.858 MB
SIZE 1310720, REAL_BD 49.914 GB/s, BD/PAIR 49.914 GB/s, time 2.626e-03 s, comm_vol 131.072 MB
SIZE 1572864, REAL_BD 57.456 GB/s, BD/PAIR 57.456 GB/s, time 2.738e-03 s, comm_vol 157.286 MB
SIZE 1835008, REAL_BD 61.274 GB/s, BD/PAIR 61.274 GB/s, time 2.995e-03 s, comm_vol 183.501 MB
SIZE 2097152, REAL_BD 68.892 GB/s, BD/PAIR 68.892 GB/s, time 3.044e-03 s, comm_vol 209.715 MB
SIZE 2621440, REAL_BD 78.626 GB/s, BD/PAIR 78.626 GB/s, time 3.334e-03 s, comm_vol 262.144 MB
SIZE 3145728, REAL_BD 86.372 GB/s, BD/PAIR 86.372 GB/s, time 3.642e-03 s, comm_vol 314.573 MB
SIZE 3670016, REAL_BD 91.588 GB/s, BD/PAIR 91.588 GB/s, time 4.007e-03 s, comm_vol 367.002 MB
SIZE 4194304, REAL_BD 97.729 GB/s, BD/PAIR 97.729 GB/s, time 4.292e-03 s, comm_vol 419.43 MB
SIZE 5242880, REAL_BD 101.053 GB/s, BD/PAIR 101.053 GB/s, time 5.188e-03 s, comm_vol 524.288 MB
SIZE 6291456, REAL_BD 106.68 GB/s, BD/PAIR 106.68 GB/s, time 5.898e-03 s, comm_vol 629.146 MB
SIZE 7340032, REAL_BD 113.069 GB/s, BD/PAIR 113.069 GB/s, time 6.492e-03 s, comm_vol 734.003 MB
SIZE 8388608, REAL_BD 118.971 GB/s, BD/PAIR 118.971 GB/s, time 7.051e-03 s, comm_vol 838.861 MB
SIZE 10485760, REAL_BD 121.413 GB/s, BD/PAIR 121.413 GB/s, time 8.636e-03 s, comm_vol 1.049 GB
SIZE 12582912, REAL_BD 127.776 GB/s, BD/PAIR 127.776 GB/s, time 9.848e-03 s, comm_vol 1.258 GB
SIZE 14680064, REAL_BD 128.266 GB/s, BD/PAIR 128.266 GB/s, time 1.145e-02 s, comm_vol 1.468 GB
SIZE 16777216, REAL_BD 133.616 GB/s, BD/PAIR 133.616 GB/s, time 1.256e-02 s, comm_vol 1.678 GB
SIZE 20971520, REAL_BD 136.951 GB/s, BD/PAIR 136.951 GB/s, time 1.531e-02 s, comm_vol 2.097 GB
SIZE 25165824, REAL_BD 138.621 GB/s, BD/PAIR 138.621 GB/s, time 1.815e-02 s, comm_vol 2.517 GB
SIZE 29360128, REAL_BD 139.322 GB/s, BD/PAIR 139.322 GB/s, time 2.107e-02 s, comm_vol 2.936 GB
SIZE 33554432, REAL_BD 140.811 GB/s, BD/PAIR 140.811 GB/s, time 2.383e-02 s, comm_vol 3.355 GB
SIZE 41943040, REAL_BD 148.776 GB/s, BD/PAIR 148.776 GB/s, time 2.819e-02 s, comm_vol 4.194 GB
SIZE 50331648, REAL_BD 152.205 GB/s, BD/PAIR 152.205 GB/s, time 3.307e-02 s, comm_vol 5.033 GB
SIZE 58720256, REAL_BD 153.771 GB/s, BD/PAIR 153.771 GB/s, time 3.819e-02 s, comm_vol 5.872 GB
SIZE 67108864, REAL_BD 154.771 GB/s, BD/PAIR 154.771 GB/s, time 4.336e-02 s, comm_vol 6.711 GB
SIZE 83886080, REAL_BD 156.477 GB/s, BD/PAIR 156.477 GB/s, time 5.361e-02 s, comm_vol 8.389 GB
SIZE 100663296, REAL_BD 157.631 GB/s, BD/PAIR 157.631 GB/s, time 6.386e-02 s, comm_vol 10.066 GB
SIZE 117440512, REAL_BD 157.722 GB/s, BD/PAIR 157.722 GB/s, time 7.446e-02 s, comm_vol 11.744 GB
SIZE 134217728, REAL_BD 159.391 GB/s, BD/PAIR 159.391 GB/s, time 8.421e-02 s, comm_vol 13.422 GB
SIZE 167772160, REAL_BD 173.852 GB/s, BD/PAIR 173.852 GB/s, time 9.650e-02 s, comm_vol 16.777 GB
SIZE 201326592, REAL_BD 174.499 GB/s, BD/PAIR 174.499 GB/s, time 1.154e-01 s, comm_vol 20.133 GB
SIZE 234881024, REAL_BD 174.894 GB/s, BD/PAIR 174.894 GB/s, time 1.343e-01 s, comm_vol 23.488 GB
SIZE 268435456, REAL_BD 175.242 GB/s, BD/PAIR 175.242 GB/s, time 1.532e-01 s, comm_vol 26.844 GB
SIZE 335544320, REAL_BD 175.67 GB/s, BD/PAIR 175.67 GB/s, time 1.910e-01 s, comm_vol 33.554 GB
SIZE 402653184, REAL_BD 175.932 GB/s, BD/PAIR 175.932 GB/s, time 2.289e-01 s, comm_vol 40.265 GB
SIZE 469762048, REAL_BD 176.119 GB/s, BD/PAIR 176.119 GB/s, time 2.667e-01 s, comm_vol 46.976 GB
SIZE 536870912, REAL_BD 176.239 GB/s, BD/PAIR 176.239 GB/s, time 3.046e-01 s, comm_vol 53.687 GB
SIZE 671088640, REAL_BD 176.486 GB/s, BD/PAIR 176.486 GB/s, time 3.803e-01 s, comm_vol 67.109 GB
SIZE 805306368, REAL_BD 176.614 GB/s, BD/PAIR 176.614 GB/s, time 4.560e-01 s, comm_vol 80.531 GB
SIZE 939524096, REAL_BD 176.649 GB/s, BD/PAIR 176.649 GB/s, time 5.319e-01 s, comm_vol 93.952 GB
SIZE 1073741824, REAL_BD 176.832 GB/s, BD/PAIR 176.832 GB/s, time 6.072e-01 s, comm_vol 107.374 GB
[[0, 1], [1, 0]]
SIZE 8192, REAL_BD 1.24 GB/s, BD/PAIR 619.876 MB/s, time 1.322e-03 s, comm_vol 1.638 MB
SIZE 16384, REAL_BD 2.642 GB/s, BD/PAIR 1.321 GB/s, time 1.240e-03 s, comm_vol 3.277 MB
SIZE 24576, REAL_BD 3.327 GB/s, BD/PAIR 1.664 GB/s, time 1.477e-03 s, comm_vol 4.915 MB
SIZE 32768, REAL_BD 4.26 GB/s, BD/PAIR 2.13 GB/s, time 1.538e-03 s, comm_vol 6.554 MB
SIZE 40960, REAL_BD 4.562 GB/s, BD/PAIR 2.281 GB/s, time 1.796e-03 s, comm_vol 8.192 MB
SIZE 49152, REAL_BD 6.236 GB/s, BD/PAIR 3.118 GB/s, time 1.576e-03 s, comm_vol 9.83 MB
SIZE 57344, REAL_BD 7.21 GB/s, BD/PAIR 3.605 GB/s, time 1.591e-03 s, comm_vol 11.469 MB
SIZE 65536, REAL_BD 8.054 GB/s, BD/PAIR 4.027 GB/s, time 1.627e-03 s, comm_vol 13.107 MB
SIZE 81920, REAL_BD 9.935 GB/s, BD/PAIR 4.967 GB/s, time 1.649e-03 s, comm_vol 16.384 MB
SIZE 98304, REAL_BD 11.715 GB/s, BD/PAIR 5.858 GB/s, time 1.678e-03 s, comm_vol 19.661 MB
SIZE 114688, REAL_BD 13.465 GB/s, BD/PAIR 6.732 GB/s, time 1.704e-03 s, comm_vol 22.938 MB
SIZE 131072, REAL_BD 15.151 GB/s, BD/PAIR 7.576 GB/s, time 1.730e-03 s, comm_vol 26.214 MB
SIZE 163840, REAL_BD 19.041 GB/s, BD/PAIR 9.521 GB/s, time 1.721e-03 s, comm_vol 32.768 MB
SIZE 196608, REAL_BD 22.055 GB/s, BD/PAIR 11.027 GB/s, time 1.783e-03 s, comm_vol 39.322 MB
SIZE 229376, REAL_BD 26.272 GB/s, BD/PAIR 13.136 GB/s, time 1.746e-03 s, comm_vol 45.875 MB
SIZE 262144, REAL_BD 29.25 GB/s, BD/PAIR 14.625 GB/s, time 1.792e-03 s, comm_vol 52.429 MB
SIZE 327680, REAL_BD 35.801 GB/s, BD/PAIR 17.9 GB/s, time 1.831e-03 s, comm_vol 65.536 MB
SIZE 393216, REAL_BD 40.92 GB/s, BD/PAIR 20.46 GB/s, time 1.922e-03 s, comm_vol 78.643 MB
SIZE 458752, REAL_BD 47.781 GB/s, BD/PAIR 23.891 GB/s, time 1.920e-03 s, comm_vol 91.75 MB
SIZE 524288, REAL_BD 53.891 GB/s, BD/PAIR 26.946 GB/s, time 1.946e-03 s, comm_vol 104.858 MB
SIZE 655360, REAL_BD 63.446 GB/s, BD/PAIR 31.723 GB/s, time 2.066e-03 s, comm_vol 131.072 MB
SIZE 786432, REAL_BD 74.882 GB/s, BD/PAIR 37.441 GB/s, time 2.100e-03 s, comm_vol 157.286 MB
SIZE 917504, REAL_BD 85.252 GB/s, BD/PAIR 42.626 GB/s, time 2.152e-03 s, comm_vol 183.501 MB
SIZE 1048576, REAL_BD 94.187 GB/s, BD/PAIR 47.093 GB/s, time 2.227e-03 s, comm_vol 209.715 MB
SIZE 1310720, REAL_BD 111.399 GB/s, BD/PAIR 55.7 GB/s, time 2.353e-03 s, comm_vol 262.144 MB
SIZE 1572864, REAL_BD 126.648 GB/s, BD/PAIR 63.324 GB/s, time 2.484e-03 s, comm_vol 314.573 MB
SIZE 1835008, REAL_BD 136.513 GB/s, BD/PAIR 68.256 GB/s, time 2.688e-03 s, comm_vol 367.002 MB
SIZE 2097152, REAL_BD 146.248 GB/s, BD/PAIR 73.124 GB/s, time 2.868e-03 s, comm_vol 419.43 MB
SIZE 2621440, REAL_BD 165.726 GB/s, BD/PAIR 82.863 GB/s, time 3.164e-03 s, comm_vol 524.288 MB
SIZE 3145728, REAL_BD 180.519 GB/s, BD/PAIR 90.26 GB/s, time 3.485e-03 s, comm_vol 629.146 MB
SIZE 3670016, REAL_BD 192.21 GB/s, BD/PAIR 96.105 GB/s, time 3.819e-03 s, comm_vol 734.003 MB
SIZE 4194304, REAL_BD 198.457 GB/s, BD/PAIR 99.228 GB/s, time 4.227e-03 s, comm_vol 838.861 MB
SIZE 5242880, REAL_BD 205.583 GB/s, BD/PAIR 102.792 GB/s, time 5.100e-03 s, comm_vol 1.049 GB
SIZE 6291456, REAL_BD 214.347 GB/s, BD/PAIR 107.174 GB/s, time 5.870e-03 s, comm_vol 1.258 GB
SIZE 7340032, REAL_BD 224.693 GB/s, BD/PAIR 112.347 GB/s, time 6.533e-03 s, comm_vol 1.468 GB
SIZE 8388608, REAL_BD 231.88 GB/s, BD/PAIR 115.94 GB/s, time 7.235e-03 s, comm_vol 1.678 GB
SIZE 10485760, REAL_BD 233.876 GB/s, BD/PAIR 116.938 GB/s, time 8.967e-03 s, comm_vol 2.097 GB
SIZE 12582912, REAL_BD 241.8 GB/s, BD/PAIR 120.9 GB/s, time 1.041e-02 s, comm_vol 2.517 GB
SIZE 14680064, REAL_BD 241.665 GB/s, BD/PAIR 120.833 GB/s, time 1.215e-02 s, comm_vol 2.936 GB
SIZE 16777216, REAL_BD 252.313 GB/s, BD/PAIR 126.156 GB/s, time 1.330e-02 s, comm_vol 3.355 GB
SIZE 20971520, REAL_BD 257.821 GB/s, BD/PAIR 128.911 GB/s, time 1.627e-02 s, comm_vol 4.194 GB
SIZE 25165824, REAL_BD 261.886 GB/s, BD/PAIR 130.943 GB/s, time 1.922e-02 s, comm_vol 5.033 GB
SIZE 29360128, REAL_BD 266.088 GB/s, BD/PAIR 133.044 GB/s, time 2.207e-02 s, comm_vol 5.872 GB
SIZE 33554432, REAL_BD 269.493 GB/s, BD/PAIR 134.747 GB/s, time 2.490e-02 s, comm_vol 6.711 GB
SIZE 41943040, REAL_BD 273.461 GB/s, BD/PAIR 136.731 GB/s, time 3.068e-02 s, comm_vol 8.389 GB
SIZE 50331648, REAL_BD 275.432 GB/s, BD/PAIR 137.716 GB/s, time 3.655e-02 s, comm_vol 10.066 GB
SIZE 58720256, REAL_BD 276.894 GB/s, BD/PAIR 138.447 GB/s, time 4.241e-02 s, comm_vol 11.744 GB
SIZE 67108864, REAL_BD 278.807 GB/s, BD/PAIR 139.403 GB/s, time 4.814e-02 s, comm_vol 13.422 GB
SIZE 83886080, REAL_BD 282.218 GB/s, BD/PAIR 141.109 GB/s, time 5.945e-02 s, comm_vol 16.777 GB
SIZE 100663296, REAL_BD 283.452 GB/s, BD/PAIR 141.726 GB/s, time 7.103e-02 s, comm_vol 20.133 GB
SIZE 117440512, REAL_BD 285.248 GB/s, BD/PAIR 142.624 GB/s, time 8.234e-02 s, comm_vol 23.488 GB
SIZE 134217728, REAL_BD 285.415 GB/s, BD/PAIR 142.708 GB/s, time 9.405e-02 s, comm_vol 26.844 GB
SIZE 167772160, REAL_BD 309.156 GB/s, BD/PAIR 154.578 GB/s, time 1.085e-01 s, comm_vol 33.554 GB
SIZE 201326592, REAL_BD 310.453 GB/s, BD/PAIR 155.227 GB/s, time 1.297e-01 s, comm_vol 40.265 GB
SIZE 234881024, REAL_BD 311.476 GB/s, BD/PAIR 155.738 GB/s, time 1.508e-01 s, comm_vol 46.976 GB
SIZE 268435456, REAL_BD 312.266 GB/s, BD/PAIR 156.133 GB/s, time 1.719e-01 s, comm_vol 53.687 GB
SIZE 335544320, REAL_BD 313.004 GB/s, BD/PAIR 156.502 GB/s, time 2.144e-01 s, comm_vol 67.109 GB
SIZE 402653184, REAL_BD 313.346 GB/s, BD/PAIR 156.673 GB/s, time 2.570e-01 s, comm_vol 80.531 GB
SIZE 469762048, REAL_BD 313.991 GB/s, BD/PAIR 156.995 GB/s, time 2.992e-01 s, comm_vol 93.952 GB
SIZE 536870912, REAL_BD 314.194 GB/s, BD/PAIR 157.097 GB/s, time 3.417e-01 s, comm_vol 107.374 GB
SIZE 671088640, REAL_BD 314.807 GB/s, BD/PAIR 157.404 GB/s, time 4.263e-01 s, comm_vol 134.218 GB
SIZE 805306368, REAL_BD 315.185 GB/s, BD/PAIR 157.592 GB/s, time 5.110e-01 s, comm_vol 161.061 GB
SIZE 939524096, REAL_BD 315.368 GB/s, BD/PAIR 157.684 GB/s, time 5.958e-01 s, comm_vol 187.905 GB
SIZE 1073741824, REAL_BD 315.534 GB/s, BD/PAIR 157.767 GB/s, time 6.806e-01 s, comm_vol 214.748 GB
[[0, 8]]
SIZE 8192, REAL_BD 450.738 MB/s, BD/PAIR 450.738 MB/s, time 1.817e-03 s, comm_vol 819.2 KB
SIZE 16384, REAL_BD 784.738 MB/s, BD/PAIR 784.738 MB/s, time 2.088e-03 s, comm_vol 1.638 MB
SIZE 24576, REAL_BD 1.171 GB/s, BD/PAIR 1.171 GB/s, time 2.098e-03 s, comm_vol 2.458 MB
SIZE 32768, REAL_BD 1.521 GB/s, BD/PAIR 1.521 GB/s, time 2.155e-03 s, comm_vol 3.277 MB
SIZE 40960, REAL_BD 1.52 GB/s, BD/PAIR 1.52 GB/s, time 2.695e-03 s, comm_vol 4.096 MB
SIZE 49152, REAL_BD 1.788 GB/s, BD/PAIR 1.788 GB/s, time 2.749e-03 s, comm_vol 4.915 MB
SIZE 57344, REAL_BD 2.049 GB/s, BD/PAIR 2.049 GB/s, time 2.798e-03 s, comm_vol 5.734 MB
SIZE 65536, REAL_BD 2.29 GB/s, BD/PAIR 2.29 GB/s, time 2.862e-03 s, comm_vol 6.554 MB
SIZE 81920, REAL_BD 2.363 GB/s, BD/PAIR 2.363 GB/s, time 3.467e-03 s, comm_vol 8.192 MB
SIZE 98304, REAL_BD 2.803 GB/s, BD/PAIR 2.803 GB/s, time 3.507e-03 s, comm_vol 9.83 MB
SIZE 114688, REAL_BD 2.835 GB/s, BD/PAIR 2.835 GB/s, time 4.045e-03 s, comm_vol 11.469 MB
SIZE 131072, REAL_BD 4.046 GB/s, BD/PAIR 4.046 GB/s, time 3.240e-03 s, comm_vol 13.107 MB
SIZE 163840, REAL_BD 4.961 GB/s, BD/PAIR 4.961 GB/s, time 3.303e-03 s, comm_vol 16.384 MB
SIZE 196608, REAL_BD 5.843 GB/s, BD/PAIR 5.843 GB/s, time 3.365e-03 s, comm_vol 19.661 MB
SIZE 229376, REAL_BD 6.297 GB/s, BD/PAIR 6.297 GB/s, time 3.643e-03 s, comm_vol 22.938 MB
SIZE 262144, REAL_BD 7.605 GB/s, BD/PAIR 7.605 GB/s, time 3.447e-03 s, comm_vol 26.214 MB
SIZE 327680, REAL_BD 7.883 GB/s, BD/PAIR 7.883 GB/s, time 4.157e-03 s, comm_vol 32.768 MB
SIZE 393216, REAL_BD 9.12 GB/s, BD/PAIR 9.12 GB/s, time 4.312e-03 s, comm_vol 39.322 MB
SIZE 458752, REAL_BD 9.196 GB/s, BD/PAIR 9.196 GB/s, time 4.989e-03 s, comm_vol 45.875 MB
SIZE 524288, REAL_BD 10.423 GB/s, BD/PAIR 10.423 GB/s, time 5.030e-03 s, comm_vol 52.429 MB
SIZE 655360, REAL_BD 11.215 GB/s, BD/PAIR 11.215 GB/s, time 5.843e-03 s, comm_vol 65.536 MB
SIZE 786432, REAL_BD 11.902 GB/s, BD/PAIR 11.902 GB/s, time 6.607e-03 s, comm_vol 78.643 MB
SIZE 917504, REAL_BD 12.561 GB/s, BD/PAIR 12.561 GB/s, time 7.304e-03 s, comm_vol 91.75 MB
SIZE 1048576, REAL_BD 12.981 GB/s, BD/PAIR 12.981 GB/s, time 8.078e-03 s, comm_vol 104.858 MB
SIZE 1310720, REAL_BD 13.705 GB/s, BD/PAIR 13.705 GB/s, time 9.564e-03 s, comm_vol 131.072 MB
SIZE 1572864, REAL_BD 14.176 GB/s, BD/PAIR 14.176 GB/s, time 1.110e-02 s, comm_vol 157.286 MB
SIZE 1835008, REAL_BD 14.442 GB/s, BD/PAIR 14.442 GB/s, time 1.271e-02 s, comm_vol 183.501 MB
SIZE 2097152, REAL_BD 19.416 GB/s, BD/PAIR 19.416 GB/s, time 1.080e-02 s, comm_vol 209.715 MB
SIZE 2621440, REAL_BD 19.632 GB/s, BD/PAIR 19.632 GB/s, time 1.335e-02 s, comm_vol 262.144 MB
SIZE 3145728, REAL_BD 20.273 GB/s, BD/PAIR 20.273 GB/s, time 1.552e-02 s, comm_vol 314.573 MB
SIZE 3670016, REAL_BD 20.515 GB/s, BD/PAIR 20.515 GB/s, time 1.789e-02 s, comm_vol 367.002 MB
SIZE 4194304, REAL_BD 21.108 GB/s, BD/PAIR 21.108 GB/s, time 1.987e-02 s, comm_vol 419.43 MB
SIZE 5242880, REAL_BD 21.292 GB/s, BD/PAIR 21.292 GB/s, time 2.462e-02 s, comm_vol 524.288 MB
SIZE 6291456, REAL_BD 21.632 GB/s, BD/PAIR 21.632 GB/s, time 2.908e-02 s, comm_vol 629.146 MB
SIZE 7340032, REAL_BD 21.891 GB/s, BD/PAIR 21.891 GB/s, time 3.353e-02 s, comm_vol 734.003 MB
SIZE 8388608, REAL_BD 22.087 GB/s, BD/PAIR 22.087 GB/s, time 3.798e-02 s, comm_vol 838.861 MB
SIZE 10485760, REAL_BD 22.2 GB/s, BD/PAIR 22.2 GB/s, time 4.723e-02 s, comm_vol 1.049 GB
SIZE 12582912, REAL_BD 22.444 GB/s, BD/PAIR 22.444 GB/s, time 5.606e-02 s, comm_vol 1.258 GB
SIZE 14680064, REAL_BD 21.85 GB/s, BD/PAIR 21.85 GB/s, time 6.719e-02 s, comm_vol 1.468 GB
SIZE 16777216, REAL_BD 22.626 GB/s, BD/PAIR 22.626 GB/s, time 7.415e-02 s, comm_vol 1.678 GB
SIZE 20971520, REAL_BD 22.64 GB/s, BD/PAIR 22.64 GB/s, time 9.263e-02 s, comm_vol 2.097 GB
SIZE 25165824, REAL_BD 22.832 GB/s, BD/PAIR 22.832 GB/s, time 1.102e-01 s, comm_vol 2.517 GB
SIZE 29360128, REAL_BD 22.871 GB/s, BD/PAIR 22.871 GB/s, time 1.284e-01 s, comm_vol 2.936 GB
SIZE 33554432, REAL_BD 22.89 GB/s, BD/PAIR 22.89 GB/s, time 1.466e-01 s, comm_vol 3.355 GB
SIZE 41943040, REAL_BD 22.959 GB/s, BD/PAIR 22.959 GB/s, time 1.827e-01 s, comm_vol 4.194 GB
SIZE 50331648, REAL_BD 22.983 GB/s, BD/PAIR 22.983 GB/s, time 2.190e-01 s, comm_vol 5.033 GB
SIZE 58720256, REAL_BD 22.954 GB/s, BD/PAIR 22.954 GB/s, time 2.558e-01 s, comm_vol 5.872 GB
SIZE 67108864, REAL_BD 23.042 GB/s, BD/PAIR 23.042 GB/s, time 2.912e-01 s, comm_vol 6.711 GB
SIZE 83886080, REAL_BD 23.006 GB/s, BD/PAIR 23.006 GB/s, time 3.646e-01 s, comm_vol 8.389 GB
SIZE 100663296, REAL_BD 23.04 GB/s, BD/PAIR 23.04 GB/s, time 4.369e-01 s, comm_vol 10.066 GB
SIZE 117440512, REAL_BD 22.983 GB/s, BD/PAIR 22.983 GB/s, time 5.110e-01 s, comm_vol 11.744 GB
SIZE 134217728, REAL_BD 22.626 GB/s, BD/PAIR 22.626 GB/s, time 5.932e-01 s, comm_vol 13.422 GB
SIZE 167772160, REAL_BD 22.923 GB/s, BD/PAIR 22.923 GB/s, time 7.319e-01 s, comm_vol 16.777 GB
SIZE 201326592, REAL_BD 22.69 GB/s, BD/PAIR 22.69 GB/s, time 8.873e-01 s, comm_vol 20.133 GB
SIZE 234881024, REAL_BD 22.885 GB/s, BD/PAIR 22.885 GB/s, time 1.026e+00 s, comm_vol 23.488 GB
SIZE 268435456, REAL_BD 22.664 GB/s, BD/PAIR 22.664 GB/s, time 1.184e+00 s, comm_vol 26.844 GB
SIZE 335544320, REAL_BD 22.34 GB/s, BD/PAIR 22.34 GB/s, time 1.502e+00 s, comm_vol 33.554 GB
SIZE 402653184, REAL_BD 22.313 GB/s, BD/PAIR 22.313 GB/s, time 1.805e+00 s, comm_vol 40.265 GB
SIZE 469762048, REAL_BD 22.32 GB/s, BD/PAIR 22.32 GB/s, time 2.105e+00 s, comm_vol 46.976 GB
SIZE 536870912, REAL_BD 22.27 GB/s, BD/PAIR 22.27 GB/s, time 2.411e+00 s, comm_vol 53.687 GB
SIZE 671088640, REAL_BD 21.817 GB/s, BD/PAIR 21.817 GB/s, time 3.076e+00 s, comm_vol 67.109 GB
SIZE 805306368, REAL_BD 22.236 GB/s, BD/PAIR 22.236 GB/s, time 3.622e+00 s, comm_vol 80.531 GB
SIZE 939524096, REAL_BD 22.195 GB/s, BD/PAIR 22.195 GB/s, time 4.233e+00 s, comm_vol 93.952 GB
SIZE 1073741824, REAL_BD 22.154 GB/s, BD/PAIR 22.154 GB/s, time 4.847e+00 s, comm_vol 107.374 GB
[[0, 8], [8, 0]]
SIZE 8192, REAL_BD 821.61 MB/s, BD/PAIR 410.805 MB/s, time 1.994e-03 s, comm_vol 1.638 MB
SIZE 16384, REAL_BD 1.534 GB/s, BD/PAIR 767.215 MB/s, time 2.136e-03 s, comm_vol 3.277 MB
SIZE 24576, REAL_BD 2.248 GB/s, BD/PAIR 1.124 GB/s, time 2.186e-03 s, comm_vol 4.915 MB
SIZE 32768, REAL_BD 2.897 GB/s, BD/PAIR 1.448 GB/s, time 2.263e-03 s, comm_vol 6.554 MB
SIZE 40960, REAL_BD 2.906 GB/s, BD/PAIR 1.453 GB/s, time 2.819e-03 s, comm_vol 8.192 MB
SIZE 49152, REAL_BD 3.366 GB/s, BD/PAIR 1.683 GB/s, time 2.920e-03 s, comm_vol 9.83 MB
SIZE 57344, REAL_BD 3.924 GB/s, BD/PAIR 1.962 GB/s, time 2.923e-03 s, comm_vol 11.469 MB
SIZE 65536, REAL_BD 4.449 GB/s, BD/PAIR 2.224 GB/s, time 2.946e-03 s, comm_vol 13.107 MB
SIZE 81920, REAL_BD 4.551 GB/s, BD/PAIR 2.275 GB/s, time 3.600e-03 s, comm_vol 16.384 MB
SIZE 98304, REAL_BD 5.456 GB/s, BD/PAIR 2.728 GB/s, time 3.603e-03 s, comm_vol 19.661 MB
SIZE 114688, REAL_BD 5.476 GB/s, BD/PAIR 2.738 GB/s, time 4.189e-03 s, comm_vol 22.938 MB
SIZE 131072, REAL_BD 7.549 GB/s, BD/PAIR 3.774 GB/s, time 3.473e-03 s, comm_vol 26.214 MB
SIZE 163840, REAL_BD 9.268 GB/s, BD/PAIR 4.634 GB/s, time 3.536e-03 s, comm_vol 32.768 MB
SIZE 196608, REAL_BD 9.819 GB/s, BD/PAIR 4.909 GB/s, time 4.005e-03 s, comm_vol 39.322 MB
SIZE 229376, REAL_BD 11.754 GB/s, BD/PAIR 5.877 GB/s, time 3.903e-03 s, comm_vol 45.875 MB
SIZE 262144, REAL_BD 13.704 GB/s, BD/PAIR 6.852 GB/s, time 3.826e-03 s, comm_vol 52.429 MB
SIZE 327680, REAL_BD 14.525 GB/s, BD/PAIR 7.262 GB/s, time 4.512e-03 s, comm_vol 65.536 MB
SIZE 393216, REAL_BD 16.856 GB/s, BD/PAIR 8.428 GB/s, time 4.666e-03 s, comm_vol 78.643 MB
SIZE 458752, REAL_BD 17.45 GB/s, BD/PAIR 8.725 GB/s, time 5.258e-03 s, comm_vol 91.75 MB
SIZE 524288, REAL_BD 18.721 GB/s, BD/PAIR 9.36 GB/s, time 5.601e-03 s, comm_vol 104.858 MB
SIZE 655360, REAL_BD 20.483 GB/s, BD/PAIR 10.242 GB/s, time 6.399e-03 s, comm_vol 131.072 MB
SIZE 786432, REAL_BD 21.773 GB/s, BD/PAIR 10.886 GB/s, time 7.224e-03 s, comm_vol 157.286 MB
SIZE 917504, REAL_BD 22.797 GB/s, BD/PAIR 11.399 GB/s, time 8.049e-03 s, comm_vol 183.501 MB
SIZE 1048576, REAL_BD 23.678 GB/s, BD/PAIR 11.839 GB/s, time 8.857e-03 s, comm_vol 209.715 MB
SIZE 1310720, REAL_BD 24.708 GB/s, BD/PAIR 12.354 GB/s, time 1.061e-02 s, comm_vol 262.144 MB
SIZE 1572864, REAL_BD 25.583 GB/s, BD/PAIR 12.792 GB/s, time 1.230e-02 s, comm_vol 314.573 MB
SIZE 1835008, REAL_BD 26.716 GB/s, BD/PAIR 13.358 GB/s, time 1.374e-02 s, comm_vol 367.002 MB
SIZE 2097152, REAL_BD 35.465 GB/s, BD/PAIR 17.732 GB/s, time 1.183e-02 s, comm_vol 419.43 MB
SIZE 2621440, REAL_BD 35.278 GB/s, BD/PAIR 17.639 GB/s, time 1.486e-02 s, comm_vol 524.288 MB
SIZE 3145728, REAL_BD 36.643 GB/s, BD/PAIR 18.322 GB/s, time 1.717e-02 s, comm_vol 629.146 MB
SIZE 3670016, REAL_BD 37.191 GB/s, BD/PAIR 18.595 GB/s, time 1.974e-02 s, comm_vol 734.003 MB
SIZE 4194304, REAL_BD 38.665 GB/s, BD/PAIR 19.333 GB/s, time 2.170e-02 s, comm_vol 838.861 MB
SIZE 5242880, REAL_BD 38.801 GB/s, BD/PAIR 19.401 GB/s, time 2.702e-02 s, comm_vol 1.049 GB
SIZE 6291456, REAL_BD 38.285 GB/s, BD/PAIR 19.142 GB/s, time 3.287e-02 s, comm_vol 1.258 GB
SIZE 7340032, REAL_BD 39.824 GB/s, BD/PAIR 19.912 GB/s, time 3.686e-02 s, comm_vol 1.468 GB
SIZE 8388608, REAL_BD 39.554 GB/s, BD/PAIR 19.777 GB/s, time 4.242e-02 s, comm_vol 1.678 GB
SIZE 10485760, REAL_BD 40.961 GB/s, BD/PAIR 20.481 GB/s, time 5.120e-02 s, comm_vol 2.097 GB
SIZE 12582912, REAL_BD 42.346 GB/s, BD/PAIR 21.173 GB/s, time 5.943e-02 s, comm_vol 2.517 GB
SIZE 14680064, REAL_BD 41.114 GB/s, BD/PAIR 20.557 GB/s, time 7.141e-02 s, comm_vol 2.936 GB
SIZE 16777216, REAL_BD 41.764 GB/s, BD/PAIR 20.882 GB/s, time 8.034e-02 s, comm_vol 3.355 GB
SIZE 20971520, REAL_BD 40.648 GB/s, BD/PAIR 20.324 GB/s, time 1.032e-01 s, comm_vol 4.194 GB
SIZE 25165824, REAL_BD 41.977 GB/s, BD/PAIR 20.988 GB/s, time 1.199e-01 s, comm_vol 5.033 GB
SIZE 29360128, REAL_BD 40.009 GB/s, BD/PAIR 20.005 GB/s, time 1.468e-01 s, comm_vol 5.872 GB
SIZE 33554432, REAL_BD 42.569 GB/s, BD/PAIR 21.284 GB/s, time 1.576e-01 s, comm_vol 6.711 GB
SIZE 41943040, REAL_BD 42.15 GB/s, BD/PAIR 21.075 GB/s, time 1.990e-01 s, comm_vol 8.389 GB
SIZE 50331648, REAL_BD 42.17 GB/s, BD/PAIR 21.085 GB/s, time 2.387e-01 s, comm_vol 10.066 GB
SIZE 58720256, REAL_BD 42.664 GB/s, BD/PAIR 21.332 GB/s, time 2.753e-01 s, comm_vol 11.744 GB
SIZE 67108864, REAL_BD 42.343 GB/s, BD/PAIR 21.172 GB/s, time 3.170e-01 s, comm_vol 13.422 GB
SIZE 83886080, REAL_BD 41.923 GB/s, BD/PAIR 20.961 GB/s, time 4.002e-01 s, comm_vol 16.777 GB
SIZE 100663296, REAL_BD 42.306 GB/s, BD/PAIR 21.153 GB/s, time 4.759e-01 s, comm_vol 20.133 GB
SIZE 117440512, REAL_BD 42.055 GB/s, BD/PAIR 21.027 GB/s, time 5.585e-01 s, comm_vol 23.488 GB
SIZE 134217728, REAL_BD 41.915 GB/s, BD/PAIR 20.958 GB/s, time 6.404e-01 s, comm_vol 26.844 GB
SIZE 167772160, REAL_BD 42.104 GB/s, BD/PAIR 21.052 GB/s, time 7.969e-01 s, comm_vol 33.554 GB
SIZE 201326592, REAL_BD 41.608 GB/s, BD/PAIR 20.804 GB/s, time 9.677e-01 s, comm_vol 40.265 GB
SIZE 234881024, REAL_BD 42.103 GB/s, BD/PAIR 21.051 GB/s, time 1.116e+00 s, comm_vol 46.976 GB
SIZE 268435456, REAL_BD 41.761 GB/s, BD/PAIR 20.88 GB/s, time 1.286e+00 s, comm_vol 53.687 GB
SIZE 335544320, REAL_BD 41.96 GB/s, BD/PAIR 20.98 GB/s, time 1.599e+00 s, comm_vol 67.109 GB
SIZE 402653184, REAL_BD 41.712 GB/s, BD/PAIR 20.856 GB/s, time 1.931e+00 s, comm_vol 80.531 GB
SIZE 469762048, REAL_BD 41.951 GB/s, BD/PAIR 20.976 GB/s, time 2.240e+00 s, comm_vol 93.952 GB
SIZE 536870912, REAL_BD 41.893 GB/s, BD/PAIR 20.947 GB/s, time 2.563e+00 s, comm_vol 107.374 GB
SIZE 671088640, REAL_BD 41.848 GB/s, BD/PAIR 20.924 GB/s, time 3.207e+00 s, comm_vol 134.218 GB
SIZE 805306368, REAL_BD 41.797 GB/s, BD/PAIR 20.899 GB/s, time 3.853e+00 s, comm_vol 161.061 GB
SIZE 939524096, REAL_BD 41.837 GB/s, BD/PAIR 20.919 GB/s, time 4.491e+00 s, comm_vol 187.905 GB
SIZE 1073741824, REAL_BD 41.898 GB/s, BD/PAIR 20.949 GB/s, time 5.125e+00 s, comm_vol 214.748 GB
[[0, 15], [15, 0]]
SIZE 8192, REAL_BD 780.282 MB/s, BD/PAIR 390.141 MB/s, time 2.100e-03 s, comm_vol 1.638 MB
SIZE 16384, REAL_BD 1.529 GB/s, BD/PAIR 764.484 MB/s, time 2.143e-03 s, comm_vol 3.277 MB
SIZE 24576, REAL_BD 2.256 GB/s, BD/PAIR 1.128 GB/s, time 2.179e-03 s, comm_vol 4.915 MB
SIZE 32768, REAL_BD 2.94 GB/s, BD/PAIR 1.47 GB/s, time 2.229e-03 s, comm_vol 6.554 MB
SIZE 40960, REAL_BD 2.898 GB/s, BD/PAIR 1.449 GB/s, time 2.827e-03 s, comm_vol 8.192 MB
SIZE 49152, REAL_BD 3.392 GB/s, BD/PAIR 1.696 GB/s, time 2.898e-03 s, comm_vol 9.83 MB
SIZE 57344, REAL_BD 3.9 GB/s, BD/PAIR 1.95 GB/s, time 2.940e-03 s, comm_vol 11.469 MB
SIZE 65536, REAL_BD 4.321 GB/s, BD/PAIR 2.161 GB/s, time 3.033e-03 s, comm_vol 13.107 MB
SIZE 81920, REAL_BD 4.581 GB/s, BD/PAIR 2.291 GB/s, time 3.576e-03 s, comm_vol 16.384 MB
SIZE 98304, REAL_BD 5.357 GB/s, BD/PAIR 2.678 GB/s, time 3.670e-03 s, comm_vol 19.661 MB
SIZE 114688, REAL_BD 5.421 GB/s, BD/PAIR 2.711 GB/s, time 4.231e-03 s, comm_vol 22.938 MB
SIZE 131072, REAL_BD 7.361 GB/s, BD/PAIR 3.68 GB/s, time 3.561e-03 s, comm_vol 26.214 MB
SIZE 163840, REAL_BD 9.142 GB/s, BD/PAIR 4.571 GB/s, time 3.584e-03 s, comm_vol 32.768 MB
SIZE 196608, REAL_BD 10.828 GB/s, BD/PAIR 5.414 GB/s, time 3.632e-03 s, comm_vol 39.322 MB
SIZE 229376, REAL_BD 11.83 GB/s, BD/PAIR 5.915 GB/s, time 3.878e-03 s, comm_vol 45.875 MB
SIZE 262144, REAL_BD 13.652 GB/s, BD/PAIR 6.826 GB/s, time 3.840e-03 s, comm_vol 52.429 MB
SIZE 327680, REAL_BD 14.476 GB/s, BD/PAIR 7.238 GB/s, time 4.527e-03 s, comm_vol 65.536 MB
SIZE 393216, REAL_BD 16.865 GB/s, BD/PAIR 8.433 GB/s, time 4.663e-03 s, comm_vol 78.643 MB
SIZE 458752, REAL_BD 17.269 GB/s, BD/PAIR 8.634 GB/s, time 5.313e-03 s, comm_vol 91.75 MB
SIZE 524288, REAL_BD 18.806 GB/s, BD/PAIR 9.403 GB/s, time 5.576e-03 s, comm_vol 104.858 MB
SIZE 655360, REAL_BD 20.325 GB/s, BD/PAIR 10.163 GB/s, time 6.449e-03 s, comm_vol 131.072 MB
SIZE 786432, REAL_BD 21.574 GB/s, BD/PAIR 10.787 GB/s, time 7.291e-03 s, comm_vol 157.286 MB
SIZE 917504, REAL_BD 22.805 GB/s, BD/PAIR 11.402 GB/s, time 8.047e-03 s, comm_vol 183.501 MB
SIZE 1048576, REAL_BD 23.8 GB/s, BD/PAIR 11.9 GB/s, time 8.812e-03 s, comm_vol 209.715 MB
SIZE 1310720, REAL_BD 25.137 GB/s, BD/PAIR 12.568 GB/s, time 1.043e-02 s, comm_vol 262.144 MB
SIZE 1572864, REAL_BD 25.499 GB/s, BD/PAIR 12.75 GB/s, time 1.234e-02 s, comm_vol 314.573 MB
SIZE 1835008, REAL_BD 26.414 GB/s, BD/PAIR 13.207 GB/s, time 1.389e-02 s, comm_vol 367.002 MB
SIZE 2097152, REAL_BD 34.328 GB/s, BD/PAIR 17.164 GB/s, time 1.222e-02 s, comm_vol 419.43 MB
SIZE 2621440, REAL_BD 36.311 GB/s, BD/PAIR 18.155 GB/s, time 1.444e-02 s, comm_vol 524.288 MB
SIZE 3145728, REAL_BD 35.982 GB/s, BD/PAIR 17.991 GB/s, time 1.748e-02 s, comm_vol 629.146 MB
SIZE 3670016, REAL_BD 37.429 GB/s, BD/PAIR 18.714 GB/s, time 1.961e-02 s, comm_vol 734.003 MB
SIZE 4194304, REAL_BD 38.574 GB/s, BD/PAIR 19.287 GB/s, time 2.175e-02 s, comm_vol 838.861 MB
SIZE 5242880, REAL_BD 39.693 GB/s, BD/PAIR 19.846 GB/s, time 2.642e-02 s, comm_vol 1.049 GB
SIZE 6291456, REAL_BD 38.933 GB/s, BD/PAIR 19.467 GB/s, time 3.232e-02 s, comm_vol 1.258 GB
SIZE 7340032, REAL_BD 41.396 GB/s, BD/PAIR 20.698 GB/s, time 3.546e-02 s, comm_vol 1.468 GB
SIZE 8388608, REAL_BD 39.185 GB/s, BD/PAIR 19.593 GB/s, time 4.282e-02 s, comm_vol 1.678 GB
SIZE 10485760, REAL_BD 41.023 GB/s, BD/PAIR 20.512 GB/s, time 5.112e-02 s, comm_vol 2.097 GB
SIZE 12582912, REAL_BD 41.829 GB/s, BD/PAIR 20.915 GB/s, time 6.016e-02 s, comm_vol 2.517 GB
SIZE 14680064, REAL_BD 39.626 GB/s, BD/PAIR 19.813 GB/s, time 7.409e-02 s, comm_vol 2.936 GB
SIZE 16777216, REAL_BD 39.575 GB/s, BD/PAIR 19.788 GB/s, time 8.479e-02 s, comm_vol 3.355 GB
SIZE 20971520, REAL_BD 40.833 GB/s, BD/PAIR 20.416 GB/s, time 1.027e-01 s, comm_vol 4.194 GB
SIZE 25165824, REAL_BD 40.933 GB/s, BD/PAIR 20.467 GB/s, time 1.230e-01 s, comm_vol 5.033 GB
SIZE 29360128, REAL_BD 42.48 GB/s, BD/PAIR 21.24 GB/s, time 1.382e-01 s, comm_vol 5.872 GB
SIZE 33554432, REAL_BD 41.58 GB/s, BD/PAIR 20.79 GB/s, time 1.614e-01 s, comm_vol 6.711 GB
SIZE 41943040, REAL_BD 41.603 GB/s, BD/PAIR 20.802 GB/s, time 2.016e-01 s, comm_vol 8.389 GB
SIZE 50331648, REAL_BD 41.719 GB/s, BD/PAIR 20.86 GB/s, time 2.413e-01 s, comm_vol 10.066 GB
SIZE 58720256, REAL_BD 41.42 GB/s, BD/PAIR 20.71 GB/s, time 2.835e-01 s, comm_vol 11.744 GB
SIZE 67108864, REAL_BD 41.447 GB/s, BD/PAIR 20.723 GB/s, time 3.238e-01 s, comm_vol 13.422 GB
SIZE 83886080, REAL_BD 41.29 GB/s, BD/PAIR 20.645 GB/s, time 4.063e-01 s, comm_vol 16.777 GB
SIZE 100663296, REAL_BD 41.507 GB/s, BD/PAIR 20.753 GB/s, time 4.850e-01 s, comm_vol 20.133 GB
SIZE 117440512, REAL_BD 41.313 GB/s, BD/PAIR 20.656 GB/s, time 5.685e-01 s, comm_vol 23.488 GB
SIZE 134217728, REAL_BD 41.277 GB/s, BD/PAIR 20.639 GB/s, time 6.503e-01 s, comm_vol 26.844 GB
SIZE 167772160, REAL_BD 41.298 GB/s, BD/PAIR 20.649 GB/s, time 8.125e-01 s, comm_vol 33.554 GB
SIZE 201326592, REAL_BD 41.195 GB/s, BD/PAIR 20.598 GB/s, time 9.774e-01 s, comm_vol 40.265 GB
SIZE 234881024, REAL_BD 41.29 GB/s, BD/PAIR 20.645 GB/s, time 1.138e+00 s, comm_vol 46.976 GB
SIZE 268435456, REAL_BD 41.151 GB/s, BD/PAIR 20.576 GB/s, time 1.305e+00 s, comm_vol 53.687 GB
SIZE 335544320, REAL_BD 41.11 GB/s, BD/PAIR 20.555 GB/s, time 1.632e+00 s, comm_vol 67.109 GB
SIZE 402653184, REAL_BD 41.48 GB/s, BD/PAIR 20.74 GB/s, time 1.941e+00 s, comm_vol 80.531 GB
SIZE 469762048, REAL_BD 41.456 GB/s, BD/PAIR 20.728 GB/s, time 2.266e+00 s, comm_vol 93.952 GB
SIZE 536870912, REAL_BD 41.322 GB/s, BD/PAIR 20.661 GB/s, time 2.598e+00 s, comm_vol 107.374 GB
SIZE 671088640, REAL_BD 41.338 GB/s, BD/PAIR 20.669 GB/s, time 3.247e+00 s, comm_vol 134.218 GB
SIZE 805306368, REAL_BD 41.302 GB/s, BD/PAIR 20.651 GB/s, time 3.900e+00 s, comm_vol 161.061 GB
SIZE 939524096, REAL_BD 41.426 GB/s, BD/PAIR 20.713 GB/s, time 4.536e+00 s, comm_vol 187.905 GB
SIZE 1073741824, REAL_BD 41.278 GB/s, BD/PAIR 20.639 GB/s, time 5.203e+00 s, comm_vol 214.748 GB
[[0, 8], [0, 15]]
SIZE 8192, REAL_BD 514.868 MB/s, BD/PAIR 257.434 MB/s, time 3.182e-03 s, comm_vol 1.638 MB
SIZE 16384, REAL_BD 1.016 GB/s, BD/PAIR 507.754 MB/s, time 3.227e-03 s, comm_vol 3.277 MB
SIZE 24576, REAL_BD 1.488 GB/s, BD/PAIR 744.201 MB/s, time 3.302e-03 s, comm_vol 4.915 MB
SIZE 32768, REAL_BD 1.928 GB/s, BD/PAIR 964.078 MB/s, time 3.399e-03 s, comm_vol 6.554 MB
SIZE 40960, REAL_BD 1.933 GB/s, BD/PAIR 966.736 MB/s, time 4.237e-03 s, comm_vol 8.192 MB
SIZE 49152, REAL_BD 2.292 GB/s, BD/PAIR 1.146 GB/s, time 4.289e-03 s, comm_vol 9.83 MB
SIZE 57344, REAL_BD 2.654 GB/s, BD/PAIR 1.327 GB/s, time 4.321e-03 s, comm_vol 11.469 MB
SIZE 65536, REAL_BD 2.975 GB/s, BD/PAIR 1.487 GB/s, time 4.406e-03 s, comm_vol 13.107 MB
SIZE 81920, REAL_BD 3.106 GB/s, BD/PAIR 1.553 GB/s, time 5.274e-03 s, comm_vol 16.384 MB
SIZE 98304, REAL_BD 3.663 GB/s, BD/PAIR 1.831 GB/s, time 5.368e-03 s, comm_vol 19.661 MB
SIZE 114688, REAL_BD 3.677 GB/s, BD/PAIR 1.839 GB/s, time 6.238e-03 s, comm_vol 22.938 MB
SIZE 131072, REAL_BD 5.324 GB/s, BD/PAIR 2.662 GB/s, time 4.924e-03 s, comm_vol 26.214 MB
SIZE 163840, REAL_BD 6.506 GB/s, BD/PAIR 3.253 GB/s, time 5.037e-03 s, comm_vol 32.768 MB
SIZE 196608, REAL_BD 7.795 GB/s, BD/PAIR 3.897 GB/s, time 5.045e-03 s, comm_vol 39.322 MB
SIZE 229376, REAL_BD 8.284 GB/s, BD/PAIR 4.142 GB/s, time 5.538e-03 s, comm_vol 45.875 MB
SIZE 262144, REAL_BD 9.782 GB/s, BD/PAIR 4.891 GB/s, time 5.360e-03 s, comm_vol 52.429 MB
SIZE 327680, REAL_BD 10.429 GB/s, BD/PAIR 5.215 GB/s, time 6.284e-03 s, comm_vol 65.536 MB
SIZE 393216, REAL_BD 11.997 GB/s, BD/PAIR 5.998 GB/s, time 6.555e-03 s, comm_vol 78.643 MB
SIZE 458752, REAL_BD 12.29 GB/s, BD/PAIR 6.145 GB/s, time 7.466e-03 s, comm_vol 91.75 MB
SIZE 524288, REAL_BD 13.495 GB/s, BD/PAIR 6.748 GB/s, time 7.770e-03 s, comm_vol 104.858 MB
SIZE 655360, REAL_BD 14.592 GB/s, BD/PAIR 7.296 GB/s, time 8.982e-03 s, comm_vol 131.072 MB
SIZE 786432, REAL_BD 15.444 GB/s, BD/PAIR 7.722 GB/s, time 1.018e-02 s, comm_vol 157.286 MB
SIZE 917504, REAL_BD 16.152 GB/s, BD/PAIR 8.076 GB/s, time 1.136e-02 s, comm_vol 183.501 MB
SIZE 1048576, REAL_BD 16.542 GB/s, BD/PAIR 8.271 GB/s, time 1.268e-02 s, comm_vol 209.715 MB
SIZE 1310720, REAL_BD 17.181 GB/s, BD/PAIR 8.59 GB/s, time 1.526e-02 s, comm_vol 262.144 MB
SIZE 1572864, REAL_BD 17.823 GB/s, BD/PAIR 8.912 GB/s, time 1.765e-02 s, comm_vol 314.573 MB
SIZE 1835008, REAL_BD 17.901 GB/s, BD/PAIR 8.951 GB/s, time 2.050e-02 s, comm_vol 367.002 MB
SIZE 2097152, REAL_BD 24.327 GB/s, BD/PAIR 12.164 GB/s, time 1.724e-02 s, comm_vol 419.43 MB
SIZE 2621440, REAL_BD 23.874 GB/s, BD/PAIR 11.937 GB/s, time 2.196e-02 s, comm_vol 524.288 MB
SIZE 3145728, REAL_BD 23.937 GB/s, BD/PAIR 11.968 GB/s, time 2.628e-02 s, comm_vol 629.146 MB
SIZE 3670016, REAL_BD 23.678 GB/s, BD/PAIR 11.839 GB/s, time 3.100e-02 s, comm_vol 734.003 MB
SIZE 4194304, REAL_BD 23.586 GB/s, BD/PAIR 11.793 GB/s, time 3.557e-02 s, comm_vol 838.861 MB
SIZE 5242880, REAL_BD 23.754 GB/s, BD/PAIR 11.877 GB/s, time 4.414e-02 s, comm_vol 1.049 GB
SIZE 6291456, REAL_BD 23.504 GB/s, BD/PAIR 11.752 GB/s, time 5.354e-02 s, comm_vol 1.258 GB
SIZE 7340032, REAL_BD 23.463 GB/s, BD/PAIR 11.731 GB/s, time 6.257e-02 s, comm_vol 1.468 GB
SIZE 8388608, REAL_BD 23.456 GB/s, BD/PAIR 11.728 GB/s, time 7.153e-02 s, comm_vol 1.678 GB
SIZE 10485760, REAL_BD 23.336 GB/s, BD/PAIR 11.668 GB/s, time 8.987e-02 s, comm_vol 2.097 GB
SIZE 12582912, REAL_BD 23.457 GB/s, BD/PAIR 11.728 GB/s, time 1.073e-01 s, comm_vol 2.517 GB
SIZE 14680064, REAL_BD 23.305 GB/s, BD/PAIR 11.653 GB/s, time 1.260e-01 s, comm_vol 2.936 GB
SIZE 16777216, REAL_BD 23.328 GB/s, BD/PAIR 11.664 GB/s, time 1.438e-01 s, comm_vol 3.355 GB
SIZE 20971520, REAL_BD 23.338 GB/s, BD/PAIR 11.669 GB/s, time 1.797e-01 s, comm_vol 4.194 GB
SIZE 25165824, REAL_BD 23.297 GB/s, BD/PAIR 11.648 GB/s, time 2.160e-01 s, comm_vol 5.033 GB
SIZE 29360128, REAL_BD 23.278 GB/s, BD/PAIR 11.639 GB/s, time 2.523e-01 s, comm_vol 5.872 GB
SIZE 33554432, REAL_BD 23.272 GB/s, BD/PAIR 11.636 GB/s, time 2.884e-01 s, comm_vol 6.711 GB
SIZE 41943040, REAL_BD 23.238 GB/s, BD/PAIR 11.619 GB/s, time 3.610e-01 s, comm_vol 8.389 GB
SIZE 50331648, REAL_BD 23.243 GB/s, BD/PAIR 11.622 GB/s, time 4.331e-01 s, comm_vol 10.066 GB
SIZE 58720256, REAL_BD 23.19 GB/s, BD/PAIR 11.595 GB/s, time 5.064e-01 s, comm_vol 11.744 GB
SIZE 67108864, REAL_BD 23.226 GB/s, BD/PAIR 11.613 GB/s, time 5.779e-01 s, comm_vol 13.422 GB
SIZE 83886080, REAL_BD 23.207 GB/s, BD/PAIR 11.604 GB/s, time 7.229e-01 s, comm_vol 16.777 GB
SIZE 100663296, REAL_BD 22.893 GB/s, BD/PAIR 11.447 GB/s, time 8.794e-01 s, comm_vol 20.133 GB
SIZE 117440512, REAL_BD 23.165 GB/s, BD/PAIR 11.582 GB/s, time 1.014e+00 s, comm_vol 23.488 GB
SIZE 134217728, REAL_BD 23.136 GB/s, BD/PAIR 11.568 GB/s, time 1.160e+00 s, comm_vol 26.844 GB
SIZE 167772160, REAL_BD 23.131 GB/s, BD/PAIR 11.565 GB/s, time 1.451e+00 s, comm_vol 33.554 GB
SIZE 201326592, REAL_BD 22.94 GB/s, BD/PAIR 11.47 GB/s, time 1.755e+00 s, comm_vol 40.265 GB
SIZE 234881024, REAL_BD 23.055 GB/s, BD/PAIR 11.528 GB/s, time 2.038e+00 s, comm_vol 46.976 GB
SIZE 268435456, REAL_BD 22.878 GB/s, BD/PAIR 11.439 GB/s, time 2.347e+00 s, comm_vol 53.687 GB
SIZE 335544320, REAL_BD 22.951 GB/s, BD/PAIR 11.476 GB/s, time 2.924e+00 s, comm_vol 67.109 GB
SIZE 402653184, REAL_BD 22.835 GB/s, BD/PAIR 11.417 GB/s, time 3.527e+00 s, comm_vol 80.531 GB
SIZE 469762048, REAL_BD 22.828 GB/s, BD/PAIR 11.414 GB/s, time 4.116e+00 s, comm_vol 93.952 GB
SIZE 536870912, REAL_BD 22.77 GB/s, BD/PAIR 11.385 GB/s, time 4.716e+00 s, comm_vol 107.374 GB
SIZE 671088640, REAL_BD 22.666 GB/s, BD/PAIR 11.333 GB/s, time 5.921e+00 s, comm_vol 134.218 GB
SIZE 805306368, REAL_BD 22.572 GB/s, BD/PAIR 11.286 GB/s, time 7.135e+00 s, comm_vol 161.061 GB
SIZE 939524096, REAL_BD 22.589 GB/s, BD/PAIR 11.295 GB/s, time 8.318e+00 s, comm_vol 187.905 GB
SIZE 1073741824, REAL_BD 22.485 GB/s, BD/PAIR 11.242 GB/s, time 9.551e+00 s, comm_vol 214.748 GB
[[0, 8], [0, 15], [8, 0], [15, 0]]
SIZE 8192, REAL_BD 923.091 MB/s, BD/PAIR 230.773 MB/s, time 3.550e-03 s, comm_vol 3.277 MB
SIZE 16384, REAL_BD 1.789 GB/s, BD/PAIR 447.305 MB/s, time 3.663e-03 s, comm_vol 6.554 MB
SIZE 24576, REAL_BD 2.654 GB/s, BD/PAIR 663.529 MB/s, time 3.704e-03 s, comm_vol 9.83 MB
SIZE 32768, REAL_BD 3.476 GB/s, BD/PAIR 868.877 MB/s, time 3.771e-03 s, comm_vol 13.107 MB
SIZE 40960, REAL_BD 3.53 GB/s, BD/PAIR 882.376 MB/s, time 4.642e-03 s, comm_vol 16.384 MB
SIZE 49152, REAL_BD 4.204 GB/s, BD/PAIR 1.051 GB/s, time 4.677e-03 s, comm_vol 19.661 MB
SIZE 57344, REAL_BD 4.886 GB/s, BD/PAIR 1.221 GB/s, time 4.695e-03 s, comm_vol 22.938 MB
SIZE 65536, REAL_BD 5.508 GB/s, BD/PAIR 1.377 GB/s, time 4.759e-03 s, comm_vol 26.214 MB
SIZE 81920, REAL_BD 5.811 GB/s, BD/PAIR 1.453 GB/s, time 5.639e-03 s, comm_vol 32.768 MB
SIZE 98304, REAL_BD 6.842 GB/s, BD/PAIR 1.71 GB/s, time 5.747e-03 s, comm_vol 39.322 MB
SIZE 114688, REAL_BD 6.933 GB/s, BD/PAIR 1.733 GB/s, time 6.617e-03 s, comm_vol 45.875 MB
SIZE 131072, REAL_BD 10.038 GB/s, BD/PAIR 2.51 GB/s, time 5.223e-03 s, comm_vol 52.429 MB
SIZE 163840, REAL_BD 12.362 GB/s, BD/PAIR 3.09 GB/s, time 5.301e-03 s, comm_vol 65.536 MB
SIZE 196608, REAL_BD 14.63 GB/s, BD/PAIR 3.657 GB/s, time 5.376e-03 s, comm_vol 78.643 MB
SIZE 229376, REAL_BD 15.934 GB/s, BD/PAIR 3.984 GB/s, time 5.758e-03 s, comm_vol 91.75 MB
SIZE 262144, REAL_BD 18.6 GB/s, BD/PAIR 4.65 GB/s, time 5.638e-03 s, comm_vol 104.858 MB
SIZE 327680, REAL_BD 19.8 GB/s, BD/PAIR 4.95 GB/s, time 6.620e-03 s, comm_vol 131.072 MB
SIZE 393216, REAL_BD 22.904 GB/s, BD/PAIR 5.726 GB/s, time 6.867e-03 s, comm_vol 157.286 MB
SIZE 458752, REAL_BD 23.748 GB/s, BD/PAIR 5.937 GB/s, time 7.727e-03 s, comm_vol 183.501 MB
SIZE 524288, REAL_BD 26.372 GB/s, BD/PAIR 6.593 GB/s, time 7.952e-03 s, comm_vol 209.715 MB
SIZE 655360, REAL_BD 28.389 GB/s, BD/PAIR 7.097 GB/s, time 9.234e-03 s, comm_vol 262.144 MB
SIZE 786432, REAL_BD 29.905 GB/s, BD/PAIR 7.476 GB/s, time 1.052e-02 s, comm_vol 314.573 MB
SIZE 917504, REAL_BD 30.664 GB/s, BD/PAIR 7.666 GB/s, time 1.197e-02 s, comm_vol 367.002 MB
SIZE 1048576, REAL_BD 32.225 GB/s, BD/PAIR 8.056 GB/s, time 1.302e-02 s, comm_vol 419.43 MB
SIZE 1310720, REAL_BD 33.401 GB/s, BD/PAIR 8.35 GB/s, time 1.570e-02 s, comm_vol 524.288 MB
SIZE 1572864, REAL_BD 33.315 GB/s, BD/PAIR 8.329 GB/s, time 1.888e-02 s, comm_vol 629.146 MB
SIZE 1835008, REAL_BD 31.926 GB/s, BD/PAIR 7.982 GB/s, time 2.299e-02 s, comm_vol 734.003 MB
SIZE 2097152, REAL_BD 41.221 GB/s, BD/PAIR 10.305 GB/s, time 2.035e-02 s, comm_vol 838.861 MB
SIZE 2621440, REAL_BD 41.899 GB/s, BD/PAIR 10.475 GB/s, time 2.503e-02 s, comm_vol 1.049 GB
SIZE 3145728, REAL_BD 41.861 GB/s, BD/PAIR 10.465 GB/s, time 3.006e-02 s, comm_vol 1.258 GB
SIZE 3670016, REAL_BD 39.489 GB/s, BD/PAIR 9.872 GB/s, time 3.718e-02 s, comm_vol 1.468 GB
SIZE 4194304, REAL_BD 39.604 GB/s, BD/PAIR 9.901 GB/s, time 4.236e-02 s, comm_vol 1.678 GB
SIZE 5242880, REAL_BD 40.299 GB/s, BD/PAIR 10.075 GB/s, time 5.204e-02 s, comm_vol 2.097 GB
SIZE 6291456, REAL_BD 40.301 GB/s, BD/PAIR 10.075 GB/s, time 6.244e-02 s, comm_vol 2.517 GB
SIZE 7340032, REAL_BD 37.648 GB/s, BD/PAIR 9.412 GB/s, time 7.799e-02 s, comm_vol 2.936 GB
SIZE 8388608, REAL_BD 39.942 GB/s, BD/PAIR 9.986 GB/s, time 8.401e-02 s, comm_vol 3.355 GB
SIZE 10485760, REAL_BD 41.768 GB/s, BD/PAIR 10.442 GB/s, time 1.004e-01 s, comm_vol 4.194 GB
SIZE 12582912, REAL_BD 42.006 GB/s, BD/PAIR 10.501 GB/s, time 1.198e-01 s, comm_vol 5.033 GB
SIZE 14680064, REAL_BD 42.619 GB/s, BD/PAIR 10.655 GB/s, time 1.378e-01 s, comm_vol 5.872 GB
SIZE 16777216, REAL_BD 42.537 GB/s, BD/PAIR 10.634 GB/s, time 1.578e-01 s, comm_vol 6.711 GB
SIZE 20971520, REAL_BD 42.935 GB/s, BD/PAIR 10.734 GB/s, time 1.954e-01 s, comm_vol 8.389 GB
SIZE 25165824, REAL_BD 43.247 GB/s, BD/PAIR 10.812 GB/s, time 2.328e-01 s, comm_vol 10.066 GB
SIZE 29360128, REAL_BD 43.262 GB/s, BD/PAIR 10.815 GB/s, time 2.715e-01 s, comm_vol 11.744 GB
SIZE 33554432, REAL_BD 43.186 GB/s, BD/PAIR 10.797 GB/s, time 3.108e-01 s, comm_vol 13.422 GB
SIZE 41943040, REAL_BD 43.457 GB/s, BD/PAIR 10.864 GB/s, time 3.861e-01 s, comm_vol 16.777 GB
SIZE 50331648, REAL_BD 43.202 GB/s, BD/PAIR 10.801 GB/s, time 4.660e-01 s, comm_vol 20.133 GB
SIZE 58720256, REAL_BD 43.381 GB/s, BD/PAIR 10.845 GB/s, time 5.414e-01 s, comm_vol 23.488 GB
SIZE 67108864, REAL_BD 43.102 GB/s, BD/PAIR 10.776 GB/s, time 6.228e-01 s, comm_vol 26.844 GB
SIZE 83886080, REAL_BD 43.251 GB/s, BD/PAIR 10.813 GB/s, time 7.758e-01 s, comm_vol 33.554 GB
SIZE 100663296, REAL_BD 43.022 GB/s, BD/PAIR 10.756 GB/s, time 9.359e-01 s, comm_vol 40.265 GB
SIZE 117440512, REAL_BD 43.064 GB/s, BD/PAIR 10.766 GB/s, time 1.091e+00 s, comm_vol 46.976 GB
SIZE 134217728, REAL_BD 43.061 GB/s, BD/PAIR 10.765 GB/s, time 1.247e+00 s, comm_vol 53.687 GB
SIZE 167772160, REAL_BD 42.934 GB/s, BD/PAIR 10.733 GB/s, time 1.563e+00 s, comm_vol 67.109 GB
SIZE 201326592, REAL_BD 42.519 GB/s, BD/PAIR 10.63 GB/s, time 1.894e+00 s, comm_vol 80.531 GB
SIZE 234881024, REAL_BD 42.923 GB/s, BD/PAIR 10.731 GB/s, time 2.189e+00 s, comm_vol 93.952 GB
SIZE 268435456, REAL_BD 42.63 GB/s, BD/PAIR 10.658 GB/s, time 2.519e+00 s, comm_vol 107.374 GB
SIZE 335544320, REAL_BD 42.335 GB/s, BD/PAIR 10.584 GB/s, time 3.170e+00 s, comm_vol 134.218 GB
SIZE 402653184, REAL_BD 42.441 GB/s, BD/PAIR 10.61 GB/s, time 3.795e+00 s, comm_vol 161.061 GB
SIZE 469762048, REAL_BD 42.354 GB/s, BD/PAIR 10.588 GB/s, time 4.437e+00 s, comm_vol 187.905 GB
SIZE 536870912, REAL_BD 42.203 GB/s, BD/PAIR 10.551 GB/s, time 5.088e+00 s, comm_vol 214.748 GB
SIZE 671088640, REAL_BD 42.157 GB/s, BD/PAIR 10.539 GB/s, time 6.368e+00 s, comm_vol 268.435 GB
SIZE 805306368, REAL_BD 42.191 GB/s, BD/PAIR 10.548 GB/s, time 7.635e+00 s, comm_vol 322.123 GB
SIZE 939524096, REAL_BD 42.056 GB/s, BD/PAIR 10.514 GB/s, time 8.936e+00 s, comm_vol 375.81 GB
SIZE 1073741824, REAL_BD 42.11 GB/s, BD/PAIR 10.527 GB/s, time 1.020e+01 s, comm_vol 429.497 GB
[[7, 8], [15, 0]]
NCCL version 2.21.5+cuda12.4
SIZE 8192, REAL_BD 801.3 MB/s, BD/PAIR 400.65 MB/s, time 2.045e-03 s, comm_vol 1.638 MB
SIZE 16384, REAL_BD 1.53 GB/s, BD/PAIR 764.995 MB/s, time 2.142e-03 s, comm_vol 3.277 MB
SIZE 24576, REAL_BD 2.277 GB/s, BD/PAIR 1.139 GB/s, time 2.158e-03 s, comm_vol 4.915 MB
SIZE 32768, REAL_BD 2.93 GB/s, BD/PAIR 1.465 GB/s, time 2.237e-03 s, comm_vol 6.554 MB
SIZE 40960, REAL_BD 2.864 GB/s, BD/PAIR 1.432 GB/s, time 2.861e-03 s, comm_vol 8.192 MB
SIZE 49152, REAL_BD 3.433 GB/s, BD/PAIR 1.716 GB/s, time 2.864e-03 s, comm_vol 9.83 MB
SIZE 57344, REAL_BD 3.957 GB/s, BD/PAIR 1.978 GB/s, time 2.898e-03 s, comm_vol 11.469 MB
SIZE 65536, REAL_BD 4.416 GB/s, BD/PAIR 2.208 GB/s, time 2.968e-03 s, comm_vol 13.107 MB
SIZE 81920, REAL_BD 4.565 GB/s, BD/PAIR 2.283 GB/s, time 3.589e-03 s, comm_vol 16.384 MB
SIZE 98304, REAL_BD 5.392 GB/s, BD/PAIR 2.696 GB/s, time 3.646e-03 s, comm_vol 19.661 MB
SIZE 114688, REAL_BD 5.429 GB/s, BD/PAIR 2.714 GB/s, time 4.225e-03 s, comm_vol 22.938 MB
SIZE 131072, REAL_BD 7.806 GB/s, BD/PAIR 3.903 GB/s, time 3.358e-03 s, comm_vol 26.214 MB
SIZE 163840, REAL_BD 9.715 GB/s, BD/PAIR 4.858 GB/s, time 3.373e-03 s, comm_vol 32.768 MB
SIZE 196608, REAL_BD 11.699 GB/s, BD/PAIR 5.849 GB/s, time 3.361e-03 s, comm_vol 39.322 MB
SIZE 229376, REAL_BD 12.53 GB/s, BD/PAIR 6.265 GB/s, time 3.661e-03 s, comm_vol 45.875 MB
SIZE 262144, REAL_BD 15.354 GB/s, BD/PAIR 7.677 GB/s, time 3.415e-03 s, comm_vol 52.429 MB
SIZE 327680, REAL_BD 15.495 GB/s, BD/PAIR 7.747 GB/s, time 4.230e-03 s, comm_vol 65.536 MB
SIZE 393216, REAL_BD 18.435 GB/s, BD/PAIR 9.217 GB/s, time 4.266e-03 s, comm_vol 78.643 MB
SIZE 458752, REAL_BD 18.607 GB/s, BD/PAIR 9.303 GB/s, time 4.931e-03 s, comm_vol 91.75 MB
SIZE 524288, REAL_BD 20.744 GB/s, BD/PAIR 10.372 GB/s, time 5.055e-03 s, comm_vol 104.858 MB
SIZE 655360, REAL_BD 22.052 GB/s, BD/PAIR 11.026 GB/s, time 5.944e-03 s, comm_vol 131.072 MB
SIZE 786432, REAL_BD 23.899 GB/s, BD/PAIR 11.949 GB/s, time 6.581e-03 s, comm_vol 157.286 MB
SIZE 917504, REAL_BD 25.001 GB/s, BD/PAIR 12.501 GB/s, time 7.340e-03 s, comm_vol 183.501 MB
SIZE 1048576, REAL_BD 26.236 GB/s, BD/PAIR 13.118 GB/s, time 7.993e-03 s, comm_vol 209.715 MB
SIZE 1310720, REAL_BD 27.181 GB/s, BD/PAIR 13.59 GB/s, time 9.645e-03 s, comm_vol 262.144 MB
SIZE 1572864, REAL_BD 26.987 GB/s, BD/PAIR 13.494 GB/s, time 1.166e-02 s, comm_vol 314.573 MB
SIZE 1835008, REAL_BD 29.482 GB/s, BD/PAIR 14.741 GB/s, time 1.245e-02 s, comm_vol 367.002 MB
SIZE 2097152, REAL_BD 38.331 GB/s, BD/PAIR 19.166 GB/s, time 1.094e-02 s, comm_vol 419.43 MB
SIZE 2621440, REAL_BD 39.683 GB/s, BD/PAIR 19.841 GB/s, time 1.321e-02 s, comm_vol 524.288 MB
SIZE 3145728, REAL_BD 40.281 GB/s, BD/PAIR 20.14 GB/s, time 1.562e-02 s, comm_vol 629.146 MB
SIZE 3670016, REAL_BD 41.434 GB/s, BD/PAIR 20.717 GB/s, time 1.771e-02 s, comm_vol 734.003 MB
SIZE 4194304, REAL_BD 41.097 GB/s, BD/PAIR 20.548 GB/s, time 2.041e-02 s, comm_vol 838.861 MB
SIZE 5242880, REAL_BD 42.604 GB/s, BD/PAIR 21.302 GB/s, time 2.461e-02 s, comm_vol 1.049 GB
SIZE 6291456, REAL_BD 43.406 GB/s, BD/PAIR 21.703 GB/s, time 2.899e-02 s, comm_vol 1.258 GB
SIZE 7340032, REAL_BD 43.568 GB/s, BD/PAIR 21.784 GB/s, time 3.369e-02 s, comm_vol 1.468 GB
SIZE 8388608, REAL_BD 43.891 GB/s, BD/PAIR 21.945 GB/s, time 3.822e-02 s, comm_vol 1.678 GB
SIZE 10485760, REAL_BD 42.999 GB/s, BD/PAIR 21.499 GB/s, time 4.877e-02 s, comm_vol 2.097 GB
SIZE 12582912, REAL_BD 44.717 GB/s, BD/PAIR 22.359 GB/s, time 5.628e-02 s, comm_vol 2.517 GB
SIZE 14680064, REAL_BD 44.768 GB/s, BD/PAIR 22.384 GB/s, time 6.558e-02 s, comm_vol 2.936 GB
SIZE 16777216, REAL_BD 45.246 GB/s, BD/PAIR 22.623 GB/s, time 7.416e-02 s, comm_vol 3.355 GB
SIZE 20971520, REAL_BD 45.451 GB/s, BD/PAIR 22.725 GB/s, time 9.228e-02 s, comm_vol 4.194 GB
SIZE 25165824, REAL_BD 45.5 GB/s, BD/PAIR 22.75 GB/s, time 1.106e-01 s, comm_vol 5.033 GB
SIZE 29360128, REAL_BD 45.663 GB/s, BD/PAIR 22.831 GB/s, time 1.286e-01 s, comm_vol 5.872 GB
SIZE 33554432, REAL_BD 45.815 GB/s, BD/PAIR 22.907 GB/s, time 1.465e-01 s, comm_vol 6.711 GB
SIZE 41943040, REAL_BD 45.94 GB/s, BD/PAIR 22.97 GB/s, time 1.826e-01 s, comm_vol 8.389 GB
SIZE 50331648, REAL_BD 45.96 GB/s, BD/PAIR 22.98 GB/s, time 2.190e-01 s, comm_vol 10.066 GB
SIZE 58720256, REAL_BD 44.145 GB/s, BD/PAIR 22.073 GB/s, time 2.660e-01 s, comm_vol 11.744 GB
SIZE 67108864, REAL_BD 46.072 GB/s, BD/PAIR 23.036 GB/s, time 2.913e-01 s, comm_vol 13.422 GB
SIZE 83886080, REAL_BD 45.501 GB/s, BD/PAIR 22.751 GB/s, time 3.687e-01 s, comm_vol 16.777 GB
SIZE 100663296, REAL_BD 44.458 GB/s, BD/PAIR 22.229 GB/s, time 4.529e-01 s, comm_vol 20.133 GB
SIZE 117440512, REAL_BD 46.211 GB/s, BD/PAIR 23.106 GB/s, time 5.083e-01 s, comm_vol 23.488 GB
SIZE 134217728, REAL_BD 45.871 GB/s, BD/PAIR 22.935 GB/s, time 5.852e-01 s, comm_vol 26.844 GB
SIZE 167772160, REAL_BD 45.712 GB/s, BD/PAIR 22.856 GB/s, time 7.340e-01 s, comm_vol 33.554 GB
SIZE 201326592, REAL_BD 44.98 GB/s, BD/PAIR 22.49 GB/s, time 8.952e-01 s, comm_vol 40.265 GB
SIZE 234881024, REAL_BD 44.936 GB/s, BD/PAIR 22.468 GB/s, time 1.045e+00 s, comm_vol 46.976 GB
SIZE 268435456, REAL_BD 45.225 GB/s, BD/PAIR 22.613 GB/s, time 1.187e+00 s, comm_vol 53.687 GB
SIZE 335544320, REAL_BD 44.922 GB/s, BD/PAIR 22.461 GB/s, time 1.494e+00 s, comm_vol 67.109 GB
SIZE 402653184, REAL_BD 44.591 GB/s, BD/PAIR 22.295 GB/s, time 1.806e+00 s, comm_vol 80.531 GB
SIZE 469762048, REAL_BD 44.7 GB/s, BD/PAIR 22.35 GB/s, time 2.102e+00 s, comm_vol 93.952 GB
SIZE 536870912, REAL_BD 44.872 GB/s, BD/PAIR 22.436 GB/s, time 2.393e+00 s, comm_vol 107.374 GB
SIZE 671088640, REAL_BD 44.462 GB/s, BD/PAIR 22.231 GB/s, time 3.019e+00 s, comm_vol 134.218 GB
SIZE 805306368, REAL_BD 44.524 GB/s, BD/PAIR 22.262 GB/s, time 3.617e+00 s, comm_vol 161.061 GB
SIZE 939524096, REAL_BD 44.418 GB/s, BD/PAIR 22.209 GB/s, time 4.230e+00 s, comm_vol 187.905 GB
SIZE 1073741824, REAL_BD 44.356 GB/s, BD/PAIR 22.178 GB/s, time 4.841e+00 s, comm_vol 214.748 GB
[[0, 8], [2, 10]]
NCCL version 2.21.5+cuda12.4
SIZE 8192, REAL_BD 802.704 MB/s, BD/PAIR 401.352 MB/s, time 2.041e-03 s, comm_vol 1.638 MB
SIZE 16384, REAL_BD 1.489 GB/s, BD/PAIR 744.604 MB/s, time 2.200e-03 s, comm_vol 3.277 MB
SIZE 24576, REAL_BD 2.289 GB/s, BD/PAIR 1.144 GB/s, time 2.148e-03 s, comm_vol 4.915 MB
SIZE 32768, REAL_BD 2.978 GB/s, BD/PAIR 1.489 GB/s, time 2.201e-03 s, comm_vol 6.554 MB
SIZE 40960, REAL_BD 2.907 GB/s, BD/PAIR 1.454 GB/s, time 2.818e-03 s, comm_vol 8.192 MB
SIZE 49152, REAL_BD 3.46 GB/s, BD/PAIR 1.73 GB/s, time 2.841e-03 s, comm_vol 9.83 MB
SIZE 57344, REAL_BD 3.976 GB/s, BD/PAIR 1.988 GB/s, time 2.884e-03 s, comm_vol 11.469 MB
SIZE 65536, REAL_BD 4.493 GB/s, BD/PAIR 2.246 GB/s, time 2.917e-03 s, comm_vol 13.107 MB
SIZE 81920, REAL_BD 4.639 GB/s, BD/PAIR 2.32 GB/s, time 3.531e-03 s, comm_vol 16.384 MB
SIZE 98304, REAL_BD 5.436 GB/s, BD/PAIR 2.718 GB/s, time 3.617e-03 s, comm_vol 19.661 MB
SIZE 114688, REAL_BD 5.48 GB/s, BD/PAIR 2.74 GB/s, time 4.186e-03 s, comm_vol 22.938 MB
SIZE 131072, REAL_BD 7.872 GB/s, BD/PAIR 3.936 GB/s, time 3.330e-03 s, comm_vol 26.214 MB
SIZE 163840, REAL_BD 9.752 GB/s, BD/PAIR 4.876 GB/s, time 3.360e-03 s, comm_vol 32.768 MB
SIZE 196608, REAL_BD 11.533 GB/s, BD/PAIR 5.766 GB/s, time 3.410e-03 s, comm_vol 39.322 MB
SIZE 229376, REAL_BD 12.315 GB/s, BD/PAIR 6.158 GB/s, time 3.725e-03 s, comm_vol 45.875 MB
SIZE 262144, REAL_BD 15.168 GB/s, BD/PAIR 7.584 GB/s, time 3.457e-03 s, comm_vol 52.429 MB
SIZE 327680, REAL_BD 15.671 GB/s, BD/PAIR 7.836 GB/s, time 4.182e-03 s, comm_vol 65.536 MB
SIZE 393216, REAL_BD 18.218 GB/s, BD/PAIR 9.109 GB/s, time 4.317e-03 s, comm_vol 78.643 MB
SIZE 458752, REAL_BD 17.991 GB/s, BD/PAIR 8.996 GB/s, time 5.100e-03 s, comm_vol 91.75 MB
SIZE 524288, REAL_BD 20.038 GB/s, BD/PAIR 10.019 GB/s, time 5.233e-03 s, comm_vol 104.858 MB
SIZE 655360, REAL_BD 22.145 GB/s, BD/PAIR 11.073 GB/s, time 5.919e-03 s, comm_vol 131.072 MB
SIZE 786432, REAL_BD 23.458 GB/s, BD/PAIR 11.729 GB/s, time 6.705e-03 s, comm_vol 157.286 MB
SIZE 917504, REAL_BD 24.83 GB/s, BD/PAIR 12.415 GB/s, time 7.390e-03 s, comm_vol 183.501 MB
SIZE 1048576, REAL_BD 25.696 GB/s, BD/PAIR 12.848 GB/s, time 8.162e-03 s, comm_vol 209.715 MB
SIZE 1310720, REAL_BD 25.406 GB/s, BD/PAIR 12.703 GB/s, time 1.032e-02 s, comm_vol 262.144 MB
SIZE 1572864, REAL_BD 27.895 GB/s, BD/PAIR 13.947 GB/s, time 1.128e-02 s, comm_vol 314.573 MB
SIZE 1835008, REAL_BD 28.475 GB/s, BD/PAIR 14.237 GB/s, time 1.289e-02 s, comm_vol 367.002 MB
SIZE 2097152, REAL_BD 38.588 GB/s, BD/PAIR 19.294 GB/s, time 1.087e-02 s, comm_vol 419.43 MB
SIZE 2621440, REAL_BD 39.352 GB/s, BD/PAIR 19.676 GB/s, time 1.332e-02 s, comm_vol 524.288 MB
SIZE 3145728, REAL_BD 39.933 GB/s, BD/PAIR 19.967 GB/s, time 1.575e-02 s, comm_vol 629.146 MB
SIZE 3670016, REAL_BD 41.345 GB/s, BD/PAIR 20.673 GB/s, time 1.775e-02 s, comm_vol 734.003 MB
SIZE 4194304, REAL_BD 41.86 GB/s, BD/PAIR 20.93 GB/s, time 2.004e-02 s, comm_vol 838.861 MB
SIZE 5242880, REAL_BD 42.573 GB/s, BD/PAIR 21.287 GB/s, time 2.463e-02 s, comm_vol 1.049 GB
SIZE 6291456, REAL_BD 43.073 GB/s, BD/PAIR 21.537 GB/s, time 2.921e-02 s, comm_vol 1.258 GB
SIZE 7340032, REAL_BD 43.686 GB/s, BD/PAIR 21.843 GB/s, time 3.360e-02 s, comm_vol 1.468 GB
SIZE 8388608, REAL_BD 43.951 GB/s, BD/PAIR 21.976 GB/s, time 3.817e-02 s, comm_vol 1.678 GB
SIZE 10485760, REAL_BD 44.355 GB/s, BD/PAIR 22.178 GB/s, time 4.728e-02 s, comm_vol 2.097 GB
SIZE 12582912, REAL_BD 44.795 GB/s, BD/PAIR 22.398 GB/s, time 5.618e-02 s, comm_vol 2.517 GB
SIZE 14680064, REAL_BD 45.102 GB/s, BD/PAIR 22.551 GB/s, time 6.510e-02 s, comm_vol 2.936 GB
SIZE 16777216, REAL_BD 45.294 GB/s, BD/PAIR 22.647 GB/s, time 7.408e-02 s, comm_vol 3.355 GB
SIZE 20971520, REAL_BD 45.391 GB/s, BD/PAIR 22.696 GB/s, time 9.240e-02 s, comm_vol 4.194 GB
SIZE 25165824, REAL_BD 45.676 GB/s, BD/PAIR 22.838 GB/s, time 1.102e-01 s, comm_vol 5.033 GB
SIZE 29360128, REAL_BD 45.736 GB/s, BD/PAIR 22.868 GB/s, time 1.284e-01 s, comm_vol 5.872 GB
SIZE 33554432, REAL_BD 45.674 GB/s, BD/PAIR 22.837 GB/s, time 1.469e-01 s, comm_vol 6.711 GB
SIZE 41943040, REAL_BD 45.969 GB/s, BD/PAIR 22.984 GB/s, time 1.825e-01 s, comm_vol 8.389 GB
SIZE 50331648, REAL_BD 46.037 GB/s, BD/PAIR 23.019 GB/s, time 2.187e-01 s, comm_vol 10.066 GB
SIZE 58720256, REAL_BD 46.137 GB/s, BD/PAIR 23.069 GB/s, time 2.545e-01 s, comm_vol 11.744 GB
SIZE 67108864, REAL_BD 45.93 GB/s, BD/PAIR 22.965 GB/s, time 2.922e-01 s, comm_vol 13.422 GB
SIZE 83886080, REAL_BD 46.04 GB/s, BD/PAIR 23.02 GB/s, time 3.644e-01 s, comm_vol 16.777 GB
SIZE 100663296, REAL_BD 44.99 GB/s, BD/PAIR 22.495 GB/s, time 4.475e-01 s, comm_vol 20.133 GB
SIZE 117440512, REAL_BD 45.373 GB/s, BD/PAIR 22.687 GB/s, time 5.177e-01 s, comm_vol 23.488 GB
SIZE 134217728, REAL_BD 45.289 GB/s, BD/PAIR 22.645 GB/s, time 5.927e-01 s, comm_vol 26.844 GB
SIZE 167772160, REAL_BD 45.767 GB/s, BD/PAIR 22.884 GB/s, time 7.332e-01 s, comm_vol 33.554 GB
SIZE 201326592, REAL_BD 45.748 GB/s, BD/PAIR 22.874 GB/s, time 8.801e-01 s, comm_vol 40.265 GB
SIZE 234881024, REAL_BD 46.118 GB/s, BD/PAIR 23.059 GB/s, time 1.019e+00 s, comm_vol 46.976 GB
SIZE 268435456, REAL_BD 45.111 GB/s, BD/PAIR 22.556 GB/s, time 1.190e+00 s, comm_vol 53.687 GB
SIZE 335544320, REAL_BD 45.26 GB/s, BD/PAIR 22.63 GB/s, time 1.483e+00 s, comm_vol 67.109 GB
SIZE 402653184, REAL_BD 45.488 GB/s, BD/PAIR 22.744 GB/s, time 1.770e+00 s, comm_vol 80.531 GB
SIZE 469762048, REAL_BD 45.27 GB/s, BD/PAIR 22.635 GB/s, time 2.075e+00 s, comm_vol 93.952 GB
SIZE 536870912, REAL_BD 45.408 GB/s, BD/PAIR 22.704 GB/s, time 2.365e+00 s, comm_vol 107.374 GB
SIZE 671088640, REAL_BD 45.354 GB/s, BD/PAIR 22.677 GB/s, time 2.959e+00 s, comm_vol 134.218 GB
SIZE 805306368, REAL_BD 45.236 GB/s, BD/PAIR 22.618 GB/s, time 3.560e+00 s, comm_vol 161.061 GB
SIZE 939524096, REAL_BD 45.319 GB/s, BD/PAIR 22.66 GB/s, time 4.146e+00 s, comm_vol 187.905 GB
SIZE 1073741824, REAL_BD 45.257 GB/s, BD/PAIR 22.629 GB/s, time 4.745e+00 s, comm_vol 214.748 GB
[[0, 8], [8, 0], [2, 10], [10, 2]]
SIZE 8192, REAL_BD 1.622 GB/s, BD/PAIR 405.568 MB/s, time 2.020e-03 s, comm_vol 3.277 MB
SIZE 16384, REAL_BD 3.048 GB/s, BD/PAIR 762.11 MB/s, time 2.150e-03 s, comm_vol 6.554 MB
SIZE 24576, REAL_BD 4.502 GB/s, BD/PAIR 1.126 GB/s, time 2.183e-03 s, comm_vol 9.83 MB
SIZE 32768, REAL_BD 5.442 GB/s, BD/PAIR 1.36 GB/s, time 2.409e-03 s, comm_vol 13.107 MB
SIZE 40960, REAL_BD 5.774 GB/s, BD/PAIR 1.443 GB/s, time 2.838e-03 s, comm_vol 16.384 MB
SIZE 49152, REAL_BD 6.831 GB/s, BD/PAIR 1.708 GB/s, time 2.878e-03 s, comm_vol 19.661 MB
SIZE 57344, REAL_BD 7.788 GB/s, BD/PAIR 1.947 GB/s, time 2.945e-03 s, comm_vol 22.938 MB
SIZE 65536, REAL_BD 8.804 GB/s, BD/PAIR 2.201 GB/s, time 2.978e-03 s, comm_vol 26.214 MB
SIZE 81920, REAL_BD 9.209 GB/s, BD/PAIR 2.302 GB/s, time 3.558e-03 s, comm_vol 32.768 MB
SIZE 98304, REAL_BD 10.826 GB/s, BD/PAIR 2.706 GB/s, time 3.632e-03 s, comm_vol 39.322 MB
SIZE 114688, REAL_BD 10.911 GB/s, BD/PAIR 2.728 GB/s, time 4.205e-03 s, comm_vol 45.875 MB
SIZE 131072, REAL_BD 14.741 GB/s, BD/PAIR 3.685 GB/s, time 3.557e-03 s, comm_vol 52.429 MB
SIZE 163840, REAL_BD 18.307 GB/s, BD/PAIR 4.577 GB/s, time 3.580e-03 s, comm_vol 65.536 MB
SIZE 196608, REAL_BD 21.875 GB/s, BD/PAIR 5.469 GB/s, time 3.595e-03 s, comm_vol 78.643 MB
SIZE 229376, REAL_BD 23.323 GB/s, BD/PAIR 5.831 GB/s, time 3.934e-03 s, comm_vol 91.75 MB
SIZE 262144, REAL_BD 26.863 GB/s, BD/PAIR 6.716 GB/s, time 3.903e-03 s, comm_vol 104.858 MB
SIZE 327680, REAL_BD 29.25 GB/s, BD/PAIR 7.313 GB/s, time 4.481e-03 s, comm_vol 131.072 MB
SIZE 393216, REAL_BD 33.612 GB/s, BD/PAIR 8.403 GB/s, time 4.679e-03 s, comm_vol 157.286 MB
SIZE 458752, REAL_BD 34.222 GB/s, BD/PAIR 8.556 GB/s, time 5.362e-03 s, comm_vol 183.501 MB
SIZE 524288, REAL_BD 37.144 GB/s, BD/PAIR 9.286 GB/s, time 5.646e-03 s, comm_vol 209.715 MB
SIZE 655360, REAL_BD 40.829 GB/s, BD/PAIR 10.207 GB/s, time 6.421e-03 s, comm_vol 262.144 MB
SIZE 786432, REAL_BD 43.23 GB/s, BD/PAIR 10.807 GB/s, time 7.277e-03 s, comm_vol 314.573 MB
SIZE 917504, REAL_BD 45.601 GB/s, BD/PAIR 11.4 GB/s, time 8.048e-03 s, comm_vol 367.002 MB
SIZE 1048576, REAL_BD 47.426 GB/s, BD/PAIR 11.856 GB/s, time 8.844e-03 s, comm_vol 419.43 MB
SIZE 1310720, REAL_BD 49.359 GB/s, BD/PAIR 12.34 GB/s, time 1.062e-02 s, comm_vol 524.288 MB
SIZE 1572864, REAL_BD 51.041 GB/s, BD/PAIR 12.76 GB/s, time 1.233e-02 s, comm_vol 629.146 MB
SIZE 1835008, REAL_BD 52.594 GB/s, BD/PAIR 13.148 GB/s, time 1.396e-02 s, comm_vol 734.003 MB
SIZE 2097152, REAL_BD 69.405 GB/s, BD/PAIR 17.351 GB/s, time 1.209e-02 s, comm_vol 838.861 MB
SIZE 2621440, REAL_BD 70.76 GB/s, BD/PAIR 17.69 GB/s, time 1.482e-02 s, comm_vol 1.049 GB
SIZE 3145728, REAL_BD 72.872 GB/s, BD/PAIR 18.218 GB/s, time 1.727e-02 s, comm_vol 1.258 GB
SIZE 3670016, REAL_BD 75.164 GB/s, BD/PAIR 18.791 GB/s, time 1.953e-02 s, comm_vol 1.468 GB
SIZE 4194304, REAL_BD 75.441 GB/s, BD/PAIR 18.86 GB/s, time 2.224e-02 s, comm_vol 1.678 GB
SIZE 5242880, REAL_BD 76.966 GB/s, BD/PAIR 19.241 GB/s, time 2.725e-02 s, comm_vol 2.097 GB
SIZE 6291456, REAL_BD 78.154 GB/s, BD/PAIR 19.538 GB/s, time 3.220e-02 s, comm_vol 2.517 GB
SIZE 7340032, REAL_BD 76.626 GB/s, BD/PAIR 19.156 GB/s, time 3.832e-02 s, comm_vol 2.936 GB
SIZE 8388608, REAL_BD 74.452 GB/s, BD/PAIR 18.613 GB/s, time 4.507e-02 s, comm_vol 3.355 GB
SIZE 10485760, REAL_BD 77.146 GB/s, BD/PAIR 19.286 GB/s, time 5.437e-02 s, comm_vol 4.194 GB
SIZE 12582912, REAL_BD 81.846 GB/s, BD/PAIR 20.461 GB/s, time 6.150e-02 s, comm_vol 5.033 GB
SIZE 14680064, REAL_BD 76.674 GB/s, BD/PAIR 19.168 GB/s, time 7.658e-02 s, comm_vol 5.872 GB
SIZE 16777216, REAL_BD 80.141 GB/s, BD/PAIR 20.035 GB/s, time 8.374e-02 s, comm_vol 6.711 GB
SIZE 20971520, REAL_BD 83.111 GB/s, BD/PAIR 20.778 GB/s, time 1.009e-01 s, comm_vol 8.389 GB
SIZE 25165824, REAL_BD 83.565 GB/s, BD/PAIR 20.891 GB/s, time 1.205e-01 s, comm_vol 10.066 GB
SIZE 29360128, REAL_BD 83.308 GB/s, BD/PAIR 20.827 GB/s, time 1.410e-01 s, comm_vol 11.744 GB
SIZE 33554432, REAL_BD 83.776 GB/s, BD/PAIR 20.944 GB/s, time 1.602e-01 s, comm_vol 13.422 GB
SIZE 41943040, REAL_BD 84.455 GB/s, BD/PAIR 21.114 GB/s, time 1.987e-01 s, comm_vol 16.777 GB
SIZE 50331648, REAL_BD 84.163 GB/s, BD/PAIR 21.041 GB/s, time 2.392e-01 s, comm_vol 20.133 GB
SIZE 58720256, REAL_BD 84.285 GB/s, BD/PAIR 21.071 GB/s, time 2.787e-01 s, comm_vol 23.488 GB
SIZE 67108864, REAL_BD 84.638 GB/s, BD/PAIR 21.159 GB/s, time 3.172e-01 s, comm_vol 26.844 GB
SIZE 83886080, REAL_BD 84.506 GB/s, BD/PAIR 21.126 GB/s, time 3.971e-01 s, comm_vol 33.554 GB
SIZE 100663296, REAL_BD 84.719 GB/s, BD/PAIR 21.18 GB/s, time 4.753e-01 s, comm_vol 40.265 GB
SIZE 117440512, REAL_BD 84.732 GB/s, BD/PAIR 21.183 GB/s, time 5.544e-01 s, comm_vol 46.976 GB
SIZE 134217728, REAL_BD 84.932 GB/s, BD/PAIR 21.233 GB/s, time 6.321e-01 s, comm_vol 53.687 GB
SIZE 167772160, REAL_BD 84.881 GB/s, BD/PAIR 21.22 GB/s, time 7.906e-01 s, comm_vol 67.109 GB
SIZE 201326592, REAL_BD 84.694 GB/s, BD/PAIR 21.174 GB/s, time 9.508e-01 s, comm_vol 80.531 GB
SIZE 234881024, REAL_BD 84.835 GB/s, BD/PAIR 21.209 GB/s, time 1.107e+00 s, comm_vol 93.952 GB
SIZE 268435456, REAL_BD 84.844 GB/s, BD/PAIR 21.211 GB/s, time 1.266e+00 s, comm_vol 107.374 GB
SIZE 335544320, REAL_BD 84.925 GB/s, BD/PAIR 21.231 GB/s, time 1.580e+00 s, comm_vol 134.218 GB
SIZE 402653184, REAL_BD 84.916 GB/s, BD/PAIR 21.229 GB/s, time 1.897e+00 s, comm_vol 161.061 GB
SIZE 469762048, REAL_BD 85.061 GB/s, BD/PAIR 21.265 GB/s, time 2.209e+00 s, comm_vol 187.905 GB
SIZE 536870912, REAL_BD 85.015 GB/s, BD/PAIR 21.254 GB/s, time 2.526e+00 s, comm_vol 214.748 GB
SIZE 671088640, REAL_BD 85.248 GB/s, BD/PAIR 21.312 GB/s, time 3.149e+00 s, comm_vol 268.435 GB
SIZE 805306368, REAL_BD 85.179 GB/s, BD/PAIR 21.295 GB/s, time 3.782e+00 s, comm_vol 322.123 GB
SIZE 939524096, REAL_BD 85.168 GB/s, BD/PAIR 21.292 GB/s, time 4.413e+00 s, comm_vol 375.81 GB
SIZE 1073741824, REAL_BD 85.083 GB/s, BD/PAIR 21.271 GB/s, time 5.048e+00 s, comm_vol 429.497 GB
[[0, 8], [4, 12]]
NCCL version 2.21.5+cuda12.4
SIZE 8192, REAL_BD 803.925 MB/s, BD/PAIR 401.962 MB/s, time 2.038e-03 s, comm_vol 1.638 MB
SIZE 16384, REAL_BD 1.455 GB/s, BD/PAIR 727.498 MB/s, time 2.252e-03 s, comm_vol 3.277 MB
SIZE 24576, REAL_BD 2.104 GB/s, BD/PAIR 1.052 GB/s, time 2.336e-03 s, comm_vol 4.915 MB
SIZE 32768, REAL_BD 2.746 GB/s, BD/PAIR 1.373 GB/s, time 2.387e-03 s, comm_vol 6.554 MB
SIZE 40960, REAL_BD 2.756 GB/s, BD/PAIR 1.378 GB/s, time 2.972e-03 s, comm_vol 8.192 MB
SIZE 49152, REAL_BD 3.259 GB/s, BD/PAIR 1.629 GB/s, time 3.017e-03 s, comm_vol 9.83 MB
SIZE 57344, REAL_BD 3.385 GB/s, BD/PAIR 1.693 GB/s, time 3.388e-03 s, comm_vol 11.469 MB
SIZE 65536, REAL_BD 4.178 GB/s, BD/PAIR 2.089 GB/s, time 3.137e-03 s, comm_vol 13.107 MB
SIZE 81920, REAL_BD 4.432 GB/s, BD/PAIR 2.216 GB/s, time 3.697e-03 s, comm_vol 16.384 MB
SIZE 98304, REAL_BD 5.204 GB/s, BD/PAIR 2.602 GB/s, time 3.778e-03 s, comm_vol 19.661 MB
SIZE 114688, REAL_BD 5.286 GB/s, BD/PAIR 2.643 GB/s, time 4.340e-03 s, comm_vol 22.938 MB
SIZE 131072, REAL_BD 7.445 GB/s, BD/PAIR 3.722 GB/s, time 3.521e-03 s, comm_vol 26.214 MB
SIZE 163840, REAL_BD 9.28 GB/s, BD/PAIR 4.64 GB/s, time 3.531e-03 s, comm_vol 32.768 MB
SIZE 196608, REAL_BD 11.157 GB/s, BD/PAIR 5.579 GB/s, time 3.524e-03 s, comm_vol 39.322 MB
SIZE 229376, REAL_BD 11.684 GB/s, BD/PAIR 5.842 GB/s, time 3.926e-03 s, comm_vol 45.875 MB
SIZE 262144, REAL_BD 14.028 GB/s, BD/PAIR 7.014 GB/s, time 3.737e-03 s, comm_vol 52.429 MB
SIZE 327680, REAL_BD 15.042 GB/s, BD/PAIR 7.521 GB/s, time 4.357e-03 s, comm_vol 65.536 MB
SIZE 393216, REAL_BD 17.145 GB/s, BD/PAIR 8.573 GB/s, time 4.587e-03 s, comm_vol 78.643 MB
SIZE 458752, REAL_BD 17.418 GB/s, BD/PAIR 8.709 GB/s, time 5.268e-03 s, comm_vol 91.75 MB
SIZE 524288, REAL_BD 19.014 GB/s, BD/PAIR 9.507 GB/s, time 5.515e-03 s, comm_vol 104.858 MB
SIZE 655360, REAL_BD 20.724 GB/s, BD/PAIR 10.362 GB/s, time 6.325e-03 s, comm_vol 131.072 MB
SIZE 786432, REAL_BD 22.473 GB/s, BD/PAIR 11.237 GB/s, time 6.999e-03 s, comm_vol 157.286 MB
SIZE 917504, REAL_BD 23.797 GB/s, BD/PAIR 11.898 GB/s, time 7.711e-03 s, comm_vol 183.501 MB
SIZE 1048576, REAL_BD 24.888 GB/s, BD/PAIR 12.444 GB/s, time 8.426e-03 s, comm_vol 209.715 MB
SIZE 1310720, REAL_BD 25.834 GB/s, BD/PAIR 12.917 GB/s, time 1.015e-02 s, comm_vol 262.144 MB
SIZE 1572864, REAL_BD 27.202 GB/s, BD/PAIR 13.601 GB/s, time 1.156e-02 s, comm_vol 314.573 MB
SIZE 1835008, REAL_BD 27.858 GB/s, BD/PAIR 13.929 GB/s, time 1.317e-02 s, comm_vol 367.002 MB
SIZE 2097152, REAL_BD 37.916 GB/s, BD/PAIR 18.958 GB/s, time 1.106e-02 s, comm_vol 419.43 MB
SIZE 2621440, REAL_BD 38.697 GB/s, BD/PAIR 19.349 GB/s, time 1.355e-02 s, comm_vol 524.288 MB
SIZE 3145728, REAL_BD 39.752 GB/s, BD/PAIR 19.876 GB/s, time 1.583e-02 s, comm_vol 629.146 MB
SIZE 3670016, REAL_BD 40.948 GB/s, BD/PAIR 20.474 GB/s, time 1.793e-02 s, comm_vol 734.003 MB
SIZE 4194304, REAL_BD 41.348 GB/s, BD/PAIR 20.674 GB/s, time 2.029e-02 s, comm_vol 838.861 MB
SIZE 5242880, REAL_BD 42.465 GB/s, BD/PAIR 21.233 GB/s, time 2.469e-02 s, comm_vol 1.049 GB
SIZE 6291456, REAL_BD 42.357 GB/s, BD/PAIR 21.179 GB/s, time 2.971e-02 s, comm_vol 1.258 GB
SIZE 7340032, REAL_BD 43.341 GB/s, BD/PAIR 21.671 GB/s, time 3.387e-02 s, comm_vol 1.468 GB
SIZE 8388608, REAL_BD 43.744 GB/s, BD/PAIR 21.872 GB/s, time 3.835e-02 s, comm_vol 1.678 GB
SIZE 10485760, REAL_BD 43.861 GB/s, BD/PAIR 21.931 GB/s, time 4.781e-02 s, comm_vol 2.097 GB
SIZE 12582912, REAL_BD 41.307 GB/s, BD/PAIR 20.653 GB/s, time 6.092e-02 s, comm_vol 2.517 GB
SIZE 14680064, REAL_BD 42.743 GB/s, BD/PAIR 21.371 GB/s, time 6.869e-02 s, comm_vol 2.936 GB
SIZE 16777216, REAL_BD 44.664 GB/s, BD/PAIR 22.332 GB/s, time 7.513e-02 s, comm_vol 3.355 GB
SIZE 20971520, REAL_BD 44.922 GB/s, BD/PAIR 22.461 GB/s, time 9.337e-02 s, comm_vol 4.194 GB
SIZE 25165824, REAL_BD 43.883 GB/s, BD/PAIR 21.941 GB/s, time 1.147e-01 s, comm_vol 5.033 GB
SIZE 29360128, REAL_BD 43.436 GB/s, BD/PAIR 21.718 GB/s, time 1.352e-01 s, comm_vol 5.872 GB
SIZE 33554432, REAL_BD 45.615 GB/s, BD/PAIR 22.808 GB/s, time 1.471e-01 s, comm_vol 6.711 GB
SIZE 41943040, REAL_BD 45.33 GB/s, BD/PAIR 22.665 GB/s, time 1.851e-01 s, comm_vol 8.389 GB
SIZE 50331648, REAL_BD 45.209 GB/s, BD/PAIR 22.605 GB/s, time 2.227e-01 s, comm_vol 10.066 GB
SIZE 58720256, REAL_BD 45.096 GB/s, BD/PAIR 22.548 GB/s, time 2.604e-01 s, comm_vol 11.744 GB
SIZE 67108864, REAL_BD 45.423 GB/s, BD/PAIR 22.711 GB/s, time 2.955e-01 s, comm_vol 13.422 GB
SIZE 83886080, REAL_BD 45.301 GB/s, BD/PAIR 22.65 GB/s, time 3.704e-01 s, comm_vol 16.777 GB
SIZE 100663296, REAL_BD 45.493 GB/s, BD/PAIR 22.747 GB/s, time 4.425e-01 s, comm_vol 20.133 GB
SIZE 117440512, REAL_BD 45.449 GB/s, BD/PAIR 22.725 GB/s, time 5.168e-01 s, comm_vol 23.488 GB
SIZE 134217728, REAL_BD 45.865 GB/s, BD/PAIR 22.932 GB/s, time 5.853e-01 s, comm_vol 26.844 GB
SIZE 167772160, REAL_BD 45.228 GB/s, BD/PAIR 22.614 GB/s, time 7.419e-01 s, comm_vol 33.554 GB
SIZE 201326592, REAL_BD 44.981 GB/s, BD/PAIR 22.491 GB/s, time 8.952e-01 s, comm_vol 40.265 GB
SIZE 234881024, REAL_BD 45.162 GB/s, BD/PAIR 22.581 GB/s, time 1.040e+00 s, comm_vol 46.976 GB
SIZE 268435456, REAL_BD 45.345 GB/s, BD/PAIR 22.673 GB/s, time 1.184e+00 s, comm_vol 53.687 GB
SIZE 335544320, REAL_BD 45.395 GB/s, BD/PAIR 22.698 GB/s, time 1.478e+00 s, comm_vol 67.109 GB
SIZE 402653184, REAL_BD 45.199 GB/s, BD/PAIR 22.6 GB/s, time 1.782e+00 s, comm_vol 80.531 GB
SIZE 469762048, REAL_BD 45.289 GB/s, BD/PAIR 22.644 GB/s, time 2.075e+00 s, comm_vol 93.952 GB
SIZE 536870912, REAL_BD 45.209 GB/s, BD/PAIR 22.605 GB/s, time 2.375e+00 s, comm_vol 107.374 GB
SIZE 671088640, REAL_BD 45.326 GB/s, BD/PAIR 22.663 GB/s, time 2.961e+00 s, comm_vol 134.218 GB
SIZE 805306368, REAL_BD 45.112 GB/s, BD/PAIR 22.556 GB/s, time 3.570e+00 s, comm_vol 161.061 GB
SIZE 939524096, REAL_BD 45.218 GB/s, BD/PAIR 22.609 GB/s, time 4.155e+00 s, comm_vol 187.905 GB
SIZE 1073741824, REAL_BD 45.128 GB/s, BD/PAIR 22.564 GB/s, time 4.759e+00 s, comm_vol 214.748 GB
[[0, 8], [8, 0], [4, 12], [12, 4]]
SIZE 8192, REAL_BD 1.527 GB/s, BD/PAIR 381.732 MB/s, time 2.146e-03 s, comm_vol 3.277 MB
SIZE 16384, REAL_BD 2.849 GB/s, BD/PAIR 712.193 MB/s, time 2.301e-03 s, comm_vol 6.554 MB
SIZE 24576, REAL_BD 4.09 GB/s, BD/PAIR 1.022 GB/s, time 2.404e-03 s, comm_vol 9.83 MB
SIZE 32768, REAL_BD 5.301 GB/s, BD/PAIR 1.325 GB/s, time 2.473e-03 s, comm_vol 13.107 MB
SIZE 40960, REAL_BD 5.308 GB/s, BD/PAIR 1.327 GB/s, time 3.087e-03 s, comm_vol 16.384 MB
SIZE 49152, REAL_BD 6.333 GB/s, BD/PAIR 1.583 GB/s, time 3.104e-03 s, comm_vol 19.661 MB
SIZE 57344, REAL_BD 6.657 GB/s, BD/PAIR 1.664 GB/s, time 3.446e-03 s, comm_vol 22.938 MB
SIZE 65536, REAL_BD 8.227 GB/s, BD/PAIR 2.057 GB/s, time 3.186e-03 s, comm_vol 26.214 MB
SIZE 81920, REAL_BD 8.519 GB/s, BD/PAIR 2.13 GB/s, time 3.847e-03 s, comm_vol 32.768 MB
SIZE 98304, REAL_BD 10.159 GB/s, BD/PAIR 2.54 GB/s, time 3.870e-03 s, comm_vol 39.322 MB
SIZE 114688, REAL_BD 10.227 GB/s, BD/PAIR 2.557 GB/s, time 4.486e-03 s, comm_vol 45.875 MB
SIZE 131072, REAL_BD 14.036 GB/s, BD/PAIR 3.509 GB/s, time 3.735e-03 s, comm_vol 52.429 MB
SIZE 163840, REAL_BD 17.353 GB/s, BD/PAIR 4.338 GB/s, time 3.777e-03 s, comm_vol 65.536 MB
SIZE 196608, REAL_BD 20.882 GB/s, BD/PAIR 5.221 GB/s, time 3.766e-03 s, comm_vol 78.643 MB
SIZE 229376, REAL_BD 22.378 GB/s, BD/PAIR 5.594 GB/s, time 4.100e-03 s, comm_vol 91.75 MB
SIZE 262144, REAL_BD 26.163 GB/s, BD/PAIR 6.541 GB/s, time 4.008e-03 s, comm_vol 104.858 MB
SIZE 327680, REAL_BD 27.758 GB/s, BD/PAIR 6.94 GB/s, time 4.722e-03 s, comm_vol 131.072 MB
SIZE 393216, REAL_BD 32.159 GB/s, BD/PAIR 8.04 GB/s, time 4.891e-03 s, comm_vol 157.286 MB
SIZE 458752, REAL_BD 32.917 GB/s, BD/PAIR 8.229 GB/s, time 5.575e-03 s, comm_vol 183.501 MB
SIZE 524288, REAL_BD 35.659 GB/s, BD/PAIR 8.915 GB/s, time 5.881e-03 s, comm_vol 209.715 MB
SIZE 655360, REAL_BD 40.293 GB/s, BD/PAIR 10.073 GB/s, time 6.506e-03 s, comm_vol 262.144 MB
SIZE 786432, REAL_BD 42.27 GB/s, BD/PAIR 10.567 GB/s, time 7.442e-03 s, comm_vol 314.573 MB
SIZE 917504, REAL_BD 43.394 GB/s, BD/PAIR 10.849 GB/s, time 8.457e-03 s, comm_vol 367.002 MB
SIZE 1048576, REAL_BD 45.592 GB/s, BD/PAIR 11.398 GB/s, time 9.200e-03 s, comm_vol 419.43 MB
SIZE 1310720, REAL_BD 48.474 GB/s, BD/PAIR 12.119 GB/s, time 1.082e-02 s, comm_vol 524.288 MB
SIZE 1572864, REAL_BD 49.904 GB/s, BD/PAIR 12.476 GB/s, time 1.261e-02 s, comm_vol 629.146 MB
SIZE 1835008, REAL_BD 51.818 GB/s, BD/PAIR 12.955 GB/s, time 1.416e-02 s, comm_vol 734.003 MB
SIZE 2097152, REAL_BD 68.39 GB/s, BD/PAIR 17.097 GB/s, time 1.227e-02 s, comm_vol 838.861 MB
SIZE 2621440, REAL_BD 70.009 GB/s, BD/PAIR 17.502 GB/s, time 1.498e-02 s, comm_vol 1.049 GB
SIZE 3145728, REAL_BD 71.642 GB/s, BD/PAIR 17.911 GB/s, time 1.756e-02 s, comm_vol 1.258 GB
SIZE 3670016, REAL_BD 74.88 GB/s, BD/PAIR 18.72 GB/s, time 1.960e-02 s, comm_vol 1.468 GB
SIZE 4194304, REAL_BD 74.009 GB/s, BD/PAIR 18.502 GB/s, time 2.267e-02 s, comm_vol 1.678 GB
SIZE 5242880, REAL_BD 76.818 GB/s, BD/PAIR 19.205 GB/s, time 2.730e-02 s, comm_vol 2.097 GB
SIZE 6291456, REAL_BD 77.432 GB/s, BD/PAIR 19.358 GB/s, time 3.250e-02 s, comm_vol 2.517 GB
SIZE 7340032, REAL_BD 79.417 GB/s, BD/PAIR 19.854 GB/s, time 3.697e-02 s, comm_vol 2.936 GB
SIZE 8388608, REAL_BD 79.311 GB/s, BD/PAIR 19.828 GB/s, time 4.231e-02 s, comm_vol 3.355 GB
SIZE 10485760, REAL_BD 80.886 GB/s, BD/PAIR 20.221 GB/s, time 5.185e-02 s, comm_vol 4.194 GB
SIZE 12582912, REAL_BD 82.15 GB/s, BD/PAIR 20.537 GB/s, time 6.127e-02 s, comm_vol 5.033 GB
SIZE 14680064, REAL_BD 82.429 GB/s, BD/PAIR 20.607 GB/s, time 7.124e-02 s, comm_vol 5.872 GB
SIZE 16777216, REAL_BD 82.615 GB/s, BD/PAIR 20.654 GB/s, time 8.123e-02 s, comm_vol 6.711 GB
SIZE 20971520, REAL_BD 82.577 GB/s, BD/PAIR 20.644 GB/s, time 1.016e-01 s, comm_vol 8.389 GB
SIZE 25165824, REAL_BD 83.499 GB/s, BD/PAIR 20.875 GB/s, time 1.206e-01 s, comm_vol 10.066 GB
SIZE 29360128, REAL_BD 83.38 GB/s, BD/PAIR 20.845 GB/s, time 1.409e-01 s, comm_vol 11.744 GB
SIZE 33554432, REAL_BD 83.648 GB/s, BD/PAIR 20.912 GB/s, time 1.605e-01 s, comm_vol 13.422 GB
SIZE 41943040, REAL_BD 84.175 GB/s, BD/PAIR 21.044 GB/s, time 1.993e-01 s, comm_vol 16.777 GB
SIZE 50331648, REAL_BD 84.237 GB/s, BD/PAIR 21.059 GB/s, time 2.390e-01 s, comm_vol 20.133 GB
SIZE 58720256, REAL_BD 84.419 GB/s, BD/PAIR 21.105 GB/s, time 2.782e-01 s, comm_vol 23.488 GB
SIZE 67108864, REAL_BD 84.584 GB/s, BD/PAIR 21.146 GB/s, time 3.174e-01 s, comm_vol 26.844 GB
SIZE 83886080, REAL_BD 84.631 GB/s, BD/PAIR 21.158 GB/s, time 3.965e-01 s, comm_vol 33.554 GB
SIZE 100663296, REAL_BD 83.492 GB/s, BD/PAIR 20.873 GB/s, time 4.823e-01 s, comm_vol 40.265 GB
SIZE 117440512, REAL_BD 85.005 GB/s, BD/PAIR 21.251 GB/s, time 5.526e-01 s, comm_vol 46.976 GB
SIZE 134217728, REAL_BD 84.642 GB/s, BD/PAIR 21.16 GB/s, time 6.343e-01 s, comm_vol 53.687 GB
SIZE 167772160, REAL_BD 84.988 GB/s, BD/PAIR 21.247 GB/s, time 7.896e-01 s, comm_vol 67.109 GB
SIZE 201326592, REAL_BD 85.219 GB/s, BD/PAIR 21.305 GB/s, time 9.450e-01 s, comm_vol 80.531 GB
SIZE 234881024, REAL_BD 85.311 GB/s, BD/PAIR 21.328 GB/s, time 1.101e+00 s, comm_vol 93.952 GB
SIZE 268435456, REAL_BD 84.783 GB/s, BD/PAIR 21.196 GB/s, time 1.266e+00 s, comm_vol 107.374 GB
SIZE 335544320, REAL_BD 85.292 GB/s, BD/PAIR 21.323 GB/s, time 1.574e+00 s, comm_vol 134.218 GB
SIZE 402653184, REAL_BD 85.279 GB/s, BD/PAIR 21.32 GB/s, time 1.889e+00 s, comm_vol 161.061 GB
SIZE 469762048, REAL_BD 85.227 GB/s, BD/PAIR 21.307 GB/s, time 2.205e+00 s, comm_vol 187.905 GB
SIZE 536870912, REAL_BD 85.433 GB/s, BD/PAIR 21.358 GB/s, time 2.514e+00 s, comm_vol 214.748 GB
SIZE 671088640, REAL_BD 85.249 GB/s, BD/PAIR 21.312 GB/s, time 3.149e+00 s, comm_vol 268.435 GB
SIZE 805306368, REAL_BD 85.298 GB/s, BD/PAIR 21.324 GB/s, time 3.776e+00 s, comm_vol 322.123 GB
SIZE 939524096, REAL_BD 85.344 GB/s, BD/PAIR 21.336 GB/s, time 4.403e+00 s, comm_vol 375.81 GB
SIZE 1073741824, REAL_BD 85.353 GB/s, BD/PAIR 21.338 GB/s, time 5.032e+00 s, comm_vol 429.497 GB
[[0, 8], [2, 10], [4, 12], [6, 14]]
NCCL version 2.21.5+cuda12.4
SIZE 8192, REAL_BD 1.549 GB/s, BD/PAIR 387.239 MB/s, time 2.115e-03 s, comm_vol 3.277 MB
SIZE 16384, REAL_BD 2.861 GB/s, BD/PAIR 715.157 MB/s, time 2.291e-03 s, comm_vol 6.554 MB
SIZE 24576, REAL_BD 4.224 GB/s, BD/PAIR 1.056 GB/s, time 2.327e-03 s, comm_vol 9.83 MB
SIZE 32768, REAL_BD 5.5 GB/s, BD/PAIR 1.375 GB/s, time 2.383e-03 s, comm_vol 13.107 MB
SIZE 40960, REAL_BD 5.457 GB/s, BD/PAIR 1.364 GB/s, time 3.002e-03 s, comm_vol 16.384 MB
SIZE 49152, REAL_BD 6.4 GB/s, BD/PAIR 1.6 GB/s, time 3.072e-03 s, comm_vol 19.661 MB
SIZE 57344, REAL_BD 7.386 GB/s, BD/PAIR 1.846 GB/s, time 3.106e-03 s, comm_vol 22.938 MB
SIZE 65536, REAL_BD 8.407 GB/s, BD/PAIR 2.102 GB/s, time 3.118e-03 s, comm_vol 26.214 MB
SIZE 81920, REAL_BD 8.724 GB/s, BD/PAIR 2.181 GB/s, time 3.756e-03 s, comm_vol 32.768 MB
SIZE 98304, REAL_BD 10.305 GB/s, BD/PAIR 2.576 GB/s, time 3.816e-03 s, comm_vol 39.322 MB
SIZE 114688, REAL_BD 10.253 GB/s, BD/PAIR 2.563 GB/s, time 4.474e-03 s, comm_vol 45.875 MB
SIZE 131072, REAL_BD 14.934 GB/s, BD/PAIR 3.733 GB/s, time 3.511e-03 s, comm_vol 52.429 MB
SIZE 163840, REAL_BD 18.631 GB/s, BD/PAIR 4.658 GB/s, time 3.518e-03 s, comm_vol 65.536 MB
SIZE 196608, REAL_BD 22.422 GB/s, BD/PAIR 5.606 GB/s, time 3.507e-03 s, comm_vol 78.643 MB
SIZE 229376, REAL_BD 23.364 GB/s, BD/PAIR 5.841 GB/s, time 3.927e-03 s, comm_vol 91.75 MB
SIZE 262144, REAL_BD 28.768 GB/s, BD/PAIR 7.192 GB/s, time 3.645e-03 s, comm_vol 104.858 MB
SIZE 327680, REAL_BD 29.876 GB/s, BD/PAIR 7.469 GB/s, time 4.387e-03 s, comm_vol 131.072 MB
SIZE 393216, REAL_BD 34.879 GB/s, BD/PAIR 8.72 GB/s, time 4.509e-03 s, comm_vol 157.286 MB
SIZE 458752, REAL_BD 34.823 GB/s, BD/PAIR 8.706 GB/s, time 5.270e-03 s, comm_vol 183.501 MB
SIZE 524288, REAL_BD 38.495 GB/s, BD/PAIR 9.624 GB/s, time 5.448e-03 s, comm_vol 209.715 MB
SIZE 655360, REAL_BD 41.606 GB/s, BD/PAIR 10.401 GB/s, time 6.301e-03 s, comm_vol 262.144 MB
SIZE 786432, REAL_BD 45.02 GB/s, BD/PAIR 11.255 GB/s, time 6.987e-03 s, comm_vol 314.573 MB
SIZE 917504, REAL_BD 47.42 GB/s, BD/PAIR 11.855 GB/s, time 7.739e-03 s, comm_vol 367.002 MB
SIZE 1048576, REAL_BD 49.441 GB/s, BD/PAIR 12.36 GB/s, time 8.483e-03 s, comm_vol 419.43 MB
SIZE 1310720, REAL_BD 52.08 GB/s, BD/PAIR 13.02 GB/s, time 1.007e-02 s, comm_vol 524.288 MB
SIZE 1572864, REAL_BD 54.319 GB/s, BD/PAIR 13.58 GB/s, time 1.158e-02 s, comm_vol 629.146 MB
SIZE 1835008, REAL_BD 56.163 GB/s, BD/PAIR 14.041 GB/s, time 1.307e-02 s, comm_vol 734.003 MB
SIZE 2097152, REAL_BD 76.094 GB/s, BD/PAIR 19.024 GB/s, time 1.102e-02 s, comm_vol 838.861 MB
SIZE 2621440, REAL_BD 78.482 GB/s, BD/PAIR 19.62 GB/s, time 1.336e-02 s, comm_vol 1.049 GB
SIZE 3145728, REAL_BD 79.986 GB/s, BD/PAIR 19.997 GB/s, time 1.573e-02 s, comm_vol 1.258 GB
SIZE 3670016, REAL_BD 81.707 GB/s, BD/PAIR 20.427 GB/s, time 1.797e-02 s, comm_vol 1.468 GB
SIZE 4194304, REAL_BD 84.114 GB/s, BD/PAIR 21.028 GB/s, time 1.995e-02 s, comm_vol 1.678 GB
SIZE 5242880, REAL_BD 85.296 GB/s, BD/PAIR 21.324 GB/s, time 2.459e-02 s, comm_vol 2.097 GB
SIZE 6291456, REAL_BD 86.201 GB/s, BD/PAIR 21.55 GB/s, time 2.919e-02 s, comm_vol 2.517 GB
SIZE 7340032, REAL_BD 87.591 GB/s, BD/PAIR 21.898 GB/s, time 3.352e-02 s, comm_vol 2.936 GB
SIZE 8388608, REAL_BD 88.274 GB/s, BD/PAIR 22.069 GB/s, time 3.801e-02 s, comm_vol 3.355 GB
SIZE 10485760, REAL_BD 88.938 GB/s, BD/PAIR 22.235 GB/s, time 4.716e-02 s, comm_vol 4.194 GB
SIZE 12582912, REAL_BD 89.464 GB/s, BD/PAIR 22.366 GB/s, time 5.626e-02 s, comm_vol 5.033 GB
SIZE 14680064, REAL_BD 90.658 GB/s, BD/PAIR 22.664 GB/s, time 6.477e-02 s, comm_vol 5.872 GB
SIZE 16777216, REAL_BD 90.721 GB/s, BD/PAIR 22.68 GB/s, time 7.397e-02 s, comm_vol 6.711 GB
SIZE 20971520, REAL_BD 91.13 GB/s, BD/PAIR 22.783 GB/s, time 9.205e-02 s, comm_vol 8.389 GB
SIZE 25165824, REAL_BD 91.586 GB/s, BD/PAIR 22.897 GB/s, time 1.099e-01 s, comm_vol 10.066 GB
SIZE 29360128, REAL_BD 91.83 GB/s, BD/PAIR 22.957 GB/s, time 1.279e-01 s, comm_vol 11.744 GB
SIZE 33554432, REAL_BD 91.982 GB/s, BD/PAIR 22.995 GB/s, time 1.459e-01 s, comm_vol 13.422 GB
SIZE 41943040, REAL_BD 92.348 GB/s, BD/PAIR 23.087 GB/s, time 1.817e-01 s, comm_vol 16.777 GB
SIZE 50331648, REAL_BD 92.627 GB/s, BD/PAIR 23.157 GB/s, time 2.174e-01 s, comm_vol 20.133 GB
SIZE 58720256, REAL_BD 92.283 GB/s, BD/PAIR 23.071 GB/s, time 2.545e-01 s, comm_vol 23.488 GB
SIZE 67108864, REAL_BD 92.159 GB/s, BD/PAIR 23.04 GB/s, time 2.913e-01 s, comm_vol 26.844 GB
SIZE 83886080, REAL_BD 92.653 GB/s, BD/PAIR 23.163 GB/s, time 3.622e-01 s, comm_vol 33.554 GB
SIZE 100663296, REAL_BD 92.603 GB/s, BD/PAIR 23.151 GB/s, time 4.348e-01 s, comm_vol 40.265 GB
SIZE 117440512, REAL_BD 91.714 GB/s, BD/PAIR 22.929 GB/s, time 5.122e-01 s, comm_vol 46.976 GB
SIZE 134217728, REAL_BD 91.894 GB/s, BD/PAIR 22.973 GB/s, time 5.842e-01 s, comm_vol 53.687 GB
SIZE 167772160, REAL_BD 92.851 GB/s, BD/PAIR 23.213 GB/s, time 7.228e-01 s, comm_vol 67.109 GB
SIZE 201326592, REAL_BD 92.798 GB/s, BD/PAIR 23.2 GB/s, time 8.678e-01 s, comm_vol 80.531 GB
SIZE 234881024, REAL_BD 92.952 GB/s, BD/PAIR 23.238 GB/s, time 1.011e+00 s, comm_vol 93.952 GB
SIZE 268435456, REAL_BD 92.658 GB/s, BD/PAIR 23.164 GB/s, time 1.159e+00 s, comm_vol 107.374 GB
SIZE 335544320, REAL_BD 92.465 GB/s, BD/PAIR 23.116 GB/s, time 1.452e+00 s, comm_vol 134.218 GB
SIZE 402653184, REAL_BD 92.912 GB/s, BD/PAIR 23.228 GB/s, time 1.733e+00 s, comm_vol 161.061 GB
SIZE 469762048, REAL_BD 90.942 GB/s, BD/PAIR 22.735 GB/s, time 2.066e+00 s, comm_vol 187.905 GB
SIZE 536870912, REAL_BD 92.965 GB/s, BD/PAIR 23.241 GB/s, time 2.310e+00 s, comm_vol 214.748 GB
SIZE 671088640, REAL_BD 92.716 GB/s, BD/PAIR 23.179 GB/s, time 2.895e+00 s, comm_vol 268.435 GB
SIZE 805306368, REAL_BD 93.003 GB/s, BD/PAIR 23.251 GB/s, time 3.464e+00 s, comm_vol 322.123 GB
SIZE 939524096, REAL_BD 92.795 GB/s, BD/PAIR 23.199 GB/s, time 4.050e+00 s, comm_vol 375.81 GB
SIZE 1073741824, REAL_BD 92.786 GB/s, BD/PAIR 23.197 GB/s, time 4.629e+00 s, comm_vol 429.497 GB
[[0, 8], [8, 0], [2, 10], [10, 2], [4, 12], [12, 4], [6, 14], [14, 6]]
SIZE 8192, REAL_BD 3.052 GB/s, BD/PAIR 381.478 MB/s, time 2.147e-03 s, comm_vol 6.554 MB
SIZE 16384, REAL_BD 5.648 GB/s, BD/PAIR 706.046 MB/s, time 2.321e-03 s, comm_vol 13.107 MB
SIZE 24576, REAL_BD 8.18 GB/s, BD/PAIR 1.023 GB/s, time 2.403e-03 s, comm_vol 19.661 MB
SIZE 32768, REAL_BD 10.636 GB/s, BD/PAIR 1.329 GB/s, time 2.465e-03 s, comm_vol 26.214 MB
SIZE 40960, REAL_BD 10.479 GB/s, BD/PAIR 1.31 GB/s, time 3.127e-03 s, comm_vol 32.768 MB
SIZE 49152, REAL_BD 12.507 GB/s, BD/PAIR 1.563 GB/s, time 3.144e-03 s, comm_vol 39.322 MB
SIZE 57344, REAL_BD 13.188 GB/s, BD/PAIR 1.649 GB/s, time 3.479e-03 s, comm_vol 45.875 MB
SIZE 65536, REAL_BD 16.275 GB/s, BD/PAIR 2.034 GB/s, time 3.222e-03 s, comm_vol 52.429 MB
SIZE 81920, REAL_BD 17.053 GB/s, BD/PAIR 2.132 GB/s, time 3.843e-03 s, comm_vol 65.536 MB
SIZE 98304, REAL_BD 20.084 GB/s, BD/PAIR 2.51 GB/s, time 3.916e-03 s, comm_vol 78.643 MB
SIZE 114688, REAL_BD 20.362 GB/s, BD/PAIR 2.545 GB/s, time 4.506e-03 s, comm_vol 91.75 MB
SIZE 131072, REAL_BD 27.515 GB/s, BD/PAIR 3.439 GB/s, time 3.811e-03 s, comm_vol 104.858 MB
SIZE 163840, REAL_BD 34.976 GB/s, BD/PAIR 4.372 GB/s, time 3.747e-03 s, comm_vol 131.072 MB
SIZE 196608, REAL_BD 41.124 GB/s, BD/PAIR 5.14 GB/s, time 3.825e-03 s, comm_vol 157.286 MB
SIZE 229376, REAL_BD 44.556 GB/s, BD/PAIR 5.569 GB/s, time 4.118e-03 s, comm_vol 183.501 MB
SIZE 262144, REAL_BD 52.215 GB/s, BD/PAIR 6.527 GB/s, time 4.016e-03 s, comm_vol 209.715 MB
SIZE 327680, REAL_BD 55.975 GB/s, BD/PAIR 6.997 GB/s, time 4.683e-03 s, comm_vol 262.144 MB
SIZE 393216, REAL_BD 63.959 GB/s, BD/PAIR 7.995 GB/s, time 4.918e-03 s, comm_vol 314.573 MB
SIZE 458752, REAL_BD 65.297 GB/s, BD/PAIR 8.162 GB/s, time 5.620e-03 s, comm_vol 367.002 MB
SIZE 524288, REAL_BD 71.893 GB/s, BD/PAIR 8.987 GB/s, time 5.834e-03 s, comm_vol 419.43 MB
SIZE 655360, REAL_BD 78.285 GB/s, BD/PAIR 9.786 GB/s, time 6.697e-03 s, comm_vol 524.288 MB
SIZE 786432, REAL_BD 83.701 GB/s, BD/PAIR 10.463 GB/s, time 7.517e-03 s, comm_vol 629.146 MB
SIZE 917504, REAL_BD 88.238 GB/s, BD/PAIR 11.03 GB/s, time 8.318e-03 s, comm_vol 734.003 MB
SIZE 1048576, REAL_BD 92.005 GB/s, BD/PAIR 11.501 GB/s, time 9.118e-03 s, comm_vol 838.861 MB
SIZE 1310720, REAL_BD 96.111 GB/s, BD/PAIR 12.014 GB/s, time 1.091e-02 s, comm_vol 1.049 GB
SIZE 1572864, REAL_BD 99.41 GB/s, BD/PAIR 12.426 GB/s, time 1.266e-02 s, comm_vol 1.258 GB
SIZE 1835008, REAL_BD 103.023 GB/s, BD/PAIR 12.878 GB/s, time 1.425e-02 s, comm_vol 1.468 GB
SIZE 2097152, REAL_BD 137.412 GB/s, BD/PAIR 17.177 GB/s, time 1.221e-02 s, comm_vol 1.678 GB
SIZE 2621440, REAL_BD 142.465 GB/s, BD/PAIR 17.808 GB/s, time 1.472e-02 s, comm_vol 2.097 GB
SIZE 3145728, REAL_BD 148.746 GB/s, BD/PAIR 18.593 GB/s, time 1.692e-02 s, comm_vol 2.517 GB
SIZE 3670016, REAL_BD 152.85 GB/s, BD/PAIR 19.106 GB/s, time 1.921e-02 s, comm_vol 2.936 GB
SIZE 4194304, REAL_BD 154.912 GB/s, BD/PAIR 19.364 GB/s, time 2.166e-02 s, comm_vol 3.355 GB
SIZE 5242880, REAL_BD 160.021 GB/s, BD/PAIR 20.003 GB/s, time 2.621e-02 s, comm_vol 4.194 GB
SIZE 6291456, REAL_BD 161.434 GB/s, BD/PAIR 20.179 GB/s, time 3.118e-02 s, comm_vol 5.033 GB
SIZE 7340032, REAL_BD 163.181 GB/s, BD/PAIR 20.398 GB/s, time 3.598e-02 s, comm_vol 5.872 GB
SIZE 8388608, REAL_BD 165.673 GB/s, BD/PAIR 20.709 GB/s, time 4.051e-02 s, comm_vol 6.711 GB
SIZE 10485760, REAL_BD 168.806 GB/s, BD/PAIR 21.101 GB/s, time 4.969e-02 s, comm_vol 8.389 GB
SIZE 12582912, REAL_BD 170.56 GB/s, BD/PAIR 21.32 GB/s, time 5.902e-02 s, comm_vol 10.066 GB
SIZE 14680064, REAL_BD 170.992 GB/s, BD/PAIR 21.374 GB/s, time 6.868e-02 s, comm_vol 11.744 GB
SIZE 16777216, REAL_BD 172.707 GB/s, BD/PAIR 21.588 GB/s, time 7.771e-02 s, comm_vol 13.422 GB
SIZE 20971520, REAL_BD 174.155 GB/s, BD/PAIR 21.769 GB/s, time 9.634e-02 s, comm_vol 16.777 GB
SIZE 25165824, REAL_BD 175.401 GB/s, BD/PAIR 21.925 GB/s, time 1.148e-01 s, comm_vol 20.133 GB
SIZE 29360128, REAL_BD 175.761 GB/s, BD/PAIR 21.97 GB/s, time 1.336e-01 s, comm_vol 23.488 GB
SIZE 33554432, REAL_BD 167.467 GB/s, BD/PAIR 20.933 GB/s, time 1.603e-01 s, comm_vol 26.844 GB
SIZE 41943040, REAL_BD 170.272 GB/s, BD/PAIR 21.284 GB/s, time 1.971e-01 s, comm_vol 33.554 GB
SIZE 50331648, REAL_BD 171.765 GB/s, BD/PAIR 21.471 GB/s, time 2.344e-01 s, comm_vol 40.265 GB
SIZE 58720256, REAL_BD 172.264 GB/s, BD/PAIR 21.533 GB/s, time 2.727e-01 s, comm_vol 46.976 GB
SIZE 67108864, REAL_BD 178.48 GB/s, BD/PAIR 22.31 GB/s, time 3.008e-01 s, comm_vol 53.687 GB
SIZE 83886080, REAL_BD 178.622 GB/s, BD/PAIR 22.328 GB/s, time 3.757e-01 s, comm_vol 67.109 GB
SIZE 100663296, REAL_BD 179.261 GB/s, BD/PAIR 22.408 GB/s, time 4.492e-01 s, comm_vol 80.531 GB
SIZE 117440512, REAL_BD 179.373 GB/s, BD/PAIR 22.422 GB/s, time 5.238e-01 s, comm_vol 93.952 GB
SIZE 134217728, REAL_BD 179.566 GB/s, BD/PAIR 22.446 GB/s, time 5.980e-01 s, comm_vol 107.374 GB
SIZE 167772160, REAL_BD 179.548 GB/s, BD/PAIR 22.444 GB/s, time 7.475e-01 s, comm_vol 134.218 GB
SIZE 201326592, REAL_BD 179.545 GB/s, BD/PAIR 22.443 GB/s, time 8.971e-01 s, comm_vol 161.061 GB
SIZE 234881024, REAL_BD 177.905 GB/s, BD/PAIR 22.238 GB/s, time 1.056e+00 s, comm_vol 187.905 GB
SIZE 268435456, REAL_BD 180.021 GB/s, BD/PAIR 22.503 GB/s, time 1.193e+00 s, comm_vol 214.748 GB
SIZE 335544320, REAL_BD 179.948 GB/s, BD/PAIR 22.493 GB/s, time 1.492e+00 s, comm_vol 268.435 GB
SIZE 402653184, REAL_BD 179.077 GB/s, BD/PAIR 22.385 GB/s, time 1.799e+00 s, comm_vol 322.123 GB
SIZE 469762048, REAL_BD 180.103 GB/s, BD/PAIR 22.513 GB/s, time 2.087e+00 s, comm_vol 375.81 GB
SIZE 536870912, REAL_BD 180.019 GB/s, BD/PAIR 22.502 GB/s, time 2.386e+00 s, comm_vol 429.497 GB
SIZE 671088640, REAL_BD 179.56 GB/s, BD/PAIR 22.445 GB/s, time 2.990e+00 s, comm_vol 536.871 GB
SIZE 805306368, REAL_BD 179.681 GB/s, BD/PAIR 22.46 GB/s, time 3.585e+00 s, comm_vol 644.245 GB
SIZE 939524096, REAL_BD 179.661 GB/s, BD/PAIR 22.458 GB/s, time 4.184e+00 s, comm_vol 751.619 GB
SIZE 1073741824, REAL_BD 179.811 GB/s, BD/PAIR 22.476 GB/s, time 4.777e+00 s, comm_vol 858.993 GB
[[0, 8], [1, 9], [2, 10], [3, 11], [4, 12], [5, 13], [6, 14], [7, 15]]
NCCL version 2.21.5+cuda12.4
NCCL version 2.21.5+cuda12.4
NCCL version 2.21.5+cuda12.4
SIZE 8192, REAL_BD 2.976 GB/s, BD/PAIR 371.939 MB/s, time 2.203e-03 s, comm_vol 6.554 MB
SIZE 16384, REAL_BD 5.767 GB/s, BD/PAIR 720.859 MB/s, time 2.273e-03 s, comm_vol 13.107 MB
SIZE 24576, REAL_BD 8.391 GB/s, BD/PAIR 1.049 GB/s, time 2.343e-03 s, comm_vol 19.661 MB
SIZE 32768, REAL_BD 10.946 GB/s, BD/PAIR 1.368 GB/s, time 2.395e-03 s, comm_vol 26.214 MB
SIZE 40960, REAL_BD 10.927 GB/s, BD/PAIR 1.366 GB/s, time 2.999e-03 s, comm_vol 32.768 MB
SIZE 49152, REAL_BD 12.589 GB/s, BD/PAIR 1.574 GB/s, time 3.124e-03 s, comm_vol 39.322 MB
SIZE 57344, REAL_BD 14.76 GB/s, BD/PAIR 1.845 GB/s, time 3.108e-03 s, comm_vol 45.875 MB
SIZE 65536, REAL_BD 16.549 GB/s, BD/PAIR 2.069 GB/s, time 3.168e-03 s, comm_vol 52.429 MB
SIZE 81920, REAL_BD 17.223 GB/s, BD/PAIR 2.153 GB/s, time 3.805e-03 s, comm_vol 65.536 MB
SIZE 98304, REAL_BD 20.555 GB/s, BD/PAIR 2.569 GB/s, time 3.826e-03 s, comm_vol 78.643 MB
SIZE 114688, REAL_BD 20.653 GB/s, BD/PAIR 2.582 GB/s, time 4.442e-03 s, comm_vol 91.75 MB
SIZE 131072, REAL_BD 29.33 GB/s, BD/PAIR 3.666 GB/s, time 3.575e-03 s, comm_vol 104.858 MB
SIZE 163840, REAL_BD 36.504 GB/s, BD/PAIR 4.563 GB/s, time 3.591e-03 s, comm_vol 131.072 MB
SIZE 196608, REAL_BD 43.448 GB/s, BD/PAIR 5.431 GB/s, time 3.620e-03 s, comm_vol 157.286 MB
SIZE 229376, REAL_BD 46.53 GB/s, BD/PAIR 5.816 GB/s, time 3.944e-03 s, comm_vol 183.501 MB
SIZE 262144, REAL_BD 57.062 GB/s, BD/PAIR 7.133 GB/s, time 3.675e-03 s, comm_vol 209.715 MB
SIZE 327680, REAL_BD 59.318 GB/s, BD/PAIR 7.415 GB/s, time 4.419e-03 s, comm_vol 262.144 MB
SIZE 393216, REAL_BD 68.477 GB/s, BD/PAIR 8.56 GB/s, time 4.594e-03 s, comm_vol 314.573 MB
SIZE 458752, REAL_BD 69.239 GB/s, BD/PAIR 8.655 GB/s, time 5.301e-03 s, comm_vol 367.002 MB
SIZE 524288, REAL_BD 76.015 GB/s, BD/PAIR 9.502 GB/s, time 5.518e-03 s, comm_vol 419.43 MB
SIZE 655360, REAL_BD 81.494 GB/s, BD/PAIR 10.187 GB/s, time 6.433e-03 s, comm_vol 524.288 MB
SIZE 786432, REAL_BD 89.252 GB/s, BD/PAIR 11.157 GB/s, time 7.049e-03 s, comm_vol 629.146 MB
SIZE 917504, REAL_BD 94.358 GB/s, BD/PAIR 11.795 GB/s, time 7.779e-03 s, comm_vol 734.003 MB
SIZE 1048576, REAL_BD 97.838 GB/s, BD/PAIR 12.23 GB/s, time 8.574e-03 s, comm_vol 838.861 MB
SIZE 1310720, REAL_BD 103.821 GB/s, BD/PAIR 12.978 GB/s, time 1.010e-02 s, comm_vol 1.049 GB
SIZE 1572864, REAL_BD 108.574 GB/s, BD/PAIR 13.572 GB/s, time 1.159e-02 s, comm_vol 1.258 GB
SIZE 1835008, REAL_BD 111.058 GB/s, BD/PAIR 13.882 GB/s, time 1.322e-02 s, comm_vol 1.468 GB
SIZE 2097152, REAL_BD 151.765 GB/s, BD/PAIR 18.971 GB/s, time 1.105e-02 s, comm_vol 1.678 GB
SIZE 2621440, REAL_BD 158.348 GB/s, BD/PAIR 19.794 GB/s, time 1.324e-02 s, comm_vol 2.097 GB
SIZE 3145728, REAL_BD 163.851 GB/s, BD/PAIR 20.481 GB/s, time 1.536e-02 s, comm_vol 2.517 GB
SIZE 3670016, REAL_BD 165.538 GB/s, BD/PAIR 20.692 GB/s, time 1.774e-02 s, comm_vol 2.936 GB
SIZE 4194304, REAL_BD 169.901 GB/s, BD/PAIR 21.238 GB/s, time 1.975e-02 s, comm_vol 3.355 GB
SIZE 5242880, REAL_BD 173.22 GB/s, BD/PAIR 21.652 GB/s, time 2.421e-02 s, comm_vol 4.194 GB
SIZE 6291456, REAL_BD 176.174 GB/s, BD/PAIR 22.022 GB/s, time 2.857e-02 s, comm_vol 5.033 GB
SIZE 7340032, REAL_BD 177.889 GB/s, BD/PAIR 22.236 GB/s, time 3.301e-02 s, comm_vol 5.872 GB
SIZE 8388608, REAL_BD 179.953 GB/s, BD/PAIR 22.494 GB/s, time 3.729e-02 s, comm_vol 6.711 GB
SIZE 10485760, REAL_BD 181.74 GB/s, BD/PAIR 22.718 GB/s, time 4.616e-02 s, comm_vol 8.389 GB
SIZE 12582912, REAL_BD 183.96 GB/s, BD/PAIR 22.995 GB/s, time 5.472e-02 s, comm_vol 10.066 GB
SIZE 14680064, REAL_BD 185.197 GB/s, BD/PAIR 23.15 GB/s, time 6.341e-02 s, comm_vol 11.744 GB
SIZE 16777216, REAL_BD 186.161 GB/s, BD/PAIR 23.27 GB/s, time 7.210e-02 s, comm_vol 13.422 GB
SIZE 20971520, REAL_BD 187.571 GB/s, BD/PAIR 23.446 GB/s, time 8.944e-02 s, comm_vol 16.777 GB
SIZE 25165824, REAL_BD 188.303 GB/s, BD/PAIR 23.538 GB/s, time 1.069e-01 s, comm_vol 20.133 GB
SIZE 29360128, REAL_BD 188.685 GB/s, BD/PAIR 23.586 GB/s, time 1.245e-01 s, comm_vol 23.488 GB
SIZE 33554432, REAL_BD 189.377 GB/s, BD/PAIR 23.672 GB/s, time 1.417e-01 s, comm_vol 26.844 GB
SIZE 41943040, REAL_BD 189.858 GB/s, BD/PAIR 23.732 GB/s, time 1.767e-01 s, comm_vol 33.554 GB
SIZE 50331648, REAL_BD 190.094 GB/s, BD/PAIR 23.762 GB/s, time 2.118e-01 s, comm_vol 40.265 GB
SIZE 58720256, REAL_BD 190.732 GB/s, BD/PAIR 23.842 GB/s, time 2.463e-01 s, comm_vol 46.976 GB
SIZE 67108864, REAL_BD 189.871 GB/s, BD/PAIR 23.734 GB/s, time 2.828e-01 s, comm_vol 53.687 GB
SIZE 83886080, REAL_BD 191.129 GB/s, BD/PAIR 23.891 GB/s, time 3.511e-01 s, comm_vol 67.109 GB
SIZE 100663296, REAL_BD 191.374 GB/s, BD/PAIR 23.922 GB/s, time 4.208e-01 s, comm_vol 80.531 GB
SIZE 117440512, REAL_BD 188.236 GB/s, BD/PAIR 23.529 GB/s, time 4.991e-01 s, comm_vol 93.952 GB
SIZE 134217728, REAL_BD 188.625 GB/s, BD/PAIR 23.578 GB/s, time 5.692e-01 s, comm_vol 107.374 GB
SIZE 167772160, REAL_BD 191.756 GB/s, BD/PAIR 23.97 GB/s, time 6.999e-01 s, comm_vol 134.218 GB
SIZE 201326592, REAL_BD 191.898 GB/s, BD/PAIR 23.987 GB/s, time 8.393e-01 s, comm_vol 161.061 GB
SIZE 234881024, REAL_BD 191.973 GB/s, BD/PAIR 23.997 GB/s, time 9.788e-01 s, comm_vol 187.905 GB
SIZE 268435456, REAL_BD 192.046 GB/s, BD/PAIR 24.006 GB/s, time 1.118e+00 s, comm_vol 214.748 GB
SIZE 335544320, REAL_BD 190.888 GB/s, BD/PAIR 23.861 GB/s, time 1.406e+00 s, comm_vol 268.435 GB
SIZE 402653184, REAL_BD 192.149 GB/s, BD/PAIR 24.019 GB/s, time 1.676e+00 s, comm_vol 322.123 GB
SIZE 469762048, REAL_BD 191.398 GB/s, BD/PAIR 23.925 GB/s, time 1.964e+00 s, comm_vol 375.81 GB
SIZE 536870912, REAL_BD 191.461 GB/s, BD/PAIR 23.933 GB/s, time 2.243e+00 s, comm_vol 429.497 GB
SIZE 671088640, REAL_BD 191.741 GB/s, BD/PAIR 23.968 GB/s, time 2.800e+00 s, comm_vol 536.871 GB
SIZE 805306368, REAL_BD 191.985 GB/s, BD/PAIR 23.998 GB/s, time 3.356e+00 s, comm_vol 644.245 GB
SIZE 939524096, REAL_BD 191.872 GB/s, BD/PAIR 23.984 GB/s, time 3.917e+00 s, comm_vol 751.619 GB
SIZE 1073741824, REAL_BD 191.913 GB/s, BD/PAIR 23.989 GB/s, time 4.476e+00 s, comm_vol 858.993 GB
[[0, 8], [1, 9], [2, 10], [3, 11], [4, 12], [5, 13], [6, 14], [7, 15], [8, 0], [9, 1], [10, 2], [11, 3], [12, 4], [13, 5], [14, 6], [15, 7]]
SIZE 8192, REAL_BD 5.827 GB/s, BD/PAIR 364.173 MB/s, time 2.249e-03 s, comm_vol 13.107 MB
SIZE 16384, REAL_BD 10.711 GB/s, BD/PAIR 669.454 MB/s, time 2.447e-03 s, comm_vol 26.214 MB
SIZE 24576, REAL_BD 15.304 GB/s, BD/PAIR 956.474 MB/s, time 2.569e-03 s, comm_vol 39.322 MB
SIZE 32768, REAL_BD 21.292 GB/s, BD/PAIR 1.331 GB/s, time 2.462e-03 s, comm_vol 52.429 MB
SIZE 40960, REAL_BD 21.096 GB/s, BD/PAIR 1.318 GB/s, time 3.107e-03 s, comm_vol 65.536 MB
SIZE 49152, REAL_BD 25.019 GB/s, BD/PAIR 1.564 GB/s, time 3.143e-03 s, comm_vol 78.643 MB
SIZE 57344, REAL_BD 28.757 GB/s, BD/PAIR 1.797 GB/s, time 3.191e-03 s, comm_vol 91.75 MB
SIZE 65536, REAL_BD 32.31 GB/s, BD/PAIR 2.019 GB/s, time 3.245e-03 s, comm_vol 104.858 MB
SIZE 81920, REAL_BD 34.064 GB/s, BD/PAIR 2.129 GB/s, time 3.848e-03 s, comm_vol 131.072 MB
SIZE 98304, REAL_BD 40.009 GB/s, BD/PAIR 2.501 GB/s, time 3.931e-03 s, comm_vol 157.286 MB
SIZE 114688, REAL_BD 40.846 GB/s, BD/PAIR 2.553 GB/s, time 4.493e-03 s, comm_vol 183.501 MB
SIZE 131072, REAL_BD 55.485 GB/s, BD/PAIR 3.468 GB/s, time 3.780e-03 s, comm_vol 209.715 MB
SIZE 163840, REAL_BD 68.913 GB/s, BD/PAIR 4.307 GB/s, time 3.804e-03 s, comm_vol 262.144 MB
SIZE 196608, REAL_BD 81.834 GB/s, BD/PAIR 5.115 GB/s, time 3.844e-03 s, comm_vol 314.573 MB
SIZE 229376, REAL_BD 88.538 GB/s, BD/PAIR 5.534 GB/s, time 4.145e-03 s, comm_vol 367.002 MB
SIZE 262144, REAL_BD 103.557 GB/s, BD/PAIR 6.472 GB/s, time 4.050e-03 s, comm_vol 419.43 MB
SIZE 327680, REAL_BD 110.498 GB/s, BD/PAIR 6.906 GB/s, time 4.745e-03 s, comm_vol 524.288 MB
SIZE 393216, REAL_BD 127.504 GB/s, BD/PAIR 7.969 GB/s, time 4.934e-03 s, comm_vol 629.146 MB
SIZE 458752, REAL_BD 130.208 GB/s, BD/PAIR 8.138 GB/s, time 5.637e-03 s, comm_vol 734.003 MB
SIZE 524288, REAL_BD 142.171 GB/s, BD/PAIR 8.886 GB/s, time 5.900e-03 s, comm_vol 838.861 MB
SIZE 655360, REAL_BD 135.868 GB/s, BD/PAIR 8.492 GB/s, time 7.718e-03 s, comm_vol 1.049 GB
SIZE 786432, REAL_BD 166.241 GB/s, BD/PAIR 10.39 GB/s, time 7.569e-03 s, comm_vol 1.258 GB
SIZE 917504, REAL_BD 174.377 GB/s, BD/PAIR 10.899 GB/s, time 8.419e-03 s, comm_vol 1.468 GB
SIZE 1048576, REAL_BD 180.349 GB/s, BD/PAIR 11.272 GB/s, time 9.303e-03 s, comm_vol 1.678 GB
SIZE 1310720, REAL_BD 190.515 GB/s, BD/PAIR 11.907 GB/s, time 1.101e-02 s, comm_vol 2.097 GB
SIZE 1572864, REAL_BD 196.696 GB/s, BD/PAIR 12.294 GB/s, time 1.279e-02 s, comm_vol 2.517 GB
SIZE 1835008, REAL_BD 202.648 GB/s, BD/PAIR 12.666 GB/s, time 1.449e-02 s, comm_vol 2.936 GB
SIZE 2097152, REAL_BD 280.175 GB/s, BD/PAIR 17.511 GB/s, time 1.198e-02 s, comm_vol 3.355 GB
SIZE 2621440, REAL_BD 293.599 GB/s, BD/PAIR 18.35 GB/s, time 1.429e-02 s, comm_vol 4.194 GB
SIZE 3145728, REAL_BD 302.978 GB/s, BD/PAIR 18.936 GB/s, time 1.661e-02 s, comm_vol 5.033 GB
SIZE 3670016, REAL_BD 315.854 GB/s, BD/PAIR 19.741 GB/s, time 1.859e-02 s, comm_vol 5.872 GB
SIZE 4194304, REAL_BD 317.577 GB/s, BD/PAIR 19.849 GB/s, time 2.113e-02 s, comm_vol 6.711 GB
SIZE 5242880, REAL_BD 329.661 GB/s, BD/PAIR 20.604 GB/s, time 2.545e-02 s, comm_vol 8.389 GB
SIZE 6291456, REAL_BD 334.903 GB/s, BD/PAIR 20.931 GB/s, time 3.006e-02 s, comm_vol 10.066 GB
SIZE 7340032, REAL_BD 341.179 GB/s, BD/PAIR 21.324 GB/s, time 3.442e-02 s, comm_vol 11.744 GB
SIZE 8388608, REAL_BD 344.761 GB/s, BD/PAIR 21.548 GB/s, time 3.893e-02 s, comm_vol 13.422 GB
SIZE 10485760, REAL_BD 348.98 GB/s, BD/PAIR 21.811 GB/s, time 4.807e-02 s, comm_vol 16.777 GB
SIZE 12582912, REAL_BD 354.473 GB/s, BD/PAIR 22.155 GB/s, time 5.680e-02 s, comm_vol 20.133 GB
SIZE 14680064, REAL_BD 352.566 GB/s, BD/PAIR 22.035 GB/s, time 6.662e-02 s, comm_vol 23.488 GB
SIZE 16777216, REAL_BD 351.979 GB/s, BD/PAIR 21.999 GB/s, time 7.626e-02 s, comm_vol 26.844 GB
SIZE 20971520, REAL_BD 353.004 GB/s, BD/PAIR 22.063 GB/s, time 9.505e-02 s, comm_vol 33.554 GB
SIZE 25165824, REAL_BD 353.838 GB/s, BD/PAIR 22.115 GB/s, time 1.138e-01 s, comm_vol 40.265 GB
SIZE 29360128, REAL_BD 354.051 GB/s, BD/PAIR 22.128 GB/s, time 1.327e-01 s, comm_vol 46.976 GB
SIZE 33554432, REAL_BD 356.154 GB/s, BD/PAIR 22.26 GB/s, time 1.507e-01 s, comm_vol 53.687 GB
SIZE 41943040, REAL_BD 357.231 GB/s, BD/PAIR 22.327 GB/s, time 1.879e-01 s, comm_vol 67.109 GB
SIZE 50331648, REAL_BD 356.491 GB/s, BD/PAIR 22.281 GB/s, time 2.259e-01 s, comm_vol 80.531 GB
SIZE 58720256, REAL_BD 359.048 GB/s, BD/PAIR 22.44 GB/s, time 2.617e-01 s, comm_vol 93.952 GB
SIZE 67108864, REAL_BD 346.05 GB/s, BD/PAIR 21.628 GB/s, time 3.103e-01 s, comm_vol 107.374 GB
SIZE 83886080, REAL_BD 359.411 GB/s, BD/PAIR 22.463 GB/s, time 3.734e-01 s, comm_vol 134.218 GB
SIZE 100663296, REAL_BD 360.629 GB/s, BD/PAIR 22.539 GB/s, time 4.466e-01 s, comm_vol 161.061 GB
SIZE 117440512, REAL_BD 360.251 GB/s, BD/PAIR 22.516 GB/s, time 5.216e-01 s, comm_vol 187.905 GB
SIZE 134217728, REAL_BD 359.701 GB/s, BD/PAIR 22.481 GB/s, time 5.970e-01 s, comm_vol 214.748 GB
SIZE 167772160, REAL_BD 360.149 GB/s, BD/PAIR 22.509 GB/s, time 7.453e-01 s, comm_vol 268.435 GB
SIZE 201326592, REAL_BD 361.2 GB/s, BD/PAIR 22.575 GB/s, time 8.918e-01 s, comm_vol 322.123 GB
SIZE 234881024, REAL_BD 350.45 GB/s, BD/PAIR 21.903 GB/s, time 1.072e+00 s, comm_vol 375.81 GB
SIZE 268435456, REAL_BD 359.474 GB/s, BD/PAIR 22.467 GB/s, time 1.195e+00 s, comm_vol 429.497 GB
SIZE 335544320, REAL_BD 360.972 GB/s, BD/PAIR 22.561 GB/s, time 1.487e+00 s, comm_vol 536.871 GB
SIZE 402653184, REAL_BD 361.607 GB/s, BD/PAIR 22.6 GB/s, time 1.782e+00 s, comm_vol 644.245 GB
SIZE 469762048, REAL_BD 358.904 GB/s, BD/PAIR 22.431 GB/s, time 2.094e+00 s, comm_vol 751.619 GB
SIZE 536870912, REAL_BD 361.956 GB/s, BD/PAIR 22.622 GB/s, time 2.373e+00 s, comm_vol 858.993 GB
SIZE 671088640, REAL_BD 360.038 GB/s, BD/PAIR 22.502 GB/s, time 2.982e+00 s, comm_vol 1.074 TB
SIZE 805306368, REAL_BD 359.719 GB/s, BD/PAIR 22.482 GB/s, time 3.582e+00 s, comm_vol 1.288 TB
SIZE 939524096, REAL_BD 360.691 GB/s, BD/PAIR 22.543 GB/s, time 4.168e+00 s, comm_vol 1.503 TB
SIZE 1073741824, REAL_BD 360.505 GB/s, BD/PAIR 22.532 GB/s, time 4.765e+00 s, comm_vol 1.718 TB
+ set +x
./scripts/wrapper_conflict_bench.sh: line 288: ne: command not found
./scripts/wrapper_conflict_bench.sh: line 289: syntax error near unexpected token `done'
./scripts/wrapper_conflict_bench.sh: line 289: `done'
