HOST: g[01-02]
CP_FILE_NAME: small
HOST: g[01-02]
CUDA_VISIBLE_DEVICES: 
GPU_NUM: 16
PROC_NUM: 16
NNODES: 2
NTASK_PER_NODE: 8
COMM_MODULE: raw-nccl
+ srun -p a01 -N 2 --ntasks-per-node 8 --gres=gpu:8 --mem 256G -K -w 'g[01-02]' -c 13 ./scripts/executor.sh python conflict_bench.py --backend NCCL --config ./scripts/configs/small_16.json --comm-module raw-nccl
NCCL version 2.21.5+cuda12.4
[INFO]: Cluster init done !!!
[[0, 1]]
NCCL version 2.21.5+cuda12.4
SIZE 8 KB, REAL_BD 658.359 MB/s, BD/PAIR 658.359 MB/s, time 1.244e-03 s, time/iter 1.244e-05, comm_vol 819.2 KB
SIZE 16 KB, REAL_BD 1.132 GB/s, BD/PAIR 1.132 GB/s, time 1.447e-03 s, time/iter 1.447e-05, comm_vol 1.638 MB
SIZE 32 KB, REAL_BD 1.338 GB/s, BD/PAIR 1.338 GB/s, time 2.448e-03 s, time/iter 2.448e-05, comm_vol 3.277 MB
SIZE 64 KB, REAL_BD 3.581 GB/s, BD/PAIR 3.581 GB/s, time 1.830e-03 s, time/iter 1.830e-05, comm_vol 6.554 MB
SIZE 128 KB, REAL_BD 6.533 GB/s, BD/PAIR 6.533 GB/s, time 2.006e-03 s, time/iter 2.006e-05, comm_vol 13.107 MB
SIZE 256 KB, REAL_BD 12.967 GB/s, BD/PAIR 12.967 GB/s, time 2.022e-03 s, time/iter 2.022e-05, comm_vol 26.214 MB
SIZE 512 KB, REAL_BD 25.114 GB/s, BD/PAIR 25.114 GB/s, time 2.088e-03 s, time/iter 2.088e-05, comm_vol 52.429 MB
SIZE 1 MB, REAL_BD 44.714 GB/s, BD/PAIR 44.714 GB/s, time 2.345e-03 s, time/iter 2.345e-05, comm_vol 104.858 MB
SIZE 2 MB, REAL_BD 70.005 GB/s, BD/PAIR 70.005 GB/s, time 2.996e-03 s, time/iter 2.996e-05, comm_vol 209.715 MB
SIZE 4 MB, REAL_BD 97.979 GB/s, BD/PAIR 97.979 GB/s, time 4.281e-03 s, time/iter 4.281e-05, comm_vol 419.43 MB
SIZE 8 MB, REAL_BD 118.494 GB/s, BD/PAIR 118.494 GB/s, time 7.079e-03 s, time/iter 7.079e-05, comm_vol 838.861 MB
SIZE 16 MB, REAL_BD 133.862 GB/s, BD/PAIR 133.862 GB/s, time 1.253e-02 s, time/iter 1.253e-04, comm_vol 1.678 GB
SIZE 32 MB, REAL_BD 140.836 GB/s, BD/PAIR 140.836 GB/s, time 2.383e-02 s, time/iter 2.383e-04, comm_vol 3.355 GB
SIZE 64 MB, REAL_BD 147.334 GB/s, BD/PAIR 147.334 GB/s, time 4.555e-02 s, time/iter 4.555e-04, comm_vol 6.711 GB
SIZE 128 MB, REAL_BD 152.611 GB/s, BD/PAIR 152.611 GB/s, time 8.795e-02 s, time/iter 8.795e-04, comm_vol 13.422 GB
SIZE 256 MB, REAL_BD 175.058 GB/s, BD/PAIR 175.058 GB/s, time 1.533e-01 s, time/iter 1.533e-03, comm_vol 26.844 GB
SIZE 512 MB, REAL_BD 176.305 GB/s, BD/PAIR 176.305 GB/s, time 3.045e-01 s, time/iter 3.045e-03, comm_vol 53.687 GB
SIZE 1 GB, REAL_BD 176.841 GB/s, BD/PAIR 176.841 GB/s, time 6.072e-01 s, time/iter 6.072e-03, comm_vol 107.374 GB
[[0, 1], [1, 0]]
SIZE 8 KB, REAL_BD 1.135 GB/s, BD/PAIR 567.554 MB/s, time 1.443e-03 s, time/iter 1.443e-05, comm_vol 1.638 MB
SIZE 16 KB, REAL_BD 2.398 GB/s, BD/PAIR 1.199 GB/s, time 1.366e-03 s, time/iter 1.366e-05, comm_vol 3.277 MB
SIZE 32 KB, REAL_BD 4.296 GB/s, BD/PAIR 2.148 GB/s, time 1.526e-03 s, time/iter 1.526e-05, comm_vol 6.554 MB
SIZE 64 KB, REAL_BD 7.992 GB/s, BD/PAIR 3.996 GB/s, time 1.640e-03 s, time/iter 1.640e-05, comm_vol 13.107 MB
SIZE 128 KB, REAL_BD 14.927 GB/s, BD/PAIR 7.463 GB/s, time 1.756e-03 s, time/iter 1.756e-05, comm_vol 26.214 MB
SIZE 256 KB, REAL_BD 29.363 GB/s, BD/PAIR 14.682 GB/s, time 1.786e-03 s, time/iter 1.786e-05, comm_vol 52.429 MB
SIZE 512 KB, REAL_BD 54.627 GB/s, BD/PAIR 27.314 GB/s, time 1.920e-03 s, time/iter 1.920e-05, comm_vol 104.858 MB
SIZE 1 MB, REAL_BD 94.582 GB/s, BD/PAIR 47.291 GB/s, time 2.217e-03 s, time/iter 2.217e-05, comm_vol 209.715 MB
SIZE 2 MB, REAL_BD 150.386 GB/s, BD/PAIR 75.193 GB/s, time 2.789e-03 s, time/iter 2.789e-05, comm_vol 419.43 MB
SIZE 4 MB, REAL_BD 195.046 GB/s, BD/PAIR 97.523 GB/s, time 4.301e-03 s, time/iter 4.301e-05, comm_vol 838.861 MB
SIZE 8 MB, REAL_BD 233.102 GB/s, BD/PAIR 116.551 GB/s, time 7.197e-03 s, time/iter 7.197e-05, comm_vol 1.678 GB
SIZE 16 MB, REAL_BD 251.834 GB/s, BD/PAIR 125.917 GB/s, time 1.332e-02 s, time/iter 1.332e-04, comm_vol 3.355 GB
SIZE 32 MB, REAL_BD 269.279 GB/s, BD/PAIR 134.64 GB/s, time 2.492e-02 s, time/iter 2.492e-04, comm_vol 6.711 GB
SIZE 64 MB, REAL_BD 278.921 GB/s, BD/PAIR 139.461 GB/s, time 4.812e-02 s, time/iter 4.812e-04, comm_vol 13.422 GB
SIZE 128 MB, REAL_BD 286.399 GB/s, BD/PAIR 143.199 GB/s, time 9.373e-02 s, time/iter 9.373e-04, comm_vol 26.844 GB
SIZE 256 MB, REAL_BD 312.075 GB/s, BD/PAIR 156.038 GB/s, time 1.720e-01 s, time/iter 1.720e-03, comm_vol 53.687 GB
SIZE 512 MB, REAL_BD 314.407 GB/s, BD/PAIR 157.204 GB/s, time 3.415e-01 s, time/iter 3.415e-03, comm_vol 107.374 GB
SIZE 1 GB, REAL_BD 315.441 GB/s, BD/PAIR 157.721 GB/s, time 6.808e-01 s, time/iter 6.808e-03, comm_vol 214.748 GB
[[0, 8]]
SIZE 8 KB, REAL_BD 439.27 MB/s, BD/PAIR 439.27 MB/s, time 1.865e-03 s, time/iter 1.865e-05, comm_vol 819.2 KB
SIZE 16 KB, REAL_BD 835.089 MB/s, BD/PAIR 835.089 MB/s, time 1.962e-03 s, time/iter 1.962e-05, comm_vol 1.638 MB
SIZE 32 KB, REAL_BD 1.684 GB/s, BD/PAIR 1.684 GB/s, time 1.946e-03 s, time/iter 1.946e-05, comm_vol 3.277 MB
SIZE 64 KB, REAL_BD 2.524 GB/s, BD/PAIR 2.524 GB/s, time 2.597e-03 s, time/iter 2.597e-05, comm_vol 6.554 MB
SIZE 128 KB, REAL_BD 4.386 GB/s, BD/PAIR 4.386 GB/s, time 2.989e-03 s, time/iter 2.989e-05, comm_vol 13.107 MB
SIZE 256 KB, REAL_BD 8.552 GB/s, BD/PAIR 8.552 GB/s, time 3.065e-03 s, time/iter 3.065e-05, comm_vol 26.214 MB
SIZE 512 KB, REAL_BD 11.559 GB/s, BD/PAIR 11.559 GB/s, time 4.536e-03 s, time/iter 4.536e-05, comm_vol 52.429 MB
SIZE 1 MB, REAL_BD 14.235 GB/s, BD/PAIR 14.235 GB/s, time 7.366e-03 s, time/iter 7.366e-05, comm_vol 104.858 MB
SIZE 2 MB, REAL_BD 19.795 GB/s, BD/PAIR 19.795 GB/s, time 1.059e-02 s, time/iter 1.059e-04, comm_vol 209.715 MB
SIZE 4 MB, REAL_BD 21.472 GB/s, BD/PAIR 21.472 GB/s, time 1.953e-02 s, time/iter 1.953e-04, comm_vol 419.43 MB
SIZE 8 MB, REAL_BD 22.568 GB/s, BD/PAIR 22.568 GB/s, time 3.717e-02 s, time/iter 3.717e-04, comm_vol 838.861 MB
SIZE 16 MB, REAL_BD 22.987 GB/s, BD/PAIR 22.987 GB/s, time 7.299e-02 s, time/iter 7.299e-04, comm_vol 1.678 GB
SIZE 32 MB, REAL_BD 23.297 GB/s, BD/PAIR 23.297 GB/s, time 1.440e-01 s, time/iter 1.440e-03, comm_vol 3.355 GB
SIZE 64 MB, REAL_BD 23.396 GB/s, BD/PAIR 23.396 GB/s, time 2.868e-01 s, time/iter 2.868e-03, comm_vol 6.711 GB
SIZE 128 MB, REAL_BD 23.182 GB/s, BD/PAIR 23.182 GB/s, time 5.790e-01 s, time/iter 5.790e-03, comm_vol 13.422 GB
SIZE 256 MB, REAL_BD 23.475 GB/s, BD/PAIR 23.475 GB/s, time 1.144e+00 s, time/iter 1.144e-02, comm_vol 26.844 GB
SIZE 512 MB, REAL_BD 23.492 GB/s, BD/PAIR 23.492 GB/s, time 2.285e+00 s, time/iter 2.285e-02, comm_vol 53.687 GB
SIZE 1 GB, REAL_BD 23.403 GB/s, BD/PAIR 23.403 GB/s, time 4.588e+00 s, time/iter 4.588e-02, comm_vol 107.374 GB
[[0, 8], [8, 0]]
SIZE 8 KB, REAL_BD 851.437 MB/s, BD/PAIR 425.718 MB/s, time 1.924e-03 s, time/iter 1.924e-05, comm_vol 1.638 MB
SIZE 16 KB, REAL_BD 1.729 GB/s, BD/PAIR 864.722 MB/s, time 1.895e-03 s, time/iter 1.895e-05, comm_vol 3.277 MB
SIZE 32 KB, REAL_BD 3.222 GB/s, BD/PAIR 1.611 GB/s, time 2.034e-03 s, time/iter 2.034e-05, comm_vol 6.554 MB
SIZE 64 KB, REAL_BD 4.825 GB/s, BD/PAIR 2.413 GB/s, time 2.716e-03 s, time/iter 2.716e-05, comm_vol 13.107 MB
SIZE 128 KB, REAL_BD 8.4 GB/s, BD/PAIR 4.2 GB/s, time 3.121e-03 s, time/iter 3.121e-05, comm_vol 26.214 MB
SIZE 256 KB, REAL_BD 15.275 GB/s, BD/PAIR 7.638 GB/s, time 3.432e-03 s, time/iter 3.432e-05, comm_vol 52.429 MB
SIZE 512 KB, REAL_BD 21.1 GB/s, BD/PAIR 10.55 GB/s, time 4.970e-03 s, time/iter 4.970e-05, comm_vol 104.858 MB
SIZE 1 MB, REAL_BD 26.138 GB/s, BD/PAIR 13.069 GB/s, time 8.024e-03 s, time/iter 8.024e-05, comm_vol 209.715 MB
SIZE 2 MB, REAL_BD 35.113 GB/s, BD/PAIR 17.556 GB/s, time 1.195e-02 s, time/iter 1.195e-04, comm_vol 419.43 MB
SIZE 4 MB, REAL_BD 39.447 GB/s, BD/PAIR 19.723 GB/s, time 2.127e-02 s, time/iter 2.127e-04, comm_vol 838.861 MB
SIZE 8 MB, REAL_BD 42.213 GB/s, BD/PAIR 21.107 GB/s, time 3.974e-02 s, time/iter 3.974e-04, comm_vol 1.678 GB
SIZE 16 MB, REAL_BD 43.712 GB/s, BD/PAIR 21.856 GB/s, time 7.676e-02 s, time/iter 7.676e-04, comm_vol 3.355 GB
SIZE 32 MB, REAL_BD 44.331 GB/s, BD/PAIR 22.165 GB/s, time 1.514e-01 s, time/iter 1.514e-03, comm_vol 6.711 GB
SIZE 64 MB, REAL_BD 44.542 GB/s, BD/PAIR 22.271 GB/s, time 3.013e-01 s, time/iter 3.013e-03, comm_vol 13.422 GB
SIZE 128 MB, REAL_BD 43.839 GB/s, BD/PAIR 21.92 GB/s, time 6.123e-01 s, time/iter 6.123e-03, comm_vol 26.844 GB
SIZE 256 MB, REAL_BD 44.461 GB/s, BD/PAIR 22.23 GB/s, time 1.208e+00 s, time/iter 1.208e-02, comm_vol 53.687 GB
SIZE 512 MB, REAL_BD 44.473 GB/s, BD/PAIR 22.236 GB/s, time 2.414e+00 s, time/iter 2.414e-02, comm_vol 107.374 GB
SIZE 1 GB, REAL_BD 44.503 GB/s, BD/PAIR 22.252 GB/s, time 4.825e+00 s, time/iter 4.825e-02, comm_vol 214.748 GB
[[0, 15], [15, 0]]
SIZE 8 KB, REAL_BD 776.667 MB/s, BD/PAIR 388.333 MB/s, time 2.110e-03 s, time/iter 2.110e-05, comm_vol 1.638 MB
SIZE 16 KB, REAL_BD 1.607 GB/s, BD/PAIR 803.737 MB/s, time 2.038e-03 s, time/iter 2.038e-05, comm_vol 3.277 MB
SIZE 32 KB, REAL_BD 3.031 GB/s, BD/PAIR 1.515 GB/s, time 2.162e-03 s, time/iter 2.162e-05, comm_vol 6.554 MB
SIZE 64 KB, REAL_BD 4.738 GB/s, BD/PAIR 2.369 GB/s, time 2.766e-03 s, time/iter 2.766e-05, comm_vol 13.107 MB
SIZE 128 KB, REAL_BD 8.172 GB/s, BD/PAIR 4.086 GB/s, time 3.208e-03 s, time/iter 3.208e-05, comm_vol 26.214 MB
SIZE 256 KB, REAL_BD 15.08 GB/s, BD/PAIR 7.54 GB/s, time 3.477e-03 s, time/iter 3.477e-05, comm_vol 52.429 MB
SIZE 512 KB, REAL_BD 21.083 GB/s, BD/PAIR 10.541 GB/s, time 4.974e-03 s, time/iter 4.974e-05, comm_vol 104.858 MB
SIZE 1 MB, REAL_BD 26.035 GB/s, BD/PAIR 13.017 GB/s, time 8.055e-03 s, time/iter 8.055e-05, comm_vol 209.715 MB
SIZE 2 MB, REAL_BD 35.355 GB/s, BD/PAIR 17.677 GB/s, time 1.186e-02 s, time/iter 1.186e-04, comm_vol 419.43 MB
SIZE 4 MB, REAL_BD 39.402 GB/s, BD/PAIR 19.701 GB/s, time 2.129e-02 s, time/iter 2.129e-04, comm_vol 838.861 MB
SIZE 8 MB, REAL_BD 41.697 GB/s, BD/PAIR 20.848 GB/s, time 4.024e-02 s, time/iter 4.024e-04, comm_vol 1.678 GB
SIZE 16 MB, REAL_BD 41.264 GB/s, BD/PAIR 20.632 GB/s, time 8.132e-02 s, time/iter 8.132e-04, comm_vol 3.355 GB
SIZE 32 MB, REAL_BD 41.076 GB/s, BD/PAIR 20.538 GB/s, time 1.634e-01 s, time/iter 1.634e-03, comm_vol 6.711 GB
SIZE 64 MB, REAL_BD 41.927 GB/s, BD/PAIR 20.963 GB/s, time 3.201e-01 s, time/iter 3.201e-03, comm_vol 13.422 GB
SIZE 128 MB, REAL_BD 41.873 GB/s, BD/PAIR 20.936 GB/s, time 6.411e-01 s, time/iter 6.411e-03, comm_vol 26.844 GB
SIZE 256 MB, REAL_BD 42.794 GB/s, BD/PAIR 21.397 GB/s, time 1.255e+00 s, time/iter 1.255e-02, comm_vol 53.687 GB
SIZE 512 MB, REAL_BD 42.996 GB/s, BD/PAIR 21.498 GB/s, time 2.497e+00 s, time/iter 2.497e-02, comm_vol 107.374 GB
SIZE 1 GB, REAL_BD 43.445 GB/s, BD/PAIR 21.723 GB/s, time 4.943e+00 s, time/iter 4.943e-02, comm_vol 214.748 GB
[[0, 8], [0, 15]]
SIZE 8 KB, REAL_BD 514.021 MB/s, BD/PAIR 257.011 MB/s, time 3.187e-03 s, time/iter 3.187e-05, comm_vol 1.638 MB
SIZE 16 KB, REAL_BD 1.013 GB/s, BD/PAIR 506.295 MB/s, time 3.236e-03 s, time/iter 3.236e-05, comm_vol 3.277 MB
SIZE 32 KB, REAL_BD 1.908 GB/s, BD/PAIR 953.973 MB/s, time 3.435e-03 s, time/iter 3.435e-05, comm_vol 6.554 MB
SIZE 64 KB, REAL_BD 2.973 GB/s, BD/PAIR 1.487 GB/s, time 4.409e-03 s, time/iter 4.409e-05, comm_vol 13.107 MB
SIZE 128 KB, REAL_BD 5.316 GB/s, BD/PAIR 2.658 GB/s, time 4.932e-03 s, time/iter 4.932e-05, comm_vol 26.214 MB
SIZE 256 KB, REAL_BD 9.547 GB/s, BD/PAIR 4.774 GB/s, time 5.491e-03 s, time/iter 5.491e-05, comm_vol 52.429 MB
SIZE 512 KB, REAL_BD 13.205 GB/s, BD/PAIR 6.602 GB/s, time 7.941e-03 s, time/iter 7.941e-05, comm_vol 104.858 MB
SIZE 1 MB, REAL_BD 16.374 GB/s, BD/PAIR 8.187 GB/s, time 1.281e-02 s, time/iter 1.281e-04, comm_vol 209.715 MB
SIZE 2 MB, REAL_BD 24.107 GB/s, BD/PAIR 12.053 GB/s, time 1.740e-02 s, time/iter 1.740e-04, comm_vol 419.43 MB
SIZE 4 MB, REAL_BD 23.768 GB/s, BD/PAIR 11.884 GB/s, time 3.529e-02 s, time/iter 3.529e-04, comm_vol 838.861 MB
SIZE 8 MB, REAL_BD 23.707 GB/s, BD/PAIR 11.854 GB/s, time 7.077e-02 s, time/iter 7.077e-04, comm_vol 1.678 GB
SIZE 16 MB, REAL_BD 23.606 GB/s, BD/PAIR 11.803 GB/s, time 1.421e-01 s, time/iter 1.421e-03, comm_vol 3.355 GB
SIZE 32 MB, REAL_BD 23.602 GB/s, BD/PAIR 11.801 GB/s, time 2.843e-01 s, time/iter 2.843e-03, comm_vol 6.711 GB
SIZE 64 MB, REAL_BD 23.582 GB/s, BD/PAIR 11.791 GB/s, time 5.692e-01 s, time/iter 5.692e-03, comm_vol 13.422 GB
SIZE 128 MB, REAL_BD 23.565 GB/s, BD/PAIR 11.782 GB/s, time 1.139e+00 s, time/iter 1.139e-02, comm_vol 26.844 GB
SIZE 256 MB, REAL_BD 23.556 GB/s, BD/PAIR 11.778 GB/s, time 2.279e+00 s, time/iter 2.279e-02, comm_vol 53.687 GB
SIZE 512 MB, REAL_BD 23.539 GB/s, BD/PAIR 11.77 GB/s, time 4.562e+00 s, time/iter 4.562e-02, comm_vol 107.374 GB
SIZE 1 GB, REAL_BD 23.487 GB/s, BD/PAIR 11.744 GB/s, time 9.143e+00 s, time/iter 9.143e-02, comm_vol 214.748 GB
[[0, 8], [0, 15], [8, 0], [15, 0]]
SIZE 8 KB, REAL_BD 911.157 MB/s, BD/PAIR 227.789 MB/s, time 3.596e-03 s, time/iter 3.596e-05, comm_vol 3.277 MB
SIZE 16 KB, REAL_BD 1.799 GB/s, BD/PAIR 449.764 MB/s, time 3.643e-03 s, time/iter 3.643e-05, comm_vol 6.554 MB
SIZE 32 KB, REAL_BD 3.439 GB/s, BD/PAIR 859.638 MB/s, time 3.812e-03 s, time/iter 3.812e-05, comm_vol 13.107 MB
SIZE 64 KB, REAL_BD 5.435 GB/s, BD/PAIR 1.359 GB/s, time 4.823e-03 s, time/iter 4.823e-05, comm_vol 26.214 MB
SIZE 128 KB, REAL_BD 9.879 GB/s, BD/PAIR 2.47 GB/s, time 5.307e-03 s, time/iter 5.307e-05, comm_vol 52.429 MB
SIZE 256 KB, REAL_BD 18.387 GB/s, BD/PAIR 4.597 GB/s, time 5.703e-03 s, time/iter 5.703e-05, comm_vol 104.858 MB
SIZE 512 KB, REAL_BD 26.369 GB/s, BD/PAIR 6.592 GB/s, time 7.953e-03 s, time/iter 7.953e-05, comm_vol 209.715 MB
SIZE 1 MB, REAL_BD 31.918 GB/s, BD/PAIR 7.98 GB/s, time 1.314e-02 s, time/iter 1.314e-04, comm_vol 419.43 MB
SIZE 2 MB, REAL_BD 41.915 GB/s, BD/PAIR 10.479 GB/s, time 2.001e-02 s, time/iter 2.001e-04, comm_vol 838.861 MB
SIZE 4 MB, REAL_BD 39.917 GB/s, BD/PAIR 9.979 GB/s, time 4.203e-02 s, time/iter 4.203e-04, comm_vol 1.678 GB
SIZE 8 MB, REAL_BD 41.703 GB/s, BD/PAIR 10.426 GB/s, time 8.046e-02 s, time/iter 8.046e-04, comm_vol 3.355 GB
SIZE 16 MB, REAL_BD 43.484 GB/s, BD/PAIR 10.871 GB/s, time 1.543e-01 s, time/iter 1.543e-03, comm_vol 6.711 GB
SIZE 32 MB, REAL_BD 44.119 GB/s, BD/PAIR 11.03 GB/s, time 3.042e-01 s, time/iter 3.042e-03, comm_vol 13.422 GB
SIZE 64 MB, REAL_BD 43.763 GB/s, BD/PAIR 10.941 GB/s, time 6.134e-01 s, time/iter 6.134e-03, comm_vol 26.844 GB
SIZE 128 MB, REAL_BD 43.803 GB/s, BD/PAIR 10.951 GB/s, time 1.226e+00 s, time/iter 1.226e-02, comm_vol 53.687 GB
SIZE 256 MB, REAL_BD 43.616 GB/s, BD/PAIR 10.904 GB/s, time 2.462e+00 s, time/iter 2.462e-02, comm_vol 107.374 GB
SIZE 512 MB, REAL_BD 43.383 GB/s, BD/PAIR 10.846 GB/s, time 4.950e+00 s, time/iter 4.950e-02, comm_vol 214.748 GB
SIZE 1 GB, REAL_BD 43.68 GB/s, BD/PAIR 10.92 GB/s, time 9.833e+00 s, time/iter 9.833e-02, comm_vol 429.497 GB
[[7, 8], [15, 0]]
NCCL version 2.21.5+cuda12.4
SIZE 8 KB, REAL_BD 880.567 MB/s, BD/PAIR 440.284 MB/s, time 1.861e-03 s, time/iter 1.861e-05, comm_vol 1.638 MB
SIZE 16 KB, REAL_BD 1.612 GB/s, BD/PAIR 805.999 MB/s, time 2.033e-03 s, time/iter 2.033e-05, comm_vol 3.277 MB
SIZE 32 KB, REAL_BD 3.324 GB/s, BD/PAIR 1.662 GB/s, time 1.971e-03 s, time/iter 1.971e-05, comm_vol 6.554 MB
SIZE 64 KB, REAL_BD 5.039 GB/s, BD/PAIR 2.52 GB/s, time 2.601e-03 s, time/iter 2.601e-05, comm_vol 13.107 MB
SIZE 128 KB, REAL_BD 8.77 GB/s, BD/PAIR 4.385 GB/s, time 2.989e-03 s, time/iter 2.989e-05, comm_vol 26.214 MB
SIZE 256 KB, REAL_BD 16.247 GB/s, BD/PAIR 8.123 GB/s, time 3.227e-03 s, time/iter 3.227e-05, comm_vol 52.429 MB
SIZE 512 KB, REAL_BD 22.213 GB/s, BD/PAIR 11.107 GB/s, time 4.720e-03 s, time/iter 4.720e-05, comm_vol 104.858 MB
SIZE 1 MB, REAL_BD 27.775 GB/s, BD/PAIR 13.888 GB/s, time 7.550e-03 s, time/iter 7.550e-05, comm_vol 209.715 MB
SIZE 2 MB, REAL_BD 39.14 GB/s, BD/PAIR 19.57 GB/s, time 1.072e-02 s, time/iter 1.072e-04, comm_vol 419.43 MB
SIZE 4 MB, REAL_BD 42.259 GB/s, BD/PAIR 21.129 GB/s, time 1.985e-02 s, time/iter 1.985e-04, comm_vol 838.861 MB
SIZE 8 MB, REAL_BD 44.778 GB/s, BD/PAIR 22.389 GB/s, time 3.747e-02 s, time/iter 3.747e-04, comm_vol 1.678 GB
SIZE 16 MB, REAL_BD 45.916 GB/s, BD/PAIR 22.958 GB/s, time 7.308e-02 s, time/iter 7.308e-04, comm_vol 3.355 GB
SIZE 32 MB, REAL_BD 46.609 GB/s, BD/PAIR 23.304 GB/s, time 1.440e-01 s, time/iter 1.440e-03, comm_vol 6.711 GB
SIZE 64 MB, REAL_BD 46.862 GB/s, BD/PAIR 23.431 GB/s, time 2.864e-01 s, time/iter 2.864e-03, comm_vol 13.422 GB
SIZE 128 MB, REAL_BD 46.956 GB/s, BD/PAIR 23.478 GB/s, time 5.717e-01 s, time/iter 5.717e-03, comm_vol 26.844 GB
SIZE 256 MB, REAL_BD 46.527 GB/s, BD/PAIR 23.263 GB/s, time 1.154e+00 s, time/iter 1.154e-02, comm_vol 53.687 GB
SIZE 512 MB, REAL_BD 46.781 GB/s, BD/PAIR 23.391 GB/s, time 2.295e+00 s, time/iter 2.295e-02, comm_vol 107.374 GB
SIZE 1 GB, REAL_BD 46.859 GB/s, BD/PAIR 23.43 GB/s, time 4.583e+00 s, time/iter 4.583e-02, comm_vol 214.748 GB
[[0, 8], [2, 10]]
NCCL version 2.21.5+cuda12.4
SIZE 8 KB, REAL_BD 831.754 MB/s, BD/PAIR 415.877 MB/s, time 1.970e-03 s, time/iter 1.970e-05, comm_vol 1.638 MB
SIZE 16 KB, REAL_BD 1.715 GB/s, BD/PAIR 857.6 MB/s, time 1.910e-03 s, time/iter 1.910e-05, comm_vol 3.277 MB
SIZE 32 KB, REAL_BD 3.296 GB/s, BD/PAIR 1.648 GB/s, time 1.989e-03 s, time/iter 1.989e-05, comm_vol 6.554 MB
SIZE 64 KB, REAL_BD 5.05 GB/s, BD/PAIR 2.525 GB/s, time 2.596e-03 s, time/iter 2.596e-05, comm_vol 13.107 MB
SIZE 128 KB, REAL_BD 8.739 GB/s, BD/PAIR 4.37 GB/s, time 3.000e-03 s, time/iter 3.000e-05, comm_vol 26.214 MB
SIZE 256 KB, REAL_BD 15.911 GB/s, BD/PAIR 7.955 GB/s, time 3.295e-03 s, time/iter 3.295e-05, comm_vol 52.429 MB
SIZE 512 KB, REAL_BD 21.996 GB/s, BD/PAIR 10.998 GB/s, time 4.767e-03 s, time/iter 4.767e-05, comm_vol 104.858 MB
SIZE 1 MB, REAL_BD 27.374 GB/s, BD/PAIR 13.687 GB/s, time 7.661e-03 s, time/iter 7.661e-05, comm_vol 209.715 MB
SIZE 2 MB, REAL_BD 39.353 GB/s, BD/PAIR 19.676 GB/s, time 1.066e-02 s, time/iter 1.066e-04, comm_vol 419.43 MB
SIZE 4 MB, REAL_BD 42.464 GB/s, BD/PAIR 21.232 GB/s, time 1.975e-02 s, time/iter 1.975e-04, comm_vol 838.861 MB
SIZE 8 MB, REAL_BD 44.956 GB/s, BD/PAIR 22.478 GB/s, time 3.732e-02 s, time/iter 3.732e-04, comm_vol 1.678 GB
SIZE 16 MB, REAL_BD 45.945 GB/s, BD/PAIR 22.973 GB/s, time 7.303e-02 s, time/iter 7.303e-04, comm_vol 3.355 GB
SIZE 32 MB, REAL_BD 46.524 GB/s, BD/PAIR 23.262 GB/s, time 1.442e-01 s, time/iter 1.442e-03, comm_vol 6.711 GB
SIZE 64 MB, REAL_BD 46.76 GB/s, BD/PAIR 23.38 GB/s, time 2.870e-01 s, time/iter 2.870e-03, comm_vol 13.422 GB
SIZE 128 MB, REAL_BD 46.811 GB/s, BD/PAIR 23.405 GB/s, time 5.734e-01 s, time/iter 5.734e-03, comm_vol 26.844 GB
SIZE 256 MB, REAL_BD 46.906 GB/s, BD/PAIR 23.453 GB/s, time 1.145e+00 s, time/iter 1.145e-02, comm_vol 53.687 GB
SIZE 512 MB, REAL_BD 46.733 GB/s, BD/PAIR 23.366 GB/s, time 2.298e+00 s, time/iter 2.298e-02, comm_vol 107.374 GB
SIZE 1 GB, REAL_BD 46.83 GB/s, BD/PAIR 23.415 GB/s, time 4.586e+00 s, time/iter 4.586e-02, comm_vol 214.748 GB
[[0, 8], [8, 0], [2, 10], [10, 2]]
SIZE 8 KB, REAL_BD 1.565 GB/s, BD/PAIR 391.207 MB/s, time 2.094e-03 s, time/iter 2.094e-05, comm_vol 3.277 MB
SIZE 16 KB, REAL_BD 3.411 GB/s, BD/PAIR 852.811 MB/s, time 1.921e-03 s, time/iter 1.921e-05, comm_vol 6.554 MB
SIZE 32 KB, REAL_BD 6.381 GB/s, BD/PAIR 1.595 GB/s, time 2.054e-03 s, time/iter 2.054e-05, comm_vol 13.107 MB
SIZE 64 KB, REAL_BD 9.953 GB/s, BD/PAIR 2.488 GB/s, time 2.634e-03 s, time/iter 2.634e-05, comm_vol 26.214 MB
SIZE 128 KB, REAL_BD 17.148 GB/s, BD/PAIR 4.287 GB/s, time 3.057e-03 s, time/iter 3.057e-05, comm_vol 52.429 MB
SIZE 256 KB, REAL_BD 30.035 GB/s, BD/PAIR 7.509 GB/s, time 3.491e-03 s, time/iter 3.491e-05, comm_vol 104.858 MB
SIZE 512 KB, REAL_BD 38.904 GB/s, BD/PAIR 9.726 GB/s, time 5.391e-03 s, time/iter 5.391e-05, comm_vol 209.715 MB
SIZE 1 MB, REAL_BD 52.002 GB/s, BD/PAIR 13.0 GB/s, time 8.066e-03 s, time/iter 8.066e-05, comm_vol 419.43 MB
SIZE 2 MB, REAL_BD 70.102 GB/s, BD/PAIR 17.526 GB/s, time 1.197e-02 s, time/iter 1.197e-04, comm_vol 838.861 MB
SIZE 4 MB, REAL_BD 77.594 GB/s, BD/PAIR 19.399 GB/s, time 2.162e-02 s, time/iter 2.162e-04, comm_vol 1.678 GB
SIZE 8 MB, REAL_BD 81.909 GB/s, BD/PAIR 20.477 GB/s, time 4.097e-02 s, time/iter 4.097e-04, comm_vol 3.355 GB
SIZE 16 MB, REAL_BD 86.799 GB/s, BD/PAIR 21.7 GB/s, time 7.732e-02 s, time/iter 7.732e-04, comm_vol 6.711 GB
SIZE 32 MB, REAL_BD 87.897 GB/s, BD/PAIR 21.974 GB/s, time 1.527e-01 s, time/iter 1.527e-03, comm_vol 13.422 GB
SIZE 64 MB, REAL_BD 88.513 GB/s, BD/PAIR 22.128 GB/s, time 3.033e-01 s, time/iter 3.033e-03, comm_vol 26.844 GB
SIZE 128 MB, REAL_BD 88.432 GB/s, BD/PAIR 22.108 GB/s, time 6.071e-01 s, time/iter 6.071e-03, comm_vol 53.687 GB
SIZE 256 MB, REAL_BD 88.4 GB/s, BD/PAIR 22.1 GB/s, time 1.215e+00 s, time/iter 1.215e-02, comm_vol 107.374 GB
SIZE 512 MB, REAL_BD 88.73 GB/s, BD/PAIR 22.183 GB/s, time 2.420e+00 s, time/iter 2.420e-02, comm_vol 214.748 GB
SIZE 1 GB, REAL_BD 89.055 GB/s, BD/PAIR 22.264 GB/s, time 4.823e+00 s, time/iter 4.823e-02, comm_vol 429.497 GB
[[0, 8], [4, 12]]
NCCL version 2.21.5+cuda12.4
SIZE 8 KB, REAL_BD 794.72 MB/s, BD/PAIR 397.36 MB/s, time 2.062e-03 s, time/iter 2.062e-05, comm_vol 1.638 MB
SIZE 16 KB, REAL_BD 1.502 GB/s, BD/PAIR 751.033 MB/s, time 2.182e-03 s, time/iter 2.182e-05, comm_vol 3.277 MB
SIZE 32 KB, REAL_BD 3.004 GB/s, BD/PAIR 1.502 GB/s, time 2.181e-03 s, time/iter 2.181e-05, comm_vol 6.554 MB
SIZE 64 KB, REAL_BD 4.58 GB/s, BD/PAIR 2.29 GB/s, time 2.862e-03 s, time/iter 2.862e-05, comm_vol 13.107 MB
SIZE 128 KB, REAL_BD 8.05 GB/s, BD/PAIR 4.025 GB/s, time 3.257e-03 s, time/iter 3.257e-05, comm_vol 26.214 MB
SIZE 256 KB, REAL_BD 15.413 GB/s, BD/PAIR 7.707 GB/s, time 3.402e-03 s, time/iter 3.402e-05, comm_vol 52.429 MB
SIZE 512 KB, REAL_BD 21.235 GB/s, BD/PAIR 10.618 GB/s, time 4.938e-03 s, time/iter 4.938e-05, comm_vol 104.858 MB
SIZE 1 MB, REAL_BD 27.147 GB/s, BD/PAIR 13.573 GB/s, time 7.725e-03 s, time/iter 7.725e-05, comm_vol 209.715 MB
SIZE 2 MB, REAL_BD 38.679 GB/s, BD/PAIR 19.339 GB/s, time 1.084e-02 s, time/iter 1.084e-04, comm_vol 419.43 MB
SIZE 4 MB, REAL_BD 42.494 GB/s, BD/PAIR 21.247 GB/s, time 1.974e-02 s, time/iter 1.974e-04, comm_vol 838.861 MB
SIZE 8 MB, REAL_BD 44.687 GB/s, BD/PAIR 22.343 GB/s, time 3.754e-02 s, time/iter 3.754e-04, comm_vol 1.678 GB
SIZE 16 MB, REAL_BD 45.275 GB/s, BD/PAIR 22.637 GB/s, time 7.411e-02 s, time/iter 7.411e-04, comm_vol 3.355 GB
SIZE 32 MB, REAL_BD 46.382 GB/s, BD/PAIR 23.191 GB/s, time 1.447e-01 s, time/iter 1.447e-03, comm_vol 6.711 GB
SIZE 64 MB, REAL_BD 46.403 GB/s, BD/PAIR 23.202 GB/s, time 2.892e-01 s, time/iter 2.892e-03, comm_vol 13.422 GB
SIZE 128 MB, REAL_BD 46.852 GB/s, BD/PAIR 23.426 GB/s, time 5.729e-01 s, time/iter 5.729e-03, comm_vol 26.844 GB
SIZE 256 MB, REAL_BD 46.621 GB/s, BD/PAIR 23.311 GB/s, time 1.152e+00 s, time/iter 1.152e-02, comm_vol 53.687 GB
SIZE 512 MB, REAL_BD 46.557 GB/s, BD/PAIR 23.278 GB/s, time 2.306e+00 s, time/iter 2.306e-02, comm_vol 107.374 GB
SIZE 1 GB, REAL_BD 46.653 GB/s, BD/PAIR 23.326 GB/s, time 4.603e+00 s, time/iter 4.603e-02, comm_vol 214.748 GB
[[0, 8], [8, 0], [4, 12], [12, 4]]
SIZE 8 KB, REAL_BD 1.616 GB/s, BD/PAIR 403.995 MB/s, time 2.028e-03 s, time/iter 2.028e-05, comm_vol 3.277 MB
SIZE 16 KB, REAL_BD 3.107 GB/s, BD/PAIR 776.842 MB/s, time 2.109e-03 s, time/iter 2.109e-05, comm_vol 6.554 MB
SIZE 32 KB, REAL_BD 6.005 GB/s, BD/PAIR 1.501 GB/s, time 2.183e-03 s, time/iter 2.183e-05, comm_vol 13.107 MB
SIZE 64 KB, REAL_BD 9.284 GB/s, BD/PAIR 2.321 GB/s, time 2.824e-03 s, time/iter 2.824e-05, comm_vol 26.214 MB
SIZE 128 KB, REAL_BD 15.826 GB/s, BD/PAIR 3.957 GB/s, time 3.313e-03 s, time/iter 3.313e-05, comm_vol 52.429 MB
SIZE 256 KB, REAL_BD 28.813 GB/s, BD/PAIR 7.203 GB/s, time 3.639e-03 s, time/iter 3.639e-05, comm_vol 104.858 MB
SIZE 512 KB, REAL_BD 38.634 GB/s, BD/PAIR 9.658 GB/s, time 5.428e-03 s, time/iter 5.428e-05, comm_vol 209.715 MB
SIZE 1 MB, REAL_BD 50.493 GB/s, BD/PAIR 12.623 GB/s, time 8.307e-03 s, time/iter 8.307e-05, comm_vol 419.43 MB
SIZE 2 MB, REAL_BD 69.478 GB/s, BD/PAIR 17.37 GB/s, time 1.207e-02 s, time/iter 1.207e-04, comm_vol 838.861 MB
SIZE 4 MB, REAL_BD 77.285 GB/s, BD/PAIR 19.321 GB/s, time 2.171e-02 s, time/iter 2.171e-04, comm_vol 1.678 GB
SIZE 8 MB, REAL_BD 81.592 GB/s, BD/PAIR 20.398 GB/s, time 4.112e-02 s, time/iter 4.112e-04, comm_vol 3.355 GB
SIZE 16 MB, REAL_BD 85.136 GB/s, BD/PAIR 21.284 GB/s, time 7.883e-02 s, time/iter 7.883e-04, comm_vol 6.711 GB
SIZE 32 MB, REAL_BD 86.503 GB/s, BD/PAIR 21.626 GB/s, time 1.552e-01 s, time/iter 1.552e-03, comm_vol 13.422 GB
SIZE 64 MB, REAL_BD 87.034 GB/s, BD/PAIR 21.758 GB/s, time 3.084e-01 s, time/iter 3.084e-03, comm_vol 26.844 GB
SIZE 128 MB, REAL_BD 87.433 GB/s, BD/PAIR 21.858 GB/s, time 6.140e-01 s, time/iter 6.140e-03, comm_vol 53.687 GB
SIZE 256 MB, REAL_BD 87.079 GB/s, BD/PAIR 21.77 GB/s, time 1.233e+00 s, time/iter 1.233e-02, comm_vol 107.374 GB
SIZE 512 MB, REAL_BD 87.54 GB/s, BD/PAIR 21.885 GB/s, time 2.453e+00 s, time/iter 2.453e-02, comm_vol 214.748 GB
SIZE 1 GB, REAL_BD 87.73 GB/s, BD/PAIR 21.933 GB/s, time 4.896e+00 s, time/iter 4.896e-02, comm_vol 429.497 GB
[[0, 8], [2, 10], [4, 12], [6, 14]]
NCCL version 2.21.5+cuda12.4
SIZE 8 KB, REAL_BD 1.524 GB/s, BD/PAIR 380.971 MB/s, time 2.150e-03 s, time/iter 2.150e-05, comm_vol 3.277 MB
SIZE 16 KB, REAL_BD 3.119 GB/s, BD/PAIR 779.663 MB/s, time 2.101e-03 s, time/iter 2.101e-05, comm_vol 6.554 MB
SIZE 32 KB, REAL_BD 5.915 GB/s, BD/PAIR 1.479 GB/s, time 2.216e-03 s, time/iter 2.216e-05, comm_vol 13.107 MB
SIZE 64 KB, REAL_BD 9.069 GB/s, BD/PAIR 2.267 GB/s, time 2.891e-03 s, time/iter 2.891e-05, comm_vol 26.214 MB
SIZE 128 KB, REAL_BD 15.971 GB/s, BD/PAIR 3.993 GB/s, time 3.283e-03 s, time/iter 3.283e-05, comm_vol 52.429 MB
SIZE 256 KB, REAL_BD 31.051 GB/s, BD/PAIR 7.763 GB/s, time 3.377e-03 s, time/iter 3.377e-05, comm_vol 104.858 MB
SIZE 512 KB, REAL_BD 41.684 GB/s, BD/PAIR 10.421 GB/s, time 5.031e-03 s, time/iter 5.031e-05, comm_vol 209.715 MB
SIZE 1 MB, REAL_BD 54.057 GB/s, BD/PAIR 13.514 GB/s, time 7.759e-03 s, time/iter 7.759e-05, comm_vol 419.43 MB
SIZE 2 MB, REAL_BD 77.305 GB/s, BD/PAIR 19.326 GB/s, time 1.085e-02 s, time/iter 1.085e-04, comm_vol 838.861 MB
SIZE 4 MB, REAL_BD 84.725 GB/s, BD/PAIR 21.181 GB/s, time 1.980e-02 s, time/iter 1.980e-04, comm_vol 1.678 GB
SIZE 8 MB, REAL_BD 89.274 GB/s, BD/PAIR 22.319 GB/s, time 3.759e-02 s, time/iter 3.759e-04, comm_vol 3.355 GB
SIZE 16 MB, REAL_BD 91.159 GB/s, BD/PAIR 22.79 GB/s, time 7.362e-02 s, time/iter 7.362e-04, comm_vol 6.711 GB
SIZE 32 MB, REAL_BD 92.875 GB/s, BD/PAIR 23.219 GB/s, time 1.445e-01 s, time/iter 1.445e-03, comm_vol 13.422 GB
SIZE 64 MB, REAL_BD 93.451 GB/s, BD/PAIR 23.363 GB/s, time 2.872e-01 s, time/iter 2.872e-03, comm_vol 26.844 GB
SIZE 128 MB, REAL_BD 93.748 GB/s, BD/PAIR 23.437 GB/s, time 5.727e-01 s, time/iter 5.727e-03, comm_vol 53.687 GB
SIZE 256 MB, REAL_BD 93.484 GB/s, BD/PAIR 23.371 GB/s, time 1.149e+00 s, time/iter 1.149e-02, comm_vol 107.374 GB
SIZE 512 MB, REAL_BD 93.217 GB/s, BD/PAIR 23.304 GB/s, time 2.304e+00 s, time/iter 2.304e-02, comm_vol 214.748 GB
SIZE 1 GB, REAL_BD 93.177 GB/s, BD/PAIR 23.294 GB/s, time 4.609e+00 s, time/iter 4.609e-02, comm_vol 429.497 GB
[[0, 8], [8, 0], [2, 10], [10, 2], [4, 12], [12, 4], [6, 14], [14, 6]]
SIZE 8 KB, REAL_BD 3.072 GB/s, BD/PAIR 383.993 MB/s, time 2.133e-03 s, time/iter 2.133e-05, comm_vol 6.554 MB
SIZE 16 KB, REAL_BD 6.145 GB/s, BD/PAIR 768.159 MB/s, time 2.133e-03 s, time/iter 2.133e-05, comm_vol 13.107 MB
SIZE 32 KB, REAL_BD 11.844 GB/s, BD/PAIR 1.481 GB/s, time 2.213e-03 s, time/iter 2.213e-05, comm_vol 26.214 MB
SIZE 64 KB, REAL_BD 16.905 GB/s, BD/PAIR 2.113 GB/s, time 3.101e-03 s, time/iter 3.101e-05, comm_vol 52.429 MB
SIZE 128 KB, REAL_BD 31.439 GB/s, BD/PAIR 3.93 GB/s, time 3.335e-03 s, time/iter 3.335e-05, comm_vol 104.858 MB
SIZE 256 KB, REAL_BD 56.295 GB/s, BD/PAIR 7.037 GB/s, time 3.725e-03 s, time/iter 3.725e-05, comm_vol 209.715 MB
SIZE 512 KB, REAL_BD 77.159 GB/s, BD/PAIR 9.645 GB/s, time 5.436e-03 s, time/iter 5.436e-05, comm_vol 419.43 MB
SIZE 1 MB, REAL_BD 99.366 GB/s, BD/PAIR 12.421 GB/s, time 8.442e-03 s, time/iter 8.442e-05, comm_vol 838.861 MB
SIZE 2 MB, REAL_BD 137.377 GB/s, BD/PAIR 17.172 GB/s, time 1.221e-02 s, time/iter 1.221e-04, comm_vol 1.678 GB
SIZE 4 MB, REAL_BD 152.851 GB/s, BD/PAIR 19.106 GB/s, time 2.195e-02 s, time/iter 2.195e-04, comm_vol 3.355 GB
SIZE 8 MB, REAL_BD 163.883 GB/s, BD/PAIR 20.485 GB/s, time 4.095e-02 s, time/iter 4.095e-04, comm_vol 6.711 GB
SIZE 16 MB, REAL_BD 169.494 GB/s, BD/PAIR 21.187 GB/s, time 7.919e-02 s, time/iter 7.919e-04, comm_vol 13.422 GB
SIZE 32 MB, REAL_BD 171.429 GB/s, BD/PAIR 21.429 GB/s, time 1.566e-01 s, time/iter 1.566e-03, comm_vol 26.844 GB
SIZE 64 MB, REAL_BD 173.002 GB/s, BD/PAIR 21.625 GB/s, time 3.103e-01 s, time/iter 3.103e-03, comm_vol 53.687 GB
SIZE 128 MB, REAL_BD 173.933 GB/s, BD/PAIR 21.742 GB/s, time 6.173e-01 s, time/iter 6.173e-03, comm_vol 107.374 GB
SIZE 256 MB, REAL_BD 173.719 GB/s, BD/PAIR 21.715 GB/s, time 1.236e+00 s, time/iter 1.236e-02, comm_vol 214.748 GB
SIZE 512 MB, REAL_BD 174.451 GB/s, BD/PAIR 21.806 GB/s, time 2.462e+00 s, time/iter 2.462e-02, comm_vol 429.497 GB
SIZE 1 GB, REAL_BD 174.982 GB/s, BD/PAIR 21.873 GB/s, time 4.909e+00 s, time/iter 4.909e-02, comm_vol 858.993 GB
[[0, 8], [1, 9], [2, 10], [3, 11], [4, 12], [5, 13], [6, 14], [7, 15]]
NCCL version 2.21.5+cuda12.4
NCCL version 2.21.5+cuda12.4
NCCL version 2.21.5+cuda12.4
SIZE 8 KB, REAL_BD 3.155 GB/s, BD/PAIR 394.396 MB/s, time 2.077e-03 s, time/iter 2.077e-05, comm_vol 6.554 MB
SIZE 16 KB, REAL_BD 6.149 GB/s, BD/PAIR 768.674 MB/s, time 2.131e-03 s, time/iter 2.131e-05, comm_vol 13.107 MB
SIZE 32 KB, REAL_BD 12.003 GB/s, BD/PAIR 1.5 GB/s, time 2.184e-03 s, time/iter 2.184e-05, comm_vol 26.214 MB
SIZE 64 KB, REAL_BD 18.245 GB/s, BD/PAIR 2.281 GB/s, time 2.874e-03 s, time/iter 2.874e-05, comm_vol 52.429 MB
SIZE 128 KB, REAL_BD 32.093 GB/s, BD/PAIR 4.012 GB/s, time 3.267e-03 s, time/iter 3.267e-05, comm_vol 104.858 MB
SIZE 256 KB, REAL_BD 59.903 GB/s, BD/PAIR 7.488 GB/s, time 3.501e-03 s, time/iter 3.501e-05, comm_vol 209.715 MB
SIZE 512 KB, REAL_BD 82.507 GB/s, BD/PAIR 10.313 GB/s, time 5.084e-03 s, time/iter 5.084e-05, comm_vol 419.43 MB
SIZE 1 MB, REAL_BD 104.133 GB/s, BD/PAIR 13.017 GB/s, time 8.056e-03 s, time/iter 8.056e-05, comm_vol 838.861 MB
SIZE 2 MB, REAL_BD 153.536 GB/s, BD/PAIR 19.192 GB/s, time 1.093e-02 s, time/iter 1.093e-04, comm_vol 1.678 GB
SIZE 4 MB, REAL_BD 167.575 GB/s, BD/PAIR 20.947 GB/s, time 2.002e-02 s, time/iter 2.002e-04, comm_vol 3.355 GB
SIZE 8 MB, REAL_BD 176.996 GB/s, BD/PAIR 22.125 GB/s, time 3.792e-02 s, time/iter 3.792e-04, comm_vol 6.711 GB
SIZE 16 MB, REAL_BD 182.777 GB/s, BD/PAIR 22.847 GB/s, time 7.343e-02 s, time/iter 7.343e-04, comm_vol 13.422 GB
SIZE 32 MB, REAL_BD 184.367 GB/s, BD/PAIR 23.046 GB/s, time 1.456e-01 s, time/iter 1.456e-03, comm_vol 26.844 GB
SIZE 64 MB, REAL_BD 186.25 GB/s, BD/PAIR 23.281 GB/s, time 2.883e-01 s, time/iter 2.883e-03, comm_vol 53.687 GB
SIZE 128 MB, REAL_BD 186.038 GB/s, BD/PAIR 23.255 GB/s, time 5.772e-01 s, time/iter 5.772e-03, comm_vol 107.374 GB
SIZE 256 MB, REAL_BD 186.52 GB/s, BD/PAIR 23.315 GB/s, time 1.151e+00 s, time/iter 1.151e-02, comm_vol 214.748 GB
SIZE 512 MB, REAL_BD 185.737 GB/s, BD/PAIR 23.217 GB/s, time 2.312e+00 s, time/iter 2.312e-02, comm_vol 429.497 GB
SIZE 1 GB, REAL_BD 186.335 GB/s, BD/PAIR 23.292 GB/s, time 4.610e+00 s, time/iter 4.610e-02, comm_vol 858.993 GB
[[0, 8], [1, 9], [2, 10], [3, 11], [4, 12], [5, 13], [6, 14], [7, 15], [8, 0], [9, 1], [10, 2], [11, 3], [12, 4], [13, 5], [14, 6], [15, 7]]
SIZE 8 KB, REAL_BD 4.543 GB/s, BD/PAIR 283.965 MB/s, time 2.885e-03 s, time/iter 2.885e-05, comm_vol 13.107 MB
SIZE 16 KB, REAL_BD 9.004 GB/s, BD/PAIR 562.767 MB/s, time 2.911e-03 s, time/iter 2.911e-05, comm_vol 26.214 MB
SIZE 32 KB, REAL_BD 23.83 GB/s, BD/PAIR 1.489 GB/s, time 2.200e-03 s, time/iter 2.200e-05, comm_vol 52.429 MB
SIZE 64 KB, REAL_BD 30.822 GB/s, BD/PAIR 1.926 GB/s, time 3.402e-03 s, time/iter 3.402e-05, comm_vol 104.858 MB
SIZE 128 KB, REAL_BD 62.735 GB/s, BD/PAIR 3.921 GB/s, time 3.343e-03 s, time/iter 3.343e-05, comm_vol 209.715 MB
SIZE 256 KB, REAL_BD 113.52 GB/s, BD/PAIR 7.095 GB/s, time 3.695e-03 s, time/iter 3.695e-05, comm_vol 419.43 MB
SIZE 512 KB, REAL_BD 155.134 GB/s, BD/PAIR 9.696 GB/s, time 5.407e-03 s, time/iter 5.407e-05, comm_vol 838.861 MB
SIZE 1 MB, REAL_BD 198.317 GB/s, BD/PAIR 12.395 GB/s, time 8.460e-03 s, time/iter 8.460e-05, comm_vol 1.678 GB
SIZE 2 MB, REAL_BD 277.901 GB/s, BD/PAIR 17.369 GB/s, time 1.207e-02 s, time/iter 1.207e-04, comm_vol 3.355 GB
SIZE 4 MB, REAL_BD 309.215 GB/s, BD/PAIR 19.326 GB/s, time 2.170e-02 s, time/iter 2.170e-04, comm_vol 6.711 GB
SIZE 8 MB, REAL_BD 325.115 GB/s, BD/PAIR 20.32 GB/s, time 4.128e-02 s, time/iter 4.128e-04, comm_vol 13.422 GB
SIZE 16 MB, REAL_BD 338.186 GB/s, BD/PAIR 21.137 GB/s, time 7.938e-02 s, time/iter 7.938e-04, comm_vol 26.844 GB
SIZE 32 MB, REAL_BD 344.598 GB/s, BD/PAIR 21.537 GB/s, time 1.558e-01 s, time/iter 1.558e-03, comm_vol 53.687 GB
SIZE 64 MB, REAL_BD 340.958 GB/s, BD/PAIR 21.31 GB/s, time 3.149e-01 s, time/iter 3.149e-03, comm_vol 107.374 GB
SIZE 128 MB, REAL_BD 337.813 GB/s, BD/PAIR 21.113 GB/s, time 6.357e-01 s, time/iter 6.357e-03, comm_vol 214.748 GB
SIZE 256 MB, REAL_BD 341.443 GB/s, BD/PAIR 21.34 GB/s, time 1.258e+00 s, time/iter 1.258e-02, comm_vol 429.497 GB
SIZE 512 MB, REAL_BD 342.094 GB/s, BD/PAIR 21.381 GB/s, time 2.511e+00 s, time/iter 2.511e-02, comm_vol 858.993 GB
SIZE 1 GB, REAL_BD 337.109 GB/s, BD/PAIR 21.069 GB/s, time 5.096e+00 s, time/iter 5.096e-02, comm_vol 1.718 TB
+ set +x
COMM_MODULE: torch-distributed
+ srun -p a01 -N 2 --ntasks-per-node 8 --gres=gpu:8 --mem 256G -K -w 'g[01-02]' -c 13 ./scripts/executor.sh python conflict_bench.py --backend NCCL --config ./scripts/configs/small_16.json --comm-module torch-distributed
NCCL version 2.21.5+cuda12.4
[INFO]: Cluster init done !!!
[[0, 1]]
SIZE 8 KB, REAL_BD 440.453 MB/s, BD/PAIR 440.453 MB/s, time 1.860e-03 s, time/iter 1.860e-05, comm_vol 819.2 KB
SIZE 16 KB, REAL_BD 1.016 GB/s, BD/PAIR 1.016 GB/s, time 1.612e-03 s, time/iter 1.612e-05, comm_vol 1.638 MB
SIZE 32 KB, REAL_BD 1.998 GB/s, BD/PAIR 1.998 GB/s, time 1.640e-03 s, time/iter 1.640e-05, comm_vol 3.277 MB
SIZE 64 KB, REAL_BD 3.641 GB/s, BD/PAIR 3.641 GB/s, time 1.800e-03 s, time/iter 1.800e-05, comm_vol 6.554 MB
SIZE 128 KB, REAL_BD 6.376 GB/s, BD/PAIR 6.376 GB/s, time 2.056e-03 s, time/iter 2.056e-05, comm_vol 13.107 MB
SIZE 256 KB, REAL_BD 12.755 GB/s, BD/PAIR 12.755 GB/s, time 2.055e-03 s, time/iter 2.055e-05, comm_vol 26.214 MB
SIZE 512 KB, REAL_BD 25.369 GB/s, BD/PAIR 25.369 GB/s, time 2.067e-03 s, time/iter 2.067e-05, comm_vol 52.429 MB
SIZE 1 MB, REAL_BD 43.954 GB/s, BD/PAIR 43.954 GB/s, time 2.386e-03 s, time/iter 2.386e-05, comm_vol 104.858 MB
SIZE 2 MB, REAL_BD 70.341 GB/s, BD/PAIR 70.341 GB/s, time 2.981e-03 s, time/iter 2.981e-05, comm_vol 209.715 MB
SIZE 4 MB, REAL_BD 98.677 GB/s, BD/PAIR 98.677 GB/s, time 4.251e-03 s, time/iter 4.251e-05, comm_vol 419.43 MB
SIZE 8 MB, REAL_BD 119.447 GB/s, BD/PAIR 119.447 GB/s, time 7.023e-03 s, time/iter 7.023e-05, comm_vol 838.861 MB
SIZE 16 MB, REAL_BD 133.073 GB/s, BD/PAIR 133.073 GB/s, time 1.261e-02 s, time/iter 1.261e-04, comm_vol 1.678 GB
SIZE 32 MB, REAL_BD 141.165 GB/s, BD/PAIR 141.165 GB/s, time 2.377e-02 s, time/iter 2.377e-04, comm_vol 3.355 GB
SIZE 64 MB, REAL_BD 147.731 GB/s, BD/PAIR 147.731 GB/s, time 4.543e-02 s, time/iter 4.543e-04, comm_vol 6.711 GB
SIZE 128 MB, REAL_BD 152.713 GB/s, BD/PAIR 152.713 GB/s, time 8.789e-02 s, time/iter 8.789e-04, comm_vol 13.422 GB
SIZE 256 MB, REAL_BD 175.176 GB/s, BD/PAIR 175.176 GB/s, time 1.532e-01 s, time/iter 1.532e-03, comm_vol 26.844 GB
SIZE 512 MB, REAL_BD 176.272 GB/s, BD/PAIR 176.272 GB/s, time 3.046e-01 s, time/iter 3.046e-03, comm_vol 53.687 GB
SIZE 1 GB, REAL_BD 176.818 GB/s, BD/PAIR 176.818 GB/s, time 6.073e-01 s, time/iter 6.073e-03, comm_vol 107.374 GB
[[0, 1], [1, 0]]
SIZE 8 KB, REAL_BD 451.626 MB/s, BD/PAIR 225.813 MB/s, time 3.628e-03 s, time/iter 3.628e-05, comm_vol 1.638 MB
SIZE 16 KB, REAL_BD 1.113 GB/s, BD/PAIR 556.749 MB/s, time 2.943e-03 s, time/iter 2.943e-05, comm_vol 3.277 MB
SIZE 32 KB, REAL_BD 1.816 GB/s, BD/PAIR 907.787 MB/s, time 3.610e-03 s, time/iter 3.610e-05, comm_vol 6.554 MB
SIZE 64 KB, REAL_BD 3.226 GB/s, BD/PAIR 1.613 GB/s, time 4.062e-03 s, time/iter 4.062e-05, comm_vol 13.107 MB
SIZE 128 KB, REAL_BD 5.975 GB/s, BD/PAIR 2.987 GB/s, time 4.387e-03 s, time/iter 4.387e-05, comm_vol 26.214 MB
SIZE 256 KB, REAL_BD 11.514 GB/s, BD/PAIR 5.757 GB/s, time 4.554e-03 s, time/iter 4.554e-05, comm_vol 52.429 MB
SIZE 512 KB, REAL_BD 21.781 GB/s, BD/PAIR 10.891 GB/s, time 4.814e-03 s, time/iter 4.814e-05, comm_vol 104.858 MB
SIZE 1 MB, REAL_BD 19.376 GB/s, BD/PAIR 9.688 GB/s, time 1.082e-02 s, time/iter 1.082e-04, comm_vol 209.715 MB
SIZE 2 MB, REAL_BD 54.295 GB/s, BD/PAIR 27.148 GB/s, time 7.725e-03 s, time/iter 7.725e-05, comm_vol 419.43 MB
SIZE 4 MB, REAL_BD 71.225 GB/s, BD/PAIR 35.612 GB/s, time 1.178e-02 s, time/iter 1.178e-04, comm_vol 838.861 MB
SIZE 8 MB, REAL_BD 95.866 GB/s, BD/PAIR 47.933 GB/s, time 1.750e-02 s, time/iter 1.750e-04, comm_vol 1.678 GB
SIZE 16 MB, REAL_BD 117.965 GB/s, BD/PAIR 58.983 GB/s, time 2.844e-02 s, time/iter 2.844e-04, comm_vol 3.355 GB
SIZE 32 MB, REAL_BD 136.092 GB/s, BD/PAIR 68.046 GB/s, time 4.931e-02 s, time/iter 4.931e-04, comm_vol 6.711 GB
SIZE 64 MB, REAL_BD 149.649 GB/s, BD/PAIR 74.824 GB/s, time 8.969e-02 s, time/iter 8.969e-04, comm_vol 13.422 GB
SIZE 128 MB, REAL_BD 157.311 GB/s, BD/PAIR 78.656 GB/s, time 1.706e-01 s, time/iter 1.706e-03, comm_vol 26.844 GB
SIZE 256 MB, REAL_BD 172.574 GB/s, BD/PAIR 86.287 GB/s, time 3.111e-01 s, time/iter 3.111e-03, comm_vol 53.687 GB
SIZE 512 MB, REAL_BD 175.015 GB/s, BD/PAIR 87.507 GB/s, time 6.135e-01 s, time/iter 6.135e-03, comm_vol 107.374 GB
SIZE 1 GB, REAL_BD 176.263 GB/s, BD/PAIR 88.132 GB/s, time 1.218e+00 s, time/iter 1.218e-02, comm_vol 214.748 GB
[[0, 8]]
SIZE 8 KB, REAL_BD 486.613 MB/s, BD/PAIR 486.613 MB/s, time 1.683e-03 s, time/iter 1.683e-05, comm_vol 819.2 KB
SIZE 16 KB, REAL_BD 853.87 MB/s, BD/PAIR 853.87 MB/s, time 1.919e-03 s, time/iter 1.919e-05, comm_vol 1.638 MB
SIZE 32 KB, REAL_BD 1.679 GB/s, BD/PAIR 1.679 GB/s, time 1.952e-03 s, time/iter 1.952e-05, comm_vol 3.277 MB
SIZE 64 KB, REAL_BD 2.553 GB/s, BD/PAIR 2.553 GB/s, time 2.567e-03 s, time/iter 2.567e-05, comm_vol 6.554 MB
SIZE 128 KB, REAL_BD 4.411 GB/s, BD/PAIR 4.411 GB/s, time 2.971e-03 s, time/iter 2.971e-05, comm_vol 13.107 MB
SIZE 256 KB, REAL_BD 8.571 GB/s, BD/PAIR 8.571 GB/s, time 3.059e-03 s, time/iter 3.059e-05, comm_vol 26.214 MB
SIZE 512 KB, REAL_BD 11.513 GB/s, BD/PAIR 11.513 GB/s, time 4.554e-03 s, time/iter 4.554e-05, comm_vol 52.429 MB
SIZE 1 MB, REAL_BD 14.174 GB/s, BD/PAIR 14.174 GB/s, time 7.398e-03 s, time/iter 7.398e-05, comm_vol 104.858 MB
SIZE 2 MB, REAL_BD 19.877 GB/s, BD/PAIR 19.877 GB/s, time 1.055e-02 s, time/iter 1.055e-04, comm_vol 209.715 MB
SIZE 4 MB, REAL_BD 21.444 GB/s, BD/PAIR 21.444 GB/s, time 1.956e-02 s, time/iter 1.956e-04, comm_vol 419.43 MB
SIZE 8 MB, REAL_BD 22.369 GB/s, BD/PAIR 22.369 GB/s, time 3.750e-02 s, time/iter 3.750e-04, comm_vol 838.861 MB
SIZE 16 MB, REAL_BD 22.954 GB/s, BD/PAIR 22.954 GB/s, time 7.309e-02 s, time/iter 7.309e-04, comm_vol 1.678 GB
SIZE 32 MB, REAL_BD 23.323 GB/s, BD/PAIR 23.323 GB/s, time 1.439e-01 s, time/iter 1.439e-03, comm_vol 3.355 GB
SIZE 64 MB, REAL_BD 23.437 GB/s, BD/PAIR 23.437 GB/s, time 2.863e-01 s, time/iter 2.863e-03, comm_vol 6.711 GB
SIZE 128 MB, REAL_BD 23.422 GB/s, BD/PAIR 23.422 GB/s, time 5.730e-01 s, time/iter 5.730e-03, comm_vol 13.422 GB
SIZE 256 MB, REAL_BD 23.515 GB/s, BD/PAIR 23.515 GB/s, time 1.142e+00 s, time/iter 1.142e-02, comm_vol 26.844 GB
SIZE 512 MB, REAL_BD 23.391 GB/s, BD/PAIR 23.391 GB/s, time 2.295e+00 s, time/iter 2.295e-02, comm_vol 53.687 GB
SIZE 1 GB, REAL_BD 23.437 GB/s, BD/PAIR 23.437 GB/s, time 4.581e+00 s, time/iter 4.581e-02, comm_vol 107.374 GB
[[0, 8], [8, 0]]
SIZE 8 KB, REAL_BD 272.146 MB/s, BD/PAIR 136.073 MB/s, time 6.020e-03 s, time/iter 6.020e-05, comm_vol 1.638 MB
SIZE 16 KB, REAL_BD 507.604 MB/s, BD/PAIR 253.802 MB/s, time 6.455e-03 s, time/iter 6.455e-05, comm_vol 3.277 MB
SIZE 32 KB, REAL_BD 894.785 MB/s, BD/PAIR 447.392 MB/s, time 7.324e-03 s, time/iter 7.324e-05, comm_vol 6.554 MB
SIZE 64 KB, REAL_BD 1.599 GB/s, BD/PAIR 799.296 MB/s, time 8.199e-03 s, time/iter 8.199e-05, comm_vol 13.107 MB
SIZE 128 KB, REAL_BD 2.839 GB/s, BD/PAIR 1.419 GB/s, time 9.234e-03 s, time/iter 9.234e-05, comm_vol 26.214 MB
SIZE 256 KB, REAL_BD 5.113 GB/s, BD/PAIR 2.557 GB/s, time 1.025e-02 s, time/iter 1.025e-04, comm_vol 52.429 MB
SIZE 512 KB, REAL_BD 7.781 GB/s, BD/PAIR 3.891 GB/s, time 1.348e-02 s, time/iter 1.348e-04, comm_vol 104.858 MB
SIZE 1 MB, REAL_BD 10.957 GB/s, BD/PAIR 5.478 GB/s, time 1.914e-02 s, time/iter 1.914e-04, comm_vol 209.715 MB
SIZE 2 MB, REAL_BD 16.062 GB/s, BD/PAIR 8.031 GB/s, time 2.611e-02 s, time/iter 2.611e-04, comm_vol 419.43 MB
SIZE 4 MB, REAL_BD 19.142 GB/s, BD/PAIR 9.571 GB/s, time 4.382e-02 s, time/iter 4.382e-04, comm_vol 838.861 MB
SIZE 8 MB, REAL_BD 21.156 GB/s, BD/PAIR 10.578 GB/s, time 7.930e-02 s, time/iter 7.930e-04, comm_vol 1.678 GB
SIZE 16 MB, REAL_BD 22.195 GB/s, BD/PAIR 11.098 GB/s, time 1.512e-01 s, time/iter 1.512e-03, comm_vol 3.355 GB
SIZE 32 MB, REAL_BD 22.86 GB/s, BD/PAIR 11.43 GB/s, time 2.936e-01 s, time/iter 2.936e-03, comm_vol 6.711 GB
SIZE 64 MB, REAL_BD 23.097 GB/s, BD/PAIR 11.548 GB/s, time 5.811e-01 s, time/iter 5.811e-03, comm_vol 13.422 GB
SIZE 128 MB, REAL_BD 23.375 GB/s, BD/PAIR 11.687 GB/s, time 1.148e+00 s, time/iter 1.148e-02, comm_vol 26.844 GB
SIZE 256 MB, REAL_BD 23.411 GB/s, BD/PAIR 11.706 GB/s, time 2.293e+00 s, time/iter 2.293e-02, comm_vol 53.687 GB
SIZE 512 MB, REAL_BD 23.431 GB/s, BD/PAIR 11.716 GB/s, time 4.583e+00 s, time/iter 4.583e-02, comm_vol 107.374 GB
SIZE 1 GB, REAL_BD 23.437 GB/s, BD/PAIR 11.718 GB/s, time 9.163e+00 s, time/iter 9.163e-02, comm_vol 214.748 GB
[[0, 15], [15, 0]]
SIZE 8 KB, REAL_BD 186.156 MB/s, BD/PAIR 93.078 MB/s, time 8.801e-03 s, time/iter 8.801e-05, comm_vol 1.638 MB
SIZE 16 KB, REAL_BD 276.504 MB/s, BD/PAIR 138.252 MB/s, time 1.185e-02 s, time/iter 1.185e-04, comm_vol 3.277 MB
SIZE 32 KB, REAL_BD 743.074 MB/s, BD/PAIR 371.537 MB/s, time 8.820e-03 s, time/iter 8.820e-05, comm_vol 6.554 MB
SIZE 64 KB, REAL_BD 1.318 GB/s, BD/PAIR 658.785 MB/s, time 9.948e-03 s, time/iter 9.948e-05, comm_vol 13.107 MB
SIZE 128 KB, REAL_BD 2.797 GB/s, BD/PAIR 1.399 GB/s, time 9.372e-03 s, time/iter 9.372e-05, comm_vol 26.214 MB
SIZE 256 KB, REAL_BD 5.011 GB/s, BD/PAIR 2.506 GB/s, time 1.046e-02 s, time/iter 1.046e-04, comm_vol 52.429 MB
SIZE 512 KB, REAL_BD 7.788 GB/s, BD/PAIR 3.894 GB/s, time 1.346e-02 s, time/iter 1.346e-04, comm_vol 104.858 MB
SIZE 1 MB, REAL_BD 10.854 GB/s, BD/PAIR 5.427 GB/s, time 1.932e-02 s, time/iter 1.932e-04, comm_vol 209.715 MB
SIZE 2 MB, REAL_BD 15.929 GB/s, BD/PAIR 7.965 GB/s, time 2.633e-02 s, time/iter 2.633e-04, comm_vol 419.43 MB
SIZE 4 MB, REAL_BD 19.043 GB/s, BD/PAIR 9.522 GB/s, time 4.405e-02 s, time/iter 4.405e-04, comm_vol 838.861 MB
SIZE 8 MB, REAL_BD 21.061 GB/s, BD/PAIR 10.531 GB/s, time 7.966e-02 s, time/iter 7.966e-04, comm_vol 1.678 GB
SIZE 16 MB, REAL_BD 22.14 GB/s, BD/PAIR 11.07 GB/s, time 1.516e-01 s, time/iter 1.516e-03, comm_vol 3.355 GB
SIZE 32 MB, REAL_BD 22.803 GB/s, BD/PAIR 11.402 GB/s, time 2.943e-01 s, time/iter 2.943e-03, comm_vol 6.711 GB
SIZE 64 MB, REAL_BD 23.194 GB/s, BD/PAIR 11.597 GB/s, time 5.787e-01 s, time/iter 5.787e-03, comm_vol 13.422 GB
SIZE 128 MB, REAL_BD 23.282 GB/s, BD/PAIR 11.641 GB/s, time 1.153e+00 s, time/iter 1.153e-02, comm_vol 26.844 GB
SIZE 256 MB, REAL_BD 23.407 GB/s, BD/PAIR 11.703 GB/s, time 2.294e+00 s, time/iter 2.294e-02, comm_vol 53.687 GB
SIZE 512 MB, REAL_BD 23.444 GB/s, BD/PAIR 11.722 GB/s, time 4.580e+00 s, time/iter 4.580e-02, comm_vol 107.374 GB
SIZE 1 GB, REAL_BD 23.448 GB/s, BD/PAIR 11.724 GB/s, time 9.159e+00 s, time/iter 9.159e-02, comm_vol 214.748 GB
[[0, 8], [0, 15]]
SIZE 8 KB, REAL_BD 490.153 MB/s, BD/PAIR 245.077 MB/s, time 3.343e-03 s, time/iter 3.343e-05, comm_vol 1.638 MB
SIZE 16 KB, REAL_BD 984.097 MB/s, BD/PAIR 492.048 MB/s, time 3.330e-03 s, time/iter 3.330e-05, comm_vol 3.277 MB
SIZE 32 KB, REAL_BD 1.981 GB/s, BD/PAIR 990.266 MB/s, time 3.309e-03 s, time/iter 3.309e-05, comm_vol 6.554 MB
SIZE 64 KB, REAL_BD 4.353 GB/s, BD/PAIR 2.176 GB/s, time 3.011e-03 s, time/iter 3.011e-05, comm_vol 13.107 MB
SIZE 128 KB, REAL_BD 8.426 GB/s, BD/PAIR 4.213 GB/s, time 3.111e-03 s, time/iter 3.111e-05, comm_vol 26.214 MB
SIZE 256 KB, REAL_BD 14.487 GB/s, BD/PAIR 7.244 GB/s, time 3.619e-03 s, time/iter 3.619e-05, comm_vol 52.429 MB
SIZE 512 KB, REAL_BD 18.815 GB/s, BD/PAIR 9.408 GB/s, time 5.573e-03 s, time/iter 5.573e-05, comm_vol 104.858 MB
SIZE 1 MB, REAL_BD 14.74 GB/s, BD/PAIR 7.37 GB/s, time 1.423e-02 s, time/iter 1.423e-04, comm_vol 209.715 MB
SIZE 2 MB, REAL_BD 23.881 GB/s, BD/PAIR 11.94 GB/s, time 1.756e-02 s, time/iter 1.756e-04, comm_vol 419.43 MB
SIZE 4 MB, REAL_BD 24.061 GB/s, BD/PAIR 12.031 GB/s, time 3.486e-02 s, time/iter 3.486e-04, comm_vol 838.861 MB
SIZE 8 MB, REAL_BD 24.234 GB/s, BD/PAIR 12.117 GB/s, time 6.923e-02 s, time/iter 6.923e-04, comm_vol 1.678 GB
SIZE 16 MB, REAL_BD 24.24 GB/s, BD/PAIR 12.12 GB/s, time 1.384e-01 s, time/iter 1.384e-03, comm_vol 3.355 GB
SIZE 32 MB, REAL_BD 24.278 GB/s, BD/PAIR 12.139 GB/s, time 2.764e-01 s, time/iter 2.764e-03, comm_vol 6.711 GB
SIZE 64 MB, REAL_BD 24.307 GB/s, BD/PAIR 12.153 GB/s, time 5.522e-01 s, time/iter 5.522e-03, comm_vol 13.422 GB
SIZE 128 MB, REAL_BD 24.319 GB/s, BD/PAIR 12.16 GB/s, time 1.104e+00 s, time/iter 1.104e-02, comm_vol 26.844 GB
SIZE 256 MB, REAL_BD 24.327 GB/s, BD/PAIR 12.164 GB/s, time 2.207e+00 s, time/iter 2.207e-02, comm_vol 53.687 GB
SIZE 512 MB, REAL_BD 24.332 GB/s, BD/PAIR 12.166 GB/s, time 4.413e+00 s, time/iter 4.413e-02, comm_vol 107.374 GB
SIZE 1 GB, REAL_BD 24.295 GB/s, BD/PAIR 12.147 GB/s, time 8.839e+00 s, time/iter 8.839e-02, comm_vol 214.748 GB
[[0, 8], [0, 15], [8, 0], [15, 0]]
SIZE 8 KB, REAL_BD 476.425 MB/s, BD/PAIR 119.106 MB/s, time 6.878e-03 s, time/iter 6.878e-05, comm_vol 3.277 MB
SIZE 16 KB, REAL_BD 893.97 MB/s, BD/PAIR 223.493 MB/s, time 7.331e-03 s, time/iter 7.331e-05, comm_vol 6.554 MB
SIZE 32 KB, REAL_BD 1.689 GB/s, BD/PAIR 422.201 MB/s, time 7.761e-03 s, time/iter 7.761e-05, comm_vol 13.107 MB
SIZE 64 KB, REAL_BD 2.84 GB/s, BD/PAIR 709.894 MB/s, time 9.232e-03 s, time/iter 9.232e-05, comm_vol 26.214 MB
SIZE 128 KB, REAL_BD 4.931 GB/s, BD/PAIR 1.233 GB/s, time 1.063e-02 s, time/iter 1.063e-04, comm_vol 52.429 MB
SIZE 256 KB, REAL_BD 7.13 GB/s, BD/PAIR 1.782 GB/s, time 1.471e-02 s, time/iter 1.471e-04, comm_vol 104.858 MB
SIZE 512 KB, REAL_BD 12.623 GB/s, BD/PAIR 3.156 GB/s, time 1.661e-02 s, time/iter 1.661e-04, comm_vol 209.715 MB
SIZE 1 MB, REAL_BD 16.604 GB/s, BD/PAIR 4.151 GB/s, time 2.526e-02 s, time/iter 2.526e-04, comm_vol 419.43 MB
SIZE 2 MB, REAL_BD 19.662 GB/s, BD/PAIR 4.915 GB/s, time 4.266e-02 s, time/iter 4.266e-04, comm_vol 838.861 MB
SIZE 4 MB, REAL_BD 21.737 GB/s, BD/PAIR 5.434 GB/s, time 7.718e-02 s, time/iter 7.718e-04, comm_vol 1.678 GB
SIZE 8 MB, REAL_BD 22.966 GB/s, BD/PAIR 5.741 GB/s, time 1.461e-01 s, time/iter 1.461e-03, comm_vol 3.355 GB
SIZE 16 MB, REAL_BD 23.608 GB/s, BD/PAIR 5.902 GB/s, time 2.843e-01 s, time/iter 2.843e-03, comm_vol 6.711 GB
SIZE 32 MB, REAL_BD 23.826 GB/s, BD/PAIR 5.956 GB/s, time 5.633e-01 s, time/iter 5.633e-03, comm_vol 13.422 GB
SIZE 64 MB, REAL_BD 24.167 GB/s, BD/PAIR 6.042 GB/s, time 1.111e+00 s, time/iter 1.111e-02, comm_vol 26.844 GB
SIZE 128 MB, REAL_BD 24.281 GB/s, BD/PAIR 6.07 GB/s, time 2.211e+00 s, time/iter 2.211e-02, comm_vol 53.687 GB
SIZE 256 MB, REAL_BD 24.309 GB/s, BD/PAIR 6.077 GB/s, time 4.417e+00 s, time/iter 4.417e-02, comm_vol 107.374 GB
SIZE 512 MB, REAL_BD 24.326 GB/s, BD/PAIR 6.081 GB/s, time 8.828e+00 s, time/iter 8.828e-02, comm_vol 214.748 GB
SIZE 1 GB, REAL_BD 24.339 GB/s, BD/PAIR 6.085 GB/s, time 1.765e+01 s, time/iter 1.765e-01, comm_vol 429.497 GB
[[7, 8], [15, 0]]
NCCL version 2.21.5+cuda12.4
SIZE 8 KB, REAL_BD 884.421 MB/s, BD/PAIR 442.21 MB/s, time 1.853e-03 s, time/iter 1.853e-05, comm_vol 1.638 MB
SIZE 16 KB, REAL_BD 1.421 GB/s, BD/PAIR 710.646 MB/s, time 2.306e-03 s, time/iter 2.306e-05, comm_vol 3.277 MB
SIZE 32 KB, REAL_BD 3.323 GB/s, BD/PAIR 1.662 GB/s, time 1.972e-03 s, time/iter 1.972e-05, comm_vol 6.554 MB
SIZE 64 KB, REAL_BD 4.992 GB/s, BD/PAIR 2.496 GB/s, time 2.626e-03 s, time/iter 2.626e-05, comm_vol 13.107 MB
SIZE 128 KB, REAL_BD 8.767 GB/s, BD/PAIR 4.383 GB/s, time 2.990e-03 s, time/iter 2.990e-05, comm_vol 26.214 MB
SIZE 256 KB, REAL_BD 16.218 GB/s, BD/PAIR 8.109 GB/s, time 3.233e-03 s, time/iter 3.233e-05, comm_vol 52.429 MB
SIZE 512 KB, REAL_BD 22.103 GB/s, BD/PAIR 11.051 GB/s, time 4.744e-03 s, time/iter 4.744e-05, comm_vol 104.858 MB
SIZE 1 MB, REAL_BD 17.762 GB/s, BD/PAIR 8.881 GB/s, time 1.181e-02 s, time/iter 1.181e-04, comm_vol 209.715 MB
SIZE 2 MB, REAL_BD 39.335 GB/s, BD/PAIR 19.668 GB/s, time 1.066e-02 s, time/iter 1.066e-04, comm_vol 419.43 MB
SIZE 4 MB, REAL_BD 42.571 GB/s, BD/PAIR 21.286 GB/s, time 1.970e-02 s, time/iter 1.970e-04, comm_vol 838.861 MB
SIZE 8 MB, REAL_BD 44.946 GB/s, BD/PAIR 22.473 GB/s, time 3.733e-02 s, time/iter 3.733e-04, comm_vol 1.678 GB
SIZE 16 MB, REAL_BD 45.982 GB/s, BD/PAIR 22.991 GB/s, time 7.297e-02 s, time/iter 7.297e-04, comm_vol 3.355 GB
SIZE 32 MB, REAL_BD 46.535 GB/s, BD/PAIR 23.268 GB/s, time 1.442e-01 s, time/iter 1.442e-03, comm_vol 6.711 GB
SIZE 64 MB, REAL_BD 46.845 GB/s, BD/PAIR 23.423 GB/s, time 2.865e-01 s, time/iter 2.865e-03, comm_vol 13.422 GB
SIZE 128 MB, REAL_BD 46.878 GB/s, BD/PAIR 23.439 GB/s, time 5.726e-01 s, time/iter 5.726e-03, comm_vol 26.844 GB
SIZE 256 MB, REAL_BD 46.625 GB/s, BD/PAIR 23.312 GB/s, time 1.151e+00 s, time/iter 1.151e-02, comm_vol 53.687 GB
SIZE 512 MB, REAL_BD 46.742 GB/s, BD/PAIR 23.371 GB/s, time 2.297e+00 s, time/iter 2.297e-02, comm_vol 107.374 GB
SIZE 1 GB, REAL_BD 46.873 GB/s, BD/PAIR 23.437 GB/s, time 4.581e+00 s, time/iter 4.581e-02, comm_vol 214.748 GB
[[0, 8], [2, 10]]
NCCL version 2.21.5+cuda12.4
SIZE 8 KB, REAL_BD 525.539 MB/s, BD/PAIR 262.769 MB/s, time 3.118e-03 s, time/iter 3.118e-05, comm_vol 1.638 MB
SIZE 16 KB, REAL_BD 1.035 GB/s, BD/PAIR 517.505 MB/s, time 3.166e-03 s, time/iter 3.166e-05, comm_vol 3.277 MB
SIZE 32 KB, REAL_BD 2.073 GB/s, BD/PAIR 1.036 GB/s, time 3.162e-03 s, time/iter 3.162e-05, comm_vol 6.554 MB
SIZE 64 KB, REAL_BD 2.835 GB/s, BD/PAIR 1.417 GB/s, time 4.624e-03 s, time/iter 4.624e-05, comm_vol 13.107 MB
SIZE 128 KB, REAL_BD 8.622 GB/s, BD/PAIR 4.311 GB/s, time 3.040e-03 s, time/iter 3.040e-05, comm_vol 26.214 MB
SIZE 256 KB, REAL_BD 15.69 GB/s, BD/PAIR 7.845 GB/s, time 3.341e-03 s, time/iter 3.341e-05, comm_vol 52.429 MB
SIZE 512 KB, REAL_BD 21.827 GB/s, BD/PAIR 10.913 GB/s, time 4.804e-03 s, time/iter 4.804e-05, comm_vol 104.858 MB
SIZE 1 MB, REAL_BD 27.118 GB/s, BD/PAIR 13.559 GB/s, time 7.733e-03 s, time/iter 7.733e-05, comm_vol 209.715 MB
SIZE 2 MB, REAL_BD 39.277 GB/s, BD/PAIR 19.639 GB/s, time 1.068e-02 s, time/iter 1.068e-04, comm_vol 419.43 MB
SIZE 4 MB, REAL_BD 42.538 GB/s, BD/PAIR 21.269 GB/s, time 1.972e-02 s, time/iter 1.972e-04, comm_vol 838.861 MB
SIZE 8 MB, REAL_BD 44.955 GB/s, BD/PAIR 22.478 GB/s, time 3.732e-02 s, time/iter 3.732e-04, comm_vol 1.678 GB
SIZE 16 MB, REAL_BD 45.913 GB/s, BD/PAIR 22.956 GB/s, time 7.308e-02 s, time/iter 7.308e-04, comm_vol 3.355 GB
SIZE 32 MB, REAL_BD 46.506 GB/s, BD/PAIR 23.253 GB/s, time 1.443e-01 s, time/iter 1.443e-03, comm_vol 6.711 GB
SIZE 64 MB, REAL_BD 46.836 GB/s, BD/PAIR 23.418 GB/s, time 2.866e-01 s, time/iter 2.866e-03, comm_vol 13.422 GB
SIZE 128 MB, REAL_BD 46.871 GB/s, BD/PAIR 23.436 GB/s, time 5.727e-01 s, time/iter 5.727e-03, comm_vol 26.844 GB
SIZE 256 MB, REAL_BD 46.882 GB/s, BD/PAIR 23.441 GB/s, time 1.145e+00 s, time/iter 1.145e-02, comm_vol 53.687 GB
SIZE 512 MB, REAL_BD 46.708 GB/s, BD/PAIR 23.354 GB/s, time 2.299e+00 s, time/iter 2.299e-02, comm_vol 107.374 GB
SIZE 1 GB, REAL_BD 46.832 GB/s, BD/PAIR 23.416 GB/s, time 4.586e+00 s, time/iter 4.586e-02, comm_vol 214.748 GB
[[0, 8], [8, 0], [2, 10], [10, 2]]
SIZE 8 KB, REAL_BD 518.051 MB/s, BD/PAIR 129.513 MB/s, time 6.325e-03 s, time/iter 6.325e-05, comm_vol 3.277 MB
SIZE 16 KB, REAL_BD 1.01 GB/s, BD/PAIR 252.58 MB/s, time 6.487e-03 s, time/iter 6.487e-05, comm_vol 6.554 MB
SIZE 32 KB, REAL_BD 1.5 GB/s, BD/PAIR 375.045 MB/s, time 8.737e-03 s, time/iter 8.737e-05, comm_vol 13.107 MB
SIZE 64 KB, REAL_BD 2.466 GB/s, BD/PAIR 616.443 MB/s, time 1.063e-02 s, time/iter 1.063e-04, comm_vol 26.214 MB
SIZE 128 KB, REAL_BD 5.666 GB/s, BD/PAIR 1.417 GB/s, time 9.253e-03 s, time/iter 9.253e-05, comm_vol 52.429 MB
SIZE 256 KB, REAL_BD 10.182 GB/s, BD/PAIR 2.545 GB/s, time 1.030e-02 s, time/iter 1.030e-04, comm_vol 104.858 MB
SIZE 512 KB, REAL_BD 15.599 GB/s, BD/PAIR 3.9 GB/s, time 1.344e-02 s, time/iter 1.344e-04, comm_vol 209.715 MB
SIZE 1 MB, REAL_BD 21.812 GB/s, BD/PAIR 5.453 GB/s, time 1.923e-02 s, time/iter 1.923e-04, comm_vol 419.43 MB
SIZE 2 MB, REAL_BD 32.053 GB/s, BD/PAIR 8.013 GB/s, time 2.617e-02 s, time/iter 2.617e-04, comm_vol 838.861 MB
SIZE 4 MB, REAL_BD 38.181 GB/s, BD/PAIR 9.545 GB/s, time 4.394e-02 s, time/iter 4.394e-04, comm_vol 1.678 GB
SIZE 8 MB, REAL_BD 42.246 GB/s, BD/PAIR 10.562 GB/s, time 7.943e-02 s, time/iter 7.943e-04, comm_vol 3.355 GB
SIZE 16 MB, REAL_BD 44.393 GB/s, BD/PAIR 11.098 GB/s, time 1.512e-01 s, time/iter 1.512e-03, comm_vol 6.711 GB
SIZE 32 MB, REAL_BD 45.698 GB/s, BD/PAIR 11.424 GB/s, time 2.937e-01 s, time/iter 2.937e-03, comm_vol 13.422 GB
SIZE 64 MB, REAL_BD 46.405 GB/s, BD/PAIR 11.601 GB/s, time 5.785e-01 s, time/iter 5.785e-03, comm_vol 26.844 GB
SIZE 128 MB, REAL_BD 46.562 GB/s, BD/PAIR 11.64 GB/s, time 1.153e+00 s, time/iter 1.153e-02, comm_vol 53.687 GB
SIZE 256 MB, REAL_BD 46.79 GB/s, BD/PAIR 11.698 GB/s, time 2.295e+00 s, time/iter 2.295e-02, comm_vol 107.374 GB
SIZE 512 MB, REAL_BD 46.849 GB/s, BD/PAIR 11.712 GB/s, time 4.584e+00 s, time/iter 4.584e-02, comm_vol 214.748 GB
SIZE 1 GB, REAL_BD 46.717 GB/s, BD/PAIR 11.679 GB/s, time 9.194e+00 s, time/iter 9.194e-02, comm_vol 429.497 GB
[[0, 8], [4, 12]]
NCCL version 2.21.5+cuda12.4
SIZE 8 KB, REAL_BD 374.187 MB/s, BD/PAIR 187.094 MB/s, time 4.379e-03 s, time/iter 4.379e-05, comm_vol 1.638 MB
SIZE 16 KB, REAL_BD 729.39 MB/s, BD/PAIR 364.695 MB/s, time 4.493e-03 s, time/iter 4.493e-05, comm_vol 3.277 MB
SIZE 32 KB, REAL_BD 1.438 GB/s, BD/PAIR 719.086 MB/s, time 4.557e-03 s, time/iter 4.557e-05, comm_vol 6.554 MB
SIZE 64 KB, REAL_BD 2.714 GB/s, BD/PAIR 1.357 GB/s, time 4.829e-03 s, time/iter 4.829e-05, comm_vol 13.107 MB
SIZE 128 KB, REAL_BD 4.272 GB/s, BD/PAIR 2.136 GB/s, time 6.137e-03 s, time/iter 6.137e-05, comm_vol 26.214 MB
SIZE 256 KB, REAL_BD 11.254 GB/s, BD/PAIR 5.627 GB/s, time 4.659e-03 s, time/iter 4.659e-05, comm_vol 52.429 MB
SIZE 512 KB, REAL_BD 18.468 GB/s, BD/PAIR 9.234 GB/s, time 5.678e-03 s, time/iter 5.678e-05, comm_vol 104.858 MB
SIZE 1 MB, REAL_BD 26.262 GB/s, BD/PAIR 13.131 GB/s, time 7.985e-03 s, time/iter 7.985e-05, comm_vol 209.715 MB
SIZE 2 MB, REAL_BD 38.314 GB/s, BD/PAIR 19.157 GB/s, time 1.095e-02 s, time/iter 1.095e-04, comm_vol 419.43 MB
SIZE 4 MB, REAL_BD 42.415 GB/s, BD/PAIR 21.208 GB/s, time 1.978e-02 s, time/iter 1.978e-04, comm_vol 838.861 MB
SIZE 8 MB, REAL_BD 44.595 GB/s, BD/PAIR 22.298 GB/s, time 3.762e-02 s, time/iter 3.762e-04, comm_vol 1.678 GB
SIZE 16 MB, REAL_BD 45.735 GB/s, BD/PAIR 22.868 GB/s, time 7.337e-02 s, time/iter 7.337e-04, comm_vol 3.355 GB
SIZE 32 MB, REAL_BD 46.422 GB/s, BD/PAIR 23.211 GB/s, time 1.446e-01 s, time/iter 1.446e-03, comm_vol 6.711 GB
SIZE 64 MB, REAL_BD 46.403 GB/s, BD/PAIR 23.202 GB/s, time 2.892e-01 s, time/iter 2.892e-03, comm_vol 13.422 GB
SIZE 128 MB, REAL_BD 46.85 GB/s, BD/PAIR 23.425 GB/s, time 5.730e-01 s, time/iter 5.730e-03, comm_vol 26.844 GB
SIZE 256 MB, REAL_BD 46.975 GB/s, BD/PAIR 23.488 GB/s, time 1.143e+00 s, time/iter 1.143e-02, comm_vol 53.687 GB
SIZE 512 MB, REAL_BD 46.752 GB/s, BD/PAIR 23.376 GB/s, time 2.297e+00 s, time/iter 2.297e-02, comm_vol 107.374 GB
SIZE 1 GB, REAL_BD 46.647 GB/s, BD/PAIR 23.323 GB/s, time 4.604e+00 s, time/iter 4.604e-02, comm_vol 214.748 GB
[[0, 8], [8, 0], [4, 12], [12, 4]]
SIZE 8 KB, REAL_BD 493.958 MB/s, BD/PAIR 123.49 MB/s, time 6.634e-03 s, time/iter 6.634e-05, comm_vol 3.277 MB
SIZE 16 KB, REAL_BD 948.542 MB/s, BD/PAIR 237.135 MB/s, time 6.909e-03 s, time/iter 6.909e-05, comm_vol 6.554 MB
SIZE 32 KB, REAL_BD 1.412 GB/s, BD/PAIR 353.087 MB/s, time 9.280e-03 s, time/iter 9.280e-05, comm_vol 13.107 MB
SIZE 64 KB, REAL_BD 3.012 GB/s, BD/PAIR 752.905 MB/s, time 8.704e-03 s, time/iter 8.704e-05, comm_vol 26.214 MB
SIZE 128 KB, REAL_BD 5.394 GB/s, BD/PAIR 1.348 GB/s, time 9.720e-03 s, time/iter 9.720e-05, comm_vol 52.429 MB
SIZE 256 KB, REAL_BD 9.672 GB/s, BD/PAIR 2.418 GB/s, time 1.084e-02 s, time/iter 1.084e-04, comm_vol 104.858 MB
SIZE 512 KB, REAL_BD 14.995 GB/s, BD/PAIR 3.749 GB/s, time 1.399e-02 s, time/iter 1.399e-04, comm_vol 209.715 MB
SIZE 1 MB, REAL_BD 20.947 GB/s, BD/PAIR 5.237 GB/s, time 2.002e-02 s, time/iter 2.002e-04, comm_vol 419.43 MB
SIZE 2 MB, REAL_BD 26.011 GB/s, BD/PAIR 6.503 GB/s, time 3.225e-02 s, time/iter 3.225e-04, comm_vol 838.861 MB
SIZE 4 MB, REAL_BD 37.684 GB/s, BD/PAIR 9.421 GB/s, time 4.452e-02 s, time/iter 4.452e-04, comm_vol 1.678 GB
SIZE 8 MB, REAL_BD 41.935 GB/s, BD/PAIR 10.484 GB/s, time 8.002e-02 s, time/iter 8.002e-04, comm_vol 3.355 GB
SIZE 16 MB, REAL_BD 44.182 GB/s, BD/PAIR 11.046 GB/s, time 1.519e-01 s, time/iter 1.519e-03, comm_vol 6.711 GB
SIZE 32 MB, REAL_BD 45.545 GB/s, BD/PAIR 11.386 GB/s, time 2.947e-01 s, time/iter 2.947e-03, comm_vol 13.422 GB
SIZE 64 MB, REAL_BD 46.268 GB/s, BD/PAIR 11.567 GB/s, time 5.802e-01 s, time/iter 5.802e-03, comm_vol 26.844 GB
SIZE 128 MB, REAL_BD 46.492 GB/s, BD/PAIR 11.623 GB/s, time 1.155e+00 s, time/iter 1.155e-02, comm_vol 53.687 GB
SIZE 256 MB, REAL_BD 46.757 GB/s, BD/PAIR 11.689 GB/s, time 2.296e+00 s, time/iter 2.296e-02, comm_vol 107.374 GB
SIZE 512 MB, REAL_BD 46.805 GB/s, BD/PAIR 11.701 GB/s, time 4.588e+00 s, time/iter 4.588e-02, comm_vol 214.748 GB
SIZE 1 GB, REAL_BD 46.83 GB/s, BD/PAIR 11.707 GB/s, time 9.171e+00 s, time/iter 9.171e-02, comm_vol 429.497 GB
[[0, 8], [2, 10], [4, 12], [6, 14]]
NCCL version 2.21.5+cuda12.4
SIZE 8 KB, REAL_BD 1.069 GB/s, BD/PAIR 267.204 MB/s, time 3.066e-03 s, time/iter 3.066e-05, comm_vol 3.277 MB
SIZE 16 KB, REAL_BD 2.098 GB/s, BD/PAIR 524.496 MB/s, time 3.124e-03 s, time/iter 3.124e-05, comm_vol 6.554 MB
SIZE 32 KB, REAL_BD 4.164 GB/s, BD/PAIR 1.041 GB/s, time 3.148e-03 s, time/iter 3.148e-05, comm_vol 13.107 MB
SIZE 64 KB, REAL_BD 8.695 GB/s, BD/PAIR 2.174 GB/s, time 3.015e-03 s, time/iter 3.015e-05, comm_vol 26.214 MB
SIZE 128 KB, REAL_BD 8.171 GB/s, BD/PAIR 2.043 GB/s, time 6.416e-03 s, time/iter 6.416e-05, comm_vol 52.429 MB
SIZE 256 KB, REAL_BD 30.82 GB/s, BD/PAIR 7.705 GB/s, time 3.402e-03 s, time/iter 3.402e-05, comm_vol 104.858 MB
SIZE 512 KB, REAL_BD 41.753 GB/s, BD/PAIR 10.438 GB/s, time 5.023e-03 s, time/iter 5.023e-05, comm_vol 209.715 MB
SIZE 1 MB, REAL_BD 44.628 GB/s, BD/PAIR 11.157 GB/s, time 9.398e-03 s, time/iter 9.398e-05, comm_vol 419.43 MB
SIZE 2 MB, REAL_BD 77.296 GB/s, BD/PAIR 19.324 GB/s, time 1.085e-02 s, time/iter 1.085e-04, comm_vol 838.861 MB
SIZE 4 MB, REAL_BD 84.934 GB/s, BD/PAIR 21.234 GB/s, time 1.975e-02 s, time/iter 1.975e-04, comm_vol 1.678 GB
SIZE 8 MB, REAL_BD 89.273 GB/s, BD/PAIR 22.318 GB/s, time 3.759e-02 s, time/iter 3.759e-04, comm_vol 3.355 GB
SIZE 16 MB, REAL_BD 91.43 GB/s, BD/PAIR 22.857 GB/s, time 7.340e-02 s, time/iter 7.340e-04, comm_vol 6.711 GB
SIZE 32 MB, REAL_BD 92.71 GB/s, BD/PAIR 23.178 GB/s, time 1.448e-01 s, time/iter 1.448e-03, comm_vol 13.422 GB
SIZE 64 MB, REAL_BD 93.394 GB/s, BD/PAIR 23.348 GB/s, time 2.874e-01 s, time/iter 2.874e-03, comm_vol 26.844 GB
SIZE 128 MB, REAL_BD 93.554 GB/s, BD/PAIR 23.388 GB/s, time 5.739e-01 s, time/iter 5.739e-03, comm_vol 53.687 GB
SIZE 256 MB, REAL_BD 93.787 GB/s, BD/PAIR 23.447 GB/s, time 1.145e+00 s, time/iter 1.145e-02, comm_vol 107.374 GB
SIZE 512 MB, REAL_BD 92.91 GB/s, BD/PAIR 23.227 GB/s, time 2.311e+00 s, time/iter 2.311e-02, comm_vol 214.748 GB
SIZE 1 GB, REAL_BD 93.024 GB/s, BD/PAIR 23.256 GB/s, time 4.617e+00 s, time/iter 4.617e-02, comm_vol 429.497 GB
[[0, 8], [8, 0], [2, 10], [10, 2], [4, 12], [12, 4], [6, 14], [14, 6]]
SIZE 8 KB, REAL_BD 555.702 MB/s, BD/PAIR 69.463 MB/s, time 1.179e-02 s, time/iter 1.179e-04, comm_vol 6.554 MB
SIZE 16 KB, REAL_BD 1.835 GB/s, BD/PAIR 229.378 MB/s, time 7.143e-03 s, time/iter 7.143e-05, comm_vol 13.107 MB
SIZE 32 KB, REAL_BD 3.205 GB/s, BD/PAIR 400.638 MB/s, time 8.179e-03 s, time/iter 8.179e-05, comm_vol 26.214 MB
SIZE 64 KB, REAL_BD 5.959 GB/s, BD/PAIR 744.927 MB/s, time 8.798e-03 s, time/iter 8.798e-05, comm_vol 52.429 MB
SIZE 128 KB, REAL_BD 10.619 GB/s, BD/PAIR 1.327 GB/s, time 9.874e-03 s, time/iter 9.874e-05, comm_vol 104.858 MB
SIZE 256 KB, REAL_BD 19.185 GB/s, BD/PAIR 2.398 GB/s, time 1.093e-02 s, time/iter 1.093e-04, comm_vol 209.715 MB
SIZE 512 KB, REAL_BD 22.352 GB/s, BD/PAIR 2.794 GB/s, time 1.876e-02 s, time/iter 1.876e-04, comm_vol 419.43 MB
SIZE 1 MB, REAL_BD 41.618 GB/s, BD/PAIR 5.202 GB/s, time 2.016e-02 s, time/iter 2.016e-04, comm_vol 838.861 MB
SIZE 2 MB, REAL_BD 58.536 GB/s, BD/PAIR 7.317 GB/s, time 2.866e-02 s, time/iter 2.866e-04, comm_vol 1.678 GB
SIZE 4 MB, REAL_BD 75.068 GB/s, BD/PAIR 9.384 GB/s, time 4.470e-02 s, time/iter 4.470e-04, comm_vol 3.355 GB
SIZE 8 MB, REAL_BD 83.491 GB/s, BD/PAIR 10.436 GB/s, time 8.038e-02 s, time/iter 8.038e-04, comm_vol 6.711 GB
SIZE 16 MB, REAL_BD 88.35 GB/s, BD/PAIR 11.044 GB/s, time 1.519e-01 s, time/iter 1.519e-03, comm_vol 13.422 GB
SIZE 32 MB, REAL_BD 90.924 GB/s, BD/PAIR 11.365 GB/s, time 2.952e-01 s, time/iter 2.952e-03, comm_vol 26.844 GB
SIZE 64 MB, REAL_BD 92.476 GB/s, BD/PAIR 11.56 GB/s, time 5.806e-01 s, time/iter 5.806e-03, comm_vol 53.687 GB
SIZE 128 MB, REAL_BD 92.823 GB/s, BD/PAIR 11.603 GB/s, time 1.157e+00 s, time/iter 1.157e-02, comm_vol 107.374 GB
SIZE 256 MB, REAL_BD 93.414 GB/s, BD/PAIR 11.677 GB/s, time 2.299e+00 s, time/iter 2.299e-02, comm_vol 214.748 GB
SIZE 512 MB, REAL_BD 93.618 GB/s, BD/PAIR 11.702 GB/s, time 4.588e+00 s, time/iter 4.588e-02, comm_vol 429.497 GB
SIZE 1 GB, REAL_BD 93.627 GB/s, BD/PAIR 11.703 GB/s, time 9.175e+00 s, time/iter 9.175e-02, comm_vol 858.993 GB
[[0, 8], [1, 9], [2, 10], [3, 11], [4, 12], [5, 13], [6, 14], [7, 15]]
NCCL version 2.21.5+cuda12.4
NCCL version 2.21.5+cuda12.4
NCCL version 2.21.5+cuda12.4
SIZE 8 KB, REAL_BD 2.087 GB/s, BD/PAIR 260.835 MB/s, time 3.141e-03 s, time/iter 3.141e-05, comm_vol 6.554 MB
SIZE 16 KB, REAL_BD 4.05 GB/s, BD/PAIR 506.258 MB/s, time 3.236e-03 s, time/iter 3.236e-05, comm_vol 13.107 MB
SIZE 32 KB, REAL_BD 8.299 GB/s, BD/PAIR 1.037 GB/s, time 3.159e-03 s, time/iter 3.159e-05, comm_vol 26.214 MB
SIZE 64 KB, REAL_BD 17.007 GB/s, BD/PAIR 2.126 GB/s, time 3.083e-03 s, time/iter 3.083e-05, comm_vol 52.429 MB
SIZE 128 KB, REAL_BD 32.907 GB/s, BD/PAIR 4.113 GB/s, time 3.186e-03 s, time/iter 3.186e-05, comm_vol 104.858 MB
SIZE 256 KB, REAL_BD 61.567 GB/s, BD/PAIR 7.696 GB/s, time 3.406e-03 s, time/iter 3.406e-05, comm_vol 209.715 MB
SIZE 512 KB, REAL_BD 84.141 GB/s, BD/PAIR 10.518 GB/s, time 4.985e-03 s, time/iter 4.985e-05, comm_vol 419.43 MB
SIZE 1 MB, REAL_BD 105.485 GB/s, BD/PAIR 13.186 GB/s, time 7.952e-03 s, time/iter 7.952e-05, comm_vol 838.861 MB
SIZE 2 MB, REAL_BD 147.74 GB/s, BD/PAIR 18.468 GB/s, time 1.136e-02 s, time/iter 1.136e-04, comm_vol 1.678 GB
SIZE 4 MB, REAL_BD 169.508 GB/s, BD/PAIR 21.189 GB/s, time 1.980e-02 s, time/iter 1.980e-04, comm_vol 3.355 GB
SIZE 8 MB, REAL_BD 153.825 GB/s, BD/PAIR 19.228 GB/s, time 4.363e-02 s, time/iter 4.363e-04, comm_vol 6.711 GB
SIZE 16 MB, REAL_BD 182.518 GB/s, BD/PAIR 22.815 GB/s, time 7.354e-02 s, time/iter 7.354e-04, comm_vol 13.422 GB
SIZE 32 MB, REAL_BD 185.743 GB/s, BD/PAIR 23.218 GB/s, time 1.445e-01 s, time/iter 1.445e-03, comm_vol 26.844 GB
SIZE 64 MB, REAL_BD 186.605 GB/s, BD/PAIR 23.326 GB/s, time 2.877e-01 s, time/iter 2.877e-03, comm_vol 53.687 GB
SIZE 128 MB, REAL_BD 187.046 GB/s, BD/PAIR 23.381 GB/s, time 5.741e-01 s, time/iter 5.741e-03, comm_vol 107.374 GB
SIZE 256 MB, REAL_BD 186.305 GB/s, BD/PAIR 23.288 GB/s, time 1.153e+00 s, time/iter 1.153e-02, comm_vol 214.748 GB
SIZE 512 MB, REAL_BD 185.439 GB/s, BD/PAIR 23.18 GB/s, time 2.316e+00 s, time/iter 2.316e-02, comm_vol 429.497 GB
SIZE 1 GB, REAL_BD 186.816 GB/s, BD/PAIR 23.352 GB/s, time 4.598e+00 s, time/iter 4.598e-02, comm_vol 858.993 GB
[[0, 8], [1, 9], [2, 10], [3, 11], [4, 12], [5, 13], [6, 14], [7, 15], [8, 0], [9, 1], [10, 2], [11, 3], [12, 4], [13, 5], [14, 6], [15, 7]]
SIZE 8 KB, REAL_BD 1.842 GB/s, BD/PAIR 115.147 MB/s, time 7.114e-03 s, time/iter 7.114e-05, comm_vol 13.107 MB
SIZE 16 KB, REAL_BD 2.964 GB/s, BD/PAIR 185.278 MB/s, time 8.843e-03 s, time/iter 8.843e-05, comm_vol 26.214 MB
SIZE 32 KB, REAL_BD 5.899 GB/s, BD/PAIR 368.667 MB/s, time 8.888e-03 s, time/iter 8.888e-05, comm_vol 52.429 MB
SIZE 64 KB, REAL_BD 12.017 GB/s, BD/PAIR 751.074 MB/s, time 8.726e-03 s, time/iter 8.726e-05, comm_vol 104.858 MB
SIZE 128 KB, REAL_BD 17.508 GB/s, BD/PAIR 1.094 GB/s, time 1.198e-02 s, time/iter 1.198e-04, comm_vol 209.715 MB
SIZE 256 KB, REAL_BD 38.41 GB/s, BD/PAIR 2.401 GB/s, time 1.092e-02 s, time/iter 1.092e-04, comm_vol 419.43 MB
SIZE 512 KB, REAL_BD 59.536 GB/s, BD/PAIR 3.721 GB/s, time 1.409e-02 s, time/iter 1.409e-04, comm_vol 838.861 MB
SIZE 1 MB, REAL_BD 79.394 GB/s, BD/PAIR 4.962 GB/s, time 2.113e-02 s, time/iter 2.113e-04, comm_vol 1.678 GB
SIZE 2 MB, REAL_BD 125.643 GB/s, BD/PAIR 7.853 GB/s, time 2.671e-02 s, time/iter 2.671e-04, comm_vol 3.355 GB
SIZE 4 MB, REAL_BD 150.598 GB/s, BD/PAIR 9.412 GB/s, time 4.456e-02 s, time/iter 4.456e-04, comm_vol 6.711 GB
SIZE 8 MB, REAL_BD 163.411 GB/s, BD/PAIR 10.213 GB/s, time 8.214e-02 s, time/iter 8.214e-04, comm_vol 13.422 GB
SIZE 16 MB, REAL_BD 176.107 GB/s, BD/PAIR 11.007 GB/s, time 1.524e-01 s, time/iter 1.524e-03, comm_vol 26.844 GB
SIZE 32 MB, REAL_BD 182.079 GB/s, BD/PAIR 11.38 GB/s, time 2.949e-01 s, time/iter 2.949e-03, comm_vol 53.687 GB
SIZE 64 MB, REAL_BD 184.996 GB/s, BD/PAIR 11.562 GB/s, time 5.804e-01 s, time/iter 5.804e-03, comm_vol 107.374 GB
SIZE 128 MB, REAL_BD 185.759 GB/s, BD/PAIR 11.61 GB/s, time 1.156e+00 s, time/iter 1.156e-02, comm_vol 214.748 GB
SIZE 256 MB, REAL_BD 186.801 GB/s, BD/PAIR 11.675 GB/s, time 2.299e+00 s, time/iter 2.299e-02, comm_vol 429.497 GB
SIZE 512 MB, REAL_BD 187.026 GB/s, BD/PAIR 11.689 GB/s, time 4.593e+00 s, time/iter 4.593e-02, comm_vol 858.993 GB
SIZE 1 GB, REAL_BD 187.044 GB/s, BD/PAIR 11.69 GB/s, time 9.185e+00 s, time/iter 9.185e-02, comm_vol 1.718 TB
+ set +x
