HOST: g42,g44
CP_FILE_NAME: small
HOST: g42,g44
CUDA_VISIBLE_DEVICES: 
GPU_NUM: 16
PROC_NUM: 16
NNODES: 2
NTASK_PER_NODE: 8
COMM_MODULE: raw-nccl
+ srun -p h01 -N 2 --ntasks-per-node 8 --gres=gpu:8 --mem 256G -K -w g42,g44 -c 13 ./scripts/executor.sh python conflict_bench.py --backend NCCL --config ./scripts/configs/small_16.json --comm-module raw-nccl
NCCL version 2.21.5+cuda12.4
[INFO]: Cluster init done !!!
[[0, 1]]
NCCL version 2.21.5+cuda12.4
SIZE 8192, REAL_BD 1.016 GB/s, BD/PAIR 1.016 GB/s, time 8.061e-04 s, comm_vol 819.2 KB
SIZE 16384, REAL_BD 1.778 GB/s, BD/PAIR 1.778 GB/s, time 9.217e-04 s, comm_vol 1.638 MB
SIZE 24576, REAL_BD 2.588 GB/s, BD/PAIR 2.588 GB/s, time 9.496e-04 s, comm_vol 2.458 MB
SIZE 32768, REAL_BD 3.368 GB/s, BD/PAIR 3.368 GB/s, time 9.730e-04 s, comm_vol 3.277 MB
SIZE 40960, REAL_BD 4.042 GB/s, BD/PAIR 4.042 GB/s, time 1.013e-03 s, comm_vol 4.096 MB
SIZE 49152, REAL_BD 4.802 GB/s, BD/PAIR 4.802 GB/s, time 1.024e-03 s, comm_vol 4.915 MB
SIZE 57344, REAL_BD 5.538 GB/s, BD/PAIR 5.538 GB/s, time 1.035e-03 s, comm_vol 5.734 MB
SIZE 65536, REAL_BD 6.218 GB/s, BD/PAIR 6.218 GB/s, time 1.054e-03 s, comm_vol 6.554 MB
SIZE 81920, REAL_BD 7.744 GB/s, BD/PAIR 7.744 GB/s, time 1.058e-03 s, comm_vol 8.192 MB
SIZE 98304, REAL_BD 9.222 GB/s, BD/PAIR 9.222 GB/s, time 1.066e-03 s, comm_vol 9.83 MB
SIZE 114688, REAL_BD 10.435 GB/s, BD/PAIR 10.435 GB/s, time 1.099e-03 s, comm_vol 11.469 MB
SIZE 131072, REAL_BD 12.329 GB/s, BD/PAIR 12.329 GB/s, time 1.063e-03 s, comm_vol 13.107 MB
SIZE 163840, REAL_BD 15.214 GB/s, BD/PAIR 15.214 GB/s, time 1.077e-03 s, comm_vol 16.384 MB
SIZE 196608, REAL_BD 18.216 GB/s, BD/PAIR 18.216 GB/s, time 1.079e-03 s, comm_vol 19.661 MB
SIZE 229376, REAL_BD 21.038 GB/s, BD/PAIR 21.038 GB/s, time 1.090e-03 s, comm_vol 22.938 MB
SIZE 262144, REAL_BD 18.951 GB/s, BD/PAIR 18.951 GB/s, time 1.383e-03 s, comm_vol 26.214 MB
SIZE 327680, REAL_BD 29.589 GB/s, BD/PAIR 29.589 GB/s, time 1.107e-03 s, comm_vol 32.768 MB
SIZE 393216, REAL_BD 34.274 GB/s, BD/PAIR 34.274 GB/s, time 1.147e-03 s, comm_vol 39.322 MB
SIZE 458752, REAL_BD 38.707 GB/s, BD/PAIR 38.707 GB/s, time 1.185e-03 s, comm_vol 45.875 MB
SIZE 524288, REAL_BD 42.733 GB/s, BD/PAIR 42.733 GB/s, time 1.227e-03 s, comm_vol 52.429 MB
SIZE 655360, REAL_BD 49.563 GB/s, BD/PAIR 49.563 GB/s, time 1.322e-03 s, comm_vol 65.536 MB
SIZE 786432, REAL_BD 55.671 GB/s, BD/PAIR 55.671 GB/s, time 1.413e-03 s, comm_vol 78.643 MB
SIZE 917504, REAL_BD 61.103 GB/s, BD/PAIR 61.103 GB/s, time 1.502e-03 s, comm_vol 91.75 MB
SIZE 1048576, REAL_BD 66.526 GB/s, BD/PAIR 66.526 GB/s, time 1.576e-03 s, comm_vol 104.858 MB
SIZE 1310720, REAL_BD 74.776 GB/s, BD/PAIR 74.776 GB/s, time 1.753e-03 s, comm_vol 131.072 MB
SIZE 1572864, REAL_BD 81.728 GB/s, BD/PAIR 81.728 GB/s, time 1.925e-03 s, comm_vol 157.286 MB
SIZE 1835008, REAL_BD 88.681 GB/s, BD/PAIR 88.681 GB/s, time 2.069e-03 s, comm_vol 183.501 MB
SIZE 2097152, REAL_BD 93.159 GB/s, BD/PAIR 93.159 GB/s, time 2.251e-03 s, comm_vol 209.715 MB
SIZE 2621440, REAL_BD 101.977 GB/s, BD/PAIR 101.977 GB/s, time 2.571e-03 s, comm_vol 262.144 MB
SIZE 3145728, REAL_BD 108.809 GB/s, BD/PAIR 108.809 GB/s, time 2.891e-03 s, comm_vol 314.573 MB
SIZE 3670016, REAL_BD 114.481 GB/s, BD/PAIR 114.481 GB/s, time 3.206e-03 s, comm_vol 367.002 MB
SIZE 4194304, REAL_BD 118.714 GB/s, BD/PAIR 118.714 GB/s, time 3.533e-03 s, comm_vol 419.43 MB
SIZE 5242880, REAL_BD 125.443 GB/s, BD/PAIR 125.443 GB/s, time 4.179e-03 s, comm_vol 524.288 MB
SIZE 6291456, REAL_BD 131.39 GB/s, BD/PAIR 131.39 GB/s, time 4.788e-03 s, comm_vol 629.146 MB
SIZE 7340032, REAL_BD 135.087 GB/s, BD/PAIR 135.087 GB/s, time 5.434e-03 s, comm_vol 734.003 MB
SIZE 8388608, REAL_BD 137.967 GB/s, BD/PAIR 137.967 GB/s, time 6.080e-03 s, comm_vol 838.861 MB
SIZE 10485760, REAL_BD 142.692 GB/s, BD/PAIR 142.692 GB/s, time 7.349e-03 s, comm_vol 1.049 GB
SIZE 12582912, REAL_BD 146.151 GB/s, BD/PAIR 146.151 GB/s, time 8.610e-03 s, comm_vol 1.258 GB
SIZE 14680064, REAL_BD 148.125 GB/s, BD/PAIR 148.125 GB/s, time 9.911e-03 s, comm_vol 1.468 GB
SIZE 16777216, REAL_BD 149.26 GB/s, BD/PAIR 149.26 GB/s, time 1.124e-02 s, comm_vol 1.678 GB
SIZE 20971520, REAL_BD 151.83 GB/s, BD/PAIR 151.83 GB/s, time 1.381e-02 s, comm_vol 2.097 GB
SIZE 25165824, REAL_BD 154.302 GB/s, BD/PAIR 154.302 GB/s, time 1.631e-02 s, comm_vol 2.517 GB
SIZE 29360128, REAL_BD 155.677 GB/s, BD/PAIR 155.677 GB/s, time 1.886e-02 s, comm_vol 2.936 GB
SIZE 33554432, REAL_BD 156.264 GB/s, BD/PAIR 156.264 GB/s, time 2.147e-02 s, comm_vol 3.355 GB
SIZE 41943040, REAL_BD 158.075 GB/s, BD/PAIR 158.075 GB/s, time 2.653e-02 s, comm_vol 4.194 GB
SIZE 50331648, REAL_BD 157.785 GB/s, BD/PAIR 157.785 GB/s, time 3.190e-02 s, comm_vol 5.033 GB
SIZE 58720256, REAL_BD 158.684 GB/s, BD/PAIR 158.684 GB/s, time 3.700e-02 s, comm_vol 5.872 GB
SIZE 67108864, REAL_BD 158.792 GB/s, BD/PAIR 158.792 GB/s, time 4.226e-02 s, comm_vol 6.711 GB
SIZE 83886080, REAL_BD 160.511 GB/s, BD/PAIR 160.511 GB/s, time 5.226e-02 s, comm_vol 8.389 GB
SIZE 100663296, REAL_BD 161.206 GB/s, BD/PAIR 161.206 GB/s, time 6.244e-02 s, comm_vol 10.066 GB
SIZE 117440512, REAL_BD 161.966 GB/s, BD/PAIR 161.966 GB/s, time 7.251e-02 s, comm_vol 11.744 GB
SIZE 134217728, REAL_BD 162.2 GB/s, BD/PAIR 162.2 GB/s, time 8.275e-02 s, comm_vol 13.422 GB
SIZE 167772160, REAL_BD 164.745 GB/s, BD/PAIR 164.745 GB/s, time 1.018e-01 s, comm_vol 16.777 GB
SIZE 201326592, REAL_BD 165.219 GB/s, BD/PAIR 165.219 GB/s, time 1.219e-01 s, comm_vol 20.133 GB
SIZE 234881024, REAL_BD 165.462 GB/s, BD/PAIR 165.462 GB/s, time 1.420e-01 s, comm_vol 23.488 GB
SIZE 268435456, REAL_BD 165.616 GB/s, BD/PAIR 165.616 GB/s, time 1.621e-01 s, comm_vol 26.844 GB
SIZE 335544320, REAL_BD 165.953 GB/s, BD/PAIR 165.953 GB/s, time 2.022e-01 s, comm_vol 33.554 GB
SIZE 402653184, REAL_BD 166.189 GB/s, BD/PAIR 166.189 GB/s, time 2.423e-01 s, comm_vol 40.265 GB
SIZE 469762048, REAL_BD 166.372 GB/s, BD/PAIR 166.372 GB/s, time 2.824e-01 s, comm_vol 46.976 GB
SIZE 536870912, REAL_BD 166.458 GB/s, BD/PAIR 166.458 GB/s, time 3.225e-01 s, comm_vol 53.687 GB
SIZE 671088640, REAL_BD 166.687 GB/s, BD/PAIR 166.687 GB/s, time 4.026e-01 s, comm_vol 67.109 GB
SIZE 805306368, REAL_BD 166.731 GB/s, BD/PAIR 166.731 GB/s, time 4.830e-01 s, comm_vol 80.531 GB
SIZE 939524096, REAL_BD 166.86 GB/s, BD/PAIR 166.86 GB/s, time 5.631e-01 s, comm_vol 93.952 GB
SIZE 1073741824, REAL_BD 166.92 GB/s, BD/PAIR 166.92 GB/s, time 6.433e-01 s, comm_vol 107.374 GB
[[0, 8]]
SIZE 8192, REAL_BD 548.44 MB/s, BD/PAIR 548.44 MB/s, time 1.494e-03 s, comm_vol 819.2 KB
SIZE 16384, REAL_BD 943.172 MB/s, BD/PAIR 943.172 MB/s, time 1.737e-03 s, comm_vol 1.638 MB
SIZE 24576, REAL_BD 1.405 GB/s, BD/PAIR 1.405 GB/s, time 1.750e-03 s, comm_vol 2.458 MB
SIZE 32768, REAL_BD 1.821 GB/s, BD/PAIR 1.821 GB/s, time 1.799e-03 s, comm_vol 3.277 MB
SIZE 40960, REAL_BD 1.811 GB/s, BD/PAIR 1.811 GB/s, time 2.261e-03 s, comm_vol 4.096 MB
SIZE 49152, REAL_BD 2.03 GB/s, BD/PAIR 2.03 GB/s, time 2.422e-03 s, comm_vol 4.915 MB
SIZE 57344, REAL_BD 2.338 GB/s, BD/PAIR 2.338 GB/s, time 2.452e-03 s, comm_vol 5.734 MB
SIZE 65536, REAL_BD 2.625 GB/s, BD/PAIR 2.625 GB/s, time 2.496e-03 s, comm_vol 6.554 MB
SIZE 81920, REAL_BD 2.801 GB/s, BD/PAIR 2.801 GB/s, time 2.925e-03 s, comm_vol 8.192 MB
SIZE 98304, REAL_BD 3.285 GB/s, BD/PAIR 3.285 GB/s, time 2.993e-03 s, comm_vol 9.83 MB
SIZE 114688, REAL_BD 3.349 GB/s, BD/PAIR 3.349 GB/s, time 3.424e-03 s, comm_vol 11.469 MB
SIZE 131072, REAL_BD 4.639 GB/s, BD/PAIR 4.639 GB/s, time 2.826e-03 s, comm_vol 13.107 MB
SIZE 163840, REAL_BD 5.692 GB/s, BD/PAIR 5.692 GB/s, time 2.878e-03 s, comm_vol 16.384 MB
SIZE 196608, REAL_BD 6.846 GB/s, BD/PAIR 6.846 GB/s, time 2.872e-03 s, comm_vol 19.661 MB
SIZE 229376, REAL_BD 7.149 GB/s, BD/PAIR 7.149 GB/s, time 3.209e-03 s, comm_vol 22.938 MB
SIZE 262144, REAL_BD 7.681 GB/s, BD/PAIR 7.681 GB/s, time 3.413e-03 s, comm_vol 26.214 MB
SIZE 327680, REAL_BD 9.22 GB/s, BD/PAIR 9.22 GB/s, time 3.554e-03 s, comm_vol 32.768 MB
SIZE 393216, REAL_BD 10.91 GB/s, BD/PAIR 10.91 GB/s, time 3.604e-03 s, comm_vol 39.322 MB
SIZE 458752, REAL_BD 10.815 GB/s, BD/PAIR 10.815 GB/s, time 4.242e-03 s, comm_vol 45.875 MB
SIZE 524288, REAL_BD 12.331 GB/s, BD/PAIR 12.331 GB/s, time 4.252e-03 s, comm_vol 52.429 MB
SIZE 655360, REAL_BD 13.42 GB/s, BD/PAIR 13.42 GB/s, time 4.883e-03 s, comm_vol 65.536 MB
SIZE 786432, REAL_BD 14.165 GB/s, BD/PAIR 14.165 GB/s, time 5.552e-03 s, comm_vol 78.643 MB
SIZE 917504, REAL_BD 14.289 GB/s, BD/PAIR 14.289 GB/s, time 6.421e-03 s, comm_vol 91.75 MB
SIZE 1048576, REAL_BD 14.766 GB/s, BD/PAIR 14.766 GB/s, time 7.101e-03 s, comm_vol 104.858 MB
SIZE 1310720, REAL_BD 15.794 GB/s, BD/PAIR 15.794 GB/s, time 8.299e-03 s, comm_vol 131.072 MB
SIZE 1572864, REAL_BD 16.369 GB/s, BD/PAIR 16.369 GB/s, time 9.609e-03 s, comm_vol 157.286 MB
SIZE 1835008, REAL_BD 16.825 GB/s, BD/PAIR 16.825 GB/s, time 1.091e-02 s, comm_vol 183.501 MB
SIZE 2097152, REAL_BD 20.342 GB/s, BD/PAIR 20.342 GB/s, time 1.031e-02 s, comm_vol 209.715 MB
SIZE 2621440, REAL_BD 20.612 GB/s, BD/PAIR 20.612 GB/s, time 1.272e-02 s, comm_vol 262.144 MB
SIZE 3145728, REAL_BD 21.05 GB/s, BD/PAIR 21.05 GB/s, time 1.494e-02 s, comm_vol 314.573 MB
SIZE 3670016, REAL_BD 21.33 GB/s, BD/PAIR 21.33 GB/s, time 1.721e-02 s, comm_vol 367.002 MB
SIZE 4194304, REAL_BD 21.772 GB/s, BD/PAIR 21.772 GB/s, time 1.926e-02 s, comm_vol 419.43 MB
SIZE 5242880, REAL_BD 21.971 GB/s, BD/PAIR 21.971 GB/s, time 2.386e-02 s, comm_vol 524.288 MB
SIZE 6291456, REAL_BD 22.134 GB/s, BD/PAIR 22.134 GB/s, time 2.842e-02 s, comm_vol 629.146 MB
SIZE 7340032, REAL_BD 22.394 GB/s, BD/PAIR 22.394 GB/s, time 3.278e-02 s, comm_vol 734.003 MB
SIZE 8388608, REAL_BD 22.623 GB/s, BD/PAIR 22.623 GB/s, time 3.708e-02 s, comm_vol 838.861 MB
SIZE 10485760, REAL_BD 22.774 GB/s, BD/PAIR 22.774 GB/s, time 4.604e-02 s, comm_vol 1.049 GB
SIZE 12582912, REAL_BD 22.839 GB/s, BD/PAIR 22.839 GB/s, time 5.509e-02 s, comm_vol 1.258 GB
SIZE 14680064, REAL_BD 22.98 GB/s, BD/PAIR 22.98 GB/s, time 6.388e-02 s, comm_vol 1.468 GB
SIZE 16777216, REAL_BD 23.063 GB/s, BD/PAIR 23.063 GB/s, time 7.274e-02 s, comm_vol 1.678 GB
SIZE 20971520, REAL_BD 23.158 GB/s, BD/PAIR 23.158 GB/s, time 9.056e-02 s, comm_vol 2.097 GB
SIZE 25165824, REAL_BD 23.259 GB/s, BD/PAIR 23.259 GB/s, time 1.082e-01 s, comm_vol 2.517 GB
SIZE 29360128, REAL_BD 23.305 GB/s, BD/PAIR 23.305 GB/s, time 1.260e-01 s, comm_vol 2.936 GB
SIZE 33554432, REAL_BD 23.352 GB/s, BD/PAIR 23.352 GB/s, time 1.437e-01 s, comm_vol 3.355 GB
SIZE 41943040, REAL_BD 23.377 GB/s, BD/PAIR 23.377 GB/s, time 1.794e-01 s, comm_vol 4.194 GB
SIZE 50331648, REAL_BD 23.409 GB/s, BD/PAIR 23.409 GB/s, time 2.150e-01 s, comm_vol 5.033 GB
SIZE 58720256, REAL_BD 23.454 GB/s, BD/PAIR 23.454 GB/s, time 2.504e-01 s, comm_vol 5.872 GB
SIZE 67108864, REAL_BD 23.465 GB/s, BD/PAIR 23.465 GB/s, time 2.860e-01 s, comm_vol 6.711 GB
SIZE 83886080, REAL_BD 23.507 GB/s, BD/PAIR 23.507 GB/s, time 3.569e-01 s, comm_vol 8.389 GB
SIZE 100663296, REAL_BD 23.532 GB/s, BD/PAIR 23.532 GB/s, time 4.278e-01 s, comm_vol 10.066 GB
SIZE 117440512, REAL_BD 23.534 GB/s, BD/PAIR 23.534 GB/s, time 4.990e-01 s, comm_vol 11.744 GB
SIZE 134217728, REAL_BD 23.543 GB/s, BD/PAIR 23.543 GB/s, time 5.701e-01 s, comm_vol 13.422 GB
SIZE 167772160, REAL_BD 23.553 GB/s, BD/PAIR 23.553 GB/s, time 7.123e-01 s, comm_vol 16.777 GB
SIZE 201326592, REAL_BD 23.555 GB/s, BD/PAIR 23.555 GB/s, time 8.547e-01 s, comm_vol 20.133 GB
SIZE 234881024, REAL_BD 23.574 GB/s, BD/PAIR 23.574 GB/s, time 9.964e-01 s, comm_vol 23.488 GB
SIZE 268435456, REAL_BD 23.547 GB/s, BD/PAIR 23.547 GB/s, time 1.140e+00 s, comm_vol 26.844 GB
SIZE 335544320, REAL_BD 23.519 GB/s, BD/PAIR 23.519 GB/s, time 1.427e+00 s, comm_vol 33.554 GB
SIZE 402653184, REAL_BD 23.558 GB/s, BD/PAIR 23.558 GB/s, time 1.709e+00 s, comm_vol 40.265 GB
SIZE 469762048, REAL_BD 23.495 GB/s, BD/PAIR 23.495 GB/s, time 1.999e+00 s, comm_vol 46.976 GB
SIZE 536870912, REAL_BD 23.574 GB/s, BD/PAIR 23.574 GB/s, time 2.277e+00 s, comm_vol 53.687 GB
SIZE 671088640, REAL_BD 23.499 GB/s, BD/PAIR 23.499 GB/s, time 2.856e+00 s, comm_vol 67.109 GB
SIZE 805306368, REAL_BD 23.542 GB/s, BD/PAIR 23.542 GB/s, time 3.421e+00 s, comm_vol 80.531 GB
SIZE 939524096, REAL_BD 23.436 GB/s, BD/PAIR 23.436 GB/s, time 4.009e+00 s, comm_vol 93.952 GB
SIZE 1073741824, REAL_BD 23.493 GB/s, BD/PAIR 23.493 GB/s, time 4.570e+00 s, comm_vol 107.374 GB
[[0, 8], [1, 9], [2, 10], [3, 11], [4, 12], [5, 13], [6, 14], [7, 15]]
NCCL version 2.21.5+cuda12.4
NCCL version 2.21.5+cuda12.4
NCCL version 2.21.5+cuda12.4
NCCL version 2.21.5+cuda12.4
NCCL version 2.21.5+cuda12.4
NCCL version 2.21.5+cuda12.4
NCCL version 2.21.5+cuda12.4
SIZE 8192, REAL_BD 3.692 GB/s, BD/PAIR 461.514 MB/s, time 1.775e-03 s, comm_vol 6.554 MB
SIZE 16384, REAL_BD 6.726 GB/s, BD/PAIR 840.811 MB/s, time 1.949e-03 s, comm_vol 13.107 MB
SIZE 24576, REAL_BD 10.395 GB/s, BD/PAIR 1.299 GB/s, time 1.891e-03 s, comm_vol 19.661 MB
SIZE 32768, REAL_BD 13.43 GB/s, BD/PAIR 1.679 GB/s, time 1.952e-03 s, comm_vol 26.214 MB
SIZE 40960, REAL_BD 13.3 GB/s, BD/PAIR 1.662 GB/s, time 2.464e-03 s, comm_vol 32.768 MB
SIZE 49152, REAL_BD 15.565 GB/s, BD/PAIR 1.946 GB/s, time 2.526e-03 s, comm_vol 39.322 MB
SIZE 57344, REAL_BD 17.816 GB/s, BD/PAIR 2.227 GB/s, time 2.575e-03 s, comm_vol 45.875 MB
SIZE 65536, REAL_BD 20.037 GB/s, BD/PAIR 2.505 GB/s, time 2.617e-03 s, comm_vol 52.429 MB
SIZE 81920, REAL_BD 20.647 GB/s, BD/PAIR 2.581 GB/s, time 3.174e-03 s, comm_vol 65.536 MB
SIZE 98304, REAL_BD 24.627 GB/s, BD/PAIR 3.078 GB/s, time 3.193e-03 s, comm_vol 78.643 MB
SIZE 114688, REAL_BD 24.613 GB/s, BD/PAIR 3.077 GB/s, time 3.728e-03 s, comm_vol 91.75 MB
SIZE 131072, REAL_BD 35.425 GB/s, BD/PAIR 4.428 GB/s, time 2.960e-03 s, comm_vol 104.858 MB
SIZE 163840, REAL_BD 43.607 GB/s, BD/PAIR 5.451 GB/s, time 3.006e-03 s, comm_vol 131.072 MB
SIZE 196608, REAL_BD 52.097 GB/s, BD/PAIR 6.512 GB/s, time 3.019e-03 s, comm_vol 157.286 MB
SIZE 229376, REAL_BD 54.59 GB/s, BD/PAIR 6.824 GB/s, time 3.361e-03 s, comm_vol 183.501 MB
SIZE 262144, REAL_BD 67.793 GB/s, BD/PAIR 8.474 GB/s, time 3.093e-03 s, comm_vol 209.715 MB
SIZE 327680, REAL_BD 70.558 GB/s, BD/PAIR 8.82 GB/s, time 3.715e-03 s, comm_vol 262.144 MB
SIZE 393216, REAL_BD 83.249 GB/s, BD/PAIR 10.406 GB/s, time 3.779e-03 s, comm_vol 314.573 MB
SIZE 458752, REAL_BD 82.106 GB/s, BD/PAIR 10.263 GB/s, time 4.470e-03 s, comm_vol 367.002 MB
SIZE 524288, REAL_BD 92.571 GB/s, BD/PAIR 11.571 GB/s, time 4.531e-03 s, comm_vol 419.43 MB
SIZE 655360, REAL_BD 100.472 GB/s, BD/PAIR 12.559 GB/s, time 5.218e-03 s, comm_vol 524.288 MB
SIZE 786432, REAL_BD 105.905 GB/s, BD/PAIR 13.238 GB/s, time 5.941e-03 s, comm_vol 629.146 MB
SIZE 917504, REAL_BD 109.892 GB/s, BD/PAIR 13.737 GB/s, time 6.679e-03 s, comm_vol 734.003 MB
SIZE 1048576, REAL_BD 114.734 GB/s, BD/PAIR 14.342 GB/s, time 7.311e-03 s, comm_vol 838.861 MB
SIZE 1310720, REAL_BD 121.473 GB/s, BD/PAIR 15.184 GB/s, time 8.632e-03 s, comm_vol 1.049 GB
SIZE 1572864, REAL_BD 123.111 GB/s, BD/PAIR 15.389 GB/s, time 1.022e-02 s, comm_vol 1.258 GB
SIZE 1835008, REAL_BD 129.76 GB/s, BD/PAIR 16.22 GB/s, time 1.131e-02 s, comm_vol 1.468 GB
SIZE 2097152, REAL_BD 162.533 GB/s, BD/PAIR 20.317 GB/s, time 1.032e-02 s, comm_vol 1.678 GB
SIZE 2621440, REAL_BD 167.967 GB/s, BD/PAIR 20.996 GB/s, time 1.249e-02 s, comm_vol 2.097 GB
SIZE 3145728, REAL_BD 171.272 GB/s, BD/PAIR 21.409 GB/s, time 1.469e-02 s, comm_vol 2.517 GB
SIZE 3670016, REAL_BD 173.332 GB/s, BD/PAIR 21.666 GB/s, time 1.694e-02 s, comm_vol 2.936 GB
SIZE 4194304, REAL_BD 177.37 GB/s, BD/PAIR 22.171 GB/s, time 1.892e-02 s, comm_vol 3.355 GB
SIZE 5242880, REAL_BD 179.688 GB/s, BD/PAIR 22.461 GB/s, time 2.334e-02 s, comm_vol 4.194 GB
SIZE 6291456, REAL_BD 182.458 GB/s, BD/PAIR 22.807 GB/s, time 2.759e-02 s, comm_vol 5.033 GB
SIZE 7340032, REAL_BD 182.887 GB/s, BD/PAIR 22.861 GB/s, time 3.211e-02 s, comm_vol 5.872 GB
SIZE 8388608, REAL_BD 184.967 GB/s, BD/PAIR 23.121 GB/s, time 3.628e-02 s, comm_vol 6.711 GB
SIZE 10485760, REAL_BD 186.406 GB/s, BD/PAIR 23.301 GB/s, time 4.500e-02 s, comm_vol 8.389 GB
SIZE 12582912, REAL_BD 187.535 GB/s, BD/PAIR 23.442 GB/s, time 5.368e-02 s, comm_vol 10.066 GB
SIZE 14680064, REAL_BD 188.384 GB/s, BD/PAIR 23.548 GB/s, time 6.234e-02 s, comm_vol 11.744 GB
SIZE 16777216, REAL_BD 188.802 GB/s, BD/PAIR 23.6 GB/s, time 7.109e-02 s, comm_vol 13.422 GB
SIZE 20971520, REAL_BD 189.644 GB/s, BD/PAIR 23.706 GB/s, time 8.847e-02 s, comm_vol 16.777 GB
SIZE 25165824, REAL_BD 190.305 GB/s, BD/PAIR 23.788 GB/s, time 1.058e-01 s, comm_vol 20.133 GB
SIZE 29360128, REAL_BD 190.564 GB/s, BD/PAIR 23.82 GB/s, time 1.233e-01 s, comm_vol 23.488 GB
SIZE 33554432, REAL_BD 189.011 GB/s, BD/PAIR 23.626 GB/s, time 1.420e-01 s, comm_vol 26.844 GB
SIZE 41943040, REAL_BD 191.127 GB/s, BD/PAIR 23.891 GB/s, time 1.756e-01 s, comm_vol 33.554 GB
SIZE 50331648, REAL_BD 191.524 GB/s, BD/PAIR 23.941 GB/s, time 2.102e-01 s, comm_vol 40.265 GB
SIZE 58720256, REAL_BD 191.75 GB/s, BD/PAIR 23.969 GB/s, time 2.450e-01 s, comm_vol 46.976 GB
SIZE 67108864, REAL_BD 191.942 GB/s, BD/PAIR 23.993 GB/s, time 2.797e-01 s, comm_vol 53.687 GB
SIZE 83886080, REAL_BD 191.945 GB/s, BD/PAIR 23.993 GB/s, time 3.496e-01 s, comm_vol 67.109 GB
SIZE 100663296, REAL_BD 192.117 GB/s, BD/PAIR 24.015 GB/s, time 4.192e-01 s, comm_vol 80.531 GB
SIZE 117440512, REAL_BD 192.316 GB/s, BD/PAIR 24.04 GB/s, time 4.885e-01 s, comm_vol 93.952 GB
SIZE 134217728, REAL_BD 192.304 GB/s, BD/PAIR 24.038 GB/s, time 5.584e-01 s, comm_vol 107.374 GB
SIZE 167772160, REAL_BD 192.452 GB/s, BD/PAIR 24.056 GB/s, time 6.974e-01 s, comm_vol 134.218 GB
SIZE 201326592, REAL_BD 192.493 GB/s, BD/PAIR 24.062 GB/s, time 8.367e-01 s, comm_vol 161.061 GB
SIZE 234881024, REAL_BD 192.529 GB/s, BD/PAIR 24.066 GB/s, time 9.760e-01 s, comm_vol 187.905 GB
SIZE 268435456, REAL_BD 192.651 GB/s, BD/PAIR 24.081 GB/s, time 1.115e+00 s, comm_vol 214.748 GB
SIZE 335544320, REAL_BD 192.675 GB/s, BD/PAIR 24.084 GB/s, time 1.393e+00 s, comm_vol 268.435 GB
SIZE 402653184, REAL_BD 192.696 GB/s, BD/PAIR 24.087 GB/s, time 1.672e+00 s, comm_vol 322.123 GB
SIZE 469762048, REAL_BD 192.727 GB/s, BD/PAIR 24.091 GB/s, time 1.950e+00 s, comm_vol 375.81 GB
SIZE 536870912, REAL_BD 192.71 GB/s, BD/PAIR 24.089 GB/s, time 2.229e+00 s, comm_vol 429.497 GB
SIZE 671088640, REAL_BD 192.788 GB/s, BD/PAIR 24.099 GB/s, time 2.785e+00 s, comm_vol 536.871 GB
SIZE 805306368, REAL_BD 192.784 GB/s, BD/PAIR 24.098 GB/s, time 3.342e+00 s, comm_vol 644.245 GB
SIZE 939524096, REAL_BD 192.778 GB/s, BD/PAIR 24.097 GB/s, time 3.899e+00 s, comm_vol 751.619 GB
SIZE 1073741824, REAL_BD 192.806 GB/s, BD/PAIR 24.101 GB/s, time 4.455e+00 s, comm_vol 858.993 GB
[[0, 8], [1, 9], [2, 10], [3, 11], [4, 12], [5, 13], [6, 14], [7, 15], [8, 0], [9, 1], [10, 2], [11, 3], [12, 4], [13, 5], [14, 6], [15, 7]]
SIZE 8192, REAL_BD 5.926 GB/s, BD/PAIR 370.376 MB/s, time 2.212e-03 s, comm_vol 13.107 MB
SIZE 16384, REAL_BD 11.778 GB/s, BD/PAIR 736.149 MB/s, time 2.226e-03 s, comm_vol 26.214 MB
SIZE 24576, REAL_BD 18.801 GB/s, BD/PAIR 1.175 GB/s, time 2.091e-03 s, comm_vol 39.322 MB
SIZE 32768, REAL_BD 25.618 GB/s, BD/PAIR 1.601 GB/s, time 2.047e-03 s, comm_vol 52.429 MB
SIZE 40960, REAL_BD 25.615 GB/s, BD/PAIR 1.601 GB/s, time 2.558e-03 s, comm_vol 65.536 MB
SIZE 49152, REAL_BD 30.036 GB/s, BD/PAIR 1.877 GB/s, time 2.618e-03 s, comm_vol 78.643 MB
SIZE 57344, REAL_BD 34.268 GB/s, BD/PAIR 2.142 GB/s, time 2.677e-03 s, comm_vol 91.75 MB
SIZE 65536, REAL_BD 38.64 GB/s, BD/PAIR 2.415 GB/s, time 2.714e-03 s, comm_vol 104.858 MB
SIZE 81920, REAL_BD 39.734 GB/s, BD/PAIR 2.483 GB/s, time 3.299e-03 s, comm_vol 131.072 MB
SIZE 98304, REAL_BD 47.166 GB/s, BD/PAIR 2.948 GB/s, time 3.335e-03 s, comm_vol 157.286 MB
SIZE 114688, REAL_BD 46.301 GB/s, BD/PAIR 2.894 GB/s, time 3.963e-03 s, comm_vol 183.501 MB
SIZE 131072, REAL_BD 65.379 GB/s, BD/PAIR 4.086 GB/s, time 3.208e-03 s, comm_vol 209.715 MB
SIZE 163840, REAL_BD 80.645 GB/s, BD/PAIR 5.04 GB/s, time 3.251e-03 s, comm_vol 262.144 MB
SIZE 196608, REAL_BD 96.223 GB/s, BD/PAIR 6.014 GB/s, time 3.269e-03 s, comm_vol 314.573 MB
SIZE 229376, REAL_BD 104.184 GB/s, BD/PAIR 6.511 GB/s, time 3.523e-03 s, comm_vol 367.002 MB
SIZE 262144, REAL_BD 123.74 GB/s, BD/PAIR 7.734 GB/s, time 3.390e-03 s, comm_vol 419.43 MB
SIZE 327680, REAL_BD 129.958 GB/s, BD/PAIR 8.122 GB/s, time 4.034e-03 s, comm_vol 524.288 MB
SIZE 393216, REAL_BD 150.181 GB/s, BD/PAIR 9.386 GB/s, time 4.189e-03 s, comm_vol 629.146 MB
SIZE 458752, REAL_BD 151.694 GB/s, BD/PAIR 9.481 GB/s, time 4.839e-03 s, comm_vol 734.003 MB
SIZE 524288, REAL_BD 170.475 GB/s, BD/PAIR 10.655 GB/s, time 4.921e-03 s, comm_vol 838.861 MB
SIZE 655360, REAL_BD 181.34 GB/s, BD/PAIR 11.334 GB/s, time 5.782e-03 s, comm_vol 1.049 GB
SIZE 786432, REAL_BD 191.005 GB/s, BD/PAIR 11.938 GB/s, time 6.588e-03 s, comm_vol 1.258 GB
SIZE 917504, REAL_BD 200.739 GB/s, BD/PAIR 12.546 GB/s, time 7.313e-03 s, comm_vol 1.468 GB
SIZE 1048576, REAL_BD 207.988 GB/s, BD/PAIR 12.999 GB/s, time 8.066e-03 s, comm_vol 1.678 GB
SIZE 1310720, REAL_BD 210.69 GB/s, BD/PAIR 13.168 GB/s, time 9.954e-03 s, comm_vol 2.097 GB
SIZE 1572864, REAL_BD 218.243 GB/s, BD/PAIR 13.64 GB/s, time 1.153e-02 s, comm_vol 2.517 GB
SIZE 1835008, REAL_BD 224.701 GB/s, BD/PAIR 14.044 GB/s, time 1.307e-02 s, comm_vol 2.936 GB
SIZE 2097152, REAL_BD 304.356 GB/s, BD/PAIR 19.022 GB/s, time 1.102e-02 s, comm_vol 3.355 GB
SIZE 2621440, REAL_BD 314.416 GB/s, BD/PAIR 19.651 GB/s, time 1.334e-02 s, comm_vol 4.194 GB
SIZE 3145728, REAL_BD 318.156 GB/s, BD/PAIR 19.885 GB/s, time 1.582e-02 s, comm_vol 5.033 GB
SIZE 3670016, REAL_BD 327.262 GB/s, BD/PAIR 20.454 GB/s, time 1.794e-02 s, comm_vol 5.872 GB
SIZE 4194304, REAL_BD 329.673 GB/s, BD/PAIR 20.605 GB/s, time 2.036e-02 s, comm_vol 6.711 GB
SIZE 5242880, REAL_BD 338.275 GB/s, BD/PAIR 21.142 GB/s, time 2.480e-02 s, comm_vol 8.389 GB
SIZE 6291456, REAL_BD 344.767 GB/s, BD/PAIR 21.548 GB/s, time 2.920e-02 s, comm_vol 10.066 GB
SIZE 7340032, REAL_BD 346.14 GB/s, BD/PAIR 21.634 GB/s, time 3.393e-02 s, comm_vol 11.744 GB
SIZE 8388608, REAL_BD 351.207 GB/s, BD/PAIR 21.95 GB/s, time 3.822e-02 s, comm_vol 13.422 GB
SIZE 10485760, REAL_BD 353.79 GB/s, BD/PAIR 22.112 GB/s, time 4.742e-02 s, comm_vol 16.777 GB
SIZE 12582912, REAL_BD 357.094 GB/s, BD/PAIR 22.318 GB/s, time 5.638e-02 s, comm_vol 20.133 GB
SIZE 14680064, REAL_BD 358.124 GB/s, BD/PAIR 22.383 GB/s, time 6.559e-02 s, comm_vol 23.488 GB
SIZE 16777216, REAL_BD 359.303 GB/s, BD/PAIR 22.456 GB/s, time 7.471e-02 s, comm_vol 26.844 GB
SIZE 20971520, REAL_BD 362.129 GB/s, BD/PAIR 22.633 GB/s, time 9.266e-02 s, comm_vol 33.554 GB
SIZE 25165824, REAL_BD 362.633 GB/s, BD/PAIR 22.665 GB/s, time 1.110e-01 s, comm_vol 40.265 GB
SIZE 29360128, REAL_BD 363.992 GB/s, BD/PAIR 22.749 GB/s, time 1.291e-01 s, comm_vol 46.976 GB
SIZE 33554432, REAL_BD 364.718 GB/s, BD/PAIR 22.795 GB/s, time 1.472e-01 s, comm_vol 53.687 GB
SIZE 41943040, REAL_BD 365.841 GB/s, BD/PAIR 22.865 GB/s, time 1.834e-01 s, comm_vol 67.109 GB
SIZE 50331648, REAL_BD 366.62 GB/s, BD/PAIR 22.914 GB/s, time 2.197e-01 s, comm_vol 80.531 GB
SIZE 58720256, REAL_BD 366.734 GB/s, BD/PAIR 22.921 GB/s, time 2.562e-01 s, comm_vol 93.952 GB
SIZE 67108864, REAL_BD 366.958 GB/s, BD/PAIR 22.935 GB/s, time 2.926e-01 s, comm_vol 107.374 GB
SIZE 83886080, REAL_BD 367.345 GB/s, BD/PAIR 22.959 GB/s, time 3.654e-01 s, comm_vol 134.218 GB
SIZE 100663296, REAL_BD 368.288 GB/s, BD/PAIR 23.018 GB/s, time 4.373e-01 s, comm_vol 161.061 GB
SIZE 117440512, REAL_BD 367.991 GB/s, BD/PAIR 22.999 GB/s, time 5.106e-01 s, comm_vol 187.905 GB
SIZE 134217728, REAL_BD 368.653 GB/s, BD/PAIR 23.041 GB/s, time 5.825e-01 s, comm_vol 214.748 GB
SIZE 167772160, REAL_BD 368.952 GB/s, BD/PAIR 23.059 GB/s, time 7.276e-01 s, comm_vol 268.435 GB
SIZE 201326592, REAL_BD 368.933 GB/s, BD/PAIR 23.058 GB/s, time 8.731e-01 s, comm_vol 322.123 GB
SIZE 234881024, REAL_BD 368.926 GB/s, BD/PAIR 23.058 GB/s, time 1.019e+00 s, comm_vol 375.81 GB
SIZE 268435456, REAL_BD 369.142 GB/s, BD/PAIR 23.071 GB/s, time 1.164e+00 s, comm_vol 429.497 GB
SIZE 335544320, REAL_BD 369.435 GB/s, BD/PAIR 23.09 GB/s, time 1.453e+00 s, comm_vol 536.871 GB
SIZE 402653184, REAL_BD 369.558 GB/s, BD/PAIR 23.097 GB/s, time 1.743e+00 s, comm_vol 644.245 GB
SIZE 469762048, REAL_BD 369.718 GB/s, BD/PAIR 23.107 GB/s, time 2.033e+00 s, comm_vol 751.619 GB
SIZE 536870912, REAL_BD 369.787 GB/s, BD/PAIR 23.112 GB/s, time 2.323e+00 s, comm_vol 858.993 GB
SIZE 671088640, REAL_BD 369.704 GB/s, BD/PAIR 23.107 GB/s, time 2.904e+00 s, comm_vol 1.074 TB
SIZE 805306368, REAL_BD 369.979 GB/s, BD/PAIR 23.124 GB/s, time 3.483e+00 s, comm_vol 1.288 TB
SIZE 939524096, REAL_BD 369.829 GB/s, BD/PAIR 23.114 GB/s, time 4.065e+00 s, comm_vol 1.503 TB
SIZE 1073741824, REAL_BD 369.931 GB/s, BD/PAIR 23.121 GB/s, time 4.644e+00 s, comm_vol 1.718 TB
+ set +x
