HOST: g[13-16]
CP_FILE_NAME: small
HOST: g[13-16]
CUDA_VISIBLE_DEVICES: 
GPU_NUM: 32
PROC_NUM: 32
NNODES: 4
NTASK_PER_NODE: 8
COMM_MODULE: raw-nccl
+ srun -p a01 -N 4 --ntasks-per-node 8 --gres=gpu:8 --mem 256G -K -w 'g[13-16]' -c 13 ./scripts/executor.sh python conflict_bench.py --backend NCCL --config ./scripts/configs/small_32.json --comm-module raw-nccl
NCCL version 2.21.5+cuda12.4
[INFO]: Cluster init done !!!
[[0, 8]]
NCCL version 2.21.5+cuda12.4
SIZE 8 KB, REAL_BD 389.655 MB/s, BD/PAIR 389.655 MB/s, time 2.102e-03 s, time/iter 2.102e-05, comm_vol 819.2 KB
SIZE 16 KB, REAL_BD 746.707 MB/s, BD/PAIR 746.707 MB/s, time 2.194e-03 s, time/iter 2.194e-05, comm_vol 1.638 MB
SIZE 32 KB, REAL_BD 1.424 GB/s, BD/PAIR 1.424 GB/s, time 2.301e-03 s, time/iter 2.301e-05, comm_vol 3.277 MB
SIZE 64 KB, REAL_BD 2.136 GB/s, BD/PAIR 2.136 GB/s, time 3.069e-03 s, time/iter 3.069e-05, comm_vol 6.554 MB
SIZE 128 KB, REAL_BD 3.677 GB/s, BD/PAIR 3.677 GB/s, time 3.565e-03 s, time/iter 3.565e-05, comm_vol 13.107 MB
SIZE 256 KB, REAL_BD 7.064 GB/s, BD/PAIR 7.064 GB/s, time 3.711e-03 s, time/iter 3.711e-05, comm_vol 26.214 MB
SIZE 512 KB, REAL_BD 9.437 GB/s, BD/PAIR 9.437 GB/s, time 5.556e-03 s, time/iter 5.556e-05, comm_vol 52.429 MB
SIZE 1 MB, REAL_BD 11.472 GB/s, BD/PAIR 11.472 GB/s, time 9.140e-03 s, time/iter 9.140e-05, comm_vol 104.858 MB
SIZE 2 MB, REAL_BD 17.797 GB/s, BD/PAIR 17.797 GB/s, time 1.178e-02 s, time/iter 1.178e-04, comm_vol 209.715 MB
SIZE 4 MB, REAL_BD 19.372 GB/s, BD/PAIR 19.372 GB/s, time 2.165e-02 s, time/iter 2.165e-04, comm_vol 419.43 MB
SIZE 8 MB, REAL_BD 21.488 GB/s, BD/PAIR 21.488 GB/s, time 3.904e-02 s, time/iter 3.904e-04, comm_vol 838.861 MB
SIZE 16 MB, REAL_BD 22.506 GB/s, BD/PAIR 22.506 GB/s, time 7.455e-02 s, time/iter 7.455e-04, comm_vol 1.678 GB
SIZE 32 MB, REAL_BD 22.852 GB/s, BD/PAIR 22.852 GB/s, time 1.468e-01 s, time/iter 1.468e-03, comm_vol 3.355 GB
SIZE 64 MB, REAL_BD 22.899 GB/s, BD/PAIR 22.899 GB/s, time 2.931e-01 s, time/iter 2.931e-03, comm_vol 6.711 GB
SIZE 128 MB, REAL_BD 22.956 GB/s, BD/PAIR 22.956 GB/s, time 5.847e-01 s, time/iter 5.847e-03, comm_vol 13.422 GB
SIZE 256 MB, REAL_BD 22.377 GB/s, BD/PAIR 22.377 GB/s, time 1.200e+00 s, time/iter 1.200e-02, comm_vol 26.844 GB
SIZE 512 MB, REAL_BD 22.124 GB/s, BD/PAIR 22.124 GB/s, time 2.427e+00 s, time/iter 2.427e-02, comm_vol 53.687 GB
SIZE 1 GB, REAL_BD 21.955 GB/s, BD/PAIR 21.955 GB/s, time 4.891e+00 s, time/iter 4.891e-02, comm_vol 107.374 GB
[[0, 8], [8, 16]]
NCCL version 2.21.5+cuda12.4
SIZE 8 KB, REAL_BD 786.174 MB/s, BD/PAIR 393.087 MB/s, time 2.084e-03 s, time/iter 2.084e-05, comm_vol 1.638 MB
SIZE 16 KB, REAL_BD 1.478 GB/s, BD/PAIR 738.999 MB/s, time 2.217e-03 s, time/iter 2.217e-05, comm_vol 3.277 MB
SIZE 32 KB, REAL_BD 2.907 GB/s, BD/PAIR 1.453 GB/s, time 2.255e-03 s, time/iter 2.255e-05, comm_vol 6.554 MB
SIZE 64 KB, REAL_BD 4.376 GB/s, BD/PAIR 2.188 GB/s, time 2.995e-03 s, time/iter 2.995e-05, comm_vol 13.107 MB
SIZE 128 KB, REAL_BD 7.628 GB/s, BD/PAIR 3.814 GB/s, time 3.437e-03 s, time/iter 3.437e-05, comm_vol 26.214 MB
SIZE 256 KB, REAL_BD 14.298 GB/s, BD/PAIR 7.149 GB/s, time 3.667e-03 s, time/iter 3.667e-05, comm_vol 52.429 MB
SIZE 512 KB, REAL_BD 19.016 GB/s, BD/PAIR 9.508 GB/s, time 5.514e-03 s, time/iter 5.514e-05, comm_vol 104.858 MB
SIZE 1 MB, REAL_BD 24.242 GB/s, BD/PAIR 12.121 GB/s, time 8.651e-03 s, time/iter 8.651e-05, comm_vol 209.715 MB
SIZE 2 MB, REAL_BD 33.787 GB/s, BD/PAIR 16.893 GB/s, time 1.241e-02 s, time/iter 1.241e-04, comm_vol 419.43 MB
SIZE 4 MB, REAL_BD 38.666 GB/s, BD/PAIR 19.333 GB/s, time 2.170e-02 s, time/iter 2.170e-04, comm_vol 838.861 MB
SIZE 8 MB, REAL_BD 38.231 GB/s, BD/PAIR 19.115 GB/s, time 4.388e-02 s, time/iter 4.388e-04, comm_vol 1.678 GB
SIZE 16 MB, REAL_BD 40.638 GB/s, BD/PAIR 20.319 GB/s, time 8.257e-02 s, time/iter 8.257e-04, comm_vol 3.355 GB
SIZE 32 MB, REAL_BD 40.592 GB/s, BD/PAIR 20.296 GB/s, time 1.653e-01 s, time/iter 1.653e-03, comm_vol 6.711 GB
SIZE 64 MB, REAL_BD 41.389 GB/s, BD/PAIR 20.695 GB/s, time 3.243e-01 s, time/iter 3.243e-03, comm_vol 13.422 GB
SIZE 128 MB, REAL_BD 40.961 GB/s, BD/PAIR 20.481 GB/s, time 6.553e-01 s, time/iter 6.553e-03, comm_vol 26.844 GB
SIZE 256 MB, REAL_BD 41.172 GB/s, BD/PAIR 20.586 GB/s, time 1.304e+00 s, time/iter 1.304e-02, comm_vol 53.687 GB
SIZE 512 MB, REAL_BD 40.747 GB/s, BD/PAIR 20.374 GB/s, time 2.635e+00 s, time/iter 2.635e-02, comm_vol 107.374 GB
SIZE 1 GB, REAL_BD 40.968 GB/s, BD/PAIR 20.484 GB/s, time 5.242e+00 s, time/iter 5.242e-02, comm_vol 214.748 GB
[[0, 8], [8, 16], [16, 24]]
NCCL version 2.21.5+cuda12.4
SIZE 8 KB, REAL_BD 1.229 GB/s, BD/PAIR 409.63 MB/s, time 2.000e-03 s, time/iter 2.000e-05, comm_vol 2.458 MB
SIZE 16 KB, REAL_BD 2.159 GB/s, BD/PAIR 719.5 MB/s, time 2.277e-03 s, time/iter 2.277e-05, comm_vol 4.915 MB
SIZE 32 KB, REAL_BD 4.43 GB/s, BD/PAIR 1.477 GB/s, time 2.219e-03 s, time/iter 2.219e-05, comm_vol 9.83 MB
SIZE 64 KB, REAL_BD 6.535 GB/s, BD/PAIR 2.178 GB/s, time 3.009e-03 s, time/iter 3.009e-05, comm_vol 19.661 MB
SIZE 128 KB, REAL_BD 11.616 GB/s, BD/PAIR 3.872 GB/s, time 3.385e-03 s, time/iter 3.385e-05, comm_vol 39.322 MB
SIZE 256 KB, REAL_BD 21.89 GB/s, BD/PAIR 7.297 GB/s, time 3.593e-03 s, time/iter 3.593e-05, comm_vol 78.643 MB
SIZE 512 KB, REAL_BD 29.156 GB/s, BD/PAIR 9.719 GB/s, time 5.395e-03 s, time/iter 5.395e-05, comm_vol 157.286 MB
SIZE 1 MB, REAL_BD 36.366 GB/s, BD/PAIR 12.122 GB/s, time 8.650e-03 s, time/iter 8.650e-05, comm_vol 314.573 MB
SIZE 2 MB, REAL_BD 52.933 GB/s, BD/PAIR 17.644 GB/s, time 1.189e-02 s, time/iter 1.189e-04, comm_vol 629.146 MB
SIZE 4 MB, REAL_BD 56.183 GB/s, BD/PAIR 18.728 GB/s, time 2.240e-02 s, time/iter 2.240e-04, comm_vol 1.258 GB
SIZE 8 MB, REAL_BD 59.108 GB/s, BD/PAIR 19.703 GB/s, time 4.258e-02 s, time/iter 4.258e-04, comm_vol 2.517 GB
SIZE 16 MB, REAL_BD 63.193 GB/s, BD/PAIR 21.064 GB/s, time 7.965e-02 s, time/iter 7.965e-04, comm_vol 5.033 GB
SIZE 32 MB, REAL_BD 63.441 GB/s, BD/PAIR 21.147 GB/s, time 1.587e-01 s, time/iter 1.587e-03, comm_vol 10.066 GB
SIZE 64 MB, REAL_BD 62.229 GB/s, BD/PAIR 20.743 GB/s, time 3.235e-01 s, time/iter 3.235e-03, comm_vol 20.133 GB
SIZE 128 MB, REAL_BD 62.67 GB/s, BD/PAIR 20.89 GB/s, time 6.425e-01 s, time/iter 6.425e-03, comm_vol 40.265 GB
SIZE 256 MB, REAL_BD 63.197 GB/s, BD/PAIR 21.066 GB/s, time 1.274e+00 s, time/iter 1.274e-02, comm_vol 80.531 GB
SIZE 512 MB, REAL_BD 62.917 GB/s, BD/PAIR 20.972 GB/s, time 2.560e+00 s, time/iter 2.560e-02, comm_vol 161.061 GB
SIZE 1 GB, REAL_BD 63.307 GB/s, BD/PAIR 21.102 GB/s, time 5.088e+00 s, time/iter 5.088e-02, comm_vol 322.123 GB
[[0, 8], [8, 16], [16, 24], [24, 0]]
SIZE 8 KB, REAL_BD 1.599 GB/s, BD/PAIR 399.764 MB/s, time 2.049e-03 s, time/iter 2.049e-05, comm_vol 3.277 MB
SIZE 16 KB, REAL_BD 3.007 GB/s, BD/PAIR 751.772 MB/s, time 2.179e-03 s, time/iter 2.179e-05, comm_vol 6.554 MB
SIZE 32 KB, REAL_BD 5.725 GB/s, BD/PAIR 1.431 GB/s, time 2.290e-03 s, time/iter 2.290e-05, comm_vol 13.107 MB
SIZE 64 KB, REAL_BD 8.559 GB/s, BD/PAIR 2.14 GB/s, time 3.063e-03 s, time/iter 3.063e-05, comm_vol 26.214 MB
SIZE 128 KB, REAL_BD 14.733 GB/s, BD/PAIR 3.683 GB/s, time 3.559e-03 s, time/iter 3.559e-05, comm_vol 52.429 MB
SIZE 256 KB, REAL_BD 27.211 GB/s, BD/PAIR 6.803 GB/s, time 3.854e-03 s, time/iter 3.854e-05, comm_vol 104.858 MB
SIZE 512 KB, REAL_BD 37.507 GB/s, BD/PAIR 9.377 GB/s, time 5.591e-03 s, time/iter 5.591e-05, comm_vol 209.715 MB
SIZE 1 MB, REAL_BD 47.62 GB/s, BD/PAIR 11.905 GB/s, time 8.808e-03 s, time/iter 8.808e-05, comm_vol 419.43 MB
SIZE 2 MB, REAL_BD 66.076 GB/s, BD/PAIR 16.519 GB/s, time 1.270e-02 s, time/iter 1.270e-04, comm_vol 838.861 MB
SIZE 4 MB, REAL_BD 75.635 GB/s, BD/PAIR 18.909 GB/s, time 2.218e-02 s, time/iter 2.218e-04, comm_vol 1.678 GB
SIZE 8 MB, REAL_BD 80.8 GB/s, BD/PAIR 20.2 GB/s, time 4.153e-02 s, time/iter 4.153e-04, comm_vol 3.355 GB
SIZE 16 MB, REAL_BD 80.429 GB/s, BD/PAIR 20.107 GB/s, time 8.344e-02 s, time/iter 8.344e-04, comm_vol 6.711 GB
SIZE 32 MB, REAL_BD 84.251 GB/s, BD/PAIR 21.063 GB/s, time 1.593e-01 s, time/iter 1.593e-03, comm_vol 13.422 GB
SIZE 64 MB, REAL_BD 84.691 GB/s, BD/PAIR 21.173 GB/s, time 3.170e-01 s, time/iter 3.170e-03, comm_vol 26.844 GB
SIZE 128 MB, REAL_BD 81.601 GB/s, BD/PAIR 20.4 GB/s, time 6.579e-01 s, time/iter 6.579e-03, comm_vol 53.687 GB
SIZE 256 MB, REAL_BD 80.604 GB/s, BD/PAIR 20.151 GB/s, time 1.332e+00 s, time/iter 1.332e-02, comm_vol 107.374 GB
SIZE 512 MB, REAL_BD 80.2 GB/s, BD/PAIR 20.05 GB/s, time 2.678e+00 s, time/iter 2.678e-02, comm_vol 214.748 GB
SIZE 1 GB, REAL_BD 79.616 GB/s, BD/PAIR 19.904 GB/s, time 5.395e+00 s, time/iter 5.395e-02, comm_vol 429.497 GB
[[0, 8], [8, 16], [16, 24], [24, 0], [2, 10], [10, 18], [18, 26], [26, 2]]
NCCL version 2.21.5+cuda12.4
NCCL version 2.21.5+cuda12.4
NCCL version 2.21.5+cuda12.4
SIZE 8 KB, REAL_BD 2.222 GB/s, BD/PAIR 277.812 MB/s, time 2.949e-03 s, time/iter 2.949e-05, comm_vol 6.554 MB
SIZE 16 KB, REAL_BD 5.815 GB/s, BD/PAIR 726.883 MB/s, time 2.254e-03 s, time/iter 2.254e-05, comm_vol 13.107 MB
SIZE 32 KB, REAL_BD 11.164 GB/s, BD/PAIR 1.395 GB/s, time 2.348e-03 s, time/iter 2.348e-05, comm_vol 26.214 MB
SIZE 64 KB, REAL_BD 16.904 GB/s, BD/PAIR 2.113 GB/s, time 3.102e-03 s, time/iter 3.102e-05, comm_vol 52.429 MB
SIZE 128 KB, REAL_BD 28.954 GB/s, BD/PAIR 3.619 GB/s, time 3.622e-03 s, time/iter 3.622e-05, comm_vol 104.858 MB
SIZE 256 KB, REAL_BD 52.864 GB/s, BD/PAIR 6.608 GB/s, time 3.967e-03 s, time/iter 3.967e-05, comm_vol 209.715 MB
SIZE 512 KB, REAL_BD 72.96 GB/s, BD/PAIR 9.12 GB/s, time 5.749e-03 s, time/iter 5.749e-05, comm_vol 419.43 MB
SIZE 1 MB, REAL_BD 93.441 GB/s, BD/PAIR 11.68 GB/s, time 8.977e-03 s, time/iter 8.977e-05, comm_vol 838.861 MB
SIZE 2 MB, REAL_BD 132.232 GB/s, BD/PAIR 16.529 GB/s, time 1.269e-02 s, time/iter 1.269e-04, comm_vol 1.678 GB
SIZE 4 MB, REAL_BD 149.026 GB/s, BD/PAIR 18.628 GB/s, time 2.252e-02 s, time/iter 2.252e-04, comm_vol 3.355 GB
SIZE 8 MB, REAL_BD 156.059 GB/s, BD/PAIR 19.507 GB/s, time 4.300e-02 s, time/iter 4.300e-04, comm_vol 6.711 GB
SIZE 16 MB, REAL_BD 160.434 GB/s, BD/PAIR 20.054 GB/s, time 8.366e-02 s, time/iter 8.366e-04, comm_vol 13.422 GB
SIZE 32 MB, REAL_BD 162.246 GB/s, BD/PAIR 20.281 GB/s, time 1.654e-01 s, time/iter 1.654e-03, comm_vol 26.844 GB
SIZE 64 MB, REAL_BD 162.106 GB/s, BD/PAIR 20.263 GB/s, time 3.312e-01 s, time/iter 3.312e-03, comm_vol 53.687 GB
SIZE 128 MB, REAL_BD 163.987 GB/s, BD/PAIR 20.498 GB/s, time 6.548e-01 s, time/iter 6.548e-03, comm_vol 107.374 GB
SIZE 256 MB, REAL_BD 164.69 GB/s, BD/PAIR 20.586 GB/s, time 1.304e+00 s, time/iter 1.304e-02, comm_vol 214.748 GB
SIZE 512 MB, REAL_BD 164.653 GB/s, BD/PAIR 20.582 GB/s, time 2.608e+00 s, time/iter 2.608e-02, comm_vol 429.497 GB
SIZE 1 GB, REAL_BD 164.595 GB/s, BD/PAIR 20.574 GB/s, time 5.219e+00 s, time/iter 5.219e-02, comm_vol 858.993 GB
[[0, 8], [8, 16], [16, 24], [24, 0], [4, 12], [12, 20], [20, 28], [28, 4]]
NCCL version 2.21.5+cuda12.4
NCCL version 2.21.5+cuda12.4
NCCL version 2.21.5+cuda12.4
SIZE 8 KB, REAL_BD 2.927 GB/s, BD/PAIR 365.84 MB/s, time 2.239e-03 s, time/iter 2.239e-05, comm_vol 6.554 MB
SIZE 16 KB, REAL_BD 5.464 GB/s, BD/PAIR 682.96 MB/s, time 2.399e-03 s, time/iter 2.399e-05, comm_vol 13.107 MB
SIZE 32 KB, REAL_BD 10.552 GB/s, BD/PAIR 1.319 GB/s, time 2.484e-03 s, time/iter 2.484e-05, comm_vol 26.214 MB
SIZE 64 KB, REAL_BD 16.175 GB/s, BD/PAIR 2.022 GB/s, time 3.241e-03 s, time/iter 3.241e-05, comm_vol 52.429 MB
SIZE 128 KB, REAL_BD 27.986 GB/s, BD/PAIR 3.498 GB/s, time 3.747e-03 s, time/iter 3.747e-05, comm_vol 104.858 MB
SIZE 256 KB, REAL_BD 52.795 GB/s, BD/PAIR 6.599 GB/s, time 3.972e-03 s, time/iter 3.972e-05, comm_vol 209.715 MB
SIZE 512 KB, REAL_BD 71.002 GB/s, BD/PAIR 8.875 GB/s, time 5.907e-03 s, time/iter 5.907e-05, comm_vol 419.43 MB
SIZE 1 MB, REAL_BD 90.165 GB/s, BD/PAIR 11.271 GB/s, time 9.304e-03 s, time/iter 9.304e-05, comm_vol 838.861 MB
SIZE 2 MB, REAL_BD 134.811 GB/s, BD/PAIR 16.851 GB/s, time 1.244e-02 s, time/iter 1.244e-04, comm_vol 1.678 GB
SIZE 4 MB, REAL_BD 146.952 GB/s, BD/PAIR 18.369 GB/s, time 2.283e-02 s, time/iter 2.283e-04, comm_vol 3.355 GB
SIZE 8 MB, REAL_BD 152.233 GB/s, BD/PAIR 19.029 GB/s, time 4.408e-02 s, time/iter 4.408e-04, comm_vol 6.711 GB
SIZE 16 MB, REAL_BD 158.901 GB/s, BD/PAIR 19.863 GB/s, time 8.447e-02 s, time/iter 8.447e-04, comm_vol 13.422 GB
SIZE 32 MB, REAL_BD 161.646 GB/s, BD/PAIR 20.206 GB/s, time 1.661e-01 s, time/iter 1.661e-03, comm_vol 26.844 GB
SIZE 64 MB, REAL_BD 161.449 GB/s, BD/PAIR 20.181 GB/s, time 3.325e-01 s, time/iter 3.325e-03, comm_vol 53.687 GB
SIZE 128 MB, REAL_BD 164.114 GB/s, BD/PAIR 20.514 GB/s, time 6.543e-01 s, time/iter 6.543e-03, comm_vol 107.374 GB
SIZE 256 MB, REAL_BD 163.446 GB/s, BD/PAIR 20.431 GB/s, time 1.314e+00 s, time/iter 1.314e-02, comm_vol 214.748 GB
SIZE 512 MB, REAL_BD 164.073 GB/s, BD/PAIR 20.509 GB/s, time 2.618e+00 s, time/iter 2.618e-02, comm_vol 429.497 GB
SIZE 1 GB, REAL_BD 163.948 GB/s, BD/PAIR 20.493 GB/s, time 5.239e+00 s, time/iter 5.239e-02, comm_vol 858.993 GB
[[0, 8], [8, 16], [16, 24], [24, 0], [2, 10], [10, 18], [18, 26], [26, 0], [4, 12], [12, 20], [20, 28], [28, 4], [6, 14], [14, 22], [22, 30], [30, 6]]
NCCL version 2.21.5+cuda12.4
NCCL version 2.21.5+cuda12.4
NCCL version 2.21.5+cuda12.4
SIZE 8 KB, REAL_BD 3.859 GB/s, BD/PAIR 241.172 MB/s, time 3.397e-03 s, time/iter 3.397e-05, comm_vol 13.107 MB
SIZE 16 KB, REAL_BD 7.655 GB/s, BD/PAIR 478.448 MB/s, time 3.424e-03 s, time/iter 3.424e-05, comm_vol 26.214 MB
SIZE 32 KB, REAL_BD 16.143 GB/s, BD/PAIR 1.009 GB/s, time 3.248e-03 s, time/iter 3.248e-05, comm_vol 52.429 MB
SIZE 64 KB, REAL_BD 24.328 GB/s, BD/PAIR 1.521 GB/s, time 4.310e-03 s, time/iter 4.310e-05, comm_vol 104.858 MB
SIZE 128 KB, REAL_BD 43.044 GB/s, BD/PAIR 2.69 GB/s, time 4.872e-03 s, time/iter 4.872e-05, comm_vol 209.715 MB
SIZE 256 KB, REAL_BD 83.482 GB/s, BD/PAIR 5.218 GB/s, time 5.024e-03 s, time/iter 5.024e-05, comm_vol 419.43 MB
SIZE 512 KB, REAL_BD 109.095 GB/s, BD/PAIR 6.818 GB/s, time 7.689e-03 s, time/iter 7.689e-05, comm_vol 838.861 MB
SIZE 1 MB, REAL_BD 127.992 GB/s, BD/PAIR 8.0 GB/s, time 1.311e-02 s, time/iter 1.311e-04, comm_vol 1.678 GB
SIZE 2 MB, REAL_BD 190.307 GB/s, BD/PAIR 11.894 GB/s, time 1.763e-02 s, time/iter 1.763e-04, comm_vol 3.355 GB
SIZE 4 MB, REAL_BD 163.683 GB/s, BD/PAIR 10.23 GB/s, time 4.100e-02 s, time/iter 4.100e-04, comm_vol 6.711 GB
SIZE 8 MB, REAL_BD 171.924 GB/s, BD/PAIR 10.745 GB/s, time 7.807e-02 s, time/iter 7.807e-04, comm_vol 13.422 GB
SIZE 16 MB, REAL_BD 175.784 GB/s, BD/PAIR 10.986 GB/s, time 1.527e-01 s, time/iter 1.527e-03, comm_vol 26.844 GB
SIZE 32 MB, REAL_BD 178.187 GB/s, BD/PAIR 11.137 GB/s, time 3.013e-01 s, time/iter 3.013e-03, comm_vol 53.687 GB
SIZE 64 MB, REAL_BD 178.793 GB/s, BD/PAIR 11.175 GB/s, time 6.006e-01 s, time/iter 6.006e-03, comm_vol 107.374 GB
SIZE 128 MB, REAL_BD 179.133 GB/s, BD/PAIR 11.196 GB/s, time 1.199e+00 s, time/iter 1.199e-02, comm_vol 214.748 GB
SIZE 256 MB, REAL_BD 178.906 GB/s, BD/PAIR 11.182 GB/s, time 2.401e+00 s, time/iter 2.401e-02, comm_vol 429.497 GB
SIZE 512 MB, REAL_BD 178.116 GB/s, BD/PAIR 11.132 GB/s, time 4.823e+00 s, time/iter 4.823e-02, comm_vol 858.993 GB
SIZE 1 GB, REAL_BD 177.122 GB/s, BD/PAIR 11.07 GB/s, time 9.699e+00 s, time/iter 9.699e-02, comm_vol 1.718 TB
[[0, 8], [8, 16], [16, 24], [24, 0], [2, 10], [10, 18], [18, 26], [26, 0], [4, 12], [12, 20], [20, 28], [28, 4], [6, 14], [14, 22], [22, 30], [30, 6], [1, 9], [9, 17], [17, 25], [25, 1], [3, 11], [11, 19], [19, 27], [27, 3], [5, 13], [13, 21], [21, 29], [29, 5], [7, 15], [15, 23], [23, 31], [31, 7]]
NCCL version 2.21.5+cuda12.4
NCCL version 2.21.5+cuda12.4
NCCL version 2.21.5+cuda12.4
NCCL version 2.21.5+cuda12.4
NCCL version 2.21.5+cuda12.4
NCCL version 2.21.5+cuda12.4
NCCL version 2.21.5+cuda12.4
NCCL version 2.21.5+cuda12.4
NCCL version 2.21.5+cuda12.4
NCCL version 2.21.5+cuda12.4
NCCL version 2.21.5+cuda12.4
NCCL version 2.21.5+cuda12.4
SIZE 8 KB, REAL_BD 8.762 GB/s, BD/PAIR 273.826 MB/s, time 2.992e-03 s, time/iter 2.992e-05, comm_vol 26.214 MB
SIZE 16 KB, REAL_BD 17.162 GB/s, BD/PAIR 536.326 MB/s, time 3.055e-03 s, time/iter 3.055e-05, comm_vol 52.429 MB
SIZE 32 KB, REAL_BD 32.772 GB/s, BD/PAIR 1.024 GB/s, time 3.200e-03 s, time/iter 3.200e-05, comm_vol 104.858 MB
SIZE 64 KB, REAL_BD 49.047 GB/s, BD/PAIR 1.533 GB/s, time 4.276e-03 s, time/iter 4.276e-05, comm_vol 209.715 MB
SIZE 128 KB, REAL_BD 86.465 GB/s, BD/PAIR 2.702 GB/s, time 4.851e-03 s, time/iter 4.851e-05, comm_vol 419.43 MB
SIZE 256 KB, REAL_BD 167.21 GB/s, BD/PAIR 5.225 GB/s, time 5.017e-03 s, time/iter 5.017e-05, comm_vol 838.861 MB
SIZE 512 KB, REAL_BD 219.135 GB/s, BD/PAIR 6.848 GB/s, time 7.656e-03 s, time/iter 7.656e-05, comm_vol 1.678 GB
SIZE 1 MB, REAL_BD 257.271 GB/s, BD/PAIR 8.04 GB/s, time 1.304e-02 s, time/iter 1.304e-04, comm_vol 3.355 GB
SIZE 2 MB, REAL_BD 382.944 GB/s, BD/PAIR 11.967 GB/s, time 1.752e-02 s, time/iter 1.752e-04, comm_vol 6.711 GB
SIZE 4 MB, REAL_BD 328.511 GB/s, BD/PAIR 10.266 GB/s, time 4.086e-02 s, time/iter 4.086e-04, comm_vol 13.422 GB
SIZE 8 MB, REAL_BD 350.148 GB/s, BD/PAIR 10.942 GB/s, time 7.666e-02 s, time/iter 7.666e-04, comm_vol 26.844 GB
SIZE 16 MB, REAL_BD 360.682 GB/s, BD/PAIR 11.271 GB/s, time 1.488e-01 s, time/iter 1.488e-03, comm_vol 53.687 GB
SIZE 32 MB, REAL_BD 366.123 GB/s, BD/PAIR 11.441 GB/s, time 2.933e-01 s, time/iter 2.933e-03, comm_vol 107.374 GB
SIZE 64 MB, REAL_BD 369.842 GB/s, BD/PAIR 11.558 GB/s, time 5.806e-01 s, time/iter 5.806e-03, comm_vol 214.748 GB
SIZE 128 MB, REAL_BD 371.45 GB/s, BD/PAIR 11.608 GB/s, time 1.156e+00 s, time/iter 1.156e-02, comm_vol 429.497 GB
SIZE 256 MB, REAL_BD 370.64 GB/s, BD/PAIR 11.582 GB/s, time 2.318e+00 s, time/iter 2.318e-02, comm_vol 858.993 GB
SIZE 512 MB, REAL_BD 369.362 GB/s, BD/PAIR 11.543 GB/s, time 4.651e+00 s, time/iter 4.651e-02, comm_vol 1.718 TB
SIZE 1 GB, REAL_BD 367.445 GB/s, BD/PAIR 11.483 GB/s, time 9.351e+00 s, time/iter 9.351e-02, comm_vol 3.436 TB
+ set +x
COMM_MODULE: torch-distributed
+ srun -p a01 -N 4 --ntasks-per-node 8 --gres=gpu:8 --mem 256G -K -w 'g[13-16]' -c 13 ./scripts/executor.sh python conflict_bench.py --backend NCCL --config ./scripts/configs/small_32.json --comm-module torch-distributed
NCCL version 2.21.5+cuda12.4
[INFO]: Cluster init done !!!
[[0, 8]]
SIZE 8 KB, REAL_BD 257.898 MB/s, BD/PAIR 257.898 MB/s, time 3.176e-03 s, time/iter 3.176e-05, comm_vol 819.2 KB
SIZE 16 KB, REAL_BD 529.63 MB/s, BD/PAIR 529.63 MB/s, time 3.093e-03 s, time/iter 3.093e-05, comm_vol 1.638 MB
SIZE 32 KB, REAL_BD 1.061 GB/s, BD/PAIR 1.061 GB/s, time 3.088e-03 s, time/iter 3.088e-05, comm_vol 3.277 MB
SIZE 64 KB, REAL_BD 2.095 GB/s, BD/PAIR 2.095 GB/s, time 3.128e-03 s, time/iter 3.128e-05, comm_vol 6.554 MB
SIZE 128 KB, REAL_BD 3.716 GB/s, BD/PAIR 3.716 GB/s, time 3.527e-03 s, time/iter 3.527e-05, comm_vol 13.107 MB
SIZE 256 KB, REAL_BD 7.258 GB/s, BD/PAIR 7.258 GB/s, time 3.612e-03 s, time/iter 3.612e-05, comm_vol 26.214 MB
SIZE 512 KB, REAL_BD 6.566 GB/s, BD/PAIR 6.566 GB/s, time 7.985e-03 s, time/iter 7.985e-05, comm_vol 52.429 MB
SIZE 1 MB, REAL_BD 11.925 GB/s, BD/PAIR 11.925 GB/s, time 8.793e-03 s, time/iter 8.793e-05, comm_vol 104.858 MB
SIZE 2 MB, REAL_BD 18.162 GB/s, BD/PAIR 18.162 GB/s, time 1.155e-02 s, time/iter 1.155e-04, comm_vol 209.715 MB
SIZE 4 MB, REAL_BD 20.412 GB/s, BD/PAIR 20.412 GB/s, time 2.055e-02 s, time/iter 2.055e-04, comm_vol 419.43 MB
SIZE 8 MB, REAL_BD 21.519 GB/s, BD/PAIR 21.519 GB/s, time 3.898e-02 s, time/iter 3.898e-04, comm_vol 838.861 MB
SIZE 16 MB, REAL_BD 22.038 GB/s, BD/PAIR 22.038 GB/s, time 7.613e-02 s, time/iter 7.613e-04, comm_vol 1.678 GB
SIZE 32 MB, REAL_BD 22.852 GB/s, BD/PAIR 22.852 GB/s, time 1.468e-01 s, time/iter 1.468e-03, comm_vol 3.355 GB
SIZE 64 MB, REAL_BD 22.975 GB/s, BD/PAIR 22.975 GB/s, time 2.921e-01 s, time/iter 2.921e-03, comm_vol 6.711 GB
SIZE 128 MB, REAL_BD 23.084 GB/s, BD/PAIR 23.084 GB/s, time 5.814e-01 s, time/iter 5.814e-03, comm_vol 13.422 GB
SIZE 256 MB, REAL_BD 23.017 GB/s, BD/PAIR 23.017 GB/s, time 1.166e+00 s, time/iter 1.166e-02, comm_vol 26.844 GB
SIZE 512 MB, REAL_BD 22.273 GB/s, BD/PAIR 22.273 GB/s, time 2.410e+00 s, time/iter 2.410e-02, comm_vol 53.687 GB
SIZE 1 GB, REAL_BD 22.266 GB/s, BD/PAIR 22.266 GB/s, time 4.822e+00 s, time/iter 4.822e-02, comm_vol 107.374 GB
[[0, 8], [8, 16]]
NCCL version 2.21.5+cuda12.4
SIZE 8 KB, REAL_BD 486.923 MB/s, BD/PAIR 243.462 MB/s, time 3.365e-03 s, time/iter 3.365e-05, comm_vol 1.638 MB
SIZE 16 KB, REAL_BD 1.004 GB/s, BD/PAIR 501.822 MB/s, time 3.265e-03 s, time/iter 3.265e-05, comm_vol 3.277 MB
SIZE 32 KB, REAL_BD 2.025 GB/s, BD/PAIR 1.013 GB/s, time 3.236e-03 s, time/iter 3.236e-05, comm_vol 6.554 MB
SIZE 64 KB, REAL_BD 4.281 GB/s, BD/PAIR 2.141 GB/s, time 3.062e-03 s, time/iter 3.062e-05, comm_vol 13.107 MB
SIZE 128 KB, REAL_BD 7.672 GB/s, BD/PAIR 3.836 GB/s, time 3.417e-03 s, time/iter 3.417e-05, comm_vol 26.214 MB
SIZE 256 KB, REAL_BD 14.305 GB/s, BD/PAIR 7.153 GB/s, time 3.665e-03 s, time/iter 3.665e-05, comm_vol 52.429 MB
SIZE 512 KB, REAL_BD 19.291 GB/s, BD/PAIR 9.645 GB/s, time 5.436e-03 s, time/iter 5.436e-05, comm_vol 104.858 MB
SIZE 1 MB, REAL_BD 24.084 GB/s, BD/PAIR 12.042 GB/s, time 8.708e-03 s, time/iter 8.708e-05, comm_vol 209.715 MB
SIZE 2 MB, REAL_BD 36.134 GB/s, BD/PAIR 18.067 GB/s, time 1.161e-02 s, time/iter 1.161e-04, comm_vol 419.43 MB
SIZE 4 MB, REAL_BD 32.85 GB/s, BD/PAIR 16.425 GB/s, time 2.554e-02 s, time/iter 2.554e-04, comm_vol 838.861 MB
SIZE 8 MB, REAL_BD 40.894 GB/s, BD/PAIR 20.447 GB/s, time 4.103e-02 s, time/iter 4.103e-04, comm_vol 1.678 GB
SIZE 16 MB, REAL_BD 41.988 GB/s, BD/PAIR 20.994 GB/s, time 7.991e-02 s, time/iter 7.991e-04, comm_vol 3.355 GB
SIZE 32 MB, REAL_BD 40.736 GB/s, BD/PAIR 20.368 GB/s, time 1.647e-01 s, time/iter 1.647e-03, comm_vol 6.711 GB
SIZE 64 MB, REAL_BD 41.12 GB/s, BD/PAIR 20.56 GB/s, time 3.264e-01 s, time/iter 3.264e-03, comm_vol 13.422 GB
SIZE 128 MB, REAL_BD 41.05 GB/s, BD/PAIR 20.525 GB/s, time 6.539e-01 s, time/iter 6.539e-03, comm_vol 26.844 GB
SIZE 256 MB, REAL_BD 40.326 GB/s, BD/PAIR 20.163 GB/s, time 1.331e+00 s, time/iter 1.331e-02, comm_vol 53.687 GB
SIZE 512 MB, REAL_BD 40.406 GB/s, BD/PAIR 20.203 GB/s, time 2.657e+00 s, time/iter 2.657e-02, comm_vol 107.374 GB
SIZE 1 GB, REAL_BD 40.386 GB/s, BD/PAIR 20.193 GB/s, time 5.317e+00 s, time/iter 5.317e-02, comm_vol 214.748 GB
[[0, 8], [8, 16], [16, 24]]
NCCL version 2.21.5+cuda12.4
SIZE 8 KB, REAL_BD 755.214 MB/s, BD/PAIR 251.738 MB/s, time 3.254e-03 s, time/iter 3.254e-05, comm_vol 2.458 MB
SIZE 16 KB, REAL_BD 1.528 GB/s, BD/PAIR 509.448 MB/s, time 3.216e-03 s, time/iter 3.216e-05, comm_vol 4.915 MB
SIZE 32 KB, REAL_BD 3.137 GB/s, BD/PAIR 1.046 GB/s, time 3.134e-03 s, time/iter 3.134e-05, comm_vol 9.83 MB
SIZE 64 KB, REAL_BD 6.288 GB/s, BD/PAIR 2.096 GB/s, time 3.127e-03 s, time/iter 3.127e-05, comm_vol 19.661 MB
SIZE 128 KB, REAL_BD 11.22 GB/s, BD/PAIR 3.74 GB/s, time 3.505e-03 s, time/iter 3.505e-05, comm_vol 39.322 MB
SIZE 256 KB, REAL_BD 21.401 GB/s, BD/PAIR 7.134 GB/s, time 3.675e-03 s, time/iter 3.675e-05, comm_vol 78.643 MB
SIZE 512 KB, REAL_BD 28.724 GB/s, BD/PAIR 9.575 GB/s, time 5.476e-03 s, time/iter 5.476e-05, comm_vol 157.286 MB
SIZE 1 MB, REAL_BD 36.15 GB/s, BD/PAIR 12.05 GB/s, time 8.702e-03 s, time/iter 8.702e-05, comm_vol 314.573 MB
SIZE 2 MB, REAL_BD 53.318 GB/s, BD/PAIR 17.773 GB/s, time 1.180e-02 s, time/iter 1.180e-04, comm_vol 629.146 MB
SIZE 4 MB, REAL_BD 57.073 GB/s, BD/PAIR 19.024 GB/s, time 2.205e-02 s, time/iter 2.205e-04, comm_vol 1.258 GB
SIZE 8 MB, REAL_BD 62.094 GB/s, BD/PAIR 20.698 GB/s, time 4.053e-02 s, time/iter 4.053e-04, comm_vol 2.517 GB
SIZE 16 MB, REAL_BD 63.145 GB/s, BD/PAIR 21.048 GB/s, time 7.971e-02 s, time/iter 7.971e-04, comm_vol 5.033 GB
SIZE 32 MB, REAL_BD 63.259 GB/s, BD/PAIR 21.086 GB/s, time 1.591e-01 s, time/iter 1.591e-03, comm_vol 10.066 GB
SIZE 64 MB, REAL_BD 62.274 GB/s, BD/PAIR 20.758 GB/s, time 3.233e-01 s, time/iter 3.233e-03, comm_vol 20.133 GB
SIZE 128 MB, REAL_BD 61.55 GB/s, BD/PAIR 20.517 GB/s, time 6.542e-01 s, time/iter 6.542e-03, comm_vol 40.265 GB
SIZE 256 MB, REAL_BD 61.451 GB/s, BD/PAIR 20.484 GB/s, time 1.310e+00 s, time/iter 1.310e-02, comm_vol 80.531 GB
SIZE 512 MB, REAL_BD 61.737 GB/s, BD/PAIR 20.579 GB/s, time 2.609e+00 s, time/iter 2.609e-02, comm_vol 161.061 GB
SIZE 1 GB, REAL_BD 61.961 GB/s, BD/PAIR 20.654 GB/s, time 5.199e+00 s, time/iter 5.199e-02, comm_vol 322.123 GB
[[0, 8], [8, 16], [16, 24], [24, 0]]
SIZE 8 KB, REAL_BD 460.001 MB/s, BD/PAIR 115.0 MB/s, time 7.123e-03 s, time/iter 7.123e-05, comm_vol 3.277 MB
SIZE 16 KB, REAL_BD 1.122 GB/s, BD/PAIR 280.408 MB/s, time 5.843e-03 s, time/iter 5.843e-05, comm_vol 6.554 MB
SIZE 32 KB, REAL_BD 1.86 GB/s, BD/PAIR 465.059 MB/s, time 7.046e-03 s, time/iter 7.046e-05, comm_vol 13.107 MB
SIZE 64 KB, REAL_BD 4.441 GB/s, BD/PAIR 1.11 GB/s, time 5.903e-03 s, time/iter 5.903e-05, comm_vol 26.214 MB
SIZE 128 KB, REAL_BD 8.903 GB/s, BD/PAIR 2.226 GB/s, time 5.889e-03 s, time/iter 5.889e-05, comm_vol 52.429 MB
SIZE 256 KB, REAL_BD 17.656 GB/s, BD/PAIR 4.414 GB/s, time 5.939e-03 s, time/iter 5.939e-05, comm_vol 104.858 MB
SIZE 512 KB, REAL_BD 27.547 GB/s, BD/PAIR 6.887 GB/s, time 7.613e-03 s, time/iter 7.613e-05, comm_vol 209.715 MB
SIZE 1 MB, REAL_BD 38.973 GB/s, BD/PAIR 9.743 GB/s, time 1.076e-02 s, time/iter 1.076e-04, comm_vol 419.43 MB
SIZE 2 MB, REAL_BD 58.899 GB/s, BD/PAIR 14.725 GB/s, time 1.424e-02 s, time/iter 1.424e-04, comm_vol 838.861 MB
SIZE 4 MB, REAL_BD 70.878 GB/s, BD/PAIR 17.719 GB/s, time 2.367e-02 s, time/iter 2.367e-04, comm_vol 1.678 GB
SIZE 8 MB, REAL_BD 78.023 GB/s, BD/PAIR 19.506 GB/s, time 4.301e-02 s, time/iter 4.301e-04, comm_vol 3.355 GB
SIZE 16 MB, REAL_BD 81.372 GB/s, BD/PAIR 20.343 GB/s, time 8.247e-02 s, time/iter 8.247e-04, comm_vol 6.711 GB
SIZE 32 MB, REAL_BD 84.124 GB/s, BD/PAIR 21.031 GB/s, time 1.595e-01 s, time/iter 1.595e-03, comm_vol 13.422 GB
SIZE 64 MB, REAL_BD 81.254 GB/s, BD/PAIR 20.313 GB/s, time 3.304e-01 s, time/iter 3.304e-03, comm_vol 26.844 GB
SIZE 128 MB, REAL_BD 81.013 GB/s, BD/PAIR 20.253 GB/s, time 6.627e-01 s, time/iter 6.627e-03, comm_vol 53.687 GB
SIZE 256 MB, REAL_BD 80.671 GB/s, BD/PAIR 20.168 GB/s, time 1.331e+00 s, time/iter 1.331e-02, comm_vol 107.374 GB
SIZE 512 MB, REAL_BD 80.779 GB/s, BD/PAIR 20.195 GB/s, time 2.658e+00 s, time/iter 2.658e-02, comm_vol 214.748 GB
SIZE 1 GB, REAL_BD 80.373 GB/s, BD/PAIR 20.093 GB/s, time 5.344e+00 s, time/iter 5.344e-02, comm_vol 429.497 GB
[[0, 8], [8, 16], [16, 24], [24, 0], [2, 10], [10, 18], [18, 26], [26, 2]]
NCCL version 2.21.5+cuda12.4
NCCL version 2.21.5+cuda12.4
NCCL version 2.21.5+cuda12.4
SIZE 8 KB, REAL_BD 1.112 GB/s, BD/PAIR 138.956 MB/s, time 5.895e-03 s, time/iter 5.895e-05, comm_vol 6.554 MB
SIZE 16 KB, REAL_BD 2.195 GB/s, BD/PAIR 274.362 MB/s, time 5.972e-03 s, time/iter 5.972e-05, comm_vol 13.107 MB
SIZE 32 KB, REAL_BD 4.382 GB/s, BD/PAIR 547.718 MB/s, time 5.983e-03 s, time/iter 5.983e-05, comm_vol 26.214 MB
SIZE 64 KB, REAL_BD 8.764 GB/s, BD/PAIR 1.095 GB/s, time 5.982e-03 s, time/iter 5.982e-05, comm_vol 52.429 MB
SIZE 128 KB, REAL_BD 11.128 GB/s, BD/PAIR 1.391 GB/s, time 9.423e-03 s, time/iter 9.423e-05, comm_vol 104.858 MB
SIZE 256 KB, REAL_BD 34.983 GB/s, BD/PAIR 4.373 GB/s, time 5.995e-03 s, time/iter 5.995e-05, comm_vol 209.715 MB
SIZE 512 KB, REAL_BD 55.001 GB/s, BD/PAIR 6.875 GB/s, time 7.626e-03 s, time/iter 7.626e-05, comm_vol 419.43 MB
SIZE 1 MB, REAL_BD 72.043 GB/s, BD/PAIR 9.005 GB/s, time 1.164e-02 s, time/iter 1.164e-04, comm_vol 838.861 MB
SIZE 2 MB, REAL_BD 117.711 GB/s, BD/PAIR 14.714 GB/s, time 1.425e-02 s, time/iter 1.425e-04, comm_vol 1.678 GB
SIZE 4 MB, REAL_BD 140.206 GB/s, BD/PAIR 17.526 GB/s, time 2.393e-02 s, time/iter 2.393e-04, comm_vol 3.355 GB
SIZE 8 MB, REAL_BD 154.028 GB/s, BD/PAIR 19.253 GB/s, time 4.357e-02 s, time/iter 4.357e-04, comm_vol 6.711 GB
SIZE 16 MB, REAL_BD 159.59 GB/s, BD/PAIR 19.949 GB/s, time 8.410e-02 s, time/iter 8.410e-04, comm_vol 13.422 GB
SIZE 32 MB, REAL_BD 161.684 GB/s, BD/PAIR 20.211 GB/s, time 1.660e-01 s, time/iter 1.660e-03, comm_vol 26.844 GB
SIZE 64 MB, REAL_BD 162.858 GB/s, BD/PAIR 20.357 GB/s, time 3.297e-01 s, time/iter 3.297e-03, comm_vol 53.687 GB
SIZE 128 MB, REAL_BD 163.683 GB/s, BD/PAIR 20.46 GB/s, time 6.560e-01 s, time/iter 6.560e-03, comm_vol 107.374 GB
SIZE 256 MB, REAL_BD 163.74 GB/s, BD/PAIR 20.468 GB/s, time 1.312e+00 s, time/iter 1.312e-02, comm_vol 214.748 GB
SIZE 512 MB, REAL_BD 163.966 GB/s, BD/PAIR 20.496 GB/s, time 2.619e+00 s, time/iter 2.619e-02, comm_vol 429.497 GB
SIZE 1 GB, REAL_BD 163.911 GB/s, BD/PAIR 20.489 GB/s, time 5.241e+00 s, time/iter 5.241e-02, comm_vol 858.993 GB
[[0, 8], [8, 16], [16, 24], [24, 0], [4, 12], [12, 20], [20, 28], [28, 4]]
NCCL version 2.21.5+cuda12.4
NCCL version 2.21.5+cuda12.4
NCCL version 2.21.5+cuda12.4
SIZE 8 KB, REAL_BD 1.084 GB/s, BD/PAIR 135.499 MB/s, time 6.046e-03 s, time/iter 6.046e-05, comm_vol 6.554 MB
SIZE 16 KB, REAL_BD 2.128 GB/s, BD/PAIR 266.045 MB/s, time 6.158e-03 s, time/iter 6.158e-05, comm_vol 13.107 MB
SIZE 32 KB, REAL_BD 4.275 GB/s, BD/PAIR 534.366 MB/s, time 6.132e-03 s, time/iter 6.132e-05, comm_vol 26.214 MB
SIZE 64 KB, REAL_BD 6.088 GB/s, BD/PAIR 761.013 MB/s, time 8.612e-03 s, time/iter 8.612e-05, comm_vol 52.429 MB
SIZE 128 KB, REAL_BD 17.088 GB/s, BD/PAIR 2.136 GB/s, time 6.136e-03 s, time/iter 6.136e-05, comm_vol 104.858 MB
SIZE 256 KB, REAL_BD 34.364 GB/s, BD/PAIR 4.295 GB/s, time 6.103e-03 s, time/iter 6.103e-05, comm_vol 209.715 MB
SIZE 512 KB, REAL_BD 26.509 GB/s, BD/PAIR 3.314 GB/s, time 1.582e-02 s, time/iter 1.582e-04, comm_vol 419.43 MB
SIZE 1 MB, REAL_BD 75.933 GB/s, BD/PAIR 9.492 GB/s, time 1.105e-02 s, time/iter 1.105e-04, comm_vol 838.861 MB
SIZE 2 MB, REAL_BD 117.041 GB/s, BD/PAIR 14.63 GB/s, time 1.433e-02 s, time/iter 1.433e-04, comm_vol 1.678 GB
SIZE 4 MB, REAL_BD 139.626 GB/s, BD/PAIR 17.453 GB/s, time 2.403e-02 s, time/iter 2.403e-04, comm_vol 3.355 GB
SIZE 8 MB, REAL_BD 154.433 GB/s, BD/PAIR 19.304 GB/s, time 4.346e-02 s, time/iter 4.346e-04, comm_vol 6.711 GB
SIZE 16 MB, REAL_BD 159.834 GB/s, BD/PAIR 19.979 GB/s, time 8.397e-02 s, time/iter 8.397e-04, comm_vol 13.422 GB
SIZE 32 MB, REAL_BD 161.737 GB/s, BD/PAIR 20.217 GB/s, time 1.660e-01 s, time/iter 1.660e-03, comm_vol 26.844 GB
SIZE 64 MB, REAL_BD 162.827 GB/s, BD/PAIR 20.353 GB/s, time 3.297e-01 s, time/iter 3.297e-03, comm_vol 53.687 GB
SIZE 128 MB, REAL_BD 162.925 GB/s, BD/PAIR 20.366 GB/s, time 6.590e-01 s, time/iter 6.590e-03, comm_vol 107.374 GB
SIZE 256 MB, REAL_BD 162.935 GB/s, BD/PAIR 20.367 GB/s, time 1.318e+00 s, time/iter 1.318e-02, comm_vol 214.748 GB
SIZE 512 MB, REAL_BD 163.6 GB/s, BD/PAIR 20.45 GB/s, time 2.625e+00 s, time/iter 2.625e-02, comm_vol 429.497 GB
SIZE 1 GB, REAL_BD 163.56 GB/s, BD/PAIR 20.445 GB/s, time 5.252e+00 s, time/iter 5.252e-02, comm_vol 858.993 GB
[[0, 8], [8, 16], [16, 24], [24, 0], [2, 10], [10, 18], [18, 26], [26, 0], [4, 12], [12, 20], [20, 28], [28, 4], [6, 14], [14, 22], [22, 30], [30, 6]]
NCCL version 2.21.5+cuda12.4
NCCL version 2.21.5+cuda12.4
NCCL version 2.21.5+cuda12.4
SIZE 8 KB, REAL_BD 2.174 GB/s, BD/PAIR 135.863 MB/s, time 6.030e-03 s, time/iter 6.030e-05, comm_vol 13.107 MB
SIZE 16 KB, REAL_BD 4.288 GB/s, BD/PAIR 267.975 MB/s, time 6.114e-03 s, time/iter 6.114e-05, comm_vol 26.214 MB
SIZE 32 KB, REAL_BD 7.563 GB/s, BD/PAIR 472.689 MB/s, time 6.932e-03 s, time/iter 6.932e-05, comm_vol 52.429 MB
SIZE 64 KB, REAL_BD 17.007 GB/s, BD/PAIR 1.063 GB/s, time 6.166e-03 s, time/iter 6.166e-05, comm_vol 104.858 MB
SIZE 128 KB, REAL_BD 17.906 GB/s, BD/PAIR 1.119 GB/s, time 1.171e-02 s, time/iter 1.171e-04, comm_vol 209.715 MB
SIZE 256 KB, REAL_BD 68.746 GB/s, BD/PAIR 4.297 GB/s, time 6.101e-03 s, time/iter 6.101e-05, comm_vol 419.43 MB
SIZE 512 KB, REAL_BD 107.384 GB/s, BD/PAIR 6.712 GB/s, time 7.812e-03 s, time/iter 7.812e-05, comm_vol 838.861 MB
SIZE 1 MB, REAL_BD 146.843 GB/s, BD/PAIR 9.178 GB/s, time 1.143e-02 s, time/iter 1.143e-04, comm_vol 1.678 GB
SIZE 2 MB, REAL_BD 180.299 GB/s, BD/PAIR 11.269 GB/s, time 1.861e-02 s, time/iter 1.861e-04, comm_vol 3.355 GB
SIZE 4 MB, REAL_BD 189.854 GB/s, BD/PAIR 11.866 GB/s, time 3.535e-02 s, time/iter 3.535e-04, comm_vol 6.711 GB
SIZE 8 MB, REAL_BD 188.804 GB/s, BD/PAIR 11.8 GB/s, time 7.109e-02 s, time/iter 7.109e-04, comm_vol 13.422 GB
SIZE 16 MB, REAL_BD 188.64 GB/s, BD/PAIR 11.79 GB/s, time 1.423e-01 s, time/iter 1.423e-03, comm_vol 26.844 GB
SIZE 32 MB, REAL_BD 188.952 GB/s, BD/PAIR 11.81 GB/s, time 2.841e-01 s, time/iter 2.841e-03, comm_vol 53.687 GB
SIZE 64 MB, REAL_BD 193.138 GB/s, BD/PAIR 12.071 GB/s, time 5.559e-01 s, time/iter 5.559e-03, comm_vol 107.374 GB
SIZE 128 MB, REAL_BD 194.197 GB/s, BD/PAIR 12.137 GB/s, time 1.106e+00 s, time/iter 1.106e-02, comm_vol 214.748 GB
SIZE 256 MB, REAL_BD 194.813 GB/s, BD/PAIR 12.176 GB/s, time 2.205e+00 s, time/iter 2.205e-02, comm_vol 429.497 GB
SIZE 512 MB, REAL_BD 194.681 GB/s, BD/PAIR 12.168 GB/s, time 4.412e+00 s, time/iter 4.412e-02, comm_vol 858.993 GB
SIZE 1 GB, REAL_BD 194.778 GB/s, BD/PAIR 12.174 GB/s, time 8.820e+00 s, time/iter 8.820e-02, comm_vol 1.718 TB
[[0, 8], [8, 16], [16, 24], [24, 0], [2, 10], [10, 18], [18, 26], [26, 0], [4, 12], [12, 20], [20, 28], [28, 4], [6, 14], [14, 22], [22, 30], [30, 6], [1, 9], [9, 17], [17, 25], [25, 1], [3, 11], [11, 19], [19, 27], [27, 3], [5, 13], [13, 21], [21, 29], [29, 5], [7, 15], [15, 23], [23, 31], [31, 7]]
NCCL version 2.21.5+cuda12.4
NCCL version 2.21.5+cuda12.4
NCCL version 2.21.5+cuda12.4
NCCL version 2.21.5+cuda12.4
NCCL version 2.21.5+cuda12.4
NCCL version 2.21.5+cuda12.4
NCCL version 2.21.5+cuda12.4
NCCL version 2.21.5+cuda12.4
NCCL version 2.21.5+cuda12.4
NCCL version 2.21.5+cuda12.4
NCCL version 2.21.5+cuda12.4
NCCL version 2.21.5+cuda12.4
SIZE 8 KB, REAL_BD 4.203 GB/s, BD/PAIR 131.33 MB/s, time 6.238e-03 s, time/iter 6.238e-05, comm_vol 26.214 MB
SIZE 16 KB, REAL_BD 8.329 GB/s, BD/PAIR 260.271 MB/s, time 6.295e-03 s, time/iter 6.295e-05, comm_vol 52.429 MB
SIZE 32 KB, REAL_BD 16.723 GB/s, BD/PAIR 522.582 MB/s, time 6.270e-03 s, time/iter 6.270e-05, comm_vol 104.858 MB
SIZE 64 KB, REAL_BD 20.675 GB/s, BD/PAIR 646.103 MB/s, time 1.014e-02 s, time/iter 1.014e-04, comm_vol 209.715 MB
SIZE 128 KB, REAL_BD 67.457 GB/s, BD/PAIR 2.108 GB/s, time 6.218e-03 s, time/iter 6.218e-05, comm_vol 419.43 MB
SIZE 256 KB, REAL_BD 70.515 GB/s, BD/PAIR 2.204 GB/s, time 1.190e-02 s, time/iter 1.190e-04, comm_vol 838.861 MB
SIZE 512 KB, REAL_BD 149.492 GB/s, BD/PAIR 4.672 GB/s, time 1.122e-02 s, time/iter 1.122e-04, comm_vol 1.678 GB
SIZE 1 MB, REAL_BD 218.703 GB/s, BD/PAIR 6.834 GB/s, time 1.534e-02 s, time/iter 1.534e-04, comm_vol 3.355 GB
SIZE 2 MB, REAL_BD 357.193 GB/s, BD/PAIR 11.162 GB/s, time 1.879e-02 s, time/iter 1.879e-04, comm_vol 6.711 GB
SIZE 4 MB, REAL_BD 380.727 GB/s, BD/PAIR 11.898 GB/s, time 3.525e-02 s, time/iter 3.525e-04, comm_vol 13.422 GB
SIZE 8 MB, REAL_BD 386.053 GB/s, BD/PAIR 12.064 GB/s, time 6.953e-02 s, time/iter 6.953e-04, comm_vol 26.844 GB
SIZE 16 MB, REAL_BD 385.094 GB/s, BD/PAIR 12.034 GB/s, time 1.394e-01 s, time/iter 1.394e-03, comm_vol 53.687 GB
SIZE 32 MB, REAL_BD 380.076 GB/s, BD/PAIR 11.877 GB/s, time 2.825e-01 s, time/iter 2.825e-03, comm_vol 107.374 GB
SIZE 64 MB, REAL_BD 378.209 GB/s, BD/PAIR 11.819 GB/s, time 5.678e-01 s, time/iter 5.678e-03, comm_vol 214.748 GB
SIZE 128 MB, REAL_BD 379.996 GB/s, BD/PAIR 11.875 GB/s, time 1.130e+00 s, time/iter 1.130e-02, comm_vol 429.497 GB
SIZE 256 MB, REAL_BD 388.393 GB/s, BD/PAIR 12.137 GB/s, time 2.212e+00 s, time/iter 2.212e-02, comm_vol 858.993 GB
SIZE 512 MB, REAL_BD 389.565 GB/s, BD/PAIR 12.174 GB/s, time 4.410e+00 s, time/iter 4.410e-02, comm_vol 1.718 TB
SIZE 1 GB, REAL_BD 389.591 GB/s, BD/PAIR 12.175 GB/s, time 8.819e+00 s, time/iter 8.819e-02, comm_vol 3.436 TB
+ set +x
./scripts/wrapper_conflict_bench.sh: line 282: syntax error near unexpected token `done'
./scripts/wrapper_conflict_bench.sh: line 282: `done'
