HOST: g40,g42,g44
CP_FILE_NAME: small
HOST: g40,g42,g44
CUDA_VISIBLE_DEVICES: 
GPU_NUM: 24
PROC_NUM: 24
NNODES: 3
NTASK_PER_NODE: 8
COMM_MODULE: raw-nccl
+ srun -p h01 -N 3 --ntasks-per-node 8 --gres=gpu:8 --mem 256G -K -w g40,g42,g44 -c 13 ./scripts/executor.sh python conflict_bench.py --backend NCCL --config ./scripts/configs/small_24.json --comm-module raw-nccl
NCCL version 2.21.5+cuda12.4
[INFO]: Cluster init done !!!
[[0, 8]]
NCCL version 2.21.5+cuda12.4
SIZE 8 KB, REAL_BD 500.725 MB/s, BD/PAIR 500.725 MB/s, time 1.636e-03 s, time/iter 1.636e-05, comm_vol 819.2 KB
SIZE 16 KB, REAL_BD 924.146 MB/s, BD/PAIR 924.146 MB/s, time 1.773e-03 s, time/iter 1.773e-05, comm_vol 1.638 MB
SIZE 32 KB, REAL_BD 1.791 GB/s, BD/PAIR 1.791 GB/s, time 1.829e-03 s, time/iter 1.829e-05, comm_vol 3.277 MB
SIZE 64 KB, REAL_BD 2.586 GB/s, BD/PAIR 2.586 GB/s, time 2.534e-03 s, time/iter 2.534e-05, comm_vol 6.554 MB
SIZE 128 KB, REAL_BD 4.601 GB/s, BD/PAIR 4.601 GB/s, time 2.849e-03 s, time/iter 2.849e-05, comm_vol 13.107 MB
SIZE 256 KB, REAL_BD 8.791 GB/s, BD/PAIR 8.791 GB/s, time 2.982e-03 s, time/iter 2.982e-05, comm_vol 26.214 MB
SIZE 512 KB, REAL_BD 12.344 GB/s, BD/PAIR 12.344 GB/s, time 4.247e-03 s, time/iter 4.247e-05, comm_vol 52.429 MB
SIZE 1 MB, REAL_BD 15.114 GB/s, BD/PAIR 15.114 GB/s, time 6.938e-03 s, time/iter 6.938e-05, comm_vol 104.858 MB
SIZE 2 MB, REAL_BD 20.365 GB/s, BD/PAIR 20.365 GB/s, time 1.030e-02 s, time/iter 1.030e-04, comm_vol 209.715 MB
SIZE 4 MB, REAL_BD 21.662 GB/s, BD/PAIR 21.662 GB/s, time 1.936e-02 s, time/iter 1.936e-04, comm_vol 419.43 MB
SIZE 8 MB, REAL_BD 22.614 GB/s, BD/PAIR 22.614 GB/s, time 3.710e-02 s, time/iter 3.710e-04, comm_vol 838.861 MB
SIZE 16 MB, REAL_BD 23.025 GB/s, BD/PAIR 23.025 GB/s, time 7.287e-02 s, time/iter 7.287e-04, comm_vol 1.678 GB
SIZE 32 MB, REAL_BD 23.308 GB/s, BD/PAIR 23.308 GB/s, time 1.440e-01 s, time/iter 1.440e-03, comm_vol 3.355 GB
SIZE 64 MB, REAL_BD 23.454 GB/s, BD/PAIR 23.454 GB/s, time 2.861e-01 s, time/iter 2.861e-03, comm_vol 6.711 GB
SIZE 128 MB, REAL_BD 23.485 GB/s, BD/PAIR 23.485 GB/s, time 5.715e-01 s, time/iter 5.715e-03, comm_vol 13.422 GB
SIZE 256 MB, REAL_BD 23.539 GB/s, BD/PAIR 23.539 GB/s, time 1.140e+00 s, time/iter 1.140e-02, comm_vol 26.844 GB
SIZE 512 MB, REAL_BD 23.541 GB/s, BD/PAIR 23.541 GB/s, time 2.281e+00 s, time/iter 2.281e-02, comm_vol 53.687 GB
SIZE 1 GB, REAL_BD 23.522 GB/s, BD/PAIR 23.522 GB/s, time 4.565e+00 s, time/iter 4.565e-02, comm_vol 107.374 GB
[[0, 8], [8, 16]]
NCCL version 2.21.5+cuda12.4
SIZE 8 KB, REAL_BD 739.237 MB/s, BD/PAIR 369.619 MB/s, time 2.216e-03 s, time/iter 2.216e-05, comm_vol 1.638 MB
SIZE 16 KB, REAL_BD 1.668 GB/s, BD/PAIR 834.075 MB/s, time 1.964e-03 s, time/iter 1.964e-05, comm_vol 3.277 MB
SIZE 32 KB, REAL_BD 3.273 GB/s, BD/PAIR 1.637 GB/s, time 2.002e-03 s, time/iter 2.002e-05, comm_vol 6.554 MB
SIZE 64 KB, REAL_BD 4.807 GB/s, BD/PAIR 2.403 GB/s, time 2.727e-03 s, time/iter 2.727e-05, comm_vol 13.107 MB
SIZE 128 KB, REAL_BD 9.124 GB/s, BD/PAIR 4.562 GB/s, time 2.873e-03 s, time/iter 2.873e-05, comm_vol 26.214 MB
SIZE 256 KB, REAL_BD 17.231 GB/s, BD/PAIR 8.616 GB/s, time 3.043e-03 s, time/iter 3.043e-05, comm_vol 52.429 MB
SIZE 512 KB, REAL_BD 23.25 GB/s, BD/PAIR 11.625 GB/s, time 4.510e-03 s, time/iter 4.510e-05, comm_vol 104.858 MB
SIZE 1 MB, REAL_BD 28.755 GB/s, BD/PAIR 14.377 GB/s, time 7.293e-03 s, time/iter 7.293e-05, comm_vol 209.715 MB
SIZE 2 MB, REAL_BD 38.474 GB/s, BD/PAIR 19.237 GB/s, time 1.090e-02 s, time/iter 1.090e-04, comm_vol 419.43 MB
SIZE 4 MB, REAL_BD 39.733 GB/s, BD/PAIR 19.866 GB/s, time 2.111e-02 s, time/iter 2.111e-04, comm_vol 838.861 MB
SIZE 8 MB, REAL_BD 40.883 GB/s, BD/PAIR 20.442 GB/s, time 4.104e-02 s, time/iter 4.104e-04, comm_vol 1.678 GB
SIZE 16 MB, REAL_BD 41.267 GB/s, BD/PAIR 20.633 GB/s, time 8.131e-02 s, time/iter 8.131e-04, comm_vol 3.355 GB
SIZE 32 MB, REAL_BD 41.959 GB/s, BD/PAIR 20.979 GB/s, time 1.599e-01 s, time/iter 1.599e-03, comm_vol 6.711 GB
SIZE 64 MB, REAL_BD 42.568 GB/s, BD/PAIR 21.284 GB/s, time 3.153e-01 s, time/iter 3.153e-03, comm_vol 13.422 GB
SIZE 128 MB, REAL_BD 42.857 GB/s, BD/PAIR 21.429 GB/s, time 6.263e-01 s, time/iter 6.263e-03, comm_vol 26.844 GB
SIZE 256 MB, REAL_BD 42.855 GB/s, BD/PAIR 21.428 GB/s, time 1.253e+00 s, time/iter 1.253e-02, comm_vol 53.687 GB
SIZE 512 MB, REAL_BD 42.691 GB/s, BD/PAIR 21.345 GB/s, time 2.515e+00 s, time/iter 2.515e-02, comm_vol 107.374 GB
SIZE 1 GB, REAL_BD 43.206 GB/s, BD/PAIR 21.603 GB/s, time 4.970e+00 s, time/iter 4.970e-02, comm_vol 214.748 GB
[[0, 8], [8, 16], [16, 0]]
SIZE 8 KB, REAL_BD 1.516 GB/s, BD/PAIR 505.439 MB/s, time 1.621e-03 s, time/iter 1.621e-05, comm_vol 2.458 MB
SIZE 16 KB, REAL_BD 2.664 GB/s, BD/PAIR 887.849 MB/s, time 1.845e-03 s, time/iter 1.845e-05, comm_vol 4.915 MB
SIZE 32 KB, REAL_BD 5.441 GB/s, BD/PAIR 1.814 GB/s, time 1.807e-03 s, time/iter 1.807e-05, comm_vol 9.83 MB
SIZE 64 KB, REAL_BD 7.801 GB/s, BD/PAIR 2.6 GB/s, time 2.520e-03 s, time/iter 2.520e-05, comm_vol 19.661 MB
SIZE 128 KB, REAL_BD 13.531 GB/s, BD/PAIR 4.51 GB/s, time 2.906e-03 s, time/iter 2.906e-05, comm_vol 39.322 MB
SIZE 256 KB, REAL_BD 24.585 GB/s, BD/PAIR 8.195 GB/s, time 3.199e-03 s, time/iter 3.199e-05, comm_vol 78.643 MB
SIZE 512 KB, REAL_BD 33.624 GB/s, BD/PAIR 11.208 GB/s, time 4.678e-03 s, time/iter 4.678e-05, comm_vol 157.286 MB
SIZE 1 MB, REAL_BD 42.024 GB/s, BD/PAIR 14.008 GB/s, time 7.486e-03 s, time/iter 7.486e-05, comm_vol 314.573 MB
SIZE 2 MB, REAL_BD 57.505 GB/s, BD/PAIR 19.168 GB/s, time 1.094e-02 s, time/iter 1.094e-04, comm_vol 629.146 MB
SIZE 4 MB, REAL_BD 59.011 GB/s, BD/PAIR 19.67 GB/s, time 2.132e-02 s, time/iter 2.132e-04, comm_vol 1.258 GB
SIZE 8 MB, REAL_BD 63.663 GB/s, BD/PAIR 21.221 GB/s, time 3.953e-02 s, time/iter 3.953e-04, comm_vol 2.517 GB
SIZE 16 MB, REAL_BD 63.146 GB/s, BD/PAIR 21.049 GB/s, time 7.971e-02 s, time/iter 7.971e-04, comm_vol 5.033 GB
SIZE 32 MB, REAL_BD 65.711 GB/s, BD/PAIR 21.904 GB/s, time 1.532e-01 s, time/iter 1.532e-03, comm_vol 10.066 GB
SIZE 64 MB, REAL_BD 65.474 GB/s, BD/PAIR 21.825 GB/s, time 3.075e-01 s, time/iter 3.075e-03, comm_vol 20.133 GB
SIZE 128 MB, REAL_BD 65.411 GB/s, BD/PAIR 21.804 GB/s, time 6.156e-01 s, time/iter 6.156e-03, comm_vol 40.265 GB
SIZE 256 MB, REAL_BD 65.921 GB/s, BD/PAIR 21.974 GB/s, time 1.222e+00 s, time/iter 1.222e-02, comm_vol 80.531 GB
SIZE 512 MB, REAL_BD 66.228 GB/s, BD/PAIR 22.076 GB/s, time 2.432e+00 s, time/iter 2.432e-02, comm_vol 161.061 GB
SIZE 1 GB, REAL_BD 66.337 GB/s, BD/PAIR 22.112 GB/s, time 4.856e+00 s, time/iter 4.856e-02, comm_vol 322.123 GB
[[0, 8], [8, 16], [16, 0], [2, 10], [10, 18], [18, 2]]
NCCL version 2.21.5+cuda12.4
NCCL version 2.21.5+cuda12.4
SIZE 8 KB, REAL_BD 2.994 GB/s, BD/PAIR 498.98 MB/s, time 1.642e-03 s, time/iter 1.642e-05, comm_vol 4.915 MB
SIZE 16 KB, REAL_BD 5.277 GB/s, BD/PAIR 879.44 MB/s, time 1.863e-03 s, time/iter 1.863e-05, comm_vol 9.83 MB
SIZE 32 KB, REAL_BD 10.696 GB/s, BD/PAIR 1.783 GB/s, time 1.838e-03 s, time/iter 1.838e-05, comm_vol 19.661 MB
SIZE 64 KB, REAL_BD 15.408 GB/s, BD/PAIR 2.568 GB/s, time 2.552e-03 s, time/iter 2.552e-05, comm_vol 39.322 MB
SIZE 128 KB, REAL_BD 26.422 GB/s, BD/PAIR 4.404 GB/s, time 2.976e-03 s, time/iter 2.976e-05, comm_vol 78.643 MB
SIZE 256 KB, REAL_BD 48.806 GB/s, BD/PAIR 8.134 GB/s, time 3.223e-03 s, time/iter 3.223e-05, comm_vol 157.286 MB
SIZE 512 KB, REAL_BD 66.543 GB/s, BD/PAIR 11.09 GB/s, time 4.727e-03 s, time/iter 4.727e-05, comm_vol 314.573 MB
SIZE 1 MB, REAL_BD 81.814 GB/s, BD/PAIR 13.636 GB/s, time 7.690e-03 s, time/iter 7.690e-05, comm_vol 629.146 MB
SIZE 2 MB, REAL_BD 114.722 GB/s, BD/PAIR 19.12 GB/s, time 1.097e-02 s, time/iter 1.097e-04, comm_vol 1.258 GB
SIZE 4 MB, REAL_BD 120.744 GB/s, BD/PAIR 20.124 GB/s, time 2.084e-02 s, time/iter 2.084e-04, comm_vol 2.517 GB
SIZE 8 MB, REAL_BD 122.309 GB/s, BD/PAIR 20.385 GB/s, time 4.115e-02 s, time/iter 4.115e-04, comm_vol 5.033 GB
SIZE 16 MB, REAL_BD 128.055 GB/s, BD/PAIR 21.342 GB/s, time 7.861e-02 s, time/iter 7.861e-04, comm_vol 10.066 GB
SIZE 32 MB, REAL_BD 130.058 GB/s, BD/PAIR 21.676 GB/s, time 1.548e-01 s, time/iter 1.548e-03, comm_vol 20.133 GB
SIZE 64 MB, REAL_BD 130.43 GB/s, BD/PAIR 21.738 GB/s, time 3.087e-01 s, time/iter 3.087e-03, comm_vol 40.265 GB
SIZE 128 MB, REAL_BD 131.612 GB/s, BD/PAIR 21.935 GB/s, time 6.119e-01 s, time/iter 6.119e-03, comm_vol 80.531 GB
SIZE 256 MB, REAL_BD 131.967 GB/s, BD/PAIR 21.995 GB/s, time 1.220e+00 s, time/iter 1.220e-02, comm_vol 161.061 GB
SIZE 512 MB, REAL_BD 131.999 GB/s, BD/PAIR 22.0 GB/s, time 2.440e+00 s, time/iter 2.440e-02, comm_vol 322.123 GB
SIZE 1 GB, REAL_BD 132.33 GB/s, BD/PAIR 22.055 GB/s, time 4.868e+00 s, time/iter 4.868e-02, comm_vol 644.245 GB
[[0, 8], [8, 16], [16, 0], [4, 12], [12, 20], [20, 4]]
NCCL version 2.21.5+cuda12.4
NCCL version 2.21.5+cuda12.4
SIZE 8 KB, REAL_BD 2.325 GB/s, BD/PAIR 387.501 MB/s, time 2.114e-03 s, time/iter 2.114e-05, comm_vol 4.915 MB
SIZE 16 KB, REAL_BD 4.838 GB/s, BD/PAIR 806.283 MB/s, time 2.032e-03 s, time/iter 2.032e-05, comm_vol 9.83 MB
SIZE 32 KB, REAL_BD 9.895 GB/s, BD/PAIR 1.649 GB/s, time 1.987e-03 s, time/iter 1.987e-05, comm_vol 19.661 MB
SIZE 64 KB, REAL_BD 14.74 GB/s, BD/PAIR 2.457 GB/s, time 2.668e-03 s, time/iter 2.668e-05, comm_vol 39.322 MB
SIZE 128 KB, REAL_BD 25.28 GB/s, BD/PAIR 4.213 GB/s, time 3.111e-03 s, time/iter 3.111e-05, comm_vol 78.643 MB
SIZE 256 KB, REAL_BD 47.718 GB/s, BD/PAIR 7.953 GB/s, time 3.296e-03 s, time/iter 3.296e-05, comm_vol 157.286 MB
SIZE 512 KB, REAL_BD 64.604 GB/s, BD/PAIR 10.767 GB/s, time 4.869e-03 s, time/iter 4.869e-05, comm_vol 314.573 MB
SIZE 1 MB, REAL_BD 82.033 GB/s, BD/PAIR 13.672 GB/s, time 7.669e-03 s, time/iter 7.669e-05, comm_vol 629.146 MB
SIZE 2 MB, REAL_BD 110.996 GB/s, BD/PAIR 18.499 GB/s, time 1.134e-02 s, time/iter 1.134e-04, comm_vol 1.258 GB
SIZE 4 MB, REAL_BD 120.674 GB/s, BD/PAIR 20.112 GB/s, time 2.085e-02 s, time/iter 2.085e-04, comm_vol 2.517 GB
SIZE 8 MB, REAL_BD 125.147 GB/s, BD/PAIR 20.858 GB/s, time 4.022e-02 s, time/iter 4.022e-04, comm_vol 5.033 GB
SIZE 16 MB, REAL_BD 127.842 GB/s, BD/PAIR 21.307 GB/s, time 7.874e-02 s, time/iter 7.874e-04, comm_vol 10.066 GB
SIZE 32 MB, REAL_BD 128.543 GB/s, BD/PAIR 21.424 GB/s, time 1.566e-01 s, time/iter 1.566e-03, comm_vol 20.133 GB
SIZE 64 MB, REAL_BD 130.184 GB/s, BD/PAIR 21.697 GB/s, time 3.093e-01 s, time/iter 3.093e-03, comm_vol 40.265 GB
SIZE 128 MB, REAL_BD 130.565 GB/s, BD/PAIR 21.761 GB/s, time 6.168e-01 s, time/iter 6.168e-03, comm_vol 80.531 GB
SIZE 256 MB, REAL_BD 131.05 GB/s, BD/PAIR 21.842 GB/s, time 1.229e+00 s, time/iter 1.229e-02, comm_vol 161.061 GB
SIZE 512 MB, REAL_BD 131.123 GB/s, BD/PAIR 21.854 GB/s, time 2.457e+00 s, time/iter 2.457e-02, comm_vol 322.123 GB
SIZE 1 GB, REAL_BD 131.377 GB/s, BD/PAIR 21.896 GB/s, time 4.904e+00 s, time/iter 4.904e-02, comm_vol 644.245 GB
[[0, 8], [8, 16], [16, 0], [2, 10], [10, 18], [18, 2], [4, 12], [12, 20], [20, 4], [6, 14], [14, 22], [22, 6]]
NCCL version 2.21.5+cuda12.4
NCCL version 2.21.5+cuda12.4
SIZE 8 KB, REAL_BD 4.631 GB/s, BD/PAIR 385.891 MB/s, time 2.123e-03 s, time/iter 2.123e-05, comm_vol 9.83 MB
SIZE 16 KB, REAL_BD 9.855 GB/s, BD/PAIR 821.217 MB/s, time 1.995e-03 s, time/iter 1.995e-05, comm_vol 19.661 MB
SIZE 32 KB, REAL_BD 19.562 GB/s, BD/PAIR 1.63 GB/s, time 2.010e-03 s, time/iter 2.010e-05, comm_vol 39.322 MB
SIZE 64 KB, REAL_BD 28.955 GB/s, BD/PAIR 2.413 GB/s, time 2.716e-03 s, time/iter 2.716e-05, comm_vol 78.643 MB
SIZE 128 KB, REAL_BD 50.16 GB/s, BD/PAIR 4.18 GB/s, time 3.136e-03 s, time/iter 3.136e-05, comm_vol 157.286 MB
SIZE 256 KB, REAL_BD 94.779 GB/s, BD/PAIR 7.898 GB/s, time 3.319e-03 s, time/iter 3.319e-05, comm_vol 314.573 MB
SIZE 512 KB, REAL_BD 127.652 GB/s, BD/PAIR 10.638 GB/s, time 4.929e-03 s, time/iter 4.929e-05, comm_vol 629.146 MB
SIZE 1 MB, REAL_BD 160.62 GB/s, BD/PAIR 13.385 GB/s, time 7.834e-03 s, time/iter 7.834e-05, comm_vol 1.258 GB
SIZE 2 MB, REAL_BD 226.772 GB/s, BD/PAIR 18.898 GB/s, time 1.110e-02 s, time/iter 1.110e-04, comm_vol 2.517 GB
SIZE 4 MB, REAL_BD 245.964 GB/s, BD/PAIR 20.497 GB/s, time 2.046e-02 s, time/iter 2.046e-04, comm_vol 5.033 GB
SIZE 8 MB, REAL_BD 254.213 GB/s, BD/PAIR 21.184 GB/s, time 3.960e-02 s, time/iter 3.960e-04, comm_vol 10.066 GB
SIZE 16 MB, REAL_BD 261.291 GB/s, BD/PAIR 21.774 GB/s, time 7.705e-02 s, time/iter 7.705e-04, comm_vol 20.133 GB
SIZE 32 MB, REAL_BD 265.056 GB/s, BD/PAIR 22.088 GB/s, time 1.519e-01 s, time/iter 1.519e-03, comm_vol 40.265 GB
SIZE 64 MB, REAL_BD 266.575 GB/s, BD/PAIR 22.215 GB/s, time 3.021e-01 s, time/iter 3.021e-03, comm_vol 80.531 GB
SIZE 128 MB, REAL_BD 267.885 GB/s, BD/PAIR 22.324 GB/s, time 6.012e-01 s, time/iter 6.012e-03, comm_vol 161.061 GB
SIZE 256 MB, REAL_BD 268.442 GB/s, BD/PAIR 22.37 GB/s, time 1.200e+00 s, time/iter 1.200e-02, comm_vol 322.123 GB
SIZE 512 MB, REAL_BD 268.972 GB/s, BD/PAIR 22.414 GB/s, time 2.395e+00 s, time/iter 2.395e-02, comm_vol 644.245 GB
SIZE 1 GB, REAL_BD 269.031 GB/s, BD/PAIR 22.419 GB/s, time 4.789e+00 s, time/iter 4.789e-02, comm_vol 1.288 TB
[[0, 8], [8, 16], [16, 0], [2, 10], [10, 18], [18, 2], [4, 12], [12, 20], [20, 4], [6, 14], [14, 22], [22, 6], [1, 9], [9, 17], [17, 1], [3, 11], [11, 19], [19, 3], [5, 13], [13, 21], [21, 5], [7, 15], [15, 23], [23, 7]]
NCCL version 2.21.5+cuda12.4
NCCL version 2.21.5+cuda12.4
NCCL version 2.21.5+cuda12.4
NCCL version 2.21.5+cuda12.4
NCCL version 2.21.5+cuda12.4
NCCL version 2.21.5+cuda12.4
NCCL version 2.21.5+cuda12.4
NCCL version 2.21.5+cuda12.4
SIZE 8 KB, REAL_BD 8.602 GB/s, BD/PAIR 358.437 MB/s, time 2.285e-03 s, time/iter 2.285e-05, comm_vol 19.661 MB
SIZE 16 KB, REAL_BD 18.056 GB/s, BD/PAIR 752.348 MB/s, time 2.178e-03 s, time/iter 2.178e-05, comm_vol 39.322 MB
SIZE 32 KB, REAL_BD 36.585 GB/s, BD/PAIR 1.524 GB/s, time 2.150e-03 s, time/iter 2.150e-05, comm_vol 78.643 MB
SIZE 64 KB, REAL_BD 57.331 GB/s, BD/PAIR 2.389 GB/s, time 2.743e-03 s, time/iter 2.743e-05, comm_vol 157.286 MB
SIZE 128 KB, REAL_BD 99.578 GB/s, BD/PAIR 4.149 GB/s, time 3.159e-03 s, time/iter 3.159e-05, comm_vol 314.573 MB
SIZE 256 KB, REAL_BD 187.537 GB/s, BD/PAIR 7.814 GB/s, time 3.355e-03 s, time/iter 3.355e-05, comm_vol 629.146 MB
SIZE 512 KB, REAL_BD 254.296 GB/s, BD/PAIR 10.596 GB/s, time 4.948e-03 s, time/iter 4.948e-05, comm_vol 1.258 GB
SIZE 1 MB, REAL_BD 317.835 GB/s, BD/PAIR 13.243 GB/s, time 7.918e-03 s, time/iter 7.918e-05, comm_vol 2.517 GB
SIZE 2 MB, REAL_BD 457.296 GB/s, BD/PAIR 19.054 GB/s, time 1.101e-02 s, time/iter 1.101e-04, comm_vol 5.033 GB
SIZE 4 MB, REAL_BD 504.478 GB/s, BD/PAIR 21.02 GB/s, time 1.995e-02 s, time/iter 1.995e-04, comm_vol 10.066 GB
SIZE 8 MB, REAL_BD 529.37 GB/s, BD/PAIR 22.057 GB/s, time 3.803e-02 s, time/iter 3.803e-04, comm_vol 20.133 GB
SIZE 16 MB, REAL_BD 543.253 GB/s, BD/PAIR 22.636 GB/s, time 7.412e-02 s, time/iter 7.412e-04, comm_vol 40.265 GB
SIZE 32 MB, REAL_BD 552.51 GB/s, BD/PAIR 23.021 GB/s, time 1.458e-01 s, time/iter 1.458e-03, comm_vol 80.531 GB
SIZE 64 MB, REAL_BD 555.58 GB/s, BD/PAIR 23.149 GB/s, time 2.899e-01 s, time/iter 2.899e-03, comm_vol 161.061 GB
SIZE 128 MB, REAL_BD 557.036 GB/s, BD/PAIR 23.21 GB/s, time 5.783e-01 s, time/iter 5.783e-03, comm_vol 322.123 GB
SIZE 256 MB, REAL_BD 559.815 GB/s, BD/PAIR 23.326 GB/s, time 1.151e+00 s, time/iter 1.151e-02, comm_vol 644.245 GB
SIZE 512 MB, REAL_BD 560.07 GB/s, BD/PAIR 23.336 GB/s, time 2.301e+00 s, time/iter 2.301e-02, comm_vol 1.288 TB
SIZE 1 GB, REAL_BD 560.703 GB/s, BD/PAIR 23.363 GB/s, time 4.596e+00 s, time/iter 4.596e-02, comm_vol 2.577 TB
+ set +x
COMM_MODULE: torch-distributed
+ srun -p h01 -N 3 --ntasks-per-node 8 --gres=gpu:8 --mem 256G -K -w g40,g42,g44 -c 13 ./scripts/executor.sh python conflict_bench.py --backend NCCL --config ./scripts/configs/small_24.json --comm-module torch-distributed
NCCL version 2.21.5+cuda12.4
[INFO]: Cluster init done !!!
[[0, 8]]
SIZE 8 KB, REAL_BD 261.609 MB/s, BD/PAIR 261.609 MB/s, time 3.131e-03 s, time/iter 3.131e-05, comm_vol 819.2 KB
SIZE 16 KB, REAL_BD 533.495 MB/s, BD/PAIR 533.495 MB/s, time 3.071e-03 s, time/iter 3.071e-05, comm_vol 1.638 MB
SIZE 32 KB, REAL_BD 1.074 GB/s, BD/PAIR 1.074 GB/s, time 3.052e-03 s, time/iter 3.052e-05, comm_vol 3.277 MB
SIZE 64 KB, REAL_BD 2.204 GB/s, BD/PAIR 2.204 GB/s, time 2.974e-03 s, time/iter 2.974e-05, comm_vol 6.554 MB
SIZE 128 KB, REAL_BD 4.498 GB/s, BD/PAIR 4.498 GB/s, time 2.914e-03 s, time/iter 2.914e-05, comm_vol 13.107 MB
SIZE 256 KB, REAL_BD 8.889 GB/s, BD/PAIR 8.889 GB/s, time 2.949e-03 s, time/iter 2.949e-05, comm_vol 26.214 MB
SIZE 512 KB, REAL_BD 12.358 GB/s, BD/PAIR 12.358 GB/s, time 4.242e-03 s, time/iter 4.242e-05, comm_vol 52.429 MB
SIZE 1 MB, REAL_BD 13.265 GB/s, BD/PAIR 13.265 GB/s, time 7.905e-03 s, time/iter 7.905e-05, comm_vol 104.858 MB
SIZE 2 MB, REAL_BD 20.087 GB/s, BD/PAIR 20.087 GB/s, time 1.044e-02 s, time/iter 1.044e-04, comm_vol 209.715 MB
SIZE 4 MB, REAL_BD 21.765 GB/s, BD/PAIR 21.765 GB/s, time 1.927e-02 s, time/iter 1.927e-04, comm_vol 419.43 MB
SIZE 8 MB, REAL_BD 22.658 GB/s, BD/PAIR 22.658 GB/s, time 3.702e-02 s, time/iter 3.702e-04, comm_vol 838.861 MB
SIZE 16 MB, REAL_BD 23.093 GB/s, BD/PAIR 23.093 GB/s, time 7.265e-02 s, time/iter 7.265e-04, comm_vol 1.678 GB
SIZE 32 MB, REAL_BD 23.365 GB/s, BD/PAIR 23.365 GB/s, time 1.436e-01 s, time/iter 1.436e-03, comm_vol 3.355 GB
SIZE 64 MB, REAL_BD 23.472 GB/s, BD/PAIR 23.472 GB/s, time 2.859e-01 s, time/iter 2.859e-03, comm_vol 6.711 GB
SIZE 128 MB, REAL_BD 23.486 GB/s, BD/PAIR 23.486 GB/s, time 5.715e-01 s, time/iter 5.715e-03, comm_vol 13.422 GB
SIZE 256 MB, REAL_BD 23.568 GB/s, BD/PAIR 23.568 GB/s, time 1.139e+00 s, time/iter 1.139e-02, comm_vol 26.844 GB
SIZE 512 MB, REAL_BD 23.575 GB/s, BD/PAIR 23.575 GB/s, time 2.277e+00 s, time/iter 2.277e-02, comm_vol 53.687 GB
SIZE 1 GB, REAL_BD 23.526 GB/s, BD/PAIR 23.526 GB/s, time 4.564e+00 s, time/iter 4.564e-02, comm_vol 107.374 GB
[[0, 8], [8, 16]]
NCCL version 2.21.5+cuda12.4
SIZE 8 KB, REAL_BD 441.699 MB/s, BD/PAIR 220.849 MB/s, time 3.709e-03 s, time/iter 3.709e-05, comm_vol 1.638 MB
SIZE 16 KB, REAL_BD 977.796 MB/s, BD/PAIR 488.898 MB/s, time 3.351e-03 s, time/iter 3.351e-05, comm_vol 3.277 MB
SIZE 32 KB, REAL_BD 1.448 GB/s, BD/PAIR 723.82 MB/s, time 4.527e-03 s, time/iter 4.527e-05, comm_vol 6.554 MB
SIZE 64 KB, REAL_BD 4.036 GB/s, BD/PAIR 2.018 GB/s, time 3.247e-03 s, time/iter 3.247e-05, comm_vol 13.107 MB
SIZE 128 KB, REAL_BD 8.488 GB/s, BD/PAIR 4.244 GB/s, time 3.088e-03 s, time/iter 3.088e-05, comm_vol 26.214 MB
SIZE 256 KB, REAL_BD 17.056 GB/s, BD/PAIR 8.528 GB/s, time 3.074e-03 s, time/iter 3.074e-05, comm_vol 52.429 MB
SIZE 512 KB, REAL_BD 23.573 GB/s, BD/PAIR 11.787 GB/s, time 4.448e-03 s, time/iter 4.448e-05, comm_vol 104.858 MB
SIZE 1 MB, REAL_BD 29.042 GB/s, BD/PAIR 14.521 GB/s, time 7.221e-03 s, time/iter 7.221e-05, comm_vol 209.715 MB
SIZE 2 MB, REAL_BD 38.296 GB/s, BD/PAIR 19.148 GB/s, time 1.095e-02 s, time/iter 1.095e-04, comm_vol 419.43 MB
SIZE 4 MB, REAL_BD 40.84 GB/s, BD/PAIR 20.42 GB/s, time 2.054e-02 s, time/iter 2.054e-04, comm_vol 838.861 MB
SIZE 8 MB, REAL_BD 42.074 GB/s, BD/PAIR 21.037 GB/s, time 3.988e-02 s, time/iter 3.988e-04, comm_vol 1.678 GB
SIZE 16 MB, REAL_BD 42.523 GB/s, BD/PAIR 21.261 GB/s, time 7.891e-02 s, time/iter 7.891e-04, comm_vol 3.355 GB
SIZE 32 MB, REAL_BD 42.395 GB/s, BD/PAIR 21.198 GB/s, time 1.583e-01 s, time/iter 1.583e-03, comm_vol 6.711 GB
SIZE 64 MB, REAL_BD 42.436 GB/s, BD/PAIR 21.218 GB/s, time 3.163e-01 s, time/iter 3.163e-03, comm_vol 13.422 GB
SIZE 128 MB, REAL_BD 42.434 GB/s, BD/PAIR 21.217 GB/s, time 6.326e-01 s, time/iter 6.326e-03, comm_vol 26.844 GB
SIZE 256 MB, REAL_BD 42.589 GB/s, BD/PAIR 21.294 GB/s, time 1.261e+00 s, time/iter 1.261e-02, comm_vol 53.687 GB
SIZE 512 MB, REAL_BD 42.625 GB/s, BD/PAIR 21.312 GB/s, time 2.519e+00 s, time/iter 2.519e-02, comm_vol 107.374 GB
SIZE 1 GB, REAL_BD 42.716 GB/s, BD/PAIR 21.358 GB/s, time 5.027e+00 s, time/iter 5.027e-02, comm_vol 214.748 GB
[[0, 8], [8, 16], [16, 0]]
SIZE 8 KB, REAL_BD 743.664 MB/s, BD/PAIR 247.888 MB/s, time 3.305e-03 s, time/iter 3.305e-05, comm_vol 2.458 MB
SIZE 16 KB, REAL_BD 830.782 MB/s, BD/PAIR 276.927 MB/s, time 5.916e-03 s, time/iter 5.916e-05, comm_vol 4.915 MB
SIZE 32 KB, REAL_BD 3.057 GB/s, BD/PAIR 1.019 GB/s, time 3.216e-03 s, time/iter 3.216e-05, comm_vol 9.83 MB
SIZE 64 KB, REAL_BD 5.463 GB/s, BD/PAIR 1.821 GB/s, time 3.599e-03 s, time/iter 3.599e-05, comm_vol 19.661 MB
SIZE 128 KB, REAL_BD 9.588 GB/s, BD/PAIR 3.196 GB/s, time 4.101e-03 s, time/iter 4.101e-05, comm_vol 39.322 MB
SIZE 256 KB, REAL_BD 17.423 GB/s, BD/PAIR 5.808 GB/s, time 4.514e-03 s, time/iter 4.514e-05, comm_vol 78.643 MB
SIZE 512 KB, REAL_BD 26.365 GB/s, BD/PAIR 8.788 GB/s, time 5.966e-03 s, time/iter 5.966e-05, comm_vol 157.286 MB
SIZE 1 MB, REAL_BD 35.834 GB/s, BD/PAIR 11.945 GB/s, time 8.779e-03 s, time/iter 8.779e-05, comm_vol 314.573 MB
SIZE 2 MB, REAL_BD 49.701 GB/s, BD/PAIR 16.567 GB/s, time 1.266e-02 s, time/iter 1.266e-04, comm_vol 629.146 MB
SIZE 4 MB, REAL_BD 58.064 GB/s, BD/PAIR 19.355 GB/s, time 2.167e-02 s, time/iter 2.167e-04, comm_vol 1.258 GB
SIZE 8 MB, REAL_BD 62.642 GB/s, BD/PAIR 20.881 GB/s, time 4.017e-02 s, time/iter 4.017e-04, comm_vol 2.517 GB
SIZE 16 MB, REAL_BD 65.176 GB/s, BD/PAIR 21.725 GB/s, time 7.722e-02 s, time/iter 7.722e-04, comm_vol 5.033 GB
SIZE 32 MB, REAL_BD 65.524 GB/s, BD/PAIR 21.841 GB/s, time 1.536e-01 s, time/iter 1.536e-03, comm_vol 10.066 GB
SIZE 64 MB, REAL_BD 64.952 GB/s, BD/PAIR 21.651 GB/s, time 3.100e-01 s, time/iter 3.100e-03, comm_vol 20.133 GB
SIZE 128 MB, REAL_BD 65.814 GB/s, BD/PAIR 21.938 GB/s, time 6.118e-01 s, time/iter 6.118e-03, comm_vol 40.265 GB
SIZE 256 MB, REAL_BD 65.725 GB/s, BD/PAIR 21.908 GB/s, time 1.225e+00 s, time/iter 1.225e-02, comm_vol 80.531 GB
SIZE 512 MB, REAL_BD 65.82 GB/s, BD/PAIR 21.94 GB/s, time 2.447e+00 s, time/iter 2.447e-02, comm_vol 161.061 GB
SIZE 1 GB, REAL_BD 65.979 GB/s, BD/PAIR 21.993 GB/s, time 4.882e+00 s, time/iter 4.882e-02, comm_vol 322.123 GB
[[0, 8], [8, 16], [16, 0], [2, 10], [10, 18], [18, 2]]
NCCL version 2.21.5+cuda12.4
NCCL version 2.21.5+cuda12.4
SIZE 8 KB, REAL_BD 817.732 MB/s, BD/PAIR 136.289 MB/s, time 6.011e-03 s, time/iter 6.011e-05, comm_vol 4.915 MB
SIZE 16 KB, REAL_BD 1.608 GB/s, BD/PAIR 267.944 MB/s, time 6.115e-03 s, time/iter 6.115e-05, comm_vol 9.83 MB
SIZE 32 KB, REAL_BD 3.119 GB/s, BD/PAIR 519.834 MB/s, time 6.304e-03 s, time/iter 6.304e-05, comm_vol 19.661 MB
SIZE 64 KB, REAL_BD 6.42 GB/s, BD/PAIR 1.07 GB/s, time 6.125e-03 s, time/iter 6.125e-05, comm_vol 39.322 MB
SIZE 128 KB, REAL_BD 13.006 GB/s, BD/PAIR 2.168 GB/s, time 6.047e-03 s, time/iter 6.047e-05, comm_vol 78.643 MB
SIZE 256 KB, REAL_BD 25.762 GB/s, BD/PAIR 4.294 GB/s, time 6.105e-03 s, time/iter 6.105e-05, comm_vol 157.286 MB
SIZE 512 KB, REAL_BD 52.225 GB/s, BD/PAIR 8.704 GB/s, time 6.023e-03 s, time/iter 6.023e-05, comm_vol 314.573 MB
SIZE 1 MB, REAL_BD 42.481 GB/s, BD/PAIR 7.08 GB/s, time 1.481e-02 s, time/iter 1.481e-04, comm_vol 629.146 MB
SIZE 2 MB, REAL_BD 70.762 GB/s, BD/PAIR 11.794 GB/s, time 1.778e-02 s, time/iter 1.778e-04, comm_vol 1.258 GB
SIZE 4 MB, REAL_BD 115.029 GB/s, BD/PAIR 19.172 GB/s, time 2.188e-02 s, time/iter 2.188e-04, comm_vol 2.517 GB
SIZE 8 MB, REAL_BD 124.269 GB/s, BD/PAIR 20.711 GB/s, time 4.050e-02 s, time/iter 4.050e-04, comm_vol 5.033 GB
SIZE 16 MB, REAL_BD 128.398 GB/s, BD/PAIR 21.4 GB/s, time 7.840e-02 s, time/iter 7.840e-04, comm_vol 10.066 GB
SIZE 32 MB, REAL_BD 128.969 GB/s, BD/PAIR 21.495 GB/s, time 1.561e-01 s, time/iter 1.561e-03, comm_vol 20.133 GB
SIZE 64 MB, REAL_BD 130.193 GB/s, BD/PAIR 21.699 GB/s, time 3.093e-01 s, time/iter 3.093e-03, comm_vol 40.265 GB
SIZE 128 MB, REAL_BD 130.786 GB/s, BD/PAIR 21.798 GB/s, time 6.157e-01 s, time/iter 6.157e-03, comm_vol 80.531 GB
SIZE 256 MB, REAL_BD 131.301 GB/s, BD/PAIR 21.883 GB/s, time 1.227e+00 s, time/iter 1.227e-02, comm_vol 161.061 GB
SIZE 512 MB, REAL_BD 131.772 GB/s, BD/PAIR 21.962 GB/s, time 2.445e+00 s, time/iter 2.445e-02, comm_vol 322.123 GB
SIZE 1 GB, REAL_BD 132.027 GB/s, BD/PAIR 22.005 GB/s, time 4.880e+00 s, time/iter 4.880e-02, comm_vol 644.245 GB
[[0, 8], [8, 16], [16, 0], [4, 12], [12, 20], [20, 4]]
NCCL version 2.21.5+cuda12.4
NCCL version 2.21.5+cuda12.4
SIZE 8 KB, REAL_BD 810.849 MB/s, BD/PAIR 135.142 MB/s, time 6.062e-03 s, time/iter 6.062e-05, comm_vol 4.915 MB
SIZE 16 KB, REAL_BD 1.599 GB/s, BD/PAIR 266.541 MB/s, time 6.147e-03 s, time/iter 6.147e-05, comm_vol 9.83 MB
SIZE 32 KB, REAL_BD 3.196 GB/s, BD/PAIR 532.647 MB/s, time 6.152e-03 s, time/iter 6.152e-05, comm_vol 19.661 MB
SIZE 64 KB, REAL_BD 3.319 GB/s, BD/PAIR 553.163 MB/s, time 1.185e-02 s, time/iter 1.185e-04, comm_vol 39.322 MB
SIZE 128 KB, REAL_BD 13.391 GB/s, BD/PAIR 2.232 GB/s, time 5.873e-03 s, time/iter 5.873e-05, comm_vol 78.643 MB
SIZE 256 KB, REAL_BD 26.53 GB/s, BD/PAIR 4.422 GB/s, time 5.929e-03 s, time/iter 5.929e-05, comm_vol 157.286 MB
SIZE 512 KB, REAL_BD 50.952 GB/s, BD/PAIR 8.492 GB/s, time 6.174e-03 s, time/iter 6.174e-05, comm_vol 314.573 MB
SIZE 1 MB, REAL_BD 69.855 GB/s, BD/PAIR 11.642 GB/s, time 9.007e-03 s, time/iter 9.007e-05, comm_vol 629.146 MB
SIZE 2 MB, REAL_BD 72.883 GB/s, BD/PAIR 12.147 GB/s, time 1.726e-02 s, time/iter 1.726e-04, comm_vol 1.258 GB
SIZE 4 MB, REAL_BD 114.381 GB/s, BD/PAIR 19.064 GB/s, time 2.200e-02 s, time/iter 2.200e-04, comm_vol 2.517 GB
SIZE 8 MB, REAL_BD 123.802 GB/s, BD/PAIR 20.634 GB/s, time 4.065e-02 s, time/iter 4.065e-04, comm_vol 5.033 GB
SIZE 16 MB, REAL_BD 127.425 GB/s, BD/PAIR 21.237 GB/s, time 7.900e-02 s, time/iter 7.900e-04, comm_vol 10.066 GB
SIZE 32 MB, REAL_BD 128.627 GB/s, BD/PAIR 21.438 GB/s, time 1.565e-01 s, time/iter 1.565e-03, comm_vol 20.133 GB
SIZE 64 MB, REAL_BD 129.424 GB/s, BD/PAIR 21.571 GB/s, time 3.111e-01 s, time/iter 3.111e-03, comm_vol 40.265 GB
SIZE 128 MB, REAL_BD 130.284 GB/s, BD/PAIR 21.714 GB/s, time 6.181e-01 s, time/iter 6.181e-03, comm_vol 80.531 GB
SIZE 256 MB, REAL_BD 130.56 GB/s, BD/PAIR 21.76 GB/s, time 1.234e+00 s, time/iter 1.234e-02, comm_vol 161.061 GB
SIZE 512 MB, REAL_BD 130.965 GB/s, BD/PAIR 21.828 GB/s, time 2.460e+00 s, time/iter 2.460e-02, comm_vol 322.123 GB
SIZE 1 GB, REAL_BD 131.244 GB/s, BD/PAIR 21.874 GB/s, time 4.909e+00 s, time/iter 4.909e-02, comm_vol 644.245 GB
[[0, 8], [8, 16], [16, 0], [2, 10], [10, 18], [18, 2], [4, 12], [12, 20], [20, 4], [6, 14], [14, 22], [22, 6]]
NCCL version 2.21.5+cuda12.4
NCCL version 2.21.5+cuda12.4
SIZE 8 KB, REAL_BD 1.639 GB/s, BD/PAIR 136.549 MB/s, time 5.999e-03 s, time/iter 5.999e-05, comm_vol 9.83 MB
SIZE 16 KB, REAL_BD 3.214 GB/s, BD/PAIR 267.797 MB/s, time 6.118e-03 s, time/iter 6.118e-05, comm_vol 19.661 MB
SIZE 32 KB, REAL_BD 6.438 GB/s, BD/PAIR 536.515 MB/s, time 6.108e-03 s, time/iter 6.108e-05, comm_vol 39.322 MB
SIZE 64 KB, REAL_BD 12.799 GB/s, BD/PAIR 1.067 GB/s, time 6.144e-03 s, time/iter 6.144e-05, comm_vol 78.643 MB
SIZE 128 KB, REAL_BD 17.635 GB/s, BD/PAIR 1.47 GB/s, time 8.919e-03 s, time/iter 8.919e-05, comm_vol 157.286 MB
SIZE 256 KB, REAL_BD 51.223 GB/s, BD/PAIR 4.269 GB/s, time 6.141e-03 s, time/iter 6.141e-05, comm_vol 314.573 MB
SIZE 512 KB, REAL_BD 102.11 GB/s, BD/PAIR 8.509 GB/s, time 6.161e-03 s, time/iter 6.161e-05, comm_vol 629.146 MB
SIZE 1 MB, REAL_BD 138.966 GB/s, BD/PAIR 11.581 GB/s, time 9.055e-03 s, time/iter 9.055e-05, comm_vol 1.258 GB
SIZE 2 MB, REAL_BD 122.165 GB/s, BD/PAIR 10.18 GB/s, time 2.060e-02 s, time/iter 2.060e-04, comm_vol 2.517 GB
SIZE 4 MB, REAL_BD 229.192 GB/s, BD/PAIR 19.099 GB/s, time 2.196e-02 s, time/iter 2.196e-04, comm_vol 5.033 GB
SIZE 8 MB, REAL_BD 246.856 GB/s, BD/PAIR 20.571 GB/s, time 4.078e-02 s, time/iter 4.078e-04, comm_vol 10.066 GB
SIZE 16 MB, REAL_BD 256.998 GB/s, BD/PAIR 21.416 GB/s, time 7.834e-02 s, time/iter 7.834e-04, comm_vol 20.133 GB
SIZE 32 MB, REAL_BD 262.006 GB/s, BD/PAIR 21.834 GB/s, time 1.537e-01 s, time/iter 1.537e-03, comm_vol 40.265 GB
SIZE 64 MB, REAL_BD 264.738 GB/s, BD/PAIR 22.062 GB/s, time 3.042e-01 s, time/iter 3.042e-03, comm_vol 80.531 GB
SIZE 128 MB, REAL_BD 267.201 GB/s, BD/PAIR 22.267 GB/s, time 6.028e-01 s, time/iter 6.028e-03, comm_vol 161.061 GB
SIZE 256 MB, REAL_BD 268.197 GB/s, BD/PAIR 22.35 GB/s, time 1.201e+00 s, time/iter 1.201e-02, comm_vol 322.123 GB
SIZE 512 MB, REAL_BD 268.942 GB/s, BD/PAIR 22.412 GB/s, time 2.395e+00 s, time/iter 2.395e-02, comm_vol 644.245 GB
SIZE 1 GB, REAL_BD 269.266 GB/s, BD/PAIR 22.439 GB/s, time 4.785e+00 s, time/iter 4.785e-02, comm_vol 1.288 TB
[[0, 8], [8, 16], [16, 0], [2, 10], [10, 18], [18, 2], [4, 12], [12, 20], [20, 4], [6, 14], [14, 22], [22, 6], [1, 9], [9, 17], [17, 1], [3, 11], [11, 19], [19, 3], [5, 13], [13, 21], [21, 5], [7, 15], [15, 23], [23, 7]]
NCCL version 2.21.5+cuda12.4
NCCL version 2.21.5+cuda12.4
NCCL version 2.21.5+cuda12.4
NCCL version 2.21.5+cuda12.4
NCCL version 2.21.5+cuda12.4
NCCL version 2.21.5+cuda12.4
NCCL version 2.21.5+cuda12.4
NCCL version 2.21.5+cuda12.4
SIZE 8 KB, REAL_BD 3.246 GB/s, BD/PAIR 135.259 MB/s, time 6.057e-03 s, time/iter 6.057e-05, comm_vol 19.661 MB
SIZE 16 KB, REAL_BD 4.757 GB/s, BD/PAIR 198.21 MB/s, time 8.266e-03 s, time/iter 8.266e-05, comm_vol 39.322 MB
SIZE 32 KB, REAL_BD 11.487 GB/s, BD/PAIR 478.631 MB/s, time 6.846e-03 s, time/iter 6.846e-05, comm_vol 78.643 MB
SIZE 64 KB, REAL_BD 15.063 GB/s, BD/PAIR 627.632 MB/s, time 1.044e-02 s, time/iter 1.044e-04, comm_vol 157.286 MB
SIZE 128 KB, REAL_BD 36.244 GB/s, BD/PAIR 1.51 GB/s, time 8.679e-03 s, time/iter 8.679e-05, comm_vol 314.573 MB
SIZE 256 KB, REAL_BD 51.181 GB/s, BD/PAIR 2.133 GB/s, time 1.229e-02 s, time/iter 1.229e-04, comm_vol 629.146 MB
SIZE 512 KB, REAL_BD 91.027 GB/s, BD/PAIR 3.793 GB/s, time 1.382e-02 s, time/iter 1.382e-04, comm_vol 1.258 GB
SIZE 1 MB, REAL_BD 152.527 GB/s, BD/PAIR 6.355 GB/s, time 1.650e-02 s, time/iter 1.650e-04, comm_vol 2.517 GB
SIZE 2 MB, REAL_BD 391.59 GB/s, BD/PAIR 16.316 GB/s, time 1.285e-02 s, time/iter 1.285e-04, comm_vol 5.033 GB
SIZE 4 MB, REAL_BD 424.911 GB/s, BD/PAIR 17.705 GB/s, time 2.369e-02 s, time/iter 2.369e-04, comm_vol 10.066 GB
SIZE 8 MB, REAL_BD 504.444 GB/s, BD/PAIR 21.019 GB/s, time 3.991e-02 s, time/iter 3.991e-04, comm_vol 20.133 GB
SIZE 16 MB, REAL_BD 530.694 GB/s, BD/PAIR 22.112 GB/s, time 7.587e-02 s, time/iter 7.587e-04, comm_vol 40.265 GB
SIZE 32 MB, REAL_BD 543.724 GB/s, BD/PAIR 22.655 GB/s, time 1.481e-01 s, time/iter 1.481e-03, comm_vol 80.531 GB
SIZE 64 MB, REAL_BD 552.111 GB/s, BD/PAIR 23.005 GB/s, time 2.917e-01 s, time/iter 2.917e-03, comm_vol 161.061 GB
SIZE 128 MB, REAL_BD 556.137 GB/s, BD/PAIR 23.172 GB/s, time 5.792e-01 s, time/iter 5.792e-03, comm_vol 322.123 GB
SIZE 256 MB, REAL_BD 558.179 GB/s, BD/PAIR 23.257 GB/s, time 1.154e+00 s, time/iter 1.154e-02, comm_vol 644.245 GB
SIZE 512 MB, REAL_BD 559.762 GB/s, BD/PAIR 23.323 GB/s, time 2.302e+00 s, time/iter 2.302e-02, comm_vol 1.288 TB
SIZE 1 GB, REAL_BD 560.623 GB/s, BD/PAIR 23.359 GB/s, time 4.597e+00 s, time/iter 4.597e-02, comm_vol 2.577 TB
+ set +x
