HOST: g40
CP_FILE_NAME: small
HOST: g40
CUDA_VISIBLE_DEVICES: 
GPU_NUM: 8
PROC_NUM: 8
NNODES: 1
NTASK_PER_NODE: 8
COMM_MODULE: raw-nccl
+ srun -p h01 -N 1 --ntasks-per-node 8 --gres=gpu:8 --mem 256G -K -w g40 -c 13 ./scripts/executor.sh python conflict_bench.py --backend NCCL --config ./scripts/configs/small_8.json --comm-module raw-nccl
NCCL version 2.21.5+cuda12.4
[INFO]: Cluster init done !!!
[[0, 1]]
NCCL version 2.21.5+cuda12.4
SIZE 8 KB, REAL_BD 779.663 MB/s, BD/PAIR 779.663 MB/s, time 1.051e-03 s, time/iter 1.051e-05, comm_vol 819.2 KB
SIZE 16 KB, REAL_BD 1.558 GB/s, BD/PAIR 1.558 GB/s, time 1.052e-03 s, time/iter 1.052e-05, comm_vol 1.638 MB
SIZE 32 KB, REAL_BD 3.227 GB/s, BD/PAIR 3.227 GB/s, time 1.015e-03 s, time/iter 1.015e-05, comm_vol 3.277 MB
SIZE 64 KB, REAL_BD 6.23 GB/s, BD/PAIR 6.23 GB/s, time 1.052e-03 s, time/iter 1.052e-05, comm_vol 6.554 MB
SIZE 128 KB, REAL_BD 12.209 GB/s, BD/PAIR 12.209 GB/s, time 1.074e-03 s, time/iter 1.074e-05, comm_vol 13.107 MB
SIZE 256 KB, REAL_BD 23.778 GB/s, BD/PAIR 23.778 GB/s, time 1.102e-03 s, time/iter 1.102e-05, comm_vol 26.214 MB
SIZE 512 KB, REAL_BD 42.6 GB/s, BD/PAIR 42.6 GB/s, time 1.231e-03 s, time/iter 1.231e-05, comm_vol 52.429 MB
SIZE 1 MB, REAL_BD 67.003 GB/s, BD/PAIR 67.003 GB/s, time 1.565e-03 s, time/iter 1.565e-05, comm_vol 104.858 MB
SIZE 2 MB, REAL_BD 93.825 GB/s, BD/PAIR 93.825 GB/s, time 2.235e-03 s, time/iter 2.235e-05, comm_vol 209.715 MB
SIZE 4 MB, REAL_BD 119.536 GB/s, BD/PAIR 119.536 GB/s, time 3.509e-03 s, time/iter 3.509e-05, comm_vol 419.43 MB
SIZE 8 MB, REAL_BD 138.26 GB/s, BD/PAIR 138.26 GB/s, time 6.067e-03 s, time/iter 6.067e-05, comm_vol 838.861 MB
SIZE 16 MB, REAL_BD 149.938 GB/s, BD/PAIR 149.938 GB/s, time 1.119e-02 s, time/iter 1.119e-04, comm_vol 1.678 GB
SIZE 32 MB, REAL_BD 157.82 GB/s, BD/PAIR 157.82 GB/s, time 2.126e-02 s, time/iter 2.126e-04, comm_vol 3.355 GB
SIZE 64 MB, REAL_BD 159.808 GB/s, BD/PAIR 159.808 GB/s, time 4.199e-02 s, time/iter 4.199e-04, comm_vol 6.711 GB
SIZE 128 MB, REAL_BD 162.162 GB/s, BD/PAIR 162.162 GB/s, time 8.277e-02 s, time/iter 8.277e-04, comm_vol 13.422 GB
SIZE 256 MB, REAL_BD 165.992 GB/s, BD/PAIR 165.992 GB/s, time 1.617e-01 s, time/iter 1.617e-03, comm_vol 26.844 GB
SIZE 512 MB, REAL_BD 166.718 GB/s, BD/PAIR 166.718 GB/s, time 3.220e-01 s, time/iter 3.220e-03, comm_vol 53.687 GB
SIZE 1 GB, REAL_BD 167.065 GB/s, BD/PAIR 167.065 GB/s, time 6.427e-01 s, time/iter 6.427e-03, comm_vol 107.374 GB
[[0, 1], [1, 0]]
SIZE 8 KB, REAL_BD 1.059 GB/s, BD/PAIR 529.507 MB/s, time 1.547e-03 s, time/iter 1.547e-05, comm_vol 1.638 MB
SIZE 16 KB, REAL_BD 2.965 GB/s, BD/PAIR 1.482 GB/s, time 1.105e-03 s, time/iter 1.105e-05, comm_vol 3.277 MB
SIZE 32 KB, REAL_BD 5.947 GB/s, BD/PAIR 2.974 GB/s, time 1.102e-03 s, time/iter 1.102e-05, comm_vol 6.554 MB
SIZE 64 KB, REAL_BD 11.657 GB/s, BD/PAIR 5.829 GB/s, time 1.124e-03 s, time/iter 1.124e-05, comm_vol 13.107 MB
SIZE 128 KB, REAL_BD 22.675 GB/s, BD/PAIR 11.338 GB/s, time 1.156e-03 s, time/iter 1.156e-05, comm_vol 26.214 MB
SIZE 256 KB, REAL_BD 43.11 GB/s, BD/PAIR 21.555 GB/s, time 1.216e-03 s, time/iter 1.216e-05, comm_vol 52.429 MB
SIZE 512 KB, REAL_BD 79.387 GB/s, BD/PAIR 39.694 GB/s, time 1.321e-03 s, time/iter 1.321e-05, comm_vol 104.858 MB
SIZE 1 MB, REAL_BD 130.855 GB/s, BD/PAIR 65.428 GB/s, time 1.603e-03 s, time/iter 1.603e-05, comm_vol 209.715 MB
SIZE 2 MB, REAL_BD 182.151 GB/s, BD/PAIR 91.076 GB/s, time 2.303e-03 s, time/iter 2.303e-05, comm_vol 419.43 MB
SIZE 4 MB, REAL_BD 228.114 GB/s, BD/PAIR 114.057 GB/s, time 3.677e-03 s, time/iter 3.677e-05, comm_vol 838.861 MB
SIZE 8 MB, REAL_BD 266.75 GB/s, BD/PAIR 133.375 GB/s, time 6.289e-03 s, time/iter 6.289e-05, comm_vol 1.678 GB
SIZE 16 MB, REAL_BD 289.554 GB/s, BD/PAIR 144.777 GB/s, time 1.159e-02 s, time/iter 1.159e-04, comm_vol 3.355 GB
SIZE 32 MB, REAL_BD 304.439 GB/s, BD/PAIR 152.219 GB/s, time 2.204e-02 s, time/iter 2.204e-04, comm_vol 6.711 GB
SIZE 64 MB, REAL_BD 316.236 GB/s, BD/PAIR 158.118 GB/s, time 4.244e-02 s, time/iter 4.244e-04, comm_vol 13.422 GB
SIZE 128 MB, REAL_BD 321.268 GB/s, BD/PAIR 160.634 GB/s, time 8.355e-02 s, time/iter 8.355e-04, comm_vol 26.844 GB
SIZE 256 MB, REAL_BD 328.038 GB/s, BD/PAIR 164.019 GB/s, time 1.637e-01 s, time/iter 1.637e-03, comm_vol 53.687 GB
SIZE 512 MB, REAL_BD 326.39 GB/s, BD/PAIR 163.195 GB/s, time 3.290e-01 s, time/iter 3.290e-03, comm_vol 107.374 GB
SIZE 1 GB, REAL_BD 330.339 GB/s, BD/PAIR 165.169 GB/s, time 6.501e-01 s, time/iter 6.501e-03, comm_vol 214.748 GB
[[0, 1], [1, 2], [2, 3], [3, 0]]
NCCL version 2.21.5+cuda12.4
NCCL version 2.21.5+cuda12.4
SIZE 8 KB, REAL_BD 1.779 GB/s, BD/PAIR 444.786 MB/s, time 1.842e-03 s, time/iter 1.842e-05, comm_vol 3.277 MB
SIZE 16 KB, REAL_BD 3.568 GB/s, BD/PAIR 892.113 MB/s, time 1.837e-03 s, time/iter 1.837e-05, comm_vol 6.554 MB
SIZE 32 KB, REAL_BD 7.131 GB/s, BD/PAIR 1.783 GB/s, time 1.838e-03 s, time/iter 1.838e-05, comm_vol 13.107 MB
SIZE 64 KB, REAL_BD 14.515 GB/s, BD/PAIR 3.629 GB/s, time 1.806e-03 s, time/iter 1.806e-05, comm_vol 26.214 MB
SIZE 128 KB, REAL_BD 28.074 GB/s, BD/PAIR 7.018 GB/s, time 1.868e-03 s, time/iter 1.868e-05, comm_vol 52.429 MB
SIZE 256 KB, REAL_BD 52.627 GB/s, BD/PAIR 13.157 GB/s, time 1.992e-03 s, time/iter 1.992e-05, comm_vol 104.858 MB
SIZE 512 KB, REAL_BD 94.036 GB/s, BD/PAIR 23.509 GB/s, time 2.230e-03 s, time/iter 2.230e-05, comm_vol 209.715 MB
SIZE 1 MB, REAL_BD 189.102 GB/s, BD/PAIR 47.276 GB/s, time 2.218e-03 s, time/iter 2.218e-05, comm_vol 419.43 MB
SIZE 2 MB, REAL_BD 292.983 GB/s, BD/PAIR 73.246 GB/s, time 2.863e-03 s, time/iter 2.863e-05, comm_vol 838.861 MB
SIZE 4 MB, REAL_BD 430.364 GB/s, BD/PAIR 107.591 GB/s, time 3.898e-03 s, time/iter 3.898e-05, comm_vol 1.678 GB
SIZE 8 MB, REAL_BD 513.64 GB/s, BD/PAIR 128.41 GB/s, time 6.533e-03 s, time/iter 6.533e-05, comm_vol 3.355 GB
SIZE 16 MB, REAL_BD 567.318 GB/s, BD/PAIR 141.83 GB/s, time 1.183e-02 s, time/iter 1.183e-04, comm_vol 6.711 GB
SIZE 32 MB, REAL_BD 607.262 GB/s, BD/PAIR 151.815 GB/s, time 2.210e-02 s, time/iter 2.210e-04, comm_vol 13.422 GB
SIZE 64 MB, REAL_BD 627.669 GB/s, BD/PAIR 156.917 GB/s, time 4.277e-02 s, time/iter 4.277e-04, comm_vol 26.844 GB
SIZE 128 MB, REAL_BD 639.819 GB/s, BD/PAIR 159.955 GB/s, time 8.391e-02 s, time/iter 8.391e-04, comm_vol 53.687 GB
SIZE 256 MB, REAL_BD 655.423 GB/s, BD/PAIR 163.856 GB/s, time 1.638e-01 s, time/iter 1.638e-03, comm_vol 107.374 GB
SIZE 512 MB, REAL_BD 658.843 GB/s, BD/PAIR 164.711 GB/s, time 3.259e-01 s, time/iter 3.259e-03, comm_vol 214.748 GB
SIZE 1 GB, REAL_BD 647.819 GB/s, BD/PAIR 161.955 GB/s, time 6.630e-01 s, time/iter 6.630e-03, comm_vol 429.497 GB
[[0, 2], [1, 3], [2, 0], [3, 1]]
SIZE 8 KB, REAL_BD 1.761 GB/s, BD/PAIR 440.284 MB/s, time 1.861e-03 s, time/iter 1.861e-05, comm_vol 3.277 MB
SIZE 16 KB, REAL_BD 3.559 GB/s, BD/PAIR 889.688 MB/s, time 1.842e-03 s, time/iter 1.842e-05, comm_vol 6.554 MB
SIZE 32 KB, REAL_BD 7.095 GB/s, BD/PAIR 1.774 GB/s, time 1.847e-03 s, time/iter 1.847e-05, comm_vol 13.107 MB
SIZE 64 KB, REAL_BD 14.165 GB/s, BD/PAIR 3.541 GB/s, time 1.851e-03 s, time/iter 1.851e-05, comm_vol 26.214 MB
SIZE 128 KB, REAL_BD 28.211 GB/s, BD/PAIR 7.053 GB/s, time 1.858e-03 s, time/iter 1.858e-05, comm_vol 52.429 MB
SIZE 256 KB, REAL_BD 52.558 GB/s, BD/PAIR 13.139 GB/s, time 1.995e-03 s, time/iter 1.995e-05, comm_vol 104.858 MB
SIZE 512 KB, REAL_BD 95.134 GB/s, BD/PAIR 23.784 GB/s, time 2.204e-03 s, time/iter 2.204e-05, comm_vol 209.715 MB
SIZE 1 MB, REAL_BD 189.143 GB/s, BD/PAIR 47.286 GB/s, time 2.218e-03 s, time/iter 2.218e-05, comm_vol 419.43 MB
SIZE 2 MB, REAL_BD 367.307 GB/s, BD/PAIR 91.827 GB/s, time 2.284e-03 s, time/iter 2.284e-05, comm_vol 838.861 MB
SIZE 4 MB, REAL_BD 445.231 GB/s, BD/PAIR 111.308 GB/s, time 3.768e-03 s, time/iter 3.768e-05, comm_vol 1.678 GB
SIZE 8 MB, REAL_BD 533.177 GB/s, BD/PAIR 133.294 GB/s, time 6.293e-03 s, time/iter 6.293e-05, comm_vol 3.355 GB
SIZE 16 MB, REAL_BD 576.073 GB/s, BD/PAIR 144.018 GB/s, time 1.165e-02 s, time/iter 1.165e-04, comm_vol 6.711 GB
SIZE 32 MB, REAL_BD 612.548 GB/s, BD/PAIR 153.137 GB/s, time 2.191e-02 s, time/iter 2.191e-04, comm_vol 13.422 GB
SIZE 64 MB, REAL_BD 624.286 GB/s, BD/PAIR 156.072 GB/s, time 4.300e-02 s, time/iter 4.300e-04, comm_vol 26.844 GB
SIZE 128 MB, REAL_BD 640.695 GB/s, BD/PAIR 160.174 GB/s, time 8.380e-02 s, time/iter 8.380e-04, comm_vol 53.687 GB
SIZE 256 MB, REAL_BD 649.584 GB/s, BD/PAIR 162.396 GB/s, time 1.653e-01 s, time/iter 1.653e-03, comm_vol 107.374 GB
SIZE 512 MB, REAL_BD 647.626 GB/s, BD/PAIR 161.906 GB/s, time 3.316e-01 s, time/iter 3.316e-03, comm_vol 214.748 GB
SIZE 1 GB, REAL_BD 639.754 GB/s, BD/PAIR 159.939 GB/s, time 6.713e-01 s, time/iter 6.713e-03, comm_vol 429.497 GB
[[0, 2], [1, 3], [2, 4], [3, 5], [4, 6], [5, 7], [6, 0], [7, 1]]
NCCL version 2.21.5+cuda12.4
NCCL version 2.21.5+cuda12.4
NCCL version 2.21.5+cuda12.4
SIZE 8 KB, REAL_BD 3.518 GB/s, BD/PAIR 439.72 MB/s, time 1.863e-03 s, time/iter 1.863e-05, comm_vol 6.554 MB
SIZE 16 KB, REAL_BD 7.068 GB/s, BD/PAIR 883.511 MB/s, time 1.854e-03 s, time/iter 1.854e-05, comm_vol 13.107 MB
SIZE 32 KB, REAL_BD 14.322 GB/s, BD/PAIR 1.79 GB/s, time 1.830e-03 s, time/iter 1.830e-05, comm_vol 26.214 MB
SIZE 64 KB, REAL_BD 28.614 GB/s, BD/PAIR 3.577 GB/s, time 1.832e-03 s, time/iter 1.832e-05, comm_vol 52.429 MB
SIZE 128 KB, REAL_BD 55.679 GB/s, BD/PAIR 6.96 GB/s, time 1.883e-03 s, time/iter 1.883e-05, comm_vol 104.858 MB
SIZE 256 KB, REAL_BD 104.269 GB/s, BD/PAIR 13.034 GB/s, time 2.011e-03 s, time/iter 2.011e-05, comm_vol 209.715 MB
SIZE 512 KB, REAL_BD 188.636 GB/s, BD/PAIR 23.579 GB/s, time 2.223e-03 s, time/iter 2.223e-05, comm_vol 419.43 MB
SIZE 1 MB, REAL_BD 378.897 GB/s, BD/PAIR 47.362 GB/s, time 2.214e-03 s, time/iter 2.214e-05, comm_vol 838.861 MB
SIZE 2 MB, REAL_BD 648.62 GB/s, BD/PAIR 81.077 GB/s, time 2.587e-03 s, time/iter 2.587e-05, comm_vol 1.678 GB
SIZE 4 MB, REAL_BD 856.432 GB/s, BD/PAIR 107.054 GB/s, time 3.918e-03 s, time/iter 3.918e-05, comm_vol 3.355 GB
SIZE 8 MB, REAL_BD 1.026 TB/s, BD/PAIR 128.256 GB/s, time 6.541e-03 s, time/iter 6.541e-05, comm_vol 6.711 GB
SIZE 16 MB, REAL_BD 1.131 TB/s, BD/PAIR 141.436 GB/s, time 1.186e-02 s, time/iter 1.186e-04, comm_vol 13.422 GB
SIZE 32 MB, REAL_BD 1.214 TB/s, BD/PAIR 151.788 GB/s, time 2.211e-02 s, time/iter 2.211e-04, comm_vol 26.844 GB
SIZE 64 MB, REAL_BD 1.254 TB/s, BD/PAIR 156.772 GB/s, time 4.281e-02 s, time/iter 4.281e-04, comm_vol 53.687 GB
SIZE 128 MB, REAL_BD 1.278 TB/s, BD/PAIR 159.761 GB/s, time 8.401e-02 s, time/iter 8.401e-04, comm_vol 107.374 GB
SIZE 256 MB, REAL_BD 1.291 TB/s, BD/PAIR 161.414 GB/s, time 1.663e-01 s, time/iter 1.663e-03, comm_vol 214.748 GB
SIZE 512 MB, REAL_BD 1.304 TB/s, BD/PAIR 163.044 GB/s, time 3.293e-01 s, time/iter 3.293e-03, comm_vol 429.497 GB
SIZE 1 GB, REAL_BD 1.281 TB/s, BD/PAIR 160.173 GB/s, time 6.704e-01 s, time/iter 6.704e-03, comm_vol 858.993 GB
[[0, 1], [1, 2], [2, 3], [3, 4], [4, 5], [5, 6], [6, 7], [7, 0]]
NCCL version 2.21.5+cuda12.4
SIZE 8 KB, REAL_BD 3.565 GB/s, BD/PAIR 445.652 MB/s, time 1.838e-03 s, time/iter 1.838e-05, comm_vol 6.554 MB
SIZE 16 KB, REAL_BD 7.378 GB/s, BD/PAIR 922.285 MB/s, time 1.776e-03 s, time/iter 1.776e-05, comm_vol 13.107 MB
SIZE 32 KB, REAL_BD 14.693 GB/s, BD/PAIR 1.837 GB/s, time 1.784e-03 s, time/iter 1.784e-05, comm_vol 26.214 MB
SIZE 64 KB, REAL_BD 29.474 GB/s, BD/PAIR 3.684 GB/s, time 1.779e-03 s, time/iter 1.779e-05, comm_vol 52.429 MB
SIZE 128 KB, REAL_BD 56.977 GB/s, BD/PAIR 7.122 GB/s, time 1.840e-03 s, time/iter 1.840e-05, comm_vol 104.858 MB
SIZE 256 KB, REAL_BD 107.742 GB/s, BD/PAIR 13.468 GB/s, time 1.946e-03 s, time/iter 1.946e-05, comm_vol 209.715 MB
SIZE 512 KB, REAL_BD 194.841 GB/s, BD/PAIR 24.355 GB/s, time 2.153e-03 s, time/iter 2.153e-05, comm_vol 419.43 MB
SIZE 1 MB, REAL_BD 389.984 GB/s, BD/PAIR 48.748 GB/s, time 2.151e-03 s, time/iter 2.151e-05, comm_vol 838.861 MB
SIZE 2 MB, REAL_BD 709.076 GB/s, BD/PAIR 88.635 GB/s, time 2.366e-03 s, time/iter 2.366e-05, comm_vol 1.678 GB
SIZE 4 MB, REAL_BD 911.571 GB/s, BD/PAIR 113.946 GB/s, time 3.681e-03 s, time/iter 3.681e-05, comm_vol 3.355 GB
SIZE 8 MB, REAL_BD 1.058 TB/s, BD/PAIR 132.207 GB/s, time 6.345e-03 s, time/iter 6.345e-05, comm_vol 6.711 GB
SIZE 16 MB, REAL_BD 1.152 TB/s, BD/PAIR 144.062 GB/s, time 1.165e-02 s, time/iter 1.165e-04, comm_vol 13.422 GB
SIZE 32 MB, REAL_BD 1.221 TB/s, BD/PAIR 152.652 GB/s, time 2.198e-02 s, time/iter 2.198e-04, comm_vol 26.844 GB
SIZE 64 MB, REAL_BD 1.252 TB/s, BD/PAIR 156.463 GB/s, time 4.289e-02 s, time/iter 4.289e-04, comm_vol 53.687 GB
SIZE 128 MB, REAL_BD 1.268 TB/s, BD/PAIR 158.526 GB/s, time 8.467e-02 s, time/iter 8.467e-04, comm_vol 107.374 GB
SIZE 256 MB, REAL_BD 1.299 TB/s, BD/PAIR 162.428 GB/s, time 1.653e-01 s, time/iter 1.653e-03, comm_vol 214.748 GB
SIZE 512 MB, REAL_BD 1.281 TB/s, BD/PAIR 160.175 GB/s, time 3.352e-01 s, time/iter 3.352e-03, comm_vol 429.497 GB
SIZE 1 GB, REAL_BD 1.278 TB/s, BD/PAIR 159.724 GB/s, time 6.722e-01 s, time/iter 6.722e-03, comm_vol 858.993 GB
+ set +x
COMM_MODULE: torch-distributed
+ srun -p h01 -N 1 --ntasks-per-node 8 --gres=gpu:8 --mem 256G -K -w g40 -c 13 ./scripts/executor.sh python conflict_bench.py --backend NCCL --config ./scripts/configs/small_8.json --comm-module torch-distributed
NCCL version 2.21.5+cuda12.4
[INFO]: Cluster init done !!!
[[0, 1]]
SIZE 8 KB, REAL_BD 284.458 MB/s, BD/PAIR 284.458 MB/s, time 2.880e-03 s, time/iter 2.880e-05, comm_vol 819.2 KB
SIZE 16 KB, REAL_BD 593.586 MB/s, BD/PAIR 593.586 MB/s, time 2.760e-03 s, time/iter 2.760e-05, comm_vol 1.638 MB
SIZE 32 KB, REAL_BD 1.142 GB/s, BD/PAIR 1.142 GB/s, time 2.869e-03 s, time/iter 2.869e-05, comm_vol 3.277 MB
SIZE 64 KB, REAL_BD 2.296 GB/s, BD/PAIR 2.296 GB/s, time 2.854e-03 s, time/iter 2.854e-05, comm_vol 6.554 MB
SIZE 128 KB, REAL_BD 4.522 GB/s, BD/PAIR 4.522 GB/s, time 2.899e-03 s, time/iter 2.899e-05, comm_vol 13.107 MB
SIZE 256 KB, REAL_BD 8.877 GB/s, BD/PAIR 8.877 GB/s, time 2.953e-03 s, time/iter 2.953e-05, comm_vol 26.214 MB
SIZE 512 KB, REAL_BD 17.278 GB/s, BD/PAIR 17.278 GB/s, time 3.034e-03 s, time/iter 3.034e-05, comm_vol 52.429 MB
SIZE 1 MB, REAL_BD 34.395 GB/s, BD/PAIR 34.395 GB/s, time 3.049e-03 s, time/iter 3.049e-05, comm_vol 104.858 MB
SIZE 2 MB, REAL_BD 69.233 GB/s, BD/PAIR 69.233 GB/s, time 3.029e-03 s, time/iter 3.029e-05, comm_vol 209.715 MB
SIZE 4 MB, REAL_BD 118.946 GB/s, BD/PAIR 118.946 GB/s, time 3.526e-03 s, time/iter 3.526e-05, comm_vol 419.43 MB
SIZE 8 MB, REAL_BD 138.38 GB/s, BD/PAIR 138.38 GB/s, time 6.062e-03 s, time/iter 6.062e-05, comm_vol 838.861 MB
SIZE 16 MB, REAL_BD 150.316 GB/s, BD/PAIR 150.316 GB/s, time 1.116e-02 s, time/iter 1.116e-04, comm_vol 1.678 GB
SIZE 32 MB, REAL_BD 158.079 GB/s, BD/PAIR 158.079 GB/s, time 2.123e-02 s, time/iter 2.123e-04, comm_vol 3.355 GB
SIZE 64 MB, REAL_BD 160.087 GB/s, BD/PAIR 160.087 GB/s, time 4.192e-02 s, time/iter 4.192e-04, comm_vol 6.711 GB
SIZE 128 MB, REAL_BD 162.164 GB/s, BD/PAIR 162.164 GB/s, time 8.277e-02 s, time/iter 8.277e-04, comm_vol 13.422 GB
SIZE 256 MB, REAL_BD 165.775 GB/s, BD/PAIR 165.775 GB/s, time 1.619e-01 s, time/iter 1.619e-03, comm_vol 26.844 GB
SIZE 512 MB, REAL_BD 166.75 GB/s, BD/PAIR 166.75 GB/s, time 3.220e-01 s, time/iter 3.220e-03, comm_vol 53.687 GB
SIZE 1 GB, REAL_BD 167.084 GB/s, BD/PAIR 167.084 GB/s, time 6.426e-01 s, time/iter 6.426e-03, comm_vol 107.374 GB
[[0, 1], [1, 0]]
SIZE 8 KB, REAL_BD 376.834 MB/s, BD/PAIR 188.417 MB/s, time 4.348e-03 s, time/iter 4.348e-05, comm_vol 1.638 MB
SIZE 16 KB, REAL_BD 1.095 GB/s, BD/PAIR 547.435 MB/s, time 2.993e-03 s, time/iter 2.993e-05, comm_vol 3.277 MB
SIZE 32 KB, REAL_BD 2.216 GB/s, BD/PAIR 1.108 GB/s, time 2.957e-03 s, time/iter 2.957e-05, comm_vol 6.554 MB
SIZE 64 KB, REAL_BD 4.431 GB/s, BD/PAIR 2.216 GB/s, time 2.958e-03 s, time/iter 2.958e-05, comm_vol 13.107 MB
SIZE 128 KB, REAL_BD 8.814 GB/s, BD/PAIR 4.407 GB/s, time 2.974e-03 s, time/iter 2.974e-05, comm_vol 26.214 MB
SIZE 256 KB, REAL_BD 17.231 GB/s, BD/PAIR 8.616 GB/s, time 3.043e-03 s, time/iter 3.043e-05, comm_vol 52.429 MB
SIZE 512 KB, REAL_BD 33.135 GB/s, BD/PAIR 16.568 GB/s, time 3.165e-03 s, time/iter 3.165e-05, comm_vol 104.858 MB
SIZE 1 MB, REAL_BD 50.689 GB/s, BD/PAIR 25.345 GB/s, time 4.137e-03 s, time/iter 4.137e-05, comm_vol 209.715 MB
SIZE 2 MB, REAL_BD 69.611 GB/s, BD/PAIR 34.806 GB/s, time 6.025e-03 s, time/iter 6.025e-05, comm_vol 419.43 MB
SIZE 4 MB, REAL_BD 86.689 GB/s, BD/PAIR 43.344 GB/s, time 9.677e-03 s, time/iter 9.677e-05, comm_vol 838.861 MB
SIZE 8 MB, REAL_BD 112.883 GB/s, BD/PAIR 56.441 GB/s, time 1.486e-02 s, time/iter 1.486e-04, comm_vol 1.678 GB
SIZE 16 MB, REAL_BD 132.587 GB/s, BD/PAIR 66.294 GB/s, time 2.531e-02 s, time/iter 2.531e-04, comm_vol 3.355 GB
SIZE 32 MB, REAL_BD 146.661 GB/s, BD/PAIR 73.331 GB/s, time 4.576e-02 s, time/iter 4.576e-04, comm_vol 6.711 GB
SIZE 64 MB, REAL_BD 154.683 GB/s, BD/PAIR 77.342 GB/s, time 8.677e-02 s, time/iter 8.677e-04, comm_vol 13.422 GB
SIZE 128 MB, REAL_BD 159.879 GB/s, BD/PAIR 79.94 GB/s, time 1.679e-01 s, time/iter 1.679e-03, comm_vol 26.844 GB
SIZE 256 MB, REAL_BD 164.662 GB/s, BD/PAIR 82.331 GB/s, time 3.260e-01 s, time/iter 3.260e-03, comm_vol 53.687 GB
SIZE 512 MB, REAL_BD 166.017 GB/s, BD/PAIR 83.009 GB/s, time 6.468e-01 s, time/iter 6.468e-03, comm_vol 107.374 GB
SIZE 1 GB, REAL_BD 166.714 GB/s, BD/PAIR 83.357 GB/s, time 1.288e+00 s, time/iter 1.288e-02, comm_vol 214.748 GB
[[0, 1], [1, 2], [2, 3], [3, 0]]
NCCL version 2.21.5+cuda12.4
NCCL version 2.21.5+cuda12.4
SIZE 8 KB, REAL_BD 582.64 MB/s, BD/PAIR 145.66 MB/s, time 5.624e-03 s, time/iter 5.624e-05, comm_vol 3.277 MB
SIZE 16 KB, REAL_BD 1.152 GB/s, BD/PAIR 288.023 MB/s, time 5.688e-03 s, time/iter 5.688e-05, comm_vol 6.554 MB
SIZE 32 KB, REAL_BD 2.309 GB/s, BD/PAIR 577.256 MB/s, time 5.677e-03 s, time/iter 5.677e-05, comm_vol 13.107 MB
SIZE 64 KB, REAL_BD 4.605 GB/s, BD/PAIR 1.151 GB/s, time 5.693e-03 s, time/iter 5.693e-05, comm_vol 26.214 MB
SIZE 128 KB, REAL_BD 9.136 GB/s, BD/PAIR 2.284 GB/s, time 5.739e-03 s, time/iter 5.739e-05, comm_vol 52.429 MB
SIZE 256 KB, REAL_BD 18.05 GB/s, BD/PAIR 4.512 GB/s, time 5.809e-03 s, time/iter 5.809e-05, comm_vol 104.858 MB
SIZE 512 KB, REAL_BD 35.135 GB/s, BD/PAIR 8.784 GB/s, time 5.969e-03 s, time/iter 5.969e-05, comm_vol 209.715 MB
SIZE 1 MB, REAL_BD 70.794 GB/s, BD/PAIR 17.698 GB/s, time 5.925e-03 s, time/iter 5.925e-05, comm_vol 419.43 MB
SIZE 2 MB, REAL_BD 141.229 GB/s, BD/PAIR 35.307 GB/s, time 5.940e-03 s, time/iter 5.940e-05, comm_vol 838.861 MB
SIZE 4 MB, REAL_BD 279.752 GB/s, BD/PAIR 69.938 GB/s, time 5.997e-03 s, time/iter 5.997e-05, comm_vol 1.678 GB
SIZE 8 MB, REAL_BD 228.214 GB/s, BD/PAIR 57.054 GB/s, time 1.470e-02 s, time/iter 1.470e-04, comm_vol 3.355 GB
SIZE 16 MB, REAL_BD 506.013 GB/s, BD/PAIR 126.503 GB/s, time 1.326e-02 s, time/iter 1.326e-04, comm_vol 6.711 GB
SIZE 32 MB, REAL_BD 568.435 GB/s, BD/PAIR 142.109 GB/s, time 2.361e-02 s, time/iter 2.361e-04, comm_vol 13.422 GB
SIZE 64 MB, REAL_BD 606.274 GB/s, BD/PAIR 151.569 GB/s, time 4.428e-02 s, time/iter 4.428e-04, comm_vol 26.844 GB
SIZE 128 MB, REAL_BD 617.217 GB/s, BD/PAIR 154.304 GB/s, time 8.698e-02 s, time/iter 8.698e-04, comm_vol 53.687 GB
SIZE 256 MB, REAL_BD 648.399 GB/s, BD/PAIR 162.1 GB/s, time 1.656e-01 s, time/iter 1.656e-03, comm_vol 107.374 GB
SIZE 512 MB, REAL_BD 655.184 GB/s, BD/PAIR 163.796 GB/s, time 3.278e-01 s, time/iter 3.278e-03, comm_vol 214.748 GB
SIZE 1 GB, REAL_BD 659.078 GB/s, BD/PAIR 164.77 GB/s, time 6.517e-01 s, time/iter 6.517e-03, comm_vol 429.497 GB
[[0, 2], [1, 3], [2, 0], [3, 1]]
SIZE 8 KB, REAL_BD 927.013 MB/s, BD/PAIR 231.753 MB/s, time 3.535e-03 s, time/iter 3.535e-05, comm_vol 3.277 MB
SIZE 16 KB, REAL_BD 2.113 GB/s, BD/PAIR 528.246 MB/s, time 3.102e-03 s, time/iter 3.102e-05, comm_vol 6.554 MB
SIZE 32 KB, REAL_BD 4.155 GB/s, BD/PAIR 1.039 GB/s, time 3.155e-03 s, time/iter 3.155e-05, comm_vol 13.107 MB
SIZE 64 KB, REAL_BD 8.438 GB/s, BD/PAIR 2.11 GB/s, time 3.107e-03 s, time/iter 3.107e-05, comm_vol 26.214 MB
SIZE 128 KB, REAL_BD 17.064 GB/s, BD/PAIR 4.266 GB/s, time 3.073e-03 s, time/iter 3.073e-05, comm_vol 52.429 MB
SIZE 256 KB, REAL_BD 32.878 GB/s, BD/PAIR 8.219 GB/s, time 3.189e-03 s, time/iter 3.189e-05, comm_vol 104.858 MB
SIZE 512 KB, REAL_BD 64.28 GB/s, BD/PAIR 16.07 GB/s, time 3.263e-03 s, time/iter 3.263e-05, comm_vol 209.715 MB
SIZE 1 MB, REAL_BD 101.093 GB/s, BD/PAIR 25.273 GB/s, time 4.149e-03 s, time/iter 4.149e-05, comm_vol 419.43 MB
SIZE 2 MB, REAL_BD 138.543 GB/s, BD/PAIR 34.636 GB/s, time 6.055e-03 s, time/iter 6.055e-05, comm_vol 838.861 MB
SIZE 4 MB, REAL_BD 173.143 GB/s, BD/PAIR 43.286 GB/s, time 9.690e-03 s, time/iter 9.690e-05, comm_vol 1.678 GB
SIZE 8 MB, REAL_BD 225.14 GB/s, BD/PAIR 56.285 GB/s, time 1.490e-02 s, time/iter 1.490e-04, comm_vol 3.355 GB
SIZE 16 MB, REAL_BD 247.455 GB/s, BD/PAIR 61.864 GB/s, time 2.712e-02 s, time/iter 2.712e-04, comm_vol 6.711 GB
SIZE 32 MB, REAL_BD 293.475 GB/s, BD/PAIR 73.369 GB/s, time 4.573e-02 s, time/iter 4.573e-04, comm_vol 13.422 GB
SIZE 64 MB, REAL_BD 309.643 GB/s, BD/PAIR 77.411 GB/s, time 8.669e-02 s, time/iter 8.669e-04, comm_vol 26.844 GB
SIZE 128 MB, REAL_BD 319.1 GB/s, BD/PAIR 79.775 GB/s, time 1.682e-01 s, time/iter 1.682e-03, comm_vol 53.687 GB
SIZE 256 MB, REAL_BD 328.957 GB/s, BD/PAIR 82.239 GB/s, time 3.264e-01 s, time/iter 3.264e-03, comm_vol 107.374 GB
SIZE 512 MB, REAL_BD 331.832 GB/s, BD/PAIR 82.958 GB/s, time 6.472e-01 s, time/iter 6.472e-03, comm_vol 214.748 GB
SIZE 1 GB, REAL_BD 333.451 GB/s, BD/PAIR 83.363 GB/s, time 1.288e+00 s, time/iter 1.288e-02, comm_vol 429.497 GB
[[0, 2], [1, 3], [2, 4], [3, 5], [4, 6], [5, 7], [6, 0], [7, 1]]
NCCL version 2.21.5+cuda12.4
NCCL version 2.21.5+cuda12.4
NCCL version 2.21.5+cuda12.4
SIZE 8 KB, REAL_BD 1.181 GB/s, BD/PAIR 147.593 MB/s, time 5.550e-03 s, time/iter 5.550e-05, comm_vol 6.554 MB
SIZE 16 KB, REAL_BD 2.314 GB/s, BD/PAIR 289.211 MB/s, time 5.665e-03 s, time/iter 5.665e-05, comm_vol 13.107 MB
SIZE 32 KB, REAL_BD 4.644 GB/s, BD/PAIR 580.499 MB/s, time 5.645e-03 s, time/iter 5.645e-05, comm_vol 26.214 MB
SIZE 64 KB, REAL_BD 9.233 GB/s, BD/PAIR 1.154 GB/s, time 5.679e-03 s, time/iter 5.679e-05, comm_vol 52.429 MB
SIZE 128 KB, REAL_BD 18.485 GB/s, BD/PAIR 2.311 GB/s, time 5.672e-03 s, time/iter 5.672e-05, comm_vol 104.858 MB
SIZE 256 KB, REAL_BD 36.42 GB/s, BD/PAIR 4.552 GB/s, time 5.758e-03 s, time/iter 5.758e-05, comm_vol 209.715 MB
SIZE 512 KB, REAL_BD 70.388 GB/s, BD/PAIR 8.799 GB/s, time 5.959e-03 s, time/iter 5.959e-05, comm_vol 419.43 MB
SIZE 1 MB, REAL_BD 49.743 GB/s, BD/PAIR 6.218 GB/s, time 1.686e-02 s, time/iter 1.686e-04, comm_vol 838.861 MB
SIZE 2 MB, REAL_BD 151.392 GB/s, BD/PAIR 18.924 GB/s, time 1.108e-02 s, time/iter 1.108e-04, comm_vol 1.678 GB
SIZE 4 MB, REAL_BD 573.269 GB/s, BD/PAIR 71.659 GB/s, time 5.853e-03 s, time/iter 5.853e-05, comm_vol 3.355 GB
SIZE 8 MB, REAL_BD 862.547 GB/s, BD/PAIR 107.818 GB/s, time 7.780e-03 s, time/iter 7.780e-05, comm_vol 6.711 GB
SIZE 16 MB, REAL_BD 1.012 TB/s, BD/PAIR 126.501 GB/s, time 1.326e-02 s, time/iter 1.326e-04, comm_vol 13.422 GB
SIZE 32 MB, REAL_BD 1.139 TB/s, BD/PAIR 142.316 GB/s, time 2.358e-02 s, time/iter 2.358e-04, comm_vol 26.844 GB
SIZE 64 MB, REAL_BD 1.09 TB/s, BD/PAIR 136.211 GB/s, time 4.927e-02 s, time/iter 4.927e-04, comm_vol 53.687 GB
SIZE 128 MB, REAL_BD 1.257 TB/s, BD/PAIR 157.102 GB/s, time 8.543e-02 s, time/iter 8.543e-04, comm_vol 107.374 GB
SIZE 256 MB, REAL_BD 1.299 TB/s, BD/PAIR 162.327 GB/s, time 1.654e-01 s, time/iter 1.654e-03, comm_vol 214.748 GB
SIZE 512 MB, REAL_BD 1.311 TB/s, BD/PAIR 163.905 GB/s, time 3.275e-01 s, time/iter 3.275e-03, comm_vol 429.497 GB
SIZE 1 GB, REAL_BD 1.318 TB/s, BD/PAIR 164.689 GB/s, time 6.520e-01 s, time/iter 6.520e-03, comm_vol 858.993 GB
[[0, 1], [1, 2], [2, 3], [3, 4], [4, 5], [5, 6], [6, 7], [7, 0]]
NCCL version 2.21.5+cuda12.4
SIZE 8 KB, REAL_BD 1.192 GB/s, BD/PAIR 149.027 MB/s, time 5.497e-03 s, time/iter 5.497e-05, comm_vol 6.554 MB
SIZE 16 KB, REAL_BD 1.656 GB/s, BD/PAIR 206.943 MB/s, time 7.917e-03 s, time/iter 7.917e-05, comm_vol 13.107 MB
SIZE 32 KB, REAL_BD 3.89 GB/s, BD/PAIR 486.303 MB/s, time 6.738e-03 s, time/iter 6.738e-05, comm_vol 26.214 MB
SIZE 64 KB, REAL_BD 9.738 GB/s, BD/PAIR 1.217 GB/s, time 5.384e-03 s, time/iter 5.384e-05, comm_vol 52.429 MB
SIZE 128 KB, REAL_BD 19.283 GB/s, BD/PAIR 2.41 GB/s, time 5.438e-03 s, time/iter 5.438e-05, comm_vol 104.858 MB
SIZE 256 KB, REAL_BD 37.781 GB/s, BD/PAIR 4.723 GB/s, time 5.551e-03 s, time/iter 5.551e-05, comm_vol 209.715 MB
SIZE 512 KB, REAL_BD 73.036 GB/s, BD/PAIR 9.13 GB/s, time 5.743e-03 s, time/iter 5.743e-05, comm_vol 419.43 MB
SIZE 1 MB, REAL_BD 145.42 GB/s, BD/PAIR 18.178 GB/s, time 5.769e-03 s, time/iter 5.769e-05, comm_vol 838.861 MB
SIZE 2 MB, REAL_BD 292.569 GB/s, BD/PAIR 36.571 GB/s, time 5.734e-03 s, time/iter 5.734e-05, comm_vol 1.678 GB
SIZE 4 MB, REAL_BD 573.245 GB/s, BD/PAIR 71.656 GB/s, time 5.853e-03 s, time/iter 5.853e-05, comm_vol 3.355 GB
SIZE 8 MB, REAL_BD 862.97 GB/s, BD/PAIR 107.871 GB/s, time 7.776e-03 s, time/iter 7.776e-05, comm_vol 6.711 GB
SIZE 16 MB, REAL_BD 582.631 GB/s, BD/PAIR 72.829 GB/s, time 2.304e-02 s, time/iter 2.304e-04, comm_vol 13.422 GB
SIZE 32 MB, REAL_BD 1.125 TB/s, BD/PAIR 140.566 GB/s, time 2.387e-02 s, time/iter 2.387e-04, comm_vol 26.844 GB
SIZE 64 MB, REAL_BD 1.212 TB/s, BD/PAIR 151.516 GB/s, time 4.429e-02 s, time/iter 4.429e-04, comm_vol 53.687 GB
SIZE 128 MB, REAL_BD 1.226 TB/s, BD/PAIR 153.257 GB/s, time 8.758e-02 s, time/iter 8.758e-04, comm_vol 107.374 GB
SIZE 256 MB, REAL_BD 1.298 TB/s, BD/PAIR 162.204 GB/s, time 1.655e-01 s, time/iter 1.655e-03, comm_vol 214.748 GB
SIZE 512 MB, REAL_BD 1.311 TB/s, BD/PAIR 163.888 GB/s, time 3.276e-01 s, time/iter 3.276e-03, comm_vol 429.497 GB
SIZE 1 GB, REAL_BD 1.317 TB/s, BD/PAIR 164.677 GB/s, time 6.520e-01 s, time/iter 6.520e-03, comm_vol 858.993 GB
+ set +x
