make -C csrc clean
make[1]: Entering directory '/home/yhy/fold/comm_test/csrc'
rm -f `ls *.o | grep -v jsoncpp.o`
rm -f all2all_test net_test net_test_cuda conflict_test_cuda net_test_mpi conflict_allinone net_test_cpu nccl_test cpu2gpu \
   benchmark_p2p ring_patterns all2all_baseline single_turn mixed_p2p netflow all2allv_MPI all2allv_allinone
rm -rf build
make[1]: Leaving directory '/home/yhy/fold/comm_test/csrc'
make -C csrc conflict_allinone
make[1]: Entering directory '/home/yhy/fold/comm_test/csrc'
nvcc conflict_allinone.cu -std=c++11 -Xcompiler -fopenmp -I/home/yhy/.local/nccl/build/include -L/home/yhy/.local/nccl/build/lib/ "-gencode=arch=compute_70,code=sm_70" -lnccl -lcudart -c -o conflict_allinone.o
nvcc comm.cu -std=c++11 -Xcompiler -fopenmp -I/home/yhy/.local/nccl/build/include -L/home/yhy/.local/nccl/build/lib/ "-gencode=arch=compute_70,code=sm_70" -lnccl -lcudart -c -o comm.o
nvcc utils.cu -std=c++11 -Xcompiler -fopenmp -I/home/yhy/.local/nccl/build/include -L/home/yhy/.local/nccl/build/lib/ "-gencode=arch=compute_70,code=sm_70" -lnccl -lcudart -c -o utils.o
mkdir -p build
"`which mpicxx`" conflict_allinone.o comm.o jsoncpp.o utils.o -no-pie -std=c++11 -fopenmp -L/home/yhy/.local/nccl/build/lib -lcudart -lnccl -Wall -o build/conflict_allinone -Wl,-rpath=/home/yhy/.local/nccl/build/lib
rm comm.o conflict_allinone.o utils.o
make[1]: Leaving directory '/home/yhy/fold/comm_test/csrc'
CP_FILE_NAME: p2p_si
HOST: nico2
CUDA_VISIBLE_DEVICES: 
GPU_NUM: 4
PROC_NUM: 4
NODE_NUM: 1
NTASK_PER_NODE: 4
BACKEND: NCCL
[[0,1]]
time 0.000449 s, REAL_BD 6.524916 GB/s, SIZE 1024.000000 KB, comm_vol 3072.000000 KB
time 0.044188 s, REAL_BD 8.486467 GB/s, SIZE 131072.000000 KB, comm_vol 393216.000000 KB
time 0.175602 s, REAL_BD 8.542044 GB/s, SIZE 524288.000000 KB, comm_vol 1572864.000000 KB
[[0,2]]
time 0.000583 s, REAL_BD 5.025193 GB/s, SIZE 1024.000000 KB, comm_vol 3072.000000 KB
time 0.043336 s, REAL_BD 8.653314 GB/s, SIZE 131072.000000 KB, comm_vol 393216.000000 KB
time 0.171858 s, REAL_BD 8.728136 GB/s, SIZE 524288.000000 KB, comm_vol 1572864.000000 KB
[[0,3]]
time 0.000583 s, REAL_BD 5.025193 GB/s, SIZE 1024.000000 KB, comm_vol 3072.000000 KB
time 0.043517 s, REAL_BD 8.617322 GB/s, SIZE 131072.000000 KB, comm_vol 393216.000000 KB
time 0.172135 s, REAL_BD 8.714091 GB/s, SIZE 524288.000000 KB, comm_vol 1572864.000000 KB
[[1,0]]
time 0.000450 s, REAL_BD 6.510417 GB/s, SIZE 1024.000000 KB, comm_vol 3072.000000 KB
time 0.043850 s, REAL_BD 8.551881 GB/s, SIZE 131072.000000 KB, comm_vol 393216.000000 KB
time 0.176033 s, REAL_BD 8.521130 GB/s, SIZE 524288.000000 KB, comm_vol 1572864.000000 KB
[[1,2]]
time 0.000583 s, REAL_BD 5.025193 GB/s, SIZE 1024.000000 KB, comm_vol 3072.000000 KB
time 0.043741 s, REAL_BD 8.573192 GB/s, SIZE 131072.000000 KB, comm_vol 393216.000000 KB
time 0.174961 s, REAL_BD 8.573339 GB/s, SIZE 524288.000000 KB, comm_vol 1572864.000000 KB
[[1,3]]
time 0.000583 s, REAL_BD 5.025193 GB/s, SIZE 1024.000000 KB, comm_vol 3072.000000 KB
time 0.044067 s, REAL_BD 8.509769 GB/s, SIZE 131072.000000 KB, comm_vol 393216.000000 KB
time 0.175300 s, REAL_BD 8.556760 GB/s, SIZE 524288.000000 KB, comm_vol 1572864.000000 KB
[[2,0]]
time 0.000580 s, REAL_BD 5.051185 GB/s, SIZE 1024.000000 KB, comm_vol 3072.000000 KB
time 0.043684 s, REAL_BD 8.584379 GB/s, SIZE 131072.000000 KB, comm_vol 393216.000000 KB
time 0.174468 s, REAL_BD 8.597565 GB/s, SIZE 524288.000000 KB, comm_vol 1572864.000000 KB
[[2,1]]
time 0.000574 s, REAL_BD 5.103985 GB/s, SIZE 1024.000000 KB, comm_vol 3072.000000 KB
time 0.043392 s, REAL_BD 8.642146 GB/s, SIZE 131072.000000 KB, comm_vol 393216.000000 KB
time 0.172324 s, REAL_BD 8.704533 GB/s, SIZE 524288.000000 KB, comm_vol 1572864.000000 KB
[[2,3]]
time 0.000444 s, REAL_BD 6.598395 GB/s, SIZE 1024.000000 KB, comm_vol 3072.000000 KB
time 0.044797 s, REAL_BD 8.371096 GB/s, SIZE 131072.000000 KB, comm_vol 393216.000000 KB
time 0.180367 s, REAL_BD 8.316377 GB/s, SIZE 524288.000000 KB, comm_vol 1572864.000000 KB
[[3,0]]
time 0.000586 s, REAL_BD 4.999467 GB/s, SIZE 1024.000000 KB, comm_vol 3072.000000 KB
time 0.043304 s, REAL_BD 8.659708 GB/s, SIZE 131072.000000 KB, comm_vol 393216.000000 KB
time 0.172486 s, REAL_BD 8.696358 GB/s, SIZE 524288.000000 KB, comm_vol 1572864.000000 KB
[[3,1]]
time 0.000583 s, REAL_BD 5.025193 GB/s, SIZE 1024.000000 KB, comm_vol 3072.000000 KB
time 0.043882 s, REAL_BD 8.545645 GB/s, SIZE 131072.000000 KB, comm_vol 393216.000000 KB
time 0.174324 s, REAL_BD 8.604667 GB/s, SIZE 524288.000000 KB, comm_vol 1572864.000000 KB
[[3,2]]
time 0.000444 s, REAL_BD 6.598395 GB/s, SIZE 1024.000000 KB, comm_vol 3072.000000 KB
time 0.044236 s, REAL_BD 8.477258 GB/s, SIZE 131072.000000 KB, comm_vol 393216.000000 KB
time 0.177587 s, REAL_BD 8.446564 GB/s, SIZE 524288.000000 KB, comm_vol 1572864.000000 KB
CP_FILE_NAME: p2p_bi
HOST: nico2
CUDA_VISIBLE_DEVICES: 
GPU_NUM: 4
PROC_NUM: 4
NODE_NUM: 1
NTASK_PER_NODE: 4
srun: job 249063 queued and waiting for resources
srun: job 249063 has been allocated resources
BACKEND: NCCL
[[0,1],[1,0]]
time 0.000794 s, REAL_BD 7.379565 GB/s, SIZE 1024.000000 KB, comm_vol 6144.000000 KB
time 0.087615 s, REAL_BD 8.560178 GB/s, SIZE 131072.000000 KB, comm_vol 786432.000000 KB
time 0.349773 s, REAL_BD 8.576991 GB/s, SIZE 524288.000000 KB, comm_vol 3145728.000000 KB
[[0,2],[2,0]]
time 0.000740 s, REAL_BD 7.918074 GB/s, SIZE 1024.000000 KB, comm_vol 6144.000000 KB
time 0.056148 s, REAL_BD 13.357555 GB/s, SIZE 131072.000000 KB, comm_vol 786432.000000 KB
time 0.223411 s, REAL_BD 13.428166 GB/s, SIZE 524288.000000 KB, comm_vol 3145728.000000 KB
[[0,3],[3,0]]
time 0.000741 s, REAL_BD 7.907389 GB/s, SIZE 1024.000000 KB, comm_vol 6144.000000 KB
time 0.056688 s, REAL_BD 13.230313 GB/s, SIZE 131072.000000 KB, comm_vol 786432.000000 KB
time 0.225806 s, REAL_BD 13.285741 GB/s, SIZE 524288.000000 KB, comm_vol 3145728.000000 KB
[[1,0],[0,1]]
time 0.000787 s, REAL_BD 7.445203 GB/s, SIZE 1024.000000 KB, comm_vol 6144.000000 KB
time 0.087525 s, REAL_BD 8.568980 GB/s, SIZE 131072.000000 KB, comm_vol 786432.000000 KB
time 0.349837 s, REAL_BD 8.575422 GB/s, SIZE 524288.000000 KB, comm_vol 3145728.000000 KB
[[1,2],[2,1]]
time 0.003019 s, REAL_BD 1.940833 GB/s, SIZE 1024.000000 KB, comm_vol 6144.000000 KB
time 0.054568 s, REAL_BD 13.744319 GB/s, SIZE 131072.000000 KB, comm_vol 786432.000000 KB
time 0.217662 s, REAL_BD 13.782838 GB/s, SIZE 524288.000000 KB, comm_vol 3145728.000000 KB
[[1,3],[3,1]]
time 0.000724 s, REAL_BD 8.093059 GB/s, SIZE 1024.000000 KB, comm_vol 6144.000000 KB
time 0.054681 s, REAL_BD 13.715916 GB/s, SIZE 131072.000000 KB, comm_vol 786432.000000 KB
time 0.217643 s, REAL_BD 13.784041 GB/s, SIZE 524288.000000 KB, comm_vol 3145728.000000 KB
[[2,0],[0,2]]
time 0.000731 s, REAL_BD 8.015561 GB/s, SIZE 1024.000000 KB, comm_vol 6144.000000 KB
time 0.056009 s, REAL_BD 13.390705 GB/s, SIZE 131072.000000 KB, comm_vol 786432.000000 KB
time 0.223339 s, REAL_BD 13.432495 GB/s, SIZE 524288.000000 KB, comm_vol 3145728.000000 KB
[[2,1],[1,2]]
time 0.000727 s, REAL_BD 8.059663 GB/s, SIZE 1024.000000 KB, comm_vol 6144.000000 KB
time 0.056320 s, REAL_BD 13.316761 GB/s, SIZE 131072.000000 KB, comm_vol 786432.000000 KB
time 0.224213 s, REAL_BD 13.380134 GB/s, SIZE 524288.000000 KB, comm_vol 3145728.000000 KB
[[2,3],[3,2]]
time 0.000781 s, REAL_BD 7.502401 GB/s, SIZE 1024.000000 KB, comm_vol 6144.000000 KB
time 0.088357 s, REAL_BD 8.488292 GB/s, SIZE 131072.000000 KB, comm_vol 786432.000000 KB
time 0.352786 s, REAL_BD 8.503739 GB/s, SIZE 524288.000000 KB, comm_vol 3145728.000000 KB
[[3,0],[0,3]]
time 0.000739 s, REAL_BD 7.928789 GB/s, SIZE 1024.000000 KB, comm_vol 6144.000000 KB
time 0.056553 s, REAL_BD 13.261896 GB/s, SIZE 131072.000000 KB, comm_vol 786432.000000 KB
time 0.225430 s, REAL_BD 13.307900 GB/s, SIZE 524288.000000 KB, comm_vol 3145728.000000 KB
[[3,1],[1,3]]
time 0.000725 s, REAL_BD 8.081897 GB/s, SIZE 1024.000000 KB, comm_vol 6144.000000 KB
time 0.055258 s, REAL_BD 13.572695 GB/s, SIZE 131072.000000 KB, comm_vol 786432.000000 KB
time 0.217811 s, REAL_BD 13.773409 GB/s, SIZE 524288.000000 KB, comm_vol 3145728.000000 KB
[[3,2],[2,3]]
time 0.000784 s, REAL_BD 7.473693 GB/s, SIZE 1024.000000 KB, comm_vol 6144.000000 KB
time 0.088215 s, REAL_BD 8.501955 GB/s, SIZE 131072.000000 KB, comm_vol 786432.000000 KB
time 0.352773 s, REAL_BD 8.504052 GB/s, SIZE 524288.000000 KB, comm_vol 3145728.000000 KB
CP_FILE_NAME: p2p_si
HOST: nico2
CUDA_VISIBLE_DEVICES: 
GPU_NUM: 4
PROC_NUM: 4
NODE_NUM: 1
NTASK_PER_NODE: 4
srun: job 249064 queued and waiting for resources
srun: job 249064 has been allocated resources
BACKEND: MPI
[[0,1]]
time 0.000390 s, REAL_BD 7.512019 GB/s, SIZE 1024.000000 KB, comm_vol 3072.000000 KB
time 0.040797 s, REAL_BD 9.191852 GB/s, SIZE 131072.000000 KB, comm_vol 393216.000000 KB
time 0.162829 s, REAL_BD 9.212118 GB/s, SIZE 524288.000000 KB, comm_vol 1572864.000000 KB
[[0,2]]
time 0.000370 s, REAL_BD 7.918074 GB/s, SIZE 1024.000000 KB, comm_vol 3072.000000 KB
time 0.039298 s, REAL_BD 9.542470 GB/s, SIZE 131072.000000 KB, comm_vol 393216.000000 KB
time 0.156733 s, REAL_BD 9.570416 GB/s, SIZE 524288.000000 KB, comm_vol 1572864.000000 KB
[[0,3]]
time 0.000364 s, REAL_BD 8.048592 GB/s, SIZE 1024.000000 KB, comm_vol 3072.000000 KB
time 0.039289 s, REAL_BD 9.544656 GB/s, SIZE 131072.000000 KB, comm_vol 393216.000000 KB
time 0.156734 s, REAL_BD 9.570355 GB/s, SIZE 524288.000000 KB, comm_vol 1572864.000000 KB
[[1,0]]
time 0.000398 s, REAL_BD 7.361024 GB/s, SIZE 1024.000000 KB, comm_vol 3072.000000 KB
time 0.040774 s, REAL_BD 9.197037 GB/s, SIZE 131072.000000 KB, comm_vol 393216.000000 KB
time 0.162992 s, REAL_BD 9.202906 GB/s, SIZE 524288.000000 KB, comm_vol 1572864.000000 KB
[[1,2]]
time 0.000365 s, REAL_BD 8.026541 GB/s, SIZE 1024.000000 KB, comm_vol 3072.000000 KB
time 0.039271 s, REAL_BD 9.549031 GB/s, SIZE 131072.000000 KB, comm_vol 393216.000000 KB
time 0.156975 s, REAL_BD 9.555662 GB/s, SIZE 524288.000000 KB, comm_vol 1572864.000000 KB
[[1,3]]
time 0.000363 s, REAL_BD 8.070764 GB/s, SIZE 1024.000000 KB, comm_vol 3072.000000 KB
time 0.039266 s, REAL_BD 9.550247 GB/s, SIZE 131072.000000 KB, comm_vol 393216.000000 KB
time 0.156958 s, REAL_BD 9.556697 GB/s, SIZE 524288.000000 KB, comm_vol 1572864.000000 KB
[[2,0]]
time 0.000372 s, REAL_BD 7.875504 GB/s, SIZE 1024.000000 KB, comm_vol 3072.000000 KB
time 0.039246 s, REAL_BD 9.555114 GB/s, SIZE 131072.000000 KB, comm_vol 393216.000000 KB
time 0.156808 s, REAL_BD 9.565838 GB/s, SIZE 524288.000000 KB, comm_vol 1572864.000000 KB
[[2,1]]
time 0.000367 s, REAL_BD 7.982800 GB/s, SIZE 1024.000000 KB, comm_vol 3072.000000 KB
time 0.039266 s, REAL_BD 9.550247 GB/s, SIZE 131072.000000 KB, comm_vol 393216.000000 KB
time 0.156732 s, REAL_BD 9.570477 GB/s, SIZE 524288.000000 KB, comm_vol 1572864.000000 KB
[[2,3]]
time 0.000378 s, REAL_BD 7.750496 GB/s, SIZE 1024.000000 KB, comm_vol 3072.000000 KB
time 0.040698 s, REAL_BD 9.214212 GB/s, SIZE 131072.000000 KB, comm_vol 393216.000000 KB
time 0.162432 s, REAL_BD 9.234634 GB/s, SIZE 524288.000000 KB, comm_vol 1572864.000000 KB
[[3,0]]
time 0.000364 s, REAL_BD 8.048592 GB/s, SIZE 1024.000000 KB, comm_vol 3072.000000 KB
time 0.039283 s, REAL_BD 9.546114 GB/s, SIZE 131072.000000 KB, comm_vol 393216.000000 KB
time 0.156818 s, REAL_BD 9.565228 GB/s, SIZE 524288.000000 KB, comm_vol 1572864.000000 KB
[[3,1]]
time 0.000367 s, REAL_BD 7.982800 GB/s, SIZE 1024.000000 KB, comm_vol 3072.000000 KB
time 0.039284 s, REAL_BD 9.545871 GB/s, SIZE 131072.000000 KB, comm_vol 393216.000000 KB
time 0.156806 s, REAL_BD 9.565960 GB/s, SIZE 524288.000000 KB, comm_vol 1572864.000000 KB
[[3,2]]
time 0.000386 s, REAL_BD 7.589864 GB/s, SIZE 1024.000000 KB, comm_vol 3072.000000 KB
time 0.040723 s, REAL_BD 9.208555 GB/s, SIZE 131072.000000 KB, comm_vol 393216.000000 KB
time 0.162478 s, REAL_BD 9.232019 GB/s, SIZE 524288.000000 KB, comm_vol 1572864.000000 KB
CP_FILE_NAME: p2p_bi
HOST: nico2
CUDA_VISIBLE_DEVICES: 
GPU_NUM: 4
PROC_NUM: 4
NODE_NUM: 1
NTASK_PER_NODE: 4
srun: job 249065 queued and waiting for resources
srun: job 249065 has been allocated resources
BACKEND: MPI
[[0,1],[1,0]]
time 0.000714 s, REAL_BD 8.206408 GB/s, SIZE 1024.000000 KB, comm_vol 6144.000000 KB
time 0.081587 s, REAL_BD 9.192641 GB/s, SIZE 131072.000000 KB, comm_vol 786432.000000 KB
time 0.325758 s, REAL_BD 9.209290 GB/s, SIZE 524288.000000 KB, comm_vol 3145728.000000 KB
[[0,2],[2,0]]
time 0.000387 s, REAL_BD 15.140504 GB/s, SIZE 1024.000000 KB, comm_vol 6144.000000 KB
time 0.040817 s, REAL_BD 18.374697 GB/s, SIZE 131072.000000 KB, comm_vol 786432.000000 KB
time 0.163073 s, REAL_BD 18.396669 GB/s, SIZE 524288.000000 KB, comm_vol 3145728.000000 KB
[[0,3],[3,0]]
time 0.000388 s, REAL_BD 15.101482 GB/s, SIZE 1024.000000 KB, comm_vol 6144.000000 KB
time 0.040818 s, REAL_BD 18.374247 GB/s, SIZE 131072.000000 KB, comm_vol 786432.000000 KB
time 0.163069 s, REAL_BD 18.397120 GB/s, SIZE 524288.000000 KB, comm_vol 3145728.000000 KB
[[1,0],[0,1]]
time 0.000703 s, REAL_BD 8.334815 GB/s, SIZE 1024.000000 KB, comm_vol 6144.000000 KB
time 0.081471 s, REAL_BD 9.205730 GB/s, SIZE 131072.000000 KB, comm_vol 786432.000000 KB
time 0.325623 s, REAL_BD 9.213108 GB/s, SIZE 524288.000000 KB, comm_vol 3145728.000000 KB
[[1,2],[2,1]]
time 0.000384 s, REAL_BD 15.258789 GB/s, SIZE 1024.000000 KB, comm_vol 6144.000000 KB
time 0.040802 s, REAL_BD 18.381452 GB/s, SIZE 131072.000000 KB, comm_vol 786432.000000 KB
time 0.163048 s, REAL_BD 18.399490 GB/s, SIZE 524288.000000 KB, comm_vol 3145728.000000 KB
[[1,3],[3,1]]
time 0.000391 s, REAL_BD 14.985614 GB/s, SIZE 1024.000000 KB, comm_vol 6144.000000 KB
time 0.040818 s, REAL_BD 18.374247 GB/s, SIZE 131072.000000 KB, comm_vol 786432.000000 KB
time 0.163039 s, REAL_BD 18.400505 GB/s, SIZE 524288.000000 KB, comm_vol 3145728.000000 KB
[[2,0],[0,2]]
time 0.000380 s, REAL_BD 15.419408 GB/s, SIZE 1024.000000 KB, comm_vol 6144.000000 KB
time 0.040791 s, REAL_BD 18.386409 GB/s, SIZE 131072.000000 KB, comm_vol 786432.000000 KB
time 0.163054 s, REAL_BD 18.398813 GB/s, SIZE 524288.000000 KB, comm_vol 3145728.000000 KB
[[2,1],[1,2]]
time 0.000384 s, REAL_BD 15.258789 GB/s, SIZE 1024.000000 KB, comm_vol 6144.000000 KB
time 0.040847 s, REAL_BD 18.361202 GB/s, SIZE 131072.000000 KB, comm_vol 786432.000000 KB
time 0.162971 s, REAL_BD 18.408183 GB/s, SIZE 524288.000000 KB, comm_vol 3145728.000000 KB
[[2,3],[3,2]]
time 0.000708 s, REAL_BD 8.275953 GB/s, SIZE 1024.000000 KB, comm_vol 6144.000000 KB
time 0.081587 s, REAL_BD 9.192641 GB/s, SIZE 131072.000000 KB, comm_vol 786432.000000 KB
time 0.326226 s, REAL_BD 9.196079 GB/s, SIZE 524288.000000 KB, comm_vol 3145728.000000 KB
[[3,0],[0,3]]
time 0.000377 s, REAL_BD 15.542109 GB/s, SIZE 1024.000000 KB, comm_vol 6144.000000 KB
time 0.040807 s, REAL_BD 18.379200 GB/s, SIZE 131072.000000 KB, comm_vol 786432.000000 KB
time 0.163043 s, REAL_BD 18.400054 GB/s, SIZE 524288.000000 KB, comm_vol 3145728.000000 KB
[[3,1],[1,3]]
time 0.000392 s, REAL_BD 14.947385 GB/s, SIZE 1024.000000 KB, comm_vol 6144.000000 KB
time 0.040822 s, REAL_BD 18.372446 GB/s, SIZE 131072.000000 KB, comm_vol 786432.000000 KB
time 0.163099 s, REAL_BD 18.393736 GB/s, SIZE 524288.000000 KB, comm_vol 3145728.000000 KB
[[3,2],[2,3]]
time 0.000707 s, REAL_BD 8.287659 GB/s, SIZE 1024.000000 KB, comm_vol 6144.000000 KB
time 0.081376 s, REAL_BD 9.216477 GB/s, SIZE 131072.000000 KB, comm_vol 786432.000000 KB
time 0.325183 s, REAL_BD 9.225575 GB/s, SIZE 524288.000000 KB, comm_vol 3145728.000000 KB
CP_FILE_NAME: p2p_si
HOST: nico2
CUDA_VISIBLE_DEVICES: 
GPU_NUM: 4
PROC_NUM: 1
NODE_NUM: 1
NTASK_PER_NODE: 1
srun: job 249066 queued and waiting for resources
srun: job 249066 has been allocated resources
BACKEND: cudaMemcpy-P
[[0,1]]
time 0.000354 s, REAL_BD 8.275953 GB/s, SIZE 1024.000000 KB, comm_vol 3072.000000 KB
time 0.040723 s, REAL_BD 9.208555 GB/s, SIZE 131072.000000 KB, comm_vol 393216.000000 KB
time 0.162985 s, REAL_BD 9.203301 GB/s, SIZE 524288.000000 KB, comm_vol 1572864.000000 KB
[[0,2]]
time 0.000345 s, REAL_BD 8.491848 GB/s, SIZE 1024.000000 KB, comm_vol 3072.000000 KB
time 0.039229 s, REAL_BD 9.559255 GB/s, SIZE 131072.000000 KB, comm_vol 393216.000000 KB
time 0.156702 s, REAL_BD 9.572309 GB/s, SIZE 524288.000000 KB, comm_vol 1572864.000000 KB
[[0,3]]
time 0.000345 s, REAL_BD 8.491848 GB/s, SIZE 1024.000000 KB, comm_vol 3072.000000 KB
time 0.039207 s, REAL_BD 9.564619 GB/s, SIZE 131072.000000 KB, comm_vol 393216.000000 KB
time 0.156780 s, REAL_BD 9.567547 GB/s, SIZE 524288.000000 KB, comm_vol 1572864.000000 KB
[[1,0]]
time 0.000366 s, REAL_BD 8.004611 GB/s, SIZE 1024.000000 KB, comm_vol 3072.000000 KB
time 0.040733 s, REAL_BD 9.206295 GB/s, SIZE 131072.000000 KB, comm_vol 393216.000000 KB
time 0.162802 s, REAL_BD 9.213646 GB/s, SIZE 524288.000000 KB, comm_vol 1572864.000000 KB
[[1,2]]
time 0.000353 s, REAL_BD 8.299398 GB/s, SIZE 1024.000000 KB, comm_vol 3072.000000 KB
time 0.039218 s, REAL_BD 9.561936 GB/s, SIZE 131072.000000 KB, comm_vol 393216.000000 KB
time 0.156713 s, REAL_BD 9.571637 GB/s, SIZE 524288.000000 KB, comm_vol 1572864.000000 KB
[[1,3]]
time 0.000352 s, REAL_BD 8.322976 GB/s, SIZE 1024.000000 KB, comm_vol 3072.000000 KB
time 0.039213 s, REAL_BD 9.563155 GB/s, SIZE 131072.000000 KB, comm_vol 393216.000000 KB
time 0.156789 s, REAL_BD 9.566998 GB/s, SIZE 524288.000000 KB, comm_vol 1572864.000000 KB
[[2,0]]
time 0.000353 s, REAL_BD 8.299398 GB/s, SIZE 1024.000000 KB, comm_vol 3072.000000 KB
time 0.039212 s, REAL_BD 9.563399 GB/s, SIZE 131072.000000 KB, comm_vol 393216.000000 KB
time 0.156790 s, REAL_BD 9.566937 GB/s, SIZE 524288.000000 KB, comm_vol 1572864.000000 KB
[[2,1]]
time 0.000351 s, REAL_BD 8.346688 GB/s, SIZE 1024.000000 KB, comm_vol 3072.000000 KB
time 0.039210 s, REAL_BD 9.563887 GB/s, SIZE 131072.000000 KB, comm_vol 393216.000000 KB
time 0.156783 s, REAL_BD 9.567364 GB/s, SIZE 524288.000000 KB, comm_vol 1572864.000000 KB
[[2,3]]
time 0.000362 s, REAL_BD 8.093059 GB/s, SIZE 1024.000000 KB, comm_vol 3072.000000 KB
time 0.040643 s, REAL_BD 9.226681 GB/s, SIZE 131072.000000 KB, comm_vol 393216.000000 KB
time 0.162420 s, REAL_BD 9.235316 GB/s, SIZE 524288.000000 KB, comm_vol 1572864.000000 KB
[[3,0]]
time 0.000355 s, REAL_BD 8.252641 GB/s, SIZE 1024.000000 KB, comm_vol 3072.000000 KB
time 0.039322 s, REAL_BD 9.536646 GB/s, SIZE 131072.000000 KB, comm_vol 393216.000000 KB
time 0.156722 s, REAL_BD 9.571088 GB/s, SIZE 524288.000000 KB, comm_vol 1572864.000000 KB
[[3,1]]
time 0.000352 s, REAL_BD 8.322976 GB/s, SIZE 1024.000000 KB, comm_vol 3072.000000 KB
time 0.039216 s, REAL_BD 9.562424 GB/s, SIZE 131072.000000 KB, comm_vol 393216.000000 KB
time 0.156713 s, REAL_BD 9.571637 GB/s, SIZE 524288.000000 KB, comm_vol 1572864.000000 KB
[[3,2]]
time 0.000360 s, REAL_BD 8.138021 GB/s, SIZE 1024.000000 KB, comm_vol 3072.000000 KB
time 0.040666 s, REAL_BD 9.221463 GB/s, SIZE 131072.000000 KB, comm_vol 393216.000000 KB
time 0.162414 s, REAL_BD 9.235657 GB/s, SIZE 524288.000000 KB, comm_vol 1572864.000000 KB
CP_FILE_NAME: p2p_bi
HOST: nico2
CUDA_VISIBLE_DEVICES: 
GPU_NUM: 4
PROC_NUM: 1
NODE_NUM: 1
NTASK_PER_NODE: 1
srun: job 249067 queued and waiting for resources
srun: job 249067 has been allocated resources
BACKEND: cudaMemcpy-P
[[0,1],[1,0]]
time 0.000683 s, REAL_BD 8.578880 GB/s, SIZE 1024.000000 KB, comm_vol 6144.000000 KB
time 0.081459 s, REAL_BD 9.207086 GB/s, SIZE 131072.000000 KB, comm_vol 786432.000000 KB
time 0.325960 s, REAL_BD 9.203583 GB/s, SIZE 524288.000000 KB, comm_vol 3145728.000000 KB
[[0,2],[2,0]]
time 0.000374 s, REAL_BD 15.666778 GB/s, SIZE 1024.000000 KB, comm_vol 6144.000000 KB
time 0.040773 s, REAL_BD 18.394526 GB/s, SIZE 131072.000000 KB, comm_vol 786432.000000 KB
time 0.162794 s, REAL_BD 18.428198 GB/s, SIZE 524288.000000 KB, comm_vol 3145728.000000 KB
[[0,3],[3,0]]
time 0.000373 s, REAL_BD 15.708780 GB/s, SIZE 1024.000000 KB, comm_vol 6144.000000 KB
time 0.040779 s, REAL_BD 18.391819 GB/s, SIZE 131072.000000 KB, comm_vol 786432.000000 KB
time 0.162800 s, REAL_BD 18.427518 GB/s, SIZE 524288.000000 KB, comm_vol 3145728.000000 KB
[[1,0],[0,1]]
time 0.000685 s, REAL_BD 8.553832 GB/s, SIZE 1024.000000 KB, comm_vol 6144.000000 KB
time 0.081441 s, REAL_BD 9.209121 GB/s, SIZE 131072.000000 KB, comm_vol 786432.000000 KB
time 0.325734 s, REAL_BD 9.209969 GB/s, SIZE 524288.000000 KB, comm_vol 3145728.000000 KB
[[1,2],[2,1]]
time 0.000376 s, REAL_BD 15.583444 GB/s, SIZE 1024.000000 KB, comm_vol 6144.000000 KB
time 0.040743 s, REAL_BD 18.408070 GB/s, SIZE 131072.000000 KB, comm_vol 786432.000000 KB
time 0.162894 s, REAL_BD 18.416885 GB/s, SIZE 524288.000000 KB, comm_vol 3145728.000000 KB
[[1,3],[3,1]]
time 0.000378 s, REAL_BD 15.500992 GB/s, SIZE 1024.000000 KB, comm_vol 6144.000000 KB
time 0.040761 s, REAL_BD 18.399941 GB/s, SIZE 131072.000000 KB, comm_vol 786432.000000 KB
time 0.162810 s, REAL_BD 18.426387 GB/s, SIZE 524288.000000 KB, comm_vol 3145728.000000 KB
[[2,0],[0,2]]
time 0.000375 s, REAL_BD 15.625000 GB/s, SIZE 1024.000000 KB, comm_vol 6144.000000 KB
time 0.040758 s, REAL_BD 18.401295 GB/s, SIZE 131072.000000 KB, comm_vol 786432.000000 KB
time 0.162878 s, REAL_BD 18.418694 GB/s, SIZE 524288.000000 KB, comm_vol 3145728.000000 KB
[[2,1],[1,2]]
time 0.000380 s, REAL_BD 15.419408 GB/s, SIZE 1024.000000 KB, comm_vol 6144.000000 KB
time 0.040806 s, REAL_BD 18.379650 GB/s, SIZE 131072.000000 KB, comm_vol 786432.000000 KB
time 0.162801 s, REAL_BD 18.427405 GB/s, SIZE 524288.000000 KB, comm_vol 3145728.000000 KB
[[2,3],[3,2]]
time 0.000683 s, REAL_BD 8.578880 GB/s, SIZE 1024.000000 KB, comm_vol 6144.000000 KB
time 0.081286 s, REAL_BD 9.226681 GB/s, SIZE 131072.000000 KB, comm_vol 786432.000000 KB
time 0.324821 s, REAL_BD 9.235856 GB/s, SIZE 524288.000000 KB, comm_vol 3145728.000000 KB
[[3,0],[0,3]]
time 0.000378 s, REAL_BD 15.500992 GB/s, SIZE 1024.000000 KB, comm_vol 6144.000000 KB
time 0.040781 s, REAL_BD 18.390917 GB/s, SIZE 131072.000000 KB, comm_vol 786432.000000 KB
time 0.162954 s, REAL_BD 18.410103 GB/s, SIZE 524288.000000 KB, comm_vol 3145728.000000 KB
[[3,1],[1,3]]
time 0.000380 s, REAL_BD 15.419408 GB/s, SIZE 1024.000000 KB, comm_vol 6144.000000 KB
time 0.040763 s, REAL_BD 18.399038 GB/s, SIZE 131072.000000 KB, comm_vol 786432.000000 KB
time 0.162801 s, REAL_BD 18.427405 GB/s, SIZE 524288.000000 KB, comm_vol 3145728.000000 KB
[[3,2],[2,3]]
time 0.000685 s, REAL_BD 8.553832 GB/s, SIZE 1024.000000 KB, comm_vol 6144.000000 KB
time 0.081462 s, REAL_BD 9.206747 GB/s, SIZE 131072.000000 KB, comm_vol 786432.000000 KB
time 0.325006 s, REAL_BD 9.230599 GB/s, SIZE 524288.000000 KB, comm_vol 3145728.000000 KB
CP_FILE_NAME: p2p_si
HOST: nico2
CUDA_VISIBLE_DEVICES: 
GPU_NUM: 4
PROC_NUM: 1
NODE_NUM: 1
NTASK_PER_NODE: 1
srun: job 249068 queued and waiting for resources
srun: job 249068 has been allocated resources
BACKEND: cudaMemcpy-nP
[[0,1]]
time 0.000838 s, REAL_BD 3.496047 GB/s, SIZE 1024.000000 KB, comm_vol 3072.000000 KB
time 0.056074 s, REAL_BD 6.687591 GB/s, SIZE 131072.000000 KB, comm_vol 393216.000000 KB
time 0.222865 s, REAL_BD 6.730532 GB/s, SIZE 524288.000000 KB, comm_vol 1572864.000000 KB
[[0,2]]
time 0.003593 s, REAL_BD 0.815388 GB/s, SIZE 1024.000000 KB, comm_vol 3072.000000 KB
time 0.053796 s, REAL_BD 6.970778 GB/s, SIZE 131072.000000 KB, comm_vol 393216.000000 KB
time 0.213448 s, REAL_BD 7.027473 GB/s, SIZE 524288.000000 KB, comm_vol 1572864.000000 KB
[[0,3]]
time 0.003593 s, REAL_BD 0.815388 GB/s, SIZE 1024.000000 KB, comm_vol 3072.000000 KB
time 0.053944 s, REAL_BD 6.951654 GB/s, SIZE 131072.000000 KB, comm_vol 393216.000000 KB
time 0.213099 s, REAL_BD 7.038982 GB/s, SIZE 524288.000000 KB, comm_vol 1572864.000000 KB
[[1,0]]
time 0.003583 s, REAL_BD 0.817663 GB/s, SIZE 1024.000000 KB, comm_vol 3072.000000 KB
time 0.056080 s, REAL_BD 6.686876 GB/s, SIZE 131072.000000 KB, comm_vol 393216.000000 KB
time 0.222672 s, REAL_BD 6.736366 GB/s, SIZE 524288.000000 KB, comm_vol 1572864.000000 KB
[[1,2]]
time 0.003594 s, REAL_BD 0.815161 GB/s, SIZE 1024.000000 KB, comm_vol 3072.000000 KB
time 0.053810 s, REAL_BD 6.968965 GB/s, SIZE 131072.000000 KB, comm_vol 393216.000000 KB
time 0.213861 s, REAL_BD 7.013902 GB/s, SIZE 524288.000000 KB, comm_vol 1572864.000000 KB
[[1,3]]
time 0.003592 s, REAL_BD 0.815615 GB/s, SIZE 1024.000000 KB, comm_vol 3072.000000 KB
time 0.053619 s, REAL_BD 6.993790 GB/s, SIZE 131072.000000 KB, comm_vol 393216.000000 KB
time 0.213356 s, REAL_BD 7.030503 GB/s, SIZE 524288.000000 KB, comm_vol 1572864.000000 KB
[[2,0]]
time 0.003582 s, REAL_BD 0.817892 GB/s, SIZE 1024.000000 KB, comm_vol 3072.000000 KB
time 0.053307 s, REAL_BD 7.034723 GB/s, SIZE 131072.000000 KB, comm_vol 393216.000000 KB
time 0.211974 s, REAL_BD 7.076340 GB/s, SIZE 524288.000000 KB, comm_vol 1572864.000000 KB
[[2,1]]
time 0.003596 s, REAL_BD 0.814707 GB/s, SIZE 1024.000000 KB, comm_vol 3072.000000 KB
time 0.053855 s, REAL_BD 6.963142 GB/s, SIZE 131072.000000 KB, comm_vol 393216.000000 KB
time 0.214482 s, REAL_BD 6.993594 GB/s, SIZE 524288.000000 KB, comm_vol 1572864.000000 KB
[[2,3]]
time 0.003593 s, REAL_BD 0.815388 GB/s, SIZE 1024.000000 KB, comm_vol 3072.000000 KB
time 0.055696 s, REAL_BD 6.732979 GB/s, SIZE 131072.000000 KB, comm_vol 393216.000000 KB
time 0.221884 s, REAL_BD 6.760289 GB/s, SIZE 524288.000000 KB, comm_vol 1572864.000000 KB
[[3,0]]
time 0.003580 s, REAL_BD 0.818348 GB/s, SIZE 1024.000000 KB, comm_vol 3072.000000 KB
time 0.053330 s, REAL_BD 7.031689 GB/s, SIZE 131072.000000 KB, comm_vol 393216.000000 KB
time 0.211852 s, REAL_BD 7.080415 GB/s, SIZE 524288.000000 KB, comm_vol 1572864.000000 KB
[[3,1]]
time 0.003591 s, REAL_BD 0.815842 GB/s, SIZE 1024.000000 KB, comm_vol 3072.000000 KB
time 0.053809 s, REAL_BD 6.969094 GB/s, SIZE 131072.000000 KB, comm_vol 393216.000000 KB
time 0.214233 s, REAL_BD 7.001722 GB/s, SIZE 524288.000000 KB, comm_vol 1572864.000000 KB
[[3,2]]
time 0.003594 s, REAL_BD 0.815161 GB/s, SIZE 1024.000000 KB, comm_vol 3072.000000 KB
time 0.054047 s, REAL_BD 6.938405 GB/s, SIZE 131072.000000 KB, comm_vol 393216.000000 KB
time 0.215426 s, REAL_BD 6.962948 GB/s, SIZE 524288.000000 KB, comm_vol 1572864.000000 KB
CP_FILE_NAME: p2p_bi
HOST: nico2
CUDA_VISIBLE_DEVICES: 
GPU_NUM: 4
PROC_NUM: 1
NODE_NUM: 1
NTASK_PER_NODE: 1
srun: job 249069 queued and waiting for resources
srun: job 249069 has been allocated resources
BACKEND: cudaMemcpy-nP
[[0,1],[1,0]]
time 0.001312 s, REAL_BD 4.465987 GB/s, SIZE 1024.000000 KB, comm_vol 6144.000000 KB
time 0.084576 s, REAL_BD 8.867764 GB/s, SIZE 131072.000000 KB, comm_vol 786432.000000 KB
time 0.322475 s, REAL_BD 9.303047 GB/s, SIZE 524288.000000 KB, comm_vol 3145728.000000 KB
[[0,2],[2,0]]
time 0.003603 s, REAL_BD 1.626249 GB/s, SIZE 1024.000000 KB, comm_vol 6144.000000 KB
time 0.058033 s, REAL_BD 12.923681 GB/s, SIZE 131072.000000 KB, comm_vol 786432.000000 KB
time 0.222889 s, REAL_BD 13.459614 GB/s, SIZE 524288.000000 KB, comm_vol 3145728.000000 KB
[[0,3],[3,0]]
time 0.003569 s, REAL_BD 1.641741 GB/s, SIZE 1024.000000 KB, comm_vol 6144.000000 KB
time 0.055676 s, REAL_BD 13.470795 GB/s, SIZE 131072.000000 KB, comm_vol 786432.000000 KB
time 0.221642 s, REAL_BD 13.535341 GB/s, SIZE 524288.000000 KB, comm_vol 3145728.000000 KB
[[1,0],[0,1]]
time 0.003640 s, REAL_BD 1.609718 GB/s, SIZE 1024.000000 KB, comm_vol 6144.000000 KB
time 0.084475 s, REAL_BD 8.878366 GB/s, SIZE 131072.000000 KB, comm_vol 786432.000000 KB
time 0.336484 s, REAL_BD 8.915729 GB/s, SIZE 524288.000000 KB, comm_vol 3145728.000000 KB
[[1,2],[2,1]]
time 0.003592 s, REAL_BD 1.631229 GB/s, SIZE 1024.000000 KB, comm_vol 6144.000000 KB
time 0.058615 s, REAL_BD 12.795360 GB/s, SIZE 131072.000000 KB, comm_vol 786432.000000 KB
time 0.225403 s, REAL_BD 13.309495 GB/s, SIZE 524288.000000 KB, comm_vol 3145728.000000 KB
[[1,3],[3,1]]
time 0.003592 s, REAL_BD 1.631229 GB/s, SIZE 1024.000000 KB, comm_vol 6144.000000 KB
time 0.056044 s, REAL_BD 13.382342 GB/s, SIZE 131072.000000 KB, comm_vol 786432.000000 KB
time 0.218825 s, REAL_BD 13.709585 GB/s, SIZE 524288.000000 KB, comm_vol 3145728.000000 KB
[[2,0],[0,2]]
time 0.003588 s, REAL_BD 1.633048 GB/s, SIZE 1024.000000 KB, comm_vol 6144.000000 KB
time 0.055779 s, REAL_BD 13.445921 GB/s, SIZE 131072.000000 KB, comm_vol 786432.000000 KB
time 0.224648 s, REAL_BD 13.354225 GB/s, SIZE 524288.000000 KB, comm_vol 3145728.000000 KB
[[2,1],[1,2]]
time 0.003598 s, REAL_BD 1.628509 GB/s, SIZE 1024.000000 KB, comm_vol 6144.000000 KB
time 0.057356 s, REAL_BD 13.076226 GB/s, SIZE 131072.000000 KB, comm_vol 786432.000000 KB
time 0.225996 s, REAL_BD 13.274571 GB/s, SIZE 524288.000000 KB, comm_vol 3145728.000000 KB
[[2,3],[3,2]]
time 0.003648 s, REAL_BD 1.606188 GB/s, SIZE 1024.000000 KB, comm_vol 6144.000000 KB
time 0.080708 s, REAL_BD 9.292759 GB/s, SIZE 131072.000000 KB, comm_vol 786432.000000 KB
time 0.317542 s, REAL_BD 9.447569 GB/s, SIZE 524288.000000 KB, comm_vol 3145728.000000 KB
[[3,0],[0,3]]
time 0.003583 s, REAL_BD 1.635327 GB/s, SIZE 1024.000000 KB, comm_vol 6144.000000 KB
time 0.057169 s, REAL_BD 13.118998 GB/s, SIZE 131072.000000 KB, comm_vol 786432.000000 KB
time 0.217308 s, REAL_BD 13.805290 GB/s, SIZE 524288.000000 KB, comm_vol 3145728.000000 KB
[[3,1],[1,3]]
time 0.003596 s, REAL_BD 1.629415 GB/s, SIZE 1024.000000 KB, comm_vol 6144.000000 KB
time 0.056330 s, REAL_BD 13.314397 GB/s, SIZE 131072.000000 KB, comm_vol 786432.000000 KB
time 0.217773 s, REAL_BD 13.775812 GB/s, SIZE 524288.000000 KB, comm_vol 3145728.000000 KB
[[3,2],[2,3]]
time 0.003600 s, REAL_BD 1.627604 GB/s, SIZE 1024.000000 KB, comm_vol 6144.000000 KB
time 0.082561 s, REAL_BD 9.084192 GB/s, SIZE 131072.000000 KB, comm_vol 786432.000000 KB
time 0.323550 s, REAL_BD 9.272137 GB/s, SIZE 524288.000000 KB, comm_vol 3145728.000000 KB
