make -C csrc clean
make[1]: Entering directory '/home/yhy/fold/comm_test/csrc'
rm -f `ls *.o | grep -v jsoncpp.o`
rm -f all2all_test net_test net_test_cuda conflict_test_cuda net_test_mpi conflict_allinone net_test_cpu nccl_test cpu2gpu \
   benchmark_p2p ring_patterns all2all_baseline single_turn mixed_p2p netflow all2allv_MPI all2allv_allinone
rm -rf build
make[1]: Leaving directory '/home/yhy/fold/comm_test/csrc'
make -C csrc conflict_allinone
make[1]: Entering directory '/home/yhy/fold/comm_test/csrc'
nvcc conflict_allinone.cu -std=c++11 -Xcompiler -fopenmp -I/home/yhy/.local/nccl/build/include -L/home/yhy/.local/nccl/build/lib/ "-gencode=arch=compute_70,code=sm_70" -lnccl -lcudart -c -o conflict_allinone.o
nvcc comm.cu -std=c++11 -Xcompiler -fopenmp -I/home/yhy/.local/nccl/build/include -L/home/yhy/.local/nccl/build/lib/ "-gencode=arch=compute_70,code=sm_70" -lnccl -lcudart -c -o comm.o
nvcc utils.cu -std=c++11 -Xcompiler -fopenmp -I/home/yhy/.local/nccl/build/include -L/home/yhy/.local/nccl/build/lib/ "-gencode=arch=compute_70,code=sm_70" -lnccl -lcudart -c -o utils.o
mkdir -p build
"`which mpicxx`" conflict_allinone.o comm.o jsoncpp.o utils.o -no-pie -std=c++11 -fopenmp -L/home/yhy/.local/nccl/build/lib -lcudart -lnccl -Wall -o build/conflict_allinone -Wl,-rpath=/home/yhy/.local/nccl/build/lib
rm comm.o conflict_allinone.o utils.o
make[1]: Leaving directory '/home/yhy/fold/comm_test/csrc'
CP_FILE_NAME: conflict_patterns
HOST: nico2
CUDA_VISIBLE_DEVICES: 
GPU_NUM: 8
PROC_NUM: 8
NODE_NUM: 1
NTASK_PER_NODE: 8
BACKEND: NCCL
[[0,1],[0,2]]
time 0.000825 s, REAL_BD 7.102273 GB/s, SIZE 1024.000000 KB, comm_vol 6144.000000 KB
time 0.079911 s, REAL_BD 9.385441 GB/s, SIZE 131072.000000 KB, comm_vol 786432.000000 KB
time 0.317158 s, REAL_BD 9.459008 GB/s, SIZE 524288.000000 KB, comm_vol 3145728.000000 KB
[[2,0],[1,0]]
time 0.000772 s, REAL_BD 7.589864 GB/s, SIZE 1024.000000 KB, comm_vol 6144.000000 KB
time 0.086328 s, REAL_BD 8.687795 GB/s, SIZE 131072.000000 KB, comm_vol 786432.000000 KB
time 0.345561 s, REAL_BD 8.681535 GB/s, SIZE 524288.000000 KB, comm_vol 3145728.000000 KB
[[0,1],[2,1]]
time 0.001045 s, REAL_BD 5.607057 GB/s, SIZE 1024.000000 KB, comm_vol 6144.000000 KB
time 0.118200 s, REAL_BD 6.345178 GB/s, SIZE 131072.000000 KB, comm_vol 786432.000000 KB
time 0.474039 s, REAL_BD 6.328593 GB/s, SIZE 524288.000000 KB, comm_vol 3145728.000000 KB
[[1,2],[3,2]]
time 0.001037 s, REAL_BD 5.650313 GB/s, SIZE 1024.000000 KB, comm_vol 6144.000000 KB
time 0.118909 s, REAL_BD 6.307344 GB/s, SIZE 131072.000000 KB, comm_vol 786432.000000 KB
time 0.473542 s, REAL_BD 6.335235 GB/s, SIZE 524288.000000 KB, comm_vol 3145728.000000 KB
[[0,2],[1,2]]
time 0.000902 s, REAL_BD 6.495981 GB/s, SIZE 1024.000000 KB, comm_vol 6144.000000 KB
time 0.085972 s, REAL_BD 8.723771 GB/s, SIZE 131072.000000 KB, comm_vol 786432.000000 KB
time 0.341035 s, REAL_BD 8.796751 GB/s, SIZE 524288.000000 KB, comm_vol 3145728.000000 KB
[[1,3],[2,3]]
time 0.000771 s, REAL_BD 7.599708 GB/s, SIZE 1024.000000 KB, comm_vol 6144.000000 KB
time 0.086039 s, REAL_BD 8.716977 GB/s, SIZE 131072.000000 KB, comm_vol 786432.000000 KB
time 0.343804 s, REAL_BD 8.725902 GB/s, SIZE 524288.000000 KB, comm_vol 3145728.000000 KB
[[0,1],[0,1]]
time 0.000810 s, REAL_BD 7.233796 GB/s, SIZE 1024.000000 KB, comm_vol 6144.000000 KB
time 0.087850 s, REAL_BD 8.537279 GB/s, SIZE 131072.000000 KB, comm_vol 786432.000000 KB
time 0.352196 s, REAL_BD 8.517984 GB/s, SIZE 524288.000000 KB, comm_vol 3145728.000000 KB
[[0,1],[0,2],[0,3]]
time 0.001091 s, REAL_BD 8.055969 GB/s, SIZE 1024.000000 KB, comm_vol 9216.000000 KB
time 0.112507 s, REAL_BD 9.999378 GB/s, SIZE 131072.000000 KB, comm_vol 1179648.000000 KB
time 0.448015 s, REAL_BD 10.044307 GB/s, SIZE 524288.000000 KB, comm_vol 4718592.000000 KB
[[0,3],[1,3],[2,3]]
time 0.001372 s, REAL_BD 6.406022 GB/s, SIZE 1024.000000 KB, comm_vol 9216.000000 KB
time 0.156008 s, REAL_BD 7.211169 GB/s, SIZE 131072.000000 KB, comm_vol 1179648.000000 KB
time 0.622137 s, REAL_BD 7.233134 GB/s, SIZE 524288.000000 KB, comm_vol 4718592.000000 KB
[[0,2],[1,3]]
time 0.000861 s, REAL_BD 6.805314 GB/s, SIZE 1024.000000 KB, comm_vol 6144.000000 KB
time 0.088427 s, REAL_BD 8.481572 GB/s, SIZE 131072.000000 KB, comm_vol 786432.000000 KB
time 0.351947 s, REAL_BD 8.524011 GB/s, SIZE 524288.000000 KB, comm_vol 3145728.000000 KB
[[0,1],[1,2]]
time 0.001428 s, REAL_BD 4.103204 GB/s, SIZE 1024.000000 KB, comm_vol 6144.000000 KB
time 0.165526 s, REAL_BD 4.531010 GB/s, SIZE 131072.000000 KB, comm_vol 786432.000000 KB
time 0.661580 s, REAL_BD 4.534599 GB/s, SIZE 524288.000000 KB, comm_vol 3145728.000000 KB
[[0,2],[3,1]]
time 0.000596 s, REAL_BD 9.831166 GB/s, SIZE 1024.000000 KB, comm_vol 6144.000000 KB
time 0.056130 s, REAL_BD 13.361839 GB/s, SIZE 131072.000000 KB, comm_vol 786432.000000 KB
time 0.223881 s, REAL_BD 13.399976 GB/s, SIZE 524288.000000 KB, comm_vol 3145728.000000 KB
[[0,4],[0,4]]
time 0.001075 s, REAL_BD 5.450581 GB/s, SIZE 1024.000000 KB, comm_vol 6144.000000 KB
time 0.112932 s, REAL_BD 6.641165 GB/s, SIZE 131072.000000 KB, comm_vol 786432.000000 KB
time 0.449970 s, REAL_BD 6.667111 GB/s, SIZE 524288.000000 KB, comm_vol 3145728.000000 KB
[[0,4],[1,4]]
time 0.000937 s, REAL_BD 6.253335 GB/s, SIZE 1024.000000 KB, comm_vol 6144.000000 KB
time 0.089218 s, REAL_BD 8.406375 GB/s, SIZE 131072.000000 KB, comm_vol 786432.000000 KB
time 0.356272 s, REAL_BD 8.420533 GB/s, SIZE 524288.000000 KB, comm_vol 3145728.000000 KB
[[0,4],[4,1]]
time 0.000722 s, REAL_BD 8.115478 GB/s, SIZE 1024.000000 KB, comm_vol 6144.000000 KB
time 0.075478 s, REAL_BD 9.936670 GB/s, SIZE 131072.000000 KB, comm_vol 786432.000000 KB
time 0.300303 s, REAL_BD 9.989910 GB/s, SIZE 524288.000000 KB, comm_vol 3145728.000000 KB
[[0,4],[4,1],[2,3]]
time 0.000726 s, REAL_BD 12.106147 GB/s, SIZE 1024.000000 KB, comm_vol 9216.000000 KB
time 0.075466 s, REAL_BD 14.907376 GB/s, SIZE 131072.000000 KB, comm_vol 1179648.000000 KB
time 0.300975 s, REAL_BD 14.951408 GB/s, SIZE 524288.000000 KB, comm_vol 4718592.000000 KB
[[4,2],[4,3]]
time 0.000871 s, REAL_BD 6.727181 GB/s, SIZE 1024.000000 KB, comm_vol 6144.000000 KB
time 0.086361 s, REAL_BD 8.684476 GB/s, SIZE 131072.000000 KB, comm_vol 786432.000000 KB
time 0.362028 s, REAL_BD 8.286652 GB/s, SIZE 524288.000000 KB, comm_vol 3145728.000000 KB
[[5,2],[4,3]]
time 0.000902 s, REAL_BD 6.495981 GB/s, SIZE 1024.000000 KB, comm_vol 6144.000000 KB
time 0.089828 s, REAL_BD 8.349290 GB/s, SIZE 131072.000000 KB, comm_vol 786432.000000 KB
time 0.364494 s, REAL_BD 8.230588 GB/s, SIZE 524288.000000 KB, comm_vol 3145728.000000 KB
[[6,1],[5,2],[4,3]]
time 0.001004 s, REAL_BD 8.754046 GB/s, SIZE 1024.000000 KB, comm_vol 9216.000000 KB
time 0.101216 s, REAL_BD 11.114844 GB/s, SIZE 131072.000000 KB, comm_vol 1179648.000000 KB
time 0.394819 s, REAL_BD 11.397628 GB/s, SIZE 524288.000000 KB, comm_vol 4718592.000000 KB
[[4,3],[6,1]]
time 0.000666 s, REAL_BD 8.797860 GB/s, SIZE 1024.000000 KB, comm_vol 6144.000000 KB
time 0.061474 s, REAL_BD 12.200280 GB/s, SIZE 131072.000000 KB, comm_vol 786432.000000 KB
time 0.246281 s, REAL_BD 12.181208 GB/s, SIZE 524288.000000 KB, comm_vol 3145728.000000 KB
[[4,3],[1,6]]
time 0.000605 s, REAL_BD 9.684917 GB/s, SIZE 1024.000000 KB, comm_vol 6144.000000 KB
time 0.057460 s, REAL_BD 13.052558 GB/s, SIZE 131072.000000 KB, comm_vol 786432.000000 KB
time 0.229581 s, REAL_BD 13.067283 GB/s, SIZE 524288.000000 KB, comm_vol 3145728.000000 KB
CP_FILE_NAME: conflict_patterns
HOST: nico2
CUDA_VISIBLE_DEVICES: 
GPU_NUM: 8
PROC_NUM: 8
NODE_NUM: 1
NTASK_PER_NODE: 8
srun: job 248910 queued and waiting for resources
srun: job 248910 has been allocated resources
BACKEND: MPI
[[0,1],[0,2]]
time 0.000719 s, REAL_BD 8.149339 GB/s, SIZE 1024.000000 KB, comm_vol 6144.000000 KB
time 0.080033 s, REAL_BD 9.371134 GB/s, SIZE 131072.000000 KB, comm_vol 786432.000000 KB
time 0.319929 s, REAL_BD 9.377081 GB/s, SIZE 524288.000000 KB, comm_vol 3145728.000000 KB
[[2,0],[1,0]]
time 0.000694 s, REAL_BD 8.442903 GB/s, SIZE 1024.000000 KB, comm_vol 6144.000000 KB
time 0.080163 s, REAL_BD 9.355937 GB/s, SIZE 131072.000000 KB, comm_vol 786432.000000 KB
time 0.320327 s, REAL_BD 9.365430 GB/s, SIZE 524288.000000 KB, comm_vol 3145728.000000 KB
[[0,1],[2,1]]
time 0.000696 s, REAL_BD 8.418642 GB/s, SIZE 1024.000000 KB, comm_vol 6144.000000 KB
time 0.080052 s, REAL_BD 9.368910 GB/s, SIZE 131072.000000 KB, comm_vol 786432.000000 KB
time 0.320547 s, REAL_BD 9.359002 GB/s, SIZE 524288.000000 KB, comm_vol 3145728.000000 KB
[[1,2],[3,2]]
time 0.000703 s, REAL_BD 8.334815 GB/s, SIZE 1024.000000 KB, comm_vol 6144.000000 KB
time 0.080058 s, REAL_BD 9.368208 GB/s, SIZE 131072.000000 KB, comm_vol 786432.000000 KB
time 0.319947 s, REAL_BD 9.376553 GB/s, SIZE 524288.000000 KB, comm_vol 3145728.000000 KB
[[0,2],[1,2]]
time 0.000678 s, REAL_BD 8.642146 GB/s, SIZE 1024.000000 KB, comm_vol 6144.000000 KB
time 0.078517 s, REAL_BD 9.552072 GB/s, SIZE 131072.000000 KB, comm_vol 786432.000000 KB
time 0.313798 s, REAL_BD 9.560290 GB/s, SIZE 524288.000000 KB, comm_vol 3145728.000000 KB
[[1,3],[2,3]]
time 0.000693 s, REAL_BD 8.455087 GB/s, SIZE 1024.000000 KB, comm_vol 6144.000000 KB
time 0.080098 s, REAL_BD 9.363530 GB/s, SIZE 131072.000000 KB, comm_vol 786432.000000 KB
time 0.319927 s, REAL_BD 9.377139 GB/s, SIZE 524288.000000 KB, comm_vol 3145728.000000 KB
[[0,1],[0,1]]
time 0.000705 s, REAL_BD 8.311170 GB/s, SIZE 1024.000000 KB, comm_vol 6144.000000 KB
time 0.081536 s, REAL_BD 9.198391 GB/s, SIZE 131072.000000 KB, comm_vol 786432.000000 KB
time 0.326100 s, REAL_BD 9.199632 GB/s, SIZE 524288.000000 KB, comm_vol 3145728.000000 KB
[[0,1],[0,2],[0,3]]
time 0.001042 s, REAL_BD 8.434801 GB/s, SIZE 1024.000000 KB, comm_vol 9216.000000 KB
time 0.119248 s, REAL_BD 9.434120 GB/s, SIZE 131072.000000 KB, comm_vol 1179648.000000 KB
time 0.476770 s, REAL_BD 9.438513 GB/s, SIZE 524288.000000 KB, comm_vol 4718592.000000 KB
[[0,3],[1,3],[2,3]]
time 0.001001 s, REAL_BD 8.780282 GB/s, SIZE 1024.000000 KB, comm_vol 9216.000000 KB
time 0.119469 s, REAL_BD 9.416669 GB/s, SIZE 131072.000000 KB, comm_vol 1179648.000000 KB
time 0.477755 s, REAL_BD 9.419054 GB/s, SIZE 524288.000000 KB, comm_vol 4718592.000000 KB
[[0,2],[1,3]]
time 0.000676 s, REAL_BD 8.667714 GB/s, SIZE 1024.000000 KB, comm_vol 6144.000000 KB
time 0.078441 s, REAL_BD 9.561326 GB/s, SIZE 131072.000000 KB, comm_vol 786432.000000 KB
time 0.313735 s, REAL_BD 9.562210 GB/s, SIZE 524288.000000 KB, comm_vol 3145728.000000 KB
[[0,1],[1,2]]
time 0.003750 s, REAL_BD 1.562500 GB/s, SIZE 1024.000000 KB, comm_vol 6144.000000 KB
time 0.473384 s, REAL_BD 1.584337 GB/s, SIZE 131072.000000 KB, comm_vol 786432.000000 KB
time 1.896955 s, REAL_BD 1.581482 GB/s, SIZE 524288.000000 KB, comm_vol 3145728.000000 KB
[[0,2],[3,1]]
time 0.000385 s, REAL_BD 15.219156 GB/s, SIZE 1024.000000 KB, comm_vol 6144.000000 KB
time 0.040831 s, REAL_BD 18.368397 GB/s, SIZE 131072.000000 KB, comm_vol 786432.000000 KB
time 0.163105 s, REAL_BD 18.393060 GB/s, SIZE 524288.000000 KB, comm_vol 3145728.000000 KB
[[0,4],[0,4]]
time 0.000757 s, REAL_BD 7.740258 GB/s, SIZE 1024.000000 KB, comm_vol 6144.000000 KB
time 0.084240 s, REAL_BD 8.903134 GB/s, SIZE 131072.000000 KB, comm_vol 786432.000000 KB
time 0.357477 s, REAL_BD 8.392148 GB/s, SIZE 524288.000000 KB, comm_vol 3145728.000000 KB
[[0,4],[1,4]]
time 0.000723 s, REAL_BD 8.104253 GB/s, SIZE 1024.000000 KB, comm_vol 6144.000000 KB
time 0.085677 s, REAL_BD 8.753808 GB/s, SIZE 131072.000000 KB, comm_vol 786432.000000 KB
time 0.350378 s, REAL_BD 8.562181 GB/s, SIZE 524288.000000 KB, comm_vol 3145728.000000 KB
[[0,4],[4,1]]
time 0.000405 s, REAL_BD 14.467593 GB/s, SIZE 1024.000000 KB, comm_vol 6144.000000 KB
time 0.045897 s, REAL_BD 16.340937 GB/s, SIZE 131072.000000 KB, comm_vol 786432.000000 KB
time 0.183470 s, REAL_BD 16.351447 GB/s, SIZE 524288.000000 KB, comm_vol 3145728.000000 KB
[[0,4],[4,1],[2,3]]
time 0.000424 s, REAL_BD 20.728921 GB/s, SIZE 1024.000000 KB, comm_vol 9216.000000 KB
time 0.044614 s, REAL_BD 25.216300 GB/s, SIZE 131072.000000 KB, comm_vol 1179648.000000 KB
time 0.183414 s, REAL_BD 24.534659 GB/s, SIZE 524288.000000 KB, comm_vol 4718592.000000 KB
[[4,2],[4,3]]
time 0.000774 s, REAL_BD 7.570252 GB/s, SIZE 1024.000000 KB, comm_vol 6144.000000 KB
time 0.088997 s, REAL_BD 8.427250 GB/s, SIZE 131072.000000 KB, comm_vol 786432.000000 KB
time 0.355736 s, REAL_BD 8.433220 GB/s, SIZE 524288.000000 KB, comm_vol 3145728.000000 KB
[[5,2],[4,3]]
time 0.000766 s, REAL_BD 7.649315 GB/s, SIZE 1024.000000 KB, comm_vol 6144.000000 KB
time 0.087773 s, REAL_BD 8.544769 GB/s, SIZE 131072.000000 KB, comm_vol 786432.000000 KB
time 0.340483 s, REAL_BD 8.811013 GB/s, SIZE 524288.000000 KB, comm_vol 3145728.000000 KB
[[6,1],[5,2],[4,3]]
time 0.000777 s, REAL_BD 11.311535 GB/s, SIZE 1024.000000 KB, comm_vol 9216.000000 KB
time 0.089589 s, REAL_BD 12.557345 GB/s, SIZE 131072.000000 KB, comm_vol 1179648.000000 KB
time 0.352265 s, REAL_BD 12.774474 GB/s, SIZE 524288.000000 KB, comm_vol 4718592.000000 KB
[[4,3],[6,1]]
time 0.000485 s, REAL_BD 12.081186 GB/s, SIZE 1024.000000 KB, comm_vol 6144.000000 KB
time 0.055053 s, REAL_BD 13.623236 GB/s, SIZE 131072.000000 KB, comm_vol 786432.000000 KB
time 0.216012 s, REAL_BD 13.888117 GB/s, SIZE 524288.000000 KB, comm_vol 3145728.000000 KB
[[4,3],[1,6]]
time 0.000396 s, REAL_BD 14.796402 GB/s, SIZE 1024.000000 KB, comm_vol 6144.000000 KB
time 0.041942 s, REAL_BD 17.881837 GB/s, SIZE 131072.000000 KB, comm_vol 786432.000000 KB
time 0.177881 s, REAL_BD 16.865208 GB/s, SIZE 524288.000000 KB, comm_vol 3145728.000000 KB
CP_FILE_NAME: conflict_patterns
HOST: nico2
CUDA_VISIBLE_DEVICES: 
GPU_NUM: 8
PROC_NUM: 1
NODE_NUM: 1
NTASK_PER_NODE: 1
srun: job 248911 queued and waiting for resources
srun: job 248911 has been allocated resources
BACKEND: cudaMemcpy-P
[[0,1],[0,2]]
time 0.000701 s, REAL_BD 8.358595 GB/s, SIZE 1024.000000 KB, comm_vol 6144.000000 KB
time 0.079912 s, REAL_BD 9.385324 GB/s, SIZE 131072.000000 KB, comm_vol 786432.000000 KB
time 0.320126 s, REAL_BD 9.371310 GB/s, SIZE 524288.000000 KB, comm_vol 3145728.000000 KB
[[2,0],[1,0]]
time 0.000690 s, REAL_BD 8.491848 GB/s, SIZE 1024.000000 KB, comm_vol 6144.000000 KB
time 0.080138 s, REAL_BD 9.358856 GB/s, SIZE 131072.000000 KB, comm_vol 786432.000000 KB
time 0.319920 s, REAL_BD 9.377344 GB/s, SIZE 524288.000000 KB, comm_vol 3145728.000000 KB
[[0,1],[2,1]]
time 0.000688 s, REAL_BD 8.516533 GB/s, SIZE 1024.000000 KB, comm_vol 6144.000000 KB
time 0.080075 s, REAL_BD 9.366219 GB/s, SIZE 131072.000000 KB, comm_vol 786432.000000 KB
time 0.320054 s, REAL_BD 9.373418 GB/s, SIZE 524288.000000 KB, comm_vol 3145728.000000 KB
[[1,2],[3,2]]
time 0.000688 s, REAL_BD 8.516533 GB/s, SIZE 1024.000000 KB, comm_vol 6144.000000 KB
time 0.080095 s, REAL_BD 9.363880 GB/s, SIZE 131072.000000 KB, comm_vol 786432.000000 KB
time 0.319796 s, REAL_BD 9.380980 GB/s, SIZE 524288.000000 KB, comm_vol 3145728.000000 KB
[[0,2],[1,2]]
time 0.000676 s, REAL_BD 8.667714 GB/s, SIZE 1024.000000 KB, comm_vol 6144.000000 KB
time 0.078456 s, REAL_BD 9.559498 GB/s, SIZE 131072.000000 KB, comm_vol 786432.000000 KB
time 0.313395 s, REAL_BD 9.572584 GB/s, SIZE 524288.000000 KB, comm_vol 3145728.000000 KB
[[1,3],[2,3]]
time 0.000686 s, REAL_BD 8.541363 GB/s, SIZE 1024.000000 KB, comm_vol 6144.000000 KB
time 0.080064 s, REAL_BD 9.367506 GB/s, SIZE 131072.000000 KB, comm_vol 786432.000000 KB
time 0.319692 s, REAL_BD 9.384032 GB/s, SIZE 524288.000000 KB, comm_vol 3145728.000000 KB
[[0,1],[0,1]]
time 0.000701 s, REAL_BD 8.358595 GB/s, SIZE 1024.000000 KB, comm_vol 6144.000000 KB
time 0.081441 s, REAL_BD 9.209121 GB/s, SIZE 131072.000000 KB, comm_vol 786432.000000 KB
time 0.325745 s, REAL_BD 9.209658 GB/s, SIZE 524288.000000 KB, comm_vol 3145728.000000 KB
[[0,1],[0,2],[0,3]]
time 0.001029 s, REAL_BD 8.541363 GB/s, SIZE 1024.000000 KB, comm_vol 9216.000000 KB
time 0.119080 s, REAL_BD 9.447430 GB/s, SIZE 131072.000000 KB, comm_vol 1179648.000000 KB
time 0.476134 s, REAL_BD 9.451121 GB/s, SIZE 524288.000000 KB, comm_vol 4718592.000000 KB
[[0,3],[1,3],[2,3]]
time 0.001006 s, REAL_BD 8.736643 GB/s, SIZE 1024.000000 KB, comm_vol 9216.000000 KB
time 0.119220 s, REAL_BD 9.436336 GB/s, SIZE 131072.000000 KB, comm_vol 1179648.000000 KB
time 0.476429 s, REAL_BD 9.445269 GB/s, SIZE 524288.000000 KB, comm_vol 4718592.000000 KB
[[0,2],[1,3]]
time 0.000680 s, REAL_BD 8.616728 GB/s, SIZE 1024.000000 KB, comm_vol 6144.000000 KB
time 0.078457 s, REAL_BD 9.559376 GB/s, SIZE 131072.000000 KB, comm_vol 786432.000000 KB
time 0.313406 s, REAL_BD 9.572248 GB/s, SIZE 524288.000000 KB, comm_vol 3145728.000000 KB
[[0,1],[1,2]]
time 0.003642 s, REAL_BD 1.608834 GB/s, SIZE 1024.000000 KB, comm_vol 6144.000000 KB
time 0.473528 s, REAL_BD 1.583856 GB/s, SIZE 131072.000000 KB, comm_vol 786432.000000 KB
time 1.894500 s, REAL_BD 1.583531 GB/s, SIZE 524288.000000 KB, comm_vol 3145728.000000 KB
[[0,2],[3,1]]
time 0.000391 s, REAL_BD 14.985614 GB/s, SIZE 1024.000000 KB, comm_vol 6144.000000 KB
time 0.040815 s, REAL_BD 18.375597 GB/s, SIZE 131072.000000 KB, comm_vol 786432.000000 KB
time 0.162865 s, REAL_BD 18.420164 GB/s, SIZE 524288.000000 KB, comm_vol 3145728.000000 KB
[[0,4],[0,4]]
time 0.000733 s, REAL_BD 7.993690 GB/s, SIZE 1024.000000 KB, comm_vol 6144.000000 KB
time 0.082906 s, REAL_BD 9.046390 GB/s, SIZE 131072.000000 KB, comm_vol 786432.000000 KB
time 0.331482 s, REAL_BD 9.050265 GB/s, SIZE 524288.000000 KB, comm_vol 3145728.000000 KB
[[0,4],[1,4]]
time 0.000740 s, REAL_BD 7.918074 GB/s, SIZE 1024.000000 KB, comm_vol 6144.000000 KB
time 0.085513 s, REAL_BD 8.770596 GB/s, SIZE 131072.000000 KB, comm_vol 786432.000000 KB
time 0.326397 s, REAL_BD 9.191261 GB/s, SIZE 524288.000000 KB, comm_vol 3145728.000000 KB
[[0,4],[4,1]]
time 0.000432 s, REAL_BD 13.563368 GB/s, SIZE 1024.000000 KB, comm_vol 6144.000000 KB
time 0.043379 s, REAL_BD 17.289472 GB/s, SIZE 131072.000000 KB, comm_vol 786432.000000 KB
time 0.173225 s, REAL_BD 17.318516 GB/s, SIZE 524288.000000 KB, comm_vol 3145728.000000 KB
[[0,4],[4,1],[2,3]]
time 0.000429 s, REAL_BD 20.487325 GB/s, SIZE 1024.000000 KB, comm_vol 9216.000000 KB
time 0.045921 s, REAL_BD 24.498595 GB/s, SIZE 131072.000000 KB, comm_vol 1179648.000000 KB
time 0.173232 s, REAL_BD 25.976725 GB/s, SIZE 524288.000000 KB, comm_vol 4718592.000000 KB
[[4,2],[4,3]]
time 0.000755 s, REAL_BD 7.760762 GB/s, SIZE 1024.000000 KB, comm_vol 6144.000000 KB
time 0.088999 s, REAL_BD 8.427061 GB/s, SIZE 131072.000000 KB, comm_vol 786432.000000 KB
time 0.324845 s, REAL_BD 9.235174 GB/s, SIZE 524288.000000 KB, comm_vol 3145728.000000 KB
[[5,2],[4,3]]
time 0.000728 s, REAL_BD 8.048592 GB/s, SIZE 1024.000000 KB, comm_vol 6144.000000 KB
time 0.087804 s, REAL_BD 8.541752 GB/s, SIZE 131072.000000 KB, comm_vol 786432.000000 KB
time 0.335245 s, REAL_BD 8.948679 GB/s, SIZE 524288.000000 KB, comm_vol 3145728.000000 KB
[[6,1],[5,2],[4,3]]
time 0.000773 s, REAL_BD 11.370068 GB/s, SIZE 1024.000000 KB, comm_vol 9216.000000 KB
time 0.090820 s, REAL_BD 12.387139 GB/s, SIZE 131072.000000 KB, comm_vol 1179648.000000 KB
time 0.348677 s, REAL_BD 12.905927 GB/s, SIZE 524288.000000 KB, comm_vol 4718592.000000 KB
[[4,3],[6,1]]
time 0.000503 s, REAL_BD 11.648857 GB/s, SIZE 1024.000000 KB, comm_vol 6144.000000 KB
time 0.055112 s, REAL_BD 13.608651 GB/s, SIZE 131072.000000 KB, comm_vol 786432.000000 KB
time 0.207637 s, REAL_BD 14.448292 GB/s, SIZE 524288.000000 KB, comm_vol 3145728.000000 KB
[[4,3],[1,6]]
time 0.000422 s, REAL_BD 13.884775 GB/s, SIZE 1024.000000 KB, comm_vol 6144.000000 KB
time 0.044515 s, REAL_BD 16.848253 GB/s, SIZE 131072.000000 KB, comm_vol 786432.000000 KB
time 0.162462 s, REAL_BD 18.465857 GB/s, SIZE 524288.000000 KB, comm_vol 3145728.000000 KB
CP_FILE_NAME: conflict_patterns
HOST: nico2
CUDA_VISIBLE_DEVICES: 
GPU_NUM: 8
PROC_NUM: 1
NODE_NUM: 1
NTASK_PER_NODE: 1
srun: job 248912 queued and waiting for resources
srun: job 248912 has been allocated resources
BACKEND: cudaMemcpy-nP
[[0,1],[0,2]]
time 0.001265 s, REAL_BD 4.631917 GB/s, SIZE 1024.000000 KB, comm_vol 6144.000000 KB
time 0.100102 s, REAL_BD 7.492358 GB/s, SIZE 131072.000000 KB, comm_vol 786432.000000 KB
time 0.398858 s, REAL_BD 7.521474 GB/s, SIZE 524288.000000 KB, comm_vol 3145728.000000 KB
[[2,0],[1,0]]
time 0.004002 s, REAL_BD 1.464112 GB/s, SIZE 1024.000000 KB, comm_vol 6144.000000 KB
time 0.109136 s, REAL_BD 6.872160 GB/s, SIZE 131072.000000 KB, comm_vol 786432.000000 KB
time 0.434916 s, REAL_BD 6.897884 GB/s, SIZE 524288.000000 KB, comm_vol 3145728.000000 KB
[[0,1],[2,1]]
time 0.004018 s, REAL_BD 1.458281 GB/s, SIZE 1024.000000 KB, comm_vol 6144.000000 KB
time 0.109045 s, REAL_BD 6.877894 GB/s, SIZE 131072.000000 KB, comm_vol 786432.000000 KB
time 0.429396 s, REAL_BD 6.986558 GB/s, SIZE 524288.000000 KB, comm_vol 3145728.000000 KB
[[1,2],[3,2]]
time 0.004019 s, REAL_BD 1.457919 GB/s, SIZE 1024.000000 KB, comm_vol 6144.000000 KB
time 0.108222 s, REAL_BD 6.930199 GB/s, SIZE 131072.000000 KB, comm_vol 786432.000000 KB
time 0.431485 s, REAL_BD 6.952733 GB/s, SIZE 524288.000000 KB, comm_vol 3145728.000000 KB
[[0,2],[1,2]]
time 0.004007 s, REAL_BD 1.462285 GB/s, SIZE 1024.000000 KB, comm_vol 6144.000000 KB
time 0.105847 s, REAL_BD 7.085699 GB/s, SIZE 131072.000000 KB, comm_vol 786432.000000 KB
time 0.422758 s, REAL_BD 7.096258 GB/s, SIZE 524288.000000 KB, comm_vol 3145728.000000 KB
[[1,3],[2,3]]
time 0.004012 s, REAL_BD 1.460462 GB/s, SIZE 1024.000000 KB, comm_vol 6144.000000 KB
time 0.109246 s, REAL_BD 6.865240 GB/s, SIZE 131072.000000 KB, comm_vol 786432.000000 KB
time 0.433666 s, REAL_BD 6.917766 GB/s, SIZE 524288.000000 KB, comm_vol 3145728.000000 KB
[[0,1],[0,1]]
time 0.004013 s, REAL_BD 1.460098 GB/s, SIZE 1024.000000 KB, comm_vol 6144.000000 KB
time 0.111915 s, REAL_BD 6.701515 GB/s, SIZE 131072.000000 KB, comm_vol 786432.000000 KB
time 0.441460 s, REAL_BD 6.795633 GB/s, SIZE 524288.000000 KB, comm_vol 3145728.000000 KB
[[0,1],[0,2],[0,3]]
time 0.003593 s, REAL_BD 2.446163 GB/s, SIZE 1024.000000 KB, comm_vol 9216.000000 KB
time 0.148359 s, REAL_BD 7.582958 GB/s, SIZE 131072.000000 KB, comm_vol 1179648.000000 KB
time 0.592001 s, REAL_BD 7.601339 GB/s, SIZE 524288.000000 KB, comm_vol 4718592.000000 KB
[[0,3],[1,3],[2,3]]
time 0.005490 s, REAL_BD 1.600922 GB/s, SIZE 1024.000000 KB, comm_vol 9216.000000 KB
time 0.161940 s, REAL_BD 6.947017 GB/s, SIZE 131072.000000 KB, comm_vol 1179648.000000 KB
time 0.645200 s, REAL_BD 6.974582 GB/s, SIZE 524288.000000 KB, comm_vol 4718592.000000 KB
[[0,2],[1,3]]
time 0.003711 s, REAL_BD 1.578921 GB/s, SIZE 1024.000000 KB, comm_vol 6144.000000 KB
time 0.087220 s, REAL_BD 8.598945 GB/s, SIZE 131072.000000 KB, comm_vol 786432.000000 KB
time 0.347015 s, REAL_BD 8.645159 GB/s, SIZE 524288.000000 KB, comm_vol 3145728.000000 KB
[[0,1],[1,2]]
time 0.003593 s, REAL_BD 1.630775 GB/s, SIZE 1024.000000 KB, comm_vol 6144.000000 KB
time 0.085007 s, REAL_BD 8.822803 GB/s, SIZE 131072.000000 KB, comm_vol 786432.000000 KB
time 0.338811 s, REAL_BD 8.854494 GB/s, SIZE 524288.000000 KB, comm_vol 3145728.000000 KB
[[0,2],[3,1]]
time 0.003587 s, REAL_BD 1.633503 GB/s, SIZE 1024.000000 KB, comm_vol 6144.000000 KB
time 0.058905 s, REAL_BD 12.732366 GB/s, SIZE 131072.000000 KB, comm_vol 786432.000000 KB
time 0.233921 s, REAL_BD 12.824843 GB/s, SIZE 524288.000000 KB, comm_vol 3145728.000000 KB
[[0,4],[0,4]]
time 0.004069 s, REAL_BD 1.440004 GB/s, SIZE 1024.000000 KB, comm_vol 6144.000000 KB
time 0.112691 s, REAL_BD 6.655367 GB/s, SIZE 131072.000000 KB, comm_vol 786432.000000 KB
time 0.449165 s, REAL_BD 6.679060 GB/s, SIZE 524288.000000 KB, comm_vol 3145728.000000 KB
[[0,4],[1,4]]
time 0.004061 s, REAL_BD 1.442840 GB/s, SIZE 1024.000000 KB, comm_vol 6144.000000 KB
time 0.112559 s, REAL_BD 6.663172 GB/s, SIZE 131072.000000 KB, comm_vol 786432.000000 KB
time 0.448794 s, REAL_BD 6.684581 GB/s, SIZE 524288.000000 KB, comm_vol 3145728.000000 KB
[[0,4],[4,1]]
time 0.003589 s, REAL_BD 1.632593 GB/s, SIZE 1024.000000 KB, comm_vol 6144.000000 KB
time 0.062547 s, REAL_BD 11.990983 GB/s, SIZE 131072.000000 KB, comm_vol 786432.000000 KB
time 0.246244 s, REAL_BD 12.183038 GB/s, SIZE 524288.000000 KB, comm_vol 3145728.000000 KB
[[0,4],[4,1],[2,3]]
time 0.003589 s, REAL_BD 2.448889 GB/s, SIZE 1024.000000 KB, comm_vol 9216.000000 KB
time 0.066540 s, REAL_BD 16.907124 GB/s, SIZE 131072.000000 KB, comm_vol 1179648.000000 KB
time 0.263854 s, REAL_BD 17.054886 GB/s, SIZE 524288.000000 KB, comm_vol 4718592.000000 KB
[[4,2],[4,3]]
time 0.003663 s, REAL_BD 1.599611 GB/s, SIZE 1024.000000 KB, comm_vol 6144.000000 KB
time 0.112252 s, REAL_BD 6.681395 GB/s, SIZE 131072.000000 KB, comm_vol 786432.000000 KB
time 0.447436 s, REAL_BD 6.704870 GB/s, SIZE 524288.000000 KB, comm_vol 3145728.000000 KB
[[5,2],[4,3]]
time 0.003655 s, REAL_BD 1.603112 GB/s, SIZE 1024.000000 KB, comm_vol 6144.000000 KB
time 0.088803 s, REAL_BD 8.445661 GB/s, SIZE 131072.000000 KB, comm_vol 786432.000000 KB
time 0.352374 s, REAL_BD 8.513681 GB/s, SIZE 524288.000000 KB, comm_vol 3145728.000000 KB
[[6,1],[5,2],[4,3]]
time 0.003590 s, REAL_BD 2.448207 GB/s, SIZE 1024.000000 KB, comm_vol 9216.000000 KB
time 0.098949 s, REAL_BD 11.369493 GB/s, SIZE 131072.000000 KB, comm_vol 1179648.000000 KB
time 0.393640 s, REAL_BD 11.431765 GB/s, SIZE 524288.000000 KB, comm_vol 4718592.000000 KB
[[4,3],[6,1]]
time 0.003592 s, REAL_BD 1.631229 GB/s, SIZE 1024.000000 KB, comm_vol 6144.000000 KB
time 0.061354 s, REAL_BD 12.224142 GB/s, SIZE 131072.000000 KB, comm_vol 786432.000000 KB
time 0.243939 s, REAL_BD 12.298157 GB/s, SIZE 524288.000000 KB, comm_vol 3145728.000000 KB
[[4,3],[1,6]]
time 0.003588 s, REAL_BD 1.633048 GB/s, SIZE 1024.000000 KB, comm_vol 6144.000000 KB
time 0.059454 s, REAL_BD 12.614795 GB/s, SIZE 131072.000000 KB, comm_vol 786432.000000 KB
time 0.236318 s, REAL_BD 12.694759 GB/s, SIZE 524288.000000 KB, comm_vol 3145728.000000 KB
