make -C csrc clean
make[1]: Entering directory '/home/yhy/fold/comm_test/csrc'
rm -f `ls *.o | grep -v jsoncpp.o`
rm -f all2all_test net_test net_test_cuda conflict_test_cuda net_test_mpi conflict_allinone net_test_cpu nccl_test cpu2gpu \
   benchmark_p2p ring_patterns all2all_baseline single_turn mixed_p2p netflow all2allv_MPI all2allv_allinone
rm -rf build
make[1]: Leaving directory '/home/yhy/fold/comm_test/csrc'
make -C csrc conflict_allinone
make[1]: Entering directory '/home/yhy/fold/comm_test/csrc'
nvcc conflict_allinone.cu -std=c++11 -Xcompiler -fopenmp -I/home/yhy/.local/nccl/build/include -L/home/yhy/.local/nccl/build/lib/ "-gencode=arch=compute_70,code=sm_70" -lnccl -lcudart -c -o conflict_allinone.o
nvcc comm.cu -std=c++11 -Xcompiler -fopenmp -I/home/yhy/.local/nccl/build/include -L/home/yhy/.local/nccl/build/lib/ "-gencode=arch=compute_70,code=sm_70" -lnccl -lcudart -c -o comm.o
nvcc utils.cu -std=c++11 -Xcompiler -fopenmp -I/home/yhy/.local/nccl/build/include -L/home/yhy/.local/nccl/build/lib/ "-gencode=arch=compute_70,code=sm_70" -lnccl -lcudart -c -o utils.o
mkdir -p build
"`which mpicxx`" conflict_allinone.o comm.o jsoncpp.o utils.o -no-pie -std=c++11 -fopenmp -L/home/yhy/.local/nccl/build/lib -lcudart -lnccl -Wall -o build/conflict_allinone -Wl,-rpath=/home/yhy/.local/nccl/build/lib
rm comm.o conflict_allinone.o utils.o
make[1]: Leaving directory '/home/yhy/fold/comm_test/csrc'
make -C csrc clean
make[1]: Entering directory '/home/yhy/fold/comm_test/csrc'
rm -f `ls *.o | grep -v jsoncpp.o`
rm -f all2all_test net_test net_test_cuda conflict_test_cuda net_test_mpi conflict_allinone net_test_cpu nccl_test cpu2gpu \
   benchmark_p2p ring_patterns all2all_baseline single_turn mixed_p2p netflow all2allv_MPI all2allv_allinone
rm -rf build
make[1]: Leaving directory '/home/yhy/fold/comm_test/csrc'
make -C csrc conflict_allinone
make[1]: Entering directory '/home/yhy/fold/comm_test/csrc'
nvcc conflict_allinone.cu -std=c++11 -Xcompiler -fopenmp -I/home/yhy/.local/nccl/build/include -L/home/yhy/.local/nccl/build/lib/ "-gencode=arch=compute_70,code=sm_70" -lnccl -lcudart -c -o conflict_allinone.o
nvcc comm.cu -std=c++11 -Xcompiler -fopenmp -I/home/yhy/.local/nccl/build/include -L/home/yhy/.local/nccl/build/lib/ "-gencode=arch=compute_70,code=sm_70" -lnccl -lcudart -c -o comm.o
nvcc utils.cu -std=c++11 -Xcompiler -fopenmp -I/home/yhy/.local/nccl/build/include -L/home/yhy/.local/nccl/build/lib/ "-gencode=arch=compute_70,code=sm_70" -lnccl -lcudart -c -o utils.o
mkdir -p build
"`which mpicxx`" conflict_allinone.o comm.o jsoncpp.o utils.o -no-pie -std=c++11 -fopenmp -L/home/yhy/.local/nccl/build/lib -lcudart -lnccl -Wall -o build/conflict_allinone -Wl,-rpath=/home/yhy/.local/nccl/build/lib
rm comm.o conflict_allinone.o utils.o
make[1]: Leaving directory '/home/yhy/fold/comm_test/csrc'
all2all_baseline.log	     mixed_p2p_411.log		  single_turn_4.log
all2allv_MPI.log	     mixed_p2p_412_mixed_p2p.log  single_turn_8_1M.log
conflict_allinone_a2a_4.log  mixed_p2p_421.log		  single_turn_8_32M.log
conflict_allinone.log	     mixed_p2p.log		  single_turn.log
CP_FILE_NAME: all2all_4
HOST: nico2
CUDA_VISIBLE_DEVICES: 
GPU_NUM: 8
PROC_NUM: 8
NODE_NUM: 1
NTASK_PER_NODE: 8
BACKEND: NCCL
[[0,1],[1,2],[2,3],[3,0]]
time 0.001307 s, REAL_BD 8.966144 GB/s, SIZE 1024.000000 KB, comm_vol 12288.000000 KB
time 0.134406 s, REAL_BD 11.160216 GB/s, SIZE 131072.000000 KB, comm_vol 1572864.000000 KB
time 0.535225 s, REAL_BD 11.210239 GB/s, SIZE 524288.000000 KB, comm_vol 6291456.000000 KB
[[0,2],[1,3],[2,0],[3,1]]
time 0.001096 s, REAL_BD 10.692290 GB/s, SIZE 1024.000000 KB, comm_vol 12288.000000 KB
time 0.109745 s, REAL_BD 13.668049 GB/s, SIZE 131072.000000 KB, comm_vol 1572864.000000 KB
time 0.439180 s, REAL_BD 13.661824 GB/s, SIZE 524288.000000 KB, comm_vol 6291456.000000 KB
[[0,3],[1,0],[2,1],[3,2]]
time 0.001264 s, REAL_BD 9.271163 GB/s, SIZE 1024.000000 KB, comm_vol 12288.000000 KB
time 0.135736 s, REAL_BD 11.050863 GB/s, SIZE 131072.000000 KB, comm_vol 1572864.000000 KB
time 0.542791 s, REAL_BD 11.053978 GB/s, SIZE 524288.000000 KB, comm_vol 6291456.000000 KB
[[0,1],[1,0],[2,3],[3,2]]
time 0.000794 s, REAL_BD 14.759131 GB/s, SIZE 1024.000000 KB, comm_vol 12288.000000 KB
time 0.088168 s, REAL_BD 17.012975 GB/s, SIZE 131072.000000 KB, comm_vol 1572864.000000 KB
time 0.352388 s, REAL_BD 17.026686 GB/s, SIZE 524288.000000 KB, comm_vol 6291456.000000 KB
[[0,2],[1,3],[2,0],[3,1]]
time 0.001084 s, REAL_BD 10.810655 GB/s, SIZE 1024.000000 KB, comm_vol 12288.000000 KB
time 0.110350 s, REAL_BD 13.593113 GB/s, SIZE 131072.000000 KB, comm_vol 1572864.000000 KB
time 0.441200 s, REAL_BD 13.599275 GB/s, SIZE 524288.000000 KB, comm_vol 6291456.000000 KB
[[0,3],[1,2],[2,1],[3,0]]
time 0.001079 s, REAL_BD 10.860751 GB/s, SIZE 1024.000000 KB, comm_vol 12288.000000 KB
time 0.110231 s, REAL_BD 13.607787 GB/s, SIZE 131072.000000 KB, comm_vol 1572864.000000 KB
time 0.437559 s, REAL_BD 13.712436 GB/s, SIZE 524288.000000 KB, comm_vol 6291456.000000 KB
[[0,1],[1,0],[2,3],[3,2]]
time 0.000793 s, REAL_BD 14.777743 GB/s, SIZE 1024.000000 KB, comm_vol 12288.000000 KB
time 0.088389 s, REAL_BD 16.970437 GB/s, SIZE 131072.000000 KB, comm_vol 1572864.000000 KB
time 0.352390 s, REAL_BD 17.026590 GB/s, SIZE 524288.000000 KB, comm_vol 6291456.000000 KB
[[0,2],[2,1],[1,3],[3,0]]
time 0.001087 s, REAL_BD 10.780819 GB/s, SIZE 1024.000000 KB, comm_vol 12288.000000 KB
time 0.101918 s, REAL_BD 14.717714 GB/s, SIZE 131072.000000 KB, comm_vol 1572864.000000 KB
time 0.405139 s, REAL_BD 14.809732 GB/s, SIZE 524288.000000 KB, comm_vol 6291456.000000 KB
[[0,3],[3,1],[1,2],[2,0]]
time 0.001088 s, REAL_BD 10.770910 GB/s, SIZE 1024.000000 KB, comm_vol 12288.000000 KB
time 0.102040 s, REAL_BD 14.700118 GB/s, SIZE 131072.000000 KB, comm_vol 1572864.000000 KB
time 0.405012 s, REAL_BD 14.814376 GB/s, SIZE 524288.000000 KB, comm_vol 6291456.000000 KB
[[0,1],[1,3],[3,2],[2,0]]
time 0.001517 s, REAL_BD 7.724951 GB/s, SIZE 1024.000000 KB, comm_vol 12288.000000 KB
time 0.131521 s, REAL_BD 11.405023 GB/s, SIZE 131072.000000 KB, comm_vol 1572864.000000 KB
time 0.507939 s, REAL_BD 11.812442 GB/s, SIZE 524288.000000 KB, comm_vol 6291456.000000 KB
[[0,2],[2,3],[3,1],[1,0]]
time 0.001506 s, REAL_BD 7.781375 GB/s, SIZE 1024.000000 KB, comm_vol 12288.000000 KB
time 0.128757 s, REAL_BD 11.649852 GB/s, SIZE 131072.000000 KB, comm_vol 1572864.000000 KB
time 0.514113 s, REAL_BD 11.670586 GB/s, SIZE 524288.000000 KB, comm_vol 6291456.000000 KB
[[0,3],[3,0],[1,2],[2,1]]
time 0.001070 s, REAL_BD 10.952103 GB/s, SIZE 1024.000000 KB, comm_vol 12288.000000 KB
time 0.109880 s, REAL_BD 13.651256 GB/s, SIZE 131072.000000 KB, comm_vol 1572864.000000 KB
time 0.438343 s, REAL_BD 13.687911 GB/s, SIZE 524288.000000 KB, comm_vol 6291456.000000 KB
CP_FILE_NAME: all2all_4
HOST: nico2
CUDA_VISIBLE_DEVICES: 
GPU_NUM: 8
PROC_NUM: 8
NODE_NUM: 1
NTASK_PER_NODE: 8
srun: job 248919 queued and waiting for resources
srun: job 248919 has been allocated resources
BACKEND: MPI
[[0,1],[1,2],[2,3],[3,0]]
time 0.003652 s, REAL_BD 3.208858 GB/s, SIZE 1024.000000 KB, comm_vol 12288.000000 KB
time 0.459559 s, REAL_BD 3.263999 GB/s, SIZE 131072.000000 KB, comm_vol 1572864.000000 KB
time 1.833276 s, REAL_BD 3.272830 GB/s, SIZE 524288.000000 KB, comm_vol 6291456.000000 KB
[[0,2],[1,3],[2,0],[3,1]]
time 0.000720 s, REAL_BD 16.276042 GB/s, SIZE 1024.000000 KB, comm_vol 12288.000000 KB
time 0.081502 s, REAL_BD 18.404456 GB/s, SIZE 131072.000000 KB, comm_vol 1572864.000000 KB
time 0.325671 s, REAL_BD 18.423501 GB/s, SIZE 524288.000000 KB, comm_vol 6291456.000000 KB
[[0,3],[1,0],[2,1],[3,2]]
time 0.003650 s, REAL_BD 3.210616 GB/s, SIZE 1024.000000 KB, comm_vol 12288.000000 KB
time 0.457158 s, REAL_BD 3.281141 GB/s, SIZE 131072.000000 KB, comm_vol 1572864.000000 KB
time 1.828608 s, REAL_BD 3.281184 GB/s, SIZE 524288.000000 KB, comm_vol 6291456.000000 KB
[[0,1],[1,0],[2,3],[3,2]]
time 0.000711 s, REAL_BD 16.482068 GB/s, SIZE 1024.000000 KB, comm_vol 12288.000000 KB
time 0.081519 s, REAL_BD 18.400618 GB/s, SIZE 131072.000000 KB, comm_vol 1572864.000000 KB
time 0.325692 s, REAL_BD 18.422313 GB/s, SIZE 524288.000000 KB, comm_vol 6291456.000000 KB
[[0,2],[1,3],[2,0],[3,1]]
time 0.000709 s, REAL_BD 16.528561 GB/s, SIZE 1024.000000 KB, comm_vol 12288.000000 KB
time 0.081491 s, REAL_BD 18.406941 GB/s, SIZE 131072.000000 KB, comm_vol 1572864.000000 KB
time 0.325748 s, REAL_BD 18.419146 GB/s, SIZE 524288.000000 KB, comm_vol 6291456.000000 KB
[[0,3],[1,2],[2,1],[3,0]]
time 0.000712 s, REAL_BD 16.458919 GB/s, SIZE 1024.000000 KB, comm_vol 12288.000000 KB
time 0.081492 s, REAL_BD 18.406715 GB/s, SIZE 131072.000000 KB, comm_vol 1572864.000000 KB
time 0.325724 s, REAL_BD 18.420503 GB/s, SIZE 524288.000000 KB, comm_vol 6291456.000000 KB
[[0,1],[1,0],[2,3],[3,2]]
time 0.000707 s, REAL_BD 16.575318 GB/s, SIZE 1024.000000 KB, comm_vol 12288.000000 KB
time 0.081667 s, REAL_BD 18.367272 GB/s, SIZE 131072.000000 KB, comm_vol 1572864.000000 KB
time 0.325678 s, REAL_BD 18.423105 GB/s, SIZE 524288.000000 KB, comm_vol 6291456.000000 KB
[[0,2],[2,1],[1,3],[3,0]]
time 0.000711 s, REAL_BD 16.482068 GB/s, SIZE 1024.000000 KB, comm_vol 12288.000000 KB
time 0.081563 s, REAL_BD 18.390692 GB/s, SIZE 131072.000000 KB, comm_vol 1572864.000000 KB
time 0.325707 s, REAL_BD 18.421465 GB/s, SIZE 524288.000000 KB, comm_vol 6291456.000000 KB
[[0,3],[3,1],[1,2],[2,0]]
time 0.000707 s, REAL_BD 16.575318 GB/s, SIZE 1024.000000 KB, comm_vol 12288.000000 KB
time 0.081543 s, REAL_BD 18.395203 GB/s, SIZE 131072.000000 KB, comm_vol 1572864.000000 KB
time 0.325699 s, REAL_BD 18.421917 GB/s, SIZE 524288.000000 KB, comm_vol 6291456.000000 KB
[[0,1],[1,3],[3,2],[2,0]]
time 0.003626 s, REAL_BD 3.231867 GB/s, SIZE 1024.000000 KB, comm_vol 12288.000000 KB
time 0.457360 s, REAL_BD 3.279692 GB/s, SIZE 131072.000000 KB, comm_vol 1572864.000000 KB
time 1.830465 s, REAL_BD 3.277856 GB/s, SIZE 524288.000000 KB, comm_vol 6291456.000000 KB
[[0,2],[2,3],[3,1],[1,0]]
time 0.003632 s, REAL_BD 3.226528 GB/s, SIZE 1024.000000 KB, comm_vol 12288.000000 KB
time 0.459488 s, REAL_BD 3.264503 GB/s, SIZE 131072.000000 KB, comm_vol 1572864.000000 KB
time 1.832494 s, REAL_BD 3.274226 GB/s, SIZE 524288.000000 KB, comm_vol 6291456.000000 KB
[[0,3],[3,0],[1,2],[2,1]]
time 0.000704 s, REAL_BD 16.645952 GB/s, SIZE 1024.000000 KB, comm_vol 12288.000000 KB
time 0.081564 s, REAL_BD 18.390466 GB/s, SIZE 131072.000000 KB, comm_vol 1572864.000000 KB
time 0.325699 s, REAL_BD 18.421917 GB/s, SIZE 524288.000000 KB, comm_vol 6291456.000000 KB
CP_FILE_NAME: all2all_4
HOST: nico2
CUDA_VISIBLE_DEVICES: 
GPU_NUM: 8
PROC_NUM: 1
NODE_NUM: 1
NTASK_PER_NODE: 1
srun: job 248920 queued and waiting for resources
srun: job 248920 has been allocated resources
BACKEND: cudaMemcpy-P
[[0,1],[1,2],[2,3],[3,0]]
time 0.003936 s, REAL_BD 2.977325 GB/s, SIZE 1024.000000 KB, comm_vol 12288.000000 KB
time 0.458720 s, REAL_BD 3.269969 GB/s, SIZE 131072.000000 KB, comm_vol 1572864.000000 KB
time 1.829150 s, REAL_BD 3.280212 GB/s, SIZE 524288.000000 KB, comm_vol 6291456.000000 KB
[[0,2],[1,3],[2,0],[3,1]]
time 0.000733 s, REAL_BD 15.987381 GB/s, SIZE 1024.000000 KB, comm_vol 12288.000000 KB
time 0.081599 s, REAL_BD 18.382578 GB/s, SIZE 131072.000000 KB, comm_vol 1572864.000000 KB
time 0.325726 s, REAL_BD 18.420390 GB/s, SIZE 524288.000000 KB, comm_vol 6291456.000000 KB
[[0,3],[1,0],[2,1],[3,2]]
time 0.003749 s, REAL_BD 3.125834 GB/s, SIZE 1024.000000 KB, comm_vol 12288.000000 KB
time 0.461345 s, REAL_BD 3.251363 GB/s, SIZE 131072.000000 KB, comm_vol 1572864.000000 KB
time 1.842381 s, REAL_BD 3.256655 GB/s, SIZE 524288.000000 KB, comm_vol 6291456.000000 KB
[[0,1],[1,0],[2,3],[3,2]]
time 0.000744 s, REAL_BD 15.751008 GB/s, SIZE 1024.000000 KB, comm_vol 12288.000000 KB
time 0.081492 s, REAL_BD 18.406715 GB/s, SIZE 131072.000000 KB, comm_vol 1572864.000000 KB
time 0.325636 s, REAL_BD 18.425481 GB/s, SIZE 524288.000000 KB, comm_vol 6291456.000000 KB
[[0,2],[1,3],[2,0],[3,1]]
time 0.000734 s, REAL_BD 15.965599 GB/s, SIZE 1024.000000 KB, comm_vol 12288.000000 KB
time 0.081595 s, REAL_BD 18.383479 GB/s, SIZE 131072.000000 KB, comm_vol 1572864.000000 KB
time 0.325853 s, REAL_BD 18.413211 GB/s, SIZE 524288.000000 KB, comm_vol 6291456.000000 KB
[[0,3],[1,2],[2,1],[3,0]]
time 0.000733 s, REAL_BD 15.987381 GB/s, SIZE 1024.000000 KB, comm_vol 12288.000000 KB
time 0.081618 s, REAL_BD 18.378299 GB/s, SIZE 131072.000000 KB, comm_vol 1572864.000000 KB
time 0.325716 s, REAL_BD 18.420956 GB/s, SIZE 524288.000000 KB, comm_vol 6291456.000000 KB
[[0,1],[1,0],[2,3],[3,2]]
time 0.000731 s, REAL_BD 16.031122 GB/s, SIZE 1024.000000 KB, comm_vol 12288.000000 KB
time 0.081504 s, REAL_BD 18.404005 GB/s, SIZE 131072.000000 KB, comm_vol 1572864.000000 KB
time 0.325587 s, REAL_BD 18.428254 GB/s, SIZE 524288.000000 KB, comm_vol 6291456.000000 KB
[[0,2],[2,1],[1,3],[3,0]]
time 0.000712 s, REAL_BD 16.458919 GB/s, SIZE 1024.000000 KB, comm_vol 12288.000000 KB
time 0.081573 s, REAL_BD 18.388437 GB/s, SIZE 131072.000000 KB, comm_vol 1572864.000000 KB
time 0.325873 s, REAL_BD 18.412081 GB/s, SIZE 524288.000000 KB, comm_vol 6291456.000000 KB
[[0,3],[3,1],[1,2],[2,0]]
time 0.000714 s, REAL_BD 16.412815 GB/s, SIZE 1024.000000 KB, comm_vol 12288.000000 KB
time 0.081567 s, REAL_BD 18.389790 GB/s, SIZE 131072.000000 KB, comm_vol 1572864.000000 KB
time 0.325921 s, REAL_BD 18.409369 GB/s, SIZE 524288.000000 KB, comm_vol 6291456.000000 KB
[[0,1],[1,3],[3,2],[2,0]]
time 0.003931 s, REAL_BD 2.981112 GB/s, SIZE 1024.000000 KB, comm_vol 12288.000000 KB
time 0.460696 s, REAL_BD 3.255943 GB/s, SIZE 131072.000000 KB, comm_vol 1572864.000000 KB
time 1.844375 s, REAL_BD 3.253135 GB/s, SIZE 524288.000000 KB, comm_vol 6291456.000000 KB
[[0,2],[2,3],[3,1],[1,0]]
time 0.003309 s, REAL_BD 3.541478 GB/s, SIZE 1024.000000 KB, comm_vol 12288.000000 KB
time 0.459842 s, REAL_BD 3.261990 GB/s, SIZE 131072.000000 KB, comm_vol 1572864.000000 KB
time 1.841813 s, REAL_BD 3.257660 GB/s, SIZE 524288.000000 KB, comm_vol 6291456.000000 KB
[[0,3],[3,0],[1,2],[2,1]]
time 0.000718 s, REAL_BD 16.321379 GB/s, SIZE 1024.000000 KB, comm_vol 12288.000000 KB
time 0.081595 s, REAL_BD 18.383479 GB/s, SIZE 131072.000000 KB, comm_vol 1572864.000000 KB
time 0.325679 s, REAL_BD 18.423048 GB/s, SIZE 524288.000000 KB, comm_vol 6291456.000000 KB
CP_FILE_NAME: all2all_4
HOST: nico2
CUDA_VISIBLE_DEVICES: 
GPU_NUM: 8
PROC_NUM: 1
NODE_NUM: 1
NTASK_PER_NODE: 1
srun: job 248921 queued and waiting for resources
srun: job 248921 has been allocated resources
BACKEND: cudaMemcpy-nP
[[0,1],[1,2],[2,3],[3,0]]
time 0.001388 s, REAL_BD 8.442903 GB/s, SIZE 1024.000000 KB, comm_vol 12288.000000 KB
time 0.093286 s, REAL_BD 16.079583 GB/s, SIZE 131072.000000 KB, comm_vol 1572864.000000 KB
time 0.368957 s, REAL_BD 16.262058 GB/s, SIZE 524288.000000 KB, comm_vol 6291456.000000 KB
[[0,2],[1,3],[2,0],[3,1]]
time 0.003874 s, REAL_BD 3.024974 GB/s, SIZE 1024.000000 KB, comm_vol 12288.000000 KB
time 0.094355 s, REAL_BD 15.897409 GB/s, SIZE 131072.000000 KB, comm_vol 1572864.000000 KB
time 0.368214 s, REAL_BD 16.294872 GB/s, SIZE 524288.000000 KB, comm_vol 6291456.000000 KB
[[0,3],[1,0],[2,1],[3,2]]
time 0.003808 s, REAL_BD 3.077403 GB/s, SIZE 1024.000000 KB, comm_vol 12288.000000 KB
time 0.093300 s, REAL_BD 16.077170 GB/s, SIZE 131072.000000 KB, comm_vol 1572864.000000 KB
time 0.371281 s, REAL_BD 16.160267 GB/s, SIZE 524288.000000 KB, comm_vol 6291456.000000 KB
[[0,1],[1,0],[2,3],[3,2]]
time 0.003596 s, REAL_BD 3.258829 GB/s, SIZE 1024.000000 KB, comm_vol 12288.000000 KB
time 0.093746 s, REAL_BD 16.000683 GB/s, SIZE 131072.000000 KB, comm_vol 1572864.000000 KB
time 0.374024 s, REAL_BD 16.041751 GB/s, SIZE 524288.000000 KB, comm_vol 6291456.000000 KB
[[0,2],[1,3],[2,0],[3,1]]
time 0.003839 s, REAL_BD 3.052553 GB/s, SIZE 1024.000000 KB, comm_vol 12288.000000 KB
time 0.092639 s, REAL_BD 16.191885 GB/s, SIZE 131072.000000 KB, comm_vol 1572864.000000 KB
time 0.369102 s, REAL_BD 16.255669 GB/s, SIZE 524288.000000 KB, comm_vol 6291456.000000 KB
[[0,3],[1,2],[2,1],[3,0]]
time 0.003817 s, REAL_BD 3.070147 GB/s, SIZE 1024.000000 KB, comm_vol 12288.000000 KB
time 0.092836 s, REAL_BD 16.157525 GB/s, SIZE 131072.000000 KB, comm_vol 1572864.000000 KB
time 0.373074 s, REAL_BD 16.082600 GB/s, SIZE 524288.000000 KB, comm_vol 6291456.000000 KB
[[0,1],[1,0],[2,3],[3,2]]
time 0.003788 s, REAL_BD 3.093651 GB/s, SIZE 1024.000000 KB, comm_vol 12288.000000 KB
time 0.093971 s, REAL_BD 15.962371 GB/s, SIZE 131072.000000 KB, comm_vol 1572864.000000 KB
time 0.373481 s, REAL_BD 16.065074 GB/s, SIZE 524288.000000 KB, comm_vol 6291456.000000 KB
[[0,2],[2,1],[1,3],[3,0]]
time 0.003829 s, REAL_BD 3.060525 GB/s, SIZE 1024.000000 KB, comm_vol 12288.000000 KB
time 0.093240 s, REAL_BD 16.087516 GB/s, SIZE 131072.000000 KB, comm_vol 1572864.000000 KB
time 0.373049 s, REAL_BD 16.083678 GB/s, SIZE 524288.000000 KB, comm_vol 6291456.000000 KB
[[0,3],[3,1],[1,2],[2,0]]
time 0.003831 s, REAL_BD 3.058927 GB/s, SIZE 1024.000000 KB, comm_vol 12288.000000 KB
time 0.093433 s, REAL_BD 16.054285 GB/s, SIZE 131072.000000 KB, comm_vol 1572864.000000 KB
time 0.374519 s, REAL_BD 16.020549 GB/s, SIZE 524288.000000 KB, comm_vol 6291456.000000 KB
[[0,1],[1,3],[3,2],[2,0]]
time 0.003772 s, REAL_BD 3.106774 GB/s, SIZE 1024.000000 KB, comm_vol 12288.000000 KB
time 0.093739 s, REAL_BD 16.001878 GB/s, SIZE 131072.000000 KB, comm_vol 1572864.000000 KB
time 0.369092 s, REAL_BD 16.256110 GB/s, SIZE 524288.000000 KB, comm_vol 6291456.000000 KB
[[0,2],[2,3],[3,1],[1,0]]
time 0.003817 s, REAL_BD 3.070147 GB/s, SIZE 1024.000000 KB, comm_vol 12288.000000 KB
time 0.094402 s, REAL_BD 15.889494 GB/s, SIZE 131072.000000 KB, comm_vol 1572864.000000 KB
time 0.373150 s, REAL_BD 16.079325 GB/s, SIZE 524288.000000 KB, comm_vol 6291456.000000 KB
[[0,3],[3,0],[1,2],[2,1]]
time 0.003853 s, REAL_BD 3.041461 GB/s, SIZE 1024.000000 KB, comm_vol 12288.000000 KB
time 0.093293 s, REAL_BD 16.078377 GB/s, SIZE 131072.000000 KB, comm_vol 1572864.000000 KB
time 0.365831 s, REAL_BD 16.401016 GB/s, SIZE 524288.000000 KB, comm_vol 6291456.000000 KB
