make -C csrc clean
make[1]: Entering directory '/home/yhy/fold/comm_test/csrc'
rm all2all_test
rm `ls *.o | grep -v jsoncpp.o`
make[1]: Leaving directory '/home/yhy/fold/comm_test/csrc'
make -C csrc
make[1]: Entering directory '/home/yhy/fold/comm_test/csrc'
nvcc all2all_test.cu -std=c++11 -Xcompiler -fopenmp -I/home/yhy/.local/nccl/build/include -L/home/yhy/.local/nccl/build/lib/ "-gencode=arch=compute_80,code=sm_80" -lnccl -lcudart -c -o all2all_test.o
nvcc comm.cu -std=c++11 -Xcompiler -fopenmp -I/home/yhy/.local/nccl/build/include -L/home/yhy/.local/nccl/build/lib/ "-gencode=arch=compute_80,code=sm_80" -lnccl -lcudart -c -o comm.o
"`which mpicxx`" all2all_test.o comm.o jsoncpp.o -std=c++11 -fopenmp -L/home/yhy/.local/nccl/build/lib -lcudart -lnccl -Wall -o all2all_test -Wl,-rpath=/home/yhy/.local/nccl/build/lib
make[1]: Leaving directory '/home/yhy/fold/comm_test/csrc'
GPU_NUM: 4
CUDA_VISIBLE_DEVICES: 2,3,4,5
srun: job 152130 queued and waiting for resources
srun: job 152130 has been allocated resources
SC0: 0.007526 s, REAL_BD 0.000475 GB/s, SIZE 0.000001 GB, comm_vol 0.000004 GB
SC0: 0.007319 s, REAL_BD 0.000977 GB/s, SIZE 0.000002 GB, comm_vol 0.000007 GB
SC0: 0.002585 s, REAL_BD 0.005534 GB/s, SIZE 0.000004 GB, comm_vol 0.000014 GB
SC0: 0.006200 s, REAL_BD 0.004615 GB/s, SIZE 0.000008 GB, comm_vol 0.000029 GB
SC0: 0.002699 s, REAL_BD 0.021201 GB/s, SIZE 0.000015 GB, comm_vol 0.000057 GB
SC0: 0.006582 s, REAL_BD 0.017387 GB/s, SIZE 0.000031 GB, comm_vol 0.000114 GB
SC0: 0.003265 s, REAL_BD 0.070102 GB/s, SIZE 0.000061 GB, comm_vol 0.000229 GB
SC0: 0.002934 s, REAL_BD 0.156020 GB/s, SIZE 0.000122 GB, comm_vol 0.000458 GB
SC0: 0.003125 s, REAL_BD 0.292969 GB/s, SIZE 0.000244 GB, comm_vol 0.000916 GB
SC0: 0.003093 s, REAL_BD 0.592000 GB/s, SIZE 0.000488 GB, comm_vol 0.001831 GB
SC0: 0.003608 s, REAL_BD 1.014997 GB/s, SIZE 0.000977 GB, comm_vol 0.003662 GB
SC0: 0.004724 s, REAL_BD 1.550427 GB/s, SIZE 0.001953 GB, comm_vol 0.007324 GB
SC0: 0.010610 s, REAL_BD 1.380626 GB/s, SIZE 0.003906 GB, comm_vol 0.014648 GB
SC0: 0.011420 s, REAL_BD 2.565401 GB/s, SIZE 0.007812 GB, comm_vol 0.029297 GB
SC0: 0.025598 s, REAL_BD 2.288997 GB/s, SIZE 0.015625 GB, comm_vol 0.058594 GB
SC0: 0.043202 s, REAL_BD 2.712548 GB/s, SIZE 0.031250 GB, comm_vol 0.117188 GB
SC0: 0.086913 s, REAL_BD 2.696662 GB/s, SIZE 0.062500 GB, comm_vol 0.234375 GB
SC0: 0.158094 s, REAL_BD 2.965008 GB/s, SIZE 0.125000 GB, comm_vol 0.468750 GB
SC0: 0.311302 s, REAL_BD 3.011545 GB/s, SIZE 0.250000 GB, comm_vol 0.937500 GB
SC0: 0.608149 s, REAL_BD 3.083126 GB/s, SIZE 0.500000 GB, comm_vol 1.875000 GB
SC0: 1.213830 s, REAL_BD 3.089395 GB/s, SIZE 1.000000 GB, comm_vol 3.750000 GB
SC0: 2.414614 s, REAL_BD 3.106087 GB/s, SIZE 2.000000 GB, comm_vol 7.500000 GB
SC0: 4.824732 s, REAL_BD 3.108981 GB/s, SIZE 4.000000 GB, comm_vol 15.000000 GB
SC0: 9.648166 s, REAL_BD 3.109399 GB/s, SIZE 8.000000 GB, comm_vol 30.000000 GB
SC1: 0.000780 s, REAL_BD 0.004585 GB/s, SIZE 0.000001 GB, comm_vol 0.000004 GB
SC1: 0.000774 s, REAL_BD 0.009241 GB/s, SIZE 0.000002 GB, comm_vol 0.000007 GB
SC1: 0.000772 s, REAL_BD 0.018530 GB/s, SIZE 0.000004 GB, comm_vol 0.000014 GB
SC1: 0.000774 s, REAL_BD 0.036964 GB/s, SIZE 0.000008 GB, comm_vol 0.000029 GB
SC1: 0.000780 s, REAL_BD 0.073360 GB/s, SIZE 0.000015 GB, comm_vol 0.000057 GB
SC1: 0.000780 s, REAL_BD 0.146719 GB/s, SIZE 0.000031 GB, comm_vol 0.000114 GB
SC1: 0.000773 s, REAL_BD 0.296096 GB/s, SIZE 0.000061 GB, comm_vol 0.000229 GB
SC1: 0.000863 s, REAL_BD 0.530433 GB/s, SIZE 0.000122 GB, comm_vol 0.000458 GB
SC1: 0.001154 s, REAL_BD 0.793351 GB/s, SIZE 0.000244 GB, comm_vol 0.000916 GB
SC1: 0.001361 s, REAL_BD 1.345374 GB/s, SIZE 0.000488 GB, comm_vol 0.001831 GB
SC1: 0.002223 s, REAL_BD 1.647373 GB/s, SIZE 0.000977 GB, comm_vol 0.003662 GB
SC1: 0.003926 s, REAL_BD 1.865568 GB/s, SIZE 0.001953 GB, comm_vol 0.007324 GB
SC1: 0.005943 s, REAL_BD 2.464822 GB/s, SIZE 0.003906 GB, comm_vol 0.014648 GB
SC1: 0.009920 s, REAL_BD 2.953314 GB/s, SIZE 0.007812 GB, comm_vol 0.029297 GB
SC1: 0.017689 s, REAL_BD 3.312440 GB/s, SIZE 0.015625 GB, comm_vol 0.058594 GB
SC1: 0.032968 s, REAL_BD 3.554583 GB/s, SIZE 0.031250 GB, comm_vol 0.117188 GB
SC1: 0.062876 s, REAL_BD 3.727575 GB/s, SIZE 0.062500 GB, comm_vol 0.234375 GB
SC1: 0.119535 s, REAL_BD 3.921446 GB/s, SIZE 0.125000 GB, comm_vol 0.468750 GB
SC1: 0.235803 s, REAL_BD 3.975776 GB/s, SIZE 0.250000 GB, comm_vol 0.937500 GB
SC1: 0.468499 s, REAL_BD 4.002143 GB/s, SIZE 0.500000 GB, comm_vol 1.875000 GB
SC1: 0.933578 s, REAL_BD 4.016804 GB/s, SIZE 1.000000 GB, comm_vol 3.750000 GB
SC1: 1.865300 s, REAL_BD 4.020801 GB/s, SIZE 2.000000 GB, comm_vol 7.500000 GB
SC1: 3.726965 s, REAL_BD 4.024723 GB/s, SIZE 4.000000 GB, comm_vol 15.000000 GB
SC1: 7.454419 s, REAL_BD 4.024459 GB/s, SIZE 8.000000 GB, comm_vol 30.000000 GB
SC4: 0.003047 s, REAL_BD 0.001174 GB/s, SIZE 0.000001 GB, comm_vol 0.000004 GB
SC4: 0.002561 s, REAL_BD 0.002793 GB/s, SIZE 0.000002 GB, comm_vol 0.000007 GB
SC4: 0.002127 s, REAL_BD 0.006725 GB/s, SIZE 0.000004 GB, comm_vol 0.000014 GB
SC4: 0.001976 s, REAL_BD 0.014479 GB/s, SIZE 0.000008 GB, comm_vol 0.000029 GB
SC4: 0.003314 s, REAL_BD 0.017266 GB/s, SIZE 0.000015 GB, comm_vol 0.000057 GB
SC4: 0.008555 s, REAL_BD 0.013377 GB/s, SIZE 0.000031 GB, comm_vol 0.000114 GB
SC4: 0.005389 s, REAL_BD 0.042472 GB/s, SIZE 0.000061 GB, comm_vol 0.000229 GB
SC4: 0.006605 s, REAL_BD 0.069306 GB/s, SIZE 0.000122 GB, comm_vol 0.000458 GB
SC4: 0.002695 s, REAL_BD 0.339713 GB/s, SIZE 0.000244 GB, comm_vol 0.000916 GB
SC4: 0.010344 s, REAL_BD 0.177016 GB/s, SIZE 0.000488 GB, comm_vol 0.001831 GB
SC4: 0.003808 s, REAL_BD 0.961688 GB/s, SIZE 0.000977 GB, comm_vol 0.003662 GB
SC4: 0.012911 s, REAL_BD 0.567285 GB/s, SIZE 0.001953 GB, comm_vol 0.007324 GB
SC4: 0.008403 s, REAL_BD 1.743239 GB/s, SIZE 0.003906 GB, comm_vol 0.014648 GB
SC4: 0.016818 s, REAL_BD 1.741995 GB/s, SIZE 0.007812 GB, comm_vol 0.029297 GB
SC4: 0.020745 s, REAL_BD 2.824476 GB/s, SIZE 0.015625 GB, comm_vol 0.058594 GB
SC4: 0.035618 s, REAL_BD 3.290120 GB/s, SIZE 0.031250 GB, comm_vol 0.117188 GB
SC4: 0.067775 s, REAL_BD 3.458134 GB/s, SIZE 0.062500 GB, comm_vol 0.234375 GB
SC4: 0.119633 s, REAL_BD 3.918233 GB/s, SIZE 0.125000 GB, comm_vol 0.468750 GB
SC4: 0.234152 s, REAL_BD 4.003809 GB/s, SIZE 0.250000 GB, comm_vol 0.937500 GB
SC4: 0.459926 s, REAL_BD 4.076743 GB/s, SIZE 0.500000 GB, comm_vol 1.875000 GB
SC4: 0.924299 s, REAL_BD 4.057129 GB/s, SIZE 1.000000 GB, comm_vol 3.750000 GB
SC4: 1.829888 s, REAL_BD 4.098611 GB/s, SIZE 2.000000 GB, comm_vol 7.500000 GB
SC4: 3.658259 s, REAL_BD 4.100311 GB/s, SIZE 4.000000 GB, comm_vol 15.000000 GB
SC4: 7.309362 s, REAL_BD 4.104325 GB/s, SIZE 8.000000 GB, comm_vol 30.000000 GB
BRUCK: 0.002923 s, REAL_BD 0.001223 GB/s, SIZE 0.000001 GB, comm_vol 0.000004 GB
BRUCK: 0.002801 s, REAL_BD 0.002554 GB/s, SIZE 0.000002 GB, comm_vol 0.000007 GB
BRUCK: 0.002841 s, REAL_BD 0.005035 GB/s, SIZE 0.000004 GB, comm_vol 0.000014 GB
BRUCK: 0.002891 s, REAL_BD 0.009896 GB/s, SIZE 0.000008 GB, comm_vol 0.000029 GB
BRUCK: 0.002833 s, REAL_BD 0.020198 GB/s, SIZE 0.000015 GB, comm_vol 0.000057 GB
BRUCK: 0.002881 s, REAL_BD 0.039723 GB/s, SIZE 0.000031 GB, comm_vol 0.000114 GB
BRUCK: 0.002754 s, REAL_BD 0.083109 GB/s, SIZE 0.000061 GB, comm_vol 0.000229 GB
BRUCK: 0.003116 s, REAL_BD 0.146907 GB/s, SIZE 0.000122 GB, comm_vol 0.000458 GB
BRUCK: 0.003686 s, REAL_BD 0.248380 GB/s, SIZE 0.000244 GB, comm_vol 0.000916 GB
BRUCK: 0.003910 s, REAL_BD 0.468300 GB/s, SIZE 0.000488 GB, comm_vol 0.001831 GB
BRUCK: 0.004787 s, REAL_BD 0.765011 GB/s, SIZE 0.000977 GB, comm_vol 0.003662 GB
BRUCK: 0.006521 s, REAL_BD 1.123174 GB/s, SIZE 0.001953 GB, comm_vol 0.007324 GB
BRUCK: 0.010283 s, REAL_BD 1.424530 GB/s, SIZE 0.003906 GB, comm_vol 0.014648 GB
BRUCK: 0.016742 s, REAL_BD 1.749903 GB/s, SIZE 0.007812 GB, comm_vol 0.029297 GB
BRUCK: 0.030011 s, REAL_BD 1.952409 GB/s, SIZE 0.015625 GB, comm_vol 0.058594 GB
BRUCK: 0.055678 s, REAL_BD 2.104736 GB/s, SIZE 0.031250 GB, comm_vol 0.117188 GB
BRUCK: 0.107646 s, REAL_BD 2.177276 GB/s, SIZE 0.062500 GB, comm_vol 0.234375 GB
BRUCK: 0.196683 s, REAL_BD 2.383277 GB/s, SIZE 0.125000 GB, comm_vol 0.468750 GB
BRUCK: 0.386543 s, REAL_BD 2.425345 GB/s, SIZE 0.250000 GB, comm_vol 0.937500 GB
BRUCK: 0.765525 s, REAL_BD 2.449300 GB/s, SIZE 0.500000 GB, comm_vol 1.875000 GB
BRUCK: 1.526146 s, REAL_BD 2.457170 GB/s, SIZE 1.000000 GB, comm_vol 3.750000 GB
BRUCK: 3.049047 s, REAL_BD 2.459785 GB/s, SIZE 2.000000 GB, comm_vol 7.500000 GB
BRUCK: 6.088268 s, REAL_BD 2.463755 GB/s, SIZE 4.000000 GB, comm_vol 15.000000 GB
BRUCK: 12.182418 s, REAL_BD 2.462565 GB/s, SIZE 8.000000 GB, comm_vol 30.000000 GB
RD: 0.007146 s, REAL_BD 0.000500 GB/s, SIZE 0.000001 GB, comm_vol 0.000004 GB
RD: 0.005072 s, REAL_BD 0.001410 GB/s, SIZE 0.000002 GB, comm_vol 0.000007 GB
RD: 0.003442 s, REAL_BD 0.004156 GB/s, SIZE 0.000004 GB, comm_vol 0.000014 GB
RD: 0.003442 s, REAL_BD 0.008312 GB/s, SIZE 0.000008 GB, comm_vol 0.000029 GB
RD: 0.002920 s, REAL_BD 0.019596 GB/s, SIZE 0.000015 GB, comm_vol 0.000057 GB
RD: 0.002976 s, REAL_BD 0.038455 GB/s, SIZE 0.000031 GB, comm_vol 0.000114 GB
RD: 0.003038 s, REAL_BD 0.075340 GB/s, SIZE 0.000061 GB, comm_vol 0.000229 GB
RD: 0.003152 s, REAL_BD 0.145230 GB/s, SIZE 0.000122 GB, comm_vol 0.000458 GB
RD: 0.003495 s, REAL_BD 0.261953 GB/s, SIZE 0.000244 GB, comm_vol 0.000916 GB
RD: 0.003893 s, REAL_BD 0.470345 GB/s, SIZE 0.000488 GB, comm_vol 0.001831 GB
RD: 0.004799 s, REAL_BD 0.763098 GB/s, SIZE 0.000977 GB, comm_vol 0.003662 GB
RD: 0.006659 s, REAL_BD 1.099898 GB/s, SIZE 0.001953 GB, comm_vol 0.007324 GB
RD: 0.008930 s, REAL_BD 1.640363 GB/s, SIZE 0.003906 GB, comm_vol 0.014648 GB
RD: 0.014170 s, REAL_BD 2.067528 GB/s, SIZE 0.007812 GB, comm_vol 0.029297 GB
RD: 0.025562 s, REAL_BD 2.292221 GB/s, SIZE 0.015625 GB, comm_vol 0.058594 GB
RD: 0.090479 s, REAL_BD 1.295190 GB/s, SIZE 0.031250 GB, comm_vol 0.117188 GB
RD: 0.120470 s, REAL_BD 1.945505 GB/s, SIZE 0.062500 GB, comm_vol 0.234375 GB
RD: 0.199146 s, REAL_BD 2.353801 GB/s, SIZE 0.125000 GB, comm_vol 0.468750 GB
RD: 0.344024 s, REAL_BD 2.725101 GB/s, SIZE 0.250000 GB, comm_vol 0.937500 GB
RD: 0.645488 s, REAL_BD 2.904779 GB/s, SIZE 0.500000 GB, comm_vol 1.875000 GB
RD: 1.261332 s, REAL_BD 2.973048 GB/s, SIZE 1.000000 GB, comm_vol 3.750000 GB
RD: 2.489987 s, REAL_BD 3.012064 GB/s, SIZE 2.000000 GB, comm_vol 7.500000 GB
RD: 4.927714 s, REAL_BD 3.044008 GB/s, SIZE 4.000000 GB, comm_vol 15.000000 GB
RD: 9.809955 s, REAL_BD 3.058118 GB/s, SIZE 8.000000 GB, comm_vol 30.000000 GB
2DMESH: 0.009351 s, REAL_BD 0.000382 GB/s, SIZE 0.000001 GB, comm_vol 0.000004 GB
2DMESH: 0.004296 s, REAL_BD 0.001665 GB/s, SIZE 0.000002 GB, comm_vol 0.000007 GB
2DMESH: 0.008782 s, REAL_BD 0.001629 GB/s, SIZE 0.000004 GB, comm_vol 0.000014 GB
2DMESH: 0.004360 s, REAL_BD 0.006562 GB/s, SIZE 0.000008 GB, comm_vol 0.000029 GB
2DMESH: 0.009547 s, REAL_BD 0.005994 GB/s, SIZE 0.000015 GB, comm_vol 0.000057 GB
2DMESH: 0.008417 s, REAL_BD 0.013596 GB/s, SIZE 0.000031 GB, comm_vol 0.000114 GB
2DMESH: 0.005671 s, REAL_BD 0.040360 GB/s, SIZE 0.000061 GB, comm_vol 0.000229 GB
2DMESH: 0.004831 s, REAL_BD 0.094755 GB/s, SIZE 0.000122 GB, comm_vol 0.000458 GB
2DMESH: 0.006632 s, REAL_BD 0.138047 GB/s, SIZE 0.000244 GB, comm_vol 0.000916 GB
2DMESH: 0.005361 s, REAL_BD 0.341551 GB/s, SIZE 0.000488 GB, comm_vol 0.001831 GB
2DMESH: 0.009381 s, REAL_BD 0.390375 GB/s, SIZE 0.000977 GB, comm_vol 0.003662 GB
2DMESH: 0.008017 s, REAL_BD 0.913586 GB/s, SIZE 0.001953 GB, comm_vol 0.007324 GB
2DMESH: 0.010356 s, REAL_BD 1.414488 GB/s, SIZE 0.003906 GB, comm_vol 0.014648 GB
2DMESH: 0.020983 s, REAL_BD 1.396220 GB/s, SIZE 0.007812 GB, comm_vol 0.029297 GB
2DMESH: 0.025844 s, REAL_BD 2.267209 GB/s, SIZE 0.015625 GB, comm_vol 0.058594 GB
2DMESH: 0.049779 s, REAL_BD 2.354155 GB/s, SIZE 0.031250 GB, comm_vol 0.117188 GB
2DMESH: 0.081091 s, REAL_BD 2.890271 GB/s, SIZE 0.062500 GB, comm_vol 0.234375 GB
2DMESH: 0.160137 s, REAL_BD 2.927181 GB/s, SIZE 0.125000 GB, comm_vol 0.468750 GB
2DMESH: 0.307735 s, REAL_BD 3.046452 GB/s, SIZE 0.250000 GB, comm_vol 0.937500 GB
2DMESH: 0.621875 s, REAL_BD 3.015075 GB/s, SIZE 0.500000 GB, comm_vol 1.875000 GB
2DMESH: 1.211744 s, REAL_BD 3.094713 GB/s, SIZE 1.000000 GB, comm_vol 3.750000 GB
2DMESH: 2.423557 s, REAL_BD 3.094625 GB/s, SIZE 2.000000 GB, comm_vol 7.500000 GB
2DMESH: 4.832928 s, REAL_BD 3.103709 GB/s, SIZE 4.000000 GB, comm_vol 15.000000 GB
2DMESH: 9.643751 s, REAL_BD 3.110823 GB/s, SIZE 8.000000 GB, comm_vol 30.000000 GB
3DMESH: 0.010490 s, REAL_BD 0.000341 GB/s, SIZE 0.000001 GB, comm_vol 0.000004 GB
3DMESH: 0.010488 s, REAL_BD 0.000682 GB/s, SIZE 0.000002 GB, comm_vol 0.000007 GB
3DMESH: 0.010385 s, REAL_BD 0.001377 GB/s, SIZE 0.000004 GB, comm_vol 0.000014 GB
3DMESH: 0.010309 s, REAL_BD 0.002775 GB/s, SIZE 0.000008 GB, comm_vol 0.000029 GB
3DMESH: 0.010299 s, REAL_BD 0.005556 GB/s, SIZE 0.000015 GB, comm_vol 0.000057 GB
3DMESH: 0.010285 s, REAL_BD 0.011127 GB/s, SIZE 0.000031 GB, comm_vol 0.000114 GB
3DMESH: 0.010584 s, REAL_BD 0.021625 GB/s, SIZE 0.000061 GB, comm_vol 0.000229 GB
3DMESH: 0.010505 s, REAL_BD 0.043576 GB/s, SIZE 0.000122 GB, comm_vol 0.000458 GB
3DMESH: 0.010379 s, REAL_BD 0.088210 GB/s, SIZE 0.000244 GB, comm_vol 0.000916 GB
3DMESH: 0.010468 s, REAL_BD 0.174919 GB/s, SIZE 0.000488 GB, comm_vol 0.001831 GB
3DMESH: 0.011191 s, REAL_BD 0.327237 GB/s, SIZE 0.000977 GB, comm_vol 0.003662 GB
3DMESH: 0.013120 s, REAL_BD 0.558248 GB/s, SIZE 0.001953 GB, comm_vol 0.007324 GB
3DMESH: 0.015453 s, REAL_BD 0.947935 GB/s, SIZE 0.003906 GB, comm_vol 0.014648 GB
3DMESH: 0.021608 s, REAL_BD 1.355835 GB/s, SIZE 0.007812 GB, comm_vol 0.029297 GB
3DMESH: 0.033489 s, REAL_BD 1.749642 GB/s, SIZE 0.015625 GB, comm_vol 0.058594 GB
3DMESH: 0.060305 s, REAL_BD 1.943247 GB/s, SIZE 0.031250 GB, comm_vol 0.117188 GB
3DMESH: 0.113940 s, REAL_BD 2.057004 GB/s, SIZE 0.062500 GB, comm_vol 0.234375 GB
3DMESH: 0.184807 s, REAL_BD 2.536430 GB/s, SIZE 0.125000 GB, comm_vol 0.468750 GB
3DMESH: 0.359339 s, REAL_BD 2.608957 GB/s, SIZE 0.250000 GB, comm_vol 0.937500 GB
3DMESH: 0.709548 s, REAL_BD 2.642527 GB/s, SIZE 0.500000 GB, comm_vol 1.875000 GB
3DMESH: 1.415452 s, REAL_BD 2.649330 GB/s, SIZE 1.000000 GB, comm_vol 3.750000 GB
3DMESH: 2.830223 s, REAL_BD 2.649968 GB/s, SIZE 2.000000 GB, comm_vol 7.500000 GB
3DMESH: 5.666010 s, REAL_BD 2.647366 GB/s, SIZE 4.000000 GB, comm_vol 15.000000 GB
3DMESH: 11.335709 s, REAL_BD 2.646504 GB/s, SIZE 8.000000 GB, comm_vol 30.000000 GB
