BACKEND: NCCL
CP_FILE_NAME: small
NNODES: 2
NGPU_PER_NODE: 8
+ GPU_NUM=16
+++ which mpirun
++ dirname /home/zhaijidong/yhy/.local/openmpi/bin/mpirun
+ mpirun --prefix /home/zhaijidong/yhy/.local/openmpi/bin/../ -x LD_LIBRARY_PATH -x NCCL_DEBUG=WARN -np 16 --host g4005:8,g4007:8,g4008:8 ./csrc/build/conflict_allinone 16 NCCL ./scripts/configs/small_16.json
--------------------------------------------------------------------------
WARNING: There was an error initializing an OpenFabrics device.

  Local host:   g4005
  Local device: mlx5_0
--------------------------------------------------------------------------
NCCL version 2.21.5+cuda11.8
[mngg001:3006662] 15 more processes have sent help message help-mpi-btl-openib.txt / error in device init
[mngg001:3006662] Set MCA parameter "orte_base_help_aggregate" to 0 to see all help / error messages
[[0,1]]
time 0.006541 s, REAL_BD 229.322734 GB/s, SIZE 524288.000000 KB, comm_vol 1572864.000000 KB
time 0.025341 s, REAL_BD 236.770451 GB/s, SIZE 2097152.000000 KB, comm_vol 6291456.000000 KB
[[0,1],[1,0]]
time 0.007324 s, REAL_BD 409.612234 GB/s, SIZE 524288.000000 KB, comm_vol 3145728.000000 KB
time 0.028725 s, REAL_BD 417.754569 GB/s, SIZE 2097152.000000 KB, comm_vol 12582912.000000 KB
[[0,8]]
time 0.081365 s, REAL_BD 18.435445 GB/s, SIZE 524288.000000 KB, comm_vol 1572864.000000 KB
time 0.321436 s, REAL_BD 18.666235 GB/s, SIZE 2097152.000000 KB, comm_vol 6291456.000000 KB
[[0,8],[8,0]]
time 0.155216 s, REAL_BD 19.327904 GB/s, SIZE 524288.000000 KB, comm_vol 3145728.000000 KB
time 0.619542 s, REAL_BD 19.369147 GB/s, SIZE 2097152.000000 KB, comm_vol 12582912.000000 KB
[[0,15],[15,0]]
time 0.173802 s, REAL_BD 17.261021 GB/s, SIZE 524288.000000 KB, comm_vol 3145728.000000 KB
time 0.694191 s, REAL_BD 17.286309 GB/s, SIZE 2097152.000000 KB, comm_vol 12582912.000000 KB
[[0,8],[0,15]]
time 0.140928 s, REAL_BD 21.287466 GB/s, SIZE 524288.000000 KB, comm_vol 3145728.000000 KB
time 0.565551 s, REAL_BD 21.218246 GB/s, SIZE 2097152.000000 KB, comm_vol 12582912.000000 KB
[[0,8],[0,15],[8,0],[15,0]]
time 0.276590 s, REAL_BD 21.692758 GB/s, SIZE 524288.000000 KB, comm_vol 6291456.000000 KB
time 1.111518 s, REAL_BD 21.592093 GB/s, SIZE 2097152.000000 KB, comm_vol 25165824.000000 KB
[[7,8],[15,0]]
time 0.085652 s, REAL_BD 35.025452 GB/s, SIZE 524288.000000 KB, comm_vol 3145728.000000 KB
time 0.340838 s, REAL_BD 35.207342 GB/s, SIZE 2097152.000000 KB, comm_vol 12582912.000000 KB
[[0,8],[2,10]]
time 0.131290 s, REAL_BD 22.850179 GB/s, SIZE 524288.000000 KB, comm_vol 3145728.000000 KB
time 0.525677 s, REAL_BD 22.827706 GB/s, SIZE 2097152.000000 KB, comm_vol 12582912.000000 KB
[[0,8],[8,0],[2,10],[10,2]]
time 0.222611 s, REAL_BD 26.952846 GB/s, SIZE 524288.000000 KB, comm_vol 6291456.000000 KB
time 0.890266 s, REAL_BD 26.958235 GB/s, SIZE 2097152.000000 KB, comm_vol 25165824.000000 KB
[[0,8],[4,12]]
time 0.084785 s, REAL_BD 35.383617 GB/s, SIZE 524288.000000 KB, comm_vol 3145728.000000 KB
time 0.337318 s, REAL_BD 35.574740 GB/s, SIZE 2097152.000000 KB, comm_vol 12582912.000000 KB
[[0,8],[8,0],[4,12],[12,4]]
time 0.167043 s, REAL_BD 35.918895 GB/s, SIZE 524288.000000 KB, comm_vol 6291456.000000 KB
time 0.671008 s, REAL_BD 35.767085 GB/s, SIZE 2097152.000000 KB, comm_vol 25165824.000000 KB
[[0,8],[2,10],[4,12],[6,14]]
time 0.131456 s, REAL_BD 45.642648 GB/s, SIZE 524288.000000 KB, comm_vol 6291456.000000 KB
time 0.527101 s, REAL_BD 45.532071 GB/s, SIZE 2097152.000000 KB, comm_vol 25165824.000000 KB
[[0,8],[8,0],[2,10],[10,2],[4,12],[12,4],[6,14],[14,6]]
time 0.232824 s, REAL_BD 51.541078 GB/s, SIZE 524288.000000 KB, comm_vol 12582912.000000 KB
time 0.930705 s, REAL_BD 51.573807 GB/s, SIZE 2097152.000000 KB, comm_vol 50331648.000000 KB
[[0,8],[1,9],[2,10],[3,11],[4,12],[5,13],[6,14],[7,15]]
time 0.265286 s, REAL_BD 45.234200 GB/s, SIZE 524288.000000 KB, comm_vol 12582912.000000 KB
time 1.060967 s, REAL_BD 45.241746 GB/s, SIZE 2097152.000000 KB, comm_vol 50331648.000000 KB
[[0,8],[1,9],[2,10],[3,11],[4,12],[5,13],[6,14],[7,15],[8,0],[9,1],[10,2],[11,3],[12,4],[13,5],[14,6],[15,7]]
time 0.477648 s, REAL_BD 50.246206 GB/s, SIZE 524288.000000 KB, comm_vol 25165824.000000 KB
time 1.906188 s, REAL_BD 50.362294 GB/s, SIZE 2097152.000000 KB, comm_vol 100663296.000000 KB
