BACKEND: NCCL
CP_FILE_NAME: small
NNODES: 2
NGPU_PER_NODE: 8
+++ which mpirun
++ dirname /home/zhaijidong/yhy/.local/openmpi-cuda/bin/mpirun
+ mpirun --prefix /home/zhaijidong/yhy/.local/openmpi-cuda/bin/../ -x LD_LIBRARY_PATH -x NCCL_DEBUG -x NCCL_NET_GDR_LEVEL -x NCCL_DEBUG_SUBSYS -x NCCL_IB_DISABLE -np 16 --host g3021:8,g3022:8 --map-by ppr:4:numa --bind-to core --report-bindings ./csrc/build/conflict_allinone 16 NCCL ./scripts/configs/small_16.json
[g3022:3669886] MCW rank 10 bound to socket 0[core 2[hwt 0-1]]: [../../BB/../../../../../../../../../../../../../../../../../../../../../../../../../../../../..][../../../../../../../../../../../../../../../../../../../../../../../../../../../../../../../..]
[g3022:3669886] MCW rank 11 bound to socket 0[core 3[hwt 0-1]]: [../../../BB/../../../../../../../../../../../../../../../../../../../../../../../../../../../..][../../../../../../../../../../../../../../../../../../../../../../../../../../../../../../../..]
[g3022:3669886] MCW rank 12 bound to socket 1[core 32[hwt 0-1]]: [../../../../../../../../../../../../../../../../../../../../../../../../../../../../../../../..][BB/../../../../../../../../../../../../../../../../../../../../../../../../../../../../../../..]
[g3022:3669886] MCW rank 13 bound to socket 1[core 33[hwt 0-1]]: [../../../../../../../../../../../../../../../../../../../../../../../../../../../../../../../..][../BB/../../../../../../../../../../../../../../../../../../../../../../../../../../../../../..]
[g3022:3669886] MCW rank 14 bound to socket 1[core 34[hwt 0-1]]: [../../../../../../../../../../../../../../../../../../../../../../../../../../../../../../../..][../../BB/../../../../../../../../../../../../../../../../../../../../../../../../../../../../..]
[g3022:3669886] MCW rank 15 bound to socket 1[core 35[hwt 0-1]]: [../../../../../../../../../../../../../../../../../../../../../../../../../../../../../../../..][../../../BB/../../../../../../../../../../../../../../../../../../../../../../../../../../../..]
[g3022:3669886] MCW rank 8 bound to socket 0[core 0[hwt 0-1]]: [BB/../../../../../../../../../../../../../../../../../../../../../../../../../../../../../../..][../../../../../../../../../../../../../../../../../../../../../../../../../../../../../../../..]
[g3022:3669886] MCW rank 9 bound to socket 0[core 1[hwt 0-1]]: [../BB/../../../../../../../../../../../../../../../../../../../../../../../../../../../../../..][../../../../../../../../../../../../../../../../../../../../../../../../../../../../../../../..]
[g3021:321618] MCW rank 0 bound to socket 0[core 0[hwt 0-1]]: [BB/../../../../../../../../../../../../../../../../../../../../../../../../../../../../../../..][../../../../../../../../../../../../../../../../../../../../../../../../../../../../../../../..]
[g3021:321618] MCW rank 1 bound to socket 0[core 1[hwt 0-1]]: [../BB/../../../../../../../../../../../../../../../../../../../../../../../../../../../../../..][../../../../../../../../../../../../../../../../../../../../../../../../../../../../../../../..]
[g3021:321618] MCW rank 2 bound to socket 0[core 2[hwt 0-1]]: [../../BB/../../../../../../../../../../../../../../../../../../../../../../../../../../../../..][../../../../../../../../../../../../../../../../../../../../../../../../../../../../../../../..]
[g3021:321618] MCW rank 3 bound to socket 0[core 3[hwt 0-1]]: [../../../BB/../../../../../../../../../../../../../../../../../../../../../../../../../../../..][../../../../../../../../../../../../../../../../../../../../../../../../../../../../../../../..]
[g3021:321618] MCW rank 4 bound to socket 1[core 32[hwt 0-1]]: [../../../../../../../../../../../../../../../../../../../../../../../../../../../../../../../..][BB/../../../../../../../../../../../../../../../../../../../../../../../../../../../../../../..]
[g3021:321618] MCW rank 5 bound to socket 1[core 33[hwt 0-1]]: [../../../../../../../../../../../../../../../../../../../../../../../../../../../../../../../..][../BB/../../../../../../../../../../../../../../../../../../../../../../../../../../../../../..]
[g3021:321618] MCW rank 6 bound to socket 1[core 34[hwt 0-1]]: [../../../../../../../../../../../../../../../../../../../../../../../../../../../../../../../..][../../BB/../../../../../../../../../../../../../../../../../../../../../../../../../../../../..]
[g3021:321618] MCW rank 7 bound to socket 1[core 35[hwt 0-1]]: [../../../../../../../../../../../../../../../../../../../../../../../../../../../../../../../..][../../../BB/../../../../../../../../../../../../../../../../../../../../../../../../../../../..]
--------------------------------------------------------------------------
WARNING: There was an error initializing an OpenFabrics device.

  Local host:   g3021
  Local device: mlx5_0
--------------------------------------------------------------------------
NCCL version 2.18.5+cuda11.8
[mngg001:1228040] 15 more processes have sent help message help-mpi-btl-openib.txt / error in device init
[mngg001:1228040] Set MCA parameter "orte_base_help_aggregate" to 0 to see all help / error messages
[[0,1]]
time 0.021653 s, REAL_BD 230.914885 GB/s, SIZE 524288.000000 KB, comm_vol 5242880.000000 KB
time 0.084323 s, REAL_BD 237.183212 GB/s, SIZE 2097152.000000 KB, comm_vol 20971520.000000 KB
[[0,1],[1,0]]
time 0.023787 s, REAL_BD 420.397696 GB/s, SIZE 524288.000000 KB, comm_vol 10485760.000000 KB
time 0.092025 s, REAL_BD 434.664493 GB/s, SIZE 2097152.000000 KB, comm_vol 41943040.000000 KB
[[0,8]]
time 0.396675 s, REAL_BD 12.604777 GB/s, SIZE 524288.000000 KB, comm_vol 5242880.000000 KB
time 1.509720 s, REAL_BD 13.247490 GB/s, SIZE 2097152.000000 KB, comm_vol 20971520.000000 KB
[[0,8],[8,0]]
time 0.583887 s, REAL_BD 17.126602 GB/s, SIZE 524288.000000 KB, comm_vol 10485760.000000 KB
time 2.333463 s, REAL_BD 17.141905 GB/s, SIZE 2097152.000000 KB, comm_vol 41943040.000000 KB
[[0,15],[15,0]]
time 0.584478 s, REAL_BD 17.109284 GB/s, SIZE 524288.000000 KB, comm_vol 10485760.000000 KB
time 2.268741 s, REAL_BD 17.630924 GB/s, SIZE 2097152.000000 KB, comm_vol 41943040.000000 KB
[[0,8],[0,15]]
time 0.532758 s, REAL_BD 18.770248 GB/s, SIZE 524288.000000 KB, comm_vol 10485760.000000 KB
time 2.146268 s, REAL_BD 18.637002 GB/s, SIZE 2097152.000000 KB, comm_vol 41943040.000000 KB
[[0,8],[0,15],[8,0],[15,0]]
time 0.933191 s, REAL_BD 21.431840 GB/s, SIZE 524288.000000 KB, comm_vol 20971520.000000 KB
time 3.713440 s, REAL_BD 21.543367 GB/s, SIZE 2097152.000000 KB, comm_vol 83886080.000000 KB
[[7,8],[15,0]]
time 0.386721 s, REAL_BD 25.858435 GB/s, SIZE 524288.000000 KB, comm_vol 10485760.000000 KB
time 1.568365 s, REAL_BD 25.504267 GB/s, SIZE 2097152.000000 KB, comm_vol 41943040.000000 KB
[[0,8],[2,10]]
time 0.628613 s, REAL_BD 15.908039 GB/s, SIZE 524288.000000 KB, comm_vol 10485760.000000 KB
time 2.518964 s, REAL_BD 15.879544 GB/s, SIZE 2097152.000000 KB, comm_vol 41943040.000000 KB
[[0,8],[8,0],[2,10],[10,2]]
time 0.904279 s, REAL_BD 22.117068 GB/s, SIZE 524288.000000 KB, comm_vol 20971520.000000 KB
time 3.555794 s, REAL_BD 22.498491 GB/s, SIZE 2097152.000000 KB, comm_vol 83886080.000000 KB
[[0,8],[4,12]]
time 0.351357 s, REAL_BD 28.461081 GB/s, SIZE 524288.000000 KB, comm_vol 10485760.000000 KB
time 1.560747 s, REAL_BD 25.628753 GB/s, SIZE 2097152.000000 KB, comm_vol 41943040.000000 KB
[[0,8],[8,0],[4,12],[12,4]]
time 0.586783 s, REAL_BD 34.084150 GB/s, SIZE 524288.000000 KB, comm_vol 20971520.000000 KB
time 2.301747 s, REAL_BD 34.756209 GB/s, SIZE 2097152.000000 KB, comm_vol 83886080.000000 KB
[[0,8],[2,10],[4,12],[6,14]]
time 0.598087 s, REAL_BD 33.439951 GB/s, SIZE 524288.000000 KB, comm_vol 20971520.000000 KB
time 2.431268 s, REAL_BD 32.904641 GB/s, SIZE 2097152.000000 KB, comm_vol 83886080.000000 KB
[[0,8],[8,0],[2,10],[10,2],[4,12],[12,4],[6,14],[14,6]]
time 0.877606 s, REAL_BD 45.578540 GB/s, SIZE 524288.000000 KB, comm_vol 41943040.000000 KB
time 3.584772 s, REAL_BD 44.633243 GB/s, SIZE 2097152.000000 KB, comm_vol 167772160.000000 KB
[[0,8],[1,9],[2,10],[3,11],[4,12],[5,13],[6,14],[7,15]]
time 0.699185 s, REAL_BD 57.209465 GB/s, SIZE 524288.000000 KB, comm_vol 41943040.000000 KB
time 2.926887 s, REAL_BD 54.665588 GB/s, SIZE 2097152.000000 KB, comm_vol 167772160.000000 KB
[[0,8],[1,9],[2,10],[3,11],[4,12],[5,13],[6,14],[7,15],[8,0],[9,1],[10,2],[11,3],[12,4],[13,5],[14,6],[15,7]]
time 1.131107 s, REAL_BD 70.727173 GB/s, SIZE 524288.000000 KB, comm_vol 83886080.000000 KB
time 4.467095 s, REAL_BD 71.634922 GB/s, SIZE 2097152.000000 KB, comm_vol 335544320.000000 KB
+ set +x
