BACKEND: NCCL
CP_FILE_NAME: small
NNODES: 2
NGPU_PER_NODE: 8
+++ which mpirun
++ dirname /home/zhaijidong/yhy/.local/openmpi/bin/mpirun
+ mpirun --prefix /home/zhaijidong/yhy/.local/openmpi/bin/../ -x LD_LIBRARY_PATH -x NCCL_DEBUG=WARN -x NCCL_NET_GDR_READ -x NCCL_P2P_LEVEL -x NCCL_IB_PCI_RELAXED_ORDERING -np 16 --host g4007:8,g4008:8 ./csrc/build/conflict_allinone 16 NCCL ./scripts/configs/small_16.json
--------------------------------------------------------------------------
WARNING: There was an error initializing an OpenFabrics device.

  Local host:   g4008
  Local device: mlx5_0
--------------------------------------------------------------------------
NCCL version 2.18.5+cuda11.8
[mngg001:835701] 15 more processes have sent help message help-mpi-btl-openib.txt / error in device init
[mngg001:835701] Set MCA parameter "orte_base_help_aggregate" to 0 to see all help / error messages
[[0,1]]
time 0.021162 s, REAL_BD 70.881769 GB/s, SIZE 524288.000000 KB, comm_vol 1572864.000000 KB
time 0.062094 s, REAL_BD 96.627693 GB/s, SIZE 2097152.000000 KB, comm_vol 6291456.000000 KB
[[0,1],[1,0]]
time 0.021865 s, REAL_BD 137.205580 GB/s, SIZE 524288.000000 KB, comm_vol 3145728.000000 KB
time 0.064786 s, REAL_BD 185.225203 GB/s, SIZE 2097152.000000 KB, comm_vol 12582912.000000 KB
[[0,8]]
time 0.160963 s, REAL_BD 9.318912 GB/s, SIZE 524288.000000 KB, comm_vol 1572864.000000 KB
time 0.640628 s, REAL_BD 9.365810 GB/s, SIZE 2097152.000000 KB, comm_vol 6291456.000000 KB
[[0,8],[8,0]]
time 0.318790 s, REAL_BD 9.410584 GB/s, SIZE 524288.000000 KB, comm_vol 3145728.000000 KB
time 1.249410 s, REAL_BD 9.604533 GB/s, SIZE 2097152.000000 KB, comm_vol 12582912.000000 KB
[[0,15],[15,0]]
time 0.312357 s, REAL_BD 9.604395 GB/s, SIZE 524288.000000 KB, comm_vol 3145728.000000 KB
time 1.267609 s, REAL_BD 9.466642 GB/s, SIZE 2097152.000000 KB, comm_vol 12582912.000000 KB
[[0,8],[0,15]]
time 0.295244 s, REAL_BD 10.161087 GB/s, SIZE 524288.000000 KB, comm_vol 3145728.000000 KB
time 1.129199 s, REAL_BD 10.627002 GB/s, SIZE 2097152.000000 KB, comm_vol 12582912.000000 KB
[[0,8],[0,15],[8,0],[15,0]]
time 0.616472 s, REAL_BD 9.732802 GB/s, SIZE 524288.000000 KB, comm_vol 6291456.000000 KB
