HOST: g1003,g1004
CP_FILE_NAME: small
HOST: g1003,g1004
CUDA_VISIBLE_DEVICES: 
GPU_NUM: 16
PROC_NUM: 16
NNODES: 2
NTASK_PER_NODE: 8
+ srun -p align -N 2 --ntasks-per-node 8 --gres=gpu:8 --mem 256G -K -w g1003,g1004 -c 14 ./scripts/executor.sh python conflict_bench.py --backend NCCL --config ./scripts/configs/small_16.json
NCCL version 2.18.6+cuda11.8
[INFO]: Cluster init done !!!
[[0, 1]]
SIZE 16 MB, REAL_BD 52.268 GB/s, time 0.0032 s, comm_vol 167.772 MB
SIZE 64 MB, REAL_BD 210.166 GB/s, time 0.0032 s, comm_vol 671.089 MB
SIZE 256 MB, REAL_BD 242.729 GB/s, time 0.0111 s, comm_vol 2.684 GB
SIZE 1 GB, REAL_BD 255.809 GB/s, time 0.042 s, comm_vol 10.737 GB
[[0, 1], [1, 0]]
SIZE 16 MB, REAL_BD 130.228 GB/s, time 0.0026 s, comm_vol 335.544 MB
SIZE 64 MB, REAL_BD 204.627 GB/s, time 0.0066 s, comm_vol 1.342 GB
SIZE 256 MB, REAL_BD 236.84 GB/s, time 0.0227 s, comm_vol 5.369 GB
SIZE 1 GB, REAL_BD 253.287 GB/s, time 0.0848 s, comm_vol 21.475 GB
[[0, 8]]
SIZE 16 MB, REAL_BD 20.282 GB/s, time 0.0083 s, comm_vol 167.772 MB
SIZE 64 MB, REAL_BD 21.034 GB/s, time 0.0319 s, comm_vol 671.089 MB
SIZE 256 MB, REAL_BD 20.932 GB/s, time 0.1282 s, comm_vol 2.684 GB
SIZE 1 GB, REAL_BD 18.034 GB/s, time 0.5954 s, comm_vol 10.737 GB
[[0, 8], [8, 0]]
SIZE 16 MB, REAL_BD 18.858 GB/s, time 0.0178 s, comm_vol 335.544 MB
SIZE 64 MB, REAL_BD 20.69 GB/s, time 0.0649 s, comm_vol 1.342 GB
SIZE 256 MB, REAL_BD 20.942 GB/s, time 0.2564 s, comm_vol 5.369 GB
SIZE 1 GB, REAL_BD 19.112 GB/s, time 1.1236 s, comm_vol 21.475 GB
[[0, 15], [15, 0]]
SIZE 16 MB, REAL_BD 19.143 GB/s, time 0.0175 s, comm_vol 335.544 MB
SIZE 64 MB, REAL_BD 20.003 GB/s, time 0.0671 s, comm_vol 1.342 GB
SIZE 256 MB, REAL_BD 20.265 GB/s, time 0.2649 s, comm_vol 5.369 GB
SIZE 1 GB, REAL_BD 17.408 GB/s, time 1.2336 s, comm_vol 21.475 GB
[[0, 8], [0, 15]]
SIZE 16 MB, REAL_BD 23.688 GB/s, time 0.0142 s, comm_vol 335.544 MB
SIZE 64 MB, REAL_BD 24.806 GB/s, time 0.0541 s, comm_vol 1.342 GB
SIZE 256 MB, REAL_BD 16.84 GB/s, time 0.3188 s, comm_vol 5.369 GB
SIZE 1 GB, REAL_BD 21.642 GB/s, time 0.9923 s, comm_vol 21.475 GB
[[0, 8], [0, 15], [8, 0], [15, 0]]
SIZE 16 MB, REAL_BD 23.525 GB/s, time 0.0285 s, comm_vol 671.089 MB
SIZE 64 MB, REAL_BD 23.512 GB/s, time 0.1142 s, comm_vol 2.684 GB
SIZE 256 MB, REAL_BD 18.869 GB/s, time 0.569 s, comm_vol 10.737 GB
SIZE 1 GB, REAL_BD 22.164 GB/s, time 1.9378 s, comm_vol 42.95 GB
[[7, 8], [15, 0]]
NCCL version 2.18.6+cuda11.8
SIZE 16 MB, REAL_BD 39.96 GB/s, time 0.0084 s, comm_vol 335.544 MB
SIZE 64 MB, REAL_BD 41.539 GB/s, time 0.0323 s, comm_vol 1.342 GB
SIZE 256 MB, REAL_BD 41.939 GB/s, time 0.128 s, comm_vol 5.369 GB
SIZE 1 GB, REAL_BD 41.183 GB/s, time 0.5215 s, comm_vol 21.475 GB
[[0, 8], [2, 10]]
NCCL version 2.18.6+cuda11.8
SIZE 16 MB, REAL_BD 38.322 GB/s, time 0.0088 s, comm_vol 335.544 MB
SIZE 64 MB, REAL_BD 40.015 GB/s, time 0.0335 s, comm_vol 1.342 GB
SIZE 256 MB, REAL_BD 40.47 GB/s, time 0.1327 s, comm_vol 5.369 GB
SIZE 1 GB, REAL_BD 39.415 GB/s, time 0.5448 s, comm_vol 21.475 GB
[[0, 8], [8, 0], [2, 10], [10, 2]]
SIZE 16 MB, REAL_BD 34.063 GB/s, time 0.0197 s, comm_vol 671.089 MB
SIZE 64 MB, REAL_BD 37.263 GB/s, time 0.072 s, comm_vol 2.684 GB
SIZE 256 MB, REAL_BD 38.092 GB/s, time 0.2819 s, comm_vol 10.737 GB
SIZE 1 GB, REAL_BD 37.954 GB/s, time 1.1316 s, comm_vol 42.95 GB
[[0, 8], [4, 12]]
NCCL version 2.18.6+cuda11.8
SIZE 16 MB, REAL_BD 36.177 GB/s, time 0.0093 s, comm_vol 335.544 MB
SIZE 64 MB, REAL_BD 38.166 GB/s, time 0.0352 s, comm_vol 1.342 GB
SIZE 256 MB, REAL_BD 6.447 GB/s, time 0.8328 s, comm_vol 5.369 GB
SIZE 1 GB, REAL_BD 38.023 GB/s, time 0.5648 s, comm_vol 21.475 GB
[[0, 8], [8, 0], [4, 12], [12, 4]]
SIZE 16 MB, REAL_BD 36.216 GB/s, time 0.0185 s, comm_vol 671.089 MB
SIZE 64 MB, REAL_BD 10.905 GB/s, time 0.2462 s, comm_vol 2.684 GB
SIZE 256 MB, REAL_BD 38.454 GB/s, time 0.2792 s, comm_vol 10.737 GB
SIZE 1 GB, REAL_BD 38.413 GB/s, time 1.1181 s, comm_vol 42.95 GB
[[0, 8], [2, 10], [4, 12], [6, 14]]
NCCL version 2.18.6+cuda11.8
SIZE 16 MB, REAL_BD 63.49 GB/s, time 0.0106 s, comm_vol 671.089 MB
SIZE 64 MB, REAL_BD 65.632 GB/s, time 0.0409 s, comm_vol 2.684 GB
SIZE 256 MB, REAL_BD 39.334 GB/s, time 0.273 s, comm_vol 10.737 GB
SIZE 1 GB, REAL_BD 66.894 GB/s, time 0.6421 s, comm_vol 42.95 GB
[[0, 8], [8, 0], [2, 10], [10, 2], [4, 12], [12, 4], [6, 14], [14, 6]]
SIZE 16 MB, REAL_BD 26.11 GB/s, time 0.0514 s, comm_vol 1.342 GB
SIZE 64 MB, REAL_BD 21.166 GB/s, time 0.2536 s, comm_vol 5.369 GB
SIZE 256 MB, REAL_BD 63.152 GB/s, time 0.34 s, comm_vol 21.475 GB
SIZE 1 GB, REAL_BD 60.932 GB/s, time 1.4098 s, comm_vol 85.899 GB
[[0, 8], [1, 9], [2, 10], [3, 11], [4, 12], [5, 13], [6, 14], [7, 15]]
NCCL version 2.18.6+cuda11.8
NCCL version 2.18.6+cuda11.8
NCCL version 2.18.6+cuda11.8
SIZE 16 MB, REAL_BD 64.25 GB/s, time 0.0209 s, comm_vol 1.342 GB
SIZE 64 MB, REAL_BD 66.556 GB/s, time 0.0807 s, comm_vol 5.369 GB
SIZE 256 MB, REAL_BD 63.719 GB/s, time 0.337 s, comm_vol 21.475 GB
SIZE 1 GB, REAL_BD 55.669 GB/s, time 1.543 s, comm_vol 85.899 GB
[[0, 8], [1, 9], [2, 10], [3, 11], [4, 12], [5, 13], [6, 14], [7, 15], [8, 0], [9, 1], [10, 2], [11, 3], [12, 4], [13, 5], [14, 6], [15, 7]]
SIZE 16 MB, REAL_BD 64.465 GB/s, time 0.0416 s, comm_vol 2.684 GB
SIZE 64 MB, REAL_BD 66.962 GB/s, time 0.1604 s, comm_vol 10.737 GB
SIZE 256 MB, REAL_BD 55.763 GB/s, time 0.7702 s, comm_vol 42.95 GB
SIZE 1 GB, REAL_BD 64.045 GB/s, time 2.6825 s, comm_vol 171.799 GB
+ set +x
