HOST: g4005
CP_FILE_NAME: small
HOST: g4005
CUDA_VISIBLE_DEVICES: 
GPU_NUM: 8
PROC_NUM: 8
NNODES: 1
NTASK_PER_NODE: 8
MASTER_ADDR: g3021
+++ which mpirun
++ dirname /home/zhaijidong/yhy/.local/openmpi-cuda-ucx-gdrcopy/bin/mpirun
+ mpirun --prefix /home/zhaijidong/yhy/.local/openmpi-cuda-ucx-gdrcopy/bin/../ -x MASTER_ADDR -x MASTER_PORT -x PATH -x LD_LIBRARY_PATH -x NCCL_DEBUG -x NCCL_NET_GDR_LEVEL -x NCCL_DEBUG_SUBSYS -x NCCL_IB_DISABLE -np 32 --host g3021:8,g3022:8,g3023:8,g3024:8 --map-by ppr:4:numa --bind-to core --report-bindings python conflict_bench.py --backend NCCL --config ./scripts/configs/small_32.json
NCCL version 2.18.6+cuda11.8
[INFO]: Cluster init done !!!
[[0, 8]]
SIZE 16 MB, REAL_BD 11.337 GB/s, time 0.0296 s, comm_vol 335.544 MB
SIZE 64 MB, REAL_BD 10.551 GB/s, time 0.1272 s, comm_vol 1.342 GB
SIZE 256 MB, REAL_BD 13.605 GB/s, time 0.3946 s, comm_vol 5.369 GB
SIZE 1 GB, REAL_BD 15.792 GB/s, time 1.3599 s, comm_vol 21.475 GB
[[0, 8], [8, 16]]
SIZE 16 MB, REAL_BD 29.249 GB/s, time 0.0229 s, comm_vol 671.089 MB
SIZE 64 MB, REAL_BD 37.96 GB/s, time 0.0707 s, comm_vol 2.684 GB
SIZE 256 MB, REAL_BD 24.662 GB/s, time 0.4354 s, comm_vol 10.737 GB
SIZE 1 GB, REAL_BD 25.846 GB/s, time 1.6617 s, comm_vol 42.95 GB
[[0, 8], [8, 16], [16, 24]]
SIZE 16 MB, REAL_BD 26.373 GB/s, time 0.0382 s, comm_vol 1.007 GB
SIZE 64 MB, REAL_BD 45.594 GB/s, time 0.0883 s, comm_vol 4.027 GB
SIZE 256 MB, REAL_BD 33.897 GB/s, time 0.4751 s, comm_vol 16.106 GB
SIZE 1 GB, REAL_BD 36.016 GB/s, time 1.7888 s, comm_vol 64.425 GB
[[0, 8], [8, 16], [16, 24], [24, 0]]
SIZE 16 MB, REAL_BD 49.387 GB/s, time 0.0272 s, comm_vol 1.342 GB
SIZE 64 MB, REAL_BD 54.155 GB/s, time 0.0991 s, comm_vol 5.369 GB
SIZE 256 MB, REAL_BD 44.002 GB/s, time 0.488 s, comm_vol 21.475 GB
SIZE 1 GB, REAL_BD 44.146 GB/s, time 1.9458 s, comm_vol 85.899 GB
[[0, 8], [8, 16], [16, 24], [24, 0], [2, 10], [10, 18], [18, 26], [26, 2]]
SIZE 16 MB, REAL_BD 56.577 GB/s, time 0.0474 s, comm_vol 2.684 GB
SIZE 64 MB, REAL_BD 68.872 GB/s, time 0.1559 s, comm_vol 10.737 GB
SIZE 256 MB, REAL_BD 90.964 GB/s, time 0.4722 s, comm_vol 42.95 GB
SIZE 1 GB, REAL_BD 86.514 GB/s, time 1.9858 s, comm_vol 171.799 GB
[[0, 8], [8, 16], [16, 24], [24, 0], [4, 12], [12, 20], [20, 28], [28, 4]]
SIZE 16 MB, REAL_BD 66.998 GB/s, time 0.0401 s, comm_vol 2.684 GB
SIZE 64 MB, REAL_BD 82.214 GB/s, time 0.1306 s, comm_vol 10.737 GB
SIZE 256 MB, REAL_BD 86.81 GB/s, time 0.4948 s, comm_vol 42.95 GB
SIZE 1 GB, REAL_BD 87.986 GB/s, time 1.9526 s, comm_vol 171.799 GB
[[0, 8], [8, 16], [16, 24], [24, 0], [2, 10], [10, 18], [18, 26], [26, 0], [4, 12], [12, 20], [20, 28], [28, 4], [6, 14], [14, 22], [22, 30], [30, 6]]
SIZE 16 MB, REAL_BD 133.594 GB/s, time 0.0402 s, comm_vol 5.369 GB
SIZE 64 MB, REAL_BD 99.406 GB/s, time 0.216 s, comm_vol 21.475 GB
SIZE 256 MB, REAL_BD 112.922 GB/s, time 0.7607 s, comm_vol 85.899 GB
SIZE 1 GB, REAL_BD 112.259 GB/s, time 3.0607 s, comm_vol 343.597 GB
[[0, 8], [8, 16], [16, 24], [24, 0], [2, 10], [10, 18], [18, 26], [26, 0], [4, 12], [12, 20], [20, 28], [28, 4], [6, 14], [14, 22], [22, 30], [30, 6], [1, 9], [9, 17], [17, 25], [25, 1], [3, 11], [11, 19], [19, 27], [27, 3], [5, 13], [13, 21], [21, 29], [29, 5], [7, 15], [15, 23], [23, 31], [31, 7]]
SIZE 16 MB, REAL_BD 160.567 GB/s, time 0.0669 s, comm_vol 10.737 GB
SIZE 64 MB, REAL_BD 169.356 GB/s, time 0.2536 s, comm_vol 42.95 GB
SIZE 256 MB, REAL_BD 167.946 GB/s, time 1.0229 s, comm_vol 171.799 GB
SIZE 1 GB, REAL_BD 167.444 GB/s, time 4.104 s, comm_vol 687.195 GB
+ set +x
