HOST: g1003
CP_FILE_NAME: small
HOST: g1003
CUDA_VISIBLE_DEVICES: 
GPU_NUM: 8
PROC_NUM: 8
NNODES: 1
NTASK_PER_NODE: 8
+ srun -p align -N 1 --ntasks-per-node 8 --gres=gpu:8 --mem 256G -K -w g1003 -c 14 ./scripts/executor.sh python conflict_bench.py --backend NCCL --config ./scripts/configs/small_8.json
srun: job 3157 queued and waiting for resources
srun: job 3157 has been allocated resources
cpu-bind=MASK - g1003, task  0  0 [771882]: mask 0x7f0000000000007f set
cpu-bind=MASK - g1003, task  1  1 [771883]: mask 0x7f0000000000007f0000000 set
cpu-bind=MASK - g1003, task  2  2 [771884]: mask 0x3f8000000000003f80 set
cpu-bind=MASK - g1003, task  3  3 [771885]: mask 0x3f8000000000003f800000000 set
cpu-bind=MASK - g1003, task  4  4 [771886]: mask 0x1fc000000000001fc000 set
cpu-bind=MASK - g1003, task  5  5 [771887]: mask 0x1fc000000000001fc0000000000 set
cpu-bind=MASK - g1003, task  6  6 [771888]: mask 0xfe000000000000fe00000 set
cpu-bind=MASK - g1003, task  7  7 [771889]: mask 0xfe000000000000fe000000000000 set
NCCL version 2.18.6+cuda11.8
[INFO]: Cluster init done !!!
[[0, 1]]
[W ProcessGroupNCCL.cpp:1856] Warning: 0NCCL_AVOID_RECORD_STREAMS=1 has no effect for point-to-point collectives. (function operator())
[W ProcessGroupNCCL.cpp:1856] Warning: 0NCCL_AVOID_RECORD_STREAMS=1 has no effect for point-to-point collectives. (function operator())
SIZE 16 MB, REAL_BD 161.656 GB/s, time 0.001 s, comm_vol 167.772 MB
SIZE 64 MB, REAL_BD 209.665 GB/s, time 0.0032 s, comm_vol 671.089 MB
SIZE 256 MB, REAL_BD 241.999 GB/s, time 0.0111 s, comm_vol 2.684 GB
SIZE 1 GB, REAL_BD 254.991 GB/s, time 0.0421 s, comm_vol 10.737 GB
[[0, 1], [1, 0]]
[W ProcessGroupNCCL.cpp:1856] Warning: 0NCCL_AVOID_RECORD_STREAMS=1 has no effect for point-to-point collectives. (function operator())
[W ProcessGroupNCCL.cpp:1856] Warning: 0NCCL_AVOID_RECORD_STREAMS=1 has no effect for point-to-point collectives. (function operator())
SIZE 16 MB, REAL_BD 136.07 GB/s, time 0.0025 s, comm_vol 335.544 MB
SIZE 64 MB, REAL_BD 211.04 GB/s, time 0.0064 s, comm_vol 1.342 GB
SIZE 256 MB, REAL_BD 242.262 GB/s, time 0.0222 s, comm_vol 5.369 GB
SIZE 1 GB, REAL_BD 253.135 GB/s, time 0.0848 s, comm_vol 21.475 GB
[[0, 2]]
[W ProcessGroupNCCL.cpp:1856] Warning: 0NCCL_AVOID_RECORD_STREAMS=1 has no effect for point-to-point collectives. (function operator())
SIZE 16 MB, REAL_BD 170.302 GB/s, time 0.001 s, comm_vol 167.772 MB
SIZE 64 MB, REAL_BD 224.964 GB/s, time 0.003 s, comm_vol 671.089 MB
SIZE 256 MB, REAL_BD 249.352 GB/s, time 0.0108 s, comm_vol 2.684 GB
SIZE 1 GB, REAL_BD 258.148 GB/s, time 0.0416 s, comm_vol 10.737 GB
[[0, 2], [2, 0]]
[W ProcessGroupNCCL.cpp:1856] Warning: 0NCCL_AVOID_RECORD_STREAMS=1 has no effect for point-to-point collectives. (function operator())
SIZE 16 MB, REAL_BD 143.011 GB/s, time 0.0023 s, comm_vol 335.544 MB
SIZE 64 MB, REAL_BD 215.384 GB/s, time 0.0062 s, comm_vol 1.342 GB
SIZE 256 MB, REAL_BD 247.614 GB/s, time 0.0217 s, comm_vol 5.369 GB
SIZE 1 GB, REAL_BD 255.31 GB/s, time 0.0841 s, comm_vol 21.475 GB
[[0, 4]]
[W ProcessGroupNCCL.cpp:1856] Warning: 0NCCL_AVOID_RECORD_STREAMS=1 has no effect for point-to-point collectives. (function operator())
SIZE 16 MB, REAL_BD 170.384 GB/s, time 0.001 s, comm_vol 167.772 MB
SIZE 64 MB, REAL_BD 224.964 GB/s, time 0.003 s, comm_vol 671.089 MB
SIZE 256 MB, REAL_BD 248.056 GB/s, time 0.0108 s, comm_vol 2.684 GB
SIZE 1 GB, REAL_BD 256.825 GB/s, time 0.0418 s, comm_vol 10.737 GB
[[4, 6]]
[W ProcessGroupNCCL.cpp:1856] Warning: 0NCCL_AVOID_RECORD_STREAMS=1 has no effect for point-to-point collectives. (function operator())
[W ProcessGroupNCCL.cpp:1856] Warning: 0NCCL_AVOID_RECORD_STREAMS=1 has no effect for point-to-point collectives. (function operator())
NCCL version 2.18.6+cuda11.8
SIZE 16 MB, REAL_BD 167.266 GB/s, time 0.001 s, comm_vol 167.772 MB
SIZE 64 MB, REAL_BD 224.301 GB/s, time 0.003 s, comm_vol 671.089 MB
SIZE 256 MB, REAL_BD 250.283 GB/s, time 0.0107 s, comm_vol 2.684 GB
SIZE 1 GB, REAL_BD 258.116 GB/s, time 0.0416 s, comm_vol 10.737 GB
[[0, 1], [1, 2], [2, 0]]
NCCL version 2.18.6+cuda11.8
SIZE 16 MB, REAL_BD 324.18 GB/s, time 0.0016 s, comm_vol 503.316 MB
SIZE 64 MB, REAL_BD 528.228 GB/s, time 0.0038 s, comm_vol 2.013 GB
SIZE 256 MB, REAL_BD 609.748 GB/s, time 0.0132 s, comm_vol 8.053 GB
SIZE 1 GB, REAL_BD 654.114 GB/s, time 0.0492 s, comm_vol 32.212 GB
[[0, 1], [1, 2], [2, 3], [3, 0]]
[W ProcessGroupNCCL.cpp:1856] Warning: 0NCCL_AVOID_RECORD_STREAMS=1 has no effect for point-to-point collectives. (function operator())
NCCL version 2.18.6+cuda11.8
[W ProcessGroupNCCL.cpp:1856] Warning: 0NCCL_AVOID_RECORD_STREAMS=1 has no effect for point-to-point collectives. (function operator())
SIZE 16 MB, REAL_BD 380.32 GB/s, time 0.0018 s, comm_vol 671.089 MB
SIZE 64 MB, REAL_BD 711.155 GB/s, time 0.0038 s, comm_vol 2.684 GB
SIZE 256 MB, REAL_BD 817.989 GB/s, time 0.0131 s, comm_vol 10.737 GB
SIZE 1 GB, REAL_BD 894.543 GB/s, time 0.048 s, comm_vol 42.95 GB
[[0, 1], [1, 2], [2, 3], [3, 4], [4, 5], [5, 0]]
[W ProcessGroupNCCL.cpp:1856] Warning: 0NCCL_AVOID_RECORD_STREAMS=1 has no effect for point-to-point collectives. (function operator())
NCCL version 2.18.6+cuda11.8
[W ProcessGroupNCCL.cpp:1856] Warning: 0NCCL_AVOID_RECORD_STREAMS=1 has no effect for point-to-point collectives. (function operator())
SIZE 16 MB, REAL_BD 661.568 GB/s, time 0.0015 s, comm_vol 1.007 GB
SIZE 64 MB, REAL_BD 1.008 TB/s, time 0.004 s, comm_vol 4.027 GB
SIZE 256 MB, REAL_BD 1.119 TB/s, time 0.0144 s, comm_vol 16.106 GB
SIZE 1 GB, REAL_BD 1.248 TB/s, time 0.0516 s, comm_vol 64.425 GB
[[0, 1], [1, 2], [2, 3], [3, 4], [4, 5], [5, 6], [6, 7], [7, 0]]
[W ProcessGroupNCCL.cpp:1856] Warning: 0NCCL_AVOID_RECORD_STREAMS=1 has no effect for point-to-point collectives. (function operator())
NCCL version 2.18.6+cuda11.8
[W ProcessGroupNCCL.cpp:1856] Warning: 0NCCL_AVOID_RECORD_STREAMS=1 has no effect for point-to-point collectives. (function operator())
NCCL version 2.18.6+cuda11.8
[W ProcessGroupNCCL.cpp:1856] Warning: 0NCCL_AVOID_RECORD_STREAMS=1 has no effect for point-to-point collectives. (function operator())
SIZE 16 MB, REAL_BD 899.568 GB/s, time 0.0015 s, comm_vol 1.342 GB
SIZE 64 MB, REAL_BD 1.339 TB/s, time 0.004 s, comm_vol 5.369 GB
SIZE 256 MB, REAL_BD 1.476 TB/s, time 0.0145 s, comm_vol 21.475 GB
SIZE 1 GB, REAL_BD 1.654 TB/s, time 0.0519 s, comm_vol 85.899 GB
