PARTITION: gpu4-low
HOST: None
GPU_NUM: 64
MASTER_ADDR: g3021
+++ which mpirun
++ dirname /home/zhaijidong/yhy/.local/openmpi-cuda-ucx-gdrcopy/bin/mpirun
+ mpirun --prefix /home/zhaijidong/yhy/.local/openmpi-cuda-ucx-gdrcopy/bin/../ -x MASTER_ADDR -x MASTER_PORT -x PATH -x LD_LIBRARY_PATH -x NCCL_DEBUG -x NCCL_NET_GDR_LEVEL -x NCCL_DEBUG_SUBSYS -x NCCL_IB_DISABLE -np 16 --host g3021:8,g3022:8 --map-by ppr:4:numa --bind-to core --report-bindings python coll_comm_bench.py --output ./prof_data/coll_comm_bench_64_None.json
[g3021:359379] MCW rank 2 bound to socket 0[core 2[hwt 0-1]]: [../../BB/../../../../../../../../../../../../../../../../../../../../../../../../../../../../..][../../../../../../../../../../../../../../../../../../../../../../../../../../../../../../../..]
[g3021:359379] MCW rank 3 bound to socket 0[core 3[hwt 0-1]]: [../../../BB/../../../../../../../../../../../../../../../../../../../../../../../../../../../..][../../../../../../../../../../../../../../../../../../../../../../../../../../../../../../../..]
[g3021:359379] MCW rank 4 bound to socket 1[core 32[hwt 0-1]]: [../../../../../../../../../../../../../../../../../../../../../../../../../../../../../../../..][BB/../../../../../../../../../../../../../../../../../../../../../../../../../../../../../../..]
[g3021:359379] MCW rank 5 bound to socket 1[core 33[hwt 0-1]]: [../../../../../../../../../../../../../../../../../../../../../../../../../../../../../../../..][../BB/../../../../../../../../../../../../../../../../../../../../../../../../../../../../../..]
[g3021:359379] MCW rank 6 bound to socket 1[core 34[hwt 0-1]]: [../../../../../../../../../../../../../../../../../../../../../../../../../../../../../../../..][../../BB/../../../../../../../../../../../../../../../../../../../../../../../../../../../../..]
[g3021:359379] MCW rank 7 bound to socket 1[core 35[hwt 0-1]]: [../../../../../../../../../../../../../../../../../../../../../../../../../../../../../../../..][../../../BB/../../../../../../../../../../../../../../../../../../../../../../../../../../../..]
[g3021:359379] MCW rank 0 bound to socket 0[core 0[hwt 0-1]]: [BB/../../../../../../../../../../../../../../../../../../../../../../../../../../../../../../..][../../../../../../../../../../../../../../../../../../../../../../../../../../../../../../../..]
[g3021:359379] MCW rank 1 bound to socket 0[core 1[hwt 0-1]]: [../BB/../../../../../../../../../../../../../../../../../../../../../../../../../../../../../..][../../../../../../../../../../../../../../../../../../../../../../../../../../../../../../../..]
[g3022:3720107] MCW rank 10 bound to socket 0[core 2[hwt 0-1]]: [../../BB/../../../../../../../../../../../../../../../../../../../../../../../../../../../../..][../../../../../../../../../../../../../../../../../../../../../../../../../../../../../../../..]
[g3022:3720107] MCW rank 11 bound to socket 0[core 3[hwt 0-1]]: [../../../BB/../../../../../../../../../../../../../../../../../../../../../../../../../../../..][../../../../../../../../../../../../../../../../../../../../../../../../../../../../../../../..]
[g3022:3720107] MCW rank 12 bound to socket 1[core 32[hwt 0-1]]: [../../../../../../../../../../../../../../../../../../../../../../../../../../../../../../../..][BB/../../../../../../../../../../../../../../../../../../../../../../../../../../../../../../..]
[g3022:3720107] MCW rank 13 bound to socket 1[core 33[hwt 0-1]]: [../../../../../../../../../../../../../../../../../../../../../../../../../../../../../../../..][../BB/../../../../../../../../../../../../../../../../../../../../../../../../../../../../../..]
[g3022:3720107] MCW rank 14 bound to socket 1[core 34[hwt 0-1]]: [../../../../../../../../../../../../../../../../../../../../../../../../../../../../../../../..][../../BB/../../../../../../../../../../../../../../../../../../../../../../../../../../../../..]
[g3022:3720107] MCW rank 15 bound to socket 1[core 35[hwt 0-1]]: [../../../../../../../../../../../../../../../../../../../../../../../../../../../../../../../..][../../../BB/../../../../../../../../../../../../../../../../../../../../../../../../../../../..]
[g3022:3720107] MCW rank 8 bound to socket 0[core 0[hwt 0-1]]: [BB/../../../../../../../../../../../../../../../../../../../../../../../../../../../../../../..][../../../../../../../../../../../../../../../../../../../../../../../../../../../../../../../..]
[g3022:3720107] MCW rank 9 bound to socket 0[core 1[hwt 0-1]]: [../BB/../../../../../../../../../../../../../../../../../../../../../../../../../../../../../..][../../../../../../../../../../../../../../../../../../../../../../../../../../../../../../../..]
NCCL version 2.18.6+cuda11.8
[INFO]: Cluster init done !!!
COLL_COMM: allgather
msg_size: 16 MB, t_d: 0.1636 s, t_d/r: 0.0082, tput: 32.812 GB/s, busbw: 30.761 GB/s
msg_size: 64 MB, t_d: 0.6279 s, t_d/r: 0.0314, tput: 34.204 GB/s, busbw: 32.066 GB/s
msg_size: 256 MB, t_d: 2.4545 s, t_d/r: 0.1227, tput: 34.997 GB/s, busbw: 32.81 GB/s
msg_size: 1 GB, t_d: 9.7829 s, t_d/r: 0.4891, tput: 35.122 GB/s, busbw: 32.927 GB/s
COLL_COMM: reducescatter
msg_size: 16 MB, t_d: 0.1796 s, t_d/r: 0.009, tput: 29.899 GB/s, busbw: 28.031 GB/s
msg_size: 64 MB, t_d: 0.6232 s, t_d/r: 0.0312, tput: 34.461 GB/s, busbw: 32.308 GB/s
msg_size: 256 MB, t_d: 2.5429 s, t_d/r: 0.1271, tput: 33.78 GB/s, busbw: 31.668 GB/s
msg_size: 1 GB, t_d: 10.1417 s, t_d/r: 0.5071, tput: 33.88 GB/s, busbw: 31.762 GB/s
COLL_COMM: allreduce
msg_size: 16 MB, t_d: 0.302 s, t_d/r: 0.0151, tput: 35.552 GB/s, busbw: 33.33 GB/s
msg_size: 64 MB, t_d: 1.1078 s, t_d/r: 0.0554, tput: 38.77 GB/s, busbw: 36.347 GB/s
msg_size: 256 MB, t_d: 4.393 s, t_d/r: 0.2197, tput: 39.107 GB/s, busbw: 36.663 GB/s
msg_size: 1 GB, t_d: 17.7382 s, t_d/r: 0.8869, tput: 38.741 GB/s, busbw: 36.32 GB/s
+ set +x
