-+-[0000:00]-+-00.0  Intel Corporation Sky Lake-E DMI3 Registers
 |           +-04.0  Intel Corporation Sky Lake-E CBDMA Registers
 |           +-04.1  Intel Corporation Sky Lake-E CBDMA Registers
 |           +-04.2  Intel Corporation Sky Lake-E CBDMA Registers
 |           +-04.3  Intel Corporation Sky Lake-E CBDMA Registers
 |           +-04.4  Intel Corporation Sky Lake-E CBDMA Registers
 |           +-04.5  Intel Corporation Sky Lake-E CBDMA Registers
 |           +-04.6  Intel Corporation Sky Lake-E CBDMA Registers
 |           +-04.7  Intel Corporation Sky Lake-E CBDMA Registers
 |           +-05.0  Intel Corporation Sky Lake-E MM/Vt-d Configuration Registers
 |           +-05.2  Intel Corporation Sky Lake-E RAS
 |           +-05.4  Intel Corporation Sky Lake-E IOAPIC
 |           +-08.0  Intel Corporation Sky Lake-E Ubox Registers
 |           +-08.1  Intel Corporation Sky Lake-E Ubox Registers
 |           +-08.2  Intel Corporation Sky Lake-E Ubox Registers
 |           +-11.0  Intel Corporation C620 Series Chipset Family MROM 0
 |           +-11.1  Intel Corporation C620 Series Chipset Family MROM 1
 |           +-11.5  Intel Corporation C620 Series Chipset Family SSATA Controller [AHCI mode]
 |           +-14.0  Intel Corporation C620 Series Chipset Family USB 3.0 xHCI Controller
 |           +-14.2  Intel Corporation C620 Series Chipset Family Thermal Subsystem
 |           +-16.0  Intel Corporation C620 Series Chipset Family MEI Controller #1
 |           +-16.1  Intel Corporation C620 Series Chipset Family MEI Controller #2
 |           +-16.4  Intel Corporation C620 Series Chipset Family MEI Controller #3
 |           +-17.0  Intel Corporation C620 Series Chipset Family SATA Controller [AHCI mode]
 |           +-1c.0-[01]--
 |           +-1c.5-[02-03]----00.0-[03]----00.0  ASPEED Technology, Inc. ASPEED Graphics Family
 |           +-1f.0  Intel Corporation C622 Series Chipset LPC/eSPI Controller
 |           +-1f.2  Intel Corporation C620 Series Chipset Family Power Management Controller
 |           +-1f.4  Intel Corporation C620 Series Chipset Family SMBus
 |           \-1f.5  Intel Corporation C620 Series Chipset Family SPI Controller
 +-[0000:17]-+-00.0-[18-1b]----00.0-[19-1b]--+-08.0-[1a]----00.0  NVIDIA Corporation GV100GL [Tesla V100 PCIe 32GB]
 |           |                               \-10.0-[1b]----00.0  NVIDIA Corporation GV100GL [Tesla V100 PCIe 32GB]
 |           +-05.0  Intel Corporation Sky Lake-E VT-d
 |           +-05.2  Intel Corporation Sky Lake-E RAS Configuration Registers
 |           +-05.4  Intel Corporation Sky Lake-E IOxAPIC Configuration Registers
 |           +-08.0  Intel Corporation Sky Lake-E CHA Registers
 |           +-08.1  Intel Corporation Sky Lake-E CHA Registers
 |           +-08.2  Intel Corporation Sky Lake-E CHA Registers
 |           +-08.3  Intel Corporation Sky Lake-E CHA Registers
 |           +-08.4  Intel Corporation Sky Lake-E CHA Registers
 |           +-08.5  Intel Corporation Sky Lake-E CHA Registers
 |           +-08.6  Intel Corporation Sky Lake-E CHA Registers
 |           +-08.7  Intel Corporation Sky Lake-E CHA Registers
 |           +-09.0  Intel Corporation Sky Lake-E CHA Registers
 |           +-09.1  Intel Corporation Sky Lake-E CHA Registers
 |           +-09.2  Intel Corporation Sky Lake-E CHA Registers
 |           +-09.3  Intel Corporation Sky Lake-E CHA Registers
 |           +-09.4  Intel Corporation Sky Lake-E CHA Registers
 |           +-09.5  Intel Corporation Sky Lake-E CHA Registers
 |           +-09.6  Intel Corporation Sky Lake-E CHA Registers
 |           +-09.7  Intel Corporation Sky Lake-E CHA Registers
 |           +-0a.0  Intel Corporation Sky Lake-E CHA Registers
 |           +-0a.1  Intel Corporation Sky Lake-E CHA Registers
 |           +-0a.2  Intel Corporation Sky Lake-E CHA Registers
 |           +-0a.3  Intel Corporation Sky Lake-E CHA Registers
 |           +-0a.4  Intel Corporation Sky Lake-E CHA Registers
 |           +-0a.5  Intel Corporation Sky Lake-E CHA Registers
 |           +-0a.6  Intel Corporation Sky Lake-E CHA Registers
 |           +-0a.7  Intel Corporation Sky Lake-E CHA Registers
 |           +-0b.0  Intel Corporation Sky Lake-E CHA Registers
 |           +-0b.1  Intel Corporation Sky Lake-E CHA Registers
 |           +-0b.2  Intel Corporation Sky Lake-E CHA Registers
 |           +-0b.3  Intel Corporation Sky Lake-E CHA Registers
 |           +-0e.0  Intel Corporation Sky Lake-E CHA Registers
 |           +-0e.1  Intel Corporation Sky Lake-E CHA Registers
 |           +-0e.2  Intel Corporation Sky Lake-E CHA Registers
 |           +-0e.3  Intel Corporation Sky Lake-E CHA Registers
 |           +-0e.4  Intel Corporation Sky Lake-E CHA Registers
 |           +-0e.5  Intel Corporation Sky Lake-E CHA Registers
 |           +-0e.6  Intel Corporation Sky Lake-E CHA Registers
 |           +-0e.7  Intel Corporation Sky Lake-E CHA Registers
 |           +-0f.0  Intel Corporation Sky Lake-E CHA Registers
 |           +-0f.1  Intel Corporation Sky Lake-E CHA Registers
 |           +-0f.2  Intel Corporation Sky Lake-E CHA Registers
 |           +-0f.3  Intel Corporation Sky Lake-E CHA Registers
 |           +-0f.4  Intel Corporation Sky Lake-E CHA Registers
 |           +-0f.5  Intel Corporation Sky Lake-E CHA Registers
 |           +-0f.6  Intel Corporation Sky Lake-E CHA Registers
 |           +-0f.7  Intel Corporation Sky Lake-E CHA Registers
 |           +-10.0  Intel Corporation Sky Lake-E CHA Registers
 |           +-10.1  Intel Corporation Sky Lake-E CHA Registers
 |           +-10.2  Intel Corporation Sky Lake-E CHA Registers
 |           +-10.3  Intel Corporation Sky Lake-E CHA Registers
 |           +-10.4  Intel Corporation Sky Lake-E CHA Registers
 |           +-10.5  Intel Corporation Sky Lake-E CHA Registers
 |           +-10.6  Intel Corporation Sky Lake-E CHA Registers
 |           +-10.7  Intel Corporation Sky Lake-E CHA Registers
 |           +-11.0  Intel Corporation Sky Lake-E CHA Registers
 |           +-11.1  Intel Corporation Sky Lake-E CHA Registers
 |           +-11.2  Intel Corporation Sky Lake-E CHA Registers
 |           +-11.3  Intel Corporation Sky Lake-E CHA Registers
 |           +-1d.0  Intel Corporation Sky Lake-E CHA Registers
 |           +-1d.1  Intel Corporation Sky Lake-E CHA Registers
 |           +-1d.2  Intel Corporation Sky Lake-E CHA Registers
 |           +-1d.3  Intel Corporation Sky Lake-E CHA Registers
 |           +-1e.0  Intel Corporation Sky Lake-E PCU Registers
 |           +-1e.1  Intel Corporation Sky Lake-E PCU Registers
 |           +-1e.2  Intel Corporation Sky Lake-E PCU Registers
 |           +-1e.3  Intel Corporation Sky Lake-E PCU Registers
 |           +-1e.4  Intel Corporation Sky Lake-E PCU Registers
 |           +-1e.5  Intel Corporation Sky Lake-E PCU Registers
 |           \-1e.6  Intel Corporation Sky Lake-E PCU Registers
 +-[0000:3a]-+-00.0-[3b-3e]----00.0-[3c-3e]--+-08.0-[3d]----00.0  NVIDIA Corporation GV100GL [Tesla V100 PCIe 32GB]
 |           |                               \-10.0-[3e]----00.0  NVIDIA Corporation GV100GL [Tesla V100 PCIe 32GB]
 |           +-05.0  Intel Corporation Sky Lake-E VT-d
 |           +-05.2  Intel Corporation Sky Lake-E RAS Configuration Registers
 |           +-05.4  Intel Corporation Sky Lake-E IOxAPIC Configuration Registers
 |           +-08.0  Intel Corporation Sky Lake-E Integrated Memory Controller
 |           +-09.0  Intel Corporation Sky Lake-E Integrated Memory Controller
 |           +-0a.0  Intel Corporation Sky Lake-E Integrated Memory Controller
 |           +-0a.1  Intel Corporation Sky Lake-E Integrated Memory Controller
 |           +-0a.2  Intel Corporation Sky Lake-E Integrated Memory Controller
 |           +-0a.3  Intel Corporation Sky Lake-E Integrated Memory Controller
 |           +-0a.4  Intel Corporation Sky Lake-E Integrated Memory Controller
 |           +-0a.5  Intel Corporation Sky Lake-E LM Channel 1
 |           +-0a.6  Intel Corporation Sky Lake-E LMS Channel 1
 |           +-0a.7  Intel Corporation Sky Lake-E LMDP Channel 1
 |           +-0b.0  Intel Corporation Sky Lake-E DECS Channel 2
 |           +-0b.1  Intel Corporation Sky Lake-E LM Channel 2
 |           +-0b.2  Intel Corporation Sky Lake-E LMS Channel 2
 |           +-0b.3  Intel Corporation Sky Lake-E LMDP Channel 2
 |           +-0c.0  Intel Corporation Sky Lake-E Integrated Memory Controller
 |           +-0c.1  Intel Corporation Sky Lake-E Integrated Memory Controller
 |           +-0c.2  Intel Corporation Sky Lake-E Integrated Memory Controller
 |           +-0c.3  Intel Corporation Sky Lake-E Integrated Memory Controller
 |           +-0c.4  Intel Corporation Sky Lake-E Integrated Memory Controller
 |           +-0c.5  Intel Corporation Sky Lake-E LM Channel 1
 |           +-0c.6  Intel Corporation Sky Lake-E LMS Channel 1
 |           +-0c.7  Intel Corporation Sky Lake-E LMDP Channel 1
 |           +-0d.0  Intel Corporation Sky Lake-E DECS Channel 2
 |           +-0d.1  Intel Corporation Sky Lake-E LM Channel 2
 |           +-0d.2  Intel Corporation Sky Lake-E LMS Channel 2
 |           \-0d.3  Intel Corporation Sky Lake-E LMDP Channel 2
 +-[0000:5d]-+-00.0-[5e]----00.0  Mellanox Technologies MT27700 Family [ConnectX-4]
 |           +-02.0-[5f-61]----00.0-[60-61]----03.0-[61]--+-00.0  Intel Corporation Ethernet Connection X722 for 10GBASE-T
 |           |                                            \-00.1  Intel Corporation Ethernet Connection X722 for 10GBASE-T
 |           +-05.0  Intel Corporation Sky Lake-E VT-d
 |           +-05.2  Intel Corporation Sky Lake-E RAS Configuration Registers
 |           +-05.4  Intel Corporation Sky Lake-E IOxAPIC Configuration Registers
 |           +-0e.0  Intel Corporation Sky Lake-E KTI 0
 |           +-0e.1  Intel Corporation Sky Lake-E UPI Registers
 |           +-0f.0  Intel Corporation Sky Lake-E KTI 0
 |           +-0f.1  Intel Corporation Sky Lake-E UPI Registers
 |           +-10.0  Intel Corporation Sky Lake-E KTI 0
 |           +-10.1  Intel Corporation Sky Lake-E UPI Registers
 |           +-12.0  Intel Corporation Sky Lake-E M3KTI Registers
 |           +-12.1  Intel Corporation Sky Lake-E M3KTI Registers
 |           +-12.2  Intel Corporation Sky Lake-E M3KTI Registers
 |           +-12.4  Intel Corporation Sky Lake-E M3KTI Registers
 |           +-12.5  Intel Corporation Sky Lake-E M3KTI Registers
 |           +-15.0  Intel Corporation Sky Lake-E M2PCI Registers
 |           +-15.1  Intel Corporation Sky Lake-E DDRIO Registers
 |           +-16.0  Intel Corporation Sky Lake-E M2PCI Registers
 |           +-16.1  Intel Corporation Sky Lake-E DDRIO Registers
 |           +-16.4  Intel Corporation Sky Lake-E M2PCI Registers
 |           +-16.5  Intel Corporation Sky Lake-E DDRIO Registers
 |           +-17.0  Intel Corporation Sky Lake-E M2PCI Registers
 |           \-17.1  Intel Corporation Sky Lake-E DDRIO Registers
 +-[0000:80]-+-04.0  Intel Corporation Sky Lake-E CBDMA Registers
 |           +-04.1  Intel Corporation Sky Lake-E CBDMA Registers
 |           +-04.2  Intel Corporation Sky Lake-E CBDMA Registers
 |           +-04.3  Intel Corporation Sky Lake-E CBDMA Registers
 |           +-04.4  Intel Corporation Sky Lake-E CBDMA Registers
 |           +-04.5  Intel Corporation Sky Lake-E CBDMA Registers
 |           +-04.6  Intel Corporation Sky Lake-E CBDMA Registers
 |           +-04.7  Intel Corporation Sky Lake-E CBDMA Registers
 |           +-05.0  Intel Corporation Sky Lake-E MM/Vt-d Configuration Registers
 |           +-05.2  Intel Corporation Sky Lake-E RAS
 |           +-05.4  Intel Corporation Sky Lake-E IOAPIC
 |           +-08.0  Intel Corporation Sky Lake-E Ubox Registers
 |           +-08.1  Intel Corporation Sky Lake-E Ubox Registers
 |           \-08.2  Intel Corporation Sky Lake-E Ubox Registers
 +-[0000:85]-+-00.0-[86-89]----00.0-[87-89]--+-08.0-[88]----00.0  NVIDIA Corporation GV100GL [Tesla V100 PCIe 32GB]
 |           |                               \-10.0-[89]----00.0  NVIDIA Corporation GV100GL [Tesla V100 PCIe 32GB]
 |           +-05.0  Intel Corporation Sky Lake-E VT-d
 |           +-05.2  Intel Corporation Sky Lake-E RAS Configuration Registers
 |           +-05.4  Intel Corporation Sky Lake-E IOxAPIC Configuration Registers
 |           +-08.0  Intel Corporation Sky Lake-E CHA Registers
 |           +-08.1  Intel Corporation Sky Lake-E CHA Registers
 |           +-08.2  Intel Corporation Sky Lake-E CHA Registers
 |           +-08.3  Intel Corporation Sky Lake-E CHA Registers
 |           +-08.4  Intel Corporation Sky Lake-E CHA Registers
 |           +-08.5  Intel Corporation Sky Lake-E CHA Registers
 |           +-08.6  Intel Corporation Sky Lake-E CHA Registers
 |           +-08.7  Intel Corporation Sky Lake-E CHA Registers
 |           +-09.0  Intel Corporation Sky Lake-E CHA Registers
 |           +-09.1  Intel Corporation Sky Lake-E CHA Registers
 |           +-09.2  Intel Corporation Sky Lake-E CHA Registers
 |           +-09.3  Intel Corporation Sky Lake-E CHA Registers
 |           +-09.4  Intel Corporation Sky Lake-E CHA Registers
 |           +-09.5  Intel Corporation Sky Lake-E CHA Registers
 |           +-09.6  Intel Corporation Sky Lake-E CHA Registers
 |           +-09.7  Intel Corporation Sky Lake-E CHA Registers
 |           +-0a.0  Intel Corporation Sky Lake-E CHA Registers
 |           +-0a.1  Intel Corporation Sky Lake-E CHA Registers
 |           +-0a.2  Intel Corporation Sky Lake-E CHA Registers
 |           +-0a.3  Intel Corporation Sky Lake-E CHA Registers
 |           +-0a.4  Intel Corporation Sky Lake-E CHA Registers
 |           +-0a.5  Intel Corporation Sky Lake-E CHA Registers
 |           +-0a.6  Intel Corporation Sky Lake-E CHA Registers
 |           +-0a.7  Intel Corporation Sky Lake-E CHA Registers
 |           +-0b.0  Intel Corporation Sky Lake-E CHA Registers
 |           +-0b.1  Intel Corporation Sky Lake-E CHA Registers
 |           +-0b.2  Intel Corporation Sky Lake-E CHA Registers
 |           +-0b.3  Intel Corporation Sky Lake-E CHA Registers
 |           +-0e.0  Intel Corporation Sky Lake-E CHA Registers
 |           +-0e.1  Intel Corporation Sky Lake-E CHA Registers
 |           +-0e.2  Intel Corporation Sky Lake-E CHA Registers
 |           +-0e.3  Intel Corporation Sky Lake-E CHA Registers
 |           +-0e.4  Intel Corporation Sky Lake-E CHA Registers
 |           +-0e.5  Intel Corporation Sky Lake-E CHA Registers
 |           +-0e.6  Intel Corporation Sky Lake-E CHA Registers
 |           +-0e.7  Intel Corporation Sky Lake-E CHA Registers
 |           +-0f.0  Intel Corporation Sky Lake-E CHA Registers
 |           +-0f.1  Intel Corporation Sky Lake-E CHA Registers
 |           +-0f.2  Intel Corporation Sky Lake-E CHA Registers
 |           +-0f.3  Intel Corporation Sky Lake-E CHA Registers
 |           +-0f.4  Intel Corporation Sky Lake-E CHA Registers
 |           +-0f.5  Intel Corporation Sky Lake-E CHA Registers
 |           +-0f.6  Intel Corporation Sky Lake-E CHA Registers
 |           +-0f.7  Intel Corporation Sky Lake-E CHA Registers
 |           +-10.0  Intel Corporation Sky Lake-E CHA Registers
 |           +-10.1  Intel Corporation Sky Lake-E CHA Registers
 |           +-10.2  Intel Corporation Sky Lake-E CHA Registers
 |           +-10.3  Intel Corporation Sky Lake-E CHA Registers
 |           +-10.4  Intel Corporation Sky Lake-E CHA Registers
 |           +-10.5  Intel Corporation Sky Lake-E CHA Registers
 |           +-10.6  Intel Corporation Sky Lake-E CHA Registers
 |           +-10.7  Intel Corporation Sky Lake-E CHA Registers
 |           +-11.0  Intel Corporation Sky Lake-E CHA Registers
 |           +-11.1  Intel Corporation Sky Lake-E CHA Registers
 |           +-11.2  Intel Corporation Sky Lake-E CHA Registers
 |           +-11.3  Intel Corporation Sky Lake-E CHA Registers
 |           +-1d.0  Intel Corporation Sky Lake-E CHA Registers
 |           +-1d.1  Intel Corporation Sky Lake-E CHA Registers
 |           +-1d.2  Intel Corporation Sky Lake-E CHA Registers
 |           +-1d.3  Intel Corporation Sky Lake-E CHA Registers
 |           +-1e.0  Intel Corporation Sky Lake-E PCU Registers
 |           +-1e.1  Intel Corporation Sky Lake-E PCU Registers
 |           +-1e.2  Intel Corporation Sky Lake-E PCU Registers
 |           +-1e.3  Intel Corporation Sky Lake-E PCU Registers
 |           +-1e.4  Intel Corporation Sky Lake-E PCU Registers
 |           +-1e.5  Intel Corporation Sky Lake-E PCU Registers
 |           \-1e.6  Intel Corporation Sky Lake-E PCU Registers
 +-[0000:ae]-+-00.0-[af-b2]----00.0-[b0-b2]--+-08.0-[b1]----00.0  NVIDIA Corporation GV100GL [Tesla V100 PCIe 32GB]
 |           |                               \-10.0-[b2]----00.0  NVIDIA Corporation GV100GL [Tesla V100 PCIe 32GB]
 |           +-05.0  Intel Corporation Sky Lake-E VT-d
 |           +-05.2  Intel Corporation Sky Lake-E RAS Configuration Registers
 |           +-05.4  Intel Corporation Sky Lake-E IOxAPIC Configuration Registers
 |           +-08.0  Intel Corporation Sky Lake-E Integrated Memory Controller
 |           +-09.0  Intel Corporation Sky Lake-E Integrated Memory Controller
 |           +-0a.0  Intel Corporation Sky Lake-E Integrated Memory Controller
 |           +-0a.1  Intel Corporation Sky Lake-E Integrated Memory Controller
 |           +-0a.2  Intel Corporation Sky Lake-E Integrated Memory Controller
 |           +-0a.3  Intel Corporation Sky Lake-E Integrated Memory Controller
 |           +-0a.4  Intel Corporation Sky Lake-E Integrated Memory Controller
 |           +-0a.5  Intel Corporation Sky Lake-E LM Channel 1
 |           +-0a.6  Intel Corporation Sky Lake-E LMS Channel 1
 |           +-0a.7  Intel Corporation Sky Lake-E LMDP Channel 1
 |           +-0b.0  Intel Corporation Sky Lake-E DECS Channel 2
 |           +-0b.1  Intel Corporation Sky Lake-E LM Channel 2
 |           +-0b.2  Intel Corporation Sky Lake-E LMS Channel 2
 |           +-0b.3  Intel Corporation Sky Lake-E LMDP Channel 2
 |           +-0c.0  Intel Corporation Sky Lake-E Integrated Memory Controller
 |           +-0c.1  Intel Corporation Sky Lake-E Integrated Memory Controller
 |           +-0c.2  Intel Corporation Sky Lake-E Integrated Memory Controller
 |           +-0c.3  Intel Corporation Sky Lake-E Integrated Memory Controller
 |           +-0c.4  Intel Corporation Sky Lake-E Integrated Memory Controller
 |           +-0c.5  Intel Corporation Sky Lake-E LM Channel 1
 |           +-0c.6  Intel Corporation Sky Lake-E LMS Channel 1
 |           +-0c.7  Intel Corporation Sky Lake-E LMDP Channel 1
 |           +-0d.0  Intel Corporation Sky Lake-E DECS Channel 2
 |           +-0d.1  Intel Corporation Sky Lake-E LM Channel 2
 |           +-0d.2  Intel Corporation Sky Lake-E LMS Channel 2
 |           \-0d.3  Intel Corporation Sky Lake-E LMDP Channel 2
 \-[0000:d7]-+-00.0-[d8]--
             +-01.0-[d9]--
             +-05.0  Intel Corporation Sky Lake-E VT-d
             +-05.2  Intel Corporation Sky Lake-E RAS Configuration Registers
             +-05.4  Intel Corporation Sky Lake-E IOxAPIC Configuration Registers
             +-0e.0  Intel Corporation Sky Lake-E KTI 0
             +-0e.1  Intel Corporation Sky Lake-E UPI Registers
             +-0f.0  Intel Corporation Sky Lake-E KTI 0
             +-0f.1  Intel Corporation Sky Lake-E UPI Registers
             +-10.0  Intel Corporation Sky Lake-E KTI 0
             +-10.1  Intel Corporation Sky Lake-E UPI Registers
             +-12.0  Intel Corporation Sky Lake-E M3KTI Registers
             +-12.1  Intel Corporation Sky Lake-E M3KTI Registers
             +-12.2  Intel Corporation Sky Lake-E M3KTI Registers
             +-12.4  Intel Corporation Sky Lake-E M3KTI Registers
             +-12.5  Intel Corporation Sky Lake-E M3KTI Registers
             +-15.0  Intel Corporation Sky Lake-E M2PCI Registers
             +-15.1  Intel Corporation Sky Lake-E DDRIO Registers
             +-16.0  Intel Corporation Sky Lake-E M2PCI Registers
             +-16.1  Intel Corporation Sky Lake-E DDRIO Registers
             +-16.4  Intel Corporation Sky Lake-E M2PCI Registers
             +-16.5  Intel Corporation Sky Lake-E DDRIO Registers
             +-17.0  Intel Corporation Sky Lake-E M2PCI Registers
             \-17.1  Intel Corporation Sky Lake-E DDRIO Registers
