BACKEND: NCCL
CP_FILE_NAME: small
NNODES: 2
NGPU_PER_NODE: 8
+ srun -p Mix -N 2 --ntasks-per-node 8 --gres=gpu:8 -K -w zoltan,nico1 ./scripts/executor.sh ./csrc/build/conflict_allinone 16 NCCL ./scripts/configs/small_16.json
cpu-bind=MASK - nico1, task  0  0 [1644687]: mask 0x30f030f030f030f set
cpu-bind=MASK - nico1, task  1  1 [1644689]: mask 0x30f030f030f030f set
cpu-bind=MASK - nico1, task  2  2 [1644692]: mask 0x30f030f030f030f set
cpu-bind=MASK - nico1, task  3  3 [1644694]: mask 0x30f030f030f030f set
cpu-bind=MASK - nico1, task  4  4 [1644695]: mask 0x30f030f030f030f set
cpu-bind=MASK - nico1, task  5  5 [1644696]: mask 0x30f030f030f030f set
cpu-bind=MASK - nico1, task  6  6 [1644697]: mask 0x30f030f030f030f set
cpu-bind=MASK - nico1, task  7  7 [1644698]: mask 0x30f030f030f030f set
cpu-bind=MASK - zoltan, task  8  0 [323649]: mask 0x99c02670099c0267 set
cpu-bind=MASK - zoltan, task  9  1 [323650]: mask 0x99c02670099c0267 set
cpu-bind=MASK - zoltan, task 10  2 [323651]: mask 0x99c02670099c0267 set
cpu-bind=MASK - zoltan, task 11  3 [323652]: mask 0x99c02670099c0267 set
cpu-bind=MASK - zoltan, task 12  4 [323653]: mask 0x99c02670099c0267 set
cpu-bind=MASK - zoltan, task 13  5 [323654]: mask 0x99c02670099c0267 set
cpu-bind=MASK - zoltan, task 14  6 [323655]: mask 0x99c02670099c0267 set
cpu-bind=MASK - zoltan, task 15  7 [323656]: mask 0x99c02670099c0267 set
NCCL version 2.18.5+cuda12.0
cudaDriverVersion: 12020
comm->cudaDev: 0, flag: 0
props.ptrSupport: 7
[[0,8]]
cudaDriverVersion: 12020
comm->cudaDev: 0, flag: 0
props.ptrSupport: 7
time 10.905004 s, REAL_BD 4.585051 GB/s, SIZE 524288.000000 KB, comm_vol 52428800.000000 KB
time 43.557782 s, REAL_BD 4.591602 GB/s, SIZE 2097152.000000 KB, comm_vol 209715200.000000 KB
cudaDriverVersion: 12020
comm->cudaDev: 7, flag: 0
props.ptrSupport: 7
cudaDriverVersion: 12020
comm->cudaDev: 2, flag: 0
props.ptrSupport: 7
cudaDriverVersion: 12020
comm->cudaDev: 2, flag: 0
props.ptrSupport: 7
cudaDriverVersion: 12020
comm->cudaDev: 1, flag: 0
props.ptrSupport: 7
cudaDriverVersion: 12020
comm->cudaDev: 5, flag: 0
props.ptrSupport: 7
cudaDriverVersion: 12020
comm->cudaDev: 3, flag: 0
props.ptrSupport: 7
cudaDriverVersion: 12020
comm->cudaDev: 6, flag: 0
props.ptrSupport: 7
cudaDriverVersion: 12020
comm->cudaDev: 4, flag: 0
props.ptrSupport: 7
cudaDriverVersion: 12020
comm->cudaDev: 0, flag: 0
props.ptrSupport: 7
cudaDriverVersion: 12020
comm->cudaDev: 0, flag: 0
props.ptrSupport: 7
cudaDriverVersion: 12020
comm->cudaDev: 4, flag: 0
props.ptrSupport: 7
cudaDriverVersion: 12020
comm->cudaDev: 7, flag: 0
props.ptrSupport: 7
cudaDriverVersion: 12020
comm->cudaDev: 1, flag: 0
props.ptrSupport: 7
cudaDriverVersion: 12020
comm->cudaDev: 5, flag: 0
props.ptrSupport: 7
cudaDriverVersion: 12020
comm->cudaDev: 3, flag: 0
props.ptrSupport: 7
cudaDriverVersion: 12020
comm->cudaDev: 6, flag: 0
props.ptrSupport: 7
+ set +x
