CP_FILE_NAME: small
CUDA_VISIBLE_DEVICES: 
GPU_NUM: 8
PROC_NUM: 8
NNODES: 1
NTASK_PER_NODE: 8
COMM_MODULE: raw-nccl
++ cat /root/mpi_rack_hostfile
++ head -n 1
++ sed -s s/slots=8//g
+ mpirun -np 8 --hostfile /root/mpi_rack_hostfile --allow-run-as-root -oversubscribe -map-by ppr:8:node --bind-to numa -mca pml ob1 -mca btl '^openib' -x OMPI_MCA_btl_tcp_if_include=eth8x --output-filename results/ -x NCCL_PXN_DISABLE=0 -x NCCL_IB_GID_INDEX=3 -x NCCL_NET_GDR_LEVEL=4 -x NCCL_IB_RETRY_CNT=7 -x NCCL_IB_TIME_OUT=32 -x NCCL_IB_QPS_PER_CONNECTION=8 -x NCCL_P2P_LEVEL=NVL -x NCCL_DEBUG=VERSION -x PATH -x MASTER_ADDR=10.84.18.133 -x MASTER_PORT=20756 -x GLOO_SOCKET_IFNAME=eth8x -x NCCL_SOCKET_IFNAME=eth8x -x CUDA_DEVICE_MAX_CONNECTIONS=1 -x TORCH_NCCL_AVOID_RECORD_STREAMS=1 -x PYTORCH_CUDA_ALLOC_CONF=expandable_segments:True -x NCCL_NVLS_ENABLE=0 -x LD_LIBRARY_PATH=/usr/local/cuda/compat/lib.real:/opt/nvshmem/lib:/usr/local/lib/python3.10/dist-packages/torch/lib:/usr/local/lib/python3.10/dist-packages/torch_tensorrt/lib:/usr/local/cuda/compat/lib:/usr/local/nvidia/lib:/usr/local/nvidia/lib64:/usr/local/cuda/lib64:/usr/local/tensorrt/lib:/usr/local/cuda/lib64:/usr/local/tensorrt/lib -x CLUSTER_NAME -x PLATFORM -x TRACE_NAME ./scripts/executor.sh python conflict_bench.py --backend NCCL --config ./scripts/configs/small_8.json --comm-module raw-nccl
NCCL version 2.25.1+cuda12.2
[INFO]: Cluster init done !!!
[[0, 1]]
NCCL version 2.21.5+cuda12.6
SIZE 8192, REAL_BD 794.078 MB/s, BD/PAIR 794.078 MB/s, time 1.032e-03 s, comm_vol 819.2 KB
SIZE 16384, REAL_BD 1.796 GB/s, BD/PAIR 1.796 GB/s, time 9.124e-04 s, comm_vol 1.638 MB
SIZE 24576, REAL_BD 2.56 GB/s, BD/PAIR 2.56 GB/s, time 9.601e-04 s, comm_vol 2.458 MB
SIZE 32768, REAL_BD 3.34 GB/s, BD/PAIR 3.34 GB/s, time 9.811e-04 s, comm_vol 3.277 MB
SIZE 40960, REAL_BD 3.997 GB/s, BD/PAIR 3.997 GB/s, time 1.025e-03 s, comm_vol 4.096 MB
SIZE 49152, REAL_BD 4.745 GB/s, BD/PAIR 4.745 GB/s, time 1.036e-03 s, comm_vol 4.915 MB
SIZE 57344, REAL_BD 5.468 GB/s, BD/PAIR 5.468 GB/s, time 1.049e-03 s, comm_vol 5.734 MB
SIZE 65536, REAL_BD 6.11 GB/s, BD/PAIR 6.11 GB/s, time 1.073e-03 s, comm_vol 6.554 MB
SIZE 81920, REAL_BD 7.578 GB/s, BD/PAIR 7.578 GB/s, time 1.081e-03 s, comm_vol 8.192 MB
SIZE 98304, REAL_BD 9.07 GB/s, BD/PAIR 9.07 GB/s, time 1.084e-03 s, comm_vol 9.83 MB
SIZE 114688, REAL_BD 10.437 GB/s, BD/PAIR 10.437 GB/s, time 1.099e-03 s, comm_vol 11.469 MB
SIZE 131072, REAL_BD 12.139 GB/s, BD/PAIR 12.139 GB/s, time 1.080e-03 s, comm_vol 13.107 MB
SIZE 163840, REAL_BD 15.057 GB/s, BD/PAIR 15.057 GB/s, time 1.088e-03 s, comm_vol 16.384 MB
SIZE 196608, REAL_BD 18.092 GB/s, BD/PAIR 18.092 GB/s, time 1.087e-03 s, comm_vol 19.661 MB
SIZE 229376, REAL_BD 20.784 GB/s, BD/PAIR 20.784 GB/s, time 1.104e-03 s, comm_vol 22.938 MB
SIZE 262144, REAL_BD 23.794 GB/s, BD/PAIR 23.794 GB/s, time 1.102e-03 s, comm_vol 26.214 MB
SIZE 327680, REAL_BD 29.963 GB/s, BD/PAIR 29.963 GB/s, time 1.094e-03 s, comm_vol 32.768 MB
SIZE 393216, REAL_BD 34.846 GB/s, BD/PAIR 34.846 GB/s, time 1.128e-03 s, comm_vol 39.322 MB
SIZE 458752, REAL_BD 38.087 GB/s, BD/PAIR 38.087 GB/s, time 1.204e-03 s, comm_vol 45.875 MB
SIZE 524288, REAL_BD 42.6 GB/s, BD/PAIR 42.6 GB/s, time 1.231e-03 s, comm_vol 52.429 MB
SIZE 655360, REAL_BD 60.148 GB/s, BD/PAIR 60.148 GB/s, time 1.090e-03 s, comm_vol 65.536 MB
SIZE 786432, REAL_BD 55.587 GB/s, BD/PAIR 55.587 GB/s, time 1.415e-03 s, comm_vol 78.643 MB
SIZE 917504, REAL_BD 77.98 GB/s, BD/PAIR 77.98 GB/s, time 1.177e-03 s, comm_vol 91.75 MB
SIZE 1048576, REAL_BD 85.715 GB/s, BD/PAIR 85.715 GB/s, time 1.223e-03 s, comm_vol 104.858 MB
SIZE 1310720, REAL_BD 100.375 GB/s, BD/PAIR 100.375 GB/s, time 1.306e-03 s, comm_vol 131.072 MB
SIZE 1572864, REAL_BD 109.459 GB/s, BD/PAIR 109.459 GB/s, time 1.437e-03 s, comm_vol 157.286 MB
SIZE 1835008, REAL_BD 122.752 GB/s, BD/PAIR 122.752 GB/s, time 1.495e-03 s, comm_vol 183.501 MB
SIZE 2097152, REAL_BD 133.497 GB/s, BD/PAIR 133.497 GB/s, time 1.571e-03 s, comm_vol 209.715 MB
SIZE 2621440, REAL_BD 147.407 GB/s, BD/PAIR 147.407 GB/s, time 1.778e-03 s, comm_vol 262.144 MB
SIZE 3145728, REAL_BD 167.523 GB/s, BD/PAIR 167.523 GB/s, time 1.878e-03 s, comm_vol 314.573 MB
SIZE 3670016, REAL_BD 175.721 GB/s, BD/PAIR 175.721 GB/s, time 2.089e-03 s, comm_vol 367.002 MB
SIZE 4194304, REAL_BD 192.812 GB/s, BD/PAIR 192.812 GB/s, time 2.175e-03 s, comm_vol 419.43 MB
SIZE 5242880, REAL_BD 214.225 GB/s, BD/PAIR 214.225 GB/s, time 2.447e-03 s, comm_vol 524.288 MB
SIZE 6291456, REAL_BD 230.244 GB/s, BD/PAIR 230.244 GB/s, time 2.733e-03 s, comm_vol 629.146 MB
SIZE 7340032, REAL_BD 242.527 GB/s, BD/PAIR 242.527 GB/s, time 3.026e-03 s, comm_vol 734.003 MB
SIZE 8388608, REAL_BD 253.016 GB/s, BD/PAIR 253.016 GB/s, time 3.315e-03 s, comm_vol 838.861 MB
SIZE 10485760, REAL_BD 269.968 GB/s, BD/PAIR 269.968 GB/s, time 3.884e-03 s, comm_vol 1.049 GB
SIZE 12582912, REAL_BD 278.299 GB/s, BD/PAIR 278.299 GB/s, time 4.521e-03 s, comm_vol 1.258 GB
SIZE 14680064, REAL_BD 276.818 GB/s, BD/PAIR 276.818 GB/s, time 5.303e-03 s, comm_vol 1.468 GB
SIZE 16777216, REAL_BD 297.429 GB/s, BD/PAIR 297.429 GB/s, time 5.641e-03 s, comm_vol 1.678 GB
SIZE 20971520, REAL_BD 310.224 GB/s, BD/PAIR 310.224 GB/s, time 6.760e-03 s, comm_vol 2.097 GB
SIZE 25165824, REAL_BD 317.989 GB/s, BD/PAIR 317.989 GB/s, time 7.914e-03 s, comm_vol 2.517 GB
SIZE 29360128, REAL_BD 325.11 GB/s, BD/PAIR 325.11 GB/s, time 9.031e-03 s, comm_vol 2.936 GB
SIZE 33554432, REAL_BD 327.076 GB/s, BD/PAIR 327.076 GB/s, time 1.026e-02 s, comm_vol 3.355 GB
SIZE 41943040, REAL_BD 329.084 GB/s, BD/PAIR 329.084 GB/s, time 1.275e-02 s, comm_vol 4.194 GB
SIZE 50331648, REAL_BD 332.179 GB/s, BD/PAIR 332.179 GB/s, time 1.515e-02 s, comm_vol 5.033 GB
SIZE 58720256, REAL_BD 337.426 GB/s, BD/PAIR 337.426 GB/s, time 1.740e-02 s, comm_vol 5.872 GB
SIZE 67108864, REAL_BD 340.876 GB/s, BD/PAIR 340.876 GB/s, time 1.969e-02 s, comm_vol 6.711 GB
SIZE 83886080, REAL_BD 346.33 GB/s, BD/PAIR 346.33 GB/s, time 2.422e-02 s, comm_vol 8.389 GB
SIZE 100663296, REAL_BD 350.331 GB/s, BD/PAIR 350.331 GB/s, time 2.873e-02 s, comm_vol 10.066 GB
SIZE 117440512, REAL_BD 353.069 GB/s, BD/PAIR 353.069 GB/s, time 3.326e-02 s, comm_vol 11.744 GB
SIZE 134217728, REAL_BD 354.061 GB/s, BD/PAIR 354.061 GB/s, time 3.791e-02 s, comm_vol 13.422 GB
SIZE 167772160, REAL_BD 357.572 GB/s, BD/PAIR 357.572 GB/s, time 4.692e-02 s, comm_vol 16.777 GB
SIZE 201326592, REAL_BD 355.823 GB/s, BD/PAIR 355.823 GB/s, time 5.658e-02 s, comm_vol 20.133 GB
SIZE 234881024, REAL_BD 357.831 GB/s, BD/PAIR 357.831 GB/s, time 6.564e-02 s, comm_vol 23.488 GB
SIZE 268435456, REAL_BD 358.076 GB/s, BD/PAIR 358.076 GB/s, time 7.497e-02 s, comm_vol 26.844 GB
SIZE 335544320, REAL_BD 365.719 GB/s, BD/PAIR 365.719 GB/s, time 9.175e-02 s, comm_vol 33.554 GB
SIZE 402653184, REAL_BD 367.052 GB/s, BD/PAIR 367.052 GB/s, time 1.097e-01 s, comm_vol 40.265 GB
SIZE 469762048, REAL_BD 368.378 GB/s, BD/PAIR 368.378 GB/s, time 1.275e-01 s, comm_vol 46.976 GB
SIZE 536870912, REAL_BD 369.296 GB/s, BD/PAIR 369.296 GB/s, time 1.454e-01 s, comm_vol 53.687 GB
SIZE 671088640, REAL_BD 370.282 GB/s, BD/PAIR 370.282 GB/s, time 1.812e-01 s, comm_vol 67.109 GB
SIZE 805306368, REAL_BD 370.864 GB/s, BD/PAIR 370.864 GB/s, time 2.171e-01 s, comm_vol 80.531 GB
SIZE 939524096, REAL_BD 371.543 GB/s, BD/PAIR 371.543 GB/s, time 2.529e-01 s, comm_vol 93.952 GB
SIZE 1073741824, REAL_BD 371.963 GB/s, BD/PAIR 371.963 GB/s, time 2.887e-01 s, comm_vol 107.374 GB
[[0, 1], [1, 0]]
SIZE 8192, REAL_BD 1.308 GB/s, BD/PAIR 654.222 MB/s, time 1.252e-03 s, comm_vol 1.638 MB
SIZE 16384, REAL_BD 2.605 GB/s, BD/PAIR 1.302 GB/s, time 1.258e-03 s, comm_vol 3.277 MB
SIZE 24576, REAL_BD 3.865 GB/s, BD/PAIR 1.932 GB/s, time 1.272e-03 s, comm_vol 4.915 MB
SIZE 32768, REAL_BD 5.137 GB/s, BD/PAIR 2.568 GB/s, time 1.276e-03 s, comm_vol 6.554 MB
SIZE 40960, REAL_BD 6.465 GB/s, BD/PAIR 3.232 GB/s, time 1.267e-03 s, comm_vol 8.192 MB
SIZE 49152, REAL_BD 7.727 GB/s, BD/PAIR 3.864 GB/s, time 1.272e-03 s, comm_vol 9.83 MB
SIZE 57344, REAL_BD 8.95 GB/s, BD/PAIR 4.475 GB/s, time 1.281e-03 s, comm_vol 11.469 MB
SIZE 65536, REAL_BD 10.295 GB/s, BD/PAIR 5.148 GB/s, time 1.273e-03 s, comm_vol 13.107 MB
SIZE 81920, REAL_BD 12.398 GB/s, BD/PAIR 6.199 GB/s, time 1.322e-03 s, comm_vol 16.384 MB
SIZE 98304, REAL_BD 14.917 GB/s, BD/PAIR 7.459 GB/s, time 1.318e-03 s, comm_vol 19.661 MB
SIZE 114688, REAL_BD 17.767 GB/s, BD/PAIR 8.883 GB/s, time 1.291e-03 s, comm_vol 22.938 MB
SIZE 131072, REAL_BD 20.013 GB/s, BD/PAIR 10.006 GB/s, time 1.310e-03 s, comm_vol 26.214 MB
SIZE 163840, REAL_BD 22.732 GB/s, BD/PAIR 11.366 GB/s, time 1.441e-03 s, comm_vol 32.768 MB
SIZE 196608, REAL_BD 28.975 GB/s, BD/PAIR 14.488 GB/s, time 1.357e-03 s, comm_vol 39.322 MB
SIZE 229376, REAL_BD 33.209 GB/s, BD/PAIR 16.605 GB/s, time 1.381e-03 s, comm_vol 45.875 MB
SIZE 262144, REAL_BD 37.24 GB/s, BD/PAIR 18.62 GB/s, time 1.408e-03 s, comm_vol 52.429 MB
SIZE 327680, REAL_BD 46.221 GB/s, BD/PAIR 23.111 GB/s, time 1.418e-03 s, comm_vol 65.536 MB
SIZE 393216, REAL_BD 53.871 GB/s, BD/PAIR 26.936 GB/s, time 1.460e-03 s, comm_vol 78.643 MB
SIZE 458752, REAL_BD 61.142 GB/s, BD/PAIR 30.571 GB/s, time 1.501e-03 s, comm_vol 91.75 MB
SIZE 524288, REAL_BD 67.506 GB/s, BD/PAIR 33.753 GB/s, time 1.553e-03 s, comm_vol 104.858 MB
SIZE 655360, REAL_BD 82.163 GB/s, BD/PAIR 41.082 GB/s, time 1.595e-03 s, comm_vol 131.072 MB
SIZE 786432, REAL_BD 94.419 GB/s, BD/PAIR 47.21 GB/s, time 1.666e-03 s, comm_vol 157.286 MB
SIZE 917504, REAL_BD 105.332 GB/s, BD/PAIR 52.666 GB/s, time 1.742e-03 s, comm_vol 183.501 MB
SIZE 1048576, REAL_BD 117.8 GB/s, BD/PAIR 58.9 GB/s, time 1.780e-03 s, comm_vol 209.715 MB
SIZE 1310720, REAL_BD 161.836 GB/s, BD/PAIR 80.918 GB/s, time 1.620e-03 s, comm_vol 262.144 MB
SIZE 1572864, REAL_BD 189.816 GB/s, BD/PAIR 94.908 GB/s, time 1.657e-03 s, comm_vol 314.573 MB
SIZE 1835008, REAL_BD 209.146 GB/s, BD/PAIR 104.573 GB/s, time 1.755e-03 s, comm_vol 367.002 MB
SIZE 2097152, REAL_BD 233.442 GB/s, BD/PAIR 116.721 GB/s, time 1.797e-03 s, comm_vol 419.43 MB
SIZE 2621440, REAL_BD 271.988 GB/s, BD/PAIR 135.994 GB/s, time 1.928e-03 s, comm_vol 524.288 MB
SIZE 3145728, REAL_BD 302.965 GB/s, BD/PAIR 151.483 GB/s, time 2.077e-03 s, comm_vol 629.146 MB
SIZE 3670016, REAL_BD 311.95 GB/s, BD/PAIR 155.975 GB/s, time 2.353e-03 s, comm_vol 734.003 MB
SIZE 4194304, REAL_BD 342.061 GB/s, BD/PAIR 171.03 GB/s, time 2.452e-03 s, comm_vol 838.861 MB
SIZE 5242880, REAL_BD 382.838 GB/s, BD/PAIR 191.419 GB/s, time 2.739e-03 s, comm_vol 1.049 GB
SIZE 6291456, REAL_BD 412.897 GB/s, BD/PAIR 206.449 GB/s, time 3.047e-03 s, comm_vol 1.258 GB
SIZE 7340032, REAL_BD 440.15 GB/s, BD/PAIR 220.075 GB/s, time 3.335e-03 s, comm_vol 1.468 GB
SIZE 8388608, REAL_BD 458.877 GB/s, BD/PAIR 229.438 GB/s, time 3.656e-03 s, comm_vol 1.678 GB
SIZE 10485760, REAL_BD 480.713 GB/s, BD/PAIR 240.357 GB/s, time 4.363e-03 s, comm_vol 2.097 GB
SIZE 12582912, REAL_BD 480.88 GB/s, BD/PAIR 240.44 GB/s, time 5.233e-03 s, comm_vol 2.517 GB
SIZE 14680064, REAL_BD 533.143 GB/s, BD/PAIR 266.571 GB/s, time 5.507e-03 s, comm_vol 2.936 GB
SIZE 16777216, REAL_BD 551.89 GB/s, BD/PAIR 275.945 GB/s, time 6.080e-03 s, comm_vol 3.355 GB
SIZE 20971520, REAL_BD 561.925 GB/s, BD/PAIR 280.963 GB/s, time 7.464e-03 s, comm_vol 4.194 GB
SIZE 25165824, REAL_BD 582.893 GB/s, BD/PAIR 291.446 GB/s, time 8.635e-03 s, comm_vol 5.033 GB
SIZE 29360128, REAL_BD 580.641 GB/s, BD/PAIR 290.321 GB/s, time 1.011e-02 s, comm_vol 5.872 GB
SIZE 33554432, REAL_BD 606.496 GB/s, BD/PAIR 303.248 GB/s, time 1.107e-02 s, comm_vol 6.711 GB
SIZE 41943040, REAL_BD 616.891 GB/s, BD/PAIR 308.445 GB/s, time 1.360e-02 s, comm_vol 8.389 GB
SIZE 50331648, REAL_BD 634.935 GB/s, BD/PAIR 317.467 GB/s, time 1.585e-02 s, comm_vol 10.066 GB
SIZE 58720256, REAL_BD 648.031 GB/s, BD/PAIR 324.015 GB/s, time 1.812e-02 s, comm_vol 11.744 GB
SIZE 67108864, REAL_BD 650.741 GB/s, BD/PAIR 325.371 GB/s, time 2.063e-02 s, comm_vol 13.422 GB
SIZE 83886080, REAL_BD 661.846 GB/s, BD/PAIR 330.923 GB/s, time 2.535e-02 s, comm_vol 16.777 GB
SIZE 100663296, REAL_BD 668.19 GB/s, BD/PAIR 334.095 GB/s, time 3.013e-02 s, comm_vol 20.133 GB
SIZE 117440512, REAL_BD 675.009 GB/s, BD/PAIR 337.505 GB/s, time 3.480e-02 s, comm_vol 23.488 GB
SIZE 134217728, REAL_BD 679.342 GB/s, BD/PAIR 339.671 GB/s, time 3.951e-02 s, comm_vol 26.844 GB
SIZE 167772160, REAL_BD 685.645 GB/s, BD/PAIR 342.822 GB/s, time 4.894e-02 s, comm_vol 33.554 GB
SIZE 201326592, REAL_BD 688.13 GB/s, BD/PAIR 344.065 GB/s, time 5.851e-02 s, comm_vol 40.265 GB
SIZE 234881024, REAL_BD 689.349 GB/s, BD/PAIR 344.674 GB/s, time 6.815e-02 s, comm_vol 46.976 GB
SIZE 268435456, REAL_BD 694.483 GB/s, BD/PAIR 347.242 GB/s, time 7.731e-02 s, comm_vol 53.687 GB
SIZE 335544320, REAL_BD 717.497 GB/s, BD/PAIR 358.749 GB/s, time 9.353e-02 s, comm_vol 67.109 GB
SIZE 402653184, REAL_BD 717.771 GB/s, BD/PAIR 358.885 GB/s, time 1.122e-01 s, comm_vol 80.531 GB
SIZE 469762048, REAL_BD 723.082 GB/s, BD/PAIR 361.541 GB/s, time 1.299e-01 s, comm_vol 93.952 GB
SIZE 536870912, REAL_BD 725.31 GB/s, BD/PAIR 362.655 GB/s, time 1.480e-01 s, comm_vol 107.374 GB
SIZE 671088640, REAL_BD 728.044 GB/s, BD/PAIR 364.022 GB/s, time 1.844e-01 s, comm_vol 134.218 GB
SIZE 805306368, REAL_BD 727.869 GB/s, BD/PAIR 363.935 GB/s, time 2.213e-01 s, comm_vol 161.061 GB
SIZE 939524096, REAL_BD 729.97 GB/s, BD/PAIR 364.985 GB/s, time 2.574e-01 s, comm_vol 187.905 GB
SIZE 1073741824, REAL_BD 729.619 GB/s, BD/PAIR 364.81 GB/s, time 2.943e-01 s, comm_vol 214.748 GB
[[0, 1], [1, 2], [2, 3], [3, 0]]
NCCL version 2.21.5+cuda12.6
NCCL version 2.21.5+cuda12.6
SIZE 8192, REAL_BD 2.616 GB/s, BD/PAIR 654.097 MB/s, time 1.252e-03 s, comm_vol 3.277 MB
SIZE 16384, REAL_BD 5.258 GB/s, BD/PAIR 1.314 GB/s, time 1.246e-03 s, comm_vol 6.554 MB
SIZE 24576, REAL_BD 7.763 GB/s, BD/PAIR 1.941 GB/s, time 1.266e-03 s, comm_vol 9.83 MB
SIZE 32768, REAL_BD 10.27 GB/s, BD/PAIR 2.568 GB/s, time 1.276e-03 s, comm_vol 13.107 MB
SIZE 40960, REAL_BD 12.91 GB/s, BD/PAIR 3.227 GB/s, time 1.269e-03 s, comm_vol 16.384 MB
SIZE 49152, REAL_BD 15.463 GB/s, BD/PAIR 3.866 GB/s, time 1.271e-03 s, comm_vol 19.661 MB
SIZE 57344, REAL_BD 18.214 GB/s, BD/PAIR 4.554 GB/s, time 1.259e-03 s, comm_vol 22.938 MB
SIZE 65536, REAL_BD 20.703 GB/s, BD/PAIR 5.176 GB/s, time 1.266e-03 s, comm_vol 26.214 MB
SIZE 81920, REAL_BD 25.14 GB/s, BD/PAIR 6.285 GB/s, time 1.303e-03 s, comm_vol 32.768 MB
SIZE 98304, REAL_BD 28.798 GB/s, BD/PAIR 7.2 GB/s, time 1.365e-03 s, comm_vol 39.322 MB
SIZE 114688, REAL_BD 35.435 GB/s, BD/PAIR 8.859 GB/s, time 1.295e-03 s, comm_vol 45.875 MB
SIZE 131072, REAL_BD 40.505 GB/s, BD/PAIR 10.126 GB/s, time 1.294e-03 s, comm_vol 52.429 MB
SIZE 163840, REAL_BD 48.651 GB/s, BD/PAIR 12.163 GB/s, time 1.347e-03 s, comm_vol 65.536 MB
SIZE 196608, REAL_BD 58.032 GB/s, BD/PAIR 14.508 GB/s, time 1.355e-03 s, comm_vol 78.643 MB
SIZE 229376, REAL_BD 66.258 GB/s, BD/PAIR 16.565 GB/s, time 1.385e-03 s, comm_vol 91.75 MB
SIZE 262144, REAL_BD 76.091 GB/s, BD/PAIR 19.023 GB/s, time 1.378e-03 s, comm_vol 104.858 MB
SIZE 327680, REAL_BD 92.102 GB/s, BD/PAIR 23.025 GB/s, time 1.423e-03 s, comm_vol 131.072 MB
SIZE 393216, REAL_BD 108.025 GB/s, BD/PAIR 27.006 GB/s, time 1.456e-03 s, comm_vol 157.286 MB
SIZE 458752, REAL_BD 123.799 GB/s, BD/PAIR 30.95 GB/s, time 1.482e-03 s, comm_vol 183.501 MB
SIZE 524288, REAL_BD 136.331 GB/s, BD/PAIR 34.083 GB/s, time 1.538e-03 s, comm_vol 209.715 MB
SIZE 655360, REAL_BD 151.448 GB/s, BD/PAIR 37.862 GB/s, time 1.731e-03 s, comm_vol 262.144 MB
SIZE 786432, REAL_BD 188.326 GB/s, BD/PAIR 47.082 GB/s, time 1.670e-03 s, comm_vol 314.573 MB
SIZE 917504, REAL_BD 214.449 GB/s, BD/PAIR 53.612 GB/s, time 1.711e-03 s, comm_vol 367.002 MB
SIZE 1048576, REAL_BD 234.907 GB/s, BD/PAIR 58.727 GB/s, time 1.786e-03 s, comm_vol 419.43 MB
SIZE 1310720, REAL_BD 327.821 GB/s, BD/PAIR 81.955 GB/s, time 1.599e-03 s, comm_vol 524.288 MB
SIZE 1572864, REAL_BD 373.931 GB/s, BD/PAIR 93.483 GB/s, time 1.683e-03 s, comm_vol 629.146 MB
SIZE 1835008, REAL_BD 419.09 GB/s, BD/PAIR 104.772 GB/s, time 1.751e-03 s, comm_vol 734.003 MB
SIZE 2097152, REAL_BD 466.76 GB/s, BD/PAIR 116.69 GB/s, time 1.797e-03 s, comm_vol 838.861 MB
SIZE 2621440, REAL_BD 435.062 GB/s, BD/PAIR 108.766 GB/s, time 2.410e-03 s, comm_vol 1.049 GB
SIZE 3145728, REAL_BD 572.476 GB/s, BD/PAIR 143.119 GB/s, time 2.198e-03 s, comm_vol 1.258 GB
SIZE 3670016, REAL_BD 589.833 GB/s, BD/PAIR 147.458 GB/s, time 2.489e-03 s, comm_vol 1.468 GB
SIZE 4194304, REAL_BD 657.406 GB/s, BD/PAIR 164.352 GB/s, time 2.552e-03 s, comm_vol 1.678 GB
SIZE 5242880, REAL_BD 713.853 GB/s, BD/PAIR 178.463 GB/s, time 2.938e-03 s, comm_vol 2.097 GB
SIZE 6291456, REAL_BD 758.611 GB/s, BD/PAIR 189.653 GB/s, time 3.317e-03 s, comm_vol 2.517 GB
SIZE 7340032, REAL_BD 801.571 GB/s, BD/PAIR 200.393 GB/s, time 3.663e-03 s, comm_vol 2.936 GB
SIZE 8388608, REAL_BD 826.7 GB/s, BD/PAIR 206.675 GB/s, time 4.059e-03 s, comm_vol 3.355 GB
SIZE 10485760, REAL_BD 891.285 GB/s, BD/PAIR 222.821 GB/s, time 4.706e-03 s, comm_vol 4.194 GB
SIZE 12582912, REAL_BD 976.394 GB/s, BD/PAIR 244.099 GB/s, time 5.155e-03 s, comm_vol 5.033 GB
SIZE 14680064, REAL_BD 1.023 TB/s, BD/PAIR 255.743 GB/s, time 5.740e-03 s, comm_vol 5.872 GB
SIZE 16777216, REAL_BD 1.055 TB/s, BD/PAIR 263.83 GB/s, time 6.359e-03 s, comm_vol 6.711 GB
SIZE 20971520, REAL_BD 1.059 TB/s, BD/PAIR 264.656 GB/s, time 7.924e-03 s, comm_vol 8.389 GB
SIZE 25165824, REAL_BD 1.088 TB/s, BD/PAIR 272.037 GB/s, time 9.251e-03 s, comm_vol 10.066 GB
SIZE 29360128, REAL_BD 1.118 TB/s, BD/PAIR 279.501 GB/s, time 1.050e-02 s, comm_vol 11.744 GB
SIZE 33554432, REAL_BD 1.216 TB/s, BD/PAIR 303.896 GB/s, time 1.104e-02 s, comm_vol 13.422 GB
SIZE 41943040, REAL_BD 1.246 TB/s, BD/PAIR 311.614 GB/s, time 1.346e-02 s, comm_vol 16.777 GB
SIZE 50331648, REAL_BD 1.259 TB/s, BD/PAIR 314.807 GB/s, time 1.599e-02 s, comm_vol 20.133 GB
SIZE 58720256, REAL_BD 1.289 TB/s, BD/PAIR 322.142 GB/s, time 1.823e-02 s, comm_vol 23.488 GB
SIZE 67108864, REAL_BD 1.304 TB/s, BD/PAIR 325.966 GB/s, time 2.059e-02 s, comm_vol 26.844 GB
SIZE 83886080, REAL_BD 1.32 TB/s, BD/PAIR 329.967 GB/s, time 2.542e-02 s, comm_vol 33.554 GB
SIZE 100663296, REAL_BD 1.337 TB/s, BD/PAIR 334.153 GB/s, time 3.012e-02 s, comm_vol 40.265 GB
SIZE 117440512, REAL_BD 1.35 TB/s, BD/PAIR 337.602 GB/s, time 3.479e-02 s, comm_vol 46.976 GB
SIZE 134217728, REAL_BD 1.358 TB/s, BD/PAIR 339.405 GB/s, time 3.955e-02 s, comm_vol 53.687 GB
SIZE 167772160, REAL_BD 1.373 TB/s, BD/PAIR 343.234 GB/s, time 4.888e-02 s, comm_vol 67.109 GB
SIZE 201326592, REAL_BD 1.373 TB/s, BD/PAIR 343.247 GB/s, time 5.865e-02 s, comm_vol 80.531 GB
SIZE 234881024, REAL_BD 1.384 TB/s, BD/PAIR 345.931 GB/s, time 6.790e-02 s, comm_vol 93.952 GB
SIZE 268435456, REAL_BD 1.385 TB/s, BD/PAIR 346.148 GB/s, time 7.755e-02 s, comm_vol 107.374 GB
SIZE 335544320, REAL_BD 1.437 TB/s, BD/PAIR 359.343 GB/s, time 9.338e-02 s, comm_vol 134.218 GB
SIZE 402653184, REAL_BD 1.443 TB/s, BD/PAIR 360.704 GB/s, time 1.116e-01 s, comm_vol 161.061 GB
SIZE 469762048, REAL_BD 1.448 TB/s, BD/PAIR 362.06 GB/s, time 1.297e-01 s, comm_vol 187.905 GB
SIZE 536870912, REAL_BD 1.45 TB/s, BD/PAIR 362.607 GB/s, time 1.481e-01 s, comm_vol 214.748 GB
SIZE 671088640, REAL_BD 1.456 TB/s, BD/PAIR 364.024 GB/s, time 1.844e-01 s, comm_vol 268.435 GB
SIZE 805306368, REAL_BD 1.459 TB/s, BD/PAIR 364.721 GB/s, time 2.208e-01 s, comm_vol 322.123 GB
SIZE 939524096, REAL_BD 1.46 TB/s, BD/PAIR 365.06 GB/s, time 2.574e-01 s, comm_vol 375.81 GB
SIZE 1073741824, REAL_BD 1.462 TB/s, BD/PAIR 365.512 GB/s, time 2.938e-01 s, comm_vol 429.497 GB
[[0, 2], [1, 3], [2, 0], [3, 1]]
SIZE 8192, REAL_BD 2.631 GB/s, BD/PAIR 657.854 MB/s, time 1.245e-03 s, comm_vol 3.277 MB
SIZE 16384, REAL_BD 5.265 GB/s, BD/PAIR 1.316 GB/s, time 1.245e-03 s, comm_vol 6.554 MB
SIZE 24576, REAL_BD 7.873 GB/s, BD/PAIR 1.968 GB/s, time 1.249e-03 s, comm_vol 9.83 MB
SIZE 32768, REAL_BD 10.444 GB/s, BD/PAIR 2.611 GB/s, time 1.255e-03 s, comm_vol 13.107 MB
SIZE 40960, REAL_BD 13.02 GB/s, BD/PAIR 3.255 GB/s, time 1.258e-03 s, comm_vol 16.384 MB
SIZE 49152, REAL_BD 15.764 GB/s, BD/PAIR 3.941 GB/s, time 1.247e-03 s, comm_vol 19.661 MB
SIZE 57344, REAL_BD 18.544 GB/s, BD/PAIR 4.636 GB/s, time 1.237e-03 s, comm_vol 22.938 MB
SIZE 65536, REAL_BD 20.703 GB/s, BD/PAIR 5.176 GB/s, time 1.266e-03 s, comm_vol 26.214 MB
SIZE 81920, REAL_BD 25.344 GB/s, BD/PAIR 6.336 GB/s, time 1.293e-03 s, comm_vol 32.768 MB
SIZE 98304, REAL_BD 30.384 GB/s, BD/PAIR 7.596 GB/s, time 1.294e-03 s, comm_vol 39.322 MB
SIZE 114688, REAL_BD 35.785 GB/s, BD/PAIR 8.946 GB/s, time 1.282e-03 s, comm_vol 45.875 MB
SIZE 131072, REAL_BD 41.134 GB/s, BD/PAIR 10.283 GB/s, time 1.275e-03 s, comm_vol 52.429 MB
SIZE 163840, REAL_BD 49.112 GB/s, BD/PAIR 12.278 GB/s, time 1.334e-03 s, comm_vol 65.536 MB
SIZE 196608, REAL_BD 58.808 GB/s, BD/PAIR 14.702 GB/s, time 1.337e-03 s, comm_vol 78.643 MB
SIZE 229376, REAL_BD 66.683 GB/s, BD/PAIR 16.671 GB/s, time 1.376e-03 s, comm_vol 91.75 MB
SIZE 262144, REAL_BD 75.789 GB/s, BD/PAIR 18.947 GB/s, time 1.384e-03 s, comm_vol 104.858 MB
SIZE 327680, REAL_BD 92.117 GB/s, BD/PAIR 23.029 GB/s, time 1.423e-03 s, comm_vol 131.072 MB
SIZE 393216, REAL_BD 109.277 GB/s, BD/PAIR 27.319 GB/s, time 1.439e-03 s, comm_vol 157.286 MB
SIZE 458752, REAL_BD 120.146 GB/s, BD/PAIR 30.037 GB/s, time 1.527e-03 s, comm_vol 183.501 MB
SIZE 524288, REAL_BD 139.82 GB/s, BD/PAIR 34.955 GB/s, time 1.500e-03 s, comm_vol 209.715 MB
SIZE 655360, REAL_BD 166.82 GB/s, BD/PAIR 41.705 GB/s, time 1.571e-03 s, comm_vol 262.144 MB
SIZE 786432, REAL_BD 192.362 GB/s, BD/PAIR 48.091 GB/s, time 1.635e-03 s, comm_vol 314.573 MB
SIZE 917504, REAL_BD 217.142 GB/s, BD/PAIR 54.285 GB/s, time 1.690e-03 s, comm_vol 367.002 MB
SIZE 1048576, REAL_BD 237.028 GB/s, BD/PAIR 59.257 GB/s, time 1.770e-03 s, comm_vol 419.43 MB
SIZE 1310720, REAL_BD 329.985 GB/s, BD/PAIR 82.496 GB/s, time 1.589e-03 s, comm_vol 524.288 MB
SIZE 1572864, REAL_BD 378.001 GB/s, BD/PAIR 94.5 GB/s, time 1.664e-03 s, comm_vol 629.146 MB
SIZE 1835008, REAL_BD 372.716 GB/s, BD/PAIR 93.179 GB/s, time 1.969e-03 s, comm_vol 734.003 MB
SIZE 2097152, REAL_BD 473.29 GB/s, BD/PAIR 118.322 GB/s, time 1.772e-03 s, comm_vol 838.861 MB
SIZE 2621440, REAL_BD 523.452 GB/s, BD/PAIR 130.863 GB/s, time 2.003e-03 s, comm_vol 1.049 GB
SIZE 3145728, REAL_BD 601.511 GB/s, BD/PAIR 150.378 GB/s, time 2.092e-03 s, comm_vol 1.258 GB
SIZE 3670016, REAL_BD 611.75 GB/s, BD/PAIR 152.938 GB/s, time 2.400e-03 s, comm_vol 1.468 GB
SIZE 4194304, REAL_BD 692.469 GB/s, BD/PAIR 173.117 GB/s, time 2.423e-03 s, comm_vol 1.678 GB
SIZE 5242880, REAL_BD 761.566 GB/s, BD/PAIR 190.392 GB/s, time 2.754e-03 s, comm_vol 2.097 GB
SIZE 6291456, REAL_BD 822.513 GB/s, BD/PAIR 205.628 GB/s, time 3.060e-03 s, comm_vol 2.517 GB
SIZE 7340032, REAL_BD 852.276 GB/s, BD/PAIR 213.069 GB/s, time 3.445e-03 s, comm_vol 2.936 GB
SIZE 8388608, REAL_BD 890.8 GB/s, BD/PAIR 222.7 GB/s, time 3.767e-03 s, comm_vol 3.355 GB
SIZE 10485760, REAL_BD 933.619 GB/s, BD/PAIR 233.405 GB/s, time 4.493e-03 s, comm_vol 4.194 GB
SIZE 12582912, REAL_BD 969.489 GB/s, BD/PAIR 242.372 GB/s, time 5.192e-03 s, comm_vol 5.033 GB
SIZE 14680064, REAL_BD 1.056 TB/s, BD/PAIR 263.932 GB/s, time 5.562e-03 s, comm_vol 5.872 GB
SIZE 16777216, REAL_BD 1.069 TB/s, BD/PAIR 267.257 GB/s, time 6.278e-03 s, comm_vol 6.711 GB
SIZE 20971520, REAL_BD 1.116 TB/s, BD/PAIR 278.922 GB/s, time 7.519e-03 s, comm_vol 8.389 GB
SIZE 25165824, REAL_BD 1.144 TB/s, BD/PAIR 286.021 GB/s, time 8.799e-03 s, comm_vol 10.066 GB
SIZE 29360128, REAL_BD 1.174 TB/s, BD/PAIR 293.476 GB/s, time 1.000e-02 s, comm_vol 11.744 GB
SIZE 33554432, REAL_BD 1.203 TB/s, BD/PAIR 300.811 GB/s, time 1.115e-02 s, comm_vol 13.422 GB
SIZE 41943040, REAL_BD 1.241 TB/s, BD/PAIR 310.262 GB/s, time 1.352e-02 s, comm_vol 16.777 GB
SIZE 50331648, REAL_BD 1.264 TB/s, BD/PAIR 315.895 GB/s, time 1.593e-02 s, comm_vol 20.133 GB
SIZE 58720256, REAL_BD 1.287 TB/s, BD/PAIR 321.856 GB/s, time 1.824e-02 s, comm_vol 23.488 GB
SIZE 67108864, REAL_BD 1.301 TB/s, BD/PAIR 325.359 GB/s, time 2.063e-02 s, comm_vol 26.844 GB
SIZE 83886080, REAL_BD 1.32 TB/s, BD/PAIR 330.103 GB/s, time 2.541e-02 s, comm_vol 33.554 GB
SIZE 100663296, REAL_BD 1.334 TB/s, BD/PAIR 333.443 GB/s, time 3.019e-02 s, comm_vol 40.265 GB
SIZE 117440512, REAL_BD 1.35 TB/s, BD/PAIR 337.398 GB/s, time 3.481e-02 s, comm_vol 46.976 GB
SIZE 134217728, REAL_BD 1.357 TB/s, BD/PAIR 339.296 GB/s, time 3.956e-02 s, comm_vol 53.687 GB
SIZE 167772160, REAL_BD 1.367 TB/s, BD/PAIR 341.641 GB/s, time 4.911e-02 s, comm_vol 67.109 GB
SIZE 201326592, REAL_BD 1.369 TB/s, BD/PAIR 342.245 GB/s, time 5.883e-02 s, comm_vol 80.531 GB
SIZE 234881024, REAL_BD 1.379 TB/s, BD/PAIR 344.746 GB/s, time 6.813e-02 s, comm_vol 93.952 GB
SIZE 268435456, REAL_BD 1.382 TB/s, BD/PAIR 345.39 GB/s, time 7.772e-02 s, comm_vol 107.374 GB
SIZE 335544320, REAL_BD 1.434 TB/s, BD/PAIR 358.435 GB/s, time 9.361e-02 s, comm_vol 134.218 GB
SIZE 402653184, REAL_BD 1.439 TB/s, BD/PAIR 359.723 GB/s, time 1.119e-01 s, comm_vol 161.061 GB
SIZE 469762048, REAL_BD 1.446 TB/s, BD/PAIR 361.461 GB/s, time 1.300e-01 s, comm_vol 187.905 GB
SIZE 536870912, REAL_BD 1.45 TB/s, BD/PAIR 362.44 GB/s, time 1.481e-01 s, comm_vol 214.748 GB
SIZE 671088640, REAL_BD 1.454 TB/s, BD/PAIR 363.534 GB/s, time 1.846e-01 s, comm_vol 268.435 GB
SIZE 805306368, REAL_BD 1.457 TB/s, BD/PAIR 364.281 GB/s, time 2.211e-01 s, comm_vol 322.123 GB
SIZE 939524096, REAL_BD 1.46 TB/s, BD/PAIR 365.001 GB/s, time 2.574e-01 s, comm_vol 375.81 GB
SIZE 1073741824, REAL_BD 1.462 TB/s, BD/PAIR 365.386 GB/s, time 2.939e-01 s, comm_vol 429.497 GB
[[0, 2], [1, 3], [2, 4], [3, 5], [4, 6], [5, 7], [6, 0], [7, 1]]
NCCL version 2.21.5+cuda12.6
NCCL version 2.21.5+cuda12.6
NCCL version 2.21.5+cuda12.6
SIZE 8192, REAL_BD 5.134 GB/s, BD/PAIR 641.758 MB/s, time 1.276e-03 s, comm_vol 6.554 MB
SIZE 16384, REAL_BD 10.287 GB/s, BD/PAIR 1.286 GB/s, time 1.274e-03 s, comm_vol 13.107 MB
SIZE 24576, REAL_BD 15.296 GB/s, BD/PAIR 1.912 GB/s, time 1.285e-03 s, comm_vol 19.661 MB
SIZE 32768, REAL_BD 20.38 GB/s, BD/PAIR 2.548 GB/s, time 1.286e-03 s, comm_vol 26.214 MB
SIZE 40960, REAL_BD 25.561 GB/s, BD/PAIR 3.195 GB/s, time 1.282e-03 s, comm_vol 32.768 MB
SIZE 49152, REAL_BD 30.701 GB/s, BD/PAIR 3.838 GB/s, time 1.281e-03 s, comm_vol 39.322 MB
SIZE 57344, REAL_BD 35.798 GB/s, BD/PAIR 4.475 GB/s, time 1.281e-03 s, comm_vol 45.875 MB
SIZE 65536, REAL_BD 41.057 GB/s, BD/PAIR 5.132 GB/s, time 1.277e-03 s, comm_vol 52.429 MB
SIZE 81920, REAL_BD 49.752 GB/s, BD/PAIR 6.219 GB/s, time 1.317e-03 s, comm_vol 65.536 MB
SIZE 98304, REAL_BD 56.241 GB/s, BD/PAIR 7.03 GB/s, time 1.398e-03 s, comm_vol 78.643 MB
SIZE 114688, REAL_BD 69.351 GB/s, BD/PAIR 8.669 GB/s, time 1.323e-03 s, comm_vol 91.75 MB
SIZE 131072, REAL_BD 80.521 GB/s, BD/PAIR 10.065 GB/s, time 1.302e-03 s, comm_vol 104.858 MB
SIZE 163840, REAL_BD 96.737 GB/s, BD/PAIR 12.092 GB/s, time 1.355e-03 s, comm_vol 131.072 MB
SIZE 196608, REAL_BD 116.084 GB/s, BD/PAIR 14.511 GB/s, time 1.355e-03 s, comm_vol 157.286 MB
SIZE 229376, REAL_BD 132.198 GB/s, BD/PAIR 16.525 GB/s, time 1.388e-03 s, comm_vol 183.501 MB
SIZE 262144, REAL_BD 149.746 GB/s, BD/PAIR 18.718 GB/s, time 1.400e-03 s, comm_vol 209.715 MB
SIZE 327680, REAL_BD 181.677 GB/s, BD/PAIR 22.71 GB/s, time 1.443e-03 s, comm_vol 262.144 MB
SIZE 393216, REAL_BD 213.428 GB/s, BD/PAIR 26.679 GB/s, time 1.474e-03 s, comm_vol 314.573 MB
SIZE 458752, REAL_BD 242.031 GB/s, BD/PAIR 30.254 GB/s, time 1.516e-03 s, comm_vol 367.002 MB
SIZE 524288, REAL_BD 273.425 GB/s, BD/PAIR 34.178 GB/s, time 1.534e-03 s, comm_vol 419.43 MB
SIZE 655360, REAL_BD 325.492 GB/s, BD/PAIR 40.686 GB/s, time 1.611e-03 s, comm_vol 524.288 MB
SIZE 786432, REAL_BD 371.98 GB/s, BD/PAIR 46.498 GB/s, time 1.691e-03 s, comm_vol 629.146 MB
SIZE 917504, REAL_BD 424.171 GB/s, BD/PAIR 53.021 GB/s, time 1.730e-03 s, comm_vol 734.003 MB
SIZE 1048576, REAL_BD 460.528 GB/s, BD/PAIR 57.566 GB/s, time 1.822e-03 s, comm_vol 838.861 MB
SIZE 1310720, REAL_BD 647.819 GB/s, BD/PAIR 80.977 GB/s, time 1.619e-03 s, comm_vol 1.049 GB
SIZE 1572864, REAL_BD 739.271 GB/s, BD/PAIR 92.409 GB/s, time 1.702e-03 s, comm_vol 1.258 GB
SIZE 1835008, REAL_BD 839.093 GB/s, BD/PAIR 104.887 GB/s, time 1.750e-03 s, comm_vol 1.468 GB
SIZE 2097152, REAL_BD 760.825 GB/s, BD/PAIR 95.103 GB/s, time 2.205e-03 s, comm_vol 1.678 GB
SIZE 2621440, REAL_BD 1.026 TB/s, BD/PAIR 128.208 GB/s, time 2.045e-03 s, comm_vol 2.097 GB
SIZE 3145728, REAL_BD 1.16 TB/s, BD/PAIR 145.006 GB/s, time 2.169e-03 s, comm_vol 2.517 GB
SIZE 3670016, REAL_BD 1.162 TB/s, BD/PAIR 145.246 GB/s, time 2.527e-03 s, comm_vol 2.936 GB
SIZE 4194304, REAL_BD 930.557 GB/s, BD/PAIR 116.32 GB/s, time 3.606e-03 s, comm_vol 3.355 GB
SIZE 5242880, REAL_BD 1.422 TB/s, BD/PAIR 177.771 GB/s, time 2.949e-03 s, comm_vol 4.194 GB
SIZE 6291456, REAL_BD 1.52 TB/s, BD/PAIR 190.035 GB/s, time 3.311e-03 s, comm_vol 5.033 GB
SIZE 7340032, REAL_BD 1.588 TB/s, BD/PAIR 198.468 GB/s, time 3.698e-03 s, comm_vol 5.872 GB
SIZE 8388608, REAL_BD 1.646 TB/s, BD/PAIR 205.708 GB/s, time 4.078e-03 s, comm_vol 6.711 GB
SIZE 10485760, REAL_BD 1.769 TB/s, BD/PAIR 221.174 GB/s, time 4.741e-03 s, comm_vol 8.389 GB
SIZE 12582912, REAL_BD 1.883 TB/s, BD/PAIR 235.431 GB/s, time 5.345e-03 s, comm_vol 10.066 GB
SIZE 14680064, REAL_BD 1.983 TB/s, BD/PAIR 247.907 GB/s, time 5.922e-03 s, comm_vol 11.744 GB
SIZE 16777216, REAL_BD 2.092 TB/s, BD/PAIR 261.497 GB/s, time 6.416e-03 s, comm_vol 13.422 GB
SIZE 20971520, REAL_BD 2.147 TB/s, BD/PAIR 268.427 GB/s, time 7.813e-03 s, comm_vol 16.777 GB
SIZE 25165824, REAL_BD 2.242 TB/s, BD/PAIR 280.227 GB/s, time 8.981e-03 s, comm_vol 20.133 GB
SIZE 29360128, REAL_BD 2.252 TB/s, BD/PAIR 281.469 GB/s, time 1.043e-02 s, comm_vol 23.488 GB
SIZE 33554432, REAL_BD 2.413 TB/s, BD/PAIR 301.591 GB/s, time 1.113e-02 s, comm_vol 26.844 GB
SIZE 41943040, REAL_BD 2.473 TB/s, BD/PAIR 309.079 GB/s, time 1.357e-02 s, comm_vol 33.554 GB
SIZE 50331648, REAL_BD 2.509 TB/s, BD/PAIR 313.647 GB/s, time 1.605e-02 s, comm_vol 40.265 GB
SIZE 58720256, REAL_BD 2.556 TB/s, BD/PAIR 319.538 GB/s, time 1.838e-02 s, comm_vol 46.976 GB
SIZE 67108864, REAL_BD 2.585 TB/s, BD/PAIR 323.089 GB/s, time 2.077e-02 s, comm_vol 53.687 GB
SIZE 83886080, REAL_BD 2.629 TB/s, BD/PAIR 328.642 GB/s, time 2.553e-02 s, comm_vol 67.109 GB
SIZE 100663296, REAL_BD 2.659 TB/s, BD/PAIR 332.375 GB/s, time 3.029e-02 s, comm_vol 80.531 GB
SIZE 117440512, REAL_BD 2.687 TB/s, BD/PAIR 335.905 GB/s, time 3.496e-02 s, comm_vol 93.952 GB
SIZE 134217728, REAL_BD 2.694 TB/s, BD/PAIR 336.721 GB/s, time 3.986e-02 s, comm_vol 107.374 GB
SIZE 167772160, REAL_BD 2.725 TB/s, BD/PAIR 340.572 GB/s, time 4.926e-02 s, comm_vol 134.218 GB
SIZE 201326592, REAL_BD 2.744 TB/s, BD/PAIR 342.985 GB/s, time 5.870e-02 s, comm_vol 161.061 GB
SIZE 234881024, REAL_BD 2.76 TB/s, BD/PAIR 344.95 GB/s, time 6.809e-02 s, comm_vol 187.905 GB
SIZE 268435456, REAL_BD 2.764 TB/s, BD/PAIR 345.495 GB/s, time 7.770e-02 s, comm_vol 214.748 GB
SIZE 335544320, REAL_BD 2.877 TB/s, BD/PAIR 359.619 GB/s, time 9.331e-02 s, comm_vol 268.435 GB
SIZE 402653184, REAL_BD 2.886 TB/s, BD/PAIR 360.691 GB/s, time 1.116e-01 s, comm_vol 322.123 GB
SIZE 469762048, REAL_BD 2.896 TB/s, BD/PAIR 362.0 GB/s, time 1.298e-01 s, comm_vol 375.81 GB
SIZE 536870912, REAL_BD 2.901 TB/s, BD/PAIR 362.584 GB/s, time 1.481e-01 s, comm_vol 429.497 GB
SIZE 671088640, REAL_BD 2.909 TB/s, BD/PAIR 363.678 GB/s, time 1.845e-01 s, comm_vol 536.871 GB
SIZE 805306368, REAL_BD 2.914 TB/s, BD/PAIR 364.274 GB/s, time 2.211e-01 s, comm_vol 644.245 GB
SIZE 939524096, REAL_BD 2.919 TB/s, BD/PAIR 364.906 GB/s, time 2.575e-01 s, comm_vol 751.619 GB
SIZE 1073741824, REAL_BD 2.923 TB/s, BD/PAIR 365.406 GB/s, time 2.938e-01 s, comm_vol 858.993 GB
[[0, 1], [1, 2], [2, 3], [3, 4], [4, 5], [5, 6], [6, 7], [7, 0]]
NCCL version 2.21.5+cuda12.6
SIZE 8192, REAL_BD 5.071 GB/s, BD/PAIR 633.827 MB/s, time 1.292e-03 s, comm_vol 6.554 MB
SIZE 16384, REAL_BD 10.134 GB/s, BD/PAIR 1.267 GB/s, time 1.293e-03 s, comm_vol 13.107 MB
SIZE 24576, REAL_BD 15.246 GB/s, BD/PAIR 1.906 GB/s, time 1.290e-03 s, comm_vol 19.661 MB
SIZE 32768, REAL_BD 20.02 GB/s, BD/PAIR 2.503 GB/s, time 1.309e-03 s, comm_vol 26.214 MB
SIZE 40960, REAL_BD 25.344 GB/s, BD/PAIR 3.168 GB/s, time 1.293e-03 s, comm_vol 32.768 MB
SIZE 49152, REAL_BD 29.9 GB/s, BD/PAIR 3.737 GB/s, time 1.315e-03 s, comm_vol 39.322 MB
SIZE 57344, REAL_BD 35.151 GB/s, BD/PAIR 4.394 GB/s, time 1.305e-03 s, comm_vol 45.875 MB
SIZE 65536, REAL_BD 40.401 GB/s, BD/PAIR 5.05 GB/s, time 1.298e-03 s, comm_vol 52.429 MB
SIZE 81920, REAL_BD 49.581 GB/s, BD/PAIR 6.198 GB/s, time 1.322e-03 s, comm_vol 65.536 MB
SIZE 98304, REAL_BD 58.756 GB/s, BD/PAIR 7.344 GB/s, time 1.338e-03 s, comm_vol 78.643 MB
SIZE 114688, REAL_BD 68.991 GB/s, BD/PAIR 8.624 GB/s, time 1.330e-03 s, comm_vol 91.75 MB
SIZE 131072, REAL_BD 78.96 GB/s, BD/PAIR 9.87 GB/s, time 1.328e-03 s, comm_vol 104.858 MB
SIZE 163840, REAL_BD 95.643 GB/s, BD/PAIR 11.955 GB/s, time 1.370e-03 s, comm_vol 131.072 MB
SIZE 196608, REAL_BD 109.205 GB/s, BD/PAIR 13.651 GB/s, time 1.440e-03 s, comm_vol 157.286 MB
SIZE 229376, REAL_BD 131.341 GB/s, BD/PAIR 16.418 GB/s, time 1.397e-03 s, comm_vol 183.501 MB
SIZE 262144, REAL_BD 148.558 GB/s, BD/PAIR 18.57 GB/s, time 1.412e-03 s, comm_vol 209.715 MB
SIZE 327680, REAL_BD 180.722 GB/s, BD/PAIR 22.59 GB/s, time 1.451e-03 s, comm_vol 262.144 MB
SIZE 393216, REAL_BD 210.399 GB/s, BD/PAIR 26.3 GB/s, time 1.495e-03 s, comm_vol 314.573 MB
SIZE 458752, REAL_BD 242.565 GB/s, BD/PAIR 30.321 GB/s, time 1.513e-03 s, comm_vol 367.002 MB
SIZE 524288, REAL_BD 263.435 GB/s, BD/PAIR 32.929 GB/s, time 1.592e-03 s, comm_vol 419.43 MB
SIZE 655360, REAL_BD 320.651 GB/s, BD/PAIR 40.081 GB/s, time 1.635e-03 s, comm_vol 524.288 MB
SIZE 786432, REAL_BD 368.294 GB/s, BD/PAIR 46.037 GB/s, time 1.708e-03 s, comm_vol 629.146 MB
SIZE 917504, REAL_BD 416.088 GB/s, BD/PAIR 52.011 GB/s, time 1.764e-03 s, comm_vol 734.003 MB
SIZE 1048576, REAL_BD 393.87 GB/s, BD/PAIR 49.234 GB/s, time 2.130e-03 s, comm_vol 838.861 MB
SIZE 1310720, REAL_BD 634.914 GB/s, BD/PAIR 79.364 GB/s, time 1.652e-03 s, comm_vol 1.049 GB
SIZE 1572864, REAL_BD 683.811 GB/s, BD/PAIR 85.476 GB/s, time 1.840e-03 s, comm_vol 1.258 GB
SIZE 1835008, REAL_BD 814.022 GB/s, BD/PAIR 101.753 GB/s, time 1.803e-03 s, comm_vol 1.468 GB
SIZE 2097152, REAL_BD 883.807 GB/s, BD/PAIR 110.476 GB/s, time 1.898e-03 s, comm_vol 1.678 GB
SIZE 2621440, REAL_BD 933.966 GB/s, BD/PAIR 116.746 GB/s, time 2.245e-03 s, comm_vol 2.097 GB
SIZE 3145728, REAL_BD 1.055 TB/s, BD/PAIR 131.889 GB/s, time 2.385e-03 s, comm_vol 2.517 GB
SIZE 3670016, REAL_BD 1.083 TB/s, BD/PAIR 135.313 GB/s, time 2.712e-03 s, comm_vol 2.936 GB
SIZE 4194304, REAL_BD 1.198 TB/s, BD/PAIR 149.733 GB/s, time 2.801e-03 s, comm_vol 3.355 GB
SIZE 5242880, REAL_BD 1.298 TB/s, BD/PAIR 162.206 GB/s, time 3.232e-03 s, comm_vol 4.194 GB
SIZE 6291456, REAL_BD 1.383 TB/s, BD/PAIR 172.823 GB/s, time 3.640e-03 s, comm_vol 5.033 GB
SIZE 7340032, REAL_BD 1.444 TB/s, BD/PAIR 180.48 GB/s, time 4.067e-03 s, comm_vol 5.872 GB
SIZE 8388608, REAL_BD 1.491 TB/s, BD/PAIR 186.427 GB/s, time 4.500e-03 s, comm_vol 6.711 GB
SIZE 10485760, REAL_BD 1.609 TB/s, BD/PAIR 201.136 GB/s, time 5.213e-03 s, comm_vol 8.389 GB
SIZE 12582912, REAL_BD 1.767 TB/s, BD/PAIR 220.869 GB/s, time 5.697e-03 s, comm_vol 10.066 GB
SIZE 14680064, REAL_BD 1.879 TB/s, BD/PAIR 234.929 GB/s, time 6.249e-03 s, comm_vol 11.744 GB
SIZE 16777216, REAL_BD 1.922 TB/s, BD/PAIR 240.265 GB/s, time 6.983e-03 s, comm_vol 13.422 GB
SIZE 20971520, REAL_BD 2.079 TB/s, BD/PAIR 259.901 GB/s, time 8.069e-03 s, comm_vol 16.777 GB
SIZE 25165824, REAL_BD 2.164 TB/s, BD/PAIR 270.531 GB/s, time 9.302e-03 s, comm_vol 20.133 GB
SIZE 29360128, REAL_BD 2.291 TB/s, BD/PAIR 286.351 GB/s, time 1.025e-02 s, comm_vol 23.488 GB
SIZE 33554432, REAL_BD 2.34 TB/s, BD/PAIR 292.514 GB/s, time 1.147e-02 s, comm_vol 26.844 GB
SIZE 41943040, REAL_BD 2.436 TB/s, BD/PAIR 304.5 GB/s, time 1.377e-02 s, comm_vol 33.554 GB
SIZE 50331648, REAL_BD 2.533 TB/s, BD/PAIR 316.658 GB/s, time 1.589e-02 s, comm_vol 40.265 GB
SIZE 58720256, REAL_BD 2.465 TB/s, BD/PAIR 308.187 GB/s, time 1.905e-02 s, comm_vol 46.976 GB
SIZE 67108864, REAL_BD 2.584 TB/s, BD/PAIR 323.018 GB/s, time 2.078e-02 s, comm_vol 53.687 GB
SIZE 83886080, REAL_BD 2.634 TB/s, BD/PAIR 329.297 GB/s, time 2.547e-02 s, comm_vol 67.109 GB
SIZE 100663296, REAL_BD 2.667 TB/s, BD/PAIR 333.343 GB/s, time 3.020e-02 s, comm_vol 80.531 GB
SIZE 117440512, REAL_BD 2.694 TB/s, BD/PAIR 336.688 GB/s, time 3.488e-02 s, comm_vol 93.952 GB
SIZE 134217728, REAL_BD 2.712 TB/s, BD/PAIR 339.0 GB/s, time 3.959e-02 s, comm_vol 107.374 GB
SIZE 167772160, REAL_BD 2.737 TB/s, BD/PAIR 342.082 GB/s, time 4.904e-02 s, comm_vol 134.218 GB
SIZE 201326592, REAL_BD 2.76 TB/s, BD/PAIR 344.997 GB/s, time 5.836e-02 s, comm_vol 161.061 GB
SIZE 234881024, REAL_BD 2.774 TB/s, BD/PAIR 346.781 GB/s, time 6.773e-02 s, comm_vol 187.905 GB
SIZE 268435456, REAL_BD 2.78 TB/s, BD/PAIR 347.484 GB/s, time 7.725e-02 s, comm_vol 214.748 GB
SIZE 335544320, REAL_BD 2.878 TB/s, BD/PAIR 359.803 GB/s, time 9.326e-02 s, comm_vol 268.435 GB
SIZE 402653184, REAL_BD 2.893 TB/s, BD/PAIR 361.653 GB/s, time 1.113e-01 s, comm_vol 322.123 GB
SIZE 469762048, REAL_BD 2.902 TB/s, BD/PAIR 362.787 GB/s, time 1.295e-01 s, comm_vol 375.81 GB
SIZE 536870912, REAL_BD 2.909 TB/s, BD/PAIR 363.612 GB/s, time 1.476e-01 s, comm_vol 429.497 GB
SIZE 671088640, REAL_BD 2.912 TB/s, BD/PAIR 364.045 GB/s, time 1.843e-01 s, comm_vol 536.871 GB
SIZE 805306368, REAL_BD 2.917 TB/s, BD/PAIR 364.566 GB/s, time 2.209e-01 s, comm_vol 644.245 GB
SIZE 939524096, REAL_BD 2.92 TB/s, BD/PAIR 365.053 GB/s, time 2.574e-01 s, comm_vol 751.619 GB
SIZE 1073741824, REAL_BD 2.924 TB/s, BD/PAIR 365.486 GB/s, time 2.938e-01 s, comm_vol 858.993 GB
+ set +x
