make -C csrc clean
make[1]: Entering directory '/home/yhy/fold/comm_test/csrc'
rm all2all_test
rm: cannot remove 'all2all_test': No such file or directory
make[1]: *** [Makefile:16: clean] Error 1
make[1]: Leaving directory '/home/yhy/fold/comm_test/csrc'
make: *** [Makefile:11: clean] Error 2
make -C csrc
make[1]: Entering directory '/home/yhy/fold/comm_test/csrc'
nvcc all2all_test.cu -std=c++11 -Xcompiler -fopenmp -I/home/yhy/.local/nccl/build/include -L/home/yhy/.local/nccl/build/lib/ "-gencode=arch=compute_80,code=sm_80" -lnccl -lcudart -c -o all2all_test.o
nvcc comm.cu -std=c++11 -Xcompiler -fopenmp -I/home/yhy/.local/nccl/build/include -L/home/yhy/.local/nccl/build/lib/ "-gencode=arch=compute_80,code=sm_80" -lnccl -lcudart -c -o comm.o
"`which mpicxx`" all2all_test.o comm.o jsoncpp.o -std=c++11 -fopenmp -L/home/yhy/.local/nccl/build/lib -lcudart -lnccl -Wall -o all2all_test -Wl,-rpath=/home/yhy/.local/nccl/build/lib
make[1]: Leaving directory '/home/yhy/fold/comm_test/csrc'
GPU_NUM: 4
CUDA_VISIBLE_DEVICES: 0,1
srun: job 152136 queued and waiting for resources
srun: job 152136 has been allocated resources
SC0: 0.002955 s, REAL_BD 0.001210 GB/s, SIZE 0.000001 GB, comm_vol 0.000004 GB
SC0: 0.007750 s, REAL_BD 0.000923 GB/s, SIZE 0.000002 GB, comm_vol 0.000007 GB
SC0: 0.002882 s, REAL_BD 0.004964 GB/s, SIZE 0.000004 GB, comm_vol 0.000014 GB
SC0: 0.007419 s, REAL_BD 0.003856 GB/s, SIZE 0.000008 GB, comm_vol 0.000029 GB
SC0: 0.003277 s, REAL_BD 0.017461 GB/s, SIZE 0.000015 GB, comm_vol 0.000057 GB
SC0: 0.002712 s, REAL_BD 0.042198 GB/s, SIZE 0.000031 GB, comm_vol 0.000114 GB
SC0: 0.002560 s, REAL_BD 0.089407 GB/s, SIZE 0.000061 GB, comm_vol 0.000229 GB
SC0: 0.003683 s, REAL_BD 0.124291 GB/s, SIZE 0.000122 GB, comm_vol 0.000458 GB
SC0: 0.003051 s, REAL_BD 0.300075 GB/s, SIZE 0.000244 GB, comm_vol 0.000916 GB
SC0: 0.003532 s, REAL_BD 0.518419 GB/s, SIZE 0.000488 GB, comm_vol 0.001831 GB
SC0: 0.004521 s, REAL_BD 0.810022 GB/s, SIZE 0.000977 GB, comm_vol 0.003662 GB
SC0: 0.007260 s, REAL_BD 1.008846 GB/s, SIZE 0.001953 GB, comm_vol 0.007324 GB
SC0: 0.010901 s, REAL_BD 1.343770 GB/s, SIZE 0.003906 GB, comm_vol 0.014648 GB
SC0: 0.014016 s, REAL_BD 2.090245 GB/s, SIZE 0.007812 GB, comm_vol 0.029297 GB
SC0: 0.027951 s, REAL_BD 2.096302 GB/s, SIZE 0.015625 GB, comm_vol 0.058594 GB
SC0: 0.049163 s, REAL_BD 2.383652 GB/s, SIZE 0.031250 GB, comm_vol 0.117188 GB
SC0: 0.093319 s, REAL_BD 2.511546 GB/s, SIZE 0.062500 GB, comm_vol 0.234375 GB
SC0: 0.184050 s, REAL_BD 2.546862 GB/s, SIZE 0.125000 GB, comm_vol 0.468750 GB
SC0: 0.369248 s, REAL_BD 2.538944 GB/s, SIZE 0.250000 GB, comm_vol 0.937500 GB
SC0: 0.726992 s, REAL_BD 2.579121 GB/s, SIZE 0.500000 GB, comm_vol 1.875000 GB
SC0: 1.450483 s, REAL_BD 2.585346 GB/s, SIZE 1.000000 GB, comm_vol 3.750000 GB
SC0: 2.894398 s, REAL_BD 2.591212 GB/s, SIZE 2.000000 GB, comm_vol 7.500000 GB
SC0: 5.809480 s, REAL_BD 2.581987 GB/s, SIZE 4.000000 GB, comm_vol 15.000000 GB
SC0: 11.675203 s, REAL_BD 2.569548 GB/s, SIZE 8.000000 GB, comm_vol 30.000000 GB
SC1: 0.000785 s, REAL_BD 0.004556 GB/s, SIZE 0.000001 GB, comm_vol 0.000004 GB
SC1: 0.000735 s, REAL_BD 0.009731 GB/s, SIZE 0.000002 GB, comm_vol 0.000007 GB
SC1: 0.000741 s, REAL_BD 0.019305 GB/s, SIZE 0.000004 GB, comm_vol 0.000014 GB
SC1: 0.000742 s, REAL_BD 0.038558 GB/s, SIZE 0.000008 GB, comm_vol 0.000029 GB
SC1: 0.000748 s, REAL_BD 0.076498 GB/s, SIZE 0.000015 GB, comm_vol 0.000057 GB
SC1: 0.000771 s, REAL_BD 0.148432 GB/s, SIZE 0.000031 GB, comm_vol 0.000114 GB
SC1: 0.000818 s, REAL_BD 0.279807 GB/s, SIZE 0.000061 GB, comm_vol 0.000229 GB
SC1: 0.000947 s, REAL_BD 0.483383 GB/s, SIZE 0.000122 GB, comm_vol 0.000458 GB
SC1: 0.001288 s, REAL_BD 0.710813 GB/s, SIZE 0.000244 GB, comm_vol 0.000916 GB
SC1: 0.001863 s, REAL_BD 0.982853 GB/s, SIZE 0.000488 GB, comm_vol 0.001831 GB
SC1: 0.002556 s, REAL_BD 1.432750 GB/s, SIZE 0.000977 GB, comm_vol 0.003662 GB
SC1: 0.004263 s, REAL_BD 1.718090 GB/s, SIZE 0.001953 GB, comm_vol 0.007324 GB
SC1: 0.007667 s, REAL_BD 1.910583 GB/s, SIZE 0.003906 GB, comm_vol 0.014648 GB
SC1: 0.012070 s, REAL_BD 2.427247 GB/s, SIZE 0.007812 GB, comm_vol 0.029297 GB
SC1: 0.020347 s, REAL_BD 2.879724 GB/s, SIZE 0.015625 GB, comm_vol 0.058594 GB
SC1: 0.039151 s, REAL_BD 2.993219 GB/s, SIZE 0.031250 GB, comm_vol 0.117188 GB
SC1: 0.072590 s, REAL_BD 3.228751 GB/s, SIZE 0.062500 GB, comm_vol 0.234375 GB
SC1: 0.141814 s, REAL_BD 3.305386 GB/s, SIZE 0.125000 GB, comm_vol 0.468750 GB
SC1: 0.280234 s, REAL_BD 3.345418 GB/s, SIZE 0.250000 GB, comm_vol 0.937500 GB
SC1: 0.555786 s, REAL_BD 3.373601 GB/s, SIZE 0.500000 GB, comm_vol 1.875000 GB
SC1: 1.108843 s, REAL_BD 3.381903 GB/s, SIZE 1.000000 GB, comm_vol 3.750000 GB
SC1: 2.214274 s, REAL_BD 3.387115 GB/s, SIZE 2.000000 GB, comm_vol 7.500000 GB
SC1: 4.424137 s, REAL_BD 3.390492 GB/s, SIZE 4.000000 GB, comm_vol 15.000000 GB
SC1: 8.833838 s, REAL_BD 3.396032 GB/s, SIZE 8.000000 GB, comm_vol 30.000000 GB
SC4: 0.002303 s, REAL_BD 0.001553 GB/s, SIZE 0.000001 GB, comm_vol 0.000004 GB
SC4: 0.002376 s, REAL_BD 0.003010 GB/s, SIZE 0.000002 GB, comm_vol 0.000007 GB
SC4: 0.002166 s, REAL_BD 0.006604 GB/s, SIZE 0.000004 GB, comm_vol 0.000014 GB
SC4: 0.005451 s, REAL_BD 0.005249 GB/s, SIZE 0.000008 GB, comm_vol 0.000029 GB
SC4: 0.002950 s, REAL_BD 0.019397 GB/s, SIZE 0.000015 GB, comm_vol 0.000057 GB
SC4: 0.007390 s, REAL_BD 0.015486 GB/s, SIZE 0.000031 GB, comm_vol 0.000114 GB
SC4: 0.002416 s, REAL_BD 0.094736 GB/s, SIZE 0.000061 GB, comm_vol 0.000229 GB
SC4: 0.006217 s, REAL_BD 0.073631 GB/s, SIZE 0.000122 GB, comm_vol 0.000458 GB
SC4: 0.002932 s, REAL_BD 0.312254 GB/s, SIZE 0.000244 GB, comm_vol 0.000916 GB
SC4: 0.010004 s, REAL_BD 0.183032 GB/s, SIZE 0.000488 GB, comm_vol 0.001831 GB
SC4: 0.005162 s, REAL_BD 0.709436 GB/s, SIZE 0.000977 GB, comm_vol 0.003662 GB
SC4: 0.009342 s, REAL_BD 0.784010 GB/s, SIZE 0.001953 GB, comm_vol 0.007324 GB
SC4: 0.010041 s, REAL_BD 1.458862 GB/s, SIZE 0.003906 GB, comm_vol 0.014648 GB
SC4: 0.014495 s, REAL_BD 2.021171 GB/s, SIZE 0.007812 GB, comm_vol 0.029297 GB
SC4: 0.025481 s, REAL_BD 2.299507 GB/s, SIZE 0.015625 GB, comm_vol 0.058594 GB
SC4: 0.047711 s, REAL_BD 2.456195 GB/s, SIZE 0.031250 GB, comm_vol 0.117188 GB
SC4: 0.092385 s, REAL_BD 2.536938 GB/s, SIZE 0.062500 GB, comm_vol 0.234375 GB
SC4: 0.180113 s, REAL_BD 2.602533 GB/s, SIZE 0.125000 GB, comm_vol 0.468750 GB
SC4: 0.356626 s, REAL_BD 2.628804 GB/s, SIZE 0.250000 GB, comm_vol 0.937500 GB
SC4: 0.705637 s, REAL_BD 2.657174 GB/s, SIZE 0.500000 GB, comm_vol 1.875000 GB
SC4: 1.408873 s, REAL_BD 2.661702 GB/s, SIZE 1.000000 GB, comm_vol 3.750000 GB
SC4: 2.804136 s, REAL_BD 2.674621 GB/s, SIZE 2.000000 GB, comm_vol 7.500000 GB
SC4: 5.750572 s, REAL_BD 2.608436 GB/s, SIZE 4.000000 GB, comm_vol 15.000000 GB
SC4: 11.210180 s, REAL_BD 2.676139 GB/s, SIZE 8.000000 GB, comm_vol 30.000000 GB
BRUCK: 0.003352 s, REAL_BD 0.001067 GB/s, SIZE 0.000001 GB, comm_vol 0.000004 GB
BRUCK: 0.003230 s, REAL_BD 0.002214 GB/s, SIZE 0.000002 GB, comm_vol 0.000007 GB
BRUCK: 0.003292 s, REAL_BD 0.004345 GB/s, SIZE 0.000004 GB, comm_vol 0.000014 GB
BRUCK: 0.003277 s, REAL_BD 0.008731 GB/s, SIZE 0.000008 GB, comm_vol 0.000029 GB
BRUCK: 0.003292 s, REAL_BD 0.017382 GB/s, SIZE 0.000015 GB, comm_vol 0.000057 GB
BRUCK: 0.003327 s, REAL_BD 0.034398 GB/s, SIZE 0.000031 GB, comm_vol 0.000114 GB
BRUCK: 0.003404 s, REAL_BD 0.067239 GB/s, SIZE 0.000061 GB, comm_vol 0.000229 GB
BRUCK: 0.003628 s, REAL_BD 0.126175 GB/s, SIZE 0.000122 GB, comm_vol 0.000458 GB
BRUCK: 0.004098 s, REAL_BD 0.223408 GB/s, SIZE 0.000244 GB, comm_vol 0.000916 GB
BRUCK: 0.004868 s, REAL_BD 0.376141 GB/s, SIZE 0.000488 GB, comm_vol 0.001831 GB
BRUCK: 0.005925 s, REAL_BD 0.618078 GB/s, SIZE 0.000977 GB, comm_vol 0.003662 GB
BRUCK: 0.008087 s, REAL_BD 0.905678 GB/s, SIZE 0.001953 GB, comm_vol 0.007324 GB
BRUCK: 0.011426 s, REAL_BD 1.282027 GB/s, SIZE 0.003906 GB, comm_vol 0.014648 GB
BRUCK: 0.019772 s, REAL_BD 1.481736 GB/s, SIZE 0.007812 GB, comm_vol 0.029297 GB
BRUCK: 0.033571 s, REAL_BD 1.745368 GB/s, SIZE 0.015625 GB, comm_vol 0.058594 GB
BRUCK: 0.067114 s, REAL_BD 1.746096 GB/s, SIZE 0.031250 GB, comm_vol 0.117188 GB
BRUCK: 0.130114 s, REAL_BD 1.801305 GB/s, SIZE 0.062500 GB, comm_vol 0.234375 GB
BRUCK: 0.256512 s, REAL_BD 1.827400 GB/s, SIZE 0.125000 GB, comm_vol 0.468750 GB
BRUCK: 0.507449 s, REAL_BD 1.847476 GB/s, SIZE 0.250000 GB, comm_vol 0.937500 GB
BRUCK: 1.009780 s, REAL_BD 1.856840 GB/s, SIZE 0.500000 GB, comm_vol 1.875000 GB
BRUCK: 2.009514 s, REAL_BD 1.866123 GB/s, SIZE 1.000000 GB, comm_vol 3.750000 GB
BRUCK: 4.010095 s, REAL_BD 1.870280 GB/s, SIZE 2.000000 GB, comm_vol 7.500000 GB
BRUCK: 8.020931 s, REAL_BD 1.870107 GB/s, SIZE 4.000000 GB, comm_vol 15.000000 GB
BRUCK: 16.044959 s, REAL_BD 1.869746 GB/s, SIZE 8.000000 GB, comm_vol 30.000000 GB
RD: 0.008276 s, REAL_BD 0.000432 GB/s, SIZE 0.000001 GB, comm_vol 0.000004 GB
RD: 0.005577 s, REAL_BD 0.001283 GB/s, SIZE 0.000002 GB, comm_vol 0.000007 GB
RD: 0.003972 s, REAL_BD 0.003601 GB/s, SIZE 0.000004 GB, comm_vol 0.000014 GB
RD: 0.003891 s, REAL_BD 0.007353 GB/s, SIZE 0.000008 GB, comm_vol 0.000029 GB
RD: 0.003471 s, REAL_BD 0.016485 GB/s, SIZE 0.000015 GB, comm_vol 0.000057 GB
RD: 0.003477 s, REAL_BD 0.032914 GB/s, SIZE 0.000031 GB, comm_vol 0.000114 GB
RD: 0.003534 s, REAL_BD 0.064766 GB/s, SIZE 0.000061 GB, comm_vol 0.000229 GB
RD: 0.003720 s, REAL_BD 0.123055 GB/s, SIZE 0.000122 GB, comm_vol 0.000458 GB
RD: 0.003988 s, REAL_BD 0.229571 GB/s, SIZE 0.000244 GB, comm_vol 0.000916 GB
RD: 0.004539 s, REAL_BD 0.403405 GB/s, SIZE 0.000488 GB, comm_vol 0.001831 GB
RD: 0.005571 s, REAL_BD 0.657352 GB/s, SIZE 0.000977 GB, comm_vol 0.003662 GB
RD: 0.007373 s, REAL_BD 0.993384 GB/s, SIZE 0.001953 GB, comm_vol 0.007324 GB
RD: 0.011523 s, REAL_BD 1.271235 GB/s, SIZE 0.003906 GB, comm_vol 0.014648 GB
RD: 0.018150 s, REAL_BD 1.614153 GB/s, SIZE 0.007812 GB, comm_vol 0.029297 GB
RD: 0.031177 s, REAL_BD 1.879390 GB/s, SIZE 0.015625 GB, comm_vol 0.058594 GB
RD: 0.079750 s, REAL_BD 1.469436 GB/s, SIZE 0.031250 GB, comm_vol 0.117188 GB
RD: 0.135919 s, REAL_BD 1.724373 GB/s, SIZE 0.062500 GB, comm_vol 0.234375 GB
RD: 0.237425 s, REAL_BD 1.974308 GB/s, SIZE 0.125000 GB, comm_vol 0.468750 GB
RD: 0.672367 s, REAL_BD 1.394328 GB/s, SIZE 0.250000 GB, comm_vol 0.937500 GB
RD: 0.873413 s, REAL_BD 2.146751 GB/s, SIZE 0.500000 GB, comm_vol 1.875000 GB
RD: 1.916899 s, REAL_BD 1.956285 GB/s, SIZE 1.000000 GB, comm_vol 3.750000 GB
RD: 3.558654 s, REAL_BD 2.107538 GB/s, SIZE 2.000000 GB, comm_vol 7.500000 GB
RD: 7.103581 s, REAL_BD 2.111611 GB/s, SIZE 4.000000 GB, comm_vol 15.000000 GB
RD: 13.945780 s, REAL_BD 2.151188 GB/s, SIZE 8.000000 GB, comm_vol 30.000000 GB
2DMESH: 0.007700 s, REAL_BD 0.000464 GB/s, SIZE 0.000001 GB, comm_vol 0.000004 GB
2DMESH: 0.004242 s, REAL_BD 0.001686 GB/s, SIZE 0.000002 GB, comm_vol 0.000007 GB
2DMESH: 0.008456 s, REAL_BD 0.001692 GB/s, SIZE 0.000004 GB, comm_vol 0.000014 GB
2DMESH: 0.004643 s, REAL_BD 0.006162 GB/s, SIZE 0.000008 GB, comm_vol 0.000029 GB
2DMESH: 0.009256 s, REAL_BD 0.006182 GB/s, SIZE 0.000015 GB, comm_vol 0.000057 GB
2DMESH: 0.004490 s, REAL_BD 0.025488 GB/s, SIZE 0.000031 GB, comm_vol 0.000114 GB
2DMESH: 0.004735 s, REAL_BD 0.048338 GB/s, SIZE 0.000061 GB, comm_vol 0.000229 GB
2DMESH: 0.007849 s, REAL_BD 0.058321 GB/s, SIZE 0.000122 GB, comm_vol 0.000458 GB
2DMESH: 0.005418 s, REAL_BD 0.168979 GB/s, SIZE 0.000244 GB, comm_vol 0.000916 GB
2DMESH: 0.005661 s, REAL_BD 0.323451 GB/s, SIZE 0.000488 GB, comm_vol 0.001831 GB
2DMESH: 0.006605 s, REAL_BD 0.554445 GB/s, SIZE 0.000977 GB, comm_vol 0.003662 GB
2DMESH: 0.013033 s, REAL_BD 0.561975 GB/s, SIZE 0.001953 GB, comm_vol 0.007324 GB
2DMESH: 0.014101 s, REAL_BD 1.038823 GB/s, SIZE 0.003906 GB, comm_vol 0.014648 GB
2DMESH: 0.020829 s, REAL_BD 1.406543 GB/s, SIZE 0.007812 GB, comm_vol 0.029297 GB
2DMESH: 0.032510 s, REAL_BD 1.802330 GB/s, SIZE 0.015625 GB, comm_vol 0.058594 GB
2DMESH: 0.061256 s, REAL_BD 1.913078 GB/s, SIZE 0.031250 GB, comm_vol 0.117188 GB
2DMESH: 0.165466 s, REAL_BD 1.416454 GB/s, SIZE 0.062500 GB, comm_vol 0.234375 GB
2DMESH: 0.223574 s, REAL_BD 2.096621 GB/s, SIZE 0.125000 GB, comm_vol 0.468750 GB
2DMESH: 0.429302 s, REAL_BD 2.183777 GB/s, SIZE 0.250000 GB, comm_vol 0.937500 GB
2DMESH: 0.861282 s, REAL_BD 2.176987 GB/s, SIZE 0.500000 GB, comm_vol 1.875000 GB
2DMESH: 1.703147 s, REAL_BD 2.201806 GB/s, SIZE 1.000000 GB, comm_vol 3.750000 GB
2DMESH: 3.401639 s, REAL_BD 2.204820 GB/s, SIZE 2.000000 GB, comm_vol 7.500000 GB
2DMESH: 6.791889 s, REAL_BD 2.208517 GB/s, SIZE 4.000000 GB, comm_vol 15.000000 GB
2DMESH: 13.582675 s, REAL_BD 2.208696 GB/s, SIZE 8.000000 GB, comm_vol 30.000000 GB
3DMESH: 0.010921 s, REAL_BD 0.000327 GB/s, SIZE 0.000001 GB, comm_vol 0.000004 GB
3DMESH: 0.010724 s, REAL_BD 0.000667 GB/s, SIZE 0.000002 GB, comm_vol 0.000007 GB
3DMESH: 0.010604 s, REAL_BD 0.001349 GB/s, SIZE 0.000004 GB, comm_vol 0.000014 GB
3DMESH: 0.010647 s, REAL_BD 0.002687 GB/s, SIZE 0.000008 GB, comm_vol 0.000029 GB
3DMESH: 0.010720 s, REAL_BD 0.005338 GB/s, SIZE 0.000015 GB, comm_vol 0.000057 GB
3DMESH: 0.010933 s, REAL_BD 0.010467 GB/s, SIZE 0.000031 GB, comm_vol 0.000114 GB
3DMESH: 0.010731 s, REAL_BD 0.021329 GB/s, SIZE 0.000061 GB, comm_vol 0.000229 GB
3DMESH: 0.010699 s, REAL_BD 0.042786 GB/s, SIZE 0.000122 GB, comm_vol 0.000458 GB
3DMESH: 0.011181 s, REAL_BD 0.081882 GB/s, SIZE 0.000244 GB, comm_vol 0.000916 GB
3DMESH: 0.011418 s, REAL_BD 0.160366 GB/s, SIZE 0.000488 GB, comm_vol 0.001831 GB
3DMESH: 0.012104 s, REAL_BD 0.302554 GB/s, SIZE 0.000977 GB, comm_vol 0.003662 GB
3DMESH: 0.013754 s, REAL_BD 0.532516 GB/s, SIZE 0.001953 GB, comm_vol 0.007324 GB
3DMESH: 0.017333 s, REAL_BD 0.845118 GB/s, SIZE 0.003906 GB, comm_vol 0.014648 GB
3DMESH: 0.023844 s, REAL_BD 1.228690 GB/s, SIZE 0.007812 GB, comm_vol 0.029297 GB
3DMESH: 0.037615 s, REAL_BD 1.557723 GB/s, SIZE 0.015625 GB, comm_vol 0.058594 GB
3DMESH: 0.068944 s, REAL_BD 1.699749 GB/s, SIZE 0.031250 GB, comm_vol 0.117188 GB
3DMESH: 0.127331 s, REAL_BD 1.840675 GB/s, SIZE 0.062500 GB, comm_vol 0.234375 GB
3DMESH: 0.245691 s, REAL_BD 1.907884 GB/s, SIZE 0.125000 GB, comm_vol 0.468750 GB
3DMESH: 0.480084 s, REAL_BD 1.952783 GB/s, SIZE 0.250000 GB, comm_vol 0.937500 GB
3DMESH: 0.954067 s, REAL_BD 1.965271 GB/s, SIZE 0.500000 GB, comm_vol 1.875000 GB
3DMESH: 1.909930 s, REAL_BD 1.963423 GB/s, SIZE 1.000000 GB, comm_vol 3.750000 GB
3DMESH: 3.815329 s, REAL_BD 1.965754 GB/s, SIZE 2.000000 GB, comm_vol 7.500000 GB
3DMESH: 7.623609 s, REAL_BD 1.967572 GB/s, SIZE 4.000000 GB, comm_vol 15.000000 GB
3DMESH: 15.234684 s, REAL_BD 1.969191 GB/s, SIZE 8.000000 GB, comm_vol 30.000000 GB
