make -C csrc
make[1]: Entering directory '/home/yhy/fold/comm_test/csrc'
make[1]: Nothing to be done for 'all'.
make[1]: Leaving directory '/home/yhy/fold/comm_test/csrc'
GPU_NUM: 4
CUDA_VISIBLE_DEVICES: 
srun: error: Required nodelist includes more nodes than permitted by max-node count (2 > 1). Eliminating nodes from the nodelist.
SC0: 0.001829 s, REAL_BD 0.001955 GB/s, SIZE 0.000001 GB, comm_vol 0.000004 GB
SC0: 0.005364 s, REAL_BD 0.001333 GB/s, SIZE 0.000002 GB, comm_vol 0.000007 GB
SC0: 0.001882 s, REAL_BD 0.007601 GB/s, SIZE 0.000004 GB, comm_vol 0.000014 GB
SC0: 0.007693 s, REAL_BD 0.003719 GB/s, SIZE 0.000008 GB, comm_vol 0.000029 GB
SC0: 0.002248 s, REAL_BD 0.025454 GB/s, SIZE 0.000015 GB, comm_vol 0.000057 GB
SC0: 0.007639 s, REAL_BD 0.014981 GB/s, SIZE 0.000031 GB, comm_vol 0.000114 GB
SC0: 0.003091 s, REAL_BD 0.074048 GB/s, SIZE 0.000061 GB, comm_vol 0.000229 GB
SC0: 0.007258 s, REAL_BD 0.063070 GB/s, SIZE 0.000122 GB, comm_vol 0.000458 GB
SC0: 0.003033 s, REAL_BD 0.301855 GB/s, SIZE 0.000244 GB, comm_vol 0.000916 GB
SC0: 0.003127 s, REAL_BD 0.585563 GB/s, SIZE 0.000488 GB, comm_vol 0.001831 GB
SC0: 0.003738 s, REAL_BD 0.979698 GB/s, SIZE 0.000977 GB, comm_vol 0.003662 GB
SC0: 0.004964 s, REAL_BD 1.475467 GB/s, SIZE 0.001953 GB, comm_vol 0.007324 GB
SC0: 0.006908 s, REAL_BD 2.120503 GB/s, SIZE 0.003906 GB, comm_vol 0.014648 GB
SC0: 0.010851 s, REAL_BD 2.699924 GB/s, SIZE 0.007812 GB, comm_vol 0.029297 GB
SC0: 0.024840 s, REAL_BD 2.358847 GB/s, SIZE 0.015625 GB, comm_vol 0.058594 GB
SC0: 0.043019 s, REAL_BD 2.724087 GB/s, SIZE 0.031250 GB, comm_vol 0.117188 GB
SC0: 0.094392 s, REAL_BD 2.482996 GB/s, SIZE 0.062500 GB, comm_vol 0.234375 GB
SC0: 0.155968 s, REAL_BD 3.005424 GB/s, SIZE 0.125000 GB, comm_vol 0.468750 GB
SC0: 0.309002 s, REAL_BD 3.033961 GB/s, SIZE 0.250000 GB, comm_vol 0.937500 GB
SC0: 0.603619 s, REAL_BD 3.106264 GB/s, SIZE 0.500000 GB, comm_vol 1.875000 GB
SC0: 1.204418 s, REAL_BD 3.113537 GB/s, SIZE 1.000000 GB, comm_vol 3.750000 GB
SC0: 2.395827 s, REAL_BD 3.130443 GB/s, SIZE 2.000000 GB, comm_vol 7.500000 GB
SC0: 4.792422 s, REAL_BD 3.129941 GB/s, SIZE 4.000000 GB, comm_vol 15.000000 GB
SC0: 9.579902 s, REAL_BD 3.131556 GB/s, SIZE 8.000000 GB, comm_vol 30.000000 GB
SC1: 0.000411 s, REAL_BD 0.008701 GB/s, SIZE 0.000001 GB, comm_vol 0.000004 GB
SC1: 0.000414 s, REAL_BD 0.017277 GB/s, SIZE 0.000002 GB, comm_vol 0.000007 GB
SC1: 0.000413 s, REAL_BD 0.034637 GB/s, SIZE 0.000004 GB, comm_vol 0.000014 GB
SC1: 0.000426 s, REAL_BD 0.067160 GB/s, SIZE 0.000008 GB, comm_vol 0.000029 GB
SC1: 0.000445 s, REAL_BD 0.128585 GB/s, SIZE 0.000015 GB, comm_vol 0.000057 GB
SC1: 0.000487 s, REAL_BD 0.234992 GB/s, SIZE 0.000031 GB, comm_vol 0.000114 GB
SC1: 0.000574 s, REAL_BD 0.398749 GB/s, SIZE 0.000061 GB, comm_vol 0.000229 GB
SC1: 0.000734 s, REAL_BD 0.623656 GB/s, SIZE 0.000122 GB, comm_vol 0.000458 GB
SC1: 0.001058 s, REAL_BD 0.865338 GB/s, SIZE 0.000244 GB, comm_vol 0.000916 GB
SC1: 0.001355 s, REAL_BD 1.351332 GB/s, SIZE 0.000488 GB, comm_vol 0.001831 GB
SC1: 0.002213 s, REAL_BD 1.654817 GB/s, SIZE 0.000977 GB, comm_vol 0.003662 GB
SC1: 0.003837 s, REAL_BD 1.908840 GB/s, SIZE 0.001953 GB, comm_vol 0.007324 GB
SC1: 0.005914 s, REAL_BD 2.476909 GB/s, SIZE 0.003906 GB, comm_vol 0.014648 GB
SC1: 0.009873 s, REAL_BD 2.967373 GB/s, SIZE 0.007812 GB, comm_vol 0.029297 GB
SC1: 0.017510 s, REAL_BD 3.346302 GB/s, SIZE 0.015625 GB, comm_vol 0.058594 GB
SC1: 0.032861 s, REAL_BD 3.566157 GB/s, SIZE 0.031250 GB, comm_vol 0.117188 GB
SC1: 0.062714 s, REAL_BD 3.737204 GB/s, SIZE 0.062500 GB, comm_vol 0.234375 GB
SC1: 0.119217 s, REAL_BD 3.931906 GB/s, SIZE 0.125000 GB, comm_vol 0.468750 GB
SC1: 0.235112 s, REAL_BD 3.987461 GB/s, SIZE 0.250000 GB, comm_vol 0.937500 GB
SC1: 0.466867 s, REAL_BD 4.016133 GB/s, SIZE 0.500000 GB, comm_vol 1.875000 GB
SC1: 0.931543 s, REAL_BD 4.025579 GB/s, SIZE 1.000000 GB, comm_vol 3.750000 GB
SC1: 1.859861 s, REAL_BD 4.032559 GB/s, SIZE 2.000000 GB, comm_vol 7.500000 GB
SC1: 3.720264 s, REAL_BD 4.031972 GB/s, SIZE 4.000000 GB, comm_vol 15.000000 GB
SC1: 7.435777 s, REAL_BD 4.034548 GB/s, SIZE 8.000000 GB, comm_vol 30.000000 GB
SC4: 0.002014 s, REAL_BD 0.001776 GB/s, SIZE 0.000001 GB, comm_vol 0.000004 GB
SC4: 0.001900 s, REAL_BD 0.003765 GB/s, SIZE 0.000002 GB, comm_vol 0.000007 GB
SC4: 0.001942 s, REAL_BD 0.007366 GB/s, SIZE 0.000004 GB, comm_vol 0.000014 GB
SC4: 0.001965 s, REAL_BD 0.014560 GB/s, SIZE 0.000008 GB, comm_vol 0.000029 GB
SC4: 0.001961 s, REAL_BD 0.029179 GB/s, SIZE 0.000015 GB, comm_vol 0.000057 GB
SC4: 0.002048 s, REAL_BD 0.055879 GB/s, SIZE 0.000031 GB, comm_vol 0.000114 GB
SC4: 0.002661 s, REAL_BD 0.086013 GB/s, SIZE 0.000061 GB, comm_vol 0.000229 GB
SC4: 0.010176 s, REAL_BD 0.044985 GB/s, SIZE 0.000122 GB, comm_vol 0.000458 GB
SC4: 0.003673 s, REAL_BD 0.249259 GB/s, SIZE 0.000244 GB, comm_vol 0.000916 GB
SC4: 0.007453 s, REAL_BD 0.245680 GB/s, SIZE 0.000488 GB, comm_vol 0.001831 GB
SC4: 0.003802 s, REAL_BD 0.963206 GB/s, SIZE 0.000977 GB, comm_vol 0.003662 GB
SC4: 0.009797 s, REAL_BD 0.747598 GB/s, SIZE 0.001953 GB, comm_vol 0.007324 GB
SC4: 0.007114 s, REAL_BD 2.059100 GB/s, SIZE 0.003906 GB, comm_vol 0.014648 GB
SC4: 0.018751 s, REAL_BD 1.562417 GB/s, SIZE 0.007812 GB, comm_vol 0.029297 GB
SC4: 0.019762 s, REAL_BD 2.964971 GB/s, SIZE 0.015625 GB, comm_vol 0.058594 GB
SC4: 0.039249 s, REAL_BD 2.985745 GB/s, SIZE 0.031250 GB, comm_vol 0.117188 GB
SC4: 0.066638 s, REAL_BD 3.517137 GB/s, SIZE 0.062500 GB, comm_vol 0.234375 GB
SC4: 0.118945 s, REAL_BD 3.940897 GB/s, SIZE 0.125000 GB, comm_vol 0.468750 GB
SC4: 0.231998 s, REAL_BD 4.040983 GB/s, SIZE 0.250000 GB, comm_vol 0.937500 GB
SC4: 0.458259 s, REAL_BD 4.091573 GB/s, SIZE 0.500000 GB, comm_vol 1.875000 GB
SC4: 0.911703 s, REAL_BD 4.113182 GB/s, SIZE 1.000000 GB, comm_vol 3.750000 GB
SC4: 1.816822 s, REAL_BD 4.128087 GB/s, SIZE 2.000000 GB, comm_vol 7.500000 GB
SC4: 3.639478 s, REAL_BD 4.121470 GB/s, SIZE 4.000000 GB, comm_vol 15.000000 GB
SC4: 7.261313 s, REAL_BD 4.131484 GB/s, SIZE 8.000000 GB, comm_vol 30.000000 GB
BRUCK: 0.002934 s, REAL_BD 0.001219 GB/s, SIZE 0.000001 GB, comm_vol 0.000004 GB
BRUCK: 0.003043 s, REAL_BD 0.002350 GB/s, SIZE 0.000002 GB, comm_vol 0.000007 GB
BRUCK: 0.002931 s, REAL_BD 0.004881 GB/s, SIZE 0.000004 GB, comm_vol 0.000014 GB
BRUCK: 0.002908 s, REAL_BD 0.009838 GB/s, SIZE 0.000008 GB, comm_vol 0.000029 GB
BRUCK: 0.002935 s, REAL_BD 0.019496 GB/s, SIZE 0.000015 GB, comm_vol 0.000057 GB
BRUCK: 0.002915 s, REAL_BD 0.039259 GB/s, SIZE 0.000031 GB, comm_vol 0.000114 GB
BRUCK: 0.002910 s, REAL_BD 0.078654 GB/s, SIZE 0.000061 GB, comm_vol 0.000229 GB
BRUCK: 0.003034 s, REAL_BD 0.150878 GB/s, SIZE 0.000122 GB, comm_vol 0.000458 GB
BRUCK: 0.003570 s, REAL_BD 0.256450 GB/s, SIZE 0.000244 GB, comm_vol 0.000916 GB
BRUCK: 0.003854 s, REAL_BD 0.475105 GB/s, SIZE 0.000488 GB, comm_vol 0.001831 GB
BRUCK: 0.004719 s, REAL_BD 0.776035 GB/s, SIZE 0.000977 GB, comm_vol 0.003662 GB
BRUCK: 0.006400 s, REAL_BD 1.144409 GB/s, SIZE 0.001953 GB, comm_vol 0.007324 GB
BRUCK: 0.010040 s, REAL_BD 1.459008 GB/s, SIZE 0.003906 GB, comm_vol 0.014648 GB
BRUCK: 0.016367 s, REAL_BD 1.789997 GB/s, SIZE 0.007812 GB, comm_vol 0.029297 GB
BRUCK: 0.029308 s, REAL_BD 1.999241 GB/s, SIZE 0.015625 GB, comm_vol 0.058594 GB
BRUCK: 0.054835 s, REAL_BD 2.137093 GB/s, SIZE 0.031250 GB, comm_vol 0.117188 GB
BRUCK: 0.105190 s, REAL_BD 2.228111 GB/s, SIZE 0.062500 GB, comm_vol 0.234375 GB
BRUCK: 0.195806 s, REAL_BD 2.393951 GB/s, SIZE 0.125000 GB, comm_vol 0.468750 GB
BRUCK: 0.383623 s, REAL_BD 2.443806 GB/s, SIZE 0.250000 GB, comm_vol 0.937500 GB
BRUCK: 0.758787 s, REAL_BD 2.471049 GB/s, SIZE 0.500000 GB, comm_vol 1.875000 GB
BRUCK: 1.512150 s, REAL_BD 2.479913 GB/s, SIZE 1.000000 GB, comm_vol 3.750000 GB
BRUCK: 3.018902 s, REAL_BD 2.484347 GB/s, SIZE 2.000000 GB, comm_vol 7.500000 GB
BRUCK: 6.033143 s, REAL_BD 2.486266 GB/s, SIZE 4.000000 GB, comm_vol 15.000000 GB
BRUCK: 12.068393 s, REAL_BD 2.485832 GB/s, SIZE 8.000000 GB, comm_vol 30.000000 GB
RD: 0.003149 s, REAL_BD 0.001136 GB/s, SIZE 0.000001 GB, comm_vol 0.000004 GB
RD: 0.003127 s, REAL_BD 0.002287 GB/s, SIZE 0.000002 GB, comm_vol 0.000007 GB
RD: 0.003205 s, REAL_BD 0.004463 GB/s, SIZE 0.000004 GB, comm_vol 0.000014 GB
RD: 0.003109 s, REAL_BD 0.009202 GB/s, SIZE 0.000008 GB, comm_vol 0.000029 GB
RD: 0.003094 s, REAL_BD 0.018494 GB/s, SIZE 0.000015 GB, comm_vol 0.000057 GB
RD: 0.003115 s, REAL_BD 0.036739 GB/s, SIZE 0.000031 GB, comm_vol 0.000114 GB
RD: 0.003267 s, REAL_BD 0.070059 GB/s, SIZE 0.000061 GB, comm_vol 0.000229 GB
RD: 0.003174 s, REAL_BD 0.144223 GB/s, SIZE 0.000122 GB, comm_vol 0.000458 GB
RD: 0.003501 s, REAL_BD 0.261505 GB/s, SIZE 0.000244 GB, comm_vol 0.000916 GB
RD: 0.003882 s, REAL_BD 0.471678 GB/s, SIZE 0.000488 GB, comm_vol 0.001831 GB
RD: 0.004787 s, REAL_BD 0.765011 GB/s, SIZE 0.000977 GB, comm_vol 0.003662 GB
RD: 0.006517 s, REAL_BD 1.123864 GB/s, SIZE 0.001953 GB, comm_vol 0.007324 GB
RD: 0.008460 s, REAL_BD 1.731494 GB/s, SIZE 0.003906 GB, comm_vol 0.014648 GB
RD: 0.013998 s, REAL_BD 2.092933 GB/s, SIZE 0.007812 GB, comm_vol 0.029297 GB
RD: 0.024618 s, REAL_BD 2.380118 GB/s, SIZE 0.015625 GB, comm_vol 0.058594 GB
RD: 0.076063 s, REAL_BD 1.540664 GB/s, SIZE 0.031250 GB, comm_vol 0.117188 GB
RD: 0.111153 s, REAL_BD 2.108580 GB/s, SIZE 0.062500 GB, comm_vol 0.234375 GB
RD: 0.197288 s, REAL_BD 2.375968 GB/s, SIZE 0.125000 GB, comm_vol 0.468750 GB
RD: 0.335322 s, REAL_BD 2.795820 GB/s, SIZE 0.250000 GB, comm_vol 0.937500 GB
RD: 0.640355 s, REAL_BD 2.928063 GB/s, SIZE 0.500000 GB, comm_vol 1.875000 GB
RD: 1.244252 s, REAL_BD 3.013859 GB/s, SIZE 1.000000 GB, comm_vol 3.750000 GB
RD: 2.462416 s, REAL_BD 3.045789 GB/s, SIZE 2.000000 GB, comm_vol 7.500000 GB
RD: 4.892238 s, REAL_BD 3.066081 GB/s, SIZE 4.000000 GB, comm_vol 15.000000 GB
RD: 9.768955 s, REAL_BD 3.070953 GB/s, SIZE 8.000000 GB, comm_vol 30.000000 GB
2DMESH: 0.009584 s, REAL_BD 0.000373 GB/s, SIZE 0.000001 GB, comm_vol 0.000004 GB
2DMESH: 0.004219 s, REAL_BD 0.001695 GB/s, SIZE 0.000002 GB, comm_vol 0.000007 GB
2DMESH: 0.009116 s, REAL_BD 0.001569 GB/s, SIZE 0.000004 GB, comm_vol 0.000014 GB
2DMESH: 0.004472 s, REAL_BD 0.006398 GB/s, SIZE 0.000008 GB, comm_vol 0.000029 GB
2DMESH: 0.009027 s, REAL_BD 0.006339 GB/s, SIZE 0.000015 GB, comm_vol 0.000057 GB
2DMESH: 0.004696 s, REAL_BD 0.024370 GB/s, SIZE 0.000031 GB, comm_vol 0.000114 GB
2DMESH: 0.013384 s, REAL_BD 0.017101 GB/s, SIZE 0.000061 GB, comm_vol 0.000229 GB
2DMESH: 0.005395 s, REAL_BD 0.084850 GB/s, SIZE 0.000122 GB, comm_vol 0.000458 GB
2DMESH: 0.004986 s, REAL_BD 0.183620 GB/s, SIZE 0.000244 GB, comm_vol 0.000916 GB
2DMESH: 0.005258 s, REAL_BD 0.348242 GB/s, SIZE 0.000488 GB, comm_vol 0.001831 GB
2DMESH: 0.005992 s, REAL_BD 0.611166 GB/s, SIZE 0.000977 GB, comm_vol 0.003662 GB
2DMESH: 0.010903 s, REAL_BD 0.671762 GB/s, SIZE 0.001953 GB, comm_vol 0.007324 GB
2DMESH: 0.009670 s, REAL_BD 1.514833 GB/s, SIZE 0.003906 GB, comm_vol 0.014648 GB
2DMESH: 0.014775 s, REAL_BD 1.982868 GB/s, SIZE 0.007812 GB, comm_vol 0.029297 GB
2DMESH: 0.025462 s, REAL_BD 2.301223 GB/s, SIZE 0.015625 GB, comm_vol 0.058594 GB
2DMESH: 0.053507 s, REAL_BD 2.190134 GB/s, SIZE 0.031250 GB, comm_vol 0.117188 GB
2DMESH: 0.080534 s, REAL_BD 2.910262 GB/s, SIZE 0.062500 GB, comm_vol 0.234375 GB
2DMESH: 0.159658 s, REAL_BD 2.935963 GB/s, SIZE 0.125000 GB, comm_vol 0.468750 GB
2DMESH: 0.306854 s, REAL_BD 3.055199 GB/s, SIZE 0.250000 GB, comm_vol 0.937500 GB
2DMESH: 0.617558 s, REAL_BD 3.036152 GB/s, SIZE 0.500000 GB, comm_vol 1.875000 GB
2DMESH: 1.205542 s, REAL_BD 3.110634 GB/s, SIZE 1.000000 GB, comm_vol 3.750000 GB
2DMESH: 2.410250 s, REAL_BD 3.111710 GB/s, SIZE 2.000000 GB, comm_vol 7.500000 GB
2DMESH: 4.807865 s, REAL_BD 3.119888 GB/s, SIZE 4.000000 GB, comm_vol 15.000000 GB
2DMESH: 9.618007 s, REAL_BD 3.119149 GB/s, SIZE 8.000000 GB, comm_vol 30.000000 GB
3DMESH: 0.010317 s, REAL_BD 0.000347 GB/s, SIZE 0.000001 GB, comm_vol 0.000004 GB
3DMESH: 0.010427 s, REAL_BD 0.000686 GB/s, SIZE 0.000002 GB, comm_vol 0.000007 GB
3DMESH: 0.010343 s, REAL_BD 0.001383 GB/s, SIZE 0.000004 GB, comm_vol 0.000014 GB
3DMESH: 0.010362 s, REAL_BD 0.002761 GB/s, SIZE 0.000008 GB, comm_vol 0.000029 GB
3DMESH: 0.010368 s, REAL_BD 0.005519 GB/s, SIZE 0.000015 GB, comm_vol 0.000057 GB
3DMESH: 0.010416 s, REAL_BD 0.010987 GB/s, SIZE 0.000031 GB, comm_vol 0.000114 GB
3DMESH: 0.010397 s, REAL_BD 0.022014 GB/s, SIZE 0.000061 GB, comm_vol 0.000229 GB
3DMESH: 0.010448 s, REAL_BD 0.043814 GB/s, SIZE 0.000122 GB, comm_vol 0.000458 GB
3DMESH: 0.010348 s, REAL_BD 0.088474 GB/s, SIZE 0.000244 GB, comm_vol 0.000916 GB
3DMESH: 0.010415 s, REAL_BD 0.175809 GB/s, SIZE 0.000488 GB, comm_vol 0.001831 GB
3DMESH: 0.011143 s, REAL_BD 0.328647 GB/s, SIZE 0.000977 GB, comm_vol 0.003662 GB
3DMESH: 0.012875 s, REAL_BD 0.568871 GB/s, SIZE 0.001953 GB, comm_vol 0.007324 GB
3DMESH: 0.015221 s, REAL_BD 0.962383 GB/s, SIZE 0.003906 GB, comm_vol 0.014648 GB
3DMESH: 0.020125 s, REAL_BD 1.455745 GB/s, SIZE 0.007812 GB, comm_vol 0.029297 GB
3DMESH: 0.033250 s, REAL_BD 1.762218 GB/s, SIZE 0.015625 GB, comm_vol 0.058594 GB
3DMESH: 0.059809 s, REAL_BD 1.959362 GB/s, SIZE 0.031250 GB, comm_vol 0.117188 GB
3DMESH: 0.112946 s, REAL_BD 2.075107 GB/s, SIZE 0.062500 GB, comm_vol 0.234375 GB
3DMESH: 0.184272 s, REAL_BD 2.543794 GB/s, SIZE 0.125000 GB, comm_vol 0.468750 GB
3DMESH: 0.358797 s, REAL_BD 2.612898 GB/s, SIZE 0.250000 GB, comm_vol 0.937500 GB
3DMESH: 0.706504 s, REAL_BD 2.653913 GB/s, SIZE 0.500000 GB, comm_vol 1.875000 GB
3DMESH: 1.404331 s, REAL_BD 2.670311 GB/s, SIZE 1.000000 GB, comm_vol 3.750000 GB
3DMESH: 2.797037 s, REAL_BD 2.681409 GB/s, SIZE 2.000000 GB, comm_vol 7.500000 GB
3DMESH: 5.592013 s, REAL_BD 2.682397 GB/s, SIZE 4.000000 GB, comm_vol 15.000000 GB
3DMESH: 11.166376 s, REAL_BD 2.686637 GB/s, SIZE 8.000000 GB, comm_vol 30.000000 GB
GPU_NUM: 8
CUDA_VISIBLE_DEVICES: 
srun: error: Required nodelist includes more nodes than permitted by max-node count (2 > 1). Eliminating nodes from the nodelist.
SC0: 0.005844 s, REAL_BD 0.000357 GB/s, SIZE 0.000001 GB, comm_vol 0.000002 GB
SC0: 0.015578 s, REAL_BD 0.000268 GB/s, SIZE 0.000002 GB, comm_vol 0.000004 GB
SC0: 0.005537 s, REAL_BD 0.001507 GB/s, SIZE 0.000004 GB, comm_vol 0.000008 GB
SC0: 0.014944 s, REAL_BD 0.001117 GB/s, SIZE 0.000008 GB, comm_vol 0.000017 GB
SC0: 0.005021 s, REAL_BD 0.006648 GB/s, SIZE 0.000015 GB, comm_vol 0.000033 GB
SC0: 0.014363 s, REAL_BD 0.004648 GB/s, SIZE 0.000031 GB, comm_vol 0.000067 GB
SC0: 0.006367 s, REAL_BD 0.020970 GB/s, SIZE 0.000061 GB, comm_vol 0.000134 GB
SC0: 0.014738 s, REAL_BD 0.018118 GB/s, SIZE 0.000122 GB, comm_vol 0.000267 GB
SC0: 0.005121 s, REAL_BD 0.104288 GB/s, SIZE 0.000244 GB, comm_vol 0.000534 GB
SC0: 0.005525 s, REAL_BD 0.193324 GB/s, SIZE 0.000488 GB, comm_vol 0.001068 GB
SC0: 0.006590 s, REAL_BD 0.324162 GB/s, SIZE 0.000977 GB, comm_vol 0.002136 GB
SC0: 0.007215 s, REAL_BD 0.592164 GB/s, SIZE 0.001953 GB, comm_vol 0.004272 GB
SC0: 0.008873 s, REAL_BD 0.963025 GB/s, SIZE 0.003906 GB, comm_vol 0.008545 GB
SC0: 0.012152 s, REAL_BD 1.406340 GB/s, SIZE 0.007812 GB, comm_vol 0.017090 GB
SC0: 0.027912 s, REAL_BD 1.224552 GB/s, SIZE 0.015625 GB, comm_vol 0.034180 GB
SC0: 0.040698 s, REAL_BD 1.679674 GB/s, SIZE 0.031250 GB, comm_vol 0.068359 GB
SC0: 0.061151 s, REAL_BD 2.235757 GB/s, SIZE 0.062500 GB, comm_vol 0.136719 GB
SC0: 0.100050 s, REAL_BD 2.733008 GB/s, SIZE 0.125000 GB, comm_vol 0.273438 GB
SC0: 0.188352 s, REAL_BD 2.903473 GB/s, SIZE 0.250000 GB, comm_vol 0.546875 GB
SC0: 0.355180 s, REAL_BD 3.079425 GB/s, SIZE 0.500000 GB, comm_vol 1.093750 GB
SC0: 0.707909 s, REAL_BD 3.090086 GB/s, SIZE 1.000000 GB, comm_vol 2.187500 GB
SC0: 1.394393 s, REAL_BD 3.137566 GB/s, SIZE 2.000000 GB, comm_vol 4.375000 GB
SC0: 2.795030 s, REAL_BD 3.130557 GB/s, SIZE 4.000000 GB, comm_vol 8.750000 GB
SC0: 5.567331 s, REAL_BD 3.143337 GB/s, SIZE 8.000000 GB, comm_vol 17.500000 GB
SC1: 0.000502 s, REAL_BD 0.004156 GB/s, SIZE 0.000001 GB, comm_vol 0.000002 GB
SC1: 0.000522 s, REAL_BD 0.007993 GB/s, SIZE 0.000002 GB, comm_vol 0.000004 GB
SC1: 0.000500 s, REAL_BD 0.016689 GB/s, SIZE 0.000004 GB, comm_vol 0.000008 GB
SC1: 0.000510 s, REAL_BD 0.032724 GB/s, SIZE 0.000008 GB, comm_vol 0.000017 GB
SC1: 0.000514 s, REAL_BD 0.064939 GB/s, SIZE 0.000015 GB, comm_vol 0.000033 GB
SC1: 0.000540 s, REAL_BD 0.123624 GB/s, SIZE 0.000031 GB, comm_vol 0.000067 GB
SC1: 0.000585 s, REAL_BD 0.228230 GB/s, SIZE 0.000061 GB, comm_vol 0.000134 GB
SC1: 0.000662 s, REAL_BD 0.403367 GB/s, SIZE 0.000122 GB, comm_vol 0.000267 GB
SC1: 0.000861 s, REAL_BD 0.620276 GB/s, SIZE 0.000244 GB, comm_vol 0.000534 GB
SC1: 0.001223 s, REAL_BD 0.873357 GB/s, SIZE 0.000488 GB, comm_vol 0.001068 GB
SC1: 0.001884 s, REAL_BD 1.133880 GB/s, SIZE 0.000977 GB, comm_vol 0.002136 GB
SC1: 0.002512 s, REAL_BD 1.700820 GB/s, SIZE 0.001953 GB, comm_vol 0.004272 GB
SC1: 0.004313 s, REAL_BD 1.981201 GB/s, SIZE 0.003906 GB, comm_vol 0.008545 GB
SC1: 0.007841 s, REAL_BD 2.179549 GB/s, SIZE 0.007812 GB, comm_vol 0.017090 GB
SC1: 0.012113 s, REAL_BD 2.821736 GB/s, SIZE 0.015625 GB, comm_vol 0.034180 GB
SC1: 0.020539 s, REAL_BD 3.328272 GB/s, SIZE 0.031250 GB, comm_vol 0.068359 GB
SC1: 0.037061 s, REAL_BD 3.689019 GB/s, SIZE 0.062500 GB, comm_vol 0.136719 GB
SC1: 0.069591 s, REAL_BD 3.929208 GB/s, SIZE 0.125000 GB, comm_vol 0.273438 GB
SC1: 0.134638 s, REAL_BD 4.061818 GB/s, SIZE 0.250000 GB, comm_vol 0.546875 GB
SC1: 0.264676 s, REAL_BD 4.132411 GB/s, SIZE 0.500000 GB, comm_vol 1.093750 GB
SC1: 0.524620 s, REAL_BD 4.169685 GB/s, SIZE 1.000000 GB, comm_vol 2.187500 GB
SC1: 1.044787 s, REAL_BD 4.187456 GB/s, SIZE 2.000000 GB, comm_vol 4.375000 GB
SC1: 2.085540 s, REAL_BD 4.195556 GB/s, SIZE 4.000000 GB, comm_vol 8.750000 GB
SC1: 4.167954 s, REAL_BD 4.198703 GB/s, SIZE 8.000000 GB, comm_vol 17.500000 GB
SC4: 0.003991 s, REAL_BD 0.000523 GB/s, SIZE 0.000001 GB, comm_vol 0.000002 GB
SC4: 0.005430 s, REAL_BD 0.000768 GB/s, SIZE 0.000002 GB, comm_vol 0.000004 GB
SC4: 0.003995 s, REAL_BD 0.002089 GB/s, SIZE 0.000004 GB, comm_vol 0.000008 GB
SC4: 0.004017 s, REAL_BD 0.004155 GB/s, SIZE 0.000008 GB, comm_vol 0.000017 GB
SC4: 0.006361 s, REAL_BD 0.005247 GB/s, SIZE 0.000015 GB, comm_vol 0.000033 GB
SC4: 0.004009 s, REAL_BD 0.016652 GB/s, SIZE 0.000031 GB, comm_vol 0.000067 GB
SC4: 0.005111 s, REAL_BD 0.026123 GB/s, SIZE 0.000061 GB, comm_vol 0.000134 GB
SC4: 0.012326 s, REAL_BD 0.021664 GB/s, SIZE 0.000122 GB, comm_vol 0.000267 GB
SC4: 0.004471 s, REAL_BD 0.119449 GB/s, SIZE 0.000244 GB, comm_vol 0.000534 GB
SC4: 0.012190 s, REAL_BD 0.087622 GB/s, SIZE 0.000488 GB, comm_vol 0.001068 GB
SC4: 0.006064 s, REAL_BD 0.352281 GB/s, SIZE 0.000977 GB, comm_vol 0.002136 GB
SC4: 0.013960 s, REAL_BD 0.306050 GB/s, SIZE 0.001953 GB, comm_vol 0.004272 GB
SC4: 0.008740 s, REAL_BD 0.977680 GB/s, SIZE 0.003906 GB, comm_vol 0.008545 GB
SC4: 0.019631 s, REAL_BD 0.870554 GB/s, SIZE 0.007812 GB, comm_vol 0.017090 GB
SC4: 0.018453 s, REAL_BD 1.852256 GB/s, SIZE 0.015625 GB, comm_vol 0.034180 GB
SC4: 0.035464 s, REAL_BD 1.927571 GB/s, SIZE 0.031250 GB, comm_vol 0.068359 GB
SC4: 0.047631 s, REAL_BD 2.870373 GB/s, SIZE 0.062500 GB, comm_vol 0.136719 GB
SC4: 0.087670 s, REAL_BD 3.118940 GB/s, SIZE 0.125000 GB, comm_vol 0.273438 GB
SC4: 0.167002 s, REAL_BD 3.274661 GB/s, SIZE 0.250000 GB, comm_vol 0.546875 GB
SC4: 0.324225 s, REAL_BD 3.373429 GB/s, SIZE 0.500000 GB, comm_vol 1.093750 GB
SC4: 0.640974 s, REAL_BD 3.412775 GB/s, SIZE 1.000000 GB, comm_vol 2.187500 GB
SC4: 1.276197 s, REAL_BD 3.428154 GB/s, SIZE 2.000000 GB, comm_vol 4.375000 GB
SC4: 2.553207 s, REAL_BD 3.427063 GB/s, SIZE 4.000000 GB, comm_vol 8.750000 GB
SC4: 5.085673 s, REAL_BD 3.441039 GB/s, SIZE 8.000000 GB, comm_vol 17.500000 GB
BRUCK: 0.007016 s, REAL_BD 0.000297 GB/s, SIZE 0.000001 GB, comm_vol 0.000002 GB
BRUCK: 0.007126 s, REAL_BD 0.000586 GB/s, SIZE 0.000002 GB, comm_vol 0.000004 GB
BRUCK: 0.007116 s, REAL_BD 0.001173 GB/s, SIZE 0.000004 GB, comm_vol 0.000008 GB
BRUCK: 0.007050 s, REAL_BD 0.002367 GB/s, SIZE 0.000008 GB, comm_vol 0.000017 GB
BRUCK: 0.007018 s, REAL_BD 0.004756 GB/s, SIZE 0.000015 GB, comm_vol 0.000033 GB
BRUCK: 0.007050 s, REAL_BD 0.009469 GB/s, SIZE 0.000031 GB, comm_vol 0.000067 GB
BRUCK: 0.007167 s, REAL_BD 0.018629 GB/s, SIZE 0.000061 GB, comm_vol 0.000134 GB
BRUCK: 0.007049 s, REAL_BD 0.037882 GB/s, SIZE 0.000122 GB, comm_vol 0.000267 GB
BRUCK: 0.007171 s, REAL_BD 0.074475 GB/s, SIZE 0.000244 GB, comm_vol 0.000534 GB
BRUCK: 0.007500 s, REAL_BD 0.142415 GB/s, SIZE 0.000488 GB, comm_vol 0.001068 GB
BRUCK: 0.009282 s, REAL_BD 0.230148 GB/s, SIZE 0.000977 GB, comm_vol 0.002136 GB
BRUCK: 0.010117 s, REAL_BD 0.422305 GB/s, SIZE 0.001953 GB, comm_vol 0.004272 GB
BRUCK: 0.013141 s, REAL_BD 0.650249 GB/s, SIZE 0.003906 GB, comm_vol 0.008545 GB
BRUCK: 0.019680 s, REAL_BD 0.868386 GB/s, SIZE 0.007812 GB, comm_vol 0.017090 GB
BRUCK: 0.028266 s, REAL_BD 1.209216 GB/s, SIZE 0.015625 GB, comm_vol 0.034180 GB
BRUCK: 0.047710 s, REAL_BD 1.432810 GB/s, SIZE 0.031250 GB, comm_vol 0.068359 GB
BRUCK: 0.086062 s, REAL_BD 1.588608 GB/s, SIZE 0.062500 GB, comm_vol 0.136719 GB
BRUCK: 0.160740 s, REAL_BD 1.701117 GB/s, SIZE 0.125000 GB, comm_vol 0.273438 GB
BRUCK: 0.310719 s, REAL_BD 1.760031 GB/s, SIZE 0.250000 GB, comm_vol 0.546875 GB
BRUCK: 0.609901 s, REAL_BD 1.793324 GB/s, SIZE 0.500000 GB, comm_vol 1.093750 GB
BRUCK: 1.210191 s, REAL_BD 1.807566 GB/s, SIZE 1.000000 GB, comm_vol 2.187500 GB
BRUCK: 2.417009 s, REAL_BD 1.810088 GB/s, SIZE 2.000000 GB, comm_vol 4.375000 GB
BRUCK: 4.831453 s, REAL_BD 1.811049 GB/s, SIZE 4.000000 GB, comm_vol 8.750000 GB
BRUCK: 9.665641 s, REAL_BD 1.810537 GB/s, SIZE 8.000000 GB, comm_vol 17.500000 GB
RD: 0.007311 s, REAL_BD 0.000285 GB/s, SIZE 0.000001 GB, comm_vol 0.000002 GB
RD: 0.007288 s, REAL_BD 0.000572 GB/s, SIZE 0.000002 GB, comm_vol 0.000004 GB
RD: 0.007250 s, REAL_BD 0.001151 GB/s, SIZE 0.000004 GB, comm_vol 0.000008 GB
RD: 0.007231 s, REAL_BD 0.002308 GB/s, SIZE 0.000008 GB, comm_vol 0.000017 GB
RD: 0.007275 s, REAL_BD 0.004588 GB/s, SIZE 0.000015 GB, comm_vol 0.000033 GB
RD: 0.007247 s, REAL_BD 0.009212 GB/s, SIZE 0.000031 GB, comm_vol 0.000067 GB
RD: 0.007251 s, REAL_BD 0.018413 GB/s, SIZE 0.000061 GB, comm_vol 0.000134 GB
RD: 0.007267 s, REAL_BD 0.036745 GB/s, SIZE 0.000122 GB, comm_vol 0.000267 GB
RD: 0.007315 s, REAL_BD 0.073009 GB/s, SIZE 0.000244 GB, comm_vol 0.000534 GB
RD: 0.007589 s, REAL_BD 0.140745 GB/s, SIZE 0.000488 GB, comm_vol 0.001068 GB
RD: 0.008764 s, REAL_BD 0.243751 GB/s, SIZE 0.000977 GB, comm_vol 0.002136 GB
RD: 0.009945 s, REAL_BD 0.429609 GB/s, SIZE 0.001953 GB, comm_vol 0.004272 GB
RD: 0.012937 s, REAL_BD 0.660503 GB/s, SIZE 0.003906 GB, comm_vol 0.008545 GB
RD: 0.018999 s, REAL_BD 0.899513 GB/s, SIZE 0.007812 GB, comm_vol 0.017090 GB
RD: 0.026478 s, REAL_BD 1.290871 GB/s, SIZE 0.015625 GB, comm_vol 0.034180 GB
RD: 0.042761 s, REAL_BD 1.598638 GB/s, SIZE 0.031250 GB, comm_vol 0.068359 GB
RD: 0.075750 s, REAL_BD 1.804868 GB/s, SIZE 0.062500 GB, comm_vol 0.136719 GB
RD: 0.194058 s, REAL_BD 1.409050 GB/s, SIZE 0.125000 GB, comm_vol 0.273438 GB
RD: 0.323669 s, REAL_BD 1.689612 GB/s, SIZE 0.250000 GB, comm_vol 0.546875 GB
RD: 0.583016 s, REAL_BD 1.876021 GB/s, SIZE 0.500000 GB, comm_vol 1.093750 GB
RD: 1.103613 s, REAL_BD 1.982126 GB/s, SIZE 1.000000 GB, comm_vol 2.187500 GB
RD: 2.150883 s, REAL_BD 2.034048 GB/s, SIZE 2.000000 GB, comm_vol 4.375000 GB
RD: 4.259504 s, REAL_BD 2.054230 GB/s, SIZE 4.000000 GB, comm_vol 8.750000 GB
RD: 8.477673 s, REAL_BD 2.064246 GB/s, SIZE 8.000000 GB, comm_vol 17.500000 GB
2DMESH: 0.014778 s, REAL_BD 0.000141 GB/s, SIZE 0.000001 GB, comm_vol 0.000002 GB
2DMESH: 0.009877 s, REAL_BD 0.000422 GB/s, SIZE 0.000002 GB, comm_vol 0.000004 GB
2DMESH: 0.014601 s, REAL_BD 0.000572 GB/s, SIZE 0.000004 GB, comm_vol 0.000008 GB
2DMESH: 0.007317 s, REAL_BD 0.002281 GB/s, SIZE 0.000008 GB, comm_vol 0.000017 GB
2DMESH: 0.014339 s, REAL_BD 0.002328 GB/s, SIZE 0.000015 GB, comm_vol 0.000033 GB
2DMESH: 0.007563 s, REAL_BD 0.008827 GB/s, SIZE 0.000031 GB, comm_vol 0.000067 GB
2DMESH: 0.015618 s, REAL_BD 0.008549 GB/s, SIZE 0.000061 GB, comm_vol 0.000134 GB
2DMESH: 0.008781 s, REAL_BD 0.030410 GB/s, SIZE 0.000122 GB, comm_vol 0.000267 GB
2DMESH: 0.007936 s, REAL_BD 0.067296 GB/s, SIZE 0.000244 GB, comm_vol 0.000534 GB
2DMESH: 0.008070 s, REAL_BD 0.132356 GB/s, SIZE 0.000488 GB, comm_vol 0.001068 GB
2DMESH: 0.008883 s, REAL_BD 0.240485 GB/s, SIZE 0.000977 GB, comm_vol 0.002136 GB
2DMESH: 0.009854 s, REAL_BD 0.433576 GB/s, SIZE 0.001953 GB, comm_vol 0.004272 GB
2DMESH: 0.011935 s, REAL_BD 0.715955 GB/s, SIZE 0.003906 GB, comm_vol 0.008545 GB
2DMESH: 0.015945 s, REAL_BD 1.071800 GB/s, SIZE 0.007812 GB, comm_vol 0.017090 GB
2DMESH: 0.025007 s, REAL_BD 1.366805 GB/s, SIZE 0.015625 GB, comm_vol 0.034180 GB
2DMESH: 0.048280 s, REAL_BD 1.415894 GB/s, SIZE 0.031250 GB, comm_vol 0.068359 GB
2DMESH: 0.071915 s, REAL_BD 1.901116 GB/s, SIZE 0.062500 GB, comm_vol 0.136719 GB
2DMESH: 0.141442 s, REAL_BD 1.933213 GB/s, SIZE 0.125000 GB, comm_vol 0.273438 GB
2DMESH: 0.259902 s, REAL_BD 2.104158 GB/s, SIZE 0.250000 GB, comm_vol 0.546875 GB
2DMESH: 0.536504 s, REAL_BD 2.038661 GB/s, SIZE 0.500000 GB, comm_vol 1.093750 GB
2DMESH: 1.022795 s, REAL_BD 2.138747 GB/s, SIZE 1.000000 GB, comm_vol 2.187500 GB
2DMESH: 2.052795 s, REAL_BD 2.131241 GB/s, SIZE 2.000000 GB, comm_vol 4.375000 GB
2DMESH: 4.093816 s, REAL_BD 2.137370 GB/s, SIZE 4.000000 GB, comm_vol 8.750000 GB
2DMESH: 8.201734 s, REAL_BD 2.133695 GB/s, SIZE 8.000000 GB, comm_vol 17.500000 GB
3DMESH: 0.019223 s, REAL_BD 0.000109 GB/s, SIZE 0.000001 GB, comm_vol 0.000002 GB
3DMESH: 0.019333 s, REAL_BD 0.000216 GB/s, SIZE 0.000002 GB, comm_vol 0.000004 GB
3DMESH: 0.021005 s, REAL_BD 0.000397 GB/s, SIZE 0.000004 GB, comm_vol 0.000008 GB
3DMESH: 0.019230 s, REAL_BD 0.000868 GB/s, SIZE 0.000008 GB, comm_vol 0.000017 GB
3DMESH: 0.019274 s, REAL_BD 0.001732 GB/s, SIZE 0.000015 GB, comm_vol 0.000033 GB
3DMESH: 0.019210 s, REAL_BD 0.003475 GB/s, SIZE 0.000031 GB, comm_vol 0.000067 GB
3DMESH: 0.019218 s, REAL_BD 0.006947 GB/s, SIZE 0.000061 GB, comm_vol 0.000134 GB
3DMESH: 0.019259 s, REAL_BD 0.013865 GB/s, SIZE 0.000122 GB, comm_vol 0.000267 GB
3DMESH: 0.019219 s, REAL_BD 0.027788 GB/s, SIZE 0.000244 GB, comm_vol 0.000534 GB
3DMESH: 0.019362 s, REAL_BD 0.055166 GB/s, SIZE 0.000488 GB, comm_vol 0.001068 GB
3DMESH: 0.019370 s, REAL_BD 0.110286 GB/s, SIZE 0.000977 GB, comm_vol 0.002136 GB
3DMESH: 0.019642 s, REAL_BD 0.217517 GB/s, SIZE 0.001953 GB, comm_vol 0.004272 GB
3DMESH: 0.021967 s, REAL_BD 0.388989 GB/s, SIZE 0.003906 GB, comm_vol 0.008545 GB
3DMESH: 0.027939 s, REAL_BD 0.611684 GB/s, SIZE 0.007812 GB, comm_vol 0.017090 GB
3DMESH: 0.035024 s, REAL_BD 0.975893 GB/s, SIZE 0.015625 GB, comm_vol 0.034180 GB
3DMESH: 0.051557 s, REAL_BD 1.325899 GB/s, SIZE 0.031250 GB, comm_vol 0.068359 GB
3DMESH: 0.088345 s, REAL_BD 1.547555 GB/s, SIZE 0.062500 GB, comm_vol 0.136719 GB
3DMESH: 0.162984 s, REAL_BD 1.677695 GB/s, SIZE 0.125000 GB, comm_vol 0.273438 GB
3DMESH: 0.311546 s, REAL_BD 1.755359 GB/s, SIZE 0.250000 GB, comm_vol 0.546875 GB
3DMESH: 0.609203 s, REAL_BD 1.795379 GB/s, SIZE 0.500000 GB, comm_vol 1.093750 GB
3DMESH: 1.204997 s, REAL_BD 1.815357 GB/s, SIZE 1.000000 GB, comm_vol 2.187500 GB
3DMESH: 2.399958 s, REAL_BD 1.822949 GB/s, SIZE 2.000000 GB, comm_vol 4.375000 GB
3DMESH: 4.788022 s, REAL_BD 1.827477 GB/s, SIZE 4.000000 GB, comm_vol 8.750000 GB
3DMESH: 9.569786 s, REAL_BD 1.828672 GB/s, SIZE 8.000000 GB, comm_vol 17.500000 GB
GPU_NUM: 16
CUDA_VISIBLE_DEVICES: 
SC0: 0.021466 s, REAL_BD 0.000052 GB/s, SIZE 0.000001 GB, comm_vol 0.000001 GB
SC0: 0.021600 s, REAL_BD 0.000103 GB/s, SIZE 0.000002 GB, comm_vol 0.000002 GB
SC0: 0.011051 s, REAL_BD 0.000405 GB/s, SIZE 0.000004 GB, comm_vol 0.000004 GB
SC0: 0.019339 s, REAL_BD 0.000462 GB/s, SIZE 0.000008 GB, comm_vol 0.000009 GB
SC0: 0.012357 s, REAL_BD 0.001447 GB/s, SIZE 0.000015 GB, comm_vol 0.000018 GB
SC0: 0.019172 s, REAL_BD 0.001865 GB/s, SIZE 0.000031 GB, comm_vol 0.000036 GB
SC0: 0.029608 s, REAL_BD 0.002416 GB/s, SIZE 0.000061 GB, comm_vol 0.000072 GB
SC0: 0.019939 s, REAL_BD 0.007174 GB/s, SIZE 0.000122 GB, comm_vol 0.000143 GB
SC0: 0.010905 s, REAL_BD 0.026236 GB/s, SIZE 0.000244 GB, comm_vol 0.000286 GB
SC0: 0.011024 s, REAL_BD 0.051905 GB/s, SIZE 0.000488 GB, comm_vol 0.000572 GB
SC0: 0.011491 s, REAL_BD 0.099592 GB/s, SIZE 0.000977 GB, comm_vol 0.001144 GB
SC0: 0.012222 s, REAL_BD 0.187270 GB/s, SIZE 0.001953 GB, comm_vol 0.002289 GB
SC0: 0.014448 s, REAL_BD 0.316835 GB/s, SIZE 0.003906 GB, comm_vol 0.004578 GB
SC0: 0.017960 s, REAL_BD 0.509759 GB/s, SIZE 0.007812 GB, comm_vol 0.009155 GB
SC0: 0.038281 s, REAL_BD 0.478319 GB/s, SIZE 0.015625 GB, comm_vol 0.018311 GB
SC0: 0.043423 s, REAL_BD 0.843357 GB/s, SIZE 0.031250 GB, comm_vol 0.036621 GB
SC0: 0.083650 s, REAL_BD 0.875579 GB/s, SIZE 0.062500 GB, comm_vol 0.073242 GB
SC0: 0.145371 s, REAL_BD 1.007659 GB/s, SIZE 0.125000 GB, comm_vol 0.146484 GB
SC0: 0.289158 s, REAL_BD 1.013179 GB/s, SIZE 0.250000 GB, comm_vol 0.292969 GB
SC0: 0.559177 s, REAL_BD 1.047857 GB/s, SIZE 0.500000 GB, comm_vol 0.585938 GB
SC0: 1.121850 s, REAL_BD 1.044592 GB/s, SIZE 1.000000 GB, comm_vol 1.171875 GB
SC0: 2.229723 s, REAL_BD 1.051140 GB/s, SIZE 2.000000 GB, comm_vol 2.343750 GB
SC0: 4.468349 s, REAL_BD 1.049045 GB/s, SIZE 4.000000 GB, comm_vol 4.687500 GB
SC0: 8.921358 s, REAL_BD 1.050849 GB/s, SIZE 8.000000 GB, comm_vol 9.375000 GB
SC1: 0.001160 s, REAL_BD 0.000963 GB/s, SIZE 0.000001 GB, comm_vol 0.000001 GB
SC1: 0.001186 s, REAL_BD 0.001885 GB/s, SIZE 0.000002 GB, comm_vol 0.000002 GB
SC1: 0.001163 s, REAL_BD 0.003844 GB/s, SIZE 0.000004 GB, comm_vol 0.000004 GB
SC1: 0.001186 s, REAL_BD 0.007539 GB/s, SIZE 0.000008 GB, comm_vol 0.000009 GB
SC1: 0.001160 s, REAL_BD 0.015415 GB/s, SIZE 0.000015 GB, comm_vol 0.000018 GB
SC1: 0.001198 s, REAL_BD 0.029852 GB/s, SIZE 0.000031 GB, comm_vol 0.000036 GB
SC1: 0.001183 s, REAL_BD 0.060461 GB/s, SIZE 0.000061 GB, comm_vol 0.000072 GB
SC1: 0.001191 s, REAL_BD 0.120110 GB/s, SIZE 0.000122 GB, comm_vol 0.000143 GB
SC1: 0.001699 s, REAL_BD 0.168395 GB/s, SIZE 0.000244 GB, comm_vol 0.000286 GB
SC1: 0.001552 s, REAL_BD 0.368689 GB/s, SIZE 0.000488 GB, comm_vol 0.000572 GB
SC1: 0.002157 s, REAL_BD 0.530556 GB/s, SIZE 0.000977 GB, comm_vol 0.001144 GB
SC1: 0.003202 s, REAL_BD 0.714809 GB/s, SIZE 0.001953 GB, comm_vol 0.002289 GB
SC1: 0.005643 s, REAL_BD 0.811206 GB/s, SIZE 0.003906 GB, comm_vol 0.004578 GB
SC1: 0.011063 s, REAL_BD 0.827558 GB/s, SIZE 0.007812 GB, comm_vol 0.009155 GB
SC1: 0.018826 s, REAL_BD 0.972620 GB/s, SIZE 0.015625 GB, comm_vol 0.018311 GB
SC1: 0.037433 s, REAL_BD 0.978310 GB/s, SIZE 0.031250 GB, comm_vol 0.036621 GB
SC1: 0.071872 s, REAL_BD 1.019064 GB/s, SIZE 0.062500 GB, comm_vol 0.073242 GB
SC1: 0.139837 s, REAL_BD 1.047537 GB/s, SIZE 0.125000 GB, comm_vol 0.146484 GB
SC1: 0.277207 s, REAL_BD 1.056859 GB/s, SIZE 0.250000 GB, comm_vol 0.292969 GB
SC1: 0.549026 s, REAL_BD 1.067231 GB/s, SIZE 0.500000 GB, comm_vol 0.585938 GB
SC1: 1.093036 s, REAL_BD 1.072128 GB/s, SIZE 1.000000 GB, comm_vol 1.171875 GB
SC1: 2.183710 s, REAL_BD 1.073288 GB/s, SIZE 2.000000 GB, comm_vol 2.343750 GB
SC1: 4.361999 s, REAL_BD 1.074622 GB/s, SIZE 4.000000 GB, comm_vol 4.687500 GB
SC1: 8.727172 s, REAL_BD 1.074231 GB/s, SIZE 8.000000 GB, comm_vol 9.375000 GB
SC4: 0.009161 s, REAL_BD 0.000122 GB/s, SIZE 0.000001 GB, comm_vol 0.000001 GB
SC4: 0.011298 s, REAL_BD 0.000198 GB/s, SIZE 0.000002 GB, comm_vol 0.000002 GB
SC4: 0.009129 s, REAL_BD 0.000490 GB/s, SIZE 0.000004 GB, comm_vol 0.000004 GB
SC4: 0.015115 s, REAL_BD 0.000592 GB/s, SIZE 0.000008 GB, comm_vol 0.000009 GB
SC4: 0.009997 s, REAL_BD 0.001789 GB/s, SIZE 0.000015 GB, comm_vol 0.000018 GB
SC4: 0.009396 s, REAL_BD 0.003806 GB/s, SIZE 0.000031 GB, comm_vol 0.000036 GB
SC4: 0.010386 s, REAL_BD 0.006887 GB/s, SIZE 0.000061 GB, comm_vol 0.000072 GB
SC4: 0.017833 s, REAL_BD 0.008022 GB/s, SIZE 0.000122 GB, comm_vol 0.000143 GB
SC4: 0.009654 s, REAL_BD 0.029636 GB/s, SIZE 0.000244 GB, comm_vol 0.000286 GB
SC4: 0.017247 s, REAL_BD 0.033177 GB/s, SIZE 0.000488 GB, comm_vol 0.000572 GB
SC4: 0.010667 s, REAL_BD 0.107285 GB/s, SIZE 0.000977 GB, comm_vol 0.001144 GB
SC4: 0.019370 s, REAL_BD 0.118163 GB/s, SIZE 0.001953 GB, comm_vol 0.002289 GB
SC4: 0.015124 s, REAL_BD 0.302674 GB/s, SIZE 0.003906 GB, comm_vol 0.004578 GB
SC4: 0.027015 s, REAL_BD 0.338896 GB/s, SIZE 0.007812 GB, comm_vol 0.009155 GB
SC4: 0.029627 s, REAL_BD 0.618036 GB/s, SIZE 0.015625 GB, comm_vol 0.018311 GB
SC4: 0.056947 s, REAL_BD 0.643073 GB/s, SIZE 0.031250 GB, comm_vol 0.036621 GB
SC4: 0.087831 s, REAL_BD 0.833899 GB/s, SIZE 0.062500 GB, comm_vol 0.073242 GB
SC4: 0.167341 s, REAL_BD 0.875365 GB/s, SIZE 0.125000 GB, comm_vol 0.146484 GB
SC4: 0.326035 s, REAL_BD 0.898581 GB/s, SIZE 0.250000 GB, comm_vol 0.292969 GB
SC4: 0.639621 s, REAL_BD 0.916070 GB/s, SIZE 0.500000 GB, comm_vol 0.585938 GB
SC4: 1.268526 s, REAL_BD 0.923808 GB/s, SIZE 1.000000 GB, comm_vol 1.171875 GB
SC4: 2.517702 s, REAL_BD 0.930908 GB/s, SIZE 2.000000 GB, comm_vol 2.343750 GB
SC4: 5.037916 s, REAL_BD 0.930444 GB/s, SIZE 4.000000 GB, comm_vol 4.687500 GB
SC4: 10.040391 s, REAL_BD 0.933729 GB/s, SIZE 8.000000 GB, comm_vol 9.375000 GB
BRUCK: 0.020966 s, REAL_BD 0.000053 GB/s, SIZE 0.000001 GB, comm_vol 0.000001 GB
BRUCK: 0.020911 s, REAL_BD 0.000107 GB/s, SIZE 0.000002 GB, comm_vol 0.000002 GB
BRUCK: 0.021446 s, REAL_BD 0.000208 GB/s, SIZE 0.000004 GB, comm_vol 0.000004 GB
BRUCK: 0.020914 s, REAL_BD 0.000427 GB/s, SIZE 0.000008 GB, comm_vol 0.000009 GB
BRUCK: 0.020862 s, REAL_BD 0.000857 GB/s, SIZE 0.000015 GB, comm_vol 0.000018 GB
BRUCK: 0.021259 s, REAL_BD 0.001682 GB/s, SIZE 0.000031 GB, comm_vol 0.000036 GB
BRUCK: 0.021132 s, REAL_BD 0.003385 GB/s, SIZE 0.000061 GB, comm_vol 0.000072 GB
BRUCK: 0.021277 s, REAL_BD 0.006723 GB/s, SIZE 0.000122 GB, comm_vol 0.000143 GB
BRUCK: 0.021684 s, REAL_BD 0.013194 GB/s, SIZE 0.000244 GB, comm_vol 0.000286 GB
BRUCK: 0.021770 s, REAL_BD 0.026284 GB/s, SIZE 0.000488 GB, comm_vol 0.000572 GB
BRUCK: 0.022363 s, REAL_BD 0.051174 GB/s, SIZE 0.000977 GB, comm_vol 0.001144 GB
BRUCK: 0.023681 s, REAL_BD 0.096652 GB/s, SIZE 0.001953 GB, comm_vol 0.002289 GB
BRUCK: 0.027639 s, REAL_BD 0.165622 GB/s, SIZE 0.003906 GB, comm_vol 0.004578 GB
BRUCK: 0.032794 s, REAL_BD 0.279175 GB/s, SIZE 0.007812 GB, comm_vol 0.009155 GB
BRUCK: 0.050420 s, REAL_BD 0.363160 GB/s, SIZE 0.015625 GB, comm_vol 0.018311 GB
BRUCK: 0.082788 s, REAL_BD 0.442348 GB/s, SIZE 0.031250 GB, comm_vol 0.036621 GB
BRUCK: 0.150670 s, REAL_BD 0.486110 GB/s, SIZE 0.062500 GB, comm_vol 0.073242 GB
BRUCK: 0.283058 s, REAL_BD 0.517507 GB/s, SIZE 0.125000 GB, comm_vol 0.146484 GB
BRUCK: 0.551256 s, REAL_BD 0.531457 GB/s, SIZE 0.250000 GB, comm_vol 0.292969 GB
BRUCK: 1.096967 s, REAL_BD 0.534143 GB/s, SIZE 0.500000 GB, comm_vol 0.585938 GB
BRUCK: 2.199983 s, REAL_BD 0.532675 GB/s, SIZE 1.000000 GB, comm_vol 1.171875 GB
BRUCK: 4.406426 s, REAL_BD 0.531894 GB/s, SIZE 2.000000 GB, comm_vol 2.343750 GB
BRUCK: 8.828049 s, REAL_BD 0.530978 GB/s, SIZE 4.000000 GB, comm_vol 4.687500 GB
BRUCK: 17.659595 s, REAL_BD 0.530873 GB/s, SIZE 8.000000 GB, comm_vol 9.375000 GB
RD: 0.020469 s, REAL_BD 0.000055 GB/s, SIZE 0.000001 GB, comm_vol 0.000001 GB
RD: 0.020626 s, REAL_BD 0.000108 GB/s, SIZE 0.000002 GB, comm_vol 0.000002 GB
RD: 0.020618 s, REAL_BD 0.000217 GB/s, SIZE 0.000004 GB, comm_vol 0.000004 GB
RD: 0.020816 s, REAL_BD 0.000430 GB/s, SIZE 0.000008 GB, comm_vol 0.000009 GB
RD: 0.020520 s, REAL_BD 0.000871 GB/s, SIZE 0.000015 GB, comm_vol 0.000018 GB
RD: 0.020396 s, REAL_BD 0.001753 GB/s, SIZE 0.000031 GB, comm_vol 0.000036 GB
RD: 0.020408 s, REAL_BD 0.003505 GB/s, SIZE 0.000061 GB, comm_vol 0.000072 GB
RD: 0.020631 s, REAL_BD 0.006934 GB/s, SIZE 0.000122 GB, comm_vol 0.000143 GB
RD: 0.020550 s, REAL_BD 0.013922 GB/s, SIZE 0.000244 GB, comm_vol 0.000286 GB
RD: 0.020585 s, REAL_BD 0.027797 GB/s, SIZE 0.000488 GB, comm_vol 0.000572 GB
RD: 0.020973 s, REAL_BD 0.054566 GB/s, SIZE 0.000977 GB, comm_vol 0.001144 GB
RD: 0.021658 s, REAL_BD 0.105680 GB/s, SIZE 0.001953 GB, comm_vol 0.002289 GB
RD: 0.024976 s, REAL_BD 0.183281 GB/s, SIZE 0.003906 GB, comm_vol 0.004578 GB
RD: 0.028957 s, REAL_BD 0.316168 GB/s, SIZE 0.007812 GB, comm_vol 0.009155 GB
RD: 0.043356 s, REAL_BD 0.422330 GB/s, SIZE 0.015625 GB, comm_vol 0.018311 GB
RD: 0.072072 s, REAL_BD 0.508118 GB/s, SIZE 0.031250 GB, comm_vol 0.036621 GB
RD: 0.120754 s, REAL_BD 0.606540 GB/s, SIZE 0.062500 GB, comm_vol 0.073242 GB
RD: 0.223005 s, REAL_BD 0.656866 GB/s, SIZE 0.125000 GB, comm_vol 0.146484 GB
RD: 0.424816 s, REAL_BD 0.689637 GB/s, SIZE 0.250000 GB, comm_vol 0.292969 GB
RD: 0.881077 s, REAL_BD 0.665024 GB/s, SIZE 0.500000 GB, comm_vol 0.585938 GB
RD: 1.682881 s, REAL_BD 0.696350 GB/s, SIZE 1.000000 GB, comm_vol 1.171875 GB
RD: 3.286474 s, REAL_BD 0.713150 GB/s, SIZE 2.000000 GB, comm_vol 2.343750 GB
RD: 6.518302 s, REAL_BD 0.719129 GB/s, SIZE 4.000000 GB, comm_vol 4.687500 GB
RD: 12.974321 s, REAL_BD 0.722581 GB/s, SIZE 8.000000 GB, comm_vol 9.375000 GB
2DMESH: 0.024392 s, REAL_BD 0.000046 GB/s, SIZE 0.000001 GB, comm_vol 0.000001 GB
2DMESH: 0.013846 s, REAL_BD 0.000161 GB/s, SIZE 0.000002 GB, comm_vol 0.000002 GB
2DMESH: 0.021499 s, REAL_BD 0.000208 GB/s, SIZE 0.000004 GB, comm_vol 0.000004 GB
2DMESH: 0.014488 s, REAL_BD 0.000617 GB/s, SIZE 0.000008 GB, comm_vol 0.000009 GB
2DMESH: 0.021768 s, REAL_BD 0.000821 GB/s, SIZE 0.000015 GB, comm_vol 0.000018 GB
2DMESH: 0.015009 s, REAL_BD 0.002383 GB/s, SIZE 0.000031 GB, comm_vol 0.000036 GB
2DMESH: 0.023355 s, REAL_BD 0.003063 GB/s, SIZE 0.000061 GB, comm_vol 0.000072 GB
2DMESH: 0.016386 s, REAL_BD 0.008730 GB/s, SIZE 0.000122 GB, comm_vol 0.000143 GB
2DMESH: 0.015528 s, REAL_BD 0.018425 GB/s, SIZE 0.000244 GB, comm_vol 0.000286 GB
2DMESH: 0.016029 s, REAL_BD 0.035698 GB/s, SIZE 0.000488 GB, comm_vol 0.000572 GB
2DMESH: 0.016526 s, REAL_BD 0.069249 GB/s, SIZE 0.000977 GB, comm_vol 0.001144 GB
2DMESH: 0.017612 s, REAL_BD 0.129958 GB/s, SIZE 0.001953 GB, comm_vol 0.002289 GB
2DMESH: 0.019975 s, REAL_BD 0.229168 GB/s, SIZE 0.003906 GB, comm_vol 0.004578 GB
2DMESH: 0.024882 s, REAL_BD 0.367948 GB/s, SIZE 0.007812 GB, comm_vol 0.009155 GB
2DMESH: 0.036668 s, REAL_BD 0.499360 GB/s, SIZE 0.015625 GB, comm_vol 0.018311 GB
2DMESH: 0.065305 s, REAL_BD 0.560770 GB/s, SIZE 0.031250 GB, comm_vol 0.036621 GB
2DMESH: 0.099900 s, REAL_BD 0.733155 GB/s, SIZE 0.062500 GB, comm_vol 0.073242 GB
2DMESH: 0.191408 s, REAL_BD 0.765299 GB/s, SIZE 0.125000 GB, comm_vol 0.146484 GB
2DMESH: 0.355251 s, REAL_BD 0.824681 GB/s, SIZE 0.250000 GB, comm_vol 0.292969 GB
2DMESH: 0.717631 s, REAL_BD 0.816489 GB/s, SIZE 0.500000 GB, comm_vol 0.585938 GB
2DMESH: 1.383623 s, REAL_BD 0.846961 GB/s, SIZE 1.000000 GB, comm_vol 1.171875 GB
2DMESH: 2.758391 s, REAL_BD 0.849680 GB/s, SIZE 2.000000 GB, comm_vol 2.343750 GB
2DMESH: 5.495513 s, REAL_BD 0.852969 GB/s, SIZE 4.000000 GB, comm_vol 4.687500 GB
2DMESH: 10.988471 s, REAL_BD 0.853167 GB/s, SIZE 8.000000 GB, comm_vol 9.375000 GB
3DMESH: 0.040615 s, REAL_BD 0.000028 GB/s, SIZE 0.000001 GB, comm_vol 0.000001 GB
3DMESH: 0.040073 s, REAL_BD 0.000056 GB/s, SIZE 0.000002 GB, comm_vol 0.000002 GB
3DMESH: 0.040095 s, REAL_BD 0.000111 GB/s, SIZE 0.000004 GB, comm_vol 0.000004 GB
3DMESH: 0.040435 s, REAL_BD 0.000221 GB/s, SIZE 0.000008 GB, comm_vol 0.000009 GB
3DMESH: 0.040895 s, REAL_BD 0.000437 GB/s, SIZE 0.000015 GB, comm_vol 0.000018 GB
3DMESH: 0.040176 s, REAL_BD 0.000890 GB/s, SIZE 0.000031 GB, comm_vol 0.000036 GB
3DMESH: 0.040137 s, REAL_BD 0.001782 GB/s, SIZE 0.000061 GB, comm_vol 0.000072 GB
3DMESH: 0.040889 s, REAL_BD 0.003499 GB/s, SIZE 0.000122 GB, comm_vol 0.000143 GB
3DMESH: 0.039965 s, REAL_BD 0.007159 GB/s, SIZE 0.000244 GB, comm_vol 0.000286 GB
3DMESH: 0.040088 s, REAL_BD 0.014274 GB/s, SIZE 0.000488 GB, comm_vol 0.000572 GB
3DMESH: 0.040596 s, REAL_BD 0.028190 GB/s, SIZE 0.000977 GB, comm_vol 0.001144 GB
3DMESH: 0.040609 s, REAL_BD 0.056362 GB/s, SIZE 0.001953 GB, comm_vol 0.002289 GB
3DMESH: 0.041128 s, REAL_BD 0.111302 GB/s, SIZE 0.003906 GB, comm_vol 0.004578 GB
3DMESH: 0.044344 s, REAL_BD 0.206460 GB/s, SIZE 0.007812 GB, comm_vol 0.009155 GB
3DMESH: 0.055679 s, REAL_BD 0.328859 GB/s, SIZE 0.015625 GB, comm_vol 0.018311 GB
3DMESH: 0.080974 s, REAL_BD 0.452257 GB/s, SIZE 0.031250 GB, comm_vol 0.036621 GB
3DMESH: 0.130729 s, REAL_BD 0.560260 GB/s, SIZE 0.062500 GB, comm_vol 0.073242 GB
3DMESH: 0.231556 s, REAL_BD 0.632609 GB/s, SIZE 0.125000 GB, comm_vol 0.146484 GB
3DMESH: 0.438164 s, REAL_BD 0.668628 GB/s, SIZE 0.250000 GB, comm_vol 0.292969 GB
3DMESH: 0.851510 s, REAL_BD 0.688116 GB/s, SIZE 0.500000 GB, comm_vol 0.585938 GB
3DMESH: 1.678722 s, REAL_BD 0.698076 GB/s, SIZE 1.000000 GB, comm_vol 1.171875 GB
3DMESH: 3.335042 s, REAL_BD 0.702765 GB/s, SIZE 2.000000 GB, comm_vol 2.343750 GB
3DMESH: 6.650394 s, REAL_BD 0.704845 GB/s, SIZE 4.000000 GB, comm_vol 4.687500 GB
3DMESH: 13.290218 s, REAL_BD 0.705406 GB/s, SIZE 8.000000 GB, comm_vol 9.375000 GB
